<?xml version="1.0" encoding="UTF-8"?>
<testsuite xmlns:xsi="http://www.w3.org/2001/XMLSchema-instance" xsi:noNamespaceSchemaLocation="https://maven.apache.org/surefire/maven-failsafe-plugin/xsd/failsafe-test-report-3.0.xsd" version="3.0" name="starter.CucumberTestSuite" time="21.251" tests="3" errors="0" skipped="0" failures="0">
  <properties>
    <property name="java.specification.version" value="19"/>
    <property name="webdriver.chrome.driver" value="src/test/resources/webdriver/chromedriver.exe"/>
    <property name="sun.cpu.isalist" value="amd64"/>
    <property name="sun.jnu.encoding" value="Cp1252"/>
    <property name="java.class.path" value="C:\Users\WINDOWS 11\IdeaProjects\web-automation-using-serenity\target\test-classes;C:\Users\WINDOWS 11\.m2\repository\net\serenity-bdd\serenity-core\3.6.21\serenity-core-3.6.21.jar;C:\Users\WINDOWS 11\.m2\repository\net\serenity-bdd\serenity-model\3.6.21\serenity-model-3.6.21.jar;C:\Users\WINDOWS 11\.m2\repository\org\apache\commons\commons-text\1.10.0\commons-text-1.10.0.jar;C:\Users\WINDOWS 11\.m2\repository\commons-net\commons-net\3.9.0\commons-net-3.9.0.jar;C:\Users\WINDOWS 11\.m2\repository\com\google\guava\guava\31.1-jre\guava-31.1-jre.jar;C:\Users\WINDOWS 11\.m2\repository\com\google\guava\failureaccess\1.0.1\failureaccess-1.0.1.jar;C:\Users\WINDOWS 11\.m2\repository\com\google\guava\listenablefuture\9999.0-empty-to-avoid-conflict-with-guava\listenablefuture-9999.0-empty-to-avoid-conflict-with-guava.jar;C:\Users\WINDOWS 11\.m2\repository\com\google\code\findbugs\jsr305\3.0.2\jsr305-3.0.2.jar;C:\Users\WINDOWS 11\.m2\repository\org\checkerframework\checker-qual\3.12.0\checker-qual-3.12.0.jar;C:\Users\WINDOWS 11\.m2\repository\com\google\errorprone\error_prone_annotations\2.11.0\error_prone_annotations-2.11.0.jar;C:\Users\WINDOWS 11\.m2\repository\com\google\j2objc\j2objc-annotations\1.3\j2objc-annotations-1.3.jar;C:\Users\WINDOWS 11\.m2\repository\com\google\inject\guice\5.1.0\guice-5.1.0.jar;C:\Users\WINDOWS 11\.m2\repository\javax\inject\javax.inject\1\javax.inject-1.jar;C:\Users\WINDOWS 11\.m2\repository\aopalliance\aopalliance\1.0\aopalliance-1.0.jar;C:\Users\WINDOWS 11\.m2\repository\org\jsoup\jsoup\1.14.3\jsoup-1.14.3.jar;C:\Users\WINDOWS 11\.m2\repository\com\thoughtworks\xstream\xstream\1.4.20\xstream-1.4.20.jar;C:\Users\WINDOWS 11\.m2\repository\io\github\x-stream\mxparser\1.2.2\mxparser-1.2.2.jar;C:\Users\WINDOWS 11\.m2\repository\xmlpull\xmlpull\1.1.3.1\xmlpull-1.1.3.1.jar;C:\Users\WINDOWS 11\.m2\repository\com\typesafe\config\1.4.2\config-1.4.2.jar;C:\Users\WINDOWS 11\.m2\repository\org\imgscalr\imgscalr-lib\4.2\imgscalr-lib-4.2.jar;C:\Users\WINDOWS 11\.m2\repository\org\awaitility\awaitility\4.2.0\awaitility-4.2.0.jar;C:\Users\WINDOWS 11\.m2\repository\org\freemarker\freemarker\2.3.31\freemarker-2.3.31.jar;C:\Users\WINDOWS 11\.m2\repository\io\github\classgraph\classgraph\4.8.138\classgraph-4.8.138.jar;C:\Users\WINDOWS 11\.m2\repository\net\sourceforge\jexcelapi\jxl\2.6.12\jxl-2.6.12.jar;C:\Users\WINDOWS 11\.m2\repository\net\bytebuddy\byte-buddy-agent\1.14.2\byte-buddy-agent-1.14.2.jar;C:\Users\WINDOWS 11\.m2\repository\org\objenesis\objenesis\3.3\objenesis-3.3.jar;C:\Users\WINDOWS 11\.m2\repository\net\serenity-bdd\serenity-reports\3.6.21\serenity-reports-3.6.21.jar;C:\Users\WINDOWS 11\.m2\repository\net\serenity-bdd\serenity-stats\3.6.21\serenity-stats-3.6.21.jar;C:\Users\WINDOWS 11\.m2\repository\net\serenity-bdd\serenity-reports-configuration\3.6.21\serenity-reports-configuration-3.6.21.jar;C:\Users\WINDOWS 11\.m2\repository\com\vladsch\flexmark\flexmark-all\0.62.2\flexmark-all-0.62.2.jar;C:\Users\WINDOWS 11\.m2\repository\com\vladsch\flexmark\flexmark\0.62.2\flexmark-0.62.2.jar;C:\Users\WINDOWS 11\.m2\repository\com\vladsch\flexmark\flexmark-ext-abbreviation\0.62.2\flexmark-ext-abbreviation-0.62.2.jar;C:\Users\WINDOWS 11\.m2\repository\com\vladsch\flexmark\flexmark-util\0.62.2\flexmark-util-0.62.2.jar;C:\Users\WINDOWS 11\.m2\repository\com\vladsch\flexmark\flexmark-ext-admonition\0.62.2\flexmark-ext-admonition-0.62.2.jar;C:\Users\WINDOWS 11\.m2\repository\com\vladsch\flexmark\flexmark-ext-anchorlink\0.62.2\flexmark-ext-anchorlink-0.62.2.jar;C:\Users\WINDOWS 11\.m2\repository\com\vladsch\flexmark\flexmark-ext-aside\0.62.2\flexmark-ext-aside-0.62.2.jar;C:\Users\WINDOWS 11\.m2\repository\com\vladsch\flexmark\flexmark-ext-attributes\0.62.2\flexmark-ext-attributes-0.62.2.jar;C:\Users\WINDOWS 11\.m2\repository\com\vladsch\flexmark\flexmark-ext-autolink\0.62.2\flexmark-ext-autolink-0.62.2.jar;C:\Users\WINDOWS 11\.m2\repository\org\nibor\autolink\autolink\0.6.0\autolink-0.6.0.jar;C:\Users\WINDOWS 11\.m2\repository\com\vladsch\flexmark\flexmark-ext-definition\0.62.2\flexmark-ext-definition-0.62.2.jar;C:\Users\WINDOWS 11\.m2\repository\com\vladsch\flexmark\flexmark-ext-emoji\0.62.2\flexmark-ext-emoji-0.62.2.jar;C:\Users\WINDOWS 11\.m2\repository\com\vladsch\flexmark\flexmark-ext-enumerated-reference\0.62.2\flexmark-ext-enumerated-reference-0.62.2.jar;C:\Users\WINDOWS 11\.m2\repository\com\vladsch\flexmark\flexmark-ext-escaped-character\0.62.2\flexmark-ext-escaped-character-0.62.2.jar;C:\Users\WINDOWS 11\.m2\repository\com\vladsch\flexmark\flexmark-ext-footnotes\0.62.2\flexmark-ext-footnotes-0.62.2.jar;C:\Users\WINDOWS 11\.m2\repository\com\vladsch\flexmark\flexmark-ext-gfm-issues\0.62.2\flexmark-ext-gfm-issues-0.62.2.jar;C:\Users\WINDOWS 11\.m2\repository\com\vladsch\flexmark\flexmark-ext-gfm-strikethrough\0.62.2\flexmark-ext-gfm-strikethrough-0.62.2.jar;C:\Users\WINDOWS 11\.m2\repository\com\vladsch\flexmark\flexmark-ext-gfm-tasklist\0.62.2\flexmark-ext-gfm-tasklist-0.62.2.jar;C:\Users\WINDOWS 11\.m2\repository\com\vladsch\flexmark\flexmark-ext-gfm-users\0.62.2\flexmark-ext-gfm-users-0.62.2.jar;C:\Users\WINDOWS 11\.m2\repository\com\vladsch\flexmark\flexmark-ext-gitlab\0.62.2\flexmark-ext-gitlab-0.62.2.jar;C:\Users\WINDOWS 11\.m2\repository\com\vladsch\flexmark\flexmark-ext-jekyll-front-matter\0.62.2\flexmark-ext-jekyll-front-matter-0.62.2.jar;C:\Users\WINDOWS 11\.m2\repository\com\vladsch\flexmark\flexmark-ext-jekyll-tag\0.62.2\flexmark-ext-jekyll-tag-0.62.2.jar;C:\Users\WINDOWS 11\.m2\repository\com\vladsch\flexmark\flexmark-ext-media-tags\0.62.2\flexmark-ext-media-tags-0.62.2.jar;C:\Users\WINDOWS 11\.m2\repository\com\vladsch\flexmark\flexmark-ext-macros\0.62.2\flexmark-ext-macros-0.62.2.jar;C:\Users\WINDOWS 11\.m2\repository\com\vladsch\flexmark\flexmark-ext-ins\0.62.2\flexmark-ext-ins-0.62.2.jar;C:\Users\WINDOWS 11\.m2\repository\com\vladsch\flexmark\flexmark-ext-xwiki-macros\0.62.2\flexmark-ext-xwiki-macros-0.62.2.jar;C:\Users\WINDOWS 11\.m2\repository\com\vladsch\flexmark\flexmark-ext-superscript\0.62.2\flexmark-ext-superscript-0.62.2.jar;C:\Users\WINDOWS 11\.m2\repository\com\vladsch\flexmark\flexmark-ext-tables\0.62.2\flexmark-ext-tables-0.62.2.jar;C:\Users\WINDOWS 11\.m2\repository\com\vladsch\flexmark\flexmark-ext-toc\0.62.2\flexmark-ext-toc-0.62.2.jar;C:\Users\WINDOWS 11\.m2\repository\com\vladsch\flexmark\flexmark-ext-typographic\0.62.2\flexmark-ext-typographic-0.62.2.jar;C:\Users\WINDOWS 11\.m2\repository\com\vladsch\flexmark\flexmark-ext-wikilink\0.62.2\flexmark-ext-wikilink-0.62.2.jar;C:\Users\WINDOWS 11\.m2\repository\com\vladsch\flexmark\flexmark-ext-yaml-front-matter\0.62.2\flexmark-ext-yaml-front-matter-0.62.2.jar;C:\Users\WINDOWS 11\.m2\repository\com\vladsch\flexmark\flexmark-ext-youtube-embedded\0.62.2\flexmark-ext-youtube-embedded-0.62.2.jar;C:\Users\WINDOWS 11\.m2\repository\com\vladsch\flexmark\flexmark-html2md-converter\0.62.2\flexmark-html2md-converter-0.62.2.jar;C:\Users\WINDOWS 11\.m2\repository\com\vladsch\flexmark\flexmark-jira-converter\0.62.2\flexmark-jira-converter-0.62.2.jar;C:\Users\WINDOWS 11\.m2\repository\com\vladsch\flexmark\flexmark-pdf-converter\0.62.2\flexmark-pdf-converter-0.62.2.jar;C:\Users\WINDOWS 11\.m2\repository\com\openhtmltopdf\openhtmltopdf-core\1.0.0\openhtmltopdf-core-1.0.0.jar;C:\Users\WINDOWS 11\.m2\repository\com\openhtmltopdf\openhtmltopdf-pdfbox\1.0.0\openhtmltopdf-pdfbox-1.0.0.jar;C:\Users\WINDOWS 11\.m2\repository\org\apache\pdfbox\pdfbox\2.0.16\pdfbox-2.0.16.jar;C:\Users\WINDOWS 11\.m2\repository\org\apache\pdfbox\fontbox\2.0.16\fontbox-2.0.16.jar;C:\Users\WINDOWS 11\.m2\repository\org\apache\pdfbox\xmpbox\2.0.16\xmpbox-2.0.16.jar;C:\Users\WINDOWS 11\.m2\repository\de\rototor\pdfbox\graphics2d\0.24\graphics2d-0.24.jar;C:\Users\WINDOWS 11\.m2\repository\com\openhtmltopdf\openhtmltopdf-rtl-support\1.0.0\openhtmltopdf-rtl-support-1.0.0.jar;C:\Users\WINDOWS 11\.m2\repository\com\openhtmltopdf\openhtmltopdf-jsoup-dom-converter\1.0.0\openhtmltopdf-jsoup-dom-converter-1.0.0.jar;C:\Users\WINDOWS 11\.m2\repository\com\vladsch\flexmark\flexmark-profile-pegdown\0.62.2\flexmark-profile-pegdown-0.62.2.jar;C:\Users\WINDOWS 11\.m2\repository\com\vladsch\flexmark\flexmark-util-ast\0.62.2\flexmark-util-ast-0.62.2.jar;C:\Users\WINDOWS 11\.m2\repository\com\vladsch\flexmark\flexmark-util-builder\0.62.2\flexmark-util-builder-0.62.2.jar;C:\Users\WINDOWS 11\.m2\repository\com\vladsch\flexmark\flexmark-util-collection\0.62.2\flexmark-util-collection-0.62.2.jar;C:\Users\WINDOWS 11\.m2\repository\com\vladsch\flexmark\flexmark-util-data\0.62.2\flexmark-util-data-0.62.2.jar;C:\Users\WINDOWS 11\.m2\repository\com\vladsch\flexmark\flexmark-util-dependency\0.62.2\flexmark-util-dependency-0.62.2.jar;C:\Users\WINDOWS 11\.m2\repository\com\vladsch\flexmark\flexmark-util-format\0.62.2\flexmark-util-format-0.62.2.jar;C:\Users\WINDOWS 11\.m2\repository\com\vladsch\flexmark\flexmark-util-html\0.62.2\flexmark-util-html-0.62.2.jar;C:\Users\WINDOWS 11\.m2\repository\com\vladsch\flexmark\flexmark-util-misc\0.62.2\flexmark-util-misc-0.62.2.jar;C:\Users\WINDOWS 11\.m2\repository\com\vladsch\flexmark\flexmark-util-options\0.62.2\flexmark-util-options-0.62.2.jar;C:\Users\WINDOWS 11\.m2\repository\com\vladsch\flexmark\flexmark-util-sequence\0.62.2\flexmark-util-sequence-0.62.2.jar;C:\Users\WINDOWS 11\.m2\repository\com\vladsch\flexmark\flexmark-util-visitor\0.62.2\flexmark-util-visitor-0.62.2.jar;C:\Users\WINDOWS 11\.m2\repository\com\vladsch\flexmark\flexmark-youtrack-converter\0.62.2\flexmark-youtrack-converter-0.62.2.jar;C:\Users\WINDOWS 11\.m2\repository\com\ibm\icu\icu4j\72.1\icu4j-72.1.jar;C:\Users\WINDOWS 11\.m2\repository\es\nitaur\markdown\txtmark\0.16\txtmark-0.16.jar;C:\Users\WINDOWS 11\.m2\repository\net\serenity-bdd\serenity-report-resources\3.6.21\serenity-report-resources-3.6.21.jar;C:\Users\WINDOWS 11\.m2\repository\com\google\code\gson\gson\2.10.1\gson-2.10.1.jar;C:\Users\WINDOWS 11\.m2\repository\com\fasterxml\jackson\core\jackson-core\2.15.0-rc1\jackson-core-2.15.0-rc1.jar;C:\Users\WINDOWS 11\.m2\repository\com\fasterxml\jackson\core\jackson-databind\2.15.0-rc1\jackson-databind-2.15.0-rc1.jar;C:\Users\WINDOWS 11\.m2\repository\com\fasterxml\jackson\core\jackson-annotations\2.15.0-rc1\jackson-annotations-2.15.0-rc1.jar;C:\Users\WINDOWS 11\.m2\repository\commons-codec\commons-codec\1.15\commons-codec-1.15.jar;C:\Users\WINDOWS 11\.m2\repository\commons-io\commons-io\2.11.0\commons-io-2.11.0.jar;C:\Users\WINDOWS 11\.m2\repository\org\apache\httpcomponents\httpclient\4.5.13\httpclient-4.5.13.jar;C:\Users\WINDOWS 11\.m2\repository\org\apache\httpcomponents\httpcore\4.4.13\httpcore-4.4.13.jar;C:\Users\WINDOWS 11\.m2\repository\commons-logging\commons-logging\1.2\commons-logging-1.2.jar;C:\Users\WINDOWS 11\.m2\repository\org\seleniumhq\selenium\selenium-java\4.8.1\selenium-java-4.8.1.jar;C:\Users\WINDOWS 11\.m2\repository\org\seleniumhq\selenium\selenium-devtools-v108\4.8.1\selenium-devtools-v108-4.8.1.jar;C:\Users\WINDOWS 11\.m2\repository\org\seleniumhq\selenium\selenium-devtools-v109\4.8.1\selenium-devtools-v109-4.8.1.jar;C:\Users\WINDOWS 11\.m2\repository\org\seleniumhq\selenium\selenium-devtools-v110\4.8.1\selenium-devtools-v110-4.8.1.jar;C:\Users\WINDOWS 11\.m2\repository\org\seleniumhq\selenium\selenium-devtools-v85\4.8.1\selenium-devtools-v85-4.8.1.jar;C:\Users\WINDOWS 11\.m2\repository\org\seleniumhq\selenium\selenium-remote-driver\4.8.1\selenium-remote-driver-4.8.1.jar;C:\Users\WINDOWS 11\.m2\repository\com\beust\jcommander\1.82\jcommander-1.82.jar;C:\Users\WINDOWS 11\.m2\repository\io\netty\netty-buffer\4.1.87.Final\netty-buffer-4.1.87.Final.jar;C:\Users\WINDOWS 11\.m2\repository\io\netty\netty-codec-http\4.1.87.Final\netty-codec-http-4.1.87.Final.jar;C:\Users\WINDOWS 11\.m2\repository\io\netty\netty-codec\4.1.87.Final\netty-codec-4.1.87.Final.jar;C:\Users\WINDOWS 11\.m2\repository\io\netty\netty-handler\4.1.87.Final\netty-handler-4.1.87.Final.jar;C:\Users\WINDOWS 11\.m2\repository\io\netty\netty-common\4.1.87.Final\netty-common-4.1.87.Final.jar;C:\Users\WINDOWS 11\.m2\repository\io\netty\netty-transport-classes-epoll\4.1.87.Final\netty-transport-classes-epoll-4.1.87.Final.jar;C:\Users\WINDOWS 11\.m2\repository\io\netty\netty-transport-classes-kqueue\4.1.87.Final\netty-transport-classes-kqueue-4.1.87.Final.jar;C:\Users\WINDOWS 11\.m2\repository\io\netty\netty-transport-native-epoll\4.1.87.Final\netty-transport-native-epoll-4.1.87.Final.jar;C:\Users\WINDOWS 11\.m2\repository\io\netty\netty-transport-native-kqueue\4.1.87.Final\netty-transport-native-kqueue-4.1.87.Final.jar;C:\Users\WINDOWS 11\.m2\repository\io\netty\netty-transport-native-unix-common\4.1.87.Final\netty-transport-native-unix-common-4.1.87.Final.jar;C:\Users\WINDOWS 11\.m2\repository\io\netty\netty-transport\4.1.87.Final\netty-transport-4.1.87.Final.jar;C:\Users\WINDOWS 11\.m2\repository\io\netty\netty-resolver\4.1.87.Final\netty-resolver-4.1.87.Final.jar;C:\Users\WINDOWS 11\.m2\repository\io\opentelemetry\opentelemetry-api\1.22.0\opentelemetry-api-1.22.0.jar;C:\Users\WINDOWS 11\.m2\repository\io\opentelemetry\opentelemetry-context\1.22.0\opentelemetry-context-1.22.0.jar;C:\Users\WINDOWS 11\.m2\repository\io\opentelemetry\opentelemetry-exporter-logging\1.22.0\opentelemetry-exporter-logging-1.22.0.jar;C:\Users\WINDOWS 11\.m2\repository\io\opentelemetry\opentelemetry-sdk-metrics\1.22.0\opentelemetry-sdk-metrics-1.22.0.jar;C:\Users\WINDOWS 11\.m2\repository\io\opentelemetry\opentelemetry-sdk-logs\1.22.0-alpha\opentelemetry-sdk-logs-1.22.0-alpha.jar;C:\Users\WINDOWS 11\.m2\repository\io\opentelemetry\opentelemetry-api-logs\1.22.0-alpha\opentelemetry-api-logs-1.22.0-alpha.jar;C:\Users\WINDOWS 11\.m2\repository\io\opentelemetry\opentelemetry-sdk-common\1.22.0\opentelemetry-sdk-common-1.22.0.jar;C:\Users\WINDOWS 11\.m2\repository\io\opentelemetry\opentelemetry-sdk-extension-autoconfigure-spi\1.22.0\opentelemetry-sdk-extension-autoconfigure-spi-1.22.0.jar;C:\Users\WINDOWS 11\.m2\repository\io\opentelemetry\opentelemetry-sdk-extension-autoconfigure\1.22.0-alpha\opentelemetry-sdk-extension-autoconfigure-1.22.0-alpha.jar;C:\Users\WINDOWS 11\.m2\repository\io\opentelemetry\opentelemetry-sdk-trace\1.22.0\opentelemetry-sdk-trace-1.22.0.jar;C:\Users\WINDOWS 11\.m2\repository\io\opentelemetry\opentelemetry-sdk\1.22.0\opentelemetry-sdk-1.22.0.jar;C:\Users\WINDOWS 11\.m2\repository\io\opentelemetry\opentelemetry-semconv\1.22.0-alpha\opentelemetry-semconv-1.22.0-alpha.jar;C:\Users\WINDOWS 11\.m2\repository\io\ous\jtoml\2.0.0\jtoml-2.0.0.jar;C:\Users\WINDOWS 11\.m2\repository\org\apache\commons\commons-exec\1.3\commons-exec-1.3.jar;C:\Users\WINDOWS 11\.m2\repository\org\asynchttpclient\async-http-client\2.12.3\async-http-client-2.12.3.jar;C:\Users\WINDOWS 11\.m2\repository\org\asynchttpclient\async-http-client-netty-utils\2.12.3\async-http-client-netty-utils-2.12.3.jar;C:\Users\WINDOWS 11\.m2\repository\io\netty\netty-codec-socks\4.1.60.Final\netty-codec-socks-4.1.60.Final.jar;C:\Users\WINDOWS 11\.m2\repository\io\netty\netty-handler-proxy\4.1.60.Final\netty-handler-proxy-4.1.60.Final.jar;C:\Users\WINDOWS 11\.m2\repository\io\netty\netty-transport-native-epoll\4.1.60.Final\netty-transport-native-epoll-4.1.60.Final-linux-x86_64.jar;C:\Users\WINDOWS 11\.m2\repository\io\netty\netty-transport-native-kqueue\4.1.60.Final\netty-transport-native-kqueue-4.1.60.Final-osx-x86_64.jar;C:\Users\WINDOWS 11\.m2\repository\org\reactivestreams\reactive-streams\1.0.3\reactive-streams-1.0.3.jar;C:\Users\WINDOWS 11\.m2\repository\com\typesafe\netty\netty-reactive-streams\2.0.4\netty-reactive-streams-2.0.4.jar;C:\Users\WINDOWS 11\.m2\repository\org\seleniumhq\selenium\selenium-manager\4.8.1\selenium-manager-4.8.1.jar;C:\Users\WINDOWS 11\.m2\repository\org\seleniumhq\selenium\selenium-safari-driver\4.8.1\selenium-safari-driver-4.8.1.jar;C:\Users\WINDOWS 11\.m2\repository\org\seleniumhq\selenium\selenium-api\4.8.1\selenium-api-4.8.1.jar;C:\Users\WINDOWS 11\.m2\repository\org\seleniumhq\selenium\selenium-support\4.8.1\selenium-support-4.8.1.jar;C:\Users\WINDOWS 11\.m2\repository\com\google\auto\service\auto-service-annotations\1.0.1\auto-service-annotations-1.0.1.jar;C:\Users\WINDOWS 11\.m2\repository\com\google\auto\service\auto-service\1.0.1\auto-service-1.0.1.jar;C:\Users\WINDOWS 11\.m2\repository\com\google\auto\auto-common\1.2\auto-common-1.2.jar;C:\Users\WINDOWS 11\.m2\repository\org\seleniumhq\selenium\selenium-json\4.8.1\selenium-json-4.8.1.jar;C:\Users\WINDOWS 11\.m2\repository\org\seleniumhq\selenium\selenium-chrome-driver\4.8.1\selenium-chrome-driver-4.8.1.jar;C:\Users\WINDOWS 11\.m2\repository\org\seleniumhq\selenium\selenium-chromium-driver\4.8.1\selenium-chromium-driver-4.8.1.jar;C:\Users\WINDOWS 11\.m2\repository\org\seleniumhq\selenium\selenium-firefox-driver\4.8.1\selenium-firefox-driver-4.8.1.jar;C:\Users\WINDOWS 11\.m2\repository\org\seleniumhq\selenium\selenium-http\4.8.1\selenium-http-4.8.1.jar;C:\Users\WINDOWS 11\.m2\repository\dev\failsafe\failsafe\3.3.0\failsafe-3.3.0.jar;C:\Users\WINDOWS 11\.m2\repository\org\seleniumhq\selenium\selenium-edge-driver\4.8.1\selenium-edge-driver-4.8.1.jar;C:\Users\WINDOWS 11\.m2\repository\org\seleniumhq\selenium\selenium-ie-driver\4.8.1\selenium-ie-driver-4.8.1.jar;C:\Users\WINDOWS 11\.m2\repository\org\projectlombok\lombok\1.18.20\lombok-1.18.20.jar;C:\Users\WINDOWS 11\.m2\repository\io\appium\java-client\8.3.0\java-client-8.3.0.jar;C:\Users\WINDOWS 11\.m2\repository\commons-validator\commons-validator\1.7\commons-validator-1.7.jar;C:\Users\WINDOWS 11\.m2\repository\commons-digester\commons-digester\2.1\commons-digester-2.1.jar;C:\Users\WINDOWS 11\.m2\repository\org\apache\groovy\groovy\4.0.10\groovy-4.0.10.jar;C:\Users\WINDOWS 11\.m2\repository\net\sf\opencsv\opencsv\2.0\opencsv-2.0.jar;C:\Users\WINDOWS 11\.m2\repository\commons-beanutils\commons-beanutils\1.9.4\commons-beanutils-1.9.4.jar;C:\Users\WINDOWS 11\.m2\repository\org\apache\commons\commons-lang3\3.12.0\commons-lang3-3.12.0.jar;C:\Users\WINDOWS 11\.m2\repository\commons-collections\commons-collections\3.2.2\commons-collections-3.2.2.jar;C:\Users\WINDOWS 11\.m2\repository\org\fluentlenium\fluentlenium-core\0.10.2\fluentlenium-core-0.10.2.jar;C:\Users\WINDOWS 11\.m2\repository\io\github\bonigarcia\webdrivermanager\5.3.0\webdrivermanager-5.3.0.jar;C:\Users\WINDOWS 11\.m2\repository\com\github\docker-java\docker-java\3.2.13\docker-java-3.2.13.jar;C:\Users\WINDOWS 11\.m2\repository\com\github\docker-java\docker-java-core\3.2.13\docker-java-core-3.2.13.jar;C:\Users\WINDOWS 11\.m2\repository\com\github\docker-java\docker-java-api\3.2.13\docker-java-api-3.2.13.jar;C:\Users\WINDOWS 11\.m2\repository\org\apache\commons\commons-compress\1.21\commons-compress-1.21.jar;C:\Users\WINDOWS 11\.m2\repository\org\bouncycastle\bcpkix-jdk15on\1.64\bcpkix-jdk15on-1.64.jar;C:\Users\WINDOWS 11\.m2\repository\org\bouncycastle\bcprov-jdk15on\1.64\bcprov-jdk15on-1.64.jar;C:\Users\WINDOWS 11\.m2\repository\org\slf4j\jcl-over-slf4j\1.7.30\jcl-over-slf4j-1.7.30.jar;C:\Users\WINDOWS 11\.m2\repository\com\github\docker-java\docker-java-transport-httpclient5\3.2.13\docker-java-transport-httpclient5-3.2.13.jar;C:\Users\WINDOWS 11\.m2\repository\com\github\docker-java\docker-java-transport\3.2.13\docker-java-transport-3.2.13.jar;C:\Users\WINDOWS 11\.m2\repository\net\java\dev\jna\jna\5.8.0\jna-5.8.0.jar;C:\Users\WINDOWS 11\.m2\repository\org\brotli\dec\0.1.2\dec-0.1.2.jar;C:\Users\WINDOWS 11\.m2\repository\org\apache\httpcomponents\client5\httpclient5\5.1.3\httpclient5-5.1.3.jar;C:\Users\WINDOWS 11\.m2\repository\org\apache\httpcomponents\core5\httpcore5\5.1.3\httpcore5-5.1.3.jar;C:\Users\WINDOWS 11\.m2\repository\org\apache\httpcomponents\core5\httpcore5-h2\5.1.3\httpcore5-h2-5.1.3.jar;C:\Users\WINDOWS 11\.m2\repository\com\jhlabs\filters\2.0.235\filters-2.0.235.jar;C:\Users\WINDOWS 11\.m2\repository\com\paulhammant\ngwebdriver\1.1.6\ngwebdriver-1.1.6.jar;C:\Users\WINDOWS 11\.m2\repository\joda-time\joda-time\2.12.2\joda-time-2.12.2.jar;C:\Users\WINDOWS 11\.m2\repository\org\hamcrest\hamcrest\2.2\hamcrest-2.2.jar;C:\Users\WINDOWS 11\.m2\repository\com\google\jimfs\jimfs\1.2\jimfs-1.2.jar;C:\Users\WINDOWS 11\.m2\repository\org\mockito\mockito-core\3.3.3\mockito-core-3.3.3.jar;C:\Users\WINDOWS 11\.m2\repository\javax\xml\bind\jaxb-api\2.3.1\jaxb-api-2.3.1.jar;C:\Users\WINDOWS 11\.m2\repository\javax\activation\javax.activation-api\1.2.0\javax.activation-api-1.2.0.jar;C:\Users\WINDOWS 11\.m2\repository\com\sun\xml\bind\jaxb-core\2.3.0.1\jaxb-core-2.3.0.1.jar;C:\Users\WINDOWS 11\.m2\repository\com\sun\xml\bind\jaxb-impl\2.3.3\jaxb-impl-2.3.3.jar;C:\Users\WINDOWS 11\.m2\repository\jakarta\xml\bind\jakarta.xml.bind-api\2.3.3\jakarta.xml.bind-api-2.3.3.jar;C:\Users\WINDOWS 11\.m2\repository\com\sun\activation\jakarta.activation\1.2.2\jakarta.activation-1.2.2.jar;C:\Users\WINDOWS 11\.m2\repository\javax\activation\activation\1.1.1\activation-1.1.1.jar;C:\Users\WINDOWS 11\.m2\repository\net\serenity-bdd\serenity-cucumber\3.6.21\serenity-cucumber-3.6.21.jar;C:\Users\WINDOWS 11\.m2\repository\io\cucumber\cucumber-core\7.11.0\cucumber-core-7.11.0.jar;C:\Users\WINDOWS 11\.m2\repository\io\cucumber\cucumber-gherkin\7.11.0\cucumber-gherkin-7.11.0.jar;C:\Users\WINDOWS 11\.m2\repository\io\cucumber\cucumber-gherkin-messages\7.11.0\cucumber-gherkin-messages-7.11.0.jar;C:\Users\WINDOWS 11\.m2\repository\io\cucumber\gherkin\26.0.3\gherkin-26.0.3.jar;C:\Users\WINDOWS 11\.m2\repository\io\cucumber\messages\21.0.1\messages-21.0.1.jar;C:\Users\WINDOWS 11\.m2\repository\io\cucumber\tag-expressions\5.0.1\tag-expressions-5.0.1.jar;C:\Users\WINDOWS 11\.m2\repository\io\cucumber\cucumber-expressions\16.1.1\cucumber-expressions-16.1.1.jar;C:\Users\WINDOWS 11\.m2\repository\io\cucumber\datatable\7.11.0\datatable-7.11.0.jar;C:\Users\WINDOWS 11\.m2\repository\io\cucumber\cucumber-plugin\7.11.0\cucumber-plugin-7.11.0.jar;C:\Users\WINDOWS 11\.m2\repository\io\cucumber\docstring\7.11.0\docstring-7.11.0.jar;C:\Users\WINDOWS 11\.m2\repository\io\cucumber\html-formatter\20.2.1\html-formatter-20.2.1.jar;C:\Users\WINDOWS 11\.m2\repository\io\cucumber\junit-xml-formatter\0.1.0\junit-xml-formatter-0.1.0.jar;C:\Users\WINDOWS 11\.m2\repository\io\cucumber\ci-environment\9.1.0\ci-environment-9.1.0.jar;C:\Users\WINDOWS 11\.m2\repository\io\cucumber\cucumber-java\7.11.0\cucumber-java-7.11.0.jar;C:\Users\WINDOWS 11\.m2\repository\io\cucumber\cucumber-junit\7.11.0\cucumber-junit-7.11.0.jar;C:\Users\WINDOWS 11\.m2\repository\org\apache\commons\commons-csv\1.5\commons-csv-1.5.jar;C:\Users\WINDOWS 11\.m2\repository\net\serenity-bdd\serenity-screenplay\3.6.21\serenity-screenplay-3.6.21.jar;C:\Users\WINDOWS 11\.m2\repository\net\serenity-bdd\serenity-screenplay-webdriver\3.6.21\serenity-screenplay-webdriver-3.6.21.jar;C:\Users\WINDOWS 11\.m2\repository\net\serenity-bdd\serenity-ensure\3.6.21\serenity-ensure-3.6.21.jar;C:\Users\WINDOWS 11\.m2\repository\net\serenity-bdd\serenity-junit\3.6.21\serenity-junit-3.6.21.jar;C:\Users\WINDOWS 11\.m2\repository\org\jetbrains\kotlin\kotlin-stdlib\1.8.10\kotlin-stdlib-1.8.10.jar;C:\Users\WINDOWS 11\.m2\repository\org\jetbrains\kotlin\kotlin-stdlib-common\1.8.10\kotlin-stdlib-common-1.8.10.jar;C:\Users\WINDOWS 11\.m2\repository\org\jetbrains\annotations\13.0\annotations-13.0.jar;C:\Users\WINDOWS 11\.m2\repository\org\junit\platform\junit-platform-launcher\1.8.2\junit-platform-launcher-1.8.2.jar;C:\Users\WINDOWS 11\.m2\repository\org\junit\platform\junit-platform-engine\1.8.2\junit-platform-engine-1.8.2.jar;C:\Users\WINDOWS 11\.m2\repository\org\opentest4j\opentest4j\1.2.0\opentest4j-1.2.0.jar;C:\Users\WINDOWS 11\.m2\repository\org\junit\platform\junit-platform-commons\1.8.2\junit-platform-commons-1.8.2.jar;C:\Users\WINDOWS 11\.m2\repository\org\apiguardian\apiguardian-api\1.1.2\apiguardian-api-1.1.2.jar;C:\Users\WINDOWS 11\.m2\repository\org\junit\jupiter\junit-jupiter-engine\5.8.2\junit-jupiter-engine-5.8.2.jar;C:\Users\WINDOWS 11\.m2\repository\org\junit\jupiter\junit-jupiter-api\5.8.2\junit-jupiter-api-5.8.2.jar;C:\Users\WINDOWS 11\.m2\repository\org\junit\vintage\junit-vintage-engine\5.8.2\junit-vintage-engine-5.8.2.jar;C:\Users\WINDOWS 11\.m2\repository\junit\junit\4.13.2\junit-4.13.2.jar;C:\Users\WINDOWS 11\.m2\repository\org\hamcrest\hamcrest-core\1.3\hamcrest-core-1.3.jar;C:\Users\WINDOWS 11\.m2\repository\ch\qos\logback\logback-classic\1.2.10\logback-classic-1.2.10.jar;C:\Users\WINDOWS 11\.m2\repository\ch\qos\logback\logback-core\1.2.10\logback-core-1.2.10.jar;C:\Users\WINDOWS 11\.m2\repository\org\slf4j\slf4j-api\1.7.32\slf4j-api-1.7.32.jar;C:\Users\WINDOWS 11\.m2\repository\org\assertj\assertj-core\3.23.1\assertj-core-3.23.1.jar;C:\Users\WINDOWS 11\.m2\repository\net\bytebuddy\byte-buddy\1.12.10\byte-buddy-1.12.10.jar;"/>
    <property name="java.vm.vendor" value="Oracle Corporation"/>
    <property name="sun.arch.data.model" value="64"/>
    <property name="user.variant" value=""/>
    <property name="java.vendor.url" value="https://java.oracle.com/"/>
    <property name="user.timezone" value="Asia/Bangkok"/>
    <property name="os.name" value="Windows 11"/>
    <property name="java.vm.specification.version" value="19"/>
    <property name="sun.java.launcher" value="SUN_STANDARD"/>
    <property name="user.country" value="US"/>
    <property name="sun.boot.library.path" value="C:\Program Files\Java\jdk-19\bin"/>
    <property name="sun.java.command" value="org.apache.maven.surefire.booter.ForkedBooter C:\Users\WINDOWS 11\AppData\Local\Temp\surefire5884384584771849356 2023-05-05T07-20-40_425-jvmRun1 surefire17366203743219569347tmp surefire_03317400345584545346tmp"/>
    <property name="jdk.debug" value="release"/>
    <property name="surefire.test.class.path" value="C:\Users\WINDOWS 11\IdeaProjects\web-automation-using-serenity\target\test-classes;C:\Users\WINDOWS 11\.m2\repository\net\serenity-bdd\serenity-core\3.6.21\serenity-core-3.6.21.jar;C:\Users\WINDOWS 11\.m2\repository\net\serenity-bdd\serenity-model\3.6.21\serenity-model-3.6.21.jar;C:\Users\WINDOWS 11\.m2\repository\org\apache\commons\commons-text\1.10.0\commons-text-1.10.0.jar;C:\Users\WINDOWS 11\.m2\repository\commons-net\commons-net\3.9.0\commons-net-3.9.0.jar;C:\Users\WINDOWS 11\.m2\repository\com\google\guava\guava\31.1-jre\guava-31.1-jre.jar;C:\Users\WINDOWS 11\.m2\repository\com\google\guava\failureaccess\1.0.1\failureaccess-1.0.1.jar;C:\Users\WINDOWS 11\.m2\repository\com\google\guava\listenablefuture\9999.0-empty-to-avoid-conflict-with-guava\listenablefuture-9999.0-empty-to-avoid-conflict-with-guava.jar;C:\Users\WINDOWS 11\.m2\repository\com\google\code\findbugs\jsr305\3.0.2\jsr305-3.0.2.jar;C:\Users\WINDOWS 11\.m2\repository\org\checkerframework\checker-qual\3.12.0\checker-qual-3.12.0.jar;C:\Users\WINDOWS 11\.m2\repository\com\google\errorprone\error_prone_annotations\2.11.0\error_prone_annotations-2.11.0.jar;C:\Users\WINDOWS 11\.m2\repository\com\google\j2objc\j2objc-annotations\1.3\j2objc-annotations-1.3.jar;C:\Users\WINDOWS 11\.m2\repository\com\google\inject\guice\5.1.0\guice-5.1.0.jar;C:\Users\WINDOWS 11\.m2\repository\javax\inject\javax.inject\1\javax.inject-1.jar;C:\Users\WINDOWS 11\.m2\repository\aopalliance\aopalliance\1.0\aopalliance-1.0.jar;C:\Users\WINDOWS 11\.m2\repository\org\jsoup\jsoup\1.14.3\jsoup-1.14.3.jar;C:\Users\WINDOWS 11\.m2\repository\com\thoughtworks\xstream\xstream\1.4.20\xstream-1.4.20.jar;C:\Users\WINDOWS 11\.m2\repository\io\github\x-stream\mxparser\1.2.2\mxparser-1.2.2.jar;C:\Users\WINDOWS 11\.m2\repository\xmlpull\xmlpull\1.1.3.1\xmlpull-1.1.3.1.jar;C:\Users\WINDOWS 11\.m2\repository\com\typesafe\config\1.4.2\config-1.4.2.jar;C:\Users\WINDOWS 11\.m2\repository\org\imgscalr\imgscalr-lib\4.2\imgscalr-lib-4.2.jar;C:\Users\WINDOWS 11\.m2\repository\org\awaitility\awaitility\4.2.0\awaitility-4.2.0.jar;C:\Users\WINDOWS 11\.m2\repository\org\freemarker\freemarker\2.3.31\freemarker-2.3.31.jar;C:\Users\WINDOWS 11\.m2\repository\io\github\classgraph\classgraph\4.8.138\classgraph-4.8.138.jar;C:\Users\WINDOWS 11\.m2\repository\net\sourceforge\jexcelapi\jxl\2.6.12\jxl-2.6.12.jar;C:\Users\WINDOWS 11\.m2\repository\net\bytebuddy\byte-buddy-agent\1.14.2\byte-buddy-agent-1.14.2.jar;C:\Users\WINDOWS 11\.m2\repository\org\objenesis\objenesis\3.3\objenesis-3.3.jar;C:\Users\WINDOWS 11\.m2\repository\net\serenity-bdd\serenity-reports\3.6.21\serenity-reports-3.6.21.jar;C:\Users\WINDOWS 11\.m2\repository\net\serenity-bdd\serenity-stats\3.6.21\serenity-stats-3.6.21.jar;C:\Users\WINDOWS 11\.m2\repository\net\serenity-bdd\serenity-reports-configuration\3.6.21\serenity-reports-configuration-3.6.21.jar;C:\Users\WINDOWS 11\.m2\repository\com\vladsch\flexmark\flexmark-all\0.62.2\flexmark-all-0.62.2.jar;C:\Users\WINDOWS 11\.m2\repository\com\vladsch\flexmark\flexmark\0.62.2\flexmark-0.62.2.jar;C:\Users\WINDOWS 11\.m2\repository\com\vladsch\flexmark\flexmark-ext-abbreviation\0.62.2\flexmark-ext-abbreviation-0.62.2.jar;C:\Users\WINDOWS 11\.m2\repository\com\vladsch\flexmark\flexmark-util\0.62.2\flexmark-util-0.62.2.jar;C:\Users\WINDOWS 11\.m2\repository\com\vladsch\flexmark\flexmark-ext-admonition\0.62.2\flexmark-ext-admonition-0.62.2.jar;C:\Users\WINDOWS 11\.m2\repository\com\vladsch\flexmark\flexmark-ext-anchorlink\0.62.2\flexmark-ext-anchorlink-0.62.2.jar;C:\Users\WINDOWS 11\.m2\repository\com\vladsch\flexmark\flexmark-ext-aside\0.62.2\flexmark-ext-aside-0.62.2.jar;C:\Users\WINDOWS 11\.m2\repository\com\vladsch\flexmark\flexmark-ext-attributes\0.62.2\flexmark-ext-attributes-0.62.2.jar;C:\Users\WINDOWS 11\.m2\repository\com\vladsch\flexmark\flexmark-ext-autolink\0.62.2\flexmark-ext-autolink-0.62.2.jar;C:\Users\WINDOWS 11\.m2\repository\org\nibor\autolink\autolink\0.6.0\autolink-0.6.0.jar;C:\Users\WINDOWS 11\.m2\repository\com\vladsch\flexmark\flexmark-ext-definition\0.62.2\flexmark-ext-definition-0.62.2.jar;C:\Users\WINDOWS 11\.m2\repository\com\vladsch\flexmark\flexmark-ext-emoji\0.62.2\flexmark-ext-emoji-0.62.2.jar;C:\Users\WINDOWS 11\.m2\repository\com\vladsch\flexmark\flexmark-ext-enumerated-reference\0.62.2\flexmark-ext-enumerated-reference-0.62.2.jar;C:\Users\WINDOWS 11\.m2\repository\com\vladsch\flexmark\flexmark-ext-escaped-character\0.62.2\flexmark-ext-escaped-character-0.62.2.jar;C:\Users\WINDOWS 11\.m2\repository\com\vladsch\flexmark\flexmark-ext-footnotes\0.62.2\flexmark-ext-footnotes-0.62.2.jar;C:\Users\WINDOWS 11\.m2\repository\com\vladsch\flexmark\flexmark-ext-gfm-issues\0.62.2\flexmark-ext-gfm-issues-0.62.2.jar;C:\Users\WINDOWS 11\.m2\repository\com\vladsch\flexmark\flexmark-ext-gfm-strikethrough\0.62.2\flexmark-ext-gfm-strikethrough-0.62.2.jar;C:\Users\WINDOWS 11\.m2\repository\com\vladsch\flexmark\flexmark-ext-gfm-tasklist\0.62.2\flexmark-ext-gfm-tasklist-0.62.2.jar;C:\Users\WINDOWS 11\.m2\repository\com\vladsch\flexmark\flexmark-ext-gfm-users\0.62.2\flexmark-ext-gfm-users-0.62.2.jar;C:\Users\WINDOWS 11\.m2\repository\com\vladsch\flexmark\flexmark-ext-gitlab\0.62.2\flexmark-ext-gitlab-0.62.2.jar;C:\Users\WINDOWS 11\.m2\repository\com\vladsch\flexmark\flexmark-ext-jekyll-front-matter\0.62.2\flexmark-ext-jekyll-front-matter-0.62.2.jar;C:\Users\WINDOWS 11\.m2\repository\com\vladsch\flexmark\flexmark-ext-jekyll-tag\0.62.2\flexmark-ext-jekyll-tag-0.62.2.jar;C:\Users\WINDOWS 11\.m2\repository\com\vladsch\flexmark\flexmark-ext-media-tags\0.62.2\flexmark-ext-media-tags-0.62.2.jar;C:\Users\WINDOWS 11\.m2\repository\com\vladsch\flexmark\flexmark-ext-macros\0.62.2\flexmark-ext-macros-0.62.2.jar;C:\Users\WINDOWS 11\.m2\repository\com\vladsch\flexmark\flexmark-ext-ins\0.62.2\flexmark-ext-ins-0.62.2.jar;C:\Users\WINDOWS 11\.m2\repository\com\vladsch\flexmark\flexmark-ext-xwiki-macros\0.62.2\flexmark-ext-xwiki-macros-0.62.2.jar;C:\Users\WINDOWS 11\.m2\repository\com\vladsch\flexmark\flexmark-ext-superscript\0.62.2\flexmark-ext-superscript-0.62.2.jar;C:\Users\WINDOWS 11\.m2\repository\com\vladsch\flexmark\flexmark-ext-tables\0.62.2\flexmark-ext-tables-0.62.2.jar;C:\Users\WINDOWS 11\.m2\repository\com\vladsch\flexmark\flexmark-ext-toc\0.62.2\flexmark-ext-toc-0.62.2.jar;C:\Users\WINDOWS 11\.m2\repository\com\vladsch\flexmark\flexmark-ext-typographic\0.62.2\flexmark-ext-typographic-0.62.2.jar;C:\Users\WINDOWS 11\.m2\repository\com\vladsch\flexmark\flexmark-ext-wikilink\0.62.2\flexmark-ext-wikilink-0.62.2.jar;C:\Users\WINDOWS 11\.m2\repository\com\vladsch\flexmark\flexmark-ext-yaml-front-matter\0.62.2\flexmark-ext-yaml-front-matter-0.62.2.jar;C:\Users\WINDOWS 11\.m2\repository\com\vladsch\flexmark\flexmark-ext-youtube-embedded\0.62.2\flexmark-ext-youtube-embedded-0.62.2.jar;C:\Users\WINDOWS 11\.m2\repository\com\vladsch\flexmark\flexmark-html2md-converter\0.62.2\flexmark-html2md-converter-0.62.2.jar;C:\Users\WINDOWS 11\.m2\repository\com\vladsch\flexmark\flexmark-jira-converter\0.62.2\flexmark-jira-converter-0.62.2.jar;C:\Users\WINDOWS 11\.m2\repository\com\vladsch\flexmark\flexmark-pdf-converter\0.62.2\flexmark-pdf-converter-0.62.2.jar;C:\Users\WINDOWS 11\.m2\repository\com\openhtmltopdf\openhtmltopdf-core\1.0.0\openhtmltopdf-core-1.0.0.jar;C:\Users\WINDOWS 11\.m2\repository\com\openhtmltopdf\openhtmltopdf-pdfbox\1.0.0\openhtmltopdf-pdfbox-1.0.0.jar;C:\Users\WINDOWS 11\.m2\repository\org\apache\pdfbox\pdfbox\2.0.16\pdfbox-2.0.16.jar;C:\Users\WINDOWS 11\.m2\repository\org\apache\pdfbox\fontbox\2.0.16\fontbox-2.0.16.jar;C:\Users\WINDOWS 11\.m2\repository\org\apache\pdfbox\xmpbox\2.0.16\xmpbox-2.0.16.jar;C:\Users\WINDOWS 11\.m2\repository\de\rototor\pdfbox\graphics2d\0.24\graphics2d-0.24.jar;C:\Users\WINDOWS 11\.m2\repository\com\openhtmltopdf\openhtmltopdf-rtl-support\1.0.0\openhtmltopdf-rtl-support-1.0.0.jar;C:\Users\WINDOWS 11\.m2\repository\com\openhtmltopdf\openhtmltopdf-jsoup-dom-converter\1.0.0\openhtmltopdf-jsoup-dom-converter-1.0.0.jar;C:\Users\WINDOWS 11\.m2\repository\com\vladsch\flexmark\flexmark-profile-pegdown\0.62.2\flexmark-profile-pegdown-0.62.2.jar;C:\Users\WINDOWS 11\.m2\repository\com\vladsch\flexmark\flexmark-util-ast\0.62.2\flexmark-util-ast-0.62.2.jar;C:\Users\WINDOWS 11\.m2\repository\com\vladsch\flexmark\flexmark-util-builder\0.62.2\flexmark-util-builder-0.62.2.jar;C:\Users\WINDOWS 11\.m2\repository\com\vladsch\flexmark\flexmark-util-collection\0.62.2\flexmark-util-collection-0.62.2.jar;C:\Users\WINDOWS 11\.m2\repository\com\vladsch\flexmark\flexmark-util-data\0.62.2\flexmark-util-data-0.62.2.jar;C:\Users\WINDOWS 11\.m2\repository\com\vladsch\flexmark\flexmark-util-dependency\0.62.2\flexmark-util-dependency-0.62.2.jar;C:\Users\WINDOWS 11\.m2\repository\com\vladsch\flexmark\flexmark-util-format\0.62.2\flexmark-util-format-0.62.2.jar;C:\Users\WINDOWS 11\.m2\repository\com\vladsch\flexmark\flexmark-util-html\0.62.2\flexmark-util-html-0.62.2.jar;C:\Users\WINDOWS 11\.m2\repository\com\vladsch\flexmark\flexmark-util-misc\0.62.2\flexmark-util-misc-0.62.2.jar;C:\Users\WINDOWS 11\.m2\repository\com\vladsch\flexmark\flexmark-util-options\0.62.2\flexmark-util-options-0.62.2.jar;C:\Users\WINDOWS 11\.m2\repository\com\vladsch\flexmark\flexmark-util-sequence\0.62.2\flexmark-util-sequence-0.62.2.jar;C:\Users\WINDOWS 11\.m2\repository\com\vladsch\flexmark\flexmark-util-visitor\0.62.2\flexmark-util-visitor-0.62.2.jar;C:\Users\WINDOWS 11\.m2\repository\com\vladsch\flexmark\flexmark-youtrack-converter\0.62.2\flexmark-youtrack-converter-0.62.2.jar;C:\Users\WINDOWS 11\.m2\repository\com\ibm\icu\icu4j\72.1\icu4j-72.1.jar;C:\Users\WINDOWS 11\.m2\repository\es\nitaur\markdown\txtmark\0.16\txtmark-0.16.jar;C:\Users\WINDOWS 11\.m2\repository\net\serenity-bdd\serenity-report-resources\3.6.21\serenity-report-resources-3.6.21.jar;C:\Users\WINDOWS 11\.m2\repository\com\google\code\gson\gson\2.10.1\gson-2.10.1.jar;C:\Users\WINDOWS 11\.m2\repository\com\fasterxml\jackson\core\jackson-core\2.15.0-rc1\jackson-core-2.15.0-rc1.jar;C:\Users\WINDOWS 11\.m2\repository\com\fasterxml\jackson\core\jackson-databind\2.15.0-rc1\jackson-databind-2.15.0-rc1.jar;C:\Users\WINDOWS 11\.m2\repository\com\fasterxml\jackson\core\jackson-annotations\2.15.0-rc1\jackson-annotations-2.15.0-rc1.jar;C:\Users\WINDOWS 11\.m2\repository\commons-codec\commons-codec\1.15\commons-codec-1.15.jar;C:\Users\WINDOWS 11\.m2\repository\commons-io\commons-io\2.11.0\commons-io-2.11.0.jar;C:\Users\WINDOWS 11\.m2\repository\org\apache\httpcomponents\httpclient\4.5.13\httpclient-4.5.13.jar;C:\Users\WINDOWS 11\.m2\repository\org\apache\httpcomponents\httpcore\4.4.13\httpcore-4.4.13.jar;C:\Users\WINDOWS 11\.m2\repository\commons-logging\commons-logging\1.2\commons-logging-1.2.jar;C:\Users\WINDOWS 11\.m2\repository\org\seleniumhq\selenium\selenium-java\4.8.1\selenium-java-4.8.1.jar;C:\Users\WINDOWS 11\.m2\repository\org\seleniumhq\selenium\selenium-devtools-v108\4.8.1\selenium-devtools-v108-4.8.1.jar;C:\Users\WINDOWS 11\.m2\repository\org\seleniumhq\selenium\selenium-devtools-v109\4.8.1\selenium-devtools-v109-4.8.1.jar;C:\Users\WINDOWS 11\.m2\repository\org\seleniumhq\selenium\selenium-devtools-v110\4.8.1\selenium-devtools-v110-4.8.1.jar;C:\Users\WINDOWS 11\.m2\repository\org\seleniumhq\selenium\selenium-devtools-v85\4.8.1\selenium-devtools-v85-4.8.1.jar;C:\Users\WINDOWS 11\.m2\repository\org\seleniumhq\selenium\selenium-remote-driver\4.8.1\selenium-remote-driver-4.8.1.jar;C:\Users\WINDOWS 11\.m2\repository\com\beust\jcommander\1.82\jcommander-1.82.jar;C:\Users\WINDOWS 11\.m2\repository\io\netty\netty-buffer\4.1.87.Final\netty-buffer-4.1.87.Final.jar;C:\Users\WINDOWS 11\.m2\repository\io\netty\netty-codec-http\4.1.87.Final\netty-codec-http-4.1.87.Final.jar;C:\Users\WINDOWS 11\.m2\repository\io\netty\netty-codec\4.1.87.Final\netty-codec-4.1.87.Final.jar;C:\Users\WINDOWS 11\.m2\repository\io\netty\netty-handler\4.1.87.Final\netty-handler-4.1.87.Final.jar;C:\Users\WINDOWS 11\.m2\repository\io\netty\netty-common\4.1.87.Final\netty-common-4.1.87.Final.jar;C:\Users\WINDOWS 11\.m2\repository\io\netty\netty-transport-classes-epoll\4.1.87.Final\netty-transport-classes-epoll-4.1.87.Final.jar;C:\Users\WINDOWS 11\.m2\repository\io\netty\netty-transport-classes-kqueue\4.1.87.Final\netty-transport-classes-kqueue-4.1.87.Final.jar;C:\Users\WINDOWS 11\.m2\repository\io\netty\netty-transport-native-epoll\4.1.87.Final\netty-transport-native-epoll-4.1.87.Final.jar;C:\Users\WINDOWS 11\.m2\repository\io\netty\netty-transport-native-kqueue\4.1.87.Final\netty-transport-native-kqueue-4.1.87.Final.jar;C:\Users\WINDOWS 11\.m2\repository\io\netty\netty-transport-native-unix-common\4.1.87.Final\netty-transport-native-unix-common-4.1.87.Final.jar;C:\Users\WINDOWS 11\.m2\repository\io\netty\netty-transport\4.1.87.Final\netty-transport-4.1.87.Final.jar;C:\Users\WINDOWS 11\.m2\repository\io\netty\netty-resolver\4.1.87.Final\netty-resolver-4.1.87.Final.jar;C:\Users\WINDOWS 11\.m2\repository\io\opentelemetry\opentelemetry-api\1.22.0\opentelemetry-api-1.22.0.jar;C:\Users\WINDOWS 11\.m2\repository\io\opentelemetry\opentelemetry-context\1.22.0\opentelemetry-context-1.22.0.jar;C:\Users\WINDOWS 11\.m2\repository\io\opentelemetry\opentelemetry-exporter-logging\1.22.0\opentelemetry-exporter-logging-1.22.0.jar;C:\Users\WINDOWS 11\.m2\repository\io\opentelemetry\opentelemetry-sdk-metrics\1.22.0\opentelemetry-sdk-metrics-1.22.0.jar;C:\Users\WINDOWS 11\.m2\repository\io\opentelemetry\opentelemetry-sdk-logs\1.22.0-alpha\opentelemetry-sdk-logs-1.22.0-alpha.jar;C:\Users\WINDOWS 11\.m2\repository\io\opentelemetry\opentelemetry-api-logs\1.22.0-alpha\opentelemetry-api-logs-1.22.0-alpha.jar;C:\Users\WINDOWS 11\.m2\repository\io\opentelemetry\opentelemetry-sdk-common\1.22.0\opentelemetry-sdk-common-1.22.0.jar;C:\Users\WINDOWS 11\.m2\repository\io\opentelemetry\opentelemetry-sdk-extension-autoconfigure-spi\1.22.0\opentelemetry-sdk-extension-autoconfigure-spi-1.22.0.jar;C:\Users\WINDOWS 11\.m2\repository\io\opentelemetry\opentelemetry-sdk-extension-autoconfigure\1.22.0-alpha\opentelemetry-sdk-extension-autoconfigure-1.22.0-alpha.jar;C:\Users\WINDOWS 11\.m2\repository\io\opentelemetry\opentelemetry-sdk-trace\1.22.0\opentelemetry-sdk-trace-1.22.0.jar;C:\Users\WINDOWS 11\.m2\repository\io\opentelemetry\opentelemetry-sdk\1.22.0\opentelemetry-sdk-1.22.0.jar;C:\Users\WINDOWS 11\.m2\repository\io\opentelemetry\opentelemetry-semconv\1.22.0-alpha\opentelemetry-semconv-1.22.0-alpha.jar;C:\Users\WINDOWS 11\.m2\repository\io\ous\jtoml\2.0.0\jtoml-2.0.0.jar;C:\Users\WINDOWS 11\.m2\repository\org\apache\commons\commons-exec\1.3\commons-exec-1.3.jar;C:\Users\WINDOWS 11\.m2\repository\org\asynchttpclient\async-http-client\2.12.3\async-http-client-2.12.3.jar;C:\Users\WINDOWS 11\.m2\repository\org\asynchttpclient\async-http-client-netty-utils\2.12.3\async-http-client-netty-utils-2.12.3.jar;C:\Users\WINDOWS 11\.m2\repository\io\netty\netty-codec-socks\4.1.60.Final\netty-codec-socks-4.1.60.Final.jar;C:\Users\WINDOWS 11\.m2\repository\io\netty\netty-handler-proxy\4.1.60.Final\netty-handler-proxy-4.1.60.Final.jar;C:\Users\WINDOWS 11\.m2\repository\io\netty\netty-transport-native-epoll\4.1.60.Final\netty-transport-native-epoll-4.1.60.Final-linux-x86_64.jar;C:\Users\WINDOWS 11\.m2\repository\io\netty\netty-transport-native-kqueue\4.1.60.Final\netty-transport-native-kqueue-4.1.60.Final-osx-x86_64.jar;C:\Users\WINDOWS 11\.m2\repository\org\reactivestreams\reactive-streams\1.0.3\reactive-streams-1.0.3.jar;C:\Users\WINDOWS 11\.m2\repository\com\typesafe\netty\netty-reactive-streams\2.0.4\netty-reactive-streams-2.0.4.jar;C:\Users\WINDOWS 11\.m2\repository\org\seleniumhq\selenium\selenium-manager\4.8.1\selenium-manager-4.8.1.jar;C:\Users\WINDOWS 11\.m2\repository\org\seleniumhq\selenium\selenium-safari-driver\4.8.1\selenium-safari-driver-4.8.1.jar;C:\Users\WINDOWS 11\.m2\repository\org\seleniumhq\selenium\selenium-api\4.8.1\selenium-api-4.8.1.jar;C:\Users\WINDOWS 11\.m2\repository\org\seleniumhq\selenium\selenium-support\4.8.1\selenium-support-4.8.1.jar;C:\Users\WINDOWS 11\.m2\repository\com\google\auto\service\auto-service-annotations\1.0.1\auto-service-annotations-1.0.1.jar;C:\Users\WINDOWS 11\.m2\repository\com\google\auto\service\auto-service\1.0.1\auto-service-1.0.1.jar;C:\Users\WINDOWS 11\.m2\repository\com\google\auto\auto-common\1.2\auto-common-1.2.jar;C:\Users\WINDOWS 11\.m2\repository\org\seleniumhq\selenium\selenium-json\4.8.1\selenium-json-4.8.1.jar;C:\Users\WINDOWS 11\.m2\repository\org\seleniumhq\selenium\selenium-chrome-driver\4.8.1\selenium-chrome-driver-4.8.1.jar;C:\Users\WINDOWS 11\.m2\repository\org\seleniumhq\selenium\selenium-chromium-driver\4.8.1\selenium-chromium-driver-4.8.1.jar;C:\Users\WINDOWS 11\.m2\repository\org\seleniumhq\selenium\selenium-firefox-driver\4.8.1\selenium-firefox-driver-4.8.1.jar;C:\Users\WINDOWS 11\.m2\repository\org\seleniumhq\selenium\selenium-http\4.8.1\selenium-http-4.8.1.jar;C:\Users\WINDOWS 11\.m2\repository\dev\failsafe\failsafe\3.3.0\failsafe-3.3.0.jar;C:\Users\WINDOWS 11\.m2\repository\org\seleniumhq\selenium\selenium-edge-driver\4.8.1\selenium-edge-driver-4.8.1.jar;C:\Users\WINDOWS 11\.m2\repository\org\seleniumhq\selenium\selenium-ie-driver\4.8.1\selenium-ie-driver-4.8.1.jar;C:\Users\WINDOWS 11\.m2\repository\org\projectlombok\lombok\1.18.20\lombok-1.18.20.jar;C:\Users\WINDOWS 11\.m2\repository\io\appium\java-client\8.3.0\java-client-8.3.0.jar;C:\Users\WINDOWS 11\.m2\repository\commons-validator\commons-validator\1.7\commons-validator-1.7.jar;C:\Users\WINDOWS 11\.m2\repository\commons-digester\commons-digester\2.1\commons-digester-2.1.jar;C:\Users\WINDOWS 11\.m2\repository\org\apache\groovy\groovy\4.0.10\groovy-4.0.10.jar;C:\Users\WINDOWS 11\.m2\repository\net\sf\opencsv\opencsv\2.0\opencsv-2.0.jar;C:\Users\WINDOWS 11\.m2\repository\commons-beanutils\commons-beanutils\1.9.4\commons-beanutils-1.9.4.jar;C:\Users\WINDOWS 11\.m2\repository\org\apache\commons\commons-lang3\3.12.0\commons-lang3-3.12.0.jar;C:\Users\WINDOWS 11\.m2\repository\commons-collections\commons-collections\3.2.2\commons-collections-3.2.2.jar;C:\Users\WINDOWS 11\.m2\repository\org\fluentlenium\fluentlenium-core\0.10.2\fluentlenium-core-0.10.2.jar;C:\Users\WINDOWS 11\.m2\repository\io\github\bonigarcia\webdrivermanager\5.3.0\webdrivermanager-5.3.0.jar;C:\Users\WINDOWS 11\.m2\repository\com\github\docker-java\docker-java\3.2.13\docker-java-3.2.13.jar;C:\Users\WINDOWS 11\.m2\repository\com\github\docker-java\docker-java-core\3.2.13\docker-java-core-3.2.13.jar;C:\Users\WINDOWS 11\.m2\repository\com\github\docker-java\docker-java-api\3.2.13\docker-java-api-3.2.13.jar;C:\Users\WINDOWS 11\.m2\repository\org\apache\commons\commons-compress\1.21\commons-compress-1.21.jar;C:\Users\WINDOWS 11\.m2\repository\org\bouncycastle\bcpkix-jdk15on\1.64\bcpkix-jdk15on-1.64.jar;C:\Users\WINDOWS 11\.m2\repository\org\bouncycastle\bcprov-jdk15on\1.64\bcprov-jdk15on-1.64.jar;C:\Users\WINDOWS 11\.m2\repository\org\slf4j\jcl-over-slf4j\1.7.30\jcl-over-slf4j-1.7.30.jar;C:\Users\WINDOWS 11\.m2\repository\com\github\docker-java\docker-java-transport-httpclient5\3.2.13\docker-java-transport-httpclient5-3.2.13.jar;C:\Users\WINDOWS 11\.m2\repository\com\github\docker-java\docker-java-transport\3.2.13\docker-java-transport-3.2.13.jar;C:\Users\WINDOWS 11\.m2\repository\net\java\dev\jna\jna\5.8.0\jna-5.8.0.jar;C:\Users\WINDOWS 11\.m2\repository\org\brotli\dec\0.1.2\dec-0.1.2.jar;C:\Users\WINDOWS 11\.m2\repository\org\apache\httpcomponents\client5\httpclient5\5.1.3\httpclient5-5.1.3.jar;C:\Users\WINDOWS 11\.m2\repository\org\apache\httpcomponents\core5\httpcore5\5.1.3\httpcore5-5.1.3.jar;C:\Users\WINDOWS 11\.m2\repository\org\apache\httpcomponents\core5\httpcore5-h2\5.1.3\httpcore5-h2-5.1.3.jar;C:\Users\WINDOWS 11\.m2\repository\com\jhlabs\filters\2.0.235\filters-2.0.235.jar;C:\Users\WINDOWS 11\.m2\repository\com\paulhammant\ngwebdriver\1.1.6\ngwebdriver-1.1.6.jar;C:\Users\WINDOWS 11\.m2\repository\joda-time\joda-time\2.12.2\joda-time-2.12.2.jar;C:\Users\WINDOWS 11\.m2\repository\org\hamcrest\hamcrest\2.2\hamcrest-2.2.jar;C:\Users\WINDOWS 11\.m2\repository\com\google\jimfs\jimfs\1.2\jimfs-1.2.jar;C:\Users\WINDOWS 11\.m2\repository\org\mockito\mockito-core\3.3.3\mockito-core-3.3.3.jar;C:\Users\WINDOWS 11\.m2\repository\javax\xml\bind\jaxb-api\2.3.1\jaxb-api-2.3.1.jar;C:\Users\WINDOWS 11\.m2\repository\javax\activation\javax.activation-api\1.2.0\javax.activation-api-1.2.0.jar;C:\Users\WINDOWS 11\.m2\repository\com\sun\xml\bind\jaxb-core\2.3.0.1\jaxb-core-2.3.0.1.jar;C:\Users\WINDOWS 11\.m2\repository\com\sun\xml\bind\jaxb-impl\2.3.3\jaxb-impl-2.3.3.jar;C:\Users\WINDOWS 11\.m2\repository\jakarta\xml\bind\jakarta.xml.bind-api\2.3.3\jakarta.xml.bind-api-2.3.3.jar;C:\Users\WINDOWS 11\.m2\repository\com\sun\activation\jakarta.activation\1.2.2\jakarta.activation-1.2.2.jar;C:\Users\WINDOWS 11\.m2\repository\javax\activation\activation\1.1.1\activation-1.1.1.jar;C:\Users\WINDOWS 11\.m2\repository\net\serenity-bdd\serenity-cucumber\3.6.21\serenity-cucumber-3.6.21.jar;C:\Users\WINDOWS 11\.m2\repository\io\cucumber\cucumber-core\7.11.0\cucumber-core-7.11.0.jar;C:\Users\WINDOWS 11\.m2\repository\io\cucumber\cucumber-gherkin\7.11.0\cucumber-gherkin-7.11.0.jar;C:\Users\WINDOWS 11\.m2\repository\io\cucumber\cucumber-gherkin-messages\7.11.0\cucumber-gherkin-messages-7.11.0.jar;C:\Users\WINDOWS 11\.m2\repository\io\cucumber\gherkin\26.0.3\gherkin-26.0.3.jar;C:\Users\WINDOWS 11\.m2\repository\io\cucumber\messages\21.0.1\messages-21.0.1.jar;C:\Users\WINDOWS 11\.m2\repository\io\cucumber\tag-expressions\5.0.1\tag-expressions-5.0.1.jar;C:\Users\WINDOWS 11\.m2\repository\io\cucumber\cucumber-expressions\16.1.1\cucumber-expressions-16.1.1.jar;C:\Users\WINDOWS 11\.m2\repository\io\cucumber\datatable\7.11.0\datatable-7.11.0.jar;C:\Users\WINDOWS 11\.m2\repository\io\cucumber\cucumber-plugin\7.11.0\cucumber-plugin-7.11.0.jar;C:\Users\WINDOWS 11\.m2\repository\io\cucumber\docstring\7.11.0\docstring-7.11.0.jar;C:\Users\WINDOWS 11\.m2\repository\io\cucumber\html-formatter\20.2.1\html-formatter-20.2.1.jar;C:\Users\WINDOWS 11\.m2\repository\io\cucumber\junit-xml-formatter\0.1.0\junit-xml-formatter-0.1.0.jar;C:\Users\WINDOWS 11\.m2\repository\io\cucumber\ci-environment\9.1.0\ci-environment-9.1.0.jar;C:\Users\WINDOWS 11\.m2\repository\io\cucumber\cucumber-java\7.11.0\cucumber-java-7.11.0.jar;C:\Users\WINDOWS 11\.m2\repository\io\cucumber\cucumber-junit\7.11.0\cucumber-junit-7.11.0.jar;C:\Users\WINDOWS 11\.m2\repository\org\apache\commons\commons-csv\1.5\commons-csv-1.5.jar;C:\Users\WINDOWS 11\.m2\repository\net\serenity-bdd\serenity-screenplay\3.6.21\serenity-screenplay-3.6.21.jar;C:\Users\WINDOWS 11\.m2\repository\net\serenity-bdd\serenity-screenplay-webdriver\3.6.21\serenity-screenplay-webdriver-3.6.21.jar;C:\Users\WINDOWS 11\.m2\repository\net\serenity-bdd\serenity-ensure\3.6.21\serenity-ensure-3.6.21.jar;C:\Users\WINDOWS 11\.m2\repository\net\serenity-bdd\serenity-junit\3.6.21\serenity-junit-3.6.21.jar;C:\Users\WINDOWS 11\.m2\repository\org\jetbrains\kotlin\kotlin-stdlib\1.8.10\kotlin-stdlib-1.8.10.jar;C:\Users\WINDOWS 11\.m2\repository\org\jetbrains\kotlin\kotlin-stdlib-common\1.8.10\kotlin-stdlib-common-1.8.10.jar;C:\Users\WINDOWS 11\.m2\repository\org\jetbrains\annotations\13.0\annotations-13.0.jar;C:\Users\WINDOWS 11\.m2\repository\org\junit\platform\junit-platform-launcher\1.8.2\junit-platform-launcher-1.8.2.jar;C:\Users\WINDOWS 11\.m2\repository\org\junit\platform\junit-platform-engine\1.8.2\junit-platform-engine-1.8.2.jar;C:\Users\WINDOWS 11\.m2\repository\org\opentest4j\opentest4j\1.2.0\opentest4j-1.2.0.jar;C:\Users\WINDOWS 11\.m2\repository\org\junit\platform\junit-platform-commons\1.8.2\junit-platform-commons-1.8.2.jar;C:\Users\WINDOWS 11\.m2\repository\org\apiguardian\apiguardian-api\1.1.2\apiguardian-api-1.1.2.jar;C:\Users\WINDOWS 11\.m2\repository\org\junit\jupiter\junit-jupiter-engine\5.8.2\junit-jupiter-engine-5.8.2.jar;C:\Users\WINDOWS 11\.m2\repository\org\junit\jupiter\junit-jupiter-api\5.8.2\junit-jupiter-api-5.8.2.jar;C:\Users\WINDOWS 11\.m2\repository\org\junit\vintage\junit-vintage-engine\5.8.2\junit-vintage-engine-5.8.2.jar;C:\Users\WINDOWS 11\.m2\repository\junit\junit\4.13.2\junit-4.13.2.jar;C:\Users\WINDOWS 11\.m2\repository\org\hamcrest\hamcrest-core\1.3\hamcrest-core-1.3.jar;C:\Users\WINDOWS 11\.m2\repository\ch\qos\logback\logback-classic\1.2.10\logback-classic-1.2.10.jar;C:\Users\WINDOWS 11\.m2\repository\ch\qos\logback\logback-core\1.2.10\logback-core-1.2.10.jar;C:\Users\WINDOWS 11\.m2\repository\org\slf4j\slf4j-api\1.7.32\slf4j-api-1.7.32.jar;C:\Users\WINDOWS 11\.m2\repository\org\assertj\assertj-core\3.23.1\assertj-core-3.23.1.jar;C:\Users\WINDOWS 11\.m2\repository\net\bytebuddy\byte-buddy\1.12.10\byte-buddy-1.12.10.jar;"/>
    <property name="sun.cpu.endian" value="little"/>
    <property name="user.home" value="C:\Users\WINDOWS 11"/>
    <property name="user.language" value="en"/>
    <property name="java.specification.vendor" value="Oracle Corporation"/>
    <property name="jdk.module.path" value="C:\Users\WINDOWS 11\IdeaProjects\web-automation-using-serenity\target\web-automation-using-serenity-1.0-SNAPSHOT.jar"/>
    <property name="java.version.date" value="2022-09-20"/>
    <property name="java.home" value="C:\Program Files\Java\jdk-19"/>
    <property name="file.separator" value="\"/>
    <property name="basedir" value="C:\Users\WINDOWS 11\IdeaProjects\web-automation-using-serenity"/>
    <property name="java.vm.compressedOopsMode" value="32-bit"/>
    <property name="line.separator" value="&#10;"/>
    <property name="java.vm.specification.vendor" value="Oracle Corporation"/>
    <property name="java.specification.name" value="Java Platform API Specification"/>
    <property name="surefire.real.class.path" value="C:\Users\WINDOWS 11\.m2\repository\org\apache\maven\surefire\surefire-booter\3.0.0-M5\surefire-booter-3.0.0-M5.jar;C:\Users\WINDOWS 11\.m2\repository\org\apache\maven\surefire\surefire-api\3.0.0-M5\surefire-api-3.0.0-M5.jar;C:\Users\WINDOWS 11\.m2\repository\org\apache\maven\surefire\surefire-logger-api\3.0.0-M5\surefire-logger-api-3.0.0-M5.jar;C:\Users\WINDOWS 11\.m2\repository\org\apache\maven\surefire\surefire-shared-utils\3.0.0-M4\surefire-shared-utils-3.0.0-M4.jar;C:\Users\WINDOWS 11\.m2\repository\org\apache\maven\surefire\surefire-extensions-spi\3.0.0-M5\surefire-extensions-spi-3.0.0-M5.jar;C:\Users\WINDOWS 11\IdeaProjects\web-automation-using-serenity\target\test-classes;C:\Users\WINDOWS 11\.m2\repository\net\serenity-bdd\serenity-core\3.6.21\serenity-core-3.6.21.jar;C:\Users\WINDOWS 11\.m2\repository\net\serenity-bdd\serenity-model\3.6.21\serenity-model-3.6.21.jar;C:\Users\WINDOWS 11\.m2\repository\org\apache\commons\commons-text\1.10.0\commons-text-1.10.0.jar;C:\Users\WINDOWS 11\.m2\repository\commons-net\commons-net\3.9.0\commons-net-3.9.0.jar;C:\Users\WINDOWS 11\.m2\repository\com\google\guava\guava\31.1-jre\guava-31.1-jre.jar;C:\Users\WINDOWS 11\.m2\repository\com\google\guava\failureaccess\1.0.1\failureaccess-1.0.1.jar;C:\Users\WINDOWS 11\.m2\repository\com\google\guava\listenablefuture\9999.0-empty-to-avoid-conflict-with-guava\listenablefuture-9999.0-empty-to-avoid-conflict-with-guava.jar;C:\Users\WINDOWS 11\.m2\repository\com\google\code\findbugs\jsr305\3.0.2\jsr305-3.0.2.jar;C:\Users\WINDOWS 11\.m2\repository\org\checkerframework\checker-qual\3.12.0\checker-qual-3.12.0.jar;C:\Users\WINDOWS 11\.m2\repository\com\google\errorprone\error_prone_annotations\2.11.0\error_prone_annotations-2.11.0.jar;C:\Users\WINDOWS 11\.m2\repository\com\google\j2objc\j2objc-annotations\1.3\j2objc-annotations-1.3.jar;C:\Users\WINDOWS 11\.m2\repository\com\google\inject\guice\5.1.0\guice-5.1.0.jar;C:\Users\WINDOWS 11\.m2\repository\javax\inject\javax.inject\1\javax.inject-1.jar;C:\Users\WINDOWS 11\.m2\repository\aopalliance\aopalliance\1.0\aopalliance-1.0.jar;C:\Users\WINDOWS 11\.m2\repository\org\jsoup\jsoup\1.14.3\jsoup-1.14.3.jar;C:\Users\WINDOWS 11\.m2\repository\com\thoughtworks\xstream\xstream\1.4.20\xstream-1.4.20.jar;C:\Users\WINDOWS 11\.m2\repository\io\github\x-stream\mxparser\1.2.2\mxparser-1.2.2.jar;C:\Users\WINDOWS 11\.m2\repository\xmlpull\xmlpull\1.1.3.1\xmlpull-1.1.3.1.jar;C:\Users\WINDOWS 11\.m2\repository\com\typesafe\config\1.4.2\config-1.4.2.jar;C:\Users\WINDOWS 11\.m2\repository\org\imgscalr\imgscalr-lib\4.2\imgscalr-lib-4.2.jar;C:\Users\WINDOWS 11\.m2\repository\org\awaitility\awaitility\4.2.0\awaitility-4.2.0.jar;C:\Users\WINDOWS 11\.m2\repository\org\freemarker\freemarker\2.3.31\freemarker-2.3.31.jar;C:\Users\WINDOWS 11\.m2\repository\io\github\classgraph\classgraph\4.8.138\classgraph-4.8.138.jar;C:\Users\WINDOWS 11\.m2\repository\net\sourceforge\jexcelapi\jxl\2.6.12\jxl-2.6.12.jar;C:\Users\WINDOWS 11\.m2\repository\net\bytebuddy\byte-buddy-agent\1.14.2\byte-buddy-agent-1.14.2.jar;C:\Users\WINDOWS 11\.m2\repository\org\objenesis\objenesis\3.3\objenesis-3.3.jar;C:\Users\WINDOWS 11\.m2\repository\net\serenity-bdd\serenity-reports\3.6.21\serenity-reports-3.6.21.jar;C:\Users\WINDOWS 11\.m2\repository\net\serenity-bdd\serenity-stats\3.6.21\serenity-stats-3.6.21.jar;C:\Users\WINDOWS 11\.m2\repository\net\serenity-bdd\serenity-reports-configuration\3.6.21\serenity-reports-configuration-3.6.21.jar;C:\Users\WINDOWS 11\.m2\repository\com\vladsch\flexmark\flexmark-all\0.62.2\flexmark-all-0.62.2.jar;C:\Users\WINDOWS 11\.m2\repository\com\vladsch\flexmark\flexmark\0.62.2\flexmark-0.62.2.jar;C:\Users\WINDOWS 11\.m2\repository\com\vladsch\flexmark\flexmark-ext-abbreviation\0.62.2\flexmark-ext-abbreviation-0.62.2.jar;C:\Users\WINDOWS 11\.m2\repository\com\vladsch\flexmark\flexmark-util\0.62.2\flexmark-util-0.62.2.jar;C:\Users\WINDOWS 11\.m2\repository\com\vladsch\flexmark\flexmark-ext-admonition\0.62.2\flexmark-ext-admonition-0.62.2.jar;C:\Users\WINDOWS 11\.m2\repository\com\vladsch\flexmark\flexmark-ext-anchorlink\0.62.2\flexmark-ext-anchorlink-0.62.2.jar;C:\Users\WINDOWS 11\.m2\repository\com\vladsch\flexmark\flexmark-ext-aside\0.62.2\flexmark-ext-aside-0.62.2.jar;C:\Users\WINDOWS 11\.m2\repository\com\vladsch\flexmark\flexmark-ext-attributes\0.62.2\flexmark-ext-attributes-0.62.2.jar;C:\Users\WINDOWS 11\.m2\repository\com\vladsch\flexmark\flexmark-ext-autolink\0.62.2\flexmark-ext-autolink-0.62.2.jar;C:\Users\WINDOWS 11\.m2\repository\org\nibor\autolink\autolink\0.6.0\autolink-0.6.0.jar;C:\Users\WINDOWS 11\.m2\repository\com\vladsch\flexmark\flexmark-ext-definition\0.62.2\flexmark-ext-definition-0.62.2.jar;C:\Users\WINDOWS 11\.m2\repository\com\vladsch\flexmark\flexmark-ext-emoji\0.62.2\flexmark-ext-emoji-0.62.2.jar;C:\Users\WINDOWS 11\.m2\repository\com\vladsch\flexmark\flexmark-ext-enumerated-reference\0.62.2\flexmark-ext-enumerated-reference-0.62.2.jar;C:\Users\WINDOWS 11\.m2\repository\com\vladsch\flexmark\flexmark-ext-escaped-character\0.62.2\flexmark-ext-escaped-character-0.62.2.jar;C:\Users\WINDOWS 11\.m2\repository\com\vladsch\flexmark\flexmark-ext-footnotes\0.62.2\flexmark-ext-footnotes-0.62.2.jar;C:\Users\WINDOWS 11\.m2\repository\com\vladsch\flexmark\flexmark-ext-gfm-issues\0.62.2\flexmark-ext-gfm-issues-0.62.2.jar;C:\Users\WINDOWS 11\.m2\repository\com\vladsch\flexmark\flexmark-ext-gfm-strikethrough\0.62.2\flexmark-ext-gfm-strikethrough-0.62.2.jar;C:\Users\WINDOWS 11\.m2\repository\com\vladsch\flexmark\flexmark-ext-gfm-tasklist\0.62.2\flexmark-ext-gfm-tasklist-0.62.2.jar;C:\Users\WINDOWS 11\.m2\repository\com\vladsch\flexmark\flexmark-ext-gfm-users\0.62.2\flexmark-ext-gfm-users-0.62.2.jar;C:\Users\WINDOWS 11\.m2\repository\com\vladsch\flexmark\flexmark-ext-gitlab\0.62.2\flexmark-ext-gitlab-0.62.2.jar;C:\Users\WINDOWS 11\.m2\repository\com\vladsch\flexmark\flexmark-ext-jekyll-front-matter\0.62.2\flexmark-ext-jekyll-front-matter-0.62.2.jar;C:\Users\WINDOWS 11\.m2\repository\com\vladsch\flexmark\flexmark-ext-jekyll-tag\0.62.2\flexmark-ext-jekyll-tag-0.62.2.jar;C:\Users\WINDOWS 11\.m2\repository\com\vladsch\flexmark\flexmark-ext-media-tags\0.62.2\flexmark-ext-media-tags-0.62.2.jar;C:\Users\WINDOWS 11\.m2\repository\com\vladsch\flexmark\flexmark-ext-macros\0.62.2\flexmark-ext-macros-0.62.2.jar;C:\Users\WINDOWS 11\.m2\repository\com\vladsch\flexmark\flexmark-ext-ins\0.62.2\flexmark-ext-ins-0.62.2.jar;C:\Users\WINDOWS 11\.m2\repository\com\vladsch\flexmark\flexmark-ext-xwiki-macros\0.62.2\flexmark-ext-xwiki-macros-0.62.2.jar;C:\Users\WINDOWS 11\.m2\repository\com\vladsch\flexmark\flexmark-ext-superscript\0.62.2\flexmark-ext-superscript-0.62.2.jar;C:\Users\WINDOWS 11\.m2\repository\com\vladsch\flexmark\flexmark-ext-tables\0.62.2\flexmark-ext-tables-0.62.2.jar;C:\Users\WINDOWS 11\.m2\repository\com\vladsch\flexmark\flexmark-ext-toc\0.62.2\flexmark-ext-toc-0.62.2.jar;C:\Users\WINDOWS 11\.m2\repository\com\vladsch\flexmark\flexmark-ext-typographic\0.62.2\flexmark-ext-typographic-0.62.2.jar;C:\Users\WINDOWS 11\.m2\repository\com\vladsch\flexmark\flexmark-ext-wikilink\0.62.2\flexmark-ext-wikilink-0.62.2.jar;C:\Users\WINDOWS 11\.m2\repository\com\vladsch\flexmark\flexmark-ext-yaml-front-matter\0.62.2\flexmark-ext-yaml-front-matter-0.62.2.jar;C:\Users\WINDOWS 11\.m2\repository\com\vladsch\flexmark\flexmark-ext-youtube-embedded\0.62.2\flexmark-ext-youtube-embedded-0.62.2.jar;C:\Users\WINDOWS 11\.m2\repository\com\vladsch\flexmark\flexmark-html2md-converter\0.62.2\flexmark-html2md-converter-0.62.2.jar;C:\Users\WINDOWS 11\.m2\repository\com\vladsch\flexmark\flexmark-jira-converter\0.62.2\flexmark-jira-converter-0.62.2.jar;C:\Users\WINDOWS 11\.m2\repository\com\vladsch\flexmark\flexmark-pdf-converter\0.62.2\flexmark-pdf-converter-0.62.2.jar;C:\Users\WINDOWS 11\.m2\repository\com\openhtmltopdf\openhtmltopdf-core\1.0.0\openhtmltopdf-core-1.0.0.jar;C:\Users\WINDOWS 11\.m2\repository\com\openhtmltopdf\openhtmltopdf-pdfbox\1.0.0\openhtmltopdf-pdfbox-1.0.0.jar;C:\Users\WINDOWS 11\.m2\repository\org\apache\pdfbox\pdfbox\2.0.16\pdfbox-2.0.16.jar;C:\Users\WINDOWS 11\.m2\repository\org\apache\pdfbox\fontbox\2.0.16\fontbox-2.0.16.jar;C:\Users\WINDOWS 11\.m2\repository\org\apache\pdfbox\xmpbox\2.0.16\xmpbox-2.0.16.jar;C:\Users\WINDOWS 11\.m2\repository\de\rototor\pdfbox\graphics2d\0.24\graphics2d-0.24.jar;C:\Users\WINDOWS 11\.m2\repository\com\openhtmltopdf\openhtmltopdf-rtl-support\1.0.0\openhtmltopdf-rtl-support-1.0.0.jar;C:\Users\WINDOWS 11\.m2\repository\com\openhtmltopdf\openhtmltopdf-jsoup-dom-converter\1.0.0\openhtmltopdf-jsoup-dom-converter-1.0.0.jar;C:\Users\WINDOWS 11\.m2\repository\com\vladsch\flexmark\flexmark-profile-pegdown\0.62.2\flexmark-profile-pegdown-0.62.2.jar;C:\Users\WINDOWS 11\.m2\repository\com\vladsch\flexmark\flexmark-util-ast\0.62.2\flexmark-util-ast-0.62.2.jar;C:\Users\WINDOWS 11\.m2\repository\com\vladsch\flexmark\flexmark-util-builder\0.62.2\flexmark-util-builder-0.62.2.jar;C:\Users\WINDOWS 11\.m2\repository\com\vladsch\flexmark\flexmark-util-collection\0.62.2\flexmark-util-collection-0.62.2.jar;C:\Users\WINDOWS 11\.m2\repository\com\vladsch\flexmark\flexmark-util-data\0.62.2\flexmark-util-data-0.62.2.jar;C:\Users\WINDOWS 11\.m2\repository\com\vladsch\flexmark\flexmark-util-dependency\0.62.2\flexmark-util-dependency-0.62.2.jar;C:\Users\WINDOWS 11\.m2\repository\com\vladsch\flexmark\flexmark-util-format\0.62.2\flexmark-util-format-0.62.2.jar;C:\Users\WINDOWS 11\.m2\repository\com\vladsch\flexmark\flexmark-util-html\0.62.2\flexmark-util-html-0.62.2.jar;C:\Users\WINDOWS 11\.m2\repository\com\vladsch\flexmark\flexmark-util-misc\0.62.2\flexmark-util-misc-0.62.2.jar;C:\Users\WINDOWS 11\.m2\repository\com\vladsch\flexmark\flexmark-util-options\0.62.2\flexmark-util-options-0.62.2.jar;C:\Users\WINDOWS 11\.m2\repository\com\vladsch\flexmark\flexmark-util-sequence\0.62.2\flexmark-util-sequence-0.62.2.jar;C:\Users\WINDOWS 11\.m2\repository\com\vladsch\flexmark\flexmark-util-visitor\0.62.2\flexmark-util-visitor-0.62.2.jar;C:\Users\WINDOWS 11\.m2\repository\com\vladsch\flexmark\flexmark-youtrack-converter\0.62.2\flexmark-youtrack-converter-0.62.2.jar;C:\Users\WINDOWS 11\.m2\repository\com\ibm\icu\icu4j\72.1\icu4j-72.1.jar;C:\Users\WINDOWS 11\.m2\repository\es\nitaur\markdown\txtmark\0.16\txtmark-0.16.jar;C:\Users\WINDOWS 11\.m2\repository\net\serenity-bdd\serenity-report-resources\3.6.21\serenity-report-resources-3.6.21.jar;C:\Users\WINDOWS 11\.m2\repository\com\google\code\gson\gson\2.10.1\gson-2.10.1.jar;C:\Users\WINDOWS 11\.m2\repository\com\fasterxml\jackson\core\jackson-core\2.15.0-rc1\jackson-core-2.15.0-rc1.jar;C:\Users\WINDOWS 11\.m2\repository\com\fasterxml\jackson\core\jackson-databind\2.15.0-rc1\jackson-databind-2.15.0-rc1.jar;C:\Users\WINDOWS 11\.m2\repository\com\fasterxml\jackson\core\jackson-annotations\2.15.0-rc1\jackson-annotations-2.15.0-rc1.jar;C:\Users\WINDOWS 11\.m2\repository\commons-codec\commons-codec\1.15\commons-codec-1.15.jar;C:\Users\WINDOWS 11\.m2\repository\commons-io\commons-io\2.11.0\commons-io-2.11.0.jar;C:\Users\WINDOWS 11\.m2\repository\org\apache\httpcomponents\httpclient\4.5.13\httpclient-4.5.13.jar;C:\Users\WINDOWS 11\.m2\repository\org\apache\httpcomponents\httpcore\4.4.13\httpcore-4.4.13.jar;C:\Users\WINDOWS 11\.m2\repository\commons-logging\commons-logging\1.2\commons-logging-1.2.jar;C:\Users\WINDOWS 11\.m2\repository\org\seleniumhq\selenium\selenium-java\4.8.1\selenium-java-4.8.1.jar;C:\Users\WINDOWS 11\.m2\repository\org\seleniumhq\selenium\selenium-devtools-v108\4.8.1\selenium-devtools-v108-4.8.1.jar;C:\Users\WINDOWS 11\.m2\repository\org\seleniumhq\selenium\selenium-devtools-v109\4.8.1\selenium-devtools-v109-4.8.1.jar;C:\Users\WINDOWS 11\.m2\repository\org\seleniumhq\selenium\selenium-devtools-v110\4.8.1\selenium-devtools-v110-4.8.1.jar;C:\Users\WINDOWS 11\.m2\repository\org\seleniumhq\selenium\selenium-devtools-v85\4.8.1\selenium-devtools-v85-4.8.1.jar;C:\Users\WINDOWS 11\.m2\repository\org\seleniumhq\selenium\selenium-remote-driver\4.8.1\selenium-remote-driver-4.8.1.jar;C:\Users\WINDOWS 11\.m2\repository\com\beust\jcommander\1.82\jcommander-1.82.jar;C:\Users\WINDOWS 11\.m2\repository\io\netty\netty-buffer\4.1.87.Final\netty-buffer-4.1.87.Final.jar;C:\Users\WINDOWS 11\.m2\repository\io\netty\netty-codec-http\4.1.87.Final\netty-codec-http-4.1.87.Final.jar;C:\Users\WINDOWS 11\.m2\repository\io\netty\netty-codec\4.1.87.Final\netty-codec-4.1.87.Final.jar;C:\Users\WINDOWS 11\.m2\repository\io\netty\netty-handler\4.1.87.Final\netty-handler-4.1.87.Final.jar;C:\Users\WINDOWS 11\.m2\repository\io\netty\netty-common\4.1.87.Final\netty-common-4.1.87.Final.jar;C:\Users\WINDOWS 11\.m2\repository\io\netty\netty-transport-classes-epoll\4.1.87.Final\netty-transport-classes-epoll-4.1.87.Final.jar;C:\Users\WINDOWS 11\.m2\repository\io\netty\netty-transport-classes-kqueue\4.1.87.Final\netty-transport-classes-kqueue-4.1.87.Final.jar;C:\Users\WINDOWS 11\.m2\repository\io\netty\netty-transport-native-epoll\4.1.87.Final\netty-transport-native-epoll-4.1.87.Final.jar;C:\Users\WINDOWS 11\.m2\repository\io\netty\netty-transport-native-kqueue\4.1.87.Final\netty-transport-native-kqueue-4.1.87.Final.jar;C:\Users\WINDOWS 11\.m2\repository\io\netty\netty-transport-native-unix-common\4.1.87.Final\netty-transport-native-unix-common-4.1.87.Final.jar;C:\Users\WINDOWS 11\.m2\repository\io\netty\netty-transport\4.1.87.Final\netty-transport-4.1.87.Final.jar;C:\Users\WINDOWS 11\.m2\repository\io\netty\netty-resolver\4.1.87.Final\netty-resolver-4.1.87.Final.jar;C:\Users\WINDOWS 11\.m2\repository\io\opentelemetry\opentelemetry-api\1.22.0\opentelemetry-api-1.22.0.jar;C:\Users\WINDOWS 11\.m2\repository\io\opentelemetry\opentelemetry-context\1.22.0\opentelemetry-context-1.22.0.jar;C:\Users\WINDOWS 11\.m2\repository\io\opentelemetry\opentelemetry-exporter-logging\1.22.0\opentelemetry-exporter-logging-1.22.0.jar;C:\Users\WINDOWS 11\.m2\repository\io\opentelemetry\opentelemetry-sdk-metrics\1.22.0\opentelemetry-sdk-metrics-1.22.0.jar;C:\Users\WINDOWS 11\.m2\repository\io\opentelemetry\opentelemetry-sdk-logs\1.22.0-alpha\opentelemetry-sdk-logs-1.22.0-alpha.jar;C:\Users\WINDOWS 11\.m2\repository\io\opentelemetry\opentelemetry-api-logs\1.22.0-alpha\opentelemetry-api-logs-1.22.0-alpha.jar;C:\Users\WINDOWS 11\.m2\repository\io\opentelemetry\opentelemetry-sdk-common\1.22.0\opentelemetry-sdk-common-1.22.0.jar;C:\Users\WINDOWS 11\.m2\repository\io\opentelemetry\opentelemetry-sdk-extension-autoconfigure-spi\1.22.0\opentelemetry-sdk-extension-autoconfigure-spi-1.22.0.jar;C:\Users\WINDOWS 11\.m2\repository\io\opentelemetry\opentelemetry-sdk-extension-autoconfigure\1.22.0-alpha\opentelemetry-sdk-extension-autoconfigure-1.22.0-alpha.jar;C:\Users\WINDOWS 11\.m2\repository\io\opentelemetry\opentelemetry-sdk-trace\1.22.0\opentelemetry-sdk-trace-1.22.0.jar;C:\Users\WINDOWS 11\.m2\repository\io\opentelemetry\opentelemetry-sdk\1.22.0\opentelemetry-sdk-1.22.0.jar;C:\Users\WINDOWS 11\.m2\repository\io\opentelemetry\opentelemetry-semconv\1.22.0-alpha\opentelemetry-semconv-1.22.0-alpha.jar;C:\Users\WINDOWS 11\.m2\repository\io\ous\jtoml\2.0.0\jtoml-2.0.0.jar;C:\Users\WINDOWS 11\.m2\repository\org\apache\commons\commons-exec\1.3\commons-exec-1.3.jar;C:\Users\WINDOWS 11\.m2\repository\org\asynchttpclient\async-http-client\2.12.3\async-http-client-2.12.3.jar;C:\Users\WINDOWS 11\.m2\repository\org\asynchttpclient\async-http-client-netty-utils\2.12.3\async-http-client-netty-utils-2.12.3.jar;C:\Users\WINDOWS 11\.m2\repository\io\netty\netty-codec-socks\4.1.60.Final\netty-codec-socks-4.1.60.Final.jar;C:\Users\WINDOWS 11\.m2\repository\io\netty\netty-handler-proxy\4.1.60.Final\netty-handler-proxy-4.1.60.Final.jar;C:\Users\WINDOWS 11\.m2\repository\io\netty\netty-transport-native-epoll\4.1.60.Final\netty-transport-native-epoll-4.1.60.Final-linux-x86_64.jar;C:\Users\WINDOWS 11\.m2\repository\io\netty\netty-transport-native-kqueue\4.1.60.Final\netty-transport-native-kqueue-4.1.60.Final-osx-x86_64.jar;C:\Users\WINDOWS 11\.m2\repository\org\reactivestreams\reactive-streams\1.0.3\reactive-streams-1.0.3.jar;C:\Users\WINDOWS 11\.m2\repository\com\typesafe\netty\netty-reactive-streams\2.0.4\netty-reactive-streams-2.0.4.jar;C:\Users\WINDOWS 11\.m2\repository\org\seleniumhq\selenium\selenium-manager\4.8.1\selenium-manager-4.8.1.jar;C:\Users\WINDOWS 11\.m2\repository\org\seleniumhq\selenium\selenium-safari-driver\4.8.1\selenium-safari-driver-4.8.1.jar;C:\Users\WINDOWS 11\.m2\repository\org\seleniumhq\selenium\selenium-api\4.8.1\selenium-api-4.8.1.jar;C:\Users\WINDOWS 11\.m2\repository\org\seleniumhq\selenium\selenium-support\4.8.1\selenium-support-4.8.1.jar;C:\Users\WINDOWS 11\.m2\repository\com\google\auto\service\auto-service-annotations\1.0.1\auto-service-annotations-1.0.1.jar;C:\Users\WINDOWS 11\.m2\repository\com\google\auto\service\auto-service\1.0.1\auto-service-1.0.1.jar;C:\Users\WINDOWS 11\.m2\repository\com\google\auto\auto-common\1.2\auto-common-1.2.jar;C:\Users\WINDOWS 11\.m2\repository\org\seleniumhq\selenium\selenium-json\4.8.1\selenium-json-4.8.1.jar;C:\Users\WINDOWS 11\.m2\repository\org\seleniumhq\selenium\selenium-chrome-driver\4.8.1\selenium-chrome-driver-4.8.1.jar;C:\Users\WINDOWS 11\.m2\repository\org\seleniumhq\selenium\selenium-chromium-driver\4.8.1\selenium-chromium-driver-4.8.1.jar;C:\Users\WINDOWS 11\.m2\repository\org\seleniumhq\selenium\selenium-firefox-driver\4.8.1\selenium-firefox-driver-4.8.1.jar;C:\Users\WINDOWS 11\.m2\repository\org\seleniumhq\selenium\selenium-http\4.8.1\selenium-http-4.8.1.jar;C:\Users\WINDOWS 11\.m2\repository\dev\failsafe\failsafe\3.3.0\failsafe-3.3.0.jar;C:\Users\WINDOWS 11\.m2\repository\org\seleniumhq\selenium\selenium-edge-driver\4.8.1\selenium-edge-driver-4.8.1.jar;C:\Users\WINDOWS 11\.m2\repository\org\seleniumhq\selenium\selenium-ie-driver\4.8.1\selenium-ie-driver-4.8.1.jar;C:\Users\WINDOWS 11\.m2\repository\org\projectlombok\lombok\1.18.20\lombok-1.18.20.jar;C:\Users\WINDOWS 11\.m2\repository\io\appium\java-client\8.3.0\java-client-8.3.0.jar;C:\Users\WINDOWS 11\.m2\repository\commons-validator\commons-validator\1.7\commons-validator-1.7.jar;C:\Users\WINDOWS 11\.m2\repository\commons-digester\commons-digester\2.1\commons-digester-2.1.jar;C:\Users\WINDOWS 11\.m2\repository\org\apache\groovy\groovy\4.0.10\groovy-4.0.10.jar;C:\Users\WINDOWS 11\.m2\repository\net\sf\opencsv\opencsv\2.0\opencsv-2.0.jar;C:\Users\WINDOWS 11\.m2\repository\commons-beanutils\commons-beanutils\1.9.4\commons-beanutils-1.9.4.jar;C:\Users\WINDOWS 11\.m2\repository\org\apache\commons\commons-lang3\3.12.0\commons-lang3-3.12.0.jar;C:\Users\WINDOWS 11\.m2\repository\commons-collections\commons-collections\3.2.2\commons-collections-3.2.2.jar;C:\Users\WINDOWS 11\.m2\repository\org\fluentlenium\fluentlenium-core\0.10.2\fluentlenium-core-0.10.2.jar;C:\Users\WINDOWS 11\.m2\repository\io\github\bonigarcia\webdrivermanager\5.3.0\webdrivermanager-5.3.0.jar;C:\Users\WINDOWS 11\.m2\repository\com\github\docker-java\docker-java\3.2.13\docker-java-3.2.13.jar;C:\Users\WINDOWS 11\.m2\repository\com\github\docker-java\docker-java-core\3.2.13\docker-java-core-3.2.13.jar;C:\Users\WINDOWS 11\.m2\repository\com\github\docker-java\docker-java-api\3.2.13\docker-java-api-3.2.13.jar;C:\Users\WINDOWS 11\.m2\repository\org\apache\commons\commons-compress\1.21\commons-compress-1.21.jar;C:\Users\WINDOWS 11\.m2\repository\org\bouncycastle\bcpkix-jdk15on\1.64\bcpkix-jdk15on-1.64.jar;C:\Users\WINDOWS 11\.m2\repository\org\bouncycastle\bcprov-jdk15on\1.64\bcprov-jdk15on-1.64.jar;C:\Users\WINDOWS 11\.m2\repository\org\slf4j\jcl-over-slf4j\1.7.30\jcl-over-slf4j-1.7.30.jar;C:\Users\WINDOWS 11\.m2\repository\com\github\docker-java\docker-java-transport-httpclient5\3.2.13\docker-java-transport-httpclient5-3.2.13.jar;C:\Users\WINDOWS 11\.m2\repository\com\github\docker-java\docker-java-transport\3.2.13\docker-java-transport-3.2.13.jar;C:\Users\WINDOWS 11\.m2\repository\net\java\dev\jna\jna\5.8.0\jna-5.8.0.jar;C:\Users\WINDOWS 11\.m2\repository\org\brotli\dec\0.1.2\dec-0.1.2.jar;C:\Users\WINDOWS 11\.m2\repository\org\apache\httpcomponents\client5\httpclient5\5.1.3\httpclient5-5.1.3.jar;C:\Users\WINDOWS 11\.m2\repository\org\apache\httpcomponents\core5\httpcore5\5.1.3\httpcore5-5.1.3.jar;C:\Users\WINDOWS 11\.m2\repository\org\apache\httpcomponents\core5\httpcore5-h2\5.1.3\httpcore5-h2-5.1.3.jar;C:\Users\WINDOWS 11\.m2\repository\com\jhlabs\filters\2.0.235\filters-2.0.235.jar;C:\Users\WINDOWS 11\.m2\repository\com\paulhammant\ngwebdriver\1.1.6\ngwebdriver-1.1.6.jar;C:\Users\WINDOWS 11\.m2\repository\joda-time\joda-time\2.12.2\joda-time-2.12.2.jar;C:\Users\WINDOWS 11\.m2\repository\org\hamcrest\hamcrest\2.2\hamcrest-2.2.jar;C:\Users\WINDOWS 11\.m2\repository\com\google\jimfs\jimfs\1.2\jimfs-1.2.jar;C:\Users\WINDOWS 11\.m2\repository\org\mockito\mockito-core\3.3.3\mockito-core-3.3.3.jar;C:\Users\WINDOWS 11\.m2\repository\javax\xml\bind\jaxb-api\2.3.1\jaxb-api-2.3.1.jar;C:\Users\WINDOWS 11\.m2\repository\javax\activation\javax.activation-api\1.2.0\javax.activation-api-1.2.0.jar;C:\Users\WINDOWS 11\.m2\repository\com\sun\xml\bind\jaxb-core\2.3.0.1\jaxb-core-2.3.0.1.jar;C:\Users\WINDOWS 11\.m2\repository\com\sun\xml\bind\jaxb-impl\2.3.3\jaxb-impl-2.3.3.jar;C:\Users\WINDOWS 11\.m2\repository\jakarta\xml\bind\jakarta.xml.bind-api\2.3.3\jakarta.xml.bind-api-2.3.3.jar;C:\Users\WINDOWS 11\.m2\repository\com\sun\activation\jakarta.activation\1.2.2\jakarta.activation-1.2.2.jar;C:\Users\WINDOWS 11\.m2\repository\javax\activation\activation\1.1.1\activation-1.1.1.jar;C:\Users\WINDOWS 11\.m2\repository\net\serenity-bdd\serenity-cucumber\3.6.21\serenity-cucumber-3.6.21.jar;C:\Users\WINDOWS 11\.m2\repository\io\cucumber\cucumber-core\7.11.0\cucumber-core-7.11.0.jar;C:\Users\WINDOWS 11\.m2\repository\io\cucumber\cucumber-gherkin\7.11.0\cucumber-gherkin-7.11.0.jar;C:\Users\WINDOWS 11\.m2\repository\io\cucumber\cucumber-gherkin-messages\7.11.0\cucumber-gherkin-messages-7.11.0.jar;C:\Users\WINDOWS 11\.m2\repository\io\cucumber\gherkin\26.0.3\gherkin-26.0.3.jar;C:\Users\WINDOWS 11\.m2\repository\io\cucumber\messages\21.0.1\messages-21.0.1.jar;C:\Users\WINDOWS 11\.m2\repository\io\cucumber\tag-expressions\5.0.1\tag-expressions-5.0.1.jar;C:\Users\WINDOWS 11\.m2\repository\io\cucumber\cucumber-expressions\16.1.1\cucumber-expressions-16.1.1.jar;C:\Users\WINDOWS 11\.m2\repository\io\cucumber\datatable\7.11.0\datatable-7.11.0.jar;C:\Users\WINDOWS 11\.m2\repository\io\cucumber\cucumber-plugin\7.11.0\cucumber-plugin-7.11.0.jar;C:\Users\WINDOWS 11\.m2\repository\io\cucumber\docstring\7.11.0\docstring-7.11.0.jar;C:\Users\WINDOWS 11\.m2\repository\io\cucumber\html-formatter\20.2.1\html-formatter-20.2.1.jar;C:\Users\WINDOWS 11\.m2\repository\io\cucumber\junit-xml-formatter\0.1.0\junit-xml-formatter-0.1.0.jar;C:\Users\WINDOWS 11\.m2\repository\io\cucumber\ci-environment\9.1.0\ci-environment-9.1.0.jar;C:\Users\WINDOWS 11\.m2\repository\io\cucumber\cucumber-java\7.11.0\cucumber-java-7.11.0.jar;C:\Users\WINDOWS 11\.m2\repository\io\cucumber\cucumber-junit\7.11.0\cucumber-junit-7.11.0.jar;C:\Users\WINDOWS 11\.m2\repository\org\apache\commons\commons-csv\1.5\commons-csv-1.5.jar;C:\Users\WINDOWS 11\.m2\repository\net\serenity-bdd\serenity-screenplay\3.6.21\serenity-screenplay-3.6.21.jar;C:\Users\WINDOWS 11\.m2\repository\net\serenity-bdd\serenity-screenplay-webdriver\3.6.21\serenity-screenplay-webdriver-3.6.21.jar;C:\Users\WINDOWS 11\.m2\repository\net\serenity-bdd\serenity-ensure\3.6.21\serenity-ensure-3.6.21.jar;C:\Users\WINDOWS 11\.m2\repository\net\serenity-bdd\serenity-junit\3.6.21\serenity-junit-3.6.21.jar;C:\Users\WINDOWS 11\.m2\repository\org\jetbrains\kotlin\kotlin-stdlib\1.8.10\kotlin-stdlib-1.8.10.jar;C:\Users\WINDOWS 11\.m2\repository\org\jetbrains\kotlin\kotlin-stdlib-common\1.8.10\kotlin-stdlib-common-1.8.10.jar;C:\Users\WINDOWS 11\.m2\repository\org\jetbrains\annotations\13.0\annotations-13.0.jar;C:\Users\WINDOWS 11\.m2\repository\org\junit\platform\junit-platform-launcher\1.8.2\junit-platform-launcher-1.8.2.jar;C:\Users\WINDOWS 11\.m2\repository\org\junit\platform\junit-platform-engine\1.8.2\junit-platform-engine-1.8.2.jar;C:\Users\WINDOWS 11\.m2\repository\org\opentest4j\opentest4j\1.2.0\opentest4j-1.2.0.jar;C:\Users\WINDOWS 11\.m2\repository\org\junit\platform\junit-platform-commons\1.8.2\junit-platform-commons-1.8.2.jar;C:\Users\WINDOWS 11\.m2\repository\org\apiguardian\apiguardian-api\1.1.2\apiguardian-api-1.1.2.jar;C:\Users\WINDOWS 11\.m2\repository\org\junit\jupiter\junit-jupiter-engine\5.8.2\junit-jupiter-engine-5.8.2.jar;C:\Users\WINDOWS 11\.m2\repository\org\junit\jupiter\junit-jupiter-api\5.8.2\junit-jupiter-api-5.8.2.jar;C:\Users\WINDOWS 11\.m2\repository\org\junit\vintage\junit-vintage-engine\5.8.2\junit-vintage-engine-5.8.2.jar;C:\Users\WINDOWS 11\.m2\repository\junit\junit\4.13.2\junit-4.13.2.jar;C:\Users\WINDOWS 11\.m2\repository\org\hamcrest\hamcrest-core\1.3\hamcrest-core-1.3.jar;C:\Users\WINDOWS 11\.m2\repository\ch\qos\logback\logback-classic\1.2.10\logback-classic-1.2.10.jar;C:\Users\WINDOWS 11\.m2\repository\ch\qos\logback\logback-core\1.2.10\logback-core-1.2.10.jar;C:\Users\WINDOWS 11\.m2\repository\org\slf4j\slf4j-api\1.7.32\slf4j-api-1.7.32.jar;C:\Users\WINDOWS 11\.m2\repository\org\assertj\assertj-core\3.23.1\assertj-core-3.23.1.jar;C:\Users\WINDOWS 11\.m2\repository\net\bytebuddy\byte-buddy\1.12.10\byte-buddy-1.12.10.jar;C:\Users\WINDOWS 11\.m2\repository\org\apache\maven\surefire\surefire-junit-platform\3.0.0-M5\surefire-junit-platform-3.0.0-M5.jar;C:\Users\WINDOWS 11\.m2\repository\org\apache\maven\surefire\common-java5\3.0.0-M5\common-java5-3.0.0-M5.jar"/>
    <property name="user.script" value=""/>
    <property name="java.protocol.handler.pkgs" value="com.google.common"/>
    <property name="sun.management.compiler" value="HotSpot 64-Bit Tiered Compilers"/>
    <property name="java.runtime.version" value="19+36-2238"/>
    <property name="user.name" value="WINDOWS 11"/>
    <property name="stdout.encoding" value="Cp1252"/>
    <property name="path.separator" value=";"/>
    <property name="os.version" value="10.0"/>
    <property name="java.runtime.name" value="Java(TM) SE Runtime Environment"/>
    <property name="file.encoding" value="UTF-8"/>
    <property name="webdriver.base.url" value=""/>
    <property name="java.vm.name" value="Java HotSpot(TM) 64-Bit Server VM"/>
    <property name="localRepository" value="C:\Users\WINDOWS 11\.m2\repository"/>
    <property name="java.vendor.url.bug" value="https://bugreport.java.com/bugreport/"/>
    <property name="java.io.tmpdir" value="C:\Users\WINDOW~1\AppData\Local\Temp\"/>
    <property name="java.version" value="19"/>
    <property name="user.dir" value="C:\Users\WINDOWS 11\IdeaProjects\web-automation-using-serenity"/>
    <property name="os.arch" value="amd64"/>
    <property name="java.vm.specification.name" value="Java Virtual Machine Specification"/>
    <property name="sun.os.patch.level" value=""/>
    <property name="native.encoding" value="Cp1252"/>
    <property name="java.library.path" value="C:\Program Files\Java\jdk-19\bin;C:\WINDOWS\Sun\Java\bin;C:\WINDOWS\system32;C:\WINDOWS;C:\Program Files\Common Files\Oracle\Java\javapath;C:\Users\WINDOWS 11\AppData\Local\Programs\Python\Python310\Scripts\;C:\Users\WINDOWS 11\AppData\Local\Programs\Python\Python310\;C:\Program Files (x86)\Common Files\Oracle\Java\javapath;C:\Windows\system32;C:\Windows;C:\Windows\System32\Wbem;C:\Windows\System32\WindowsPowerShell\v1.0\;C:\Windows\System32\OpenSSH\;C:\Program Files (x86)\NVIDIA Corporation\PhysX\Common;C:\Program Files\NVIDIA Corporation\NVIDIA NvDLISR;C:\Program Files\Git\cmd;C:\xampp\php;C:\ProgramData\ComposerSetup\bin;C:\Program Files\nodejs\;C:\ProgramData\chocolatey\bin;C:\Program Files\Microsoft SQL Server\150\Tools\Binn\;C:\Program Files (x86)\Microsoft SQL Server\150\DTS\Binn\;C:\Program Files\Azure Data Studio\bin;C:\Program Files\Docker\Docker\resources\bin;C:\Users\WINDOWS 11;C:\WINDOWS\system32;C:\WINDOWS;C:\WINDOWS\System32\Wbem;C:\WINDOWS\System32\WindowsPowerShell\v1.0\;C:\WINDOWS\System32\OpenSSH\;C:\apache-maven-3.9.1-bin\apache-maven-3.9.1\bin;C:\Users\WINDOWS 11\AppData\Local\pnpm;C:\Users\WINDOWS 11\AppData\Local\Microsoft\WindowsApps;C:\Program Files\Java\jdk-19\bin;C:\Users\WINDOWS 11\AppData\Local\Programs\Microsoft VS Code\bin;C:\Users\WINDOWS 11\AppData\Roaming\Composer\vendor\bin;C:\Users\WINDOWS 11\AppData\Roaming\npm;C:\Program Files\Azure Data Studio\bin;D:\Applications\flutter\bin;;C:\Program Files\JetBrains\IntelliJ IDEA Community Edition 2022.3.2\bin;;."/>
    <property name="java.vm.info" value="mixed mode"/>
    <property name="stderr.encoding" value="Cp1252"/>
    <property name="java.vendor" value="Oracle Corporation"/>
    <property name="java.vm.version" value="19+36-2238"/>
    <property name="sun.io.unicode.encoding" value="UnicodeLittle"/>
    <property name="java.class.version" value="63.0"/>
  </properties>
  <testcase name="As user i have be able to success login #1" classname="login" time="8.388">
    <system-out><![CDATA[07:20:43.846 [main] DEBUG net.thucydides.core.guice.Injectors - Created injector for module net.thucydides.core.guice.ThucydidesModule
07:20:44.186 [main] DEBUG io.cucumber.core.plugin.SerenityReporter - Running feature from file:///C:/Users/WINDOWS%2011/IdeaProjects/web-automation-using-serenity/src/test/resources/features/login.feature
07:20:44.359 [main] DEBUG net.thucydides.core.guice.Injectors - Created injector for module net.thucydides.core.guice.webdriver.WebDriverModule
07:20:44.381 [main] INFO  - 

-------------------------------------------------------------------------------------
     _______. _______ .______       _______ .__   __.  __  .___________.____    ____ 
    /       ||   ____||   _  \     |   ____||  \ |  | |  | |           |\   \  /   / 
   |   (----`|  |__   |  |_)  |    |  |__   |   \|  | |  | `---|  |----` \   \/   /  
    \   \    |   __|  |      /     |   __|  |  . `  | |  |     |  |       \_    _/   
.----)   |   |  |____ |  |\  \----.|  |____ |  |\   | |  |     |  |         |  |     
|_______/    |_______|| _| `._____||_______||__| \__| |__|     |__|         |__|    
                                                                                     
 News and tutorials at http://www.serenity-bdd.info                                  
 Documentation at https://wakaleo.gitbooks.io/the-serenity-book/content/             
 Join the Serenity Community on Gitter: https://gitter.im/serenity-bdd/serenity-core 
 Serenity BDD Support and Training at http://serenity-bdd.info/#/trainingandsupport  
-------------------------------------------------------------------------------------

07:20:44.383 [main] DEBUG net.thucydides.core.steps.StepEventBus - Test suite started for story net.thucydides.core.model.Story@f388ff28
07:20:44.387 [main] INFO  - Test Suite Started: Login
07:20:44.408 [main] DEBUG io.cucumber.core.plugin.SerenityReporter - Running feature from file:///C:/Users/WINDOWS%2011/IdeaProjects/web-automation-using-serenity/src/test/resources/features/login.feature
07:20:44.412 [main] DEBUG net.thucydides.core.steps.StepEventBus - Test suite started for story net.thucydides.core.model.Story@f388ff28
07:20:44.412 [main] INFO  - Test Suite Started: Login

@login @Normal-User
Scenario Outline: As user i have be able to success login &amp#27;[90m# src/test/resources/features/login.feature:18&amp#27;[0m
07:20:44.492 [main] DEBUG io.cucumber.core.plugin.SerenityReporter - Running feature from file:///C:/Users/WINDOWS%2011/IdeaProjects/web-automation-using-serenity/src/test/resources/features/login.feature
07:20:44.598 [main] INFO  - 
  _____   ___   ___   _____     ___   _____     _     ___   _____   ___   ___  
 |_   _| | __| / __| |_   _|   / __| |_   _|   /_\   | _ \ |_   _| | __| |   \ 
   | |   | _|  \__ \   | |     \__ \   | |    / _ \  |   /   | |   | _|  | |) |
   |_|   |___| |___/   |_|     |___/   |_|   /_/ \_\ |_|_\   |_|   |___| |___/ 

As user i have be able to success login(login;as-user-i-have-be-able-to-success-login)
--------------------------------------------------------------------------------
07:20:44.655 [main] DEBUG net.thucydides.core.requirements.model.cucumber.CucumberParser - Loading feature C:\Users\WINDOWS 11\IdeaProjects\web-automation-using-serenity\src\test\resources\features\login.feature
07:20:45.614 [main] DEBUG net.thucydides.core.steps.StepInterceptor - STARTING STEP: LoginSteps.onTheLoginPage - openPage
07:20:45.767 [main] INFO net.serenitybdd.core.webdriver.driverproviders.ChromeDriverProvider - Starting Chrome driver instance with capabilities:
07:20:45.771 [main] INFO net.serenitybdd.core.webdriver.driverproviders.ChromeDriverProvider - Capabilities {acceptInsecureCerts: false, browserName: chrome, goog:chromeOptions: {args: [remote-allow-origins=*], extensions: []}}
07:20:45.874 [main] DEBUG io.netty.util.internal.logging.InternalLoggerFactory - Using SLF4J as the default logging framework
07:20:45.881 [main] DEBUG io.netty.util.ResourceLeakDetector - -Dio.netty.leakDetection.level: simple
07:20:45.881 [main] DEBUG io.netty.util.ResourceLeakDetector - -Dio.netty.leakDetection.targetRecords: 4
07:20:45.888 [main] DEBUG io.netty.util.ResourceLeakDetectorFactory - Loaded default ResourceLeakDetector: io.netty.util.ResourceLeakDetector@6f50d55c
07:20:45.916 [main] DEBUG io.netty.util.internal.PlatformDependent0 - -Dio.netty.noUnsafe: false
07:20:45.917 [main] DEBUG io.netty.util.internal.PlatformDependent0 - Java version: 19
07:20:45.918 [main] DEBUG io.netty.util.internal.PlatformDependent0 - sun.misc.Unsafe.theUnsafe: available
07:20:45.919 [main] DEBUG io.netty.util.internal.PlatformDependent0 - sun.misc.Unsafe.copyMemory: available
07:20:45.919 [main] DEBUG io.netty.util.internal.PlatformDependent0 - sun.misc.Unsafe.storeFence: available
07:20:45.920 [main] DEBUG io.netty.util.internal.PlatformDependent0 - java.nio.Buffer.address: available
07:20:45.921 [main] DEBUG io.netty.util.internal.PlatformDependent0 - direct buffer constructor: unavailable: Reflective setAccessible(true) disabled
07:20:45.924 [main] DEBUG io.netty.util.internal.PlatformDependent0 - java.nio.Bits.unaligned: available, true
07:20:45.928 [main] DEBUG io.netty.util.internal.PlatformDependent0 - jdk.internal.misc.Unsafe.allocateUninitializedArray(int): unavailable: class io.netty.util.internal.PlatformDependent0$7 cannot access class jdk.internal.misc.Unsafe (in module java.base) because module java.base does not export jdk.internal.misc to unnamed module @c333c60
07:20:45.931 [main] DEBUG io.netty.util.internal.PlatformDependent0 - java.nio.DirectByteBuffer.<init>(long, int): unavailable
07:20:45.931 [main] DEBUG io.netty.util.internal.PlatformDependent - sun.misc.Unsafe: available
07:20:45.938 [main] DEBUG io.netty.util.internal.PlatformDependent - maxDirectMemory: 2105540608 bytes (maybe)
07:20:45.938 [main] DEBUG io.netty.util.internal.PlatformDependent - -Dio.netty.tmpdir: C:\Users\WINDOW~1\AppData\Local\Temp (java.io.tmpdir)
07:20:45.939 [main] DEBUG io.netty.util.internal.PlatformDependent - -Dio.netty.bitMode: 64 (sun.arch.data.model)
07:20:45.939 [main] DEBUG io.netty.util.internal.PlatformDependent - Platform: Windows
07:20:45.940 [main] DEBUG io.netty.util.internal.PlatformDependent - -Dio.netty.maxDirectMemory: -1 bytes
07:20:45.941 [main] DEBUG io.netty.util.internal.PlatformDependent - -Dio.netty.uninitializedArrayAllocationThreshold: -1
07:20:45.942 [main] DEBUG io.netty.util.internal.CleanerJava9 - java.nio.ByteBuffer.cleaner(): available
07:20:45.943 [main] DEBUG io.netty.util.internal.PlatformDependent - -Dio.netty.noPreferDirect: false
07:20:45.952 [main] DEBUG io.netty.util.internal.PlatformDependent - org.jctools-core.MpscChunkedArrayQueue: available
07:20:45.982 [main] DEBUG io.netty.util.internal.InternalThreadLocalMap - -Dio.netty.threadLocalMap.stringBuilder.initialSize: 1024
07:20:45.982 [main] DEBUG io.netty.util.internal.InternalThreadLocalMap - -Dio.netty.threadLocalMap.stringBuilder.maxSize: 4096
07:20:46.187 [main] DEBUG io.netty.handler.ssl.JdkSslContext - Default protocols (JDK): [TLSv1.3, TLSv1.2] 
07:20:46.187 [main] DEBUG io.netty.handler.ssl.JdkSslContext - Default cipher suites (JDK): [TLS_ECDHE_ECDSA_WITH_AES_256_GCM_SHA384, TLS_ECDHE_ECDSA_WITH_AES_128_GCM_SHA256, TLS_ECDHE_RSA_WITH_AES_128_GCM_SHA256, TLS_ECDHE_RSA_WITH_AES_256_GCM_SHA384, TLS_ECDHE_RSA_WITH_AES_128_CBC_SHA, TLS_ECDHE_RSA_WITH_AES_256_CBC_SHA, TLS_RSA_WITH_AES_128_GCM_SHA256, TLS_RSA_WITH_AES_128_CBC_SHA, TLS_RSA_WITH_AES_256_CBC_SHA, TLS_AES_128_GCM_SHA256, TLS_AES_256_GCM_SHA384]
07:20:46.231 [main] DEBUG io.netty.channel.MultithreadEventLoopGroup - -Dio.netty.eventLoopThreads: 16
07:20:46.246 [main] DEBUG io.netty.channel.nio.NioEventLoop - -Dio.netty.noKeySetOptimization: false
07:20:46.247 [main] DEBUG io.netty.channel.nio.NioEventLoop - -Dio.netty.selectorAutoRebuildThreshold: 512
07:20:46.330 [main] DEBUG io.netty.buffer.PooledByteBufAllocator - -Dio.netty.allocator.numHeapArenas: 16
07:20:46.330 [main] DEBUG io.netty.buffer.PooledByteBufAllocator - -Dio.netty.allocator.numDirectArenas: 16
07:20:46.330 [main] DEBUG io.netty.buffer.PooledByteBufAllocator - -Dio.netty.allocator.pageSize: 8192
07:20:46.330 [main] DEBUG io.netty.buffer.PooledByteBufAllocator - -Dio.netty.allocator.maxOrder: 9
07:20:46.330 [main] DEBUG io.netty.buffer.PooledByteBufAllocator - -Dio.netty.allocator.chunkSize: 4194304
07:20:46.330 [main] DEBUG io.netty.buffer.PooledByteBufAllocator - -Dio.netty.allocator.smallCacheSize: 256
07:20:46.330 [main] DEBUG io.netty.buffer.PooledByteBufAllocator - -Dio.netty.allocator.normalCacheSize: 64
07:20:46.330 [main] DEBUG io.netty.buffer.PooledByteBufAllocator - -Dio.netty.allocator.maxCachedBufferCapacity: 32768
07:20:46.330 [main] DEBUG io.netty.buffer.PooledByteBufAllocator - -Dio.netty.allocator.cacheTrimInterval: 8192
07:20:46.330 [main] DEBUG io.netty.buffer.PooledByteBufAllocator - -Dio.netty.allocator.cacheTrimIntervalMillis: 0
07:20:46.330 [main] DEBUG io.netty.buffer.PooledByteBufAllocator - -Dio.netty.allocator.useCacheForAllThreads: false
07:20:46.330 [main] DEBUG io.netty.buffer.PooledByteBufAllocator - -Dio.netty.allocator.maxCachedByteBuffersPerChunk: 1023
07:20:46.347 [main] DEBUG io.netty.buffer.ByteBufUtil - -Dio.netty.allocator.type: pooled
07:20:46.347 [main] DEBUG io.netty.buffer.ByteBufUtil - -Dio.netty.threadLocalDirectBufferSize: 0
07:20:46.347 [main] DEBUG io.netty.buffer.ByteBufUtil - -Dio.netty.maxThreadLocalCharBufferSize: 16384
07:20:47.159 [Forwarding newSession on session null to remote] DEBUG io.netty.channel.DefaultChannelId - -Dio.netty.processId: 20588 (auto-detected)
07:20:47.161 [Forwarding newSession on session null to remote] DEBUG io.netty.util.NetUtil - -Djava.net.preferIPv4Stack: false
07:20:47.161 [Forwarding newSession on session null to remote] DEBUG io.netty.util.NetUtil - -Djava.net.preferIPv6Addresses: false
07:20:47.172 [Forwarding newSession on session null to remote] DEBUG io.netty.util.NetUtilInitializations - Loopback interface: lo (Software Loopback Interface 1, 127.0.0.1)
07:20:47.172 [Forwarding newSession on session null to remote] DEBUG io.netty.util.NetUtil - Failed to get SOMAXCONN from sysctl and file \proc\sys\net\core\somaxconn. Default: 200
07:20:47.206 [Forwarding newSession on session null to remote] DEBUG io.netty.channel.DefaultChannelId - -Dio.netty.machineId: b4:8c:9d:ff:fe:90:cd:41 (auto-detected)
07:20:47.249 [AsyncHttpClient-1-2] DEBUG io.netty.buffer.AbstractByteBuf - -Dio.netty.buffer.checkAccessible: true
07:20:47.250 [AsyncHttpClient-1-2] DEBUG io.netty.buffer.AbstractByteBuf - -Dio.netty.buffer.checkBounds: true
07:20:47.250 [AsyncHttpClient-1-2] DEBUG io.netty.util.ResourceLeakDetectorFactory - Loaded default ResourceLeakDetector: io.netty.util.ResourceLeakDetector@da14ef1
07:20:47.257 [AsyncHttpClient-1-2] DEBUG org.asynchttpclient.netty.channel.NettyConnectListener - Using new Channel '[id: 0x10d08d29, L:/127.0.0.1:63110 - R:localhost/127.0.0.1:1446]' for 'POST' to '/session'
07:20:47.271 [AsyncHttpClient-1-2] DEBUG io.netty.util.Recycler - -Dio.netty.recycler.maxCapacityPerThread: 4096
07:20:47.272 [AsyncHttpClient-1-2] DEBUG io.netty.util.Recycler - -Dio.netty.recycler.ratio: 8
07:20:47.272 [AsyncHttpClient-1-2] DEBUG io.netty.util.Recycler - -Dio.netty.recycler.chunkSize: 32
07:20:47.272 [AsyncHttpClient-1-2] DEBUG io.netty.util.Recycler - -Dio.netty.recycler.blocking: false
07:20:48.043 [AsyncHttpClient-1-2] DEBUG io.netty.handler.codec.compression.Brotli - brotli4j not in the classpath; Brotli support will be unavailable.
07:20:48.043 [AsyncHttpClient-1-2] DEBUG org.asynchttpclient.netty.handler.HttpHandler - 

Request DefaultHttpRequest(decodeResult: success, version: HTTP/1.1)
POST /session HTTP/1.1
User-Agent: selenium/4.8.1 (java windows)
Content-Length: 507
Content-Type: application/json; charset=utf-8
host: localhost:1446
accept: */*

Response DefaultHttpResponse(decodeResult: success, version: HTTP/1.1)
HTTP/1.1 200 OK
Content-Length: 862
Content-Type: application/json; charset=utf-8
cache-control: no-cache

07:20:48.049 [AsyncHttpClient-1-2] DEBUG org.asynchttpclient.netty.channel.ChannelManager - Adding key: http://localhost:1446 for channel [id: 0x10d08d29, L:/127.0.0.1:63110 - R:localhost/127.0.0.1:1446]
07:20:48.123 [AsyncHttpClient-1-3] DEBUG org.asynchttpclient.netty.channel.NettyConnectListener - Using new Channel '[id: 0xc646f812, L:/127.0.0.1:63117 - R:localhost/127.0.0.1:63111]' for 'GET' to '/json/version'
07:20:48.126 [AsyncHttpClient-1-3] DEBUG org.asynchttpclient.netty.handler.HttpHandler - 

Request DefaultFullHttpRequest(decodeResult: success, version: HTTP/1.1, content: EmptyByteBufBE)
GET /json/version HTTP/1.1
User-Agent: selenium/4.8.1 (java windows)
host: localhost:63111
accept: */*

Response DefaultHttpResponse(decodeResult: success, version: HTTP/1.1)
HTTP/1.1 200 OK
Content-Security-Policy: frame-ancestors 'none'
Content-Length: 424
Content-Type: application/json; charset=UTF-8

07:20:48.126 [AsyncHttpClient-1-3] DEBUG org.asynchttpclient.netty.channel.ChannelManager - Adding key: http://localhost:63111 for channel [id: 0xc646f812, L:/127.0.0.1:63117 - R:localhost/127.0.0.1:63111]
07:20:48.133 [main] DEBUG io.netty.util.internal.ThreadLocalRandom - -Dio.netty.initialSeedUniquifier: 0x1467613273d3a0cb
07:20:48.136 [AsyncHttpClient-1-4] DEBUG org.asynchttpclient.netty.channel.NettyConnectListener - Using new Channel '[id: 0x09f43031, L:/127.0.0.1:63118 - R:localhost/127.0.0.1:63111]' for 'GET' to '/devtools/browser/b58c039d-6b56-42eb-ba35-db484c3514fa'
07:20:48.139 [AsyncHttpClient-1-4] DEBUG org.asynchttpclient.netty.handler.WebSocketHandler - 

Request DefaultFullHttpRequest(decodeResult: success, version: HTTP/1.1, content: EmptyByteBufBE)
GET /devtools/browser/b58c039d-6b56-42eb-ba35-db484c3514fa HTTP/1.1
upgrade: websocket
connection: upgrade
sec-websocket-key: OBXfiDr2DAKoYOOp4l73lQ==
sec-websocket-version: 13
origin: http://localhost:63111
host: localhost:63111
accept: */*
user-agent: AHC/2.1

Response DefaultHttpResponse(decodeResult: success, version: HTTP/1.1)
HTTP/1.1 101 WebSocket Protocol Handshake
Upgrade: WebSocket
Connection: Upgrade
Sec-WebSocket-Accept: f6nMNPQZawG793o7HY5twvUQyeo=

07:20:48.264 [Forwarding get on session 10777ac42811bf2b97c8eea6392eeb25 to remote] DEBUG org.asynchttpclient.netty.request.NettyRequestSender - Using pooled Channel '[id: 0x10d08d29, L:/127.0.0.1:63110 - R:localhost/127.0.0.1:1446]' for 'POST' to 'http://localhost:1446/session/10777ac42811bf2b97c8eea6392eeb25/url'
07:20:48.264 [Forwarding get on session 10777ac42811bf2b97c8eea6392eeb25 to remote] DEBUG org.asynchttpclient.netty.request.NettyRequestSender - Using open Channel [id: 0x10d08d29, L:/127.0.0.1:63110 - R:localhost/127.0.0.1:1446] for POST '/session/10777ac42811bf2b97c8eea6392eeb25/url'
07:20:48.362 [AsyncHttpClient-1-1] DEBUG org.asynchttpclient.netty.channel.DefaultChannelPool - Entry count for : http://localhost:63111 : 1
07:20:49.462 [AsyncHttpClient-1-1] DEBUG org.asynchttpclient.netty.channel.DefaultChannelPool - Entry count for : http://localhost:63111 : 1
07:20:50.470 [AsyncHttpClient-1-2] DEBUG org.asynchttpclient.netty.handler.HttpHandler - 

Request DefaultHttpRequest(decodeResult: success, version: HTTP/1.1)
POST /session/10777ac42811bf2b97c8eea6392eeb25/url HTTP/1.1
User-Agent: selenium/4.8.1 (java windows)
Content-Length: 56
Content-Type: application/json; charset=utf-8
host: localhost:1446
accept: */*

Response DefaultHttpResponse(decodeResult: success, version: HTTP/1.1)
HTTP/1.1 200 OK
Content-Length: 14
Content-Type: application/json; charset=utf-8
cache-control: no-cache

07:20:50.470 [AsyncHttpClient-1-2] DEBUG org.asynchttpclient.netty.channel.ChannelManager - Adding key: http://localhost:1446 for channel [id: 0x10d08d29, L:/127.0.0.1:63110 - R:localhost/127.0.0.1:1446]
07:20:50.482 [Forwarding setTimeout on session 10777ac42811bf2b97c8eea6392eeb25 to remote] DEBUG org.asynchttpclient.netty.request.NettyRequestSender - Using pooled Channel '[id: 0x10d08d29, L:/127.0.0.1:63110 - R:localhost/127.0.0.1:1446]' for 'POST' to 'http://localhost:1446/session/10777ac42811bf2b97c8eea6392eeb25/timeouts'
07:20:50.482 [Forwarding setTimeout on session 10777ac42811bf2b97c8eea6392eeb25 to remote] DEBUG org.asynchttpclient.netty.request.NettyRequestSender - Using open Channel [id: 0x10d08d29, L:/127.0.0.1:63110 - R:localhost/127.0.0.1:1446] for POST '/session/10777ac42811bf2b97c8eea6392eeb25/timeouts'
07:20:50.485 [AsyncHttpClient-1-2] DEBUG org.asynchttpclient.netty.handler.HttpHandler - 

Request DefaultHttpRequest(decodeResult: success, version: HTTP/1.1)
POST /session/10777ac42811bf2b97c8eea6392eeb25/timeouts HTTP/1.1
User-Agent: selenium/4.8.1 (java windows)
Content-Length: 22
Content-Type: application/json; charset=utf-8
host: localhost:1446
accept: */*

Response DefaultHttpResponse(decodeResult: success, version: HTTP/1.1)
HTTP/1.1 200 OK
Content-Length: 14
Content-Type: application/json; charset=utf-8
cache-control: no-cache

07:20:50.485 [AsyncHttpClient-1-2] DEBUG org.asynchttpclient.netty.channel.ChannelManager - Adding key: http://localhost:1446 for channel [id: 0x10d08d29, L:/127.0.0.1:63110 - R:localhost/127.0.0.1:1446]
07:20:50.517 [main] DEBUG net.serenitybdd.core.photography.Darkroom - Opening darkroom
07:20:50.519 [Darkroom Processing Line] DEBUG net.serenitybdd.core.photography.DarkroomProcessingLine - Darkroom processing line starting up
07:20:50.541 [Forwarding getAlertText on session 10777ac42811bf2b97c8eea6392eeb25 to remote] DEBUG org.asynchttpclient.netty.request.NettyRequestSender - Using pooled Channel '[id: 0x10d08d29, L:/127.0.0.1:63110 - R:localhost/127.0.0.1:1446]' for 'GET' to 'http://localhost:1446/session/10777ac42811bf2b97c8eea6392eeb25/alert/text'
07:20:50.541 [Forwarding getAlertText on session 10777ac42811bf2b97c8eea6392eeb25 to remote] DEBUG org.asynchttpclient.netty.request.NettyRequestSender - Using open Channel [id: 0x10d08d29, L:/127.0.0.1:63110 - R:localhost/127.0.0.1:1446] for GET '/session/10777ac42811bf2b97c8eea6392eeb25/alert/text'
07:20:50.544 [AsyncHttpClient-1-2] DEBUG org.asynchttpclient.netty.handler.HttpHandler - 

Request DefaultFullHttpRequest(decodeResult: success, version: HTTP/1.1, content: EmptyByteBufBE)
GET /session/10777ac42811bf2b97c8eea6392eeb25/alert/text HTTP/1.1
User-Agent: selenium/4.8.1 (java windows)
Cache-Control: no-cache
Content-Type: application/json; charset=utf-8
host: localhost:1446
accept: */*

Response DefaultHttpResponse(decodeResult: success, version: HTTP/1.1)
HTTP/1.1 404 Not Found
Content-Length: 821
Content-Type: application/json; charset=utf-8
cache-control: no-cache

07:20:50.545 [AsyncHttpClient-1-2] DEBUG org.asynchttpclient.netty.channel.ChannelManager - Adding key: http://localhost:1446 for channel [id: 0x10d08d29, L:/127.0.0.1:63110 - R:localhost/127.0.0.1:1446]
07:20:50.556 [Forwarding getCurrentUrl on session 10777ac42811bf2b97c8eea6392eeb25 to remote] DEBUG org.asynchttpclient.netty.request.NettyRequestSender - Using pooled Channel '[id: 0x10d08d29, L:/127.0.0.1:63110 - R:localhost/127.0.0.1:1446]' for 'GET' to 'http://localhost:1446/session/10777ac42811bf2b97c8eea6392eeb25/url'
07:20:50.556 [Forwarding getCurrentUrl on session 10777ac42811bf2b97c8eea6392eeb25 to remote] DEBUG org.asynchttpclient.netty.request.NettyRequestSender - Using open Channel [id: 0x10d08d29, L:/127.0.0.1:63110 - R:localhost/127.0.0.1:1446] for GET '/session/10777ac42811bf2b97c8eea6392eeb25/url'
07:20:50.564 [AsyncHttpClient-1-2] DEBUG org.asynchttpclient.netty.handler.HttpHandler - 

Request DefaultFullHttpRequest(decodeResult: success, version: HTTP/1.1, content: EmptyByteBufBE)
GET /session/10777ac42811bf2b97c8eea6392eeb25/url HTTP/1.1
User-Agent: selenium/4.8.1 (java windows)
Cache-Control: no-cache
Content-Type: application/json; charset=utf-8
host: localhost:1446
accept: */*

Response DefaultHttpResponse(decodeResult: success, version: HTTP/1.1)
HTTP/1.1 200 OK
Content-Length: 38
Content-Type: application/json; charset=utf-8
cache-control: no-cache

07:20:50.564 [AsyncHttpClient-1-2] DEBUG org.asynchttpclient.netty.channel.ChannelManager - Adding key: http://localhost:1446 for channel [id: 0x10d08d29, L:/127.0.0.1:63110 - R:localhost/127.0.0.1:1446]
07:20:50.567 [AsyncHttpClient-1-1] DEBUG org.asynchttpclient.netty.channel.DefaultChannelPool - Entry count for : http://localhost:1446 : 1
07:20:50.567 [AsyncHttpClient-1-1] DEBUG org.asynchttpclient.netty.channel.DefaultChannelPool - Entry count for : http://localhost:63111 : 1
07:20:50.568 [Forwarding screenshot on session 10777ac42811bf2b97c8eea6392eeb25 to remote] DEBUG org.asynchttpclient.netty.request.NettyRequestSender - Using pooled Channel '[id: 0x10d08d29, L:/127.0.0.1:63110 - R:localhost/127.0.0.1:1446]' for 'GET' to 'http://localhost:1446/session/10777ac42811bf2b97c8eea6392eeb25/screenshot'
07:20:50.568 [Forwarding screenshot on session 10777ac42811bf2b97c8eea6392eeb25 to remote] DEBUG org.asynchttpclient.netty.request.NettyRequestSender - Using open Channel [id: 0x10d08d29, L:/127.0.0.1:63110 - R:localhost/127.0.0.1:1446] for GET '/session/10777ac42811bf2b97c8eea6392eeb25/screenshot'
07:20:50.677 [AsyncHttpClient-1-2] DEBUG org.asynchttpclient.netty.handler.HttpHandler - 

Request DefaultFullHttpRequest(decodeResult: success, version: HTTP/1.1, content: EmptyByteBufBE)
GET /session/10777ac42811bf2b97c8eea6392eeb25/screenshot HTTP/1.1
User-Agent: selenium/4.8.1 (java windows)
Cache-Control: no-cache
Content-Type: application/json; charset=utf-8
host: localhost:1446
accept: */*

Response DefaultHttpResponse(decodeResult: success, version: HTTP/1.1)
HTTP/1.1 200 OK
Content-Length: 47592
Content-Type: application/json; charset=utf-8
cache-control: no-cache

07:20:50.680 [AsyncHttpClient-1-2] DEBUG org.asynchttpclient.netty.channel.ChannelManager - Adding key: http://localhost:1446 for channel [id: 0x10d08d29, L:/127.0.0.1:63110 - R:localhost/127.0.0.1:1446]
07:20:50.746 [main] DEBUG net.serenitybdd.core.photography.Darkroom - Send negative for processing for target\site\serenity\6164952fd6447d31f8c1727ac78244bb17153a18b8922630353ba00286581ab6.png
07:20:50.747 [Darkroom Processing Line] DEBUG net.serenitybdd.core.photography.DarkroomProcessingLine - Processing screenshot image in /var/screenshots/screenshot-4816047690583057990
07:20:50.747 [Darkroom Processing Line] DEBUG net.serenitybdd.core.photography.DarkroomProcessingLine - Saving screenshot to target\site\serenity\6164952fd6447d31f8c1727ac78244bb17153a18b8922630353ba00286581ab6.png
07:20:50.753 [main] DEBUG net.thucydides.core.steps.StepInterceptor - STEP DONE: openPage
07:20:50.762 [Forwarding getPageSource on session 10777ac42811bf2b97c8eea6392eeb25 to remote] DEBUG org.asynchttpclient.netty.request.NettyRequestSender - Using pooled Channel '[id: 0x10d08d29, L:/127.0.0.1:63110 - R:localhost/127.0.0.1:1446]' for 'POST' to 'http://localhost:1446/session/10777ac42811bf2b97c8eea6392eeb25/execute/sync'
07:20:50.762 [Forwarding getPageSource on session 10777ac42811bf2b97c8eea6392eeb25 to remote] DEBUG org.asynchttpclient.netty.request.NettyRequestSender - Using open Channel [id: 0x10d08d29, L:/127.0.0.1:63110 - R:localhost/127.0.0.1:1446] for POST '/session/10777ac42811bf2b97c8eea6392eeb25/execute/sync'
07:20:50.769 [AsyncHttpClient-1-2] DEBUG org.asynchttpclient.netty.handler.HttpHandler - 

Request DefaultHttpRequest(decodeResult: success, version: HTTP/1.1)
POST /session/10777ac42811bf2b97c8eea6392eeb25/execute/sync HTTP/1.1
User-Agent: selenium/4.8.1 (java windows)
Content-Length: 176
Content-Type: application/json; charset=utf-8
host: localhost:1446
accept: */*

Response DefaultHttpResponse(decodeResult: success, version: HTTP/1.1)
HTTP/1.1 200 OK
Content-Length: 4286
Content-Type: application/json; charset=utf-8
cache-control: no-cache

07:20:50.770 [AsyncHttpClient-1-2] DEBUG org.asynchttpclient.netty.channel.ChannelManager - Adding key: http://localhost:1446 for channel [id: 0x10d08d29, L:/127.0.0.1:63110 - R:localhost/127.0.0.1:1446]
07:20:50.846 [Forwarding getCurrentUrl on session 10777ac42811bf2b97c8eea6392eeb25 to remote] DEBUG org.asynchttpclient.netty.request.NettyRequestSender - Using pooled Channel '[id: 0x10d08d29, L:/127.0.0.1:63110 - R:localhost/127.0.0.1:1446]' for 'GET' to 'http://localhost:1446/session/10777ac42811bf2b97c8eea6392eeb25/url'
07:20:50.846 [Forwarding getCurrentUrl on session 10777ac42811bf2b97c8eea6392eeb25 to remote] DEBUG org.asynchttpclient.netty.request.NettyRequestSender - Using open Channel [id: 0x10d08d29, L:/127.0.0.1:63110 - R:localhost/127.0.0.1:1446] for GET '/session/10777ac42811bf2b97c8eea6392eeb25/url'
07:20:50.852 [AsyncHttpClient-1-2] DEBUG org.asynchttpclient.netty.handler.HttpHandler - 

Request DefaultFullHttpRequest(decodeResult: success, version: HTTP/1.1, content: EmptyByteBufBE)
GET /session/10777ac42811bf2b97c8eea6392eeb25/url HTTP/1.1
User-Agent: selenium/4.8.1 (java windows)
Cache-Control: no-cache
Content-Type: application/json; charset=utf-8
host: localhost:1446
accept: */*

Response DefaultHttpResponse(decodeResult: success, version: HTTP/1.1)
HTTP/1.1 200 OK
Content-Length: 38
Content-Type: application/json; charset=utf-8
cache-control: no-cache

07:20:50.852 [AsyncHttpClient-1-2] DEBUG org.asynchttpclient.netty.channel.ChannelManager - Adding key: http://localhost:1446 for channel [id: 0x10d08d29, L:/127.0.0.1:63110 - R:localhost/127.0.0.1:1446]
07:20:50.855 [main] DEBUG net.thucydides.core.steps.StepInterceptor - STARTING STEP: LoginSteps.onTheLoginPage - validateOnLoginPage
07:20:50.870 [Forwarding findElement on session 10777ac42811bf2b97c8eea6392eeb25 to remote] DEBUG org.asynchttpclient.netty.request.NettyRequestSender - Using pooled Channel '[id: 0x10d08d29, L:/127.0.0.1:63110 - R:localhost/127.0.0.1:1446]' for 'POST' to 'http://localhost:1446/session/10777ac42811bf2b97c8eea6392eeb25/element'
07:20:50.870 [Forwarding findElement on session 10777ac42811bf2b97c8eea6392eeb25 to remote] DEBUG org.asynchttpclient.netty.request.NettyRequestSender - Using open Channel [id: 0x10d08d29, L:/127.0.0.1:63110 - R:localhost/127.0.0.1:1446] for POST '/session/10777ac42811bf2b97c8eea6392eeb25/element'
07:20:50.886 [AsyncHttpClient-1-2] DEBUG org.asynchttpclient.netty.handler.HttpHandler - 

Request DefaultHttpRequest(decodeResult: success, version: HTTP/1.1)
POST /session/10777ac42811bf2b97c8eea6392eeb25/element HTTP/1.1
User-Agent: selenium/4.8.1 (java windows)
Content-Length: 59
Content-Type: application/json; charset=utf-8
host: localhost:1446
accept: */*

Response DefaultHttpResponse(decodeResult: success, version: HTTP/1.1)
HTTP/1.1 200 OK
Content-Length: 88
Content-Type: application/json; charset=utf-8
cache-control: no-cache

07:20:50.886 [AsyncHttpClient-1-2] DEBUG org.asynchttpclient.netty.channel.ChannelManager - Adding key: http://localhost:1446 for channel [id: 0x10d08d29, L:/127.0.0.1:63110 - R:localhost/127.0.0.1:1446]
07:20:50.895 [Forwarding isElementDisplayed on session 10777ac42811bf2b97c8eea6392eeb25 to remote] DEBUG org.asynchttpclient.netty.request.NettyRequestSender - Using pooled Channel '[id: 0x10d08d29, L:/127.0.0.1:63110 - R:localhost/127.0.0.1:1446]' for 'POST' to 'http://localhost:1446/session/10777ac42811bf2b97c8eea6392eeb25/execute/sync'
07:20:50.895 [Forwarding isElementDisplayed on session 10777ac42811bf2b97c8eea6392eeb25 to remote] DEBUG org.asynchttpclient.netty.request.NettyRequestSender - Using open Channel [id: 0x10d08d29, L:/127.0.0.1:63110 - R:localhost/127.0.0.1:1446] for POST '/session/10777ac42811bf2b97c8eea6392eeb25/execute/sync'
07:20:50.912 [AsyncHttpClient-1-2] DEBUG org.asynchttpclient.netty.handler.HttpHandler - 

Request DefaultHttpRequest(decodeResult: success, version: HTTP/1.1)
POST /session/10777ac42811bf2b97c8eea6392eeb25/execute/sync HTTP/1.1
User-Agent: selenium/4.8.1 (java windows)
Content-Length: 48807
Content-Type: application/json; charset=utf-8
host: localhost:1446
accept: */*

Response DefaultHttpResponse(decodeResult: success, version: HTTP/1.1)
HTTP/1.1 200 OK
Content-Length: 14
Content-Type: application/json; charset=utf-8
cache-control: no-cache

07:20:50.912 [AsyncHttpClient-1-2] DEBUG org.asynchttpclient.netty.channel.ChannelManager - Adding key: http://localhost:1446 for channel [id: 0x10d08d29, L:/127.0.0.1:63110 - R:localhost/127.0.0.1:1446]
07:20:50.919 [Forwarding getAlertText on session 10777ac42811bf2b97c8eea6392eeb25 to remote] DEBUG org.asynchttpclient.netty.request.NettyRequestSender - Using pooled Channel '[id: 0x10d08d29, L:/127.0.0.1:63110 - R:localhost/127.0.0.1:1446]' for 'GET' to 'http://localhost:1446/session/10777ac42811bf2b97c8eea6392eeb25/alert/text'
07:20:50.919 [Forwarding getAlertText on session 10777ac42811bf2b97c8eea6392eeb25 to remote] DEBUG org.asynchttpclient.netty.request.NettyRequestSender - Using open Channel [id: 0x10d08d29, L:/127.0.0.1:63110 - R:localhost/127.0.0.1:1446] for GET '/session/10777ac42811bf2b97c8eea6392eeb25/alert/text'
07:20:50.922 [AsyncHttpClient-1-2] DEBUG org.asynchttpclient.netty.handler.HttpHandler - 

Request DefaultFullHttpRequest(decodeResult: success, version: HTTP/1.1, content: EmptyByteBufBE)
GET /session/10777ac42811bf2b97c8eea6392eeb25/alert/text HTTP/1.1
User-Agent: selenium/4.8.1 (java windows)
Cache-Control: no-cache
Content-Type: application/json; charset=utf-8
host: localhost:1446
accept: */*

Response DefaultHttpResponse(decodeResult: success, version: HTTP/1.1)
HTTP/1.1 404 Not Found
Content-Length: 821
Content-Type: application/json; charset=utf-8
cache-control: no-cache

07:20:50.922 [AsyncHttpClient-1-2] DEBUG org.asynchttpclient.netty.channel.ChannelManager - Adding key: http://localhost:1446 for channel [id: 0x10d08d29, L:/127.0.0.1:63110 - R:localhost/127.0.0.1:1446]
07:20:50.925 [Forwarding getCurrentUrl on session 10777ac42811bf2b97c8eea6392eeb25 to remote] DEBUG org.asynchttpclient.netty.request.NettyRequestSender - Using pooled Channel '[id: 0x10d08d29, L:/127.0.0.1:63110 - R:localhost/127.0.0.1:1446]' for 'GET' to 'http://localhost:1446/session/10777ac42811bf2b97c8eea6392eeb25/url'
07:20:50.925 [Forwarding getCurrentUrl on session 10777ac42811bf2b97c8eea6392eeb25 to remote] DEBUG org.asynchttpclient.netty.request.NettyRequestSender - Using open Channel [id: 0x10d08d29, L:/127.0.0.1:63110 - R:localhost/127.0.0.1:1446] for GET '/session/10777ac42811bf2b97c8eea6392eeb25/url'
07:20:50.930 [AsyncHttpClient-1-2] DEBUG org.asynchttpclient.netty.handler.HttpHandler - 

Request DefaultFullHttpRequest(decodeResult: success, version: HTTP/1.1, content: EmptyByteBufBE)
GET /session/10777ac42811bf2b97c8eea6392eeb25/url HTTP/1.1
User-Agent: selenium/4.8.1 (java windows)
Cache-Control: no-cache
Content-Type: application/json; charset=utf-8
host: localhost:1446
accept: */*

Response DefaultHttpResponse(decodeResult: success, version: HTTP/1.1)
HTTP/1.1 200 OK
Content-Length: 38
Content-Type: application/json; charset=utf-8
cache-control: no-cache

07:20:50.930 [AsyncHttpClient-1-2] DEBUG org.asynchttpclient.netty.channel.ChannelManager - Adding key: http://localhost:1446 for channel [id: 0x10d08d29, L:/127.0.0.1:63110 - R:localhost/127.0.0.1:1446]
07:20:50.933 [Forwarding screenshot on session 10777ac42811bf2b97c8eea6392eeb25 to remote] DEBUG org.asynchttpclient.netty.request.NettyRequestSender - Using pooled Channel '[id: 0x10d08d29, L:/127.0.0.1:63110 - R:localhost/127.0.0.1:1446]' for 'GET' to 'http://localhost:1446/session/10777ac42811bf2b97c8eea6392eeb25/screenshot'
07:20:50.933 [Forwarding screenshot on session 10777ac42811bf2b97c8eea6392eeb25 to remote] DEBUG org.asynchttpclient.netty.request.NettyRequestSender - Using open Channel [id: 0x10d08d29, L:/127.0.0.1:63110 - R:localhost/127.0.0.1:1446] for GET '/session/10777ac42811bf2b97c8eea6392eeb25/screenshot'
07:20:51.041 [AsyncHttpClient-1-2] DEBUG org.asynchttpclient.netty.handler.HttpHandler - 

Request DefaultFullHttpRequest(decodeResult: success, version: HTTP/1.1, content: EmptyByteBufBE)
GET /session/10777ac42811bf2b97c8eea6392eeb25/screenshot HTTP/1.1
User-Agent: selenium/4.8.1 (java windows)
Cache-Control: no-cache
Content-Type: application/json; charset=utf-8
host: localhost:1446
accept: */*

Response DefaultHttpResponse(decodeResult: success, version: HTTP/1.1)
HTTP/1.1 200 OK
Content-Length: 47592
Content-Type: application/json; charset=utf-8
cache-control: no-cache

07:20:51.042 [AsyncHttpClient-1-2] DEBUG org.asynchttpclient.netty.channel.ChannelManager - Adding key: http://localhost:1446 for channel [id: 0x10d08d29, L:/127.0.0.1:63110 - R:localhost/127.0.0.1:1446]
07:20:51.045 [main] DEBUG net.serenitybdd.core.photography.Darkroom - Send negative for processing for target\site\serenity\6164952fd6447d31f8c1727ac78244bb17153a18b8922630353ba00286581ab6.png
07:20:51.046 [main] DEBUG net.thucydides.core.steps.StepInterceptor - STEP DONE: validateOnLoginPage
  &amp#27;[32mGiven &amp#27;[0m&amp#27;[32mI am on the login page&amp#27;[0m                            &amp#27;[90m# starter.stepdefinitions.LoginSteps.onTheLoginPage()&amp#27;[0m
07:20:51.062 [Forwarding getPageSource on session 10777ac42811bf2b97c8eea6392eeb25 to remote] DEBUG org.asynchttpclient.netty.request.NettyRequestSender - Using pooled Channel '[id: 0x10d08d29, L:/127.0.0.1:63110 - R:localhost/127.0.0.1:1446]' for 'POST' to 'http://localhost:1446/session/10777ac42811bf2b97c8eea6392eeb25/execute/sync'
07:20:51.062 [Forwarding getPageSource on session 10777ac42811bf2b97c8eea6392eeb25 to remote] DEBUG org.asynchttpclient.netty.request.NettyRequestSender - Using open Channel [id: 0x10d08d29, L:/127.0.0.1:63110 - R:localhost/127.0.0.1:1446] for POST '/session/10777ac42811bf2b97c8eea6392eeb25/execute/sync'
07:20:51.068 [AsyncHttpClient-1-2] DEBUG org.asynchttpclient.netty.handler.HttpHandler - 

Request DefaultHttpRequest(decodeResult: success, version: HTTP/1.1)
POST /session/10777ac42811bf2b97c8eea6392eeb25/execute/sync HTTP/1.1
User-Agent: selenium/4.8.1 (java windows)
Content-Length: 176
Content-Type: application/json; charset=utf-8
host: localhost:1446
accept: */*

Response DefaultHttpResponse(decodeResult: success, version: HTTP/1.1)
HTTP/1.1 200 OK
Content-Length: 4286
Content-Type: application/json; charset=utf-8
cache-control: no-cache

07:20:51.068 [AsyncHttpClient-1-2] DEBUG org.asynchttpclient.netty.channel.ChannelManager - Adding key: http://localhost:1446 for channel [id: 0x10d08d29, L:/127.0.0.1:63110 - R:localhost/127.0.0.1:1446]
07:20:51.071 [Forwarding getCurrentUrl on session 10777ac42811bf2b97c8eea6392eeb25 to remote] DEBUG org.asynchttpclient.netty.request.NettyRequestSender - Using pooled Channel '[id: 0x10d08d29, L:/127.0.0.1:63110 - R:localhost/127.0.0.1:1446]' for 'GET' to 'http://localhost:1446/session/10777ac42811bf2b97c8eea6392eeb25/url'
07:20:51.071 [Forwarding getCurrentUrl on session 10777ac42811bf2b97c8eea6392eeb25 to remote] DEBUG org.asynchttpclient.netty.request.NettyRequestSender - Using open Channel [id: 0x10d08d29, L:/127.0.0.1:63110 - R:localhost/127.0.0.1:1446] for GET '/session/10777ac42811bf2b97c8eea6392eeb25/url'
07:20:51.076 [AsyncHttpClient-1-2] DEBUG org.asynchttpclient.netty.handler.HttpHandler - 

Request DefaultFullHttpRequest(decodeResult: success, version: HTTP/1.1, content: EmptyByteBufBE)
GET /session/10777ac42811bf2b97c8eea6392eeb25/url HTTP/1.1
User-Agent: selenium/4.8.1 (java windows)
Cache-Control: no-cache
Content-Type: application/json; charset=utf-8
host: localhost:1446
accept: */*

Response DefaultHttpResponse(decodeResult: success, version: HTTP/1.1)
HTTP/1.1 200 OK
Content-Length: 38
Content-Type: application/json; charset=utf-8
cache-control: no-cache

07:20:51.076 [AsyncHttpClient-1-2] DEBUG org.asynchttpclient.netty.channel.ChannelManager - Adding key: http://localhost:1446 for channel [id: 0x10d08d29, L:/127.0.0.1:63110 - R:localhost/127.0.0.1:1446]
07:20:51.087 [Forwarding getPageSource on session 10777ac42811bf2b97c8eea6392eeb25 to remote] DEBUG org.asynchttpclient.netty.request.NettyRequestSender - Using pooled Channel '[id: 0x10d08d29, L:/127.0.0.1:63110 - R:localhost/127.0.0.1:1446]' for 'POST' to 'http://localhost:1446/session/10777ac42811bf2b97c8eea6392eeb25/execute/sync'
07:20:51.087 [Forwarding getPageSource on session 10777ac42811bf2b97c8eea6392eeb25 to remote] DEBUG org.asynchttpclient.netty.request.NettyRequestSender - Using open Channel [id: 0x10d08d29, L:/127.0.0.1:63110 - R:localhost/127.0.0.1:1446] for POST '/session/10777ac42811bf2b97c8eea6392eeb25/execute/sync'
07:20:51.092 [AsyncHttpClient-1-2] DEBUG org.asynchttpclient.netty.handler.HttpHandler - 

Request DefaultHttpRequest(decodeResult: success, version: HTTP/1.1)
POST /session/10777ac42811bf2b97c8eea6392eeb25/execute/sync HTTP/1.1
User-Agent: selenium/4.8.1 (java windows)
Content-Length: 176
Content-Type: application/json; charset=utf-8
host: localhost:1446
accept: */*

Response DefaultHttpResponse(decodeResult: success, version: HTTP/1.1)
HTTP/1.1 200 OK
Content-Length: 4286
Content-Type: application/json; charset=utf-8
cache-control: no-cache

07:20:51.092 [AsyncHttpClient-1-2] DEBUG org.asynchttpclient.netty.channel.ChannelManager - Adding key: http://localhost:1446 for channel [id: 0x10d08d29, L:/127.0.0.1:63110 - R:localhost/127.0.0.1:1446]
07:20:51.095 [Forwarding getCurrentUrl on session 10777ac42811bf2b97c8eea6392eeb25 to remote] DEBUG org.asynchttpclient.netty.request.NettyRequestSender - Using pooled Channel '[id: 0x10d08d29, L:/127.0.0.1:63110 - R:localhost/127.0.0.1:1446]' for 'GET' to 'http://localhost:1446/session/10777ac42811bf2b97c8eea6392eeb25/url'
07:20:51.095 [Forwarding getCurrentUrl on session 10777ac42811bf2b97c8eea6392eeb25 to remote] DEBUG org.asynchttpclient.netty.request.NettyRequestSender - Using open Channel [id: 0x10d08d29, L:/127.0.0.1:63110 - R:localhost/127.0.0.1:1446] for GET '/session/10777ac42811bf2b97c8eea6392eeb25/url'
07:20:51.100 [AsyncHttpClient-1-2] DEBUG org.asynchttpclient.netty.handler.HttpHandler - 

Request DefaultFullHttpRequest(decodeResult: success, version: HTTP/1.1, content: EmptyByteBufBE)
GET /session/10777ac42811bf2b97c8eea6392eeb25/url HTTP/1.1
User-Agent: selenium/4.8.1 (java windows)
Cache-Control: no-cache
Content-Type: application/json; charset=utf-8
host: localhost:1446
accept: */*

Response DefaultHttpResponse(decodeResult: success, version: HTTP/1.1)
HTTP/1.1 200 OK
Content-Length: 38
Content-Type: application/json; charset=utf-8
cache-control: no-cache

07:20:51.100 [AsyncHttpClient-1-2] DEBUG org.asynchttpclient.netty.channel.ChannelManager - Adding key: http://localhost:1446 for channel [id: 0x10d08d29, L:/127.0.0.1:63110 - R:localhost/127.0.0.1:1446]
07:20:51.103 [main] DEBUG net.thucydides.core.steps.StepInterceptor - STARTING STEP: LoginSteps.iInputValidUsername - inputUsername
07:20:51.110 [Forwarding findElement on session 10777ac42811bf2b97c8eea6392eeb25 to remote] DEBUG org.asynchttpclient.netty.request.NettyRequestSender - Using pooled Channel '[id: 0x10d08d29, L:/127.0.0.1:63110 - R:localhost/127.0.0.1:1446]' for 'POST' to 'http://localhost:1446/session/10777ac42811bf2b97c8eea6392eeb25/element'
07:20:51.110 [Forwarding findElement on session 10777ac42811bf2b97c8eea6392eeb25 to remote] DEBUG org.asynchttpclient.netty.request.NettyRequestSender - Using open Channel [id: 0x10d08d29, L:/127.0.0.1:63110 - R:localhost/127.0.0.1:1446] for POST '/session/10777ac42811bf2b97c8eea6392eeb25/element'
07:20:51.123 [AsyncHttpClient-1-2] DEBUG org.asynchttpclient.netty.handler.HttpHandler - 

Request DefaultHttpRequest(decodeResult: success, version: HTTP/1.1)
POST /session/10777ac42811bf2b97c8eea6392eeb25/element HTTP/1.1
User-Agent: selenium/4.8.1 (java windows)
Content-Length: 56
Content-Type: application/json; charset=utf-8
host: localhost:1446
accept: */*

Response DefaultHttpResponse(decodeResult: success, version: HTTP/1.1)
HTTP/1.1 200 OK
Content-Length: 88
Content-Type: application/json; charset=utf-8
cache-control: no-cache

07:20:51.124 [AsyncHttpClient-1-2] DEBUG org.asynchttpclient.netty.channel.ChannelManager - Adding key: http://localhost:1446 for channel [id: 0x10d08d29, L:/127.0.0.1:63110 - R:localhost/127.0.0.1:1446]
07:20:51.126 [Forwarding clearElement on session 10777ac42811bf2b97c8eea6392eeb25 to remote] DEBUG org.asynchttpclient.netty.request.NettyRequestSender - Using pooled Channel '[id: 0x10d08d29, L:/127.0.0.1:63110 - R:localhost/127.0.0.1:1446]' for 'POST' to 'http://localhost:1446/session/10777ac42811bf2b97c8eea6392eeb25/element/c6588642-56cb-4168-a2af-ffb3d1aecb0a/clear'
07:20:51.126 [Forwarding clearElement on session 10777ac42811bf2b97c8eea6392eeb25 to remote] DEBUG org.asynchttpclient.netty.request.NettyRequestSender - Using open Channel [id: 0x10d08d29, L:/127.0.0.1:63110 - R:localhost/127.0.0.1:1446] for POST '/session/10777ac42811bf2b97c8eea6392eeb25/element/c6588642-56cb-4168-a2af-ffb3d1aecb0a/clear'
07:20:51.165 [AsyncHttpClient-1-2] DEBUG org.asynchttpclient.netty.handler.HttpHandler - 

Request DefaultHttpRequest(decodeResult: success, version: HTTP/1.1)
POST /session/10777ac42811bf2b97c8eea6392eeb25/element/c6588642-56cb-4168-a2af-ffb3d1aecb0a/clear HTTP/1.1
User-Agent: selenium/4.8.1 (java windows)
Content-Length: 50
Content-Type: application/json; charset=utf-8
host: localhost:1446
accept: */*

Response DefaultHttpResponse(decodeResult: success, version: HTTP/1.1)
HTTP/1.1 200 OK
Content-Length: 14
Content-Type: application/json; charset=utf-8
cache-control: no-cache

07:20:51.165 [AsyncHttpClient-1-2] DEBUG org.asynchttpclient.netty.channel.ChannelManager - Adding key: http://localhost:1446 for channel [id: 0x10d08d29, L:/127.0.0.1:63110 - R:localhost/127.0.0.1:1446]
07:20:51.169 [Forwarding sendKeysToElement on session 10777ac42811bf2b97c8eea6392eeb25 to remote] DEBUG org.asynchttpclient.netty.request.NettyRequestSender - Using pooled Channel '[id: 0x10d08d29, L:/127.0.0.1:63110 - R:localhost/127.0.0.1:1446]' for 'POST' to 'http://localhost:1446/session/10777ac42811bf2b97c8eea6392eeb25/element/c6588642-56cb-4168-a2af-ffb3d1aecb0a/value'
07:20:51.169 [Forwarding sendKeysToElement on session 10777ac42811bf2b97c8eea6392eeb25 to remote] DEBUG org.asynchttpclient.netty.request.NettyRequestSender - Using open Channel [id: 0x10d08d29, L:/127.0.0.1:63110 - R:localhost/127.0.0.1:1446] for POST '/session/10777ac42811bf2b97c8eea6392eeb25/element/c6588642-56cb-4168-a2af-ffb3d1aecb0a/value'
07:20:51.270 [AsyncHttpClient-1-2] DEBUG org.asynchttpclient.netty.handler.HttpHandler - 

Request DefaultHttpRequest(decodeResult: success, version: HTTP/1.1)
POST /session/10777ac42811bf2b97c8eea6392eeb25/element/c6588642-56cb-4168-a2af-ffb3d1aecb0a/value HTTP/1.1
User-Agent: selenium/4.8.1 (java windows)
Content-Length: 211
Content-Type: application/json; charset=utf-8
host: localhost:1446
accept: */*

Response DefaultHttpResponse(decodeResult: success, version: HTTP/1.1)
HTTP/1.1 200 OK
Content-Length: 14
Content-Type: application/json; charset=utf-8
cache-control: no-cache

07:20:51.274 [AsyncHttpClient-1-2] DEBUG org.asynchttpclient.netty.channel.ChannelManager - Adding key: http://localhost:1446 for channel [id: 0x10d08d29, L:/127.0.0.1:63110 - R:localhost/127.0.0.1:1446]
07:20:51.285 [Forwarding getAlertText on session 10777ac42811bf2b97c8eea6392eeb25 to remote] DEBUG org.asynchttpclient.netty.request.NettyRequestSender - Using pooled Channel '[id: 0x10d08d29, L:/127.0.0.1:63110 - R:localhost/127.0.0.1:1446]' for 'GET' to 'http://localhost:1446/session/10777ac42811bf2b97c8eea6392eeb25/alert/text'
07:20:51.285 [Forwarding getAlertText on session 10777ac42811bf2b97c8eea6392eeb25 to remote] DEBUG org.asynchttpclient.netty.request.NettyRequestSender - Using open Channel [id: 0x10d08d29, L:/127.0.0.1:63110 - R:localhost/127.0.0.1:1446] for GET '/session/10777ac42811bf2b97c8eea6392eeb25/alert/text'
07:20:51.287 [AsyncHttpClient-1-2] DEBUG org.asynchttpclient.netty.handler.HttpHandler - 

Request DefaultFullHttpRequest(decodeResult: success, version: HTTP/1.1, content: EmptyByteBufBE)
GET /session/10777ac42811bf2b97c8eea6392eeb25/alert/text HTTP/1.1
User-Agent: selenium/4.8.1 (java windows)
Cache-Control: no-cache
Content-Type: application/json; charset=utf-8
host: localhost:1446
accept: */*

Response DefaultHttpResponse(decodeResult: success, version: HTTP/1.1)
HTTP/1.1 404 Not Found
Content-Length: 821
Content-Type: application/json; charset=utf-8
cache-control: no-cache

07:20:51.288 [AsyncHttpClient-1-2] DEBUG org.asynchttpclient.netty.channel.ChannelManager - Adding key: http://localhost:1446 for channel [id: 0x10d08d29, L:/127.0.0.1:63110 - R:localhost/127.0.0.1:1446]
07:20:51.289 [Forwarding getCurrentUrl on session 10777ac42811bf2b97c8eea6392eeb25 to remote] DEBUG org.asynchttpclient.netty.request.NettyRequestSender - Using pooled Channel '[id: 0x10d08d29, L:/127.0.0.1:63110 - R:localhost/127.0.0.1:1446]' for 'GET' to 'http://localhost:1446/session/10777ac42811bf2b97c8eea6392eeb25/url'
07:20:51.289 [Forwarding getCurrentUrl on session 10777ac42811bf2b97c8eea6392eeb25 to remote] DEBUG org.asynchttpclient.netty.request.NettyRequestSender - Using open Channel [id: 0x10d08d29, L:/127.0.0.1:63110 - R:localhost/127.0.0.1:1446] for GET '/session/10777ac42811bf2b97c8eea6392eeb25/url'
07:20:51.294 [AsyncHttpClient-1-2] DEBUG org.asynchttpclient.netty.handler.HttpHandler - 

Request DefaultFullHttpRequest(decodeResult: success, version: HTTP/1.1, content: EmptyByteBufBE)
GET /session/10777ac42811bf2b97c8eea6392eeb25/url HTTP/1.1
User-Agent: selenium/4.8.1 (java windows)
Cache-Control: no-cache
Content-Type: application/json; charset=utf-8
host: localhost:1446
accept: */*

Response DefaultHttpResponse(decodeResult: success, version: HTTP/1.1)
HTTP/1.1 200 OK
Content-Length: 38
Content-Type: application/json; charset=utf-8
cache-control: no-cache

07:20:51.295 [AsyncHttpClient-1-2] DEBUG org.asynchttpclient.netty.channel.ChannelManager - Adding key: http://localhost:1446 for channel [id: 0x10d08d29, L:/127.0.0.1:63110 - R:localhost/127.0.0.1:1446]
07:20:51.296 [Forwarding screenshot on session 10777ac42811bf2b97c8eea6392eeb25 to remote] DEBUG org.asynchttpclient.netty.request.NettyRequestSender - Using pooled Channel '[id: 0x10d08d29, L:/127.0.0.1:63110 - R:localhost/127.0.0.1:1446]' for 'GET' to 'http://localhost:1446/session/10777ac42811bf2b97c8eea6392eeb25/screenshot'
07:20:51.296 [Forwarding screenshot on session 10777ac42811bf2b97c8eea6392eeb25 to remote] DEBUG org.asynchttpclient.netty.request.NettyRequestSender - Using open Channel [id: 0x10d08d29, L:/127.0.0.1:63110 - R:localhost/127.0.0.1:1446] for GET '/session/10777ac42811bf2b97c8eea6392eeb25/screenshot'
07:20:51.395 [AsyncHttpClient-1-2] DEBUG org.asynchttpclient.netty.handler.HttpHandler - 

Request DefaultFullHttpRequest(decodeResult: success, version: HTTP/1.1, content: EmptyByteBufBE)
GET /session/10777ac42811bf2b97c8eea6392eeb25/screenshot HTTP/1.1
User-Agent: selenium/4.8.1 (java windows)
Cache-Control: no-cache
Content-Type: application/json; charset=utf-8
host: localhost:1446
accept: */*

Response DefaultHttpResponse(decodeResult: success, version: HTTP/1.1)
HTTP/1.1 200 OK
Content-Length: 48524
Content-Type: application/json; charset=utf-8
cache-control: no-cache

07:20:51.396 [AsyncHttpClient-1-2] DEBUG org.asynchttpclient.netty.channel.ChannelManager - Adding key: http://localhost:1446 for channel [id: 0x10d08d29, L:/127.0.0.1:63110 - R:localhost/127.0.0.1:1446]
07:20:51.399 [main] DEBUG net.serenitybdd.core.photography.Darkroom - Send negative for processing for target\site\serenity\2e2830db27d1deee2339ec44777051016b8b46fb3a911dc9e05b4ce75b0650e2.png
07:20:51.399 [Darkroom Processing Line] DEBUG net.serenitybdd.core.photography.DarkroomProcessingLine - Processing screenshot image in /var/screenshots/screenshot-5701990862450677978
07:20:51.399 [main] DEBUG net.thucydides.core.steps.StepInterceptor - STEP DONE: inputUsername
07:20:51.399 [Darkroom Processing Line] DEBUG net.serenitybdd.core.photography.DarkroomProcessingLine - Saving screenshot to target\site\serenity\2e2830db27d1deee2339ec44777051016b8b46fb3a911dc9e05b4ce75b0650e2.png
  &amp#27;[32mWhen &amp#27;[0m&amp#27;[32mI input valid &amp#27;[0m&amp#27;[32m&amp#27;[1m"standard_user"&amp#27;[0m&amp#27;[32m username&amp#27;[0m             &amp#27;[90m# starter.stepdefinitions.LoginSteps.iInputValidUsername(java.lang.String)&amp#27;[0m
07:20:51.409 [Forwarding getPageSource on session 10777ac42811bf2b97c8eea6392eeb25 to remote] DEBUG org.asynchttpclient.netty.request.NettyRequestSender - Using pooled Channel '[id: 0x10d08d29, L:/127.0.0.1:63110 - R:localhost/127.0.0.1:1446]' for 'POST' to 'http://localhost:1446/session/10777ac42811bf2b97c8eea6392eeb25/execute/sync'
07:20:51.409 [Forwarding getPageSource on session 10777ac42811bf2b97c8eea6392eeb25 to remote] DEBUG org.asynchttpclient.netty.request.NettyRequestSender - Using open Channel [id: 0x10d08d29, L:/127.0.0.1:63110 - R:localhost/127.0.0.1:1446] for POST '/session/10777ac42811bf2b97c8eea6392eeb25/execute/sync'
07:20:51.415 [AsyncHttpClient-1-2] DEBUG org.asynchttpclient.netty.handler.HttpHandler - 

Request DefaultHttpRequest(decodeResult: success, version: HTTP/1.1)
POST /session/10777ac42811bf2b97c8eea6392eeb25/execute/sync HTTP/1.1
User-Agent: selenium/4.8.1 (java windows)
Content-Length: 176
Content-Type: application/json; charset=utf-8
host: localhost:1446
accept: */*

Response DefaultHttpResponse(decodeResult: success, version: HTTP/1.1)
HTTP/1.1 200 OK
Content-Length: 4299
Content-Type: application/json; charset=utf-8
cache-control: no-cache

07:20:51.415 [AsyncHttpClient-1-2] DEBUG org.asynchttpclient.netty.channel.ChannelManager - Adding key: http://localhost:1446 for channel [id: 0x10d08d29, L:/127.0.0.1:63110 - R:localhost/127.0.0.1:1446]
07:20:51.418 [Forwarding getCurrentUrl on session 10777ac42811bf2b97c8eea6392eeb25 to remote] DEBUG org.asynchttpclient.netty.request.NettyRequestSender - Using pooled Channel '[id: 0x10d08d29, L:/127.0.0.1:63110 - R:localhost/127.0.0.1:1446]' for 'GET' to 'http://localhost:1446/session/10777ac42811bf2b97c8eea6392eeb25/url'
07:20:51.418 [Forwarding getCurrentUrl on session 10777ac42811bf2b97c8eea6392eeb25 to remote] DEBUG org.asynchttpclient.netty.request.NettyRequestSender - Using open Channel [id: 0x10d08d29, L:/127.0.0.1:63110 - R:localhost/127.0.0.1:1446] for GET '/session/10777ac42811bf2b97c8eea6392eeb25/url'
07:20:51.423 [AsyncHttpClient-1-2] DEBUG org.asynchttpclient.netty.handler.HttpHandler - 

Request DefaultFullHttpRequest(decodeResult: success, version: HTTP/1.1, content: EmptyByteBufBE)
GET /session/10777ac42811bf2b97c8eea6392eeb25/url HTTP/1.1
User-Agent: selenium/4.8.1 (java windows)
Cache-Control: no-cache
Content-Type: application/json; charset=utf-8
host: localhost:1446
accept: */*

Response DefaultHttpResponse(decodeResult: success, version: HTTP/1.1)
HTTP/1.1 200 OK
Content-Length: 38
Content-Type: application/json; charset=utf-8
cache-control: no-cache

07:20:51.424 [AsyncHttpClient-1-2] DEBUG org.asynchttpclient.netty.channel.ChannelManager - Adding key: http://localhost:1446 for channel [id: 0x10d08d29, L:/127.0.0.1:63110 - R:localhost/127.0.0.1:1446]
07:20:51.436 [Forwarding getPageSource on session 10777ac42811bf2b97c8eea6392eeb25 to remote] DEBUG org.asynchttpclient.netty.request.NettyRequestSender - Using pooled Channel '[id: 0x10d08d29, L:/127.0.0.1:63110 - R:localhost/127.0.0.1:1446]' for 'POST' to 'http://localhost:1446/session/10777ac42811bf2b97c8eea6392eeb25/execute/sync'
07:20:51.436 [Forwarding getPageSource on session 10777ac42811bf2b97c8eea6392eeb25 to remote] DEBUG org.asynchttpclient.netty.request.NettyRequestSender - Using open Channel [id: 0x10d08d29, L:/127.0.0.1:63110 - R:localhost/127.0.0.1:1446] for POST '/session/10777ac42811bf2b97c8eea6392eeb25/execute/sync'
07:20:51.442 [AsyncHttpClient-1-2] DEBUG org.asynchttpclient.netty.handler.HttpHandler - 

Request DefaultHttpRequest(decodeResult: success, version: HTTP/1.1)
POST /session/10777ac42811bf2b97c8eea6392eeb25/execute/sync HTTP/1.1
User-Agent: selenium/4.8.1 (java windows)
Content-Length: 176
Content-Type: application/json; charset=utf-8
host: localhost:1446
accept: */*

Response DefaultHttpResponse(decodeResult: success, version: HTTP/1.1)
HTTP/1.1 200 OK
Content-Length: 4299
Content-Type: application/json; charset=utf-8
cache-control: no-cache

07:20:51.442 [AsyncHttpClient-1-2] DEBUG org.asynchttpclient.netty.channel.ChannelManager - Adding key: http://localhost:1446 for channel [id: 0x10d08d29, L:/127.0.0.1:63110 - R:localhost/127.0.0.1:1446]
07:20:51.444 [Forwarding getCurrentUrl on session 10777ac42811bf2b97c8eea6392eeb25 to remote] DEBUG org.asynchttpclient.netty.request.NettyRequestSender - Using pooled Channel '[id: 0x10d08d29, L:/127.0.0.1:63110 - R:localhost/127.0.0.1:1446]' for 'GET' to 'http://localhost:1446/session/10777ac42811bf2b97c8eea6392eeb25/url'
07:20:51.445 [Forwarding getCurrentUrl on session 10777ac42811bf2b97c8eea6392eeb25 to remote] DEBUG org.asynchttpclient.netty.request.NettyRequestSender - Using open Channel [id: 0x10d08d29, L:/127.0.0.1:63110 - R:localhost/127.0.0.1:1446] for GET '/session/10777ac42811bf2b97c8eea6392eeb25/url'
07:20:51.450 [AsyncHttpClient-1-2] DEBUG org.asynchttpclient.netty.handler.HttpHandler - 

Request DefaultFullHttpRequest(decodeResult: success, version: HTTP/1.1, content: EmptyByteBufBE)
GET /session/10777ac42811bf2b97c8eea6392eeb25/url HTTP/1.1
User-Agent: selenium/4.8.1 (java windows)
Cache-Control: no-cache
Content-Type: application/json; charset=utf-8
host: localhost:1446
accept: */*

Response DefaultHttpResponse(decodeResult: success, version: HTTP/1.1)
HTTP/1.1 200 OK
Content-Length: 38
Content-Type: application/json; charset=utf-8
cache-control: no-cache

07:20:51.450 [AsyncHttpClient-1-2] DEBUG org.asynchttpclient.netty.channel.ChannelManager - Adding key: http://localhost:1446 for channel [id: 0x10d08d29, L:/127.0.0.1:63110 - R:localhost/127.0.0.1:1446]
07:20:51.452 [main] DEBUG net.thucydides.core.steps.StepInterceptor - STARTING STEP: LoginSteps.inputValidPassword - inputPassword
07:20:51.454 [Forwarding findElement on session 10777ac42811bf2b97c8eea6392eeb25 to remote] DEBUG org.asynchttpclient.netty.request.NettyRequestSender - Using pooled Channel '[id: 0x10d08d29, L:/127.0.0.1:63110 - R:localhost/127.0.0.1:1446]' for 'POST' to 'http://localhost:1446/session/10777ac42811bf2b97c8eea6392eeb25/element'
07:20:51.454 [Forwarding findElement on session 10777ac42811bf2b97c8eea6392eeb25 to remote] DEBUG org.asynchttpclient.netty.request.NettyRequestSender - Using open Channel [id: 0x10d08d29, L:/127.0.0.1:63110 - R:localhost/127.0.0.1:1446] for POST '/session/10777ac42811bf2b97c8eea6392eeb25/element'
07:20:51.466 [AsyncHttpClient-1-2] DEBUG org.asynchttpclient.netty.handler.HttpHandler - 

Request DefaultHttpRequest(decodeResult: success, version: HTTP/1.1)
POST /session/10777ac42811bf2b97c8eea6392eeb25/element HTTP/1.1
User-Agent: selenium/4.8.1 (java windows)
Content-Length: 53
Content-Type: application/json; charset=utf-8
host: localhost:1446
accept: */*

Response DefaultHttpResponse(decodeResult: success, version: HTTP/1.1)
HTTP/1.1 200 OK
Content-Length: 88
Content-Type: application/json; charset=utf-8
cache-control: no-cache

07:20:51.466 [AsyncHttpClient-1-2] DEBUG org.asynchttpclient.netty.channel.ChannelManager - Adding key: http://localhost:1446 for channel [id: 0x10d08d29, L:/127.0.0.1:63110 - R:localhost/127.0.0.1:1446]
07:20:51.468 [Forwarding clearElement on session 10777ac42811bf2b97c8eea6392eeb25 to remote] DEBUG org.asynchttpclient.netty.request.NettyRequestSender - Using pooled Channel '[id: 0x10d08d29, L:/127.0.0.1:63110 - R:localhost/127.0.0.1:1446]' for 'POST' to 'http://localhost:1446/session/10777ac42811bf2b97c8eea6392eeb25/element/c9500dcb-a521-477e-af5f-bf50f509a471/clear'
07:20:51.468 [Forwarding clearElement on session 10777ac42811bf2b97c8eea6392eeb25 to remote] DEBUG org.asynchttpclient.netty.request.NettyRequestSender - Using open Channel [id: 0x10d08d29, L:/127.0.0.1:63110 - R:localhost/127.0.0.1:1446] for POST '/session/10777ac42811bf2b97c8eea6392eeb25/element/c9500dcb-a521-477e-af5f-bf50f509a471/clear'
07:20:51.498 [AsyncHttpClient-1-2] DEBUG org.asynchttpclient.netty.handler.HttpHandler - 

Request DefaultHttpRequest(decodeResult: success, version: HTTP/1.1)
POST /session/10777ac42811bf2b97c8eea6392eeb25/element/c9500dcb-a521-477e-af5f-bf50f509a471/clear HTTP/1.1
User-Agent: selenium/4.8.1 (java windows)
Content-Length: 50
Content-Type: application/json; charset=utf-8
host: localhost:1446
accept: */*

Response DefaultHttpResponse(decodeResult: success, version: HTTP/1.1)
HTTP/1.1 200 OK
Content-Length: 14
Content-Type: application/json; charset=utf-8
cache-control: no-cache

07:20:51.498 [AsyncHttpClient-1-2] DEBUG org.asynchttpclient.netty.channel.ChannelManager - Adding key: http://localhost:1446 for channel [id: 0x10d08d29, L:/127.0.0.1:63110 - R:localhost/127.0.0.1:1446]
07:20:51.500 [Forwarding sendKeysToElement on session 10777ac42811bf2b97c8eea6392eeb25 to remote] DEBUG org.asynchttpclient.netty.request.NettyRequestSender - Using pooled Channel '[id: 0x10d08d29, L:/127.0.0.1:63110 - R:localhost/127.0.0.1:1446]' for 'POST' to 'http://localhost:1446/session/10777ac42811bf2b97c8eea6392eeb25/element/c9500dcb-a521-477e-af5f-bf50f509a471/value'
07:20:51.500 [Forwarding sendKeysToElement on session 10777ac42811bf2b97c8eea6392eeb25 to remote] DEBUG org.asynchttpclient.netty.request.NettyRequestSender - Using open Channel [id: 0x10d08d29, L:/127.0.0.1:63110 - R:localhost/127.0.0.1:1446] for POST '/session/10777ac42811bf2b97c8eea6392eeb25/element/c9500dcb-a521-477e-af5f-bf50f509a471/value'
07:20:51.558 [AsyncHttpClient-1-2] DEBUG org.asynchttpclient.netty.handler.HttpHandler - 

Request DefaultHttpRequest(decodeResult: success, version: HTTP/1.1)
POST /session/10777ac42811bf2b97c8eea6392eeb25/element/c9500dcb-a521-477e-af5f-bf50f509a471/value HTTP/1.1
User-Agent: selenium/4.8.1 (java windows)
Content-Length: 201
Content-Type: application/json; charset=utf-8
host: localhost:1446
accept: */*

Response DefaultHttpResponse(decodeResult: success, version: HTTP/1.1)
HTTP/1.1 200 OK
Content-Length: 14
Content-Type: application/json; charset=utf-8
cache-control: no-cache

07:20:51.559 [AsyncHttpClient-1-2] DEBUG org.asynchttpclient.netty.channel.ChannelManager - Adding key: http://localhost:1446 for channel [id: 0x10d08d29, L:/127.0.0.1:63110 - R:localhost/127.0.0.1:1446]
07:20:51.566 [Forwarding getAlertText on session 10777ac42811bf2b97c8eea6392eeb25 to remote] DEBUG org.asynchttpclient.netty.request.NettyRequestSender - Using pooled Channel '[id: 0x10d08d29, L:/127.0.0.1:63110 - R:localhost/127.0.0.1:1446]' for 'GET' to 'http://localhost:1446/session/10777ac42811bf2b97c8eea6392eeb25/alert/text'
07:20:51.567 [Forwarding getAlertText on session 10777ac42811bf2b97c8eea6392eeb25 to remote] DEBUG org.asynchttpclient.netty.request.NettyRequestSender - Using open Channel [id: 0x10d08d29, L:/127.0.0.1:63110 - R:localhost/127.0.0.1:1446] for GET '/session/10777ac42811bf2b97c8eea6392eeb25/alert/text'
07:20:51.569 [AsyncHttpClient-1-2] DEBUG org.asynchttpclient.netty.handler.HttpHandler - 

Request DefaultFullHttpRequest(decodeResult: success, version: HTTP/1.1, content: EmptyByteBufBE)
GET /session/10777ac42811bf2b97c8eea6392eeb25/alert/text HTTP/1.1
User-Agent: selenium/4.8.1 (java windows)
Cache-Control: no-cache
Content-Type: application/json; charset=utf-8
host: localhost:1446
accept: */*

Response DefaultHttpResponse(decodeResult: success, version: HTTP/1.1)
HTTP/1.1 404 Not Found
Content-Length: 821
Content-Type: application/json; charset=utf-8
cache-control: no-cache

07:20:51.569 [AsyncHttpClient-1-2] DEBUG org.asynchttpclient.netty.channel.ChannelManager - Adding key: http://localhost:1446 for channel [id: 0x10d08d29, L:/127.0.0.1:63110 - R:localhost/127.0.0.1:1446]
07:20:51.570 [Forwarding getCurrentUrl on session 10777ac42811bf2b97c8eea6392eeb25 to remote] DEBUG org.asynchttpclient.netty.request.NettyRequestSender - Using pooled Channel '[id: 0x10d08d29, L:/127.0.0.1:63110 - R:localhost/127.0.0.1:1446]' for 'GET' to 'http://localhost:1446/session/10777ac42811bf2b97c8eea6392eeb25/url'
07:20:51.570 [Forwarding getCurrentUrl on session 10777ac42811bf2b97c8eea6392eeb25 to remote] DEBUG org.asynchttpclient.netty.request.NettyRequestSender - Using open Channel [id: 0x10d08d29, L:/127.0.0.1:63110 - R:localhost/127.0.0.1:1446] for GET '/session/10777ac42811bf2b97c8eea6392eeb25/url'
07:20:51.575 [AsyncHttpClient-1-2] DEBUG org.asynchttpclient.netty.handler.HttpHandler - 

Request DefaultFullHttpRequest(decodeResult: success, version: HTTP/1.1, content: EmptyByteBufBE)
GET /session/10777ac42811bf2b97c8eea6392eeb25/url HTTP/1.1
User-Agent: selenium/4.8.1 (java windows)
Cache-Control: no-cache
Content-Type: application/json; charset=utf-8
host: localhost:1446
accept: */*

Response DefaultHttpResponse(decodeResult: success, version: HTTP/1.1)
HTTP/1.1 200 OK
Content-Length: 38
Content-Type: application/json; charset=utf-8
cache-control: no-cache

07:20:51.575 [AsyncHttpClient-1-2] DEBUG org.asynchttpclient.netty.channel.ChannelManager - Adding key: http://localhost:1446 for channel [id: 0x10d08d29, L:/127.0.0.1:63110 - R:localhost/127.0.0.1:1446]
07:20:51.577 [Forwarding screenshot on session 10777ac42811bf2b97c8eea6392eeb25 to remote] DEBUG org.asynchttpclient.netty.request.NettyRequestSender - Using pooled Channel '[id: 0x10d08d29, L:/127.0.0.1:63110 - R:localhost/127.0.0.1:1446]' for 'GET' to 'http://localhost:1446/session/10777ac42811bf2b97c8eea6392eeb25/screenshot'
07:20:51.577 [Forwarding screenshot on session 10777ac42811bf2b97c8eea6392eeb25 to remote] DEBUG org.asynchttpclient.netty.request.NettyRequestSender - Using open Channel [id: 0x10d08d29, L:/127.0.0.1:63110 - R:localhost/127.0.0.1:1446] for GET '/session/10777ac42811bf2b97c8eea6392eeb25/screenshot'
07:20:51.663 [AsyncHttpClient-1-1] DEBUG org.asynchttpclient.netty.channel.DefaultChannelPool - Entry count for : http://localhost:63111 : 1
07:20:51.677 [AsyncHttpClient-1-2] DEBUG org.asynchttpclient.netty.handler.HttpHandler - 

Request DefaultFullHttpRequest(decodeResult: success, version: HTTP/1.1, content: EmptyByteBufBE)
GET /session/10777ac42811bf2b97c8eea6392eeb25/screenshot HTTP/1.1
User-Agent: selenium/4.8.1 (java windows)
Cache-Control: no-cache
Content-Type: application/json; charset=utf-8
host: localhost:1446
accept: */*

Response DefaultHttpResponse(decodeResult: success, version: HTTP/1.1)
HTTP/1.1 200 OK
Content-Length: 46220
Content-Type: application/json; charset=utf-8
cache-control: no-cache

07:20:51.678 [AsyncHttpClient-1-2] DEBUG org.asynchttpclient.netty.channel.ChannelManager - Adding key: http://localhost:1446 for channel [id: 0x10d08d29, L:/127.0.0.1:63110 - R:localhost/127.0.0.1:1446]
07:20:51.682 [main] DEBUG net.serenitybdd.core.photography.Darkroom - Send negative for processing for target\site\serenity\b5aac284205726c0d5f55e71292bd9229528158987e65906b90fa11edd6695f6.png
07:20:51.683 [main] DEBUG net.thucydides.core.steps.StepInterceptor - STEP DONE: inputPassword
07:20:51.683 [Darkroom Processing Line] DEBUG net.serenitybdd.core.photography.DarkroomProcessingLine - Processing screenshot image in /var/screenshots/screenshot-17768055713098549464
07:20:51.683 [Darkroom Processing Line] DEBUG net.serenitybdd.core.photography.DarkroomProcessingLine - Saving screenshot to target\site\serenity\b5aac284205726c0d5f55e71292bd9229528158987e65906b90fa11edd6695f6.png
  &amp#27;[32mAnd &amp#27;[0m&amp#27;[32mI input valid password&amp#27;[0m                              &amp#27;[90m# starter.stepdefinitions.LoginSteps.inputValidPassword()&amp#27;[0m
07:20:51.692 [Forwarding getPageSource on session 10777ac42811bf2b97c8eea6392eeb25 to remote] DEBUG org.asynchttpclient.netty.request.NettyRequestSender - Using pooled Channel '[id: 0x10d08d29, L:/127.0.0.1:63110 - R:localhost/127.0.0.1:1446]' for 'POST' to 'http://localhost:1446/session/10777ac42811bf2b97c8eea6392eeb25/execute/sync'
07:20:51.693 [Forwarding getPageSource on session 10777ac42811bf2b97c8eea6392eeb25 to remote] DEBUG org.asynchttpclient.netty.request.NettyRequestSender - Using open Channel [id: 0x10d08d29, L:/127.0.0.1:63110 - R:localhost/127.0.0.1:1446] for POST '/session/10777ac42811bf2b97c8eea6392eeb25/execute/sync'
07:20:51.699 [AsyncHttpClient-1-2] DEBUG org.asynchttpclient.netty.handler.HttpHandler - 

Request DefaultHttpRequest(decodeResult: success, version: HTTP/1.1)
POST /session/10777ac42811bf2b97c8eea6392eeb25/execute/sync HTTP/1.1
User-Agent: selenium/4.8.1 (java windows)
Content-Length: 176
Content-Type: application/json; charset=utf-8
host: localhost:1446
accept: */*

Response DefaultHttpResponse(decodeResult: success, version: HTTP/1.1)
HTTP/1.1 200 OK
Content-Length: 4311
Content-Type: application/json; charset=utf-8
cache-control: no-cache

07:20:51.699 [AsyncHttpClient-1-2] DEBUG org.asynchttpclient.netty.channel.ChannelManager - Adding key: http://localhost:1446 for channel [id: 0x10d08d29, L:/127.0.0.1:63110 - R:localhost/127.0.0.1:1446]
07:20:51.702 [Forwarding getCurrentUrl on session 10777ac42811bf2b97c8eea6392eeb25 to remote] DEBUG org.asynchttpclient.netty.request.NettyRequestSender - Using pooled Channel '[id: 0x10d08d29, L:/127.0.0.1:63110 - R:localhost/127.0.0.1:1446]' for 'GET' to 'http://localhost:1446/session/10777ac42811bf2b97c8eea6392eeb25/url'
07:20:51.702 [Forwarding getCurrentUrl on session 10777ac42811bf2b97c8eea6392eeb25 to remote] DEBUG org.asynchttpclient.netty.request.NettyRequestSender - Using open Channel [id: 0x10d08d29, L:/127.0.0.1:63110 - R:localhost/127.0.0.1:1446] for GET '/session/10777ac42811bf2b97c8eea6392eeb25/url'
07:20:51.708 [AsyncHttpClient-1-2] DEBUG org.asynchttpclient.netty.handler.HttpHandler - 

Request DefaultFullHttpRequest(decodeResult: success, version: HTTP/1.1, content: EmptyByteBufBE)
GET /session/10777ac42811bf2b97c8eea6392eeb25/url HTTP/1.1
User-Agent: selenium/4.8.1 (java windows)
Cache-Control: no-cache
Content-Type: application/json; charset=utf-8
host: localhost:1446
accept: */*

Response DefaultHttpResponse(decodeResult: success, version: HTTP/1.1)
HTTP/1.1 200 OK
Content-Length: 38
Content-Type: application/json; charset=utf-8
cache-control: no-cache

07:20:51.708 [AsyncHttpClient-1-2] DEBUG org.asynchttpclient.netty.channel.ChannelManager - Adding key: http://localhost:1446 for channel [id: 0x10d08d29, L:/127.0.0.1:63110 - R:localhost/127.0.0.1:1446]
07:20:51.719 [Forwarding getPageSource on session 10777ac42811bf2b97c8eea6392eeb25 to remote] DEBUG org.asynchttpclient.netty.request.NettyRequestSender - Using pooled Channel '[id: 0x10d08d29, L:/127.0.0.1:63110 - R:localhost/127.0.0.1:1446]' for 'POST' to 'http://localhost:1446/session/10777ac42811bf2b97c8eea6392eeb25/execute/sync'
07:20:51.719 [Forwarding getPageSource on session 10777ac42811bf2b97c8eea6392eeb25 to remote] DEBUG org.asynchttpclient.netty.request.NettyRequestSender - Using open Channel [id: 0x10d08d29, L:/127.0.0.1:63110 - R:localhost/127.0.0.1:1446] for POST '/session/10777ac42811bf2b97c8eea6392eeb25/execute/sync'
07:20:51.725 [AsyncHttpClient-1-2] DEBUG org.asynchttpclient.netty.handler.HttpHandler - 

Request DefaultHttpRequest(decodeResult: success, version: HTTP/1.1)
POST /session/10777ac42811bf2b97c8eea6392eeb25/execute/sync HTTP/1.1
User-Agent: selenium/4.8.1 (java windows)
Content-Length: 176
Content-Type: application/json; charset=utf-8
host: localhost:1446
accept: */*

Response DefaultHttpResponse(decodeResult: success, version: HTTP/1.1)
HTTP/1.1 200 OK
Content-Length: 4311
Content-Type: application/json; charset=utf-8
cache-control: no-cache

07:20:51.726 [AsyncHttpClient-1-2] DEBUG org.asynchttpclient.netty.channel.ChannelManager - Adding key: http://localhost:1446 for channel [id: 0x10d08d29, L:/127.0.0.1:63110 - R:localhost/127.0.0.1:1446]
07:20:51.729 [Forwarding getCurrentUrl on session 10777ac42811bf2b97c8eea6392eeb25 to remote] DEBUG org.asynchttpclient.netty.request.NettyRequestSender - Using pooled Channel '[id: 0x10d08d29, L:/127.0.0.1:63110 - R:localhost/127.0.0.1:1446]' for 'GET' to 'http://localhost:1446/session/10777ac42811bf2b97c8eea6392eeb25/url'
07:20:51.729 [Forwarding getCurrentUrl on session 10777ac42811bf2b97c8eea6392eeb25 to remote] DEBUG org.asynchttpclient.netty.request.NettyRequestSender - Using open Channel [id: 0x10d08d29, L:/127.0.0.1:63110 - R:localhost/127.0.0.1:1446] for GET '/session/10777ac42811bf2b97c8eea6392eeb25/url'
07:20:51.734 [AsyncHttpClient-1-2] DEBUG org.asynchttpclient.netty.handler.HttpHandler - 

Request DefaultFullHttpRequest(decodeResult: success, version: HTTP/1.1, content: EmptyByteBufBE)
GET /session/10777ac42811bf2b97c8eea6392eeb25/url HTTP/1.1
User-Agent: selenium/4.8.1 (java windows)
Cache-Control: no-cache
Content-Type: application/json; charset=utf-8
host: localhost:1446
accept: */*

Response DefaultHttpResponse(decodeResult: success, version: HTTP/1.1)
HTTP/1.1 200 OK
Content-Length: 38
Content-Type: application/json; charset=utf-8
cache-control: no-cache

07:20:51.735 [AsyncHttpClient-1-2] DEBUG org.asynchttpclient.netty.channel.ChannelManager - Adding key: http://localhost:1446 for channel [id: 0x10d08d29, L:/127.0.0.1:63110 - R:localhost/127.0.0.1:1446]
07:20:51.737 [main] DEBUG net.thucydides.core.steps.StepInterceptor - STARTING STEP: LoginSteps.clickLoginButton - clickLoginButton
07:20:51.742 [Forwarding findElement on session 10777ac42811bf2b97c8eea6392eeb25 to remote] DEBUG org.asynchttpclient.netty.request.NettyRequestSender - Using pooled Channel '[id: 0x10d08d29, L:/127.0.0.1:63110 - R:localhost/127.0.0.1:1446]' for 'POST' to 'http://localhost:1446/session/10777ac42811bf2b97c8eea6392eeb25/element'
07:20:51.742 [Forwarding findElement on session 10777ac42811bf2b97c8eea6392eeb25 to remote] DEBUG org.asynchttpclient.netty.request.NettyRequestSender - Using open Channel [id: 0x10d08d29, L:/127.0.0.1:63110 - R:localhost/127.0.0.1:1446] for POST '/session/10777ac42811bf2b97c8eea6392eeb25/element'
07:20:51.751 [AsyncHttpClient-1-2] DEBUG org.asynchttpclient.netty.handler.HttpHandler - 

Request DefaultHttpRequest(decodeResult: success, version: HTTP/1.1)
POST /session/10777ac42811bf2b97c8eea6392eeb25/element HTTP/1.1
User-Agent: selenium/4.8.1 (java windows)
Content-Length: 59
Content-Type: application/json; charset=utf-8
host: localhost:1446
accept: */*

Response DefaultHttpResponse(decodeResult: success, version: HTTP/1.1)
HTTP/1.1 200 OK
Content-Length: 88
Content-Type: application/json; charset=utf-8
cache-control: no-cache

07:20:51.751 [AsyncHttpClient-1-2] DEBUG org.asynchttpclient.netty.channel.ChannelManager - Adding key: http://localhost:1446 for channel [id: 0x10d08d29, L:/127.0.0.1:63110 - R:localhost/127.0.0.1:1446]
07:20:51.754 [Forwarding getElementTagName on session 10777ac42811bf2b97c8eea6392eeb25 to remote] DEBUG org.asynchttpclient.netty.request.NettyRequestSender - Using pooled Channel '[id: 0x10d08d29, L:/127.0.0.1:63110 - R:localhost/127.0.0.1:1446]' for 'GET' to 'http://localhost:1446/session/10777ac42811bf2b97c8eea6392eeb25/element/321c9b45-1605-4317-9f51-eeb7fcd668f1/name'
07:20:51.754 [Forwarding getElementTagName on session 10777ac42811bf2b97c8eea6392eeb25 to remote] DEBUG org.asynchttpclient.netty.request.NettyRequestSender - Using open Channel [id: 0x10d08d29, L:/127.0.0.1:63110 - R:localhost/127.0.0.1:1446] for GET '/session/10777ac42811bf2b97c8eea6392eeb25/element/321c9b45-1605-4317-9f51-eeb7fcd668f1/name'
07:20:51.760 [AsyncHttpClient-1-2] DEBUG org.asynchttpclient.netty.handler.HttpHandler - 

Request DefaultFullHttpRequest(decodeResult: success, version: HTTP/1.1, content: EmptyByteBufBE)
GET /session/10777ac42811bf2b97c8eea6392eeb25/element/321c9b45-1605-4317-9f51-eeb7fcd668f1/name HTTP/1.1
User-Agent: selenium/4.8.1 (java windows)
Cache-Control: no-cache
Content-Type: application/json; charset=utf-8
host: localhost:1446
accept: */*

Response DefaultHttpResponse(decodeResult: success, version: HTTP/1.1)
HTTP/1.1 200 OK
Content-Length: 17
Content-Type: application/json; charset=utf-8
cache-control: no-cache

07:20:51.760 [AsyncHttpClient-1-2] DEBUG org.asynchttpclient.netty.channel.ChannelManager - Adding key: http://localhost:1446 for channel [id: 0x10d08d29, L:/127.0.0.1:63110 - R:localhost/127.0.0.1:1446]
07:20:51.762 [Forwarding getElementTagName on session 10777ac42811bf2b97c8eea6392eeb25 to remote] DEBUG org.asynchttpclient.netty.request.NettyRequestSender - Using pooled Channel '[id: 0x10d08d29, L:/127.0.0.1:63110 - R:localhost/127.0.0.1:1446]' for 'GET' to 'http://localhost:1446/session/10777ac42811bf2b97c8eea6392eeb25/element/321c9b45-1605-4317-9f51-eeb7fcd668f1/name'
07:20:51.762 [Forwarding getElementTagName on session 10777ac42811bf2b97c8eea6392eeb25 to remote] DEBUG org.asynchttpclient.netty.request.NettyRequestSender - Using open Channel [id: 0x10d08d29, L:/127.0.0.1:63110 - R:localhost/127.0.0.1:1446] for GET '/session/10777ac42811bf2b97c8eea6392eeb25/element/321c9b45-1605-4317-9f51-eeb7fcd668f1/name'
07:20:51.767 [AsyncHttpClient-1-2] DEBUG org.asynchttpclient.netty.handler.HttpHandler - 

Request DefaultFullHttpRequest(decodeResult: success, version: HTTP/1.1, content: EmptyByteBufBE)
GET /session/10777ac42811bf2b97c8eea6392eeb25/element/321c9b45-1605-4317-9f51-eeb7fcd668f1/name HTTP/1.1
User-Agent: selenium/4.8.1 (java windows)
Cache-Control: no-cache
Content-Type: application/json; charset=utf-8
host: localhost:1446
accept: */*

Response DefaultHttpResponse(decodeResult: success, version: HTTP/1.1)
HTTP/1.1 200 OK
Content-Length: 17
Content-Type: application/json; charset=utf-8
cache-control: no-cache

07:20:51.767 [AsyncHttpClient-1-2] DEBUG org.asynchttpclient.netty.channel.ChannelManager - Adding key: http://localhost:1446 for channel [id: 0x10d08d29, L:/127.0.0.1:63110 - R:localhost/127.0.0.1:1446]
07:20:51.771 [Forwarding isElementEnabled on session 10777ac42811bf2b97c8eea6392eeb25 to remote] DEBUG org.asynchttpclient.netty.request.NettyRequestSender - Using pooled Channel '[id: 0x10d08d29, L:/127.0.0.1:63110 - R:localhost/127.0.0.1:1446]' for 'GET' to 'http://localhost:1446/session/10777ac42811bf2b97c8eea6392eeb25/element/321c9b45-1605-4317-9f51-eeb7fcd668f1/enabled'
07:20:51.771 [Forwarding isElementEnabled on session 10777ac42811bf2b97c8eea6392eeb25 to remote] DEBUG org.asynchttpclient.netty.request.NettyRequestSender - Using open Channel [id: 0x10d08d29, L:/127.0.0.1:63110 - R:localhost/127.0.0.1:1446] for GET '/session/10777ac42811bf2b97c8eea6392eeb25/element/321c9b45-1605-4317-9f51-eeb7fcd668f1/enabled'
07:20:51.785 [AsyncHttpClient-1-2] DEBUG org.asynchttpclient.netty.handler.HttpHandler - 

Request DefaultFullHttpRequest(decodeResult: success, version: HTTP/1.1, content: EmptyByteBufBE)
GET /session/10777ac42811bf2b97c8eea6392eeb25/element/321c9b45-1605-4317-9f51-eeb7fcd668f1/enabled HTTP/1.1
User-Agent: selenium/4.8.1 (java windows)
Cache-Control: no-cache
Content-Type: application/json; charset=utf-8
host: localhost:1446
accept: */*

Response DefaultHttpResponse(decodeResult: success, version: HTTP/1.1)
HTTP/1.1 200 OK
Content-Length: 14
Content-Type: application/json; charset=utf-8
cache-control: no-cache

07:20:51.785 [AsyncHttpClient-1-2] DEBUG org.asynchttpclient.netty.channel.ChannelManager - Adding key: http://localhost:1446 for channel [id: 0x10d08d29, L:/127.0.0.1:63110 - R:localhost/127.0.0.1:1446]
07:20:51.787 [Forwarding isElementEnabled on session 10777ac42811bf2b97c8eea6392eeb25 to remote] DEBUG org.asynchttpclient.netty.request.NettyRequestSender - Using pooled Channel '[id: 0x10d08d29, L:/127.0.0.1:63110 - R:localhost/127.0.0.1:1446]' for 'GET' to 'http://localhost:1446/session/10777ac42811bf2b97c8eea6392eeb25/element/321c9b45-1605-4317-9f51-eeb7fcd668f1/enabled'
07:20:51.788 [Forwarding isElementEnabled on session 10777ac42811bf2b97c8eea6392eeb25 to remote] DEBUG org.asynchttpclient.netty.request.NettyRequestSender - Using open Channel [id: 0x10d08d29, L:/127.0.0.1:63110 - R:localhost/127.0.0.1:1446] for GET '/session/10777ac42811bf2b97c8eea6392eeb25/element/321c9b45-1605-4317-9f51-eeb7fcd668f1/enabled'
07:20:51.796 [AsyncHttpClient-1-2] DEBUG org.asynchttpclient.netty.handler.HttpHandler - 

Request DefaultFullHttpRequest(decodeResult: success, version: HTTP/1.1, content: EmptyByteBufBE)
GET /session/10777ac42811bf2b97c8eea6392eeb25/element/321c9b45-1605-4317-9f51-eeb7fcd668f1/enabled HTTP/1.1
User-Agent: selenium/4.8.1 (java windows)
Cache-Control: no-cache
Content-Type: application/json; charset=utf-8
host: localhost:1446
accept: */*

Response DefaultHttpResponse(decodeResult: success, version: HTTP/1.1)
HTTP/1.1 200 OK
Content-Length: 14
Content-Type: application/json; charset=utf-8
cache-control: no-cache

07:20:51.797 [AsyncHttpClient-1-2] DEBUG org.asynchttpclient.netty.channel.ChannelManager - Adding key: http://localhost:1446 for channel [id: 0x10d08d29, L:/127.0.0.1:63110 - R:localhost/127.0.0.1:1446]
07:20:51.800 [Forwarding findElement on session 10777ac42811bf2b97c8eea6392eeb25 to remote] DEBUG org.asynchttpclient.netty.request.NettyRequestSender - Using pooled Channel '[id: 0x10d08d29, L:/127.0.0.1:63110 - R:localhost/127.0.0.1:1446]' for 'POST' to 'http://localhost:1446/session/10777ac42811bf2b97c8eea6392eeb25/element'
07:20:51.800 [Forwarding findElement on session 10777ac42811bf2b97c8eea6392eeb25 to remote] DEBUG org.asynchttpclient.netty.request.NettyRequestSender - Using open Channel [id: 0x10d08d29, L:/127.0.0.1:63110 - R:localhost/127.0.0.1:1446] for POST '/session/10777ac42811bf2b97c8eea6392eeb25/element'
07:20:51.811 [AsyncHttpClient-1-2] DEBUG org.asynchttpclient.netty.handler.HttpHandler - 

Request DefaultHttpRequest(decodeResult: success, version: HTTP/1.1)
POST /session/10777ac42811bf2b97c8eea6392eeb25/element HTTP/1.1
User-Agent: selenium/4.8.1 (java windows)
Content-Length: 59
Content-Type: application/json; charset=utf-8
host: localhost:1446
accept: */*

Response DefaultHttpResponse(decodeResult: success, version: HTTP/1.1)
HTTP/1.1 200 OK
Content-Length: 88
Content-Type: application/json; charset=utf-8
cache-control: no-cache

07:20:51.812 [AsyncHttpClient-1-2] DEBUG org.asynchttpclient.netty.channel.ChannelManager - Adding key: http://localhost:1446 for channel [id: 0x10d08d29, L:/127.0.0.1:63110 - R:localhost/127.0.0.1:1446]
07:20:51.814 [Forwarding clickElement on session 10777ac42811bf2b97c8eea6392eeb25 to remote] DEBUG org.asynchttpclient.netty.request.NettyRequestSender - Using pooled Channel '[id: 0x10d08d29, L:/127.0.0.1:63110 - R:localhost/127.0.0.1:1446]' for 'POST' to 'http://localhost:1446/session/10777ac42811bf2b97c8eea6392eeb25/element/321c9b45-1605-4317-9f51-eeb7fcd668f1/click'
07:20:51.814 [Forwarding clickElement on session 10777ac42811bf2b97c8eea6392eeb25 to remote] DEBUG org.asynchttpclient.netty.request.NettyRequestSender - Using open Channel [id: 0x10d08d29, L:/127.0.0.1:63110 - R:localhost/127.0.0.1:1446] for POST '/session/10777ac42811bf2b97c8eea6392eeb25/element/321c9b45-1605-4317-9f51-eeb7fcd668f1/click'
07:20:51.972 [AsyncHttpClient-1-2] DEBUG org.asynchttpclient.netty.handler.HttpHandler - 

Request DefaultHttpRequest(decodeResult: success, version: HTTP/1.1)
POST /session/10777ac42811bf2b97c8eea6392eeb25/element/321c9b45-1605-4317-9f51-eeb7fcd668f1/click HTTP/1.1
User-Agent: selenium/4.8.1 (java windows)
Content-Length: 50
Content-Type: application/json; charset=utf-8
host: localhost:1446
accept: */*

Response DefaultHttpResponse(decodeResult: success, version: HTTP/1.1)
HTTP/1.1 200 OK
Content-Length: 14
Content-Type: application/json; charset=utf-8
cache-control: no-cache

07:20:51.972 [AsyncHttpClient-1-2] DEBUG org.asynchttpclient.netty.channel.ChannelManager - Adding key: http://localhost:1446 for channel [id: 0x10d08d29, L:/127.0.0.1:63110 - R:localhost/127.0.0.1:1446]
07:20:51.984 [Forwarding getAlertText on session 10777ac42811bf2b97c8eea6392eeb25 to remote] DEBUG org.asynchttpclient.netty.request.NettyRequestSender - Using pooled Channel '[id: 0x10d08d29, L:/127.0.0.1:63110 - R:localhost/127.0.0.1:1446]' for 'GET' to 'http://localhost:1446/session/10777ac42811bf2b97c8eea6392eeb25/alert/text'
07:20:51.984 [Forwarding getAlertText on session 10777ac42811bf2b97c8eea6392eeb25 to remote] DEBUG org.asynchttpclient.netty.request.NettyRequestSender - Using open Channel [id: 0x10d08d29, L:/127.0.0.1:63110 - R:localhost/127.0.0.1:1446] for GET '/session/10777ac42811bf2b97c8eea6392eeb25/alert/text'
07:20:51.988 [AsyncHttpClient-1-2] DEBUG org.asynchttpclient.netty.handler.HttpHandler - 

Request DefaultFullHttpRequest(decodeResult: success, version: HTTP/1.1, content: EmptyByteBufBE)
GET /session/10777ac42811bf2b97c8eea6392eeb25/alert/text HTTP/1.1
User-Agent: selenium/4.8.1 (java windows)
Cache-Control: no-cache
Content-Type: application/json; charset=utf-8
host: localhost:1446
accept: */*

Response DefaultHttpResponse(decodeResult: success, version: HTTP/1.1)
HTTP/1.1 404 Not Found
Content-Length: 821
Content-Type: application/json; charset=utf-8
cache-control: no-cache

07:20:51.988 [AsyncHttpClient-1-2] DEBUG org.asynchttpclient.netty.channel.ChannelManager - Adding key: http://localhost:1446 for channel [id: 0x10d08d29, L:/127.0.0.1:63110 - R:localhost/127.0.0.1:1446]
07:20:51.991 [Forwarding getCurrentUrl on session 10777ac42811bf2b97c8eea6392eeb25 to remote] DEBUG org.asynchttpclient.netty.request.NettyRequestSender - Using pooled Channel '[id: 0x10d08d29, L:/127.0.0.1:63110 - R:localhost/127.0.0.1:1446]' for 'GET' to 'http://localhost:1446/session/10777ac42811bf2b97c8eea6392eeb25/url'
07:20:51.991 [Forwarding getCurrentUrl on session 10777ac42811bf2b97c8eea6392eeb25 to remote] DEBUG org.asynchttpclient.netty.request.NettyRequestSender - Using open Channel [id: 0x10d08d29, L:/127.0.0.1:63110 - R:localhost/127.0.0.1:1446] for GET '/session/10777ac42811bf2b97c8eea6392eeb25/url'
07:20:51.996 [AsyncHttpClient-1-2] DEBUG org.asynchttpclient.netty.handler.HttpHandler - 

Request DefaultFullHttpRequest(decodeResult: success, version: HTTP/1.1, content: EmptyByteBufBE)
GET /session/10777ac42811bf2b97c8eea6392eeb25/url HTTP/1.1
User-Agent: selenium/4.8.1 (java windows)
Cache-Control: no-cache
Content-Type: application/json; charset=utf-8
host: localhost:1446
accept: */*

Response DefaultHttpResponse(decodeResult: success, version: HTTP/1.1)
HTTP/1.1 200 OK
Content-Length: 52
Content-Type: application/json; charset=utf-8
cache-control: no-cache

07:20:51.997 [AsyncHttpClient-1-2] DEBUG org.asynchttpclient.netty.channel.ChannelManager - Adding key: http://localhost:1446 for channel [id: 0x10d08d29, L:/127.0.0.1:63110 - R:localhost/127.0.0.1:1446]
07:20:51.999 [Forwarding screenshot on session 10777ac42811bf2b97c8eea6392eeb25 to remote] DEBUG org.asynchttpclient.netty.request.NettyRequestSender - Using pooled Channel '[id: 0x10d08d29, L:/127.0.0.1:63110 - R:localhost/127.0.0.1:1446]' for 'GET' to 'http://localhost:1446/session/10777ac42811bf2b97c8eea6392eeb25/screenshot'
07:20:51.999 [Forwarding screenshot on session 10777ac42811bf2b97c8eea6392eeb25 to remote] DEBUG org.asynchttpclient.netty.request.NettyRequestSender - Using open Channel [id: 0x10d08d29, L:/127.0.0.1:63110 - R:localhost/127.0.0.1:1446] for GET '/session/10777ac42811bf2b97c8eea6392eeb25/screenshot'
07:20:52.230 [AsyncHttpClient-1-2] DEBUG org.asynchttpclient.netty.handler.HttpHandler - 

Request DefaultFullHttpRequest(decodeResult: success, version: HTTP/1.1, content: EmptyByteBufBE)
GET /session/10777ac42811bf2b97c8eea6392eeb25/screenshot HTTP/1.1
User-Agent: selenium/4.8.1 (java windows)
Cache-Control: no-cache
Content-Type: application/json; charset=utf-8
host: localhost:1446
accept: */*

Response DefaultHttpResponse(decodeResult: success, version: HTTP/1.1)
HTTP/1.1 200 OK
Content-Length: 235884
Content-Type: application/json; charset=utf-8
cache-control: no-cache

07:20:52.233 [AsyncHttpClient-1-2] DEBUG org.asynchttpclient.netty.channel.ChannelManager - Adding key: http://localhost:1446 for channel [id: 0x10d08d29, L:/127.0.0.1:63110 - R:localhost/127.0.0.1:1446]
07:20:52.249 [main] DEBUG net.serenitybdd.core.photography.Darkroom - Send negative for processing for target\site\serenity\37df4416ed0a42b1cd5a1d234a22cb47a4c078b3d1ac7e1ac7c582dfb3a81e5f.png
07:20:52.249 [main] DEBUG net.thucydides.core.steps.StepInterceptor - STEP DONE: clickLoginButton
07:20:52.249 [Darkroom Processing Line] DEBUG net.serenitybdd.core.photography.DarkroomProcessingLine - Processing screenshot image in /var/screenshots/screenshot-5550539732629689568
07:20:52.249 [Darkroom Processing Line] DEBUG net.serenitybdd.core.photography.DarkroomProcessingLine - Saving screenshot to target\site\serenity\37df4416ed0a42b1cd5a1d234a22cb47a4c078b3d1ac7e1ac7c582dfb3a81e5f.png
  &amp#27;[32mAnd &amp#27;[0m&amp#27;[32mI click login button&amp#27;[0m                                &amp#27;[90m# starter.stepdefinitions.LoginSteps.clickLoginButton()&amp#27;[0m
07:20:52.263 [Forwarding getPageSource on session 10777ac42811bf2b97c8eea6392eeb25 to remote] DEBUG org.asynchttpclient.netty.request.NettyRequestSender - Using pooled Channel '[id: 0x10d08d29, L:/127.0.0.1:63110 - R:localhost/127.0.0.1:1446]' for 'POST' to 'http://localhost:1446/session/10777ac42811bf2b97c8eea6392eeb25/execute/sync'
07:20:52.263 [Forwarding getPageSource on session 10777ac42811bf2b97c8eea6392eeb25 to remote] DEBUG org.asynchttpclient.netty.request.NettyRequestSender - Using open Channel [id: 0x10d08d29, L:/127.0.0.1:63110 - R:localhost/127.0.0.1:1446] for POST '/session/10777ac42811bf2b97c8eea6392eeb25/execute/sync'
07:20:52.271 [AsyncHttpClient-1-2] DEBUG org.asynchttpclient.netty.handler.HttpHandler - 

Request DefaultHttpRequest(decodeResult: success, version: HTTP/1.1)
POST /session/10777ac42811bf2b97c8eea6392eeb25/execute/sync HTTP/1.1
User-Agent: selenium/4.8.1 (java windows)
Content-Length: 176
Content-Type: application/json; charset=utf-8
host: localhost:1446
accept: */*

Response DefaultHttpResponse(decodeResult: success, version: HTTP/1.1)
HTTP/1.1 200 OK
Content-Length: 16329
Content-Type: application/json; charset=utf-8
cache-control: no-cache

07:20:52.271 [AsyncHttpClient-1-2] DEBUG org.asynchttpclient.netty.channel.ChannelManager - Adding key: http://localhost:1446 for channel [id: 0x10d08d29, L:/127.0.0.1:63110 - R:localhost/127.0.0.1:1446]
07:20:52.279 [Forwarding getCurrentUrl on session 10777ac42811bf2b97c8eea6392eeb25 to remote] DEBUG org.asynchttpclient.netty.request.NettyRequestSender - Using pooled Channel '[id: 0x10d08d29, L:/127.0.0.1:63110 - R:localhost/127.0.0.1:1446]' for 'GET' to 'http://localhost:1446/session/10777ac42811bf2b97c8eea6392eeb25/url'
07:20:52.279 [Forwarding getCurrentUrl on session 10777ac42811bf2b97c8eea6392eeb25 to remote] DEBUG org.asynchttpclient.netty.request.NettyRequestSender - Using open Channel [id: 0x10d08d29, L:/127.0.0.1:63110 - R:localhost/127.0.0.1:1446] for GET '/session/10777ac42811bf2b97c8eea6392eeb25/url'
07:20:52.283 [AsyncHttpClient-1-2] DEBUG org.asynchttpclient.netty.handler.HttpHandler - 

Request DefaultFullHttpRequest(decodeResult: success, version: HTTP/1.1, content: EmptyByteBufBE)
GET /session/10777ac42811bf2b97c8eea6392eeb25/url HTTP/1.1
User-Agent: selenium/4.8.1 (java windows)
Cache-Control: no-cache
Content-Type: application/json; charset=utf-8
host: localhost:1446
accept: */*

Response DefaultHttpResponse(decodeResult: success, version: HTTP/1.1)
HTTP/1.1 200 OK
Content-Length: 52
Content-Type: application/json; charset=utf-8
cache-control: no-cache

07:20:52.283 [AsyncHttpClient-1-2] DEBUG org.asynchttpclient.netty.channel.ChannelManager - Adding key: http://localhost:1446 for channel [id: 0x10d08d29, L:/127.0.0.1:63110 - R:localhost/127.0.0.1:1446]
07:20:52.299 [Forwarding getPageSource on session 10777ac42811bf2b97c8eea6392eeb25 to remote] DEBUG org.asynchttpclient.netty.request.NettyRequestSender - Using pooled Channel '[id: 0x10d08d29, L:/127.0.0.1:63110 - R:localhost/127.0.0.1:1446]' for 'POST' to 'http://localhost:1446/session/10777ac42811bf2b97c8eea6392eeb25/execute/sync'
07:20:52.299 [Forwarding getPageSource on session 10777ac42811bf2b97c8eea6392eeb25 to remote] DEBUG org.asynchttpclient.netty.request.NettyRequestSender - Using open Channel [id: 0x10d08d29, L:/127.0.0.1:63110 - R:localhost/127.0.0.1:1446] for POST '/session/10777ac42811bf2b97c8eea6392eeb25/execute/sync'
07:20:52.305 [AsyncHttpClient-1-2] DEBUG org.asynchttpclient.netty.handler.HttpHandler - 

Request DefaultHttpRequest(decodeResult: success, version: HTTP/1.1)
POST /session/10777ac42811bf2b97c8eea6392eeb25/execute/sync HTTP/1.1
User-Agent: selenium/4.8.1 (java windows)
Content-Length: 176
Content-Type: application/json; charset=utf-8
host: localhost:1446
accept: */*

Response DefaultHttpResponse(decodeResult: success, version: HTTP/1.1)
HTTP/1.1 200 OK
Content-Length: 16329
Content-Type: application/json; charset=utf-8
cache-control: no-cache

07:20:52.305 [AsyncHttpClient-1-2] DEBUG org.asynchttpclient.netty.channel.ChannelManager - Adding key: http://localhost:1446 for channel [id: 0x10d08d29, L:/127.0.0.1:63110 - R:localhost/127.0.0.1:1446]
07:20:52.313 [Forwarding getCurrentUrl on session 10777ac42811bf2b97c8eea6392eeb25 to remote] DEBUG org.asynchttpclient.netty.request.NettyRequestSender - Using pooled Channel '[id: 0x10d08d29, L:/127.0.0.1:63110 - R:localhost/127.0.0.1:1446]' for 'GET' to 'http://localhost:1446/session/10777ac42811bf2b97c8eea6392eeb25/url'
07:20:52.313 [Forwarding getCurrentUrl on session 10777ac42811bf2b97c8eea6392eeb25 to remote] DEBUG org.asynchttpclient.netty.request.NettyRequestSender - Using open Channel [id: 0x10d08d29, L:/127.0.0.1:63110 - R:localhost/127.0.0.1:1446] for GET '/session/10777ac42811bf2b97c8eea6392eeb25/url'
07:20:52.318 [AsyncHttpClient-1-2] DEBUG org.asynchttpclient.netty.handler.HttpHandler - 

Request DefaultFullHttpRequest(decodeResult: success, version: HTTP/1.1, content: EmptyByteBufBE)
GET /session/10777ac42811bf2b97c8eea6392eeb25/url HTTP/1.1
User-Agent: selenium/4.8.1 (java windows)
Cache-Control: no-cache
Content-Type: application/json; charset=utf-8
host: localhost:1446
accept: */*

Response DefaultHttpResponse(decodeResult: success, version: HTTP/1.1)
HTTP/1.1 200 OK
Content-Length: 52
Content-Type: application/json; charset=utf-8
cache-control: no-cache

07:20:52.318 [AsyncHttpClient-1-2] DEBUG org.asynchttpclient.netty.channel.ChannelManager - Adding key: http://localhost:1446 for channel [id: 0x10d08d29, L:/127.0.0.1:63110 - R:localhost/127.0.0.1:1446]
07:20:52.320 [main] DEBUG net.thucydides.core.steps.StepInterceptor - STARTING STEP: LoginSteps.onTheHomePage - validateOnHomePage
07:20:52.324 [Forwarding findElement on session 10777ac42811bf2b97c8eea6392eeb25 to remote] DEBUG org.asynchttpclient.netty.request.NettyRequestSender - Using pooled Channel '[id: 0x10d08d29, L:/127.0.0.1:63110 - R:localhost/127.0.0.1:1446]' for 'POST' to 'http://localhost:1446/session/10777ac42811bf2b97c8eea6392eeb25/element'
07:20:52.324 [Forwarding findElement on session 10777ac42811bf2b97c8eea6392eeb25 to remote] DEBUG org.asynchttpclient.netty.request.NettyRequestSender - Using open Channel [id: 0x10d08d29, L:/127.0.0.1:63110 - R:localhost/127.0.0.1:1446] for POST '/session/10777ac42811bf2b97c8eea6392eeb25/element'
07:20:52.335 [AsyncHttpClient-1-2] DEBUG org.asynchttpclient.netty.handler.HttpHandler - 

Request DefaultHttpRequest(decodeResult: success, version: HTTP/1.1)
POST /session/10777ac42811bf2b97c8eea6392eeb25/element HTTP/1.1
User-Agent: selenium/4.8.1 (java windows)
Content-Length: 50
Content-Type: application/json; charset=utf-8
host: localhost:1446
accept: */*

Response DefaultHttpResponse(decodeResult: success, version: HTTP/1.1)
HTTP/1.1 200 OK
Content-Length: 88
Content-Type: application/json; charset=utf-8
cache-control: no-cache

07:20:52.336 [AsyncHttpClient-1-2] DEBUG org.asynchttpclient.netty.channel.ChannelManager - Adding key: http://localhost:1446 for channel [id: 0x10d08d29, L:/127.0.0.1:63110 - R:localhost/127.0.0.1:1446]
07:20:52.339 [Forwarding isElementDisplayed on session 10777ac42811bf2b97c8eea6392eeb25 to remote] DEBUG org.asynchttpclient.netty.request.NettyRequestSender - Using pooled Channel '[id: 0x10d08d29, L:/127.0.0.1:63110 - R:localhost/127.0.0.1:1446]' for 'POST' to 'http://localhost:1446/session/10777ac42811bf2b97c8eea6392eeb25/execute/sync'
07:20:52.339 [Forwarding isElementDisplayed on session 10777ac42811bf2b97c8eea6392eeb25 to remote] DEBUG org.asynchttpclient.netty.request.NettyRequestSender - Using open Channel [id: 0x10d08d29, L:/127.0.0.1:63110 - R:localhost/127.0.0.1:1446] for POST '/session/10777ac42811bf2b97c8eea6392eeb25/execute/sync'
07:20:52.352 [AsyncHttpClient-1-2] DEBUG org.asynchttpclient.netty.handler.HttpHandler - 

Request DefaultHttpRequest(decodeResult: success, version: HTTP/1.1)
POST /session/10777ac42811bf2b97c8eea6392eeb25/execute/sync HTTP/1.1
User-Agent: selenium/4.8.1 (java windows)
Content-Length: 48807
Content-Type: application/json; charset=utf-8
host: localhost:1446
accept: */*

Response DefaultHttpResponse(decodeResult: success, version: HTTP/1.1)
HTTP/1.1 200 OK
Content-Length: 14
Content-Type: application/json; charset=utf-8
cache-control: no-cache

07:20:52.353 [AsyncHttpClient-1-2] DEBUG org.asynchttpclient.netty.channel.ChannelManager - Adding key: http://localhost:1446 for channel [id: 0x10d08d29, L:/127.0.0.1:63110 - R:localhost/127.0.0.1:1446]
07:20:52.361 [Forwarding getAlertText on session 10777ac42811bf2b97c8eea6392eeb25 to remote] DEBUG org.asynchttpclient.netty.request.NettyRequestSender - Using pooled Channel '[id: 0x10d08d29, L:/127.0.0.1:63110 - R:localhost/127.0.0.1:1446]' for 'GET' to 'http://localhost:1446/session/10777ac42811bf2b97c8eea6392eeb25/alert/text'
07:20:52.362 [Forwarding getAlertText on session 10777ac42811bf2b97c8eea6392eeb25 to remote] DEBUG org.asynchttpclient.netty.request.NettyRequestSender - Using open Channel [id: 0x10d08d29, L:/127.0.0.1:63110 - R:localhost/127.0.0.1:1446] for GET '/session/10777ac42811bf2b97c8eea6392eeb25/alert/text'
07:20:52.364 [AsyncHttpClient-1-2] DEBUG org.asynchttpclient.netty.handler.HttpHandler - 

Request DefaultFullHttpRequest(decodeResult: success, version: HTTP/1.1, content: EmptyByteBufBE)
GET /session/10777ac42811bf2b97c8eea6392eeb25/alert/text HTTP/1.1
User-Agent: selenium/4.8.1 (java windows)
Cache-Control: no-cache
Content-Type: application/json; charset=utf-8
host: localhost:1446
accept: */*

Response DefaultHttpResponse(decodeResult: success, version: HTTP/1.1)
HTTP/1.1 404 Not Found
Content-Length: 821
Content-Type: application/json; charset=utf-8
cache-control: no-cache

07:20:52.364 [AsyncHttpClient-1-2] DEBUG org.asynchttpclient.netty.channel.ChannelManager - Adding key: http://localhost:1446 for channel [id: 0x10d08d29, L:/127.0.0.1:63110 - R:localhost/127.0.0.1:1446]
07:20:52.366 [Forwarding getCurrentUrl on session 10777ac42811bf2b97c8eea6392eeb25 to remote] DEBUG org.asynchttpclient.netty.request.NettyRequestSender - Using pooled Channel '[id: 0x10d08d29, L:/127.0.0.1:63110 - R:localhost/127.0.0.1:1446]' for 'GET' to 'http://localhost:1446/session/10777ac42811bf2b97c8eea6392eeb25/url'
07:20:52.366 [Forwarding getCurrentUrl on session 10777ac42811bf2b97c8eea6392eeb25 to remote] DEBUG org.asynchttpclient.netty.request.NettyRequestSender - Using open Channel [id: 0x10d08d29, L:/127.0.0.1:63110 - R:localhost/127.0.0.1:1446] for GET '/session/10777ac42811bf2b97c8eea6392eeb25/url'
07:20:52.371 [AsyncHttpClient-1-2] DEBUG org.asynchttpclient.netty.handler.HttpHandler - 

Request DefaultFullHttpRequest(decodeResult: success, version: HTTP/1.1, content: EmptyByteBufBE)
GET /session/10777ac42811bf2b97c8eea6392eeb25/url HTTP/1.1
User-Agent: selenium/4.8.1 (java windows)
Cache-Control: no-cache
Content-Type: application/json; charset=utf-8
host: localhost:1446
accept: */*

Response DefaultHttpResponse(decodeResult: success, version: HTTP/1.1)
HTTP/1.1 200 OK
Content-Length: 52
Content-Type: application/json; charset=utf-8
cache-control: no-cache

07:20:52.371 [AsyncHttpClient-1-2] DEBUG org.asynchttpclient.netty.channel.ChannelManager - Adding key: http://localhost:1446 for channel [id: 0x10d08d29, L:/127.0.0.1:63110 - R:localhost/127.0.0.1:1446]
07:20:52.372 [Forwarding screenshot on session 10777ac42811bf2b97c8eea6392eeb25 to remote] DEBUG org.asynchttpclient.netty.request.NettyRequestSender - Using pooled Channel '[id: 0x10d08d29, L:/127.0.0.1:63110 - R:localhost/127.0.0.1:1446]' for 'GET' to 'http://localhost:1446/session/10777ac42811bf2b97c8eea6392eeb25/screenshot'
07:20:52.373 [Forwarding screenshot on session 10777ac42811bf2b97c8eea6392eeb25 to remote] DEBUG org.asynchttpclient.netty.request.NettyRequestSender - Using open Channel [id: 0x10d08d29, L:/127.0.0.1:63110 - R:localhost/127.0.0.1:1446] for GET '/session/10777ac42811bf2b97c8eea6392eeb25/screenshot'
07:20:52.513 [AsyncHttpClient-1-2] DEBUG org.asynchttpclient.netty.handler.HttpHandler - 

Request DefaultFullHttpRequest(decodeResult: success, version: HTTP/1.1, content: EmptyByteBufBE)
GET /session/10777ac42811bf2b97c8eea6392eeb25/screenshot HTTP/1.1
User-Agent: selenium/4.8.1 (java windows)
Cache-Control: no-cache
Content-Type: application/json; charset=utf-8
host: localhost:1446
accept: */*

Response DefaultHttpResponse(decodeResult: success, version: HTTP/1.1)
HTTP/1.1 200 OK
Content-Length: 235884
Content-Type: application/json; charset=utf-8
cache-control: no-cache

07:20:52.516 [AsyncHttpClient-1-2] DEBUG org.asynchttpclient.netty.channel.ChannelManager - Adding key: http://localhost:1446 for channel [id: 0x10d08d29, L:/127.0.0.1:63110 - R:localhost/127.0.0.1:1446]
07:20:52.524 [main] DEBUG net.serenitybdd.core.photography.Darkroom - Send negative for processing for target\site\serenity\37df4416ed0a42b1cd5a1d234a22cb47a4c078b3d1ac7e1ac7c582dfb3a81e5f.png
07:20:52.524 [main] DEBUG net.thucydides.core.steps.StepInterceptor - STEP DONE: validateOnHomePage
  &amp#27;[32mThen &amp#27;[0m&amp#27;[32mI am on the home page&amp#27;[0m                              &amp#27;[90m# starter.stepdefinitions.LoginSteps.onTheHomePage()&amp#27;[0m
07:20:52.610 [Driver Command Executor] DEBUG org.asynchttpclient.netty.request.NettyRequestSender - Using pooled Channel '[id: 0x10d08d29, L:/127.0.0.1:63110 - R:localhost/127.0.0.1:1446]' for 'DELETE' to 'http://localhost:1446/session/10777ac42811bf2b97c8eea6392eeb25'
07:20:52.610 [Driver Command Executor] DEBUG org.asynchttpclient.netty.request.NettyRequestSender - Using open Channel [id: 0x10d08d29, L:/127.0.0.1:63110 - R:localhost/127.0.0.1:1446] for DELETE '/session/10777ac42811bf2b97c8eea6392eeb25'
07:20:52.613 [AsyncHttpClient-1-4] DEBUG org.asynchttpclient.netty.handler.WebSocketHandler - Channel Closed: [id: 0x09f43031, L:/127.0.0.1:63118 ! R:localhost/127.0.0.1:63111] with attribute NettyResponseFuture{currentRetry=0,
	isDone=1,
	isCancelled=0,
	asyncHandler=org.asynchttpclient.ws.WebSocketUpgradeHandler@31a7d3cf,
	nettyRequest=org.asynchttpclient.netty.request.NettyRequest@283335d7,
	future=java.util.concurrent.CompletableFuture@5090eccc[Completed normally],
	uri=ws://localhost:63111/devtools/browser/b58c039d-6b56-42eb-ba35-db484c3514fa,
	keepAlive=true,
	redirectCount=0,
	timeoutsHolder=null,
	inAuth=0,
	touch=1683246048150}
07:20:52.614 [AsyncHttpClient-1-4] DEBUG org.asynchttpclient.netty.channel.ChannelManager - Closing Channel [id: 0x09f43031, L:/127.0.0.1:63118 ! R:localhost/127.0.0.1:63111] 
07:20:52.690 [AsyncHttpClient-1-3] DEBUG org.asynchttpclient.netty.handler.HttpHandler - Unexpected I/O exception on channel [id: 0xc646f812, L:/127.0.0.1:63117 - R:localhost/127.0.0.1:63111]
java.net.SocketException: Connection reset
	at java.base/sun.nio.ch.SocketChannelImpl.throwConnectionReset(SocketChannelImpl.java:401)
	at java.base/sun.nio.ch.SocketChannelImpl.read(SocketChannelImpl.java:434)
	at io.netty.buffer.PooledByteBuf.setBytes(PooledByteBuf.java:259)
	at io.netty.buffer.AbstractByteBuf.writeBytes(AbstractByteBuf.java:1132)
	at io.netty.channel.socket.nio.NioSocketChannel.doReadBytes(NioSocketChannel.java:357)
	at io.netty.channel.nio.AbstractNioByteChannel$NioByteUnsafe.read(AbstractNioByteChannel.java:151)
	at io.netty.channel.nio.NioEventLoop.processSelectedKey(NioEventLoop.java:788)
	at io.netty.channel.nio.NioEventLoop.processSelectedKeysOptimized(NioEventLoop.java:724)
	at io.netty.channel.nio.NioEventLoop.processSelectedKeys(NioEventLoop.java:650)
	at io.netty.channel.nio.NioEventLoop.run(NioEventLoop.java:562)
	at io.netty.util.concurrent.SingleThreadEventExecutor$4.run(SingleThreadEventExecutor.java:997)
	at io.netty.util.internal.ThreadExecutorMap$2.run(ThreadExecutorMap.java:74)
	at io.netty.util.concurrent.FastThreadLocalRunnable.run(FastThreadLocalRunnable.java:30)
	at java.base/java.lang.Thread.run(Thread.java:1589)
07:20:52.690 [AsyncHttpClient-1-3] DEBUG org.asynchttpclient.netty.channel.ChannelManager - Closing Channel [id: 0xc646f812, L:/127.0.0.1:63117 - R:localhost/127.0.0.1:63111] 
07:20:52.691 [AsyncHttpClient-1-3] DEBUG org.asynchttpclient.netty.handler.HttpHandler - Channel Closed: [id: 0xc646f812, L:/127.0.0.1:63117 ! R:localhost/127.0.0.1:63111] with attribute DISCARD
07:20:52.704 [AsyncHttpClient-1-2] DEBUG org.asynchttpclient.netty.handler.HttpHandler - 

Request DefaultFullHttpRequest(decodeResult: success, version: HTTP/1.1, content: EmptyByteBufBE)
DELETE /session/10777ac42811bf2b97c8eea6392eeb25 HTTP/1.1
User-Agent: selenium/4.8.1 (java windows)
Content-Type: application/json; charset=utf-8
host: localhost:1446
accept: */*

Response DefaultHttpResponse(decodeResult: success, version: HTTP/1.1)
HTTP/1.1 200 OK
Content-Length: 14
Content-Type: application/json; charset=utf-8
cache-control: no-cache

07:20:52.704 [AsyncHttpClient-1-2] DEBUG org.asynchttpclient.netty.channel.ChannelManager - Adding key: http://localhost:1446 for channel [id: 0x10d08d29, L:/127.0.0.1:63110 - R:localhost/127.0.0.1:1446]
07:20:52.762 [AsyncHttpClient-1-1] DEBUG org.asynchttpclient.netty.channel.DefaultChannelPool - Entry count for : http://localhost:1446 : 1
07:20:52.762 [AsyncHttpClient-1-1] DEBUG org.asynchttpclient.netty.channel.DefaultChannelPool - Entry count for : http://localhost:63111 : 1
07:20:52.762 [AsyncHttpClient-1-1] DEBUG org.asynchttpclient.netty.channel.DefaultChannelPool - Adding Candidate expired Channel [id: 0xc646f812, L:/127.0.0.1:63117 ! R:localhost/127.0.0.1:63111] isIdleTimeoutExpired=false isRemotelyClosed=true isTtlExpired=false
07:20:52.762 [AsyncHttpClient-1-1] DEBUG org.asynchttpclient.netty.channel.DefaultChannelPool - Closing Idle Channel [id: 0xc646f812, L:/127.0.0.1:63117 ! R:localhost/127.0.0.1:63111]
07:20:52.762 [AsyncHttpClient-1-1] DEBUG org.asynchttpclient.netty.channel.DefaultChannelPool - Closed 1 connections out of 2 in 0 ms
07:20:52.763 [AsyncHttpClient-1-2] DEBUG org.asynchttpclient.netty.handler.HttpHandler - Channel Closed: [id: 0x10d08d29, L:/127.0.0.1:63110 ! R:localhost/127.0.0.1:1446] with attribute DISCARD
07:20:52.800 [main] INFO  - 
  _____   ___   ___   _____     ___     _     ___   ___   ___   ___  
 |_   _| | __| / __| |_   _|   | _ \   /_\   / __| / __| | __| |   \ 
   | |   | _|  \__ \   | |     |  _/  / _ \  \__ \ \__ \ | _|  | |) |
   |_|   |___| |___/   |_|     |_|   /_/ \_\ |___/ |___/ |___| |___/ 

As user i have be able to success login
----------------------------------------------------------------------
]]></system-out>
    <system-err><![CDATA[Starting ChromeDriver 112.0.5615.49 (bd2a7bcb881c11e8cfe3078709382934e3916914-refs/branch-heads/5615@{#936}) on port 1446
Only local connections are allowed.
Please see https://chromedriver.chromium.org/security-considerations for suggestions on keeping ChromeDriver safe.
ChromeDriver was started successfully.
May 05, 2023 7:20:48 AM org.openqa.selenium.devtools.CdpVersionFinder findNearestMatch
WARNING: Unable to find an exact match for CDP version 112, so returning the closest version found: 110
]]></system-err>
  </testcase>
  <testcase name="As user i have be able to success login #2" classname="login" time="3.698">
    <system-out><![CDATA[
@login @Normal-User
Scenario Outline: As user i have be able to success login &amp#27;[90m# src/test/resources/features/login.feature:19&amp#27;[0m
07:20:52.825 [main] DEBUG io.cucumber.core.plugin.SerenityReporter - Running feature from file:///C:/Users/WINDOWS%2011/IdeaProjects/web-automation-using-serenity/src/test/resources/features/login.feature
07:20:52.900 [main] DEBUG net.thucydides.core.steps.StepInterceptor - STARTING STEP: LoginSteps.onTheLoginPage - openPage
07:20:52.976 [main] INFO net.serenitybdd.core.webdriver.driverproviders.ChromeDriverProvider - Starting Chrome driver instance with capabilities:
07:20:52.977 [main] INFO net.serenitybdd.core.webdriver.driverproviders.ChromeDriverProvider - Capabilities {acceptInsecureCerts: false, browserName: chrome, goog:chromeOptions: {args: [remote-allow-origins=*], extensions: []}}
07:20:53.100 [AsyncHttpClient-1-5] DEBUG org.asynchttpclient.netty.channel.NettyConnectListener - Using new Channel '[id: 0xd3c6ad00, L:/127.0.0.1:63139 - R:localhost/127.0.0.1:22704]' for 'POST' to '/session'
07:20:53.755 [AsyncHttpClient-1-5] DEBUG org.asynchttpclient.netty.handler.HttpHandler - 

Request DefaultHttpRequest(decodeResult: success, version: HTTP/1.1)
POST /session HTTP/1.1
User-Agent: selenium/4.8.1 (java windows)
Content-Length: 507
Content-Type: application/json; charset=utf-8
host: localhost:22704
accept: */*

Response DefaultHttpResponse(decodeResult: success, version: HTTP/1.1)
HTTP/1.1 200 OK
Content-Length: 862
Content-Type: application/json; charset=utf-8
cache-control: no-cache

07:20:53.756 [AsyncHttpClient-1-5] DEBUG org.asynchttpclient.netty.channel.ChannelManager - Adding key: http://localhost:22704 for channel [id: 0xd3c6ad00, L:/127.0.0.1:63139 - R:localhost/127.0.0.1:22704]
07:20:53.797 [AsyncHttpClient-1-6] DEBUG org.asynchttpclient.netty.channel.NettyConnectListener - Using new Channel '[id: 0x96e7330a, L:/127.0.0.1:63146 - R:localhost/127.0.0.1:63140]' for 'GET' to '/json/version'
07:20:53.803 [AsyncHttpClient-1-6] DEBUG org.asynchttpclient.netty.handler.HttpHandler - 

Request DefaultFullHttpRequest(decodeResult: success, version: HTTP/1.1, content: EmptyByteBufBE)
GET /json/version HTTP/1.1
User-Agent: selenium/4.8.1 (java windows)
host: localhost:63140
accept: */*

Response DefaultHttpResponse(decodeResult: success, version: HTTP/1.1)
HTTP/1.1 200 OK
Content-Security-Policy: frame-ancestors 'none'
Content-Length: 424
Content-Type: application/json; charset=UTF-8

07:20:53.804 [AsyncHttpClient-1-6] DEBUG org.asynchttpclient.netty.channel.ChannelManager - Adding key: http://localhost:63140 for channel [id: 0x96e7330a, L:/127.0.0.1:63146 - R:localhost/127.0.0.1:63140]
07:20:53.811 [AsyncHttpClient-1-7] DEBUG org.asynchttpclient.netty.channel.NettyConnectListener - Using new Channel '[id: 0x361d4429, L:/127.0.0.1:63147 - R:localhost/127.0.0.1:63140]' for 'GET' to '/devtools/browser/edc64c3c-edc9-4edd-8ea2-e5417ff6cdff'
07:20:53.816 [AsyncHttpClient-1-7] DEBUG org.asynchttpclient.netty.handler.WebSocketHandler - 

Request DefaultFullHttpRequest(decodeResult: success, version: HTTP/1.1, content: EmptyByteBufBE)
GET /devtools/browser/edc64c3c-edc9-4edd-8ea2-e5417ff6cdff HTTP/1.1
upgrade: websocket
connection: upgrade
sec-websocket-key: WmYhMFcih0snyrzQ0fGOFg==
sec-websocket-version: 13
origin: http://localhost:63140
host: localhost:63140
accept: */*
user-agent: AHC/2.1

Response DefaultHttpResponse(decodeResult: success, version: HTTP/1.1)
HTTP/1.1 101 WebSocket Protocol Handshake
Upgrade: WebSocket
Connection: Upgrade
Sec-WebSocket-Accept: SR7GXcU/RQSHC93VcOl9xY1NKv8=

07:20:53.852 [Forwarding get on session 9d6b3c75c627d09fa8cc6bd9a3b37f34 to remote] DEBUG org.asynchttpclient.netty.request.NettyRequestSender - Using pooled Channel '[id: 0xd3c6ad00, L:/127.0.0.1:63139 - R:localhost/127.0.0.1:22704]' for 'POST' to 'http://localhost:22704/session/9d6b3c75c627d09fa8cc6bd9a3b37f34/url'
07:20:53.853 [Forwarding get on session 9d6b3c75c627d09fa8cc6bd9a3b37f34 to remote] DEBUG org.asynchttpclient.netty.request.NettyRequestSender - Using open Channel [id: 0xd3c6ad00, L:/127.0.0.1:63139 - R:localhost/127.0.0.1:22704] for POST '/session/9d6b3c75c627d09fa8cc6bd9a3b37f34/url'
07:20:53.864 [AsyncHttpClient-1-1] DEBUG org.asynchttpclient.netty.channel.DefaultChannelPool - Entry count for : http://localhost:1446 : 1
07:20:53.864 [AsyncHttpClient-1-1] DEBUG org.asynchttpclient.netty.channel.DefaultChannelPool - Entry count for : http://localhost:63140 : 1
07:20:53.864 [AsyncHttpClient-1-1] DEBUG org.asynchttpclient.netty.channel.DefaultChannelPool - Adding Candidate expired Channel [id: 0x10d08d29, L:/127.0.0.1:63110 ! R:localhost/127.0.0.1:1446] isIdleTimeoutExpired=false isRemotelyClosed=true isTtlExpired=false
07:20:53.865 [AsyncHttpClient-1-1] DEBUG org.asynchttpclient.netty.channel.DefaultChannelPool - Closing Idle Channel [id: 0x10d08d29, L:/127.0.0.1:63110 ! R:localhost/127.0.0.1:1446]
07:20:53.865 [AsyncHttpClient-1-1] DEBUG org.asynchttpclient.netty.channel.DefaultChannelPool - Closed 1 connections out of 2 in 1 ms
07:20:54.408 [AsyncHttpClient-1-5] DEBUG org.asynchttpclient.netty.handler.HttpHandler - 

Request DefaultHttpRequest(decodeResult: success, version: HTTP/1.1)
POST /session/9d6b3c75c627d09fa8cc6bd9a3b37f34/url HTTP/1.1
User-Agent: selenium/4.8.1 (java windows)
Content-Length: 56
Content-Type: application/json; charset=utf-8
host: localhost:22704
accept: */*

Response DefaultHttpResponse(decodeResult: success, version: HTTP/1.1)
HTTP/1.1 200 OK
Content-Length: 14
Content-Type: application/json; charset=utf-8
cache-control: no-cache

07:20:54.408 [AsyncHttpClient-1-5] DEBUG org.asynchttpclient.netty.channel.ChannelManager - Adding key: http://localhost:22704 for channel [id: 0xd3c6ad00, L:/127.0.0.1:63139 - R:localhost/127.0.0.1:22704]
07:20:54.411 [Forwarding setTimeout on session 9d6b3c75c627d09fa8cc6bd9a3b37f34 to remote] DEBUG org.asynchttpclient.netty.request.NettyRequestSender - Using pooled Channel '[id: 0xd3c6ad00, L:/127.0.0.1:63139 - R:localhost/127.0.0.1:22704]' for 'POST' to 'http://localhost:22704/session/9d6b3c75c627d09fa8cc6bd9a3b37f34/timeouts'
07:20:54.412 [Forwarding setTimeout on session 9d6b3c75c627d09fa8cc6bd9a3b37f34 to remote] DEBUG org.asynchttpclient.netty.request.NettyRequestSender - Using open Channel [id: 0xd3c6ad00, L:/127.0.0.1:63139 - R:localhost/127.0.0.1:22704] for POST '/session/9d6b3c75c627d09fa8cc6bd9a3b37f34/timeouts'
07:20:54.415 [AsyncHttpClient-1-5] DEBUG org.asynchttpclient.netty.handler.HttpHandler - 

Request DefaultHttpRequest(decodeResult: success, version: HTTP/1.1)
POST /session/9d6b3c75c627d09fa8cc6bd9a3b37f34/timeouts HTTP/1.1
User-Agent: selenium/4.8.1 (java windows)
Content-Length: 22
Content-Type: application/json; charset=utf-8
host: localhost:22704
accept: */*

Response DefaultHttpResponse(decodeResult: success, version: HTTP/1.1)
HTTP/1.1 200 OK
Content-Length: 14
Content-Type: application/json; charset=utf-8
cache-control: no-cache

07:20:54.415 [AsyncHttpClient-1-5] DEBUG org.asynchttpclient.netty.channel.ChannelManager - Adding key: http://localhost:22704 for channel [id: 0xd3c6ad00, L:/127.0.0.1:63139 - R:localhost/127.0.0.1:22704]
07:20:54.427 [Forwarding getAlertText on session 9d6b3c75c627d09fa8cc6bd9a3b37f34 to remote] DEBUG org.asynchttpclient.netty.request.NettyRequestSender - Using pooled Channel '[id: 0xd3c6ad00, L:/127.0.0.1:63139 - R:localhost/127.0.0.1:22704]' for 'GET' to 'http://localhost:22704/session/9d6b3c75c627d09fa8cc6bd9a3b37f34/alert/text'
07:20:54.427 [Forwarding getAlertText on session 9d6b3c75c627d09fa8cc6bd9a3b37f34 to remote] DEBUG org.asynchttpclient.netty.request.NettyRequestSender - Using open Channel [id: 0xd3c6ad00, L:/127.0.0.1:63139 - R:localhost/127.0.0.1:22704] for GET '/session/9d6b3c75c627d09fa8cc6bd9a3b37f34/alert/text'
07:20:54.429 [AsyncHttpClient-1-5] DEBUG org.asynchttpclient.netty.handler.HttpHandler - 

Request DefaultFullHttpRequest(decodeResult: success, version: HTTP/1.1, content: EmptyByteBufBE)
GET /session/9d6b3c75c627d09fa8cc6bd9a3b37f34/alert/text HTTP/1.1
User-Agent: selenium/4.8.1 (java windows)
Cache-Control: no-cache
Content-Type: application/json; charset=utf-8
host: localhost:22704
accept: */*

Response DefaultHttpResponse(decodeResult: success, version: HTTP/1.1)
HTTP/1.1 404 Not Found
Content-Length: 821
Content-Type: application/json; charset=utf-8
cache-control: no-cache

07:20:54.430 [AsyncHttpClient-1-5] DEBUG org.asynchttpclient.netty.channel.ChannelManager - Adding key: http://localhost:22704 for channel [id: 0xd3c6ad00, L:/127.0.0.1:63139 - R:localhost/127.0.0.1:22704]
07:20:54.431 [Forwarding getCurrentUrl on session 9d6b3c75c627d09fa8cc6bd9a3b37f34 to remote] DEBUG org.asynchttpclient.netty.request.NettyRequestSender - Using pooled Channel '[id: 0xd3c6ad00, L:/127.0.0.1:63139 - R:localhost/127.0.0.1:22704]' for 'GET' to 'http://localhost:22704/session/9d6b3c75c627d09fa8cc6bd9a3b37f34/url'
07:20:54.431 [Forwarding getCurrentUrl on session 9d6b3c75c627d09fa8cc6bd9a3b37f34 to remote] DEBUG org.asynchttpclient.netty.request.NettyRequestSender - Using open Channel [id: 0xd3c6ad00, L:/127.0.0.1:63139 - R:localhost/127.0.0.1:22704] for GET '/session/9d6b3c75c627d09fa8cc6bd9a3b37f34/url'
07:20:54.437 [AsyncHttpClient-1-5] DEBUG org.asynchttpclient.netty.handler.HttpHandler - 

Request DefaultFullHttpRequest(decodeResult: success, version: HTTP/1.1, content: EmptyByteBufBE)
GET /session/9d6b3c75c627d09fa8cc6bd9a3b37f34/url HTTP/1.1
User-Agent: selenium/4.8.1 (java windows)
Cache-Control: no-cache
Content-Type: application/json; charset=utf-8
host: localhost:22704
accept: */*

Response DefaultHttpResponse(decodeResult: success, version: HTTP/1.1)
HTTP/1.1 200 OK
Content-Length: 38
Content-Type: application/json; charset=utf-8
cache-control: no-cache

07:20:54.437 [AsyncHttpClient-1-5] DEBUG org.asynchttpclient.netty.channel.ChannelManager - Adding key: http://localhost:22704 for channel [id: 0xd3c6ad00, L:/127.0.0.1:63139 - R:localhost/127.0.0.1:22704]
07:20:54.439 [Forwarding screenshot on session 9d6b3c75c627d09fa8cc6bd9a3b37f34 to remote] DEBUG org.asynchttpclient.netty.request.NettyRequestSender - Using pooled Channel '[id: 0xd3c6ad00, L:/127.0.0.1:63139 - R:localhost/127.0.0.1:22704]' for 'GET' to 'http://localhost:22704/session/9d6b3c75c627d09fa8cc6bd9a3b37f34/screenshot'
07:20:54.439 [Forwarding screenshot on session 9d6b3c75c627d09fa8cc6bd9a3b37f34 to remote] DEBUG org.asynchttpclient.netty.request.NettyRequestSender - Using open Channel [id: 0xd3c6ad00, L:/127.0.0.1:63139 - R:localhost/127.0.0.1:22704] for GET '/session/9d6b3c75c627d09fa8cc6bd9a3b37f34/screenshot'
07:20:54.549 [AsyncHttpClient-1-5] DEBUG org.asynchttpclient.netty.handler.HttpHandler - 

Request DefaultFullHttpRequest(decodeResult: success, version: HTTP/1.1, content: EmptyByteBufBE)
GET /session/9d6b3c75c627d09fa8cc6bd9a3b37f34/screenshot HTTP/1.1
User-Agent: selenium/4.8.1 (java windows)
Cache-Control: no-cache
Content-Type: application/json; charset=utf-8
host: localhost:22704
accept: */*

Response DefaultHttpResponse(decodeResult: success, version: HTTP/1.1)
HTTP/1.1 200 OK
Content-Length: 47592
Content-Type: application/json; charset=utf-8
cache-control: no-cache

07:20:54.550 [AsyncHttpClient-1-5] DEBUG org.asynchttpclient.netty.channel.ChannelManager - Adding key: http://localhost:22704 for channel [id: 0xd3c6ad00, L:/127.0.0.1:63139 - R:localhost/127.0.0.1:22704]
07:20:54.553 [main] DEBUG net.serenitybdd.core.photography.Darkroom - Send negative for processing for target\site\serenity\6164952fd6447d31f8c1727ac78244bb17153a18b8922630353ba00286581ab6.png
07:20:54.554 [main] DEBUG net.thucydides.core.steps.StepInterceptor - STEP DONE: openPage
07:20:54.564 [Forwarding getPageSource on session 9d6b3c75c627d09fa8cc6bd9a3b37f34 to remote] DEBUG org.asynchttpclient.netty.request.NettyRequestSender - Using pooled Channel '[id: 0xd3c6ad00, L:/127.0.0.1:63139 - R:localhost/127.0.0.1:22704]' for 'POST' to 'http://localhost:22704/session/9d6b3c75c627d09fa8cc6bd9a3b37f34/execute/sync'
07:20:54.564 [Forwarding getPageSource on session 9d6b3c75c627d09fa8cc6bd9a3b37f34 to remote] DEBUG org.asynchttpclient.netty.request.NettyRequestSender - Using open Channel [id: 0xd3c6ad00, L:/127.0.0.1:63139 - R:localhost/127.0.0.1:22704] for POST '/session/9d6b3c75c627d09fa8cc6bd9a3b37f34/execute/sync'
07:20:54.571 [AsyncHttpClient-1-5] DEBUG org.asynchttpclient.netty.handler.HttpHandler - 

Request DefaultHttpRequest(decodeResult: success, version: HTTP/1.1)
POST /session/9d6b3c75c627d09fa8cc6bd9a3b37f34/execute/sync HTTP/1.1
User-Agent: selenium/4.8.1 (java windows)
Content-Length: 176
Content-Type: application/json; charset=utf-8
host: localhost:22704
accept: */*

Response DefaultHttpResponse(decodeResult: success, version: HTTP/1.1)
HTTP/1.1 200 OK
Content-Length: 4286
Content-Type: application/json; charset=utf-8
cache-control: no-cache

07:20:54.571 [AsyncHttpClient-1-5] DEBUG org.asynchttpclient.netty.channel.ChannelManager - Adding key: http://localhost:22704 for channel [id: 0xd3c6ad00, L:/127.0.0.1:63139 - R:localhost/127.0.0.1:22704]
07:20:54.573 [Forwarding getCurrentUrl on session 9d6b3c75c627d09fa8cc6bd9a3b37f34 to remote] DEBUG org.asynchttpclient.netty.request.NettyRequestSender - Using pooled Channel '[id: 0xd3c6ad00, L:/127.0.0.1:63139 - R:localhost/127.0.0.1:22704]' for 'GET' to 'http://localhost:22704/session/9d6b3c75c627d09fa8cc6bd9a3b37f34/url'
07:20:54.573 [Forwarding getCurrentUrl on session 9d6b3c75c627d09fa8cc6bd9a3b37f34 to remote] DEBUG org.asynchttpclient.netty.request.NettyRequestSender - Using open Channel [id: 0xd3c6ad00, L:/127.0.0.1:63139 - R:localhost/127.0.0.1:22704] for GET '/session/9d6b3c75c627d09fa8cc6bd9a3b37f34/url'
07:20:54.578 [AsyncHttpClient-1-5] DEBUG org.asynchttpclient.netty.handler.HttpHandler - 

Request DefaultFullHttpRequest(decodeResult: success, version: HTTP/1.1, content: EmptyByteBufBE)
GET /session/9d6b3c75c627d09fa8cc6bd9a3b37f34/url HTTP/1.1
User-Agent: selenium/4.8.1 (java windows)
Cache-Control: no-cache
Content-Type: application/json; charset=utf-8
host: localhost:22704
accept: */*

Response DefaultHttpResponse(decodeResult: success, version: HTTP/1.1)
HTTP/1.1 200 OK
Content-Length: 38
Content-Type: application/json; charset=utf-8
cache-control: no-cache

07:20:54.578 [AsyncHttpClient-1-5] DEBUG org.asynchttpclient.netty.channel.ChannelManager - Adding key: http://localhost:22704 for channel [id: 0xd3c6ad00, L:/127.0.0.1:63139 - R:localhost/127.0.0.1:22704]
07:20:54.580 [main] DEBUG net.thucydides.core.steps.StepInterceptor - STARTING STEP: LoginSteps.onTheLoginPage - validateOnLoginPage
07:20:54.583 [Forwarding findElement on session 9d6b3c75c627d09fa8cc6bd9a3b37f34 to remote] DEBUG org.asynchttpclient.netty.request.NettyRequestSender - Using pooled Channel '[id: 0xd3c6ad00, L:/127.0.0.1:63139 - R:localhost/127.0.0.1:22704]' for 'POST' to 'http://localhost:22704/session/9d6b3c75c627d09fa8cc6bd9a3b37f34/element'
07:20:54.584 [Forwarding findElement on session 9d6b3c75c627d09fa8cc6bd9a3b37f34 to remote] DEBUG org.asynchttpclient.netty.request.NettyRequestSender - Using open Channel [id: 0xd3c6ad00, L:/127.0.0.1:63139 - R:localhost/127.0.0.1:22704] for POST '/session/9d6b3c75c627d09fa8cc6bd9a3b37f34/element'
07:20:54.596 [AsyncHttpClient-1-5] DEBUG org.asynchttpclient.netty.handler.HttpHandler - 

Request DefaultHttpRequest(decodeResult: success, version: HTTP/1.1)
POST /session/9d6b3c75c627d09fa8cc6bd9a3b37f34/element HTTP/1.1
User-Agent: selenium/4.8.1 (java windows)
Content-Length: 59
Content-Type: application/json; charset=utf-8
host: localhost:22704
accept: */*

Response DefaultHttpResponse(decodeResult: success, version: HTTP/1.1)
HTTP/1.1 200 OK
Content-Length: 88
Content-Type: application/json; charset=utf-8
cache-control: no-cache

07:20:54.597 [AsyncHttpClient-1-5] DEBUG org.asynchttpclient.netty.channel.ChannelManager - Adding key: http://localhost:22704 for channel [id: 0xd3c6ad00, L:/127.0.0.1:63139 - R:localhost/127.0.0.1:22704]
07:20:54.600 [Forwarding isElementDisplayed on session 9d6b3c75c627d09fa8cc6bd9a3b37f34 to remote] DEBUG org.asynchttpclient.netty.request.NettyRequestSender - Using pooled Channel '[id: 0xd3c6ad00, L:/127.0.0.1:63139 - R:localhost/127.0.0.1:22704]' for 'POST' to 'http://localhost:22704/session/9d6b3c75c627d09fa8cc6bd9a3b37f34/execute/sync'
07:20:54.600 [Forwarding isElementDisplayed on session 9d6b3c75c627d09fa8cc6bd9a3b37f34 to remote] DEBUG org.asynchttpclient.netty.request.NettyRequestSender - Using open Channel [id: 0xd3c6ad00, L:/127.0.0.1:63139 - R:localhost/127.0.0.1:22704] for POST '/session/9d6b3c75c627d09fa8cc6bd9a3b37f34/execute/sync'
07:20:54.622 [AsyncHttpClient-1-5] DEBUG org.asynchttpclient.netty.handler.HttpHandler - 

Request DefaultHttpRequest(decodeResult: success, version: HTTP/1.1)
POST /session/9d6b3c75c627d09fa8cc6bd9a3b37f34/execute/sync HTTP/1.1
User-Agent: selenium/4.8.1 (java windows)
Content-Length: 48807
Content-Type: application/json; charset=utf-8
host: localhost:22704
accept: */*

Response DefaultHttpResponse(decodeResult: success, version: HTTP/1.1)
HTTP/1.1 200 OK
Content-Length: 14
Content-Type: application/json; charset=utf-8
cache-control: no-cache

07:20:54.622 [AsyncHttpClient-1-5] DEBUG org.asynchttpclient.netty.channel.ChannelManager - Adding key: http://localhost:22704 for channel [id: 0xd3c6ad00, L:/127.0.0.1:63139 - R:localhost/127.0.0.1:22704]
07:20:54.630 [Forwarding getAlertText on session 9d6b3c75c627d09fa8cc6bd9a3b37f34 to remote] DEBUG org.asynchttpclient.netty.request.NettyRequestSender - Using pooled Channel '[id: 0xd3c6ad00, L:/127.0.0.1:63139 - R:localhost/127.0.0.1:22704]' for 'GET' to 'http://localhost:22704/session/9d6b3c75c627d09fa8cc6bd9a3b37f34/alert/text'
07:20:54.630 [Forwarding getAlertText on session 9d6b3c75c627d09fa8cc6bd9a3b37f34 to remote] DEBUG org.asynchttpclient.netty.request.NettyRequestSender - Using open Channel [id: 0xd3c6ad00, L:/127.0.0.1:63139 - R:localhost/127.0.0.1:22704] for GET '/session/9d6b3c75c627d09fa8cc6bd9a3b37f34/alert/text'
07:20:54.633 [AsyncHttpClient-1-5] DEBUG org.asynchttpclient.netty.handler.HttpHandler - 

Request DefaultFullHttpRequest(decodeResult: success, version: HTTP/1.1, content: EmptyByteBufBE)
GET /session/9d6b3c75c627d09fa8cc6bd9a3b37f34/alert/text HTTP/1.1
User-Agent: selenium/4.8.1 (java windows)
Cache-Control: no-cache
Content-Type: application/json; charset=utf-8
host: localhost:22704
accept: */*

Response DefaultHttpResponse(decodeResult: success, version: HTTP/1.1)
HTTP/1.1 404 Not Found
Content-Length: 821
Content-Type: application/json; charset=utf-8
cache-control: no-cache

07:20:54.633 [AsyncHttpClient-1-5] DEBUG org.asynchttpclient.netty.channel.ChannelManager - Adding key: http://localhost:22704 for channel [id: 0xd3c6ad00, L:/127.0.0.1:63139 - R:localhost/127.0.0.1:22704]
07:20:54.634 [Forwarding getCurrentUrl on session 9d6b3c75c627d09fa8cc6bd9a3b37f34 to remote] DEBUG org.asynchttpclient.netty.request.NettyRequestSender - Using pooled Channel '[id: 0xd3c6ad00, L:/127.0.0.1:63139 - R:localhost/127.0.0.1:22704]' for 'GET' to 'http://localhost:22704/session/9d6b3c75c627d09fa8cc6bd9a3b37f34/url'
07:20:54.634 [Forwarding getCurrentUrl on session 9d6b3c75c627d09fa8cc6bd9a3b37f34 to remote] DEBUG org.asynchttpclient.netty.request.NettyRequestSender - Using open Channel [id: 0xd3c6ad00, L:/127.0.0.1:63139 - R:localhost/127.0.0.1:22704] for GET '/session/9d6b3c75c627d09fa8cc6bd9a3b37f34/url'
07:20:54.638 [AsyncHttpClient-1-5] DEBUG org.asynchttpclient.netty.handler.HttpHandler - 

Request DefaultFullHttpRequest(decodeResult: success, version: HTTP/1.1, content: EmptyByteBufBE)
GET /session/9d6b3c75c627d09fa8cc6bd9a3b37f34/url HTTP/1.1
User-Agent: selenium/4.8.1 (java windows)
Cache-Control: no-cache
Content-Type: application/json; charset=utf-8
host: localhost:22704
accept: */*

Response DefaultHttpResponse(decodeResult: success, version: HTTP/1.1)
HTTP/1.1 200 OK
Content-Length: 38
Content-Type: application/json; charset=utf-8
cache-control: no-cache

07:20:54.639 [AsyncHttpClient-1-5] DEBUG org.asynchttpclient.netty.channel.ChannelManager - Adding key: http://localhost:22704 for channel [id: 0xd3c6ad00, L:/127.0.0.1:63139 - R:localhost/127.0.0.1:22704]
07:20:54.640 [Forwarding screenshot on session 9d6b3c75c627d09fa8cc6bd9a3b37f34 to remote] DEBUG org.asynchttpclient.netty.request.NettyRequestSender - Using pooled Channel '[id: 0xd3c6ad00, L:/127.0.0.1:63139 - R:localhost/127.0.0.1:22704]' for 'GET' to 'http://localhost:22704/session/9d6b3c75c627d09fa8cc6bd9a3b37f34/screenshot'
07:20:54.640 [Forwarding screenshot on session 9d6b3c75c627d09fa8cc6bd9a3b37f34 to remote] DEBUG org.asynchttpclient.netty.request.NettyRequestSender - Using open Channel [id: 0xd3c6ad00, L:/127.0.0.1:63139 - R:localhost/127.0.0.1:22704] for GET '/session/9d6b3c75c627d09fa8cc6bd9a3b37f34/screenshot'
07:20:54.735 [AsyncHttpClient-1-5] DEBUG org.asynchttpclient.netty.handler.HttpHandler - 

Request DefaultFullHttpRequest(decodeResult: success, version: HTTP/1.1, content: EmptyByteBufBE)
GET /session/9d6b3c75c627d09fa8cc6bd9a3b37f34/screenshot HTTP/1.1
User-Agent: selenium/4.8.1 (java windows)
Cache-Control: no-cache
Content-Type: application/json; charset=utf-8
host: localhost:22704
accept: */*

Response DefaultHttpResponse(decodeResult: success, version: HTTP/1.1)
HTTP/1.1 200 OK
Content-Length: 47592
Content-Type: application/json; charset=utf-8
cache-control: no-cache

07:20:54.736 [AsyncHttpClient-1-5] DEBUG org.asynchttpclient.netty.channel.ChannelManager - Adding key: http://localhost:22704 for channel [id: 0xd3c6ad00, L:/127.0.0.1:63139 - R:localhost/127.0.0.1:22704]
07:20:54.738 [main] DEBUG net.serenitybdd.core.photography.Darkroom - Send negative for processing for target\site\serenity\6164952fd6447d31f8c1727ac78244bb17153a18b8922630353ba00286581ab6.png
07:20:54.738 [main] DEBUG net.thucydides.core.steps.StepInterceptor - STEP DONE: validateOnLoginPage
  &amp#27;[32mGiven &amp#27;[0m&amp#27;[32mI am on the login page&amp#27;[0m                            &amp#27;[90m# starter.stepdefinitions.LoginSteps.onTheLoginPage()&amp#27;[0m
07:20:54.747 [Forwarding getPageSource on session 9d6b3c75c627d09fa8cc6bd9a3b37f34 to remote] DEBUG org.asynchttpclient.netty.request.NettyRequestSender - Using pooled Channel '[id: 0xd3c6ad00, L:/127.0.0.1:63139 - R:localhost/127.0.0.1:22704]' for 'POST' to 'http://localhost:22704/session/9d6b3c75c627d09fa8cc6bd9a3b37f34/execute/sync'
07:20:54.747 [Forwarding getPageSource on session 9d6b3c75c627d09fa8cc6bd9a3b37f34 to remote] DEBUG org.asynchttpclient.netty.request.NettyRequestSender - Using open Channel [id: 0xd3c6ad00, L:/127.0.0.1:63139 - R:localhost/127.0.0.1:22704] for POST '/session/9d6b3c75c627d09fa8cc6bd9a3b37f34/execute/sync'
07:20:54.752 [AsyncHttpClient-1-5] DEBUG org.asynchttpclient.netty.handler.HttpHandler - 

Request DefaultHttpRequest(decodeResult: success, version: HTTP/1.1)
POST /session/9d6b3c75c627d09fa8cc6bd9a3b37f34/execute/sync HTTP/1.1
User-Agent: selenium/4.8.1 (java windows)
Content-Length: 176
Content-Type: application/json; charset=utf-8
host: localhost:22704
accept: */*

Response DefaultHttpResponse(decodeResult: success, version: HTTP/1.1)
HTTP/1.1 200 OK
Content-Length: 4286
Content-Type: application/json; charset=utf-8
cache-control: no-cache

07:20:54.753 [AsyncHttpClient-1-5] DEBUG org.asynchttpclient.netty.channel.ChannelManager - Adding key: http://localhost:22704 for channel [id: 0xd3c6ad00, L:/127.0.0.1:63139 - R:localhost/127.0.0.1:22704]
07:20:54.756 [Forwarding getCurrentUrl on session 9d6b3c75c627d09fa8cc6bd9a3b37f34 to remote] DEBUG org.asynchttpclient.netty.request.NettyRequestSender - Using pooled Channel '[id: 0xd3c6ad00, L:/127.0.0.1:63139 - R:localhost/127.0.0.1:22704]' for 'GET' to 'http://localhost:22704/session/9d6b3c75c627d09fa8cc6bd9a3b37f34/url'
07:20:54.756 [Forwarding getCurrentUrl on session 9d6b3c75c627d09fa8cc6bd9a3b37f34 to remote] DEBUG org.asynchttpclient.netty.request.NettyRequestSender - Using open Channel [id: 0xd3c6ad00, L:/127.0.0.1:63139 - R:localhost/127.0.0.1:22704] for GET '/session/9d6b3c75c627d09fa8cc6bd9a3b37f34/url'
07:20:54.761 [AsyncHttpClient-1-5] DEBUG org.asynchttpclient.netty.handler.HttpHandler - 

Request DefaultFullHttpRequest(decodeResult: success, version: HTTP/1.1, content: EmptyByteBufBE)
GET /session/9d6b3c75c627d09fa8cc6bd9a3b37f34/url HTTP/1.1
User-Agent: selenium/4.8.1 (java windows)
Cache-Control: no-cache
Content-Type: application/json; charset=utf-8
host: localhost:22704
accept: */*

Response DefaultHttpResponse(decodeResult: success, version: HTTP/1.1)
HTTP/1.1 200 OK
Content-Length: 38
Content-Type: application/json; charset=utf-8
cache-control: no-cache

07:20:54.761 [AsyncHttpClient-1-5] DEBUG org.asynchttpclient.netty.channel.ChannelManager - Adding key: http://localhost:22704 for channel [id: 0xd3c6ad00, L:/127.0.0.1:63139 - R:localhost/127.0.0.1:22704]
07:20:54.769 [Forwarding getPageSource on session 9d6b3c75c627d09fa8cc6bd9a3b37f34 to remote] DEBUG org.asynchttpclient.netty.request.NettyRequestSender - Using pooled Channel '[id: 0xd3c6ad00, L:/127.0.0.1:63139 - R:localhost/127.0.0.1:22704]' for 'POST' to 'http://localhost:22704/session/9d6b3c75c627d09fa8cc6bd9a3b37f34/execute/sync'
07:20:54.769 [Forwarding getPageSource on session 9d6b3c75c627d09fa8cc6bd9a3b37f34 to remote] DEBUG org.asynchttpclient.netty.request.NettyRequestSender - Using open Channel [id: 0xd3c6ad00, L:/127.0.0.1:63139 - R:localhost/127.0.0.1:22704] for POST '/session/9d6b3c75c627d09fa8cc6bd9a3b37f34/execute/sync'
07:20:54.774 [AsyncHttpClient-1-5] DEBUG org.asynchttpclient.netty.handler.HttpHandler - 

Request DefaultHttpRequest(decodeResult: success, version: HTTP/1.1)
POST /session/9d6b3c75c627d09fa8cc6bd9a3b37f34/execute/sync HTTP/1.1
User-Agent: selenium/4.8.1 (java windows)
Content-Length: 176
Content-Type: application/json; charset=utf-8
host: localhost:22704
accept: */*

Response DefaultHttpResponse(decodeResult: success, version: HTTP/1.1)
HTTP/1.1 200 OK
Content-Length: 4286
Content-Type: application/json; charset=utf-8
cache-control: no-cache

07:20:54.774 [AsyncHttpClient-1-5] DEBUG org.asynchttpclient.netty.channel.ChannelManager - Adding key: http://localhost:22704 for channel [id: 0xd3c6ad00, L:/127.0.0.1:63139 - R:localhost/127.0.0.1:22704]
07:20:54.776 [Forwarding getCurrentUrl on session 9d6b3c75c627d09fa8cc6bd9a3b37f34 to remote] DEBUG org.asynchttpclient.netty.request.NettyRequestSender - Using pooled Channel '[id: 0xd3c6ad00, L:/127.0.0.1:63139 - R:localhost/127.0.0.1:22704]' for 'GET' to 'http://localhost:22704/session/9d6b3c75c627d09fa8cc6bd9a3b37f34/url'
07:20:54.776 [Forwarding getCurrentUrl on session 9d6b3c75c627d09fa8cc6bd9a3b37f34 to remote] DEBUG org.asynchttpclient.netty.request.NettyRequestSender - Using open Channel [id: 0xd3c6ad00, L:/127.0.0.1:63139 - R:localhost/127.0.0.1:22704] for GET '/session/9d6b3c75c627d09fa8cc6bd9a3b37f34/url'
07:20:54.781 [AsyncHttpClient-1-5] DEBUG org.asynchttpclient.netty.handler.HttpHandler - 

Request DefaultFullHttpRequest(decodeResult: success, version: HTTP/1.1, content: EmptyByteBufBE)
GET /session/9d6b3c75c627d09fa8cc6bd9a3b37f34/url HTTP/1.1
User-Agent: selenium/4.8.1 (java windows)
Cache-Control: no-cache
Content-Type: application/json; charset=utf-8
host: localhost:22704
accept: */*

Response DefaultHttpResponse(decodeResult: success, version: HTTP/1.1)
HTTP/1.1 200 OK
Content-Length: 38
Content-Type: application/json; charset=utf-8
cache-control: no-cache

07:20:54.782 [AsyncHttpClient-1-5] DEBUG org.asynchttpclient.netty.channel.ChannelManager - Adding key: http://localhost:22704 for channel [id: 0xd3c6ad00, L:/127.0.0.1:63139 - R:localhost/127.0.0.1:22704]
07:20:54.783 [main] DEBUG net.thucydides.core.steps.StepInterceptor - STARTING STEP: LoginSteps.iInputValidUsername - inputUsername
07:20:54.785 [Forwarding findElement on session 9d6b3c75c627d09fa8cc6bd9a3b37f34 to remote] DEBUG org.asynchttpclient.netty.request.NettyRequestSender - Using pooled Channel '[id: 0xd3c6ad00, L:/127.0.0.1:63139 - R:localhost/127.0.0.1:22704]' for 'POST' to 'http://localhost:22704/session/9d6b3c75c627d09fa8cc6bd9a3b37f34/element'
07:20:54.786 [Forwarding findElement on session 9d6b3c75c627d09fa8cc6bd9a3b37f34 to remote] DEBUG org.asynchttpclient.netty.request.NettyRequestSender - Using open Channel [id: 0xd3c6ad00, L:/127.0.0.1:63139 - R:localhost/127.0.0.1:22704] for POST '/session/9d6b3c75c627d09fa8cc6bd9a3b37f34/element'
07:20:54.797 [AsyncHttpClient-1-5] DEBUG org.asynchttpclient.netty.handler.HttpHandler - 

Request DefaultHttpRequest(decodeResult: success, version: HTTP/1.1)
POST /session/9d6b3c75c627d09fa8cc6bd9a3b37f34/element HTTP/1.1
User-Agent: selenium/4.8.1 (java windows)
Content-Length: 56
Content-Type: application/json; charset=utf-8
host: localhost:22704
accept: */*

Response DefaultHttpResponse(decodeResult: success, version: HTTP/1.1)
HTTP/1.1 200 OK
Content-Length: 88
Content-Type: application/json; charset=utf-8
cache-control: no-cache

07:20:54.797 [AsyncHttpClient-1-5] DEBUG org.asynchttpclient.netty.channel.ChannelManager - Adding key: http://localhost:22704 for channel [id: 0xd3c6ad00, L:/127.0.0.1:63139 - R:localhost/127.0.0.1:22704]
07:20:54.799 [Forwarding clearElement on session 9d6b3c75c627d09fa8cc6bd9a3b37f34 to remote] DEBUG org.asynchttpclient.netty.request.NettyRequestSender - Using pooled Channel '[id: 0xd3c6ad00, L:/127.0.0.1:63139 - R:localhost/127.0.0.1:22704]' for 'POST' to 'http://localhost:22704/session/9d6b3c75c627d09fa8cc6bd9a3b37f34/element/fa85d119-6b8f-4530-bd22-90e866c24d40/clear'
07:20:54.799 [Forwarding clearElement on session 9d6b3c75c627d09fa8cc6bd9a3b37f34 to remote] DEBUG org.asynchttpclient.netty.request.NettyRequestSender - Using open Channel [id: 0xd3c6ad00, L:/127.0.0.1:63139 - R:localhost/127.0.0.1:22704] for POST '/session/9d6b3c75c627d09fa8cc6bd9a3b37f34/element/fa85d119-6b8f-4530-bd22-90e866c24d40/clear'
07:20:54.831 [AsyncHttpClient-1-5] DEBUG org.asynchttpclient.netty.handler.HttpHandler - 

Request DefaultHttpRequest(decodeResult: success, version: HTTP/1.1)
POST /session/9d6b3c75c627d09fa8cc6bd9a3b37f34/element/fa85d119-6b8f-4530-bd22-90e866c24d40/clear HTTP/1.1
User-Agent: selenium/4.8.1 (java windows)
Content-Length: 50
Content-Type: application/json; charset=utf-8
host: localhost:22704
accept: */*

Response DefaultHttpResponse(decodeResult: success, version: HTTP/1.1)
HTTP/1.1 200 OK
Content-Length: 14
Content-Type: application/json; charset=utf-8
cache-control: no-cache

07:20:54.831 [AsyncHttpClient-1-5] DEBUG org.asynchttpclient.netty.channel.ChannelManager - Adding key: http://localhost:22704 for channel [id: 0xd3c6ad00, L:/127.0.0.1:63139 - R:localhost/127.0.0.1:22704]
07:20:54.833 [Forwarding sendKeysToElement on session 9d6b3c75c627d09fa8cc6bd9a3b37f34 to remote] DEBUG org.asynchttpclient.netty.request.NettyRequestSender - Using pooled Channel '[id: 0xd3c6ad00, L:/127.0.0.1:63139 - R:localhost/127.0.0.1:22704]' for 'POST' to 'http://localhost:22704/session/9d6b3c75c627d09fa8cc6bd9a3b37f34/element/fa85d119-6b8f-4530-bd22-90e866c24d40/value'
07:20:54.834 [Forwarding sendKeysToElement on session 9d6b3c75c627d09fa8cc6bd9a3b37f34 to remote] DEBUG org.asynchttpclient.netty.request.NettyRequestSender - Using open Channel [id: 0xd3c6ad00, L:/127.0.0.1:63139 - R:localhost/127.0.0.1:22704] for POST '/session/9d6b3c75c627d09fa8cc6bd9a3b37f34/element/fa85d119-6b8f-4530-bd22-90e866c24d40/value'
07:20:54.950 [AsyncHttpClient-1-5] DEBUG org.asynchttpclient.netty.handler.HttpHandler - 

Request DefaultHttpRequest(decodeResult: success, version: HTTP/1.1)
POST /session/9d6b3c75c627d09fa8cc6bd9a3b37f34/element/fa85d119-6b8f-4530-bd22-90e866c24d40/value HTTP/1.1
User-Agent: selenium/4.8.1 (java windows)
Content-Length: 201
Content-Type: application/json; charset=utf-8
host: localhost:22704
accept: */*

Response DefaultHttpResponse(decodeResult: success, version: HTTP/1.1)
HTTP/1.1 200 OK
Content-Length: 14
Content-Type: application/json; charset=utf-8
cache-control: no-cache

07:20:54.950 [AsyncHttpClient-1-5] DEBUG org.asynchttpclient.netty.channel.ChannelManager - Adding key: http://localhost:22704 for channel [id: 0xd3c6ad00, L:/127.0.0.1:63139 - R:localhost/127.0.0.1:22704]
07:20:54.961 [AsyncHttpClient-1-1] DEBUG org.asynchttpclient.netty.channel.DefaultChannelPool - Entry count for : http://localhost:22704 : 1
07:20:54.961 [AsyncHttpClient-1-1] DEBUG org.asynchttpclient.netty.channel.DefaultChannelPool - Entry count for : http://localhost:63140 : 1
07:20:54.962 [Forwarding getAlertText on session 9d6b3c75c627d09fa8cc6bd9a3b37f34 to remote] DEBUG org.asynchttpclient.netty.request.NettyRequestSender - Using pooled Channel '[id: 0xd3c6ad00, L:/127.0.0.1:63139 - R:localhost/127.0.0.1:22704]' for 'GET' to 'http://localhost:22704/session/9d6b3c75c627d09fa8cc6bd9a3b37f34/alert/text'
07:20:54.962 [Forwarding getAlertText on session 9d6b3c75c627d09fa8cc6bd9a3b37f34 to remote] DEBUG org.asynchttpclient.netty.request.NettyRequestSender - Using open Channel [id: 0xd3c6ad00, L:/127.0.0.1:63139 - R:localhost/127.0.0.1:22704] for GET '/session/9d6b3c75c627d09fa8cc6bd9a3b37f34/alert/text'
07:20:54.965 [AsyncHttpClient-1-5] DEBUG org.asynchttpclient.netty.handler.HttpHandler - 

Request DefaultFullHttpRequest(decodeResult: success, version: HTTP/1.1, content: EmptyByteBufBE)
GET /session/9d6b3c75c627d09fa8cc6bd9a3b37f34/alert/text HTTP/1.1
User-Agent: selenium/4.8.1 (java windows)
Cache-Control: no-cache
Content-Type: application/json; charset=utf-8
host: localhost:22704
accept: */*

Response DefaultHttpResponse(decodeResult: success, version: HTTP/1.1)
HTTP/1.1 404 Not Found
Content-Length: 821
Content-Type: application/json; charset=utf-8
cache-control: no-cache

07:20:54.965 [AsyncHttpClient-1-5] DEBUG org.asynchttpclient.netty.channel.ChannelManager - Adding key: http://localhost:22704 for channel [id: 0xd3c6ad00, L:/127.0.0.1:63139 - R:localhost/127.0.0.1:22704]
07:20:54.967 [Forwarding getCurrentUrl on session 9d6b3c75c627d09fa8cc6bd9a3b37f34 to remote] DEBUG org.asynchttpclient.netty.request.NettyRequestSender - Using pooled Channel '[id: 0xd3c6ad00, L:/127.0.0.1:63139 - R:localhost/127.0.0.1:22704]' for 'GET' to 'http://localhost:22704/session/9d6b3c75c627d09fa8cc6bd9a3b37f34/url'
07:20:54.968 [Forwarding getCurrentUrl on session 9d6b3c75c627d09fa8cc6bd9a3b37f34 to remote] DEBUG org.asynchttpclient.netty.request.NettyRequestSender - Using open Channel [id: 0xd3c6ad00, L:/127.0.0.1:63139 - R:localhost/127.0.0.1:22704] for GET '/session/9d6b3c75c627d09fa8cc6bd9a3b37f34/url'
07:20:54.973 [AsyncHttpClient-1-5] DEBUG org.asynchttpclient.netty.handler.HttpHandler - 

Request DefaultFullHttpRequest(decodeResult: success, version: HTTP/1.1, content: EmptyByteBufBE)
GET /session/9d6b3c75c627d09fa8cc6bd9a3b37f34/url HTTP/1.1
User-Agent: selenium/4.8.1 (java windows)
Cache-Control: no-cache
Content-Type: application/json; charset=utf-8
host: localhost:22704
accept: */*

Response DefaultHttpResponse(decodeResult: success, version: HTTP/1.1)
HTTP/1.1 200 OK
Content-Length: 38
Content-Type: application/json; charset=utf-8
cache-control: no-cache

07:20:54.973 [AsyncHttpClient-1-5] DEBUG org.asynchttpclient.netty.channel.ChannelManager - Adding key: http://localhost:22704 for channel [id: 0xd3c6ad00, L:/127.0.0.1:63139 - R:localhost/127.0.0.1:22704]
07:20:54.975 [Forwarding screenshot on session 9d6b3c75c627d09fa8cc6bd9a3b37f34 to remote] DEBUG org.asynchttpclient.netty.request.NettyRequestSender - Using pooled Channel '[id: 0xd3c6ad00, L:/127.0.0.1:63139 - R:localhost/127.0.0.1:22704]' for 'GET' to 'http://localhost:22704/session/9d6b3c75c627d09fa8cc6bd9a3b37f34/screenshot'
07:20:54.975 [Forwarding screenshot on session 9d6b3c75c627d09fa8cc6bd9a3b37f34 to remote] DEBUG org.asynchttpclient.netty.request.NettyRequestSender - Using open Channel [id: 0xd3c6ad00, L:/127.0.0.1:63139 - R:localhost/127.0.0.1:22704] for GET '/session/9d6b3c75c627d09fa8cc6bd9a3b37f34/screenshot'
07:20:55.070 [AsyncHttpClient-1-5] DEBUG org.asynchttpclient.netty.handler.HttpHandler - 

Request DefaultFullHttpRequest(decodeResult: success, version: HTTP/1.1, content: EmptyByteBufBE)
GET /session/9d6b3c75c627d09fa8cc6bd9a3b37f34/screenshot HTTP/1.1
User-Agent: selenium/4.8.1 (java windows)
Cache-Control: no-cache
Content-Type: application/json; charset=utf-8
host: localhost:22704
accept: */*

Response DefaultHttpResponse(decodeResult: success, version: HTTP/1.1)
HTTP/1.1 200 OK
Content-Length: 48264
Content-Type: application/json; charset=utf-8
cache-control: no-cache

07:20:55.071 [AsyncHttpClient-1-5] DEBUG org.asynchttpclient.netty.channel.ChannelManager - Adding key: http://localhost:22704 for channel [id: 0xd3c6ad00, L:/127.0.0.1:63139 - R:localhost/127.0.0.1:22704]
07:20:55.073 [main] DEBUG net.serenitybdd.core.photography.Darkroom - Send negative for processing for target\site\serenity\1e5869038d7c6161873b066f2aefb2284a61ce121713968b9fb2a2503bcd41aa.png
07:20:55.073 [Darkroom Processing Line] DEBUG net.serenitybdd.core.photography.DarkroomProcessingLine - Processing screenshot image in /var/screenshots/screenshot-2591163172523629096
07:20:55.074 [Darkroom Processing Line] DEBUG net.serenitybdd.core.photography.DarkroomProcessingLine - Saving screenshot to target\site\serenity\1e5869038d7c6161873b066f2aefb2284a61ce121713968b9fb2a2503bcd41aa.png
07:20:55.074 [main] DEBUG net.thucydides.core.steps.StepInterceptor - STEP DONE: inputUsername
  &amp#27;[32mWhen &amp#27;[0m&amp#27;[32mI input valid &amp#27;[0m&amp#27;[32m&amp#27;[1m"problem_user"&amp#27;[0m&amp#27;[32m username&amp#27;[0m              &amp#27;[90m# starter.stepdefinitions.LoginSteps.iInputValidUsername(java.lang.String)&amp#27;[0m
07:20:55.084 [Forwarding getPageSource on session 9d6b3c75c627d09fa8cc6bd9a3b37f34 to remote] DEBUG org.asynchttpclient.netty.request.NettyRequestSender - Using pooled Channel '[id: 0xd3c6ad00, L:/127.0.0.1:63139 - R:localhost/127.0.0.1:22704]' for 'POST' to 'http://localhost:22704/session/9d6b3c75c627d09fa8cc6bd9a3b37f34/execute/sync'
07:20:55.084 [Forwarding getPageSource on session 9d6b3c75c627d09fa8cc6bd9a3b37f34 to remote] DEBUG org.asynchttpclient.netty.request.NettyRequestSender - Using open Channel [id: 0xd3c6ad00, L:/127.0.0.1:63139 - R:localhost/127.0.0.1:22704] for POST '/session/9d6b3c75c627d09fa8cc6bd9a3b37f34/execute/sync'
07:20:55.088 [AsyncHttpClient-1-5] DEBUG org.asynchttpclient.netty.handler.HttpHandler - 

Request DefaultHttpRequest(decodeResult: success, version: HTTP/1.1)
POST /session/9d6b3c75c627d09fa8cc6bd9a3b37f34/execute/sync HTTP/1.1
User-Agent: selenium/4.8.1 (java windows)
Content-Length: 176
Content-Type: application/json; charset=utf-8
host: localhost:22704
accept: */*

Response DefaultHttpResponse(decodeResult: success, version: HTTP/1.1)
HTTP/1.1 200 OK
Content-Length: 4298
Content-Type: application/json; charset=utf-8
cache-control: no-cache

07:20:55.089 [AsyncHttpClient-1-5] DEBUG org.asynchttpclient.netty.channel.ChannelManager - Adding key: http://localhost:22704 for channel [id: 0xd3c6ad00, L:/127.0.0.1:63139 - R:localhost/127.0.0.1:22704]
07:20:55.091 [Forwarding getCurrentUrl on session 9d6b3c75c627d09fa8cc6bd9a3b37f34 to remote] DEBUG org.asynchttpclient.netty.request.NettyRequestSender - Using pooled Channel '[id: 0xd3c6ad00, L:/127.0.0.1:63139 - R:localhost/127.0.0.1:22704]' for 'GET' to 'http://localhost:22704/session/9d6b3c75c627d09fa8cc6bd9a3b37f34/url'
07:20:55.092 [Forwarding getCurrentUrl on session 9d6b3c75c627d09fa8cc6bd9a3b37f34 to remote] DEBUG org.asynchttpclient.netty.request.NettyRequestSender - Using open Channel [id: 0xd3c6ad00, L:/127.0.0.1:63139 - R:localhost/127.0.0.1:22704] for GET '/session/9d6b3c75c627d09fa8cc6bd9a3b37f34/url'
07:20:55.095 [AsyncHttpClient-1-5] DEBUG org.asynchttpclient.netty.handler.HttpHandler - 

Request DefaultFullHttpRequest(decodeResult: success, version: HTTP/1.1, content: EmptyByteBufBE)
GET /session/9d6b3c75c627d09fa8cc6bd9a3b37f34/url HTTP/1.1
User-Agent: selenium/4.8.1 (java windows)
Cache-Control: no-cache
Content-Type: application/json; charset=utf-8
host: localhost:22704
accept: */*

Response DefaultHttpResponse(decodeResult: success, version: HTTP/1.1)
HTTP/1.1 200 OK
Content-Length: 38
Content-Type: application/json; charset=utf-8
cache-control: no-cache

07:20:55.095 [AsyncHttpClient-1-5] DEBUG org.asynchttpclient.netty.channel.ChannelManager - Adding key: http://localhost:22704 for channel [id: 0xd3c6ad00, L:/127.0.0.1:63139 - R:localhost/127.0.0.1:22704]
07:20:55.104 [Forwarding getPageSource on session 9d6b3c75c627d09fa8cc6bd9a3b37f34 to remote] DEBUG org.asynchttpclient.netty.request.NettyRequestSender - Using pooled Channel '[id: 0xd3c6ad00, L:/127.0.0.1:63139 - R:localhost/127.0.0.1:22704]' for 'POST' to 'http://localhost:22704/session/9d6b3c75c627d09fa8cc6bd9a3b37f34/execute/sync'
07:20:55.104 [Forwarding getPageSource on session 9d6b3c75c627d09fa8cc6bd9a3b37f34 to remote] DEBUG org.asynchttpclient.netty.request.NettyRequestSender - Using open Channel [id: 0xd3c6ad00, L:/127.0.0.1:63139 - R:localhost/127.0.0.1:22704] for POST '/session/9d6b3c75c627d09fa8cc6bd9a3b37f34/execute/sync'
07:20:55.108 [AsyncHttpClient-1-5] DEBUG org.asynchttpclient.netty.handler.HttpHandler - 

Request DefaultHttpRequest(decodeResult: success, version: HTTP/1.1)
POST /session/9d6b3c75c627d09fa8cc6bd9a3b37f34/execute/sync HTTP/1.1
User-Agent: selenium/4.8.1 (java windows)
Content-Length: 176
Content-Type: application/json; charset=utf-8
host: localhost:22704
accept: */*

Response DefaultHttpResponse(decodeResult: success, version: HTTP/1.1)
HTTP/1.1 200 OK
Content-Length: 4298
Content-Type: application/json; charset=utf-8
cache-control: no-cache

07:20:55.108 [AsyncHttpClient-1-5] DEBUG org.asynchttpclient.netty.channel.ChannelManager - Adding key: http://localhost:22704 for channel [id: 0xd3c6ad00, L:/127.0.0.1:63139 - R:localhost/127.0.0.1:22704]
07:20:55.110 [Forwarding getCurrentUrl on session 9d6b3c75c627d09fa8cc6bd9a3b37f34 to remote] DEBUG org.asynchttpclient.netty.request.NettyRequestSender - Using pooled Channel '[id: 0xd3c6ad00, L:/127.0.0.1:63139 - R:localhost/127.0.0.1:22704]' for 'GET' to 'http://localhost:22704/session/9d6b3c75c627d09fa8cc6bd9a3b37f34/url'
07:20:55.110 [Forwarding getCurrentUrl on session 9d6b3c75c627d09fa8cc6bd9a3b37f34 to remote] DEBUG org.asynchttpclient.netty.request.NettyRequestSender - Using open Channel [id: 0xd3c6ad00, L:/127.0.0.1:63139 - R:localhost/127.0.0.1:22704] for GET '/session/9d6b3c75c627d09fa8cc6bd9a3b37f34/url'
07:20:55.113 [AsyncHttpClient-1-5] DEBUG org.asynchttpclient.netty.handler.HttpHandler - 

Request DefaultFullHttpRequest(decodeResult: success, version: HTTP/1.1, content: EmptyByteBufBE)
GET /session/9d6b3c75c627d09fa8cc6bd9a3b37f34/url HTTP/1.1
User-Agent: selenium/4.8.1 (java windows)
Cache-Control: no-cache
Content-Type: application/json; charset=utf-8
host: localhost:22704
accept: */*

Response DefaultHttpResponse(decodeResult: success, version: HTTP/1.1)
HTTP/1.1 200 OK
Content-Length: 38
Content-Type: application/json; charset=utf-8
cache-control: no-cache

07:20:55.113 [AsyncHttpClient-1-5] DEBUG org.asynchttpclient.netty.channel.ChannelManager - Adding key: http://localhost:22704 for channel [id: 0xd3c6ad00, L:/127.0.0.1:63139 - R:localhost/127.0.0.1:22704]
07:20:55.116 [main] DEBUG net.thucydides.core.steps.StepInterceptor - STARTING STEP: LoginSteps.inputValidPassword - inputPassword
07:20:55.118 [Forwarding findElement on session 9d6b3c75c627d09fa8cc6bd9a3b37f34 to remote] DEBUG org.asynchttpclient.netty.request.NettyRequestSender - Using pooled Channel '[id: 0xd3c6ad00, L:/127.0.0.1:63139 - R:localhost/127.0.0.1:22704]' for 'POST' to 'http://localhost:22704/session/9d6b3c75c627d09fa8cc6bd9a3b37f34/element'
07:20:55.118 [Forwarding findElement on session 9d6b3c75c627d09fa8cc6bd9a3b37f34 to remote] DEBUG org.asynchttpclient.netty.request.NettyRequestSender - Using open Channel [id: 0xd3c6ad00, L:/127.0.0.1:63139 - R:localhost/127.0.0.1:22704] for POST '/session/9d6b3c75c627d09fa8cc6bd9a3b37f34/element'
07:20:55.130 [AsyncHttpClient-1-5] DEBUG org.asynchttpclient.netty.handler.HttpHandler - 

Request DefaultHttpRequest(decodeResult: success, version: HTTP/1.1)
POST /session/9d6b3c75c627d09fa8cc6bd9a3b37f34/element HTTP/1.1
User-Agent: selenium/4.8.1 (java windows)
Content-Length: 53
Content-Type: application/json; charset=utf-8
host: localhost:22704
accept: */*

Response DefaultHttpResponse(decodeResult: success, version: HTTP/1.1)
HTTP/1.1 200 OK
Content-Length: 88
Content-Type: application/json; charset=utf-8
cache-control: no-cache

07:20:55.130 [AsyncHttpClient-1-5] DEBUG org.asynchttpclient.netty.channel.ChannelManager - Adding key: http://localhost:22704 for channel [id: 0xd3c6ad00, L:/127.0.0.1:63139 - R:localhost/127.0.0.1:22704]
07:20:55.131 [Forwarding clearElement on session 9d6b3c75c627d09fa8cc6bd9a3b37f34 to remote] DEBUG org.asynchttpclient.netty.request.NettyRequestSender - Using pooled Channel '[id: 0xd3c6ad00, L:/127.0.0.1:63139 - R:localhost/127.0.0.1:22704]' for 'POST' to 'http://localhost:22704/session/9d6b3c75c627d09fa8cc6bd9a3b37f34/element/8f11f71e-1c77-45e6-a915-38e4f4f64f0a/clear'
07:20:55.131 [Forwarding clearElement on session 9d6b3c75c627d09fa8cc6bd9a3b37f34 to remote] DEBUG org.asynchttpclient.netty.request.NettyRequestSender - Using open Channel [id: 0xd3c6ad00, L:/127.0.0.1:63139 - R:localhost/127.0.0.1:22704] for POST '/session/9d6b3c75c627d09fa8cc6bd9a3b37f34/element/8f11f71e-1c77-45e6-a915-38e4f4f64f0a/clear'
07:20:55.165 [AsyncHttpClient-1-5] DEBUG org.asynchttpclient.netty.handler.HttpHandler - 

Request DefaultHttpRequest(decodeResult: success, version: HTTP/1.1)
POST /session/9d6b3c75c627d09fa8cc6bd9a3b37f34/element/8f11f71e-1c77-45e6-a915-38e4f4f64f0a/clear HTTP/1.1
User-Agent: selenium/4.8.1 (java windows)
Content-Length: 50
Content-Type: application/json; charset=utf-8
host: localhost:22704
accept: */*

Response DefaultHttpResponse(decodeResult: success, version: HTTP/1.1)
HTTP/1.1 200 OK
Content-Length: 14
Content-Type: application/json; charset=utf-8
cache-control: no-cache

07:20:55.165 [AsyncHttpClient-1-5] DEBUG org.asynchttpclient.netty.channel.ChannelManager - Adding key: http://localhost:22704 for channel [id: 0xd3c6ad00, L:/127.0.0.1:63139 - R:localhost/127.0.0.1:22704]
07:20:55.167 [Forwarding sendKeysToElement on session 9d6b3c75c627d09fa8cc6bd9a3b37f34 to remote] DEBUG org.asynchttpclient.netty.request.NettyRequestSender - Using pooled Channel '[id: 0xd3c6ad00, L:/127.0.0.1:63139 - R:localhost/127.0.0.1:22704]' for 'POST' to 'http://localhost:22704/session/9d6b3c75c627d09fa8cc6bd9a3b37f34/element/8f11f71e-1c77-45e6-a915-38e4f4f64f0a/value'
07:20:55.167 [Forwarding sendKeysToElement on session 9d6b3c75c627d09fa8cc6bd9a3b37f34 to remote] DEBUG org.asynchttpclient.netty.request.NettyRequestSender - Using open Channel [id: 0xd3c6ad00, L:/127.0.0.1:63139 - R:localhost/127.0.0.1:22704] for POST '/session/9d6b3c75c627d09fa8cc6bd9a3b37f34/element/8f11f71e-1c77-45e6-a915-38e4f4f64f0a/value'
07:20:55.230 [AsyncHttpClient-1-5] DEBUG org.asynchttpclient.netty.handler.HttpHandler - 

Request DefaultHttpRequest(decodeResult: success, version: HTTP/1.1)
POST /session/9d6b3c75c627d09fa8cc6bd9a3b37f34/element/8f11f71e-1c77-45e6-a915-38e4f4f64f0a/value HTTP/1.1
User-Agent: selenium/4.8.1 (java windows)
Content-Length: 201
Content-Type: application/json; charset=utf-8
host: localhost:22704
accept: */*

Response DefaultHttpResponse(decodeResult: success, version: HTTP/1.1)
HTTP/1.1 200 OK
Content-Length: 14
Content-Type: application/json; charset=utf-8
cache-control: no-cache

07:20:55.230 [AsyncHttpClient-1-5] DEBUG org.asynchttpclient.netty.channel.ChannelManager - Adding key: http://localhost:22704 for channel [id: 0xd3c6ad00, L:/127.0.0.1:63139 - R:localhost/127.0.0.1:22704]
07:20:55.236 [Forwarding getAlertText on session 9d6b3c75c627d09fa8cc6bd9a3b37f34 to remote] DEBUG org.asynchttpclient.netty.request.NettyRequestSender - Using pooled Channel '[id: 0xd3c6ad00, L:/127.0.0.1:63139 - R:localhost/127.0.0.1:22704]' for 'GET' to 'http://localhost:22704/session/9d6b3c75c627d09fa8cc6bd9a3b37f34/alert/text'
07:20:55.236 [Forwarding getAlertText on session 9d6b3c75c627d09fa8cc6bd9a3b37f34 to remote] DEBUG org.asynchttpclient.netty.request.NettyRequestSender - Using open Channel [id: 0xd3c6ad00, L:/127.0.0.1:63139 - R:localhost/127.0.0.1:22704] for GET '/session/9d6b3c75c627d09fa8cc6bd9a3b37f34/alert/text'
07:20:55.238 [AsyncHttpClient-1-5] DEBUG org.asynchttpclient.netty.handler.HttpHandler - 

Request DefaultFullHttpRequest(decodeResult: success, version: HTTP/1.1, content: EmptyByteBufBE)
GET /session/9d6b3c75c627d09fa8cc6bd9a3b37f34/alert/text HTTP/1.1
User-Agent: selenium/4.8.1 (java windows)
Cache-Control: no-cache
Content-Type: application/json; charset=utf-8
host: localhost:22704
accept: */*

Response DefaultHttpResponse(decodeResult: success, version: HTTP/1.1)
HTTP/1.1 404 Not Found
Content-Length: 821
Content-Type: application/json; charset=utf-8
cache-control: no-cache

07:20:55.238 [AsyncHttpClient-1-5] DEBUG org.asynchttpclient.netty.channel.ChannelManager - Adding key: http://localhost:22704 for channel [id: 0xd3c6ad00, L:/127.0.0.1:63139 - R:localhost/127.0.0.1:22704]
07:20:55.240 [Forwarding getCurrentUrl on session 9d6b3c75c627d09fa8cc6bd9a3b37f34 to remote] DEBUG org.asynchttpclient.netty.request.NettyRequestSender - Using pooled Channel '[id: 0xd3c6ad00, L:/127.0.0.1:63139 - R:localhost/127.0.0.1:22704]' for 'GET' to 'http://localhost:22704/session/9d6b3c75c627d09fa8cc6bd9a3b37f34/url'
07:20:55.240 [Forwarding getCurrentUrl on session 9d6b3c75c627d09fa8cc6bd9a3b37f34 to remote] DEBUG org.asynchttpclient.netty.request.NettyRequestSender - Using open Channel [id: 0xd3c6ad00, L:/127.0.0.1:63139 - R:localhost/127.0.0.1:22704] for GET '/session/9d6b3c75c627d09fa8cc6bd9a3b37f34/url'
07:20:55.244 [AsyncHttpClient-1-5] DEBUG org.asynchttpclient.netty.handler.HttpHandler - 

Request DefaultFullHttpRequest(decodeResult: success, version: HTTP/1.1, content: EmptyByteBufBE)
GET /session/9d6b3c75c627d09fa8cc6bd9a3b37f34/url HTTP/1.1
User-Agent: selenium/4.8.1 (java windows)
Cache-Control: no-cache
Content-Type: application/json; charset=utf-8
host: localhost:22704
accept: */*

Response DefaultHttpResponse(decodeResult: success, version: HTTP/1.1)
HTTP/1.1 200 OK
Content-Length: 38
Content-Type: application/json; charset=utf-8
cache-control: no-cache

07:20:55.244 [AsyncHttpClient-1-5] DEBUG org.asynchttpclient.netty.channel.ChannelManager - Adding key: http://localhost:22704 for channel [id: 0xd3c6ad00, L:/127.0.0.1:63139 - R:localhost/127.0.0.1:22704]
07:20:55.245 [Forwarding screenshot on session 9d6b3c75c627d09fa8cc6bd9a3b37f34 to remote] DEBUG org.asynchttpclient.netty.request.NettyRequestSender - Using pooled Channel '[id: 0xd3c6ad00, L:/127.0.0.1:63139 - R:localhost/127.0.0.1:22704]' for 'GET' to 'http://localhost:22704/session/9d6b3c75c627d09fa8cc6bd9a3b37f34/screenshot'
07:20:55.246 [Forwarding screenshot on session 9d6b3c75c627d09fa8cc6bd9a3b37f34 to remote] DEBUG org.asynchttpclient.netty.request.NettyRequestSender - Using open Channel [id: 0xd3c6ad00, L:/127.0.0.1:63139 - R:localhost/127.0.0.1:22704] for GET '/session/9d6b3c75c627d09fa8cc6bd9a3b37f34/screenshot'
07:20:55.339 [AsyncHttpClient-1-5] DEBUG org.asynchttpclient.netty.handler.HttpHandler - 

Request DefaultFullHttpRequest(decodeResult: success, version: HTTP/1.1, content: EmptyByteBufBE)
GET /session/9d6b3c75c627d09fa8cc6bd9a3b37f34/screenshot HTTP/1.1
User-Agent: selenium/4.8.1 (java windows)
Cache-Control: no-cache
Content-Type: application/json; charset=utf-8
host: localhost:22704
accept: */*

Response DefaultHttpResponse(decodeResult: success, version: HTTP/1.1)
HTTP/1.1 200 OK
Content-Length: 45948
Content-Type: application/json; charset=utf-8
cache-control: no-cache

07:20:55.339 [AsyncHttpClient-1-5] DEBUG org.asynchttpclient.netty.channel.ChannelManager - Adding key: http://localhost:22704 for channel [id: 0xd3c6ad00, L:/127.0.0.1:63139 - R:localhost/127.0.0.1:22704]
07:20:55.345 [main] DEBUG net.serenitybdd.core.photography.Darkroom - Send negative for processing for target\site\serenity\29fd06e836cc40a5f0495d951a0068583cd454847ae2999a31f315fe76be2833.png
07:20:55.346 [main] DEBUG net.thucydides.core.steps.StepInterceptor - STEP DONE: inputPassword
07:20:55.346 [Darkroom Processing Line] DEBUG net.serenitybdd.core.photography.DarkroomProcessingLine - Processing screenshot image in /var/screenshots/screenshot-6376507844798159237
07:20:55.346 [Darkroom Processing Line] DEBUG net.serenitybdd.core.photography.DarkroomProcessingLine - Saving screenshot to target\site\serenity\29fd06e836cc40a5f0495d951a0068583cd454847ae2999a31f315fe76be2833.png
  &amp#27;[32mAnd &amp#27;[0m&amp#27;[32mI input valid password&amp#27;[0m                              &amp#27;[90m# starter.stepdefinitions.LoginSteps.inputValidPassword()&amp#27;[0m
07:20:55.355 [Forwarding getPageSource on session 9d6b3c75c627d09fa8cc6bd9a3b37f34 to remote] DEBUG org.asynchttpclient.netty.request.NettyRequestSender - Using pooled Channel '[id: 0xd3c6ad00, L:/127.0.0.1:63139 - R:localhost/127.0.0.1:22704]' for 'POST' to 'http://localhost:22704/session/9d6b3c75c627d09fa8cc6bd9a3b37f34/execute/sync'
07:20:55.355 [Forwarding getPageSource on session 9d6b3c75c627d09fa8cc6bd9a3b37f34 to remote] DEBUG org.asynchttpclient.netty.request.NettyRequestSender - Using open Channel [id: 0xd3c6ad00, L:/127.0.0.1:63139 - R:localhost/127.0.0.1:22704] for POST '/session/9d6b3c75c627d09fa8cc6bd9a3b37f34/execute/sync'
07:20:55.360 [AsyncHttpClient-1-5] DEBUG org.asynchttpclient.netty.handler.HttpHandler - 

Request DefaultHttpRequest(decodeResult: success, version: HTTP/1.1)
POST /session/9d6b3c75c627d09fa8cc6bd9a3b37f34/execute/sync HTTP/1.1
User-Agent: selenium/4.8.1 (java windows)
Content-Length: 176
Content-Type: application/json; charset=utf-8
host: localhost:22704
accept: */*

Response DefaultHttpResponse(decodeResult: success, version: HTTP/1.1)
HTTP/1.1 200 OK
Content-Length: 4310
Content-Type: application/json; charset=utf-8
cache-control: no-cache

07:20:55.360 [AsyncHttpClient-1-5] DEBUG org.asynchttpclient.netty.channel.ChannelManager - Adding key: http://localhost:22704 for channel [id: 0xd3c6ad00, L:/127.0.0.1:63139 - R:localhost/127.0.0.1:22704]
07:20:55.362 [Forwarding getCurrentUrl on session 9d6b3c75c627d09fa8cc6bd9a3b37f34 to remote] DEBUG org.asynchttpclient.netty.request.NettyRequestSender - Using pooled Channel '[id: 0xd3c6ad00, L:/127.0.0.1:63139 - R:localhost/127.0.0.1:22704]' for 'GET' to 'http://localhost:22704/session/9d6b3c75c627d09fa8cc6bd9a3b37f34/url'
07:20:55.362 [Forwarding getCurrentUrl on session 9d6b3c75c627d09fa8cc6bd9a3b37f34 to remote] DEBUG org.asynchttpclient.netty.request.NettyRequestSender - Using open Channel [id: 0xd3c6ad00, L:/127.0.0.1:63139 - R:localhost/127.0.0.1:22704] for GET '/session/9d6b3c75c627d09fa8cc6bd9a3b37f34/url'
07:20:55.367 [AsyncHttpClient-1-5] DEBUG org.asynchttpclient.netty.handler.HttpHandler - 

Request DefaultFullHttpRequest(decodeResult: success, version: HTTP/1.1, content: EmptyByteBufBE)
GET /session/9d6b3c75c627d09fa8cc6bd9a3b37f34/url HTTP/1.1
User-Agent: selenium/4.8.1 (java windows)
Cache-Control: no-cache
Content-Type: application/json; charset=utf-8
host: localhost:22704
accept: */*

Response DefaultHttpResponse(decodeResult: success, version: HTTP/1.1)
HTTP/1.1 200 OK
Content-Length: 38
Content-Type: application/json; charset=utf-8
cache-control: no-cache

07:20:55.367 [AsyncHttpClient-1-5] DEBUG org.asynchttpclient.netty.channel.ChannelManager - Adding key: http://localhost:22704 for channel [id: 0xd3c6ad00, L:/127.0.0.1:63139 - R:localhost/127.0.0.1:22704]
07:20:55.376 [Forwarding getPageSource on session 9d6b3c75c627d09fa8cc6bd9a3b37f34 to remote] DEBUG org.asynchttpclient.netty.request.NettyRequestSender - Using pooled Channel '[id: 0xd3c6ad00, L:/127.0.0.1:63139 - R:localhost/127.0.0.1:22704]' for 'POST' to 'http://localhost:22704/session/9d6b3c75c627d09fa8cc6bd9a3b37f34/execute/sync'
07:20:55.376 [Forwarding getPageSource on session 9d6b3c75c627d09fa8cc6bd9a3b37f34 to remote] DEBUG org.asynchttpclient.netty.request.NettyRequestSender - Using open Channel [id: 0xd3c6ad00, L:/127.0.0.1:63139 - R:localhost/127.0.0.1:22704] for POST '/session/9d6b3c75c627d09fa8cc6bd9a3b37f34/execute/sync'
07:20:55.381 [AsyncHttpClient-1-5] DEBUG org.asynchttpclient.netty.handler.HttpHandler - 

Request DefaultHttpRequest(decodeResult: success, version: HTTP/1.1)
POST /session/9d6b3c75c627d09fa8cc6bd9a3b37f34/execute/sync HTTP/1.1
User-Agent: selenium/4.8.1 (java windows)
Content-Length: 176
Content-Type: application/json; charset=utf-8
host: localhost:22704
accept: */*

Response DefaultHttpResponse(decodeResult: success, version: HTTP/1.1)
HTTP/1.1 200 OK
Content-Length: 4310
Content-Type: application/json; charset=utf-8
cache-control: no-cache

07:20:55.381 [AsyncHttpClient-1-5] DEBUG org.asynchttpclient.netty.channel.ChannelManager - Adding key: http://localhost:22704 for channel [id: 0xd3c6ad00, L:/127.0.0.1:63139 - R:localhost/127.0.0.1:22704]
07:20:55.383 [Forwarding getCurrentUrl on session 9d6b3c75c627d09fa8cc6bd9a3b37f34 to remote] DEBUG org.asynchttpclient.netty.request.NettyRequestSender - Using pooled Channel '[id: 0xd3c6ad00, L:/127.0.0.1:63139 - R:localhost/127.0.0.1:22704]' for 'GET' to 'http://localhost:22704/session/9d6b3c75c627d09fa8cc6bd9a3b37f34/url'
07:20:55.383 [Forwarding getCurrentUrl on session 9d6b3c75c627d09fa8cc6bd9a3b37f34 to remote] DEBUG org.asynchttpclient.netty.request.NettyRequestSender - Using open Channel [id: 0xd3c6ad00, L:/127.0.0.1:63139 - R:localhost/127.0.0.1:22704] for GET '/session/9d6b3c75c627d09fa8cc6bd9a3b37f34/url'
07:20:55.388 [AsyncHttpClient-1-5] DEBUG org.asynchttpclient.netty.handler.HttpHandler - 

Request DefaultFullHttpRequest(decodeResult: success, version: HTTP/1.1, content: EmptyByteBufBE)
GET /session/9d6b3c75c627d09fa8cc6bd9a3b37f34/url HTTP/1.1
User-Agent: selenium/4.8.1 (java windows)
Cache-Control: no-cache
Content-Type: application/json; charset=utf-8
host: localhost:22704
accept: */*

Response DefaultHttpResponse(decodeResult: success, version: HTTP/1.1)
HTTP/1.1 200 OK
Content-Length: 38
Content-Type: application/json; charset=utf-8
cache-control: no-cache

07:20:55.388 [AsyncHttpClient-1-5] DEBUG org.asynchttpclient.netty.channel.ChannelManager - Adding key: http://localhost:22704 for channel [id: 0xd3c6ad00, L:/127.0.0.1:63139 - R:localhost/127.0.0.1:22704]
07:20:55.390 [main] DEBUG net.thucydides.core.steps.StepInterceptor - STARTING STEP: LoginSteps.clickLoginButton - clickLoginButton
07:20:55.393 [Forwarding findElement on session 9d6b3c75c627d09fa8cc6bd9a3b37f34 to remote] DEBUG org.asynchttpclient.netty.request.NettyRequestSender - Using pooled Channel '[id: 0xd3c6ad00, L:/127.0.0.1:63139 - R:localhost/127.0.0.1:22704]' for 'POST' to 'http://localhost:22704/session/9d6b3c75c627d09fa8cc6bd9a3b37f34/element'
07:20:55.393 [Forwarding findElement on session 9d6b3c75c627d09fa8cc6bd9a3b37f34 to remote] DEBUG org.asynchttpclient.netty.request.NettyRequestSender - Using open Channel [id: 0xd3c6ad00, L:/127.0.0.1:63139 - R:localhost/127.0.0.1:22704] for POST '/session/9d6b3c75c627d09fa8cc6bd9a3b37f34/element'
07:20:55.403 [AsyncHttpClient-1-5] DEBUG org.asynchttpclient.netty.handler.HttpHandler - 

Request DefaultHttpRequest(decodeResult: success, version: HTTP/1.1)
POST /session/9d6b3c75c627d09fa8cc6bd9a3b37f34/element HTTP/1.1
User-Agent: selenium/4.8.1 (java windows)
Content-Length: 59
Content-Type: application/json; charset=utf-8
host: localhost:22704
accept: */*

Response DefaultHttpResponse(decodeResult: success, version: HTTP/1.1)
HTTP/1.1 200 OK
Content-Length: 88
Content-Type: application/json; charset=utf-8
cache-control: no-cache

07:20:55.403 [AsyncHttpClient-1-5] DEBUG org.asynchttpclient.netty.channel.ChannelManager - Adding key: http://localhost:22704 for channel [id: 0xd3c6ad00, L:/127.0.0.1:63139 - R:localhost/127.0.0.1:22704]
07:20:55.404 [Forwarding getElementTagName on session 9d6b3c75c627d09fa8cc6bd9a3b37f34 to remote] DEBUG org.asynchttpclient.netty.request.NettyRequestSender - Using pooled Channel '[id: 0xd3c6ad00, L:/127.0.0.1:63139 - R:localhost/127.0.0.1:22704]' for 'GET' to 'http://localhost:22704/session/9d6b3c75c627d09fa8cc6bd9a3b37f34/element/cef3b3ee-6a42-4ab1-adb9-a5f802e86bbb/name'
07:20:55.405 [Forwarding getElementTagName on session 9d6b3c75c627d09fa8cc6bd9a3b37f34 to remote] DEBUG org.asynchttpclient.netty.request.NettyRequestSender - Using open Channel [id: 0xd3c6ad00, L:/127.0.0.1:63139 - R:localhost/127.0.0.1:22704] for GET '/session/9d6b3c75c627d09fa8cc6bd9a3b37f34/element/cef3b3ee-6a42-4ab1-adb9-a5f802e86bbb/name'
07:20:55.410 [AsyncHttpClient-1-5] DEBUG org.asynchttpclient.netty.handler.HttpHandler - 

Request DefaultFullHttpRequest(decodeResult: success, version: HTTP/1.1, content: EmptyByteBufBE)
GET /session/9d6b3c75c627d09fa8cc6bd9a3b37f34/element/cef3b3ee-6a42-4ab1-adb9-a5f802e86bbb/name HTTP/1.1
User-Agent: selenium/4.8.1 (java windows)
Cache-Control: no-cache
Content-Type: application/json; charset=utf-8
host: localhost:22704
accept: */*

Response DefaultHttpResponse(decodeResult: success, version: HTTP/1.1)
HTTP/1.1 200 OK
Content-Length: 17
Content-Type: application/json; charset=utf-8
cache-control: no-cache

07:20:55.411 [AsyncHttpClient-1-5] DEBUG org.asynchttpclient.netty.channel.ChannelManager - Adding key: http://localhost:22704 for channel [id: 0xd3c6ad00, L:/127.0.0.1:63139 - R:localhost/127.0.0.1:22704]
07:20:55.412 [Forwarding getElementTagName on session 9d6b3c75c627d09fa8cc6bd9a3b37f34 to remote] DEBUG org.asynchttpclient.netty.request.NettyRequestSender - Using pooled Channel '[id: 0xd3c6ad00, L:/127.0.0.1:63139 - R:localhost/127.0.0.1:22704]' for 'GET' to 'http://localhost:22704/session/9d6b3c75c627d09fa8cc6bd9a3b37f34/element/cef3b3ee-6a42-4ab1-adb9-a5f802e86bbb/name'
07:20:55.412 [Forwarding getElementTagName on session 9d6b3c75c627d09fa8cc6bd9a3b37f34 to remote] DEBUG org.asynchttpclient.netty.request.NettyRequestSender - Using open Channel [id: 0xd3c6ad00, L:/127.0.0.1:63139 - R:localhost/127.0.0.1:22704] for GET '/session/9d6b3c75c627d09fa8cc6bd9a3b37f34/element/cef3b3ee-6a42-4ab1-adb9-a5f802e86bbb/name'
07:20:55.417 [AsyncHttpClient-1-5] DEBUG org.asynchttpclient.netty.handler.HttpHandler - 

Request DefaultFullHttpRequest(decodeResult: success, version: HTTP/1.1, content: EmptyByteBufBE)
GET /session/9d6b3c75c627d09fa8cc6bd9a3b37f34/element/cef3b3ee-6a42-4ab1-adb9-a5f802e86bbb/name HTTP/1.1
User-Agent: selenium/4.8.1 (java windows)
Cache-Control: no-cache
Content-Type: application/json; charset=utf-8
host: localhost:22704
accept: */*

Response DefaultHttpResponse(decodeResult: success, version: HTTP/1.1)
HTTP/1.1 200 OK
Content-Length: 17
Content-Type: application/json; charset=utf-8
cache-control: no-cache

07:20:55.417 [AsyncHttpClient-1-5] DEBUG org.asynchttpclient.netty.channel.ChannelManager - Adding key: http://localhost:22704 for channel [id: 0xd3c6ad00, L:/127.0.0.1:63139 - R:localhost/127.0.0.1:22704]
07:20:55.419 [Forwarding isElementEnabled on session 9d6b3c75c627d09fa8cc6bd9a3b37f34 to remote] DEBUG org.asynchttpclient.netty.request.NettyRequestSender - Using pooled Channel '[id: 0xd3c6ad00, L:/127.0.0.1:63139 - R:localhost/127.0.0.1:22704]' for 'GET' to 'http://localhost:22704/session/9d6b3c75c627d09fa8cc6bd9a3b37f34/element/cef3b3ee-6a42-4ab1-adb9-a5f802e86bbb/enabled'
07:20:55.419 [Forwarding isElementEnabled on session 9d6b3c75c627d09fa8cc6bd9a3b37f34 to remote] DEBUG org.asynchttpclient.netty.request.NettyRequestSender - Using open Channel [id: 0xd3c6ad00, L:/127.0.0.1:63139 - R:localhost/127.0.0.1:22704] for GET '/session/9d6b3c75c627d09fa8cc6bd9a3b37f34/element/cef3b3ee-6a42-4ab1-adb9-a5f802e86bbb/enabled'
07:20:55.430 [AsyncHttpClient-1-5] DEBUG org.asynchttpclient.netty.handler.HttpHandler - 

Request DefaultFullHttpRequest(decodeResult: success, version: HTTP/1.1, content: EmptyByteBufBE)
GET /session/9d6b3c75c627d09fa8cc6bd9a3b37f34/element/cef3b3ee-6a42-4ab1-adb9-a5f802e86bbb/enabled HTTP/1.1
User-Agent: selenium/4.8.1 (java windows)
Cache-Control: no-cache
Content-Type: application/json; charset=utf-8
host: localhost:22704
accept: */*

Response DefaultHttpResponse(decodeResult: success, version: HTTP/1.1)
HTTP/1.1 200 OK
Content-Length: 14
Content-Type: application/json; charset=utf-8
cache-control: no-cache

07:20:55.430 [AsyncHttpClient-1-5] DEBUG org.asynchttpclient.netty.channel.ChannelManager - Adding key: http://localhost:22704 for channel [id: 0xd3c6ad00, L:/127.0.0.1:63139 - R:localhost/127.0.0.1:22704]
07:20:55.432 [Forwarding isElementEnabled on session 9d6b3c75c627d09fa8cc6bd9a3b37f34 to remote] DEBUG org.asynchttpclient.netty.request.NettyRequestSender - Using pooled Channel '[id: 0xd3c6ad00, L:/127.0.0.1:63139 - R:localhost/127.0.0.1:22704]' for 'GET' to 'http://localhost:22704/session/9d6b3c75c627d09fa8cc6bd9a3b37f34/element/cef3b3ee-6a42-4ab1-adb9-a5f802e86bbb/enabled'
07:20:55.432 [Forwarding isElementEnabled on session 9d6b3c75c627d09fa8cc6bd9a3b37f34 to remote] DEBUG org.asynchttpclient.netty.request.NettyRequestSender - Using open Channel [id: 0xd3c6ad00, L:/127.0.0.1:63139 - R:localhost/127.0.0.1:22704] for GET '/session/9d6b3c75c627d09fa8cc6bd9a3b37f34/element/cef3b3ee-6a42-4ab1-adb9-a5f802e86bbb/enabled'
07:20:55.440 [AsyncHttpClient-1-5] DEBUG org.asynchttpclient.netty.handler.HttpHandler - 

Request DefaultFullHttpRequest(decodeResult: success, version: HTTP/1.1, content: EmptyByteBufBE)
GET /session/9d6b3c75c627d09fa8cc6bd9a3b37f34/element/cef3b3ee-6a42-4ab1-adb9-a5f802e86bbb/enabled HTTP/1.1
User-Agent: selenium/4.8.1 (java windows)
Cache-Control: no-cache
Content-Type: application/json; charset=utf-8
host: localhost:22704
accept: */*

Response DefaultHttpResponse(decodeResult: success, version: HTTP/1.1)
HTTP/1.1 200 OK
Content-Length: 14
Content-Type: application/json; charset=utf-8
cache-control: no-cache

07:20:55.440 [AsyncHttpClient-1-5] DEBUG org.asynchttpclient.netty.channel.ChannelManager - Adding key: http://localhost:22704 for channel [id: 0xd3c6ad00, L:/127.0.0.1:63139 - R:localhost/127.0.0.1:22704]
07:20:55.442 [Forwarding findElement on session 9d6b3c75c627d09fa8cc6bd9a3b37f34 to remote] DEBUG org.asynchttpclient.netty.request.NettyRequestSender - Using pooled Channel '[id: 0xd3c6ad00, L:/127.0.0.1:63139 - R:localhost/127.0.0.1:22704]' for 'POST' to 'http://localhost:22704/session/9d6b3c75c627d09fa8cc6bd9a3b37f34/element'
07:20:55.442 [Forwarding findElement on session 9d6b3c75c627d09fa8cc6bd9a3b37f34 to remote] DEBUG org.asynchttpclient.netty.request.NettyRequestSender - Using open Channel [id: 0xd3c6ad00, L:/127.0.0.1:63139 - R:localhost/127.0.0.1:22704] for POST '/session/9d6b3c75c627d09fa8cc6bd9a3b37f34/element'
07:20:55.450 [AsyncHttpClient-1-5] DEBUG org.asynchttpclient.netty.handler.HttpHandler - 

Request DefaultHttpRequest(decodeResult: success, version: HTTP/1.1)
POST /session/9d6b3c75c627d09fa8cc6bd9a3b37f34/element HTTP/1.1
User-Agent: selenium/4.8.1 (java windows)
Content-Length: 59
Content-Type: application/json; charset=utf-8
host: localhost:22704
accept: */*

Response DefaultHttpResponse(decodeResult: success, version: HTTP/1.1)
HTTP/1.1 200 OK
Content-Length: 88
Content-Type: application/json; charset=utf-8
cache-control: no-cache

07:20:55.450 [AsyncHttpClient-1-5] DEBUG org.asynchttpclient.netty.channel.ChannelManager - Adding key: http://localhost:22704 for channel [id: 0xd3c6ad00, L:/127.0.0.1:63139 - R:localhost/127.0.0.1:22704]
07:20:55.451 [Forwarding clickElement on session 9d6b3c75c627d09fa8cc6bd9a3b37f34 to remote] DEBUG org.asynchttpclient.netty.request.NettyRequestSender - Using pooled Channel '[id: 0xd3c6ad00, L:/127.0.0.1:63139 - R:localhost/127.0.0.1:22704]' for 'POST' to 'http://localhost:22704/session/9d6b3c75c627d09fa8cc6bd9a3b37f34/element/cef3b3ee-6a42-4ab1-adb9-a5f802e86bbb/click'
07:20:55.451 [Forwarding clickElement on session 9d6b3c75c627d09fa8cc6bd9a3b37f34 to remote] DEBUG org.asynchttpclient.netty.request.NettyRequestSender - Using open Channel [id: 0xd3c6ad00, L:/127.0.0.1:63139 - R:localhost/127.0.0.1:22704] for POST '/session/9d6b3c75c627d09fa8cc6bd9a3b37f34/element/cef3b3ee-6a42-4ab1-adb9-a5f802e86bbb/click'
07:20:55.545 [AsyncHttpClient-1-5] DEBUG org.asynchttpclient.netty.handler.HttpHandler - 

Request DefaultHttpRequest(decodeResult: success, version: HTTP/1.1)
POST /session/9d6b3c75c627d09fa8cc6bd9a3b37f34/element/cef3b3ee-6a42-4ab1-adb9-a5f802e86bbb/click HTTP/1.1
User-Agent: selenium/4.8.1 (java windows)
Content-Length: 50
Content-Type: application/json; charset=utf-8
host: localhost:22704
accept: */*

Response DefaultHttpResponse(decodeResult: success, version: HTTP/1.1)
HTTP/1.1 200 OK
Content-Length: 14
Content-Type: application/json; charset=utf-8
cache-control: no-cache

07:20:55.545 [AsyncHttpClient-1-5] DEBUG org.asynchttpclient.netty.channel.ChannelManager - Adding key: http://localhost:22704 for channel [id: 0xd3c6ad00, L:/127.0.0.1:63139 - R:localhost/127.0.0.1:22704]
07:20:55.552 [Forwarding getAlertText on session 9d6b3c75c627d09fa8cc6bd9a3b37f34 to remote] DEBUG org.asynchttpclient.netty.request.NettyRequestSender - Using pooled Channel '[id: 0xd3c6ad00, L:/127.0.0.1:63139 - R:localhost/127.0.0.1:22704]' for 'GET' to 'http://localhost:22704/session/9d6b3c75c627d09fa8cc6bd9a3b37f34/alert/text'
07:20:55.552 [Forwarding getAlertText on session 9d6b3c75c627d09fa8cc6bd9a3b37f34 to remote] DEBUG org.asynchttpclient.netty.request.NettyRequestSender - Using open Channel [id: 0xd3c6ad00, L:/127.0.0.1:63139 - R:localhost/127.0.0.1:22704] for GET '/session/9d6b3c75c627d09fa8cc6bd9a3b37f34/alert/text'
07:20:55.555 [AsyncHttpClient-1-5] DEBUG org.asynchttpclient.netty.handler.HttpHandler - 

Request DefaultFullHttpRequest(decodeResult: success, version: HTTP/1.1, content: EmptyByteBufBE)
GET /session/9d6b3c75c627d09fa8cc6bd9a3b37f34/alert/text HTTP/1.1
User-Agent: selenium/4.8.1 (java windows)
Cache-Control: no-cache
Content-Type: application/json; charset=utf-8
host: localhost:22704
accept: */*

Response DefaultHttpResponse(decodeResult: success, version: HTTP/1.1)
HTTP/1.1 404 Not Found
Content-Length: 821
Content-Type: application/json; charset=utf-8
cache-control: no-cache

07:20:55.555 [AsyncHttpClient-1-5] DEBUG org.asynchttpclient.netty.channel.ChannelManager - Adding key: http://localhost:22704 for channel [id: 0xd3c6ad00, L:/127.0.0.1:63139 - R:localhost/127.0.0.1:22704]
07:20:55.556 [Forwarding getCurrentUrl on session 9d6b3c75c627d09fa8cc6bd9a3b37f34 to remote] DEBUG org.asynchttpclient.netty.request.NettyRequestSender - Using pooled Channel '[id: 0xd3c6ad00, L:/127.0.0.1:63139 - R:localhost/127.0.0.1:22704]' for 'GET' to 'http://localhost:22704/session/9d6b3c75c627d09fa8cc6bd9a3b37f34/url'
07:20:55.557 [Forwarding getCurrentUrl on session 9d6b3c75c627d09fa8cc6bd9a3b37f34 to remote] DEBUG org.asynchttpclient.netty.request.NettyRequestSender - Using open Channel [id: 0xd3c6ad00, L:/127.0.0.1:63139 - R:localhost/127.0.0.1:22704] for GET '/session/9d6b3c75c627d09fa8cc6bd9a3b37f34/url'
07:20:55.562 [AsyncHttpClient-1-5] DEBUG org.asynchttpclient.netty.handler.HttpHandler - 

Request DefaultFullHttpRequest(decodeResult: success, version: HTTP/1.1, content: EmptyByteBufBE)
GET /session/9d6b3c75c627d09fa8cc6bd9a3b37f34/url HTTP/1.1
User-Agent: selenium/4.8.1 (java windows)
Cache-Control: no-cache
Content-Type: application/json; charset=utf-8
host: localhost:22704
accept: */*

Response DefaultHttpResponse(decodeResult: success, version: HTTP/1.1)
HTTP/1.1 200 OK
Content-Length: 52
Content-Type: application/json; charset=utf-8
cache-control: no-cache

07:20:55.562 [AsyncHttpClient-1-5] DEBUG org.asynchttpclient.netty.channel.ChannelManager - Adding key: http://localhost:22704 for channel [id: 0xd3c6ad00, L:/127.0.0.1:63139 - R:localhost/127.0.0.1:22704]
07:20:55.563 [Forwarding screenshot on session 9d6b3c75c627d09fa8cc6bd9a3b37f34 to remote] DEBUG org.asynchttpclient.netty.request.NettyRequestSender - Using pooled Channel '[id: 0xd3c6ad00, L:/127.0.0.1:63139 - R:localhost/127.0.0.1:22704]' for 'GET' to 'http://localhost:22704/session/9d6b3c75c627d09fa8cc6bd9a3b37f34/screenshot'
07:20:55.563 [Forwarding screenshot on session 9d6b3c75c627d09fa8cc6bd9a3b37f34 to remote] DEBUG org.asynchttpclient.netty.request.NettyRequestSender - Using open Channel [id: 0xd3c6ad00, L:/127.0.0.1:63139 - R:localhost/127.0.0.1:22704] for GET '/session/9d6b3c75c627d09fa8cc6bd9a3b37f34/screenshot'
07:20:55.787 [AsyncHttpClient-1-5] DEBUG org.asynchttpclient.netty.handler.HttpHandler - 

Request DefaultFullHttpRequest(decodeResult: success, version: HTTP/1.1, content: EmptyByteBufBE)
GET /session/9d6b3c75c627d09fa8cc6bd9a3b37f34/screenshot HTTP/1.1
User-Agent: selenium/4.8.1 (java windows)
Cache-Control: no-cache
Content-Type: application/json; charset=utf-8
host: localhost:22704
accept: */*

Response DefaultHttpResponse(decodeResult: success, version: HTTP/1.1)
HTTP/1.1 200 OK
Content-Length: 629356
Content-Type: application/json; charset=utf-8
cache-control: no-cache

07:20:55.790 [AsyncHttpClient-1-5] DEBUG org.asynchttpclient.netty.channel.ChannelManager - Adding key: http://localhost:22704 for channel [id: 0xd3c6ad00, L:/127.0.0.1:63139 - R:localhost/127.0.0.1:22704]
07:20:55.820 [main] DEBUG net.serenitybdd.core.photography.Darkroom - Send negative for processing for target\site\serenity\8648e6f1353be6218cc9c13b39fce4b7436b1c210fc4e2d97c89b18cc1e31e0f.png
07:20:55.820 [main] DEBUG net.thucydides.core.steps.StepInterceptor - STEP DONE: clickLoginButton
07:20:55.820 [Darkroom Processing Line] DEBUG net.serenitybdd.core.photography.DarkroomProcessingLine - Processing screenshot image in /var/screenshots/screenshot-2219587238474120937
07:20:55.821 [Darkroom Processing Line] DEBUG net.serenitybdd.core.photography.DarkroomProcessingLine - Saving screenshot to target\site\serenity\8648e6f1353be6218cc9c13b39fce4b7436b1c210fc4e2d97c89b18cc1e31e0f.png
  &amp#27;[32mAnd &amp#27;[0m&amp#27;[32mI click login button&amp#27;[0m                                &amp#27;[90m# starter.stepdefinitions.LoginSteps.clickLoginButton()&amp#27;[0m
07:20:55.837 [Forwarding getPageSource on session 9d6b3c75c627d09fa8cc6bd9a3b37f34 to remote] DEBUG org.asynchttpclient.netty.request.NettyRequestSender - Using pooled Channel '[id: 0xd3c6ad00, L:/127.0.0.1:63139 - R:localhost/127.0.0.1:22704]' for 'POST' to 'http://localhost:22704/session/9d6b3c75c627d09fa8cc6bd9a3b37f34/execute/sync'
07:20:55.837 [Forwarding getPageSource on session 9d6b3c75c627d09fa8cc6bd9a3b37f34 to remote] DEBUG org.asynchttpclient.netty.request.NettyRequestSender - Using open Channel [id: 0xd3c6ad00, L:/127.0.0.1:63139 - R:localhost/127.0.0.1:22704] for POST '/session/9d6b3c75c627d09fa8cc6bd9a3b37f34/execute/sync'
07:20:55.844 [AsyncHttpClient-1-5] DEBUG org.asynchttpclient.netty.handler.HttpHandler - 

Request DefaultHttpRequest(decodeResult: success, version: HTTP/1.1)
POST /session/9d6b3c75c627d09fa8cc6bd9a3b37f34/execute/sync HTTP/1.1
User-Agent: selenium/4.8.1 (java windows)
Content-Length: 176
Content-Type: application/json; charset=utf-8
host: localhost:22704
accept: */*

Response DefaultHttpResponse(decodeResult: success, version: HTTP/1.1)
HTTP/1.1 200 OK
Content-Length: 16248
Content-Type: application/json; charset=utf-8
cache-control: no-cache

07:20:55.845 [AsyncHttpClient-1-5] DEBUG org.asynchttpclient.netty.channel.ChannelManager - Adding key: http://localhost:22704 for channel [id: 0xd3c6ad00, L:/127.0.0.1:63139 - R:localhost/127.0.0.1:22704]
07:20:55.849 [Forwarding getCurrentUrl on session 9d6b3c75c627d09fa8cc6bd9a3b37f34 to remote] DEBUG org.asynchttpclient.netty.request.NettyRequestSender - Using pooled Channel '[id: 0xd3c6ad00, L:/127.0.0.1:63139 - R:localhost/127.0.0.1:22704]' for 'GET' to 'http://localhost:22704/session/9d6b3c75c627d09fa8cc6bd9a3b37f34/url'
07:20:55.849 [Forwarding getCurrentUrl on session 9d6b3c75c627d09fa8cc6bd9a3b37f34 to remote] DEBUG org.asynchttpclient.netty.request.NettyRequestSender - Using open Channel [id: 0xd3c6ad00, L:/127.0.0.1:63139 - R:localhost/127.0.0.1:22704] for GET '/session/9d6b3c75c627d09fa8cc6bd9a3b37f34/url'
07:20:55.856 [AsyncHttpClient-1-5] DEBUG org.asynchttpclient.netty.handler.HttpHandler - 

Request DefaultFullHttpRequest(decodeResult: success, version: HTTP/1.1, content: EmptyByteBufBE)
GET /session/9d6b3c75c627d09fa8cc6bd9a3b37f34/url HTTP/1.1
User-Agent: selenium/4.8.1 (java windows)
Cache-Control: no-cache
Content-Type: application/json; charset=utf-8
host: localhost:22704
accept: */*

Response DefaultHttpResponse(decodeResult: success, version: HTTP/1.1)
HTTP/1.1 200 OK
Content-Length: 52
Content-Type: application/json; charset=utf-8
cache-control: no-cache

07:20:55.856 [AsyncHttpClient-1-5] DEBUG org.asynchttpclient.netty.channel.ChannelManager - Adding key: http://localhost:22704 for channel [id: 0xd3c6ad00, L:/127.0.0.1:63139 - R:localhost/127.0.0.1:22704]
07:20:55.873 [Forwarding getAlertText on session 9d6b3c75c627d09fa8cc6bd9a3b37f34 to remote] DEBUG org.asynchttpclient.netty.request.NettyRequestSender - Using pooled Channel '[id: 0xd3c6ad00, L:/127.0.0.1:63139 - R:localhost/127.0.0.1:22704]' for 'GET' to 'http://localhost:22704/session/9d6b3c75c627d09fa8cc6bd9a3b37f34/alert/text'
07:20:55.873 [Forwarding getAlertText on session 9d6b3c75c627d09fa8cc6bd9a3b37f34 to remote] DEBUG org.asynchttpclient.netty.request.NettyRequestSender - Using open Channel [id: 0xd3c6ad00, L:/127.0.0.1:63139 - R:localhost/127.0.0.1:22704] for GET '/session/9d6b3c75c627d09fa8cc6bd9a3b37f34/alert/text'
07:20:55.876 [AsyncHttpClient-1-5] DEBUG org.asynchttpclient.netty.handler.HttpHandler - 

Request DefaultFullHttpRequest(decodeResult: success, version: HTTP/1.1, content: EmptyByteBufBE)
GET /session/9d6b3c75c627d09fa8cc6bd9a3b37f34/alert/text HTTP/1.1
User-Agent: selenium/4.8.1 (java windows)
Cache-Control: no-cache
Content-Type: application/json; charset=utf-8
host: localhost:22704
accept: */*

Response DefaultHttpResponse(decodeResult: success, version: HTTP/1.1)
HTTP/1.1 404 Not Found
Content-Length: 821
Content-Type: application/json; charset=utf-8
cache-control: no-cache

07:20:55.876 [AsyncHttpClient-1-5] DEBUG org.asynchttpclient.netty.channel.ChannelManager - Adding key: http://localhost:22704 for channel [id: 0xd3c6ad00, L:/127.0.0.1:63139 - R:localhost/127.0.0.1:22704]
07:20:55.877 [Forwarding getCurrentUrl on session 9d6b3c75c627d09fa8cc6bd9a3b37f34 to remote] DEBUG org.asynchttpclient.netty.request.NettyRequestSender - Using pooled Channel '[id: 0xd3c6ad00, L:/127.0.0.1:63139 - R:localhost/127.0.0.1:22704]' for 'GET' to 'http://localhost:22704/session/9d6b3c75c627d09fa8cc6bd9a3b37f34/url'
07:20:55.877 [Forwarding getCurrentUrl on session 9d6b3c75c627d09fa8cc6bd9a3b37f34 to remote] DEBUG org.asynchttpclient.netty.request.NettyRequestSender - Using open Channel [id: 0xd3c6ad00, L:/127.0.0.1:63139 - R:localhost/127.0.0.1:22704] for GET '/session/9d6b3c75c627d09fa8cc6bd9a3b37f34/url'
07:20:55.882 [AsyncHttpClient-1-5] DEBUG org.asynchttpclient.netty.handler.HttpHandler - 

Request DefaultFullHttpRequest(decodeResult: success, version: HTTP/1.1, content: EmptyByteBufBE)
GET /session/9d6b3c75c627d09fa8cc6bd9a3b37f34/url HTTP/1.1
User-Agent: selenium/4.8.1 (java windows)
Cache-Control: no-cache
Content-Type: application/json; charset=utf-8
host: localhost:22704
accept: */*

Response DefaultHttpResponse(decodeResult: success, version: HTTP/1.1)
HTTP/1.1 200 OK
Content-Length: 52
Content-Type: application/json; charset=utf-8
cache-control: no-cache

07:20:55.883 [AsyncHttpClient-1-5] DEBUG org.asynchttpclient.netty.channel.ChannelManager - Adding key: http://localhost:22704 for channel [id: 0xd3c6ad00, L:/127.0.0.1:63139 - R:localhost/127.0.0.1:22704]
07:20:55.884 [Forwarding screenshot on session 9d6b3c75c627d09fa8cc6bd9a3b37f34 to remote] DEBUG org.asynchttpclient.netty.request.NettyRequestSender - Using pooled Channel '[id: 0xd3c6ad00, L:/127.0.0.1:63139 - R:localhost/127.0.0.1:22704]' for 'GET' to 'http://localhost:22704/session/9d6b3c75c627d09fa8cc6bd9a3b37f34/screenshot'
07:20:55.884 [Forwarding screenshot on session 9d6b3c75c627d09fa8cc6bd9a3b37f34 to remote] DEBUG org.asynchttpclient.netty.request.NettyRequestSender - Using open Channel [id: 0xd3c6ad00, L:/127.0.0.1:63139 - R:localhost/127.0.0.1:22704] for GET '/session/9d6b3c75c627d09fa8cc6bd9a3b37f34/screenshot'
07:20:56.057 [AsyncHttpClient-1-5] DEBUG org.asynchttpclient.netty.handler.HttpHandler - 

Request DefaultFullHttpRequest(decodeResult: success, version: HTTP/1.1, content: EmptyByteBufBE)
GET /session/9d6b3c75c627d09fa8cc6bd9a3b37f34/screenshot HTTP/1.1
User-Agent: selenium/4.8.1 (java windows)
Cache-Control: no-cache
Content-Type: application/json; charset=utf-8
host: localhost:22704
accept: */*

Response DefaultHttpResponse(decodeResult: success, version: HTTP/1.1)
HTTP/1.1 200 OK
Content-Length: 629356
Content-Type: application/json; charset=utf-8
cache-control: no-cache

07:20:56.059 [AsyncHttpClient-1-5] DEBUG org.asynchttpclient.netty.channel.ChannelManager - Adding key: http://localhost:22704 for channel [id: 0xd3c6ad00, L:/127.0.0.1:63139 - R:localhost/127.0.0.1:22704]
07:20:56.062 [AsyncHttpClient-1-1] DEBUG org.asynchttpclient.netty.channel.DefaultChannelPool - Entry count for : http://localhost:22704 : 1
07:20:56.062 [AsyncHttpClient-1-1] DEBUG org.asynchttpclient.netty.channel.DefaultChannelPool - Entry count for : http://localhost:63140 : 1
07:20:56.073 [main] DEBUG net.serenitybdd.core.photography.Darkroom - Send negative for processing for target\site\serenity\8648e6f1353be6218cc9c13b39fce4b7436b1c210fc4e2d97c89b18cc1e31e0f.png
07:20:56.075 [Forwarding getPageSource on session 9d6b3c75c627d09fa8cc6bd9a3b37f34 to remote] DEBUG org.asynchttpclient.netty.request.NettyRequestSender - Using pooled Channel '[id: 0xd3c6ad00, L:/127.0.0.1:63139 - R:localhost/127.0.0.1:22704]' for 'POST' to 'http://localhost:22704/session/9d6b3c75c627d09fa8cc6bd9a3b37f34/execute/sync'
07:20:56.075 [Forwarding getPageSource on session 9d6b3c75c627d09fa8cc6bd9a3b37f34 to remote] DEBUG org.asynchttpclient.netty.request.NettyRequestSender - Using open Channel [id: 0xd3c6ad00, L:/127.0.0.1:63139 - R:localhost/127.0.0.1:22704] for POST '/session/9d6b3c75c627d09fa8cc6bd9a3b37f34/execute/sync'
07:20:56.081 [AsyncHttpClient-1-5] DEBUG org.asynchttpclient.netty.handler.HttpHandler - 

Request DefaultHttpRequest(decodeResult: success, version: HTTP/1.1)
POST /session/9d6b3c75c627d09fa8cc6bd9a3b37f34/execute/sync HTTP/1.1
User-Agent: selenium/4.8.1 (java windows)
Content-Length: 176
Content-Type: application/json; charset=utf-8
host: localhost:22704
accept: */*

Response DefaultHttpResponse(decodeResult: success, version: HTTP/1.1)
HTTP/1.1 200 OK
Content-Length: 16264
Content-Type: application/json; charset=utf-8
cache-control: no-cache

07:20:56.081 [AsyncHttpClient-1-5] DEBUG org.asynchttpclient.netty.channel.ChannelManager - Adding key: http://localhost:22704 for channel [id: 0xd3c6ad00, L:/127.0.0.1:63139 - R:localhost/127.0.0.1:22704]
07:20:56.084 [Forwarding getCurrentUrl on session 9d6b3c75c627d09fa8cc6bd9a3b37f34 to remote] DEBUG org.asynchttpclient.netty.request.NettyRequestSender - Using pooled Channel '[id: 0xd3c6ad00, L:/127.0.0.1:63139 - R:localhost/127.0.0.1:22704]' for 'GET' to 'http://localhost:22704/session/9d6b3c75c627d09fa8cc6bd9a3b37f34/url'
07:20:56.084 [Forwarding getCurrentUrl on session 9d6b3c75c627d09fa8cc6bd9a3b37f34 to remote] DEBUG org.asynchttpclient.netty.request.NettyRequestSender - Using open Channel [id: 0xd3c6ad00, L:/127.0.0.1:63139 - R:localhost/127.0.0.1:22704] for GET '/session/9d6b3c75c627d09fa8cc6bd9a3b37f34/url'
07:20:56.089 [AsyncHttpClient-1-5] DEBUG org.asynchttpclient.netty.handler.HttpHandler - 

Request DefaultFullHttpRequest(decodeResult: success, version: HTTP/1.1, content: EmptyByteBufBE)
GET /session/9d6b3c75c627d09fa8cc6bd9a3b37f34/url HTTP/1.1
User-Agent: selenium/4.8.1 (java windows)
Cache-Control: no-cache
Content-Type: application/json; charset=utf-8
host: localhost:22704
accept: */*

Response DefaultHttpResponse(decodeResult: success, version: HTTP/1.1)
HTTP/1.1 200 OK
Content-Length: 52
Content-Type: application/json; charset=utf-8
cache-control: no-cache

07:20:56.089 [AsyncHttpClient-1-5] DEBUG org.asynchttpclient.netty.channel.ChannelManager - Adding key: http://localhost:22704 for channel [id: 0xd3c6ad00, L:/127.0.0.1:63139 - R:localhost/127.0.0.1:22704]
07:20:56.091 [main] DEBUG net.thucydides.core.steps.StepInterceptor - STARTING STEP: LoginSteps.onTheHomePage - validateOnHomePage
07:20:56.093 [Forwarding findElement on session 9d6b3c75c627d09fa8cc6bd9a3b37f34 to remote] DEBUG org.asynchttpclient.netty.request.NettyRequestSender - Using pooled Channel '[id: 0xd3c6ad00, L:/127.0.0.1:63139 - R:localhost/127.0.0.1:22704]' for 'POST' to 'http://localhost:22704/session/9d6b3c75c627d09fa8cc6bd9a3b37f34/element'
07:20:56.093 [Forwarding findElement on session 9d6b3c75c627d09fa8cc6bd9a3b37f34 to remote] DEBUG org.asynchttpclient.netty.request.NettyRequestSender - Using open Channel [id: 0xd3c6ad00, L:/127.0.0.1:63139 - R:localhost/127.0.0.1:22704] for POST '/session/9d6b3c75c627d09fa8cc6bd9a3b37f34/element'
07:20:56.104 [AsyncHttpClient-1-5] DEBUG org.asynchttpclient.netty.handler.HttpHandler - 

Request DefaultHttpRequest(decodeResult: success, version: HTTP/1.1)
POST /session/9d6b3c75c627d09fa8cc6bd9a3b37f34/element HTTP/1.1
User-Agent: selenium/4.8.1 (java windows)
Content-Length: 50
Content-Type: application/json; charset=utf-8
host: localhost:22704
accept: */*

Response DefaultHttpResponse(decodeResult: success, version: HTTP/1.1)
HTTP/1.1 200 OK
Content-Length: 88
Content-Type: application/json; charset=utf-8
cache-control: no-cache

07:20:56.104 [AsyncHttpClient-1-5] DEBUG org.asynchttpclient.netty.channel.ChannelManager - Adding key: http://localhost:22704 for channel [id: 0xd3c6ad00, L:/127.0.0.1:63139 - R:localhost/127.0.0.1:22704]
07:20:56.107 [Forwarding isElementDisplayed on session 9d6b3c75c627d09fa8cc6bd9a3b37f34 to remote] DEBUG org.asynchttpclient.netty.request.NettyRequestSender - Using pooled Channel '[id: 0xd3c6ad00, L:/127.0.0.1:63139 - R:localhost/127.0.0.1:22704]' for 'POST' to 'http://localhost:22704/session/9d6b3c75c627d09fa8cc6bd9a3b37f34/execute/sync'
07:20:56.107 [Forwarding isElementDisplayed on session 9d6b3c75c627d09fa8cc6bd9a3b37f34 to remote] DEBUG org.asynchttpclient.netty.request.NettyRequestSender - Using open Channel [id: 0xd3c6ad00, L:/127.0.0.1:63139 - R:localhost/127.0.0.1:22704] for POST '/session/9d6b3c75c627d09fa8cc6bd9a3b37f34/execute/sync'
07:20:56.121 [AsyncHttpClient-1-5] DEBUG org.asynchttpclient.netty.handler.HttpHandler - 

Request DefaultHttpRequest(decodeResult: success, version: HTTP/1.1)
POST /session/9d6b3c75c627d09fa8cc6bd9a3b37f34/execute/sync HTTP/1.1
User-Agent: selenium/4.8.1 (java windows)
Content-Length: 48807
Content-Type: application/json; charset=utf-8
host: localhost:22704
accept: */*

Response DefaultHttpResponse(decodeResult: success, version: HTTP/1.1)
HTTP/1.1 200 OK
Content-Length: 14
Content-Type: application/json; charset=utf-8
cache-control: no-cache

07:20:56.121 [AsyncHttpClient-1-5] DEBUG org.asynchttpclient.netty.channel.ChannelManager - Adding key: http://localhost:22704 for channel [id: 0xd3c6ad00, L:/127.0.0.1:63139 - R:localhost/127.0.0.1:22704]
07:20:56.125 [Forwarding getAlertText on session 9d6b3c75c627d09fa8cc6bd9a3b37f34 to remote] DEBUG org.asynchttpclient.netty.request.NettyRequestSender - Using pooled Channel '[id: 0xd3c6ad00, L:/127.0.0.1:63139 - R:localhost/127.0.0.1:22704]' for 'GET' to 'http://localhost:22704/session/9d6b3c75c627d09fa8cc6bd9a3b37f34/alert/text'
07:20:56.126 [Forwarding getAlertText on session 9d6b3c75c627d09fa8cc6bd9a3b37f34 to remote] DEBUG org.asynchttpclient.netty.request.NettyRequestSender - Using open Channel [id: 0xd3c6ad00, L:/127.0.0.1:63139 - R:localhost/127.0.0.1:22704] for GET '/session/9d6b3c75c627d09fa8cc6bd9a3b37f34/alert/text'
07:20:56.128 [AsyncHttpClient-1-5] DEBUG org.asynchttpclient.netty.handler.HttpHandler - 

Request DefaultFullHttpRequest(decodeResult: success, version: HTTP/1.1, content: EmptyByteBufBE)
GET /session/9d6b3c75c627d09fa8cc6bd9a3b37f34/alert/text HTTP/1.1
User-Agent: selenium/4.8.1 (java windows)
Cache-Control: no-cache
Content-Type: application/json; charset=utf-8
host: localhost:22704
accept: */*

Response DefaultHttpResponse(decodeResult: success, version: HTTP/1.1)
HTTP/1.1 404 Not Found
Content-Length: 821
Content-Type: application/json; charset=utf-8
cache-control: no-cache

07:20:56.128 [AsyncHttpClient-1-5] DEBUG org.asynchttpclient.netty.channel.ChannelManager - Adding key: http://localhost:22704 for channel [id: 0xd3c6ad00, L:/127.0.0.1:63139 - R:localhost/127.0.0.1:22704]
07:20:56.129 [Forwarding getCurrentUrl on session 9d6b3c75c627d09fa8cc6bd9a3b37f34 to remote] DEBUG org.asynchttpclient.netty.request.NettyRequestSender - Using pooled Channel '[id: 0xd3c6ad00, L:/127.0.0.1:63139 - R:localhost/127.0.0.1:22704]' for 'GET' to 'http://localhost:22704/session/9d6b3c75c627d09fa8cc6bd9a3b37f34/url'
07:20:56.129 [Forwarding getCurrentUrl on session 9d6b3c75c627d09fa8cc6bd9a3b37f34 to remote] DEBUG org.asynchttpclient.netty.request.NettyRequestSender - Using open Channel [id: 0xd3c6ad00, L:/127.0.0.1:63139 - R:localhost/127.0.0.1:22704] for GET '/session/9d6b3c75c627d09fa8cc6bd9a3b37f34/url'
07:20:56.134 [AsyncHttpClient-1-5] DEBUG org.asynchttpclient.netty.handler.HttpHandler - 

Request DefaultFullHttpRequest(decodeResult: success, version: HTTP/1.1, content: EmptyByteBufBE)
GET /session/9d6b3c75c627d09fa8cc6bd9a3b37f34/url HTTP/1.1
User-Agent: selenium/4.8.1 (java windows)
Cache-Control: no-cache
Content-Type: application/json; charset=utf-8
host: localhost:22704
accept: */*

Response DefaultHttpResponse(decodeResult: success, version: HTTP/1.1)
HTTP/1.1 200 OK
Content-Length: 52
Content-Type: application/json; charset=utf-8
cache-control: no-cache

07:20:56.134 [AsyncHttpClient-1-5] DEBUG org.asynchttpclient.netty.channel.ChannelManager - Adding key: http://localhost:22704 for channel [id: 0xd3c6ad00, L:/127.0.0.1:63139 - R:localhost/127.0.0.1:22704]
07:20:56.135 [Forwarding screenshot on session 9d6b3c75c627d09fa8cc6bd9a3b37f34 to remote] DEBUG org.asynchttpclient.netty.request.NettyRequestSender - Using pooled Channel '[id: 0xd3c6ad00, L:/127.0.0.1:63139 - R:localhost/127.0.0.1:22704]' for 'GET' to 'http://localhost:22704/session/9d6b3c75c627d09fa8cc6bd9a3b37f34/screenshot'
07:20:56.135 [Forwarding screenshot on session 9d6b3c75c627d09fa8cc6bd9a3b37f34 to remote] DEBUG org.asynchttpclient.netty.request.NettyRequestSender - Using open Channel [id: 0xd3c6ad00, L:/127.0.0.1:63139 - R:localhost/127.0.0.1:22704] for GET '/session/9d6b3c75c627d09fa8cc6bd9a3b37f34/screenshot'
07:20:56.281 [AsyncHttpClient-1-5] DEBUG org.asynchttpclient.netty.handler.HttpHandler - 

Request DefaultFullHttpRequest(decodeResult: success, version: HTTP/1.1, content: EmptyByteBufBE)
GET /session/9d6b3c75c627d09fa8cc6bd9a3b37f34/screenshot HTTP/1.1
User-Agent: selenium/4.8.1 (java windows)
Cache-Control: no-cache
Content-Type: application/json; charset=utf-8
host: localhost:22704
accept: */*

Response DefaultHttpResponse(decodeResult: success, version: HTTP/1.1)
HTTP/1.1 200 OK
Content-Length: 629356
Content-Type: application/json; charset=utf-8
cache-control: no-cache

07:20:56.283 [AsyncHttpClient-1-5] DEBUG org.asynchttpclient.netty.channel.ChannelManager - Adding key: http://localhost:22704 for channel [id: 0xd3c6ad00, L:/127.0.0.1:63139 - R:localhost/127.0.0.1:22704]
07:20:56.304 [main] DEBUG net.serenitybdd.core.photography.Darkroom - Send negative for processing for target\site\serenity\8648e6f1353be6218cc9c13b39fce4b7436b1c210fc4e2d97c89b18cc1e31e0f.png
07:20:56.304 [main] DEBUG net.thucydides.core.steps.StepInterceptor - STEP DONE: validateOnHomePage
  &amp#27;[32mThen &amp#27;[0m&amp#27;[32mI am on the home page&amp#27;[0m                              &amp#27;[90m# starter.stepdefinitions.LoginSteps.onTheHomePage()&amp#27;[0m
07:20:56.314 [Driver Command Executor] DEBUG org.asynchttpclient.netty.request.NettyRequestSender - Using pooled Channel '[id: 0xd3c6ad00, L:/127.0.0.1:63139 - R:localhost/127.0.0.1:22704]' for 'DELETE' to 'http://localhost:22704/session/9d6b3c75c627d09fa8cc6bd9a3b37f34'
07:20:56.313 [AsyncHttpClient-1-7] DEBUG org.asynchttpclient.netty.handler.WebSocketHandler - Channel Closed: [id: 0x361d4429, L:/127.0.0.1:63147 ! R:localhost/127.0.0.1:63140] with attribute NettyResponseFuture{currentRetry=0,
	isDone=1,
	isCancelled=0,
	asyncHandler=org.asynchttpclient.ws.WebSocketUpgradeHandler@19ed7f85,
	nettyRequest=org.asynchttpclient.netty.request.NettyRequest@5cefe2dc,
	future=java.util.concurrent.CompletableFuture@67e6f708[Completed normally],
	uri=ws://localhost:63140/devtools/browser/edc64c3c-edc9-4edd-8ea2-e5417ff6cdff,
	keepAlive=true,
	redirectCount=0,
	timeoutsHolder=null,
	inAuth=0,
	touch=1683246053817}
07:20:56.314 [Driver Command Executor] DEBUG org.asynchttpclient.netty.request.NettyRequestSender - Using open Channel [id: 0xd3c6ad00, L:/127.0.0.1:63139 - R:localhost/127.0.0.1:22704] for DELETE '/session/9d6b3c75c627d09fa8cc6bd9a3b37f34'
07:20:56.314 [AsyncHttpClient-1-7] DEBUG org.asynchttpclient.netty.channel.ChannelManager - Closing Channel [id: 0x361d4429, L:/127.0.0.1:63147 ! R:localhost/127.0.0.1:63140] 
07:20:56.375 [AsyncHttpClient-1-6] DEBUG org.asynchttpclient.netty.handler.HttpHandler - Unexpected I/O exception on channel [id: 0x96e7330a, L:/127.0.0.1:63146 - R:localhost/127.0.0.1:63140]
java.net.SocketException: Connection reset
	at java.base/sun.nio.ch.SocketChannelImpl.throwConnectionReset(SocketChannelImpl.java:401)
	at java.base/sun.nio.ch.SocketChannelImpl.read(SocketChannelImpl.java:434)
	at io.netty.buffer.PooledByteBuf.setBytes(PooledByteBuf.java:259)
	at io.netty.buffer.AbstractByteBuf.writeBytes(AbstractByteBuf.java:1132)
	at io.netty.channel.socket.nio.NioSocketChannel.doReadBytes(NioSocketChannel.java:357)
	at io.netty.channel.nio.AbstractNioByteChannel$NioByteUnsafe.read(AbstractNioByteChannel.java:151)
	at io.netty.channel.nio.NioEventLoop.processSelectedKey(NioEventLoop.java:788)
	at io.netty.channel.nio.NioEventLoop.processSelectedKeysOptimized(NioEventLoop.java:724)
	at io.netty.channel.nio.NioEventLoop.processSelectedKeys(NioEventLoop.java:650)
	at io.netty.channel.nio.NioEventLoop.run(NioEventLoop.java:562)
	at io.netty.util.concurrent.SingleThreadEventExecutor$4.run(SingleThreadEventExecutor.java:997)
	at io.netty.util.internal.ThreadExecutorMap$2.run(ThreadExecutorMap.java:74)
	at io.netty.util.concurrent.FastThreadLocalRunnable.run(FastThreadLocalRunnable.java:30)
	at java.base/java.lang.Thread.run(Thread.java:1589)
07:20:56.375 [AsyncHttpClient-1-6] DEBUG org.asynchttpclient.netty.channel.ChannelManager - Closing Channel [id: 0x96e7330a, L:/127.0.0.1:63146 - R:localhost/127.0.0.1:63140] 
07:20:56.376 [AsyncHttpClient-1-6] DEBUG org.asynchttpclient.netty.handler.HttpHandler - Channel Closed: [id: 0x96e7330a, L:/127.0.0.1:63146 ! R:localhost/127.0.0.1:63140] with attribute DISCARD
07:20:56.390 [AsyncHttpClient-1-5] DEBUG org.asynchttpclient.netty.handler.HttpHandler - 

Request DefaultFullHttpRequest(decodeResult: success, version: HTTP/1.1, content: EmptyByteBufBE)
DELETE /session/9d6b3c75c627d09fa8cc6bd9a3b37f34 HTTP/1.1
User-Agent: selenium/4.8.1 (java windows)
Content-Type: application/json; charset=utf-8
host: localhost:22704
accept: */*

Response DefaultHttpResponse(decodeResult: success, version: HTTP/1.1)
HTTP/1.1 200 OK
Content-Length: 14
Content-Type: application/json; charset=utf-8
cache-control: no-cache

07:20:56.391 [AsyncHttpClient-1-5] DEBUG org.asynchttpclient.netty.channel.ChannelManager - Adding key: http://localhost:22704 for channel [id: 0xd3c6ad00, L:/127.0.0.1:63139 - R:localhost/127.0.0.1:22704]
07:20:56.450 [AsyncHttpClient-1-5] DEBUG org.asynchttpclient.netty.handler.HttpHandler - Channel Closed: [id: 0xd3c6ad00, L:/127.0.0.1:63139 ! R:localhost/127.0.0.1:22704] with attribute DISCARD
07:20:56.505 [main] INFO  - 
  _____   ___   ___   _____     ___     _     ___   ___   ___   ___  
 |_   _| | __| / __| |_   _|   | _ \   /_\   / __| / __| | __| |   \ 
   | |   | _|  \__ \   | |     |  _/  / _ \  \__ \ \__ \ | _|  | |) |
   |_|   |___| |___/   |_|     |_|   /_/ \_\ |___/ |___/ |___| |___/ 

As user i have be able to success login
----------------------------------------------------------------------
]]></system-out>
    <system-err><![CDATA[Starting ChromeDriver 112.0.5615.49 (bd2a7bcb881c11e8cfe3078709382934e3916914-refs/branch-heads/5615@{#936}) on port 22704
Only local connections are allowed.
Please see https://chromedriver.chromium.org/security-considerations for suggestions on keeping ChromeDriver safe.
ChromeDriver was started successfully.
May 05, 2023 7:20:53 AM org.openqa.selenium.devtools.CdpVersionFinder findNearestMatch
WARNING: Unable to find an exact match for CDP version 112, so returning the closest version found: 110
]]></system-err>
  </testcase>
  <testcase name="As user, I have beed locked out" classname="login" time="3.254">
    <system-out><![CDATA[
@login @Locked-User
Scenario: As user, I have beed locked out                                            &amp#27;[90m# src/test/resources/features/login.feature:23&amp#27;[0m
07:20:56.520 [main] DEBUG io.cucumber.core.plugin.SerenityReporter - Running feature from file:///C:/Users/WINDOWS%2011/IdeaProjects/web-automation-using-serenity/src/test/resources/features/login.feature
07:20:56.525 [main] INFO  - 
  _____   ___   ___   _____     ___   _____     _     ___   _____   ___   ___  
 |_   _| | __| / __| |_   _|   / __| |_   _|   /_\   | _ \ |_   _| | __| |   \ 
   | |   | _|  \__ \   | |     \__ \   | |    / _ \  |   /   | |   | _|  | |) |
   |_|   |___| |___/   |_|     |___/   |_|   /_/ \_\ |_|_\   |_|   |___| |___/ 

As user, I have beed locked out(login;as-user--i-have-beed-locked-out)
--------------------------------------------------------------------------------
07:20:56.600 [main] DEBUG net.thucydides.core.steps.StepInterceptor - STARTING STEP: LoginSteps.onTheLoginPage - openPage
07:20:56.683 [main] INFO net.serenitybdd.core.webdriver.driverproviders.ChromeDriverProvider - Starting Chrome driver instance with capabilities:
07:20:56.683 [main] INFO net.serenitybdd.core.webdriver.driverproviders.ChromeDriverProvider - Capabilities {acceptInsecureCerts: false, browserName: chrome, goog:chromeOptions: {args: [remote-allow-origins=*], extensions: []}}
07:20:56.781 [AsyncHttpClient-1-8] DEBUG org.asynchttpclient.netty.channel.NettyConnectListener - Using new Channel '[id: 0x116a0007, L:/127.0.0.1:63161 - R:localhost/127.0.0.1:27597]' for 'POST' to '/session'
07:20:57.166 [AsyncHttpClient-1-1] DEBUG org.asynchttpclient.netty.channel.DefaultChannelPool - Entry count for : http://localhost:22704 : 1
07:20:57.166 [AsyncHttpClient-1-1] DEBUG org.asynchttpclient.netty.channel.DefaultChannelPool - Entry count for : http://localhost:63140 : 1
07:20:57.166 [AsyncHttpClient-1-1] DEBUG org.asynchttpclient.netty.channel.DefaultChannelPool - Adding Candidate expired Channel [id: 0xd3c6ad00, L:/127.0.0.1:63139 ! R:localhost/127.0.0.1:22704] isIdleTimeoutExpired=false isRemotelyClosed=true isTtlExpired=false
07:20:57.166 [AsyncHttpClient-1-1] DEBUG org.asynchttpclient.netty.channel.DefaultChannelPool - Closing Idle Channel [id: 0xd3c6ad00, L:/127.0.0.1:63139 ! R:localhost/127.0.0.1:22704]
07:20:57.166 [AsyncHttpClient-1-1] DEBUG org.asynchttpclient.netty.channel.DefaultChannelPool - Adding Candidate expired Channel [id: 0x96e7330a, L:/127.0.0.1:63146 ! R:localhost/127.0.0.1:63140] isIdleTimeoutExpired=false isRemotelyClosed=true isTtlExpired=false
07:20:57.166 [AsyncHttpClient-1-1] DEBUG org.asynchttpclient.netty.channel.DefaultChannelPool - Closing Idle Channel [id: 0x96e7330a, L:/127.0.0.1:63146 ! R:localhost/127.0.0.1:63140]
07:20:57.166 [AsyncHttpClient-1-1] DEBUG org.asynchttpclient.netty.channel.DefaultChannelPool - Closed 2 connections out of 2 in 0 ms
07:20:57.374 [AsyncHttpClient-1-8] DEBUG org.asynchttpclient.netty.handler.HttpHandler - 

Request DefaultHttpRequest(decodeResult: success, version: HTTP/1.1)
POST /session HTTP/1.1
User-Agent: selenium/4.8.1 (java windows)
Content-Length: 507
Content-Type: application/json; charset=utf-8
host: localhost:27597
accept: */*

Response DefaultHttpResponse(decodeResult: success, version: HTTP/1.1)
HTTP/1.1 200 OK
Content-Length: 861
Content-Type: application/json; charset=utf-8
cache-control: no-cache

07:20:57.374 [AsyncHttpClient-1-8] DEBUG org.asynchttpclient.netty.channel.ChannelManager - Adding key: http://localhost:27597 for channel [id: 0x116a0007, L:/127.0.0.1:63161 - R:localhost/127.0.0.1:27597]
07:20:57.385 [AsyncHttpClient-1-9] DEBUG org.asynchttpclient.netty.channel.NettyConnectListener - Using new Channel '[id: 0x3a003dba, L:/127.0.0.1:63168 - R:localhost/127.0.0.1:63162]' for 'GET' to '/json/version'
07:20:57.388 [AsyncHttpClient-1-9] DEBUG org.asynchttpclient.netty.handler.HttpHandler - 

Request DefaultFullHttpRequest(decodeResult: success, version: HTTP/1.1, content: EmptyByteBufBE)
GET /json/version HTTP/1.1
User-Agent: selenium/4.8.1 (java windows)
host: localhost:63162
accept: */*

Response DefaultHttpResponse(decodeResult: success, version: HTTP/1.1)
HTTP/1.1 200 OK
Content-Security-Policy: frame-ancestors 'none'
Content-Length: 424
Content-Type: application/json; charset=UTF-8

07:20:57.389 [AsyncHttpClient-1-9] DEBUG org.asynchttpclient.netty.channel.ChannelManager - Adding key: http://localhost:63162 for channel [id: 0x3a003dba, L:/127.0.0.1:63168 - R:localhost/127.0.0.1:63162]
07:20:57.396 [AsyncHttpClient-1-10] DEBUG org.asynchttpclient.netty.channel.NettyConnectListener - Using new Channel '[id: 0xd5dfd13f, L:/127.0.0.1:63169 - R:localhost/127.0.0.1:63162]' for 'GET' to '/devtools/browser/d2d508b1-69f3-420f-9cde-db5339e99456'
07:20:57.415 [AsyncHttpClient-1-10] DEBUG org.asynchttpclient.netty.handler.WebSocketHandler - 

Request DefaultFullHttpRequest(decodeResult: success, version: HTTP/1.1, content: EmptyByteBufBE)
GET /devtools/browser/d2d508b1-69f3-420f-9cde-db5339e99456 HTTP/1.1
upgrade: websocket
connection: upgrade
sec-websocket-key: W5ya8eadvGCS6WX3ZYWfKA==
sec-websocket-version: 13
origin: http://localhost:63162
host: localhost:63162
accept: */*
user-agent: AHC/2.1

Response DefaultHttpResponse(decodeResult: success, version: HTTP/1.1)
HTTP/1.1 101 WebSocket Protocol Handshake
Upgrade: WebSocket
Connection: Upgrade
Sec-WebSocket-Accept: GexrWPoLTuWR2Lr/LfKlj7qX+Jo=

07:20:57.426 [Forwarding get on session d5a600a106a3399a7dfa78f77a0e4d7f to remote] DEBUG org.asynchttpclient.netty.request.NettyRequestSender - Using pooled Channel '[id: 0x116a0007, L:/127.0.0.1:63161 - R:localhost/127.0.0.1:27597]' for 'POST' to 'http://localhost:27597/session/d5a600a106a3399a7dfa78f77a0e4d7f/url'
07:20:57.427 [Forwarding get on session d5a600a106a3399a7dfa78f77a0e4d7f to remote] DEBUG org.asynchttpclient.netty.request.NettyRequestSender - Using open Channel [id: 0x116a0007, L:/127.0.0.1:63161 - R:localhost/127.0.0.1:27597] for POST '/session/d5a600a106a3399a7dfa78f77a0e4d7f/url'
07:20:58.090 [AsyncHttpClient-1-8] DEBUG org.asynchttpclient.netty.handler.HttpHandler - 

Request DefaultHttpRequest(decodeResult: success, version: HTTP/1.1)
POST /session/d5a600a106a3399a7dfa78f77a0e4d7f/url HTTP/1.1
User-Agent: selenium/4.8.1 (java windows)
Content-Length: 56
Content-Type: application/json; charset=utf-8
host: localhost:27597
accept: */*

Response DefaultHttpResponse(decodeResult: success, version: HTTP/1.1)
HTTP/1.1 200 OK
Content-Length: 14
Content-Type: application/json; charset=utf-8
cache-control: no-cache

07:20:58.090 [AsyncHttpClient-1-8] DEBUG org.asynchttpclient.netty.channel.ChannelManager - Adding key: http://localhost:27597 for channel [id: 0x116a0007, L:/127.0.0.1:63161 - R:localhost/127.0.0.1:27597]
07:20:58.093 [Forwarding setTimeout on session d5a600a106a3399a7dfa78f77a0e4d7f to remote] DEBUG org.asynchttpclient.netty.request.NettyRequestSender - Using pooled Channel '[id: 0x116a0007, L:/127.0.0.1:63161 - R:localhost/127.0.0.1:27597]' for 'POST' to 'http://localhost:27597/session/d5a600a106a3399a7dfa78f77a0e4d7f/timeouts'
07:20:58.093 [Forwarding setTimeout on session d5a600a106a3399a7dfa78f77a0e4d7f to remote] DEBUG org.asynchttpclient.netty.request.NettyRequestSender - Using open Channel [id: 0x116a0007, L:/127.0.0.1:63161 - R:localhost/127.0.0.1:27597] for POST '/session/d5a600a106a3399a7dfa78f77a0e4d7f/timeouts'
07:20:58.095 [AsyncHttpClient-1-8] DEBUG org.asynchttpclient.netty.handler.HttpHandler - 

Request DefaultHttpRequest(decodeResult: success, version: HTTP/1.1)
POST /session/d5a600a106a3399a7dfa78f77a0e4d7f/timeouts HTTP/1.1
User-Agent: selenium/4.8.1 (java windows)
Content-Length: 22
Content-Type: application/json; charset=utf-8
host: localhost:27597
accept: */*

Response DefaultHttpResponse(decodeResult: success, version: HTTP/1.1)
HTTP/1.1 200 OK
Content-Length: 14
Content-Type: application/json; charset=utf-8
cache-control: no-cache

07:20:58.095 [AsyncHttpClient-1-8] DEBUG org.asynchttpclient.netty.channel.ChannelManager - Adding key: http://localhost:27597 for channel [id: 0x116a0007, L:/127.0.0.1:63161 - R:localhost/127.0.0.1:27597]
07:20:58.103 [Forwarding getAlertText on session d5a600a106a3399a7dfa78f77a0e4d7f to remote] DEBUG org.asynchttpclient.netty.request.NettyRequestSender - Using pooled Channel '[id: 0x116a0007, L:/127.0.0.1:63161 - R:localhost/127.0.0.1:27597]' for 'GET' to 'http://localhost:27597/session/d5a600a106a3399a7dfa78f77a0e4d7f/alert/text'
07:20:58.103 [Forwarding getAlertText on session d5a600a106a3399a7dfa78f77a0e4d7f to remote] DEBUG org.asynchttpclient.netty.request.NettyRequestSender - Using open Channel [id: 0x116a0007, L:/127.0.0.1:63161 - R:localhost/127.0.0.1:27597] for GET '/session/d5a600a106a3399a7dfa78f77a0e4d7f/alert/text'
07:20:58.105 [AsyncHttpClient-1-8] DEBUG org.asynchttpclient.netty.handler.HttpHandler - 

Request DefaultFullHttpRequest(decodeResult: success, version: HTTP/1.1, content: EmptyByteBufBE)
GET /session/d5a600a106a3399a7dfa78f77a0e4d7f/alert/text HTTP/1.1
User-Agent: selenium/4.8.1 (java windows)
Cache-Control: no-cache
Content-Type: application/json; charset=utf-8
host: localhost:27597
accept: */*

Response DefaultHttpResponse(decodeResult: success, version: HTTP/1.1)
HTTP/1.1 404 Not Found
Content-Length: 821
Content-Type: application/json; charset=utf-8
cache-control: no-cache

07:20:58.105 [AsyncHttpClient-1-8] DEBUG org.asynchttpclient.netty.channel.ChannelManager - Adding key: http://localhost:27597 for channel [id: 0x116a0007, L:/127.0.0.1:63161 - R:localhost/127.0.0.1:27597]
07:20:58.107 [Forwarding getCurrentUrl on session d5a600a106a3399a7dfa78f77a0e4d7f to remote] DEBUG org.asynchttpclient.netty.request.NettyRequestSender - Using pooled Channel '[id: 0x116a0007, L:/127.0.0.1:63161 - R:localhost/127.0.0.1:27597]' for 'GET' to 'http://localhost:27597/session/d5a600a106a3399a7dfa78f77a0e4d7f/url'
07:20:58.107 [Forwarding getCurrentUrl on session d5a600a106a3399a7dfa78f77a0e4d7f to remote] DEBUG org.asynchttpclient.netty.request.NettyRequestSender - Using open Channel [id: 0x116a0007, L:/127.0.0.1:63161 - R:localhost/127.0.0.1:27597] for GET '/session/d5a600a106a3399a7dfa78f77a0e4d7f/url'
07:20:58.110 [AsyncHttpClient-1-8] DEBUG org.asynchttpclient.netty.handler.HttpHandler - 

Request DefaultFullHttpRequest(decodeResult: success, version: HTTP/1.1, content: EmptyByteBufBE)
GET /session/d5a600a106a3399a7dfa78f77a0e4d7f/url HTTP/1.1
User-Agent: selenium/4.8.1 (java windows)
Cache-Control: no-cache
Content-Type: application/json; charset=utf-8
host: localhost:27597
accept: */*

Response DefaultHttpResponse(decodeResult: success, version: HTTP/1.1)
HTTP/1.1 200 OK
Content-Length: 38
Content-Type: application/json; charset=utf-8
cache-control: no-cache

07:20:58.111 [AsyncHttpClient-1-8] DEBUG org.asynchttpclient.netty.channel.ChannelManager - Adding key: http://localhost:27597 for channel [id: 0x116a0007, L:/127.0.0.1:63161 - R:localhost/127.0.0.1:27597]
07:20:58.112 [Forwarding screenshot on session d5a600a106a3399a7dfa78f77a0e4d7f to remote] DEBUG org.asynchttpclient.netty.request.NettyRequestSender - Using pooled Channel '[id: 0x116a0007, L:/127.0.0.1:63161 - R:localhost/127.0.0.1:27597]' for 'GET' to 'http://localhost:27597/session/d5a600a106a3399a7dfa78f77a0e4d7f/screenshot'
07:20:58.112 [Forwarding screenshot on session d5a600a106a3399a7dfa78f77a0e4d7f to remote] DEBUG org.asynchttpclient.netty.request.NettyRequestSender - Using open Channel [id: 0x116a0007, L:/127.0.0.1:63161 - R:localhost/127.0.0.1:27597] for GET '/session/d5a600a106a3399a7dfa78f77a0e4d7f/screenshot'
07:20:58.205 [AsyncHttpClient-1-8] DEBUG org.asynchttpclient.netty.handler.HttpHandler - 

Request DefaultFullHttpRequest(decodeResult: success, version: HTTP/1.1, content: EmptyByteBufBE)
GET /session/d5a600a106a3399a7dfa78f77a0e4d7f/screenshot HTTP/1.1
User-Agent: selenium/4.8.1 (java windows)
Cache-Control: no-cache
Content-Type: application/json; charset=utf-8
host: localhost:27597
accept: */*

Response DefaultHttpResponse(decodeResult: success, version: HTTP/1.1)
HTTP/1.1 200 OK
Content-Length: 47592
Content-Type: application/json; charset=utf-8
cache-control: no-cache

07:20:58.206 [AsyncHttpClient-1-8] DEBUG org.asynchttpclient.netty.channel.ChannelManager - Adding key: http://localhost:27597 for channel [id: 0x116a0007, L:/127.0.0.1:63161 - R:localhost/127.0.0.1:27597]
07:20:58.210 [main] DEBUG net.serenitybdd.core.photography.Darkroom - Send negative for processing for target\site\serenity\6164952fd6447d31f8c1727ac78244bb17153a18b8922630353ba00286581ab6.png
07:20:58.210 [main] DEBUG net.thucydides.core.steps.StepInterceptor - STEP DONE: openPage
07:20:58.220 [Forwarding getPageSource on session d5a600a106a3399a7dfa78f77a0e4d7f to remote] DEBUG org.asynchttpclient.netty.request.NettyRequestSender - Using pooled Channel '[id: 0x116a0007, L:/127.0.0.1:63161 - R:localhost/127.0.0.1:27597]' for 'POST' to 'http://localhost:27597/session/d5a600a106a3399a7dfa78f77a0e4d7f/execute/sync'
07:20:58.220 [Forwarding getPageSource on session d5a600a106a3399a7dfa78f77a0e4d7f to remote] DEBUG org.asynchttpclient.netty.request.NettyRequestSender - Using open Channel [id: 0x116a0007, L:/127.0.0.1:63161 - R:localhost/127.0.0.1:27597] for POST '/session/d5a600a106a3399a7dfa78f77a0e4d7f/execute/sync'
07:20:58.227 [AsyncHttpClient-1-8] DEBUG org.asynchttpclient.netty.handler.HttpHandler - 

Request DefaultHttpRequest(decodeResult: success, version: HTTP/1.1)
POST /session/d5a600a106a3399a7dfa78f77a0e4d7f/execute/sync HTTP/1.1
User-Agent: selenium/4.8.1 (java windows)
Content-Length: 176
Content-Type: application/json; charset=utf-8
host: localhost:27597
accept: */*

Response DefaultHttpResponse(decodeResult: success, version: HTTP/1.1)
HTTP/1.1 200 OK
Content-Length: 4286
Content-Type: application/json; charset=utf-8
cache-control: no-cache

07:20:58.227 [AsyncHttpClient-1-8] DEBUG org.asynchttpclient.netty.channel.ChannelManager - Adding key: http://localhost:27597 for channel [id: 0x116a0007, L:/127.0.0.1:63161 - R:localhost/127.0.0.1:27597]
07:20:58.229 [Forwarding getCurrentUrl on session d5a600a106a3399a7dfa78f77a0e4d7f to remote] DEBUG org.asynchttpclient.netty.request.NettyRequestSender - Using pooled Channel '[id: 0x116a0007, L:/127.0.0.1:63161 - R:localhost/127.0.0.1:27597]' for 'GET' to 'http://localhost:27597/session/d5a600a106a3399a7dfa78f77a0e4d7f/url'
07:20:58.230 [Forwarding getCurrentUrl on session d5a600a106a3399a7dfa78f77a0e4d7f to remote] DEBUG org.asynchttpclient.netty.request.NettyRequestSender - Using open Channel [id: 0x116a0007, L:/127.0.0.1:63161 - R:localhost/127.0.0.1:27597] for GET '/session/d5a600a106a3399a7dfa78f77a0e4d7f/url'
07:20:58.236 [AsyncHttpClient-1-8] DEBUG org.asynchttpclient.netty.handler.HttpHandler - 

Request DefaultFullHttpRequest(decodeResult: success, version: HTTP/1.1, content: EmptyByteBufBE)
GET /session/d5a600a106a3399a7dfa78f77a0e4d7f/url HTTP/1.1
User-Agent: selenium/4.8.1 (java windows)
Cache-Control: no-cache
Content-Type: application/json; charset=utf-8
host: localhost:27597
accept: */*

Response DefaultHttpResponse(decodeResult: success, version: HTTP/1.1)
HTTP/1.1 200 OK
Content-Length: 38
Content-Type: application/json; charset=utf-8
cache-control: no-cache

07:20:58.236 [AsyncHttpClient-1-8] DEBUG org.asynchttpclient.netty.channel.ChannelManager - Adding key: http://localhost:27597 for channel [id: 0x116a0007, L:/127.0.0.1:63161 - R:localhost/127.0.0.1:27597]
07:20:58.238 [main] DEBUG net.thucydides.core.steps.StepInterceptor - STARTING STEP: LoginSteps.onTheLoginPage - validateOnLoginPage
07:20:58.241 [Forwarding findElement on session d5a600a106a3399a7dfa78f77a0e4d7f to remote] DEBUG org.asynchttpclient.netty.request.NettyRequestSender - Using pooled Channel '[id: 0x116a0007, L:/127.0.0.1:63161 - R:localhost/127.0.0.1:27597]' for 'POST' to 'http://localhost:27597/session/d5a600a106a3399a7dfa78f77a0e4d7f/element'
07:20:58.241 [Forwarding findElement on session d5a600a106a3399a7dfa78f77a0e4d7f to remote] DEBUG org.asynchttpclient.netty.request.NettyRequestSender - Using open Channel [id: 0x116a0007, L:/127.0.0.1:63161 - R:localhost/127.0.0.1:27597] for POST '/session/d5a600a106a3399a7dfa78f77a0e4d7f/element'
07:20:58.254 [AsyncHttpClient-1-8] DEBUG org.asynchttpclient.netty.handler.HttpHandler - 

Request DefaultHttpRequest(decodeResult: success, version: HTTP/1.1)
POST /session/d5a600a106a3399a7dfa78f77a0e4d7f/element HTTP/1.1
User-Agent: selenium/4.8.1 (java windows)
Content-Length: 59
Content-Type: application/json; charset=utf-8
host: localhost:27597
accept: */*

Response DefaultHttpResponse(decodeResult: success, version: HTTP/1.1)
HTTP/1.1 200 OK
Content-Length: 88
Content-Type: application/json; charset=utf-8
cache-control: no-cache

07:20:58.255 [AsyncHttpClient-1-8] DEBUG org.asynchttpclient.netty.channel.ChannelManager - Adding key: http://localhost:27597 for channel [id: 0x116a0007, L:/127.0.0.1:63161 - R:localhost/127.0.0.1:27597]
07:20:58.259 [Forwarding isElementDisplayed on session d5a600a106a3399a7dfa78f77a0e4d7f to remote] DEBUG org.asynchttpclient.netty.request.NettyRequestSender - Using pooled Channel '[id: 0x116a0007, L:/127.0.0.1:63161 - R:localhost/127.0.0.1:27597]' for 'POST' to 'http://localhost:27597/session/d5a600a106a3399a7dfa78f77a0e4d7f/execute/sync'
07:20:58.259 [Forwarding isElementDisplayed on session d5a600a106a3399a7dfa78f77a0e4d7f to remote] DEBUG org.asynchttpclient.netty.request.NettyRequestSender - Using open Channel [id: 0x116a0007, L:/127.0.0.1:63161 - R:localhost/127.0.0.1:27597] for POST '/session/d5a600a106a3399a7dfa78f77a0e4d7f/execute/sync'
07:20:58.270 [AsyncHttpClient-1-1] DEBUG org.asynchttpclient.netty.channel.DefaultChannelPool - Entry count for : http://localhost:63162 : 1
07:20:58.276 [AsyncHttpClient-1-8] DEBUG org.asynchttpclient.netty.handler.HttpHandler - 

Request DefaultHttpRequest(decodeResult: success, version: HTTP/1.1)
POST /session/d5a600a106a3399a7dfa78f77a0e4d7f/execute/sync HTTP/1.1
User-Agent: selenium/4.8.1 (java windows)
Content-Length: 48807
Content-Type: application/json; charset=utf-8
host: localhost:27597
accept: */*

Response DefaultHttpResponse(decodeResult: success, version: HTTP/1.1)
HTTP/1.1 200 OK
Content-Length: 14
Content-Type: application/json; charset=utf-8
cache-control: no-cache

07:20:58.277 [AsyncHttpClient-1-8] DEBUG org.asynchttpclient.netty.channel.ChannelManager - Adding key: http://localhost:27597 for channel [id: 0x116a0007, L:/127.0.0.1:63161 - R:localhost/127.0.0.1:27597]
07:20:58.283 [Forwarding getAlertText on session d5a600a106a3399a7dfa78f77a0e4d7f to remote] DEBUG org.asynchttpclient.netty.request.NettyRequestSender - Using pooled Channel '[id: 0x116a0007, L:/127.0.0.1:63161 - R:localhost/127.0.0.1:27597]' for 'GET' to 'http://localhost:27597/session/d5a600a106a3399a7dfa78f77a0e4d7f/alert/text'
07:20:58.283 [Forwarding getAlertText on session d5a600a106a3399a7dfa78f77a0e4d7f to remote] DEBUG org.asynchttpclient.netty.request.NettyRequestSender - Using open Channel [id: 0x116a0007, L:/127.0.0.1:63161 - R:localhost/127.0.0.1:27597] for GET '/session/d5a600a106a3399a7dfa78f77a0e4d7f/alert/text'
07:20:58.284 [AsyncHttpClient-1-8] DEBUG org.asynchttpclient.netty.handler.HttpHandler - 

Request DefaultFullHttpRequest(decodeResult: success, version: HTTP/1.1, content: EmptyByteBufBE)
GET /session/d5a600a106a3399a7dfa78f77a0e4d7f/alert/text HTTP/1.1
User-Agent: selenium/4.8.1 (java windows)
Cache-Control: no-cache
Content-Type: application/json; charset=utf-8
host: localhost:27597
accept: */*

Response DefaultHttpResponse(decodeResult: success, version: HTTP/1.1)
HTTP/1.1 404 Not Found
Content-Length: 821
Content-Type: application/json; charset=utf-8
cache-control: no-cache

07:20:58.285 [AsyncHttpClient-1-8] DEBUG org.asynchttpclient.netty.channel.ChannelManager - Adding key: http://localhost:27597 for channel [id: 0x116a0007, L:/127.0.0.1:63161 - R:localhost/127.0.0.1:27597]
07:20:58.286 [Forwarding getCurrentUrl on session d5a600a106a3399a7dfa78f77a0e4d7f to remote] DEBUG org.asynchttpclient.netty.request.NettyRequestSender - Using pooled Channel '[id: 0x116a0007, L:/127.0.0.1:63161 - R:localhost/127.0.0.1:27597]' for 'GET' to 'http://localhost:27597/session/d5a600a106a3399a7dfa78f77a0e4d7f/url'
07:20:58.287 [Forwarding getCurrentUrl on session d5a600a106a3399a7dfa78f77a0e4d7f to remote] DEBUG org.asynchttpclient.netty.request.NettyRequestSender - Using open Channel [id: 0x116a0007, L:/127.0.0.1:63161 - R:localhost/127.0.0.1:27597] for GET '/session/d5a600a106a3399a7dfa78f77a0e4d7f/url'
07:20:58.293 [AsyncHttpClient-1-8] DEBUG org.asynchttpclient.netty.handler.HttpHandler - 

Request DefaultFullHttpRequest(decodeResult: success, version: HTTP/1.1, content: EmptyByteBufBE)
GET /session/d5a600a106a3399a7dfa78f77a0e4d7f/url HTTP/1.1
User-Agent: selenium/4.8.1 (java windows)
Cache-Control: no-cache
Content-Type: application/json; charset=utf-8
host: localhost:27597
accept: */*

Response DefaultHttpResponse(decodeResult: success, version: HTTP/1.1)
HTTP/1.1 200 OK
Content-Length: 38
Content-Type: application/json; charset=utf-8
cache-control: no-cache

07:20:58.293 [AsyncHttpClient-1-8] DEBUG org.asynchttpclient.netty.channel.ChannelManager - Adding key: http://localhost:27597 for channel [id: 0x116a0007, L:/127.0.0.1:63161 - R:localhost/127.0.0.1:27597]
07:20:58.295 [Forwarding screenshot on session d5a600a106a3399a7dfa78f77a0e4d7f to remote] DEBUG org.asynchttpclient.netty.request.NettyRequestSender - Using pooled Channel '[id: 0x116a0007, L:/127.0.0.1:63161 - R:localhost/127.0.0.1:27597]' for 'GET' to 'http://localhost:27597/session/d5a600a106a3399a7dfa78f77a0e4d7f/screenshot'
07:20:58.295 [Forwarding screenshot on session d5a600a106a3399a7dfa78f77a0e4d7f to remote] DEBUG org.asynchttpclient.netty.request.NettyRequestSender - Using open Channel [id: 0x116a0007, L:/127.0.0.1:63161 - R:localhost/127.0.0.1:27597] for GET '/session/d5a600a106a3399a7dfa78f77a0e4d7f/screenshot'
07:20:58.378 [AsyncHttpClient-1-8] DEBUG org.asynchttpclient.netty.handler.HttpHandler - 

Request DefaultFullHttpRequest(decodeResult: success, version: HTTP/1.1, content: EmptyByteBufBE)
GET /session/d5a600a106a3399a7dfa78f77a0e4d7f/screenshot HTTP/1.1
User-Agent: selenium/4.8.1 (java windows)
Cache-Control: no-cache
Content-Type: application/json; charset=utf-8
host: localhost:27597
accept: */*

Response DefaultHttpResponse(decodeResult: success, version: HTTP/1.1)
HTTP/1.1 200 OK
Content-Length: 47592
Content-Type: application/json; charset=utf-8
cache-control: no-cache

07:20:58.379 [AsyncHttpClient-1-8] DEBUG org.asynchttpclient.netty.channel.ChannelManager - Adding key: http://localhost:27597 for channel [id: 0x116a0007, L:/127.0.0.1:63161 - R:localhost/127.0.0.1:27597]
07:20:58.381 [main] DEBUG net.serenitybdd.core.photography.Darkroom - Send negative for processing for target\site\serenity\6164952fd6447d31f8c1727ac78244bb17153a18b8922630353ba00286581ab6.png
07:20:58.381 [main] DEBUG net.thucydides.core.steps.StepInterceptor - STEP DONE: validateOnLoginPage
  &amp#27;[32mGiven &amp#27;[0m&amp#27;[32mI am on the login page&amp#27;[0m                                                       &amp#27;[90m# starter.stepdefinitions.LoginSteps.onTheLoginPage()&amp#27;[0m
07:20:58.394 [Forwarding getPageSource on session d5a600a106a3399a7dfa78f77a0e4d7f to remote] DEBUG org.asynchttpclient.netty.request.NettyRequestSender - Using pooled Channel '[id: 0x116a0007, L:/127.0.0.1:63161 - R:localhost/127.0.0.1:27597]' for 'POST' to 'http://localhost:27597/session/d5a600a106a3399a7dfa78f77a0e4d7f/execute/sync'
07:20:58.394 [Forwarding getPageSource on session d5a600a106a3399a7dfa78f77a0e4d7f to remote] DEBUG org.asynchttpclient.netty.request.NettyRequestSender - Using open Channel [id: 0x116a0007, L:/127.0.0.1:63161 - R:localhost/127.0.0.1:27597] for POST '/session/d5a600a106a3399a7dfa78f77a0e4d7f/execute/sync'
07:20:58.400 [AsyncHttpClient-1-8] DEBUG org.asynchttpclient.netty.handler.HttpHandler - 

Request DefaultHttpRequest(decodeResult: success, version: HTTP/1.1)
POST /session/d5a600a106a3399a7dfa78f77a0e4d7f/execute/sync HTTP/1.1
User-Agent: selenium/4.8.1 (java windows)
Content-Length: 176
Content-Type: application/json; charset=utf-8
host: localhost:27597
accept: */*

Response DefaultHttpResponse(decodeResult: success, version: HTTP/1.1)
HTTP/1.1 200 OK
Content-Length: 4286
Content-Type: application/json; charset=utf-8
cache-control: no-cache

07:20:58.400 [AsyncHttpClient-1-8] DEBUG org.asynchttpclient.netty.channel.ChannelManager - Adding key: http://localhost:27597 for channel [id: 0x116a0007, L:/127.0.0.1:63161 - R:localhost/127.0.0.1:27597]
07:20:58.402 [Forwarding getCurrentUrl on session d5a600a106a3399a7dfa78f77a0e4d7f to remote] DEBUG org.asynchttpclient.netty.request.NettyRequestSender - Using pooled Channel '[id: 0x116a0007, L:/127.0.0.1:63161 - R:localhost/127.0.0.1:27597]' for 'GET' to 'http://localhost:27597/session/d5a600a106a3399a7dfa78f77a0e4d7f/url'
07:20:58.402 [Forwarding getCurrentUrl on session d5a600a106a3399a7dfa78f77a0e4d7f to remote] DEBUG org.asynchttpclient.netty.request.NettyRequestSender - Using open Channel [id: 0x116a0007, L:/127.0.0.1:63161 - R:localhost/127.0.0.1:27597] for GET '/session/d5a600a106a3399a7dfa78f77a0e4d7f/url'
07:20:58.408 [AsyncHttpClient-1-8] DEBUG org.asynchttpclient.netty.handler.HttpHandler - 

Request DefaultFullHttpRequest(decodeResult: success, version: HTTP/1.1, content: EmptyByteBufBE)
GET /session/d5a600a106a3399a7dfa78f77a0e4d7f/url HTTP/1.1
User-Agent: selenium/4.8.1 (java windows)
Cache-Control: no-cache
Content-Type: application/json; charset=utf-8
host: localhost:27597
accept: */*

Response DefaultHttpResponse(decodeResult: success, version: HTTP/1.1)
HTTP/1.1 200 OK
Content-Length: 38
Content-Type: application/json; charset=utf-8
cache-control: no-cache

07:20:58.408 [AsyncHttpClient-1-8] DEBUG org.asynchttpclient.netty.channel.ChannelManager - Adding key: http://localhost:27597 for channel [id: 0x116a0007, L:/127.0.0.1:63161 - R:localhost/127.0.0.1:27597]
07:20:58.418 [Forwarding getPageSource on session d5a600a106a3399a7dfa78f77a0e4d7f to remote] DEBUG org.asynchttpclient.netty.request.NettyRequestSender - Using pooled Channel '[id: 0x116a0007, L:/127.0.0.1:63161 - R:localhost/127.0.0.1:27597]' for 'POST' to 'http://localhost:27597/session/d5a600a106a3399a7dfa78f77a0e4d7f/execute/sync'
07:20:58.418 [Forwarding getPageSource on session d5a600a106a3399a7dfa78f77a0e4d7f to remote] DEBUG org.asynchttpclient.netty.request.NettyRequestSender - Using open Channel [id: 0x116a0007, L:/127.0.0.1:63161 - R:localhost/127.0.0.1:27597] for POST '/session/d5a600a106a3399a7dfa78f77a0e4d7f/execute/sync'
07:20:58.424 [AsyncHttpClient-1-8] DEBUG org.asynchttpclient.netty.handler.HttpHandler - 

Request DefaultHttpRequest(decodeResult: success, version: HTTP/1.1)
POST /session/d5a600a106a3399a7dfa78f77a0e4d7f/execute/sync HTTP/1.1
User-Agent: selenium/4.8.1 (java windows)
Content-Length: 176
Content-Type: application/json; charset=utf-8
host: localhost:27597
accept: */*

Response DefaultHttpResponse(decodeResult: success, version: HTTP/1.1)
HTTP/1.1 200 OK
Content-Length: 4286
Content-Type: application/json; charset=utf-8
cache-control: no-cache

07:20:58.425 [AsyncHttpClient-1-8] DEBUG org.asynchttpclient.netty.channel.ChannelManager - Adding key: http://localhost:27597 for channel [id: 0x116a0007, L:/127.0.0.1:63161 - R:localhost/127.0.0.1:27597]
07:20:58.427 [Forwarding getCurrentUrl on session d5a600a106a3399a7dfa78f77a0e4d7f to remote] DEBUG org.asynchttpclient.netty.request.NettyRequestSender - Using pooled Channel '[id: 0x116a0007, L:/127.0.0.1:63161 - R:localhost/127.0.0.1:27597]' for 'GET' to 'http://localhost:27597/session/d5a600a106a3399a7dfa78f77a0e4d7f/url'
07:20:58.427 [Forwarding getCurrentUrl on session d5a600a106a3399a7dfa78f77a0e4d7f to remote] DEBUG org.asynchttpclient.netty.request.NettyRequestSender - Using open Channel [id: 0x116a0007, L:/127.0.0.1:63161 - R:localhost/127.0.0.1:27597] for GET '/session/d5a600a106a3399a7dfa78f77a0e4d7f/url'
07:20:58.432 [AsyncHttpClient-1-8] DEBUG org.asynchttpclient.netty.handler.HttpHandler - 

Request DefaultFullHttpRequest(decodeResult: success, version: HTTP/1.1, content: EmptyByteBufBE)
GET /session/d5a600a106a3399a7dfa78f77a0e4d7f/url HTTP/1.1
User-Agent: selenium/4.8.1 (java windows)
Cache-Control: no-cache
Content-Type: application/json; charset=utf-8
host: localhost:27597
accept: */*

Response DefaultHttpResponse(decodeResult: success, version: HTTP/1.1)
HTTP/1.1 200 OK
Content-Length: 38
Content-Type: application/json; charset=utf-8
cache-control: no-cache

07:20:58.432 [AsyncHttpClient-1-8] DEBUG org.asynchttpclient.netty.channel.ChannelManager - Adding key: http://localhost:27597 for channel [id: 0x116a0007, L:/127.0.0.1:63161 - R:localhost/127.0.0.1:27597]
07:20:58.434 [main] DEBUG net.thucydides.core.steps.StepInterceptor - STARTING STEP: LoginSteps.inputLockedUsername - inputUsername
07:20:58.438 [Forwarding findElement on session d5a600a106a3399a7dfa78f77a0e4d7f to remote] DEBUG org.asynchttpclient.netty.request.NettyRequestSender - Using pooled Channel '[id: 0x116a0007, L:/127.0.0.1:63161 - R:localhost/127.0.0.1:27597]' for 'POST' to 'http://localhost:27597/session/d5a600a106a3399a7dfa78f77a0e4d7f/element'
07:20:58.438 [Forwarding findElement on session d5a600a106a3399a7dfa78f77a0e4d7f to remote] DEBUG org.asynchttpclient.netty.request.NettyRequestSender - Using open Channel [id: 0x116a0007, L:/127.0.0.1:63161 - R:localhost/127.0.0.1:27597] for POST '/session/d5a600a106a3399a7dfa78f77a0e4d7f/element'
07:20:58.451 [AsyncHttpClient-1-8] DEBUG org.asynchttpclient.netty.handler.HttpHandler - 

Request DefaultHttpRequest(decodeResult: success, version: HTTP/1.1)
POST /session/d5a600a106a3399a7dfa78f77a0e4d7f/element HTTP/1.1
User-Agent: selenium/4.8.1 (java windows)
Content-Length: 56
Content-Type: application/json; charset=utf-8
host: localhost:27597
accept: */*

Response DefaultHttpResponse(decodeResult: success, version: HTTP/1.1)
HTTP/1.1 200 OK
Content-Length: 88
Content-Type: application/json; charset=utf-8
cache-control: no-cache

07:20:58.451 [AsyncHttpClient-1-8] DEBUG org.asynchttpclient.netty.channel.ChannelManager - Adding key: http://localhost:27597 for channel [id: 0x116a0007, L:/127.0.0.1:63161 - R:localhost/127.0.0.1:27597]
07:20:58.453 [Forwarding clearElement on session d5a600a106a3399a7dfa78f77a0e4d7f to remote] DEBUG org.asynchttpclient.netty.request.NettyRequestSender - Using pooled Channel '[id: 0x116a0007, L:/127.0.0.1:63161 - R:localhost/127.0.0.1:27597]' for 'POST' to 'http://localhost:27597/session/d5a600a106a3399a7dfa78f77a0e4d7f/element/e6ff4c2e-51cb-41af-83a9-185547362cad/clear'
07:20:58.453 [Forwarding clearElement on session d5a600a106a3399a7dfa78f77a0e4d7f to remote] DEBUG org.asynchttpclient.netty.request.NettyRequestSender - Using open Channel [id: 0x116a0007, L:/127.0.0.1:63161 - R:localhost/127.0.0.1:27597] for POST '/session/d5a600a106a3399a7dfa78f77a0e4d7f/element/e6ff4c2e-51cb-41af-83a9-185547362cad/clear'
07:20:58.496 [AsyncHttpClient-1-8] DEBUG org.asynchttpclient.netty.handler.HttpHandler - 

Request DefaultHttpRequest(decodeResult: success, version: HTTP/1.1)
POST /session/d5a600a106a3399a7dfa78f77a0e4d7f/element/e6ff4c2e-51cb-41af-83a9-185547362cad/clear HTTP/1.1
User-Agent: selenium/4.8.1 (java windows)
Content-Length: 50
Content-Type: application/json; charset=utf-8
host: localhost:27597
accept: */*

Response DefaultHttpResponse(decodeResult: success, version: HTTP/1.1)
HTTP/1.1 200 OK
Content-Length: 14
Content-Type: application/json; charset=utf-8
cache-control: no-cache

07:20:58.497 [AsyncHttpClient-1-8] DEBUG org.asynchttpclient.netty.channel.ChannelManager - Adding key: http://localhost:27597 for channel [id: 0x116a0007, L:/127.0.0.1:63161 - R:localhost/127.0.0.1:27597]
07:20:58.499 [Forwarding sendKeysToElement on session d5a600a106a3399a7dfa78f77a0e4d7f to remote] DEBUG org.asynchttpclient.netty.request.NettyRequestSender - Using pooled Channel '[id: 0x116a0007, L:/127.0.0.1:63161 - R:localhost/127.0.0.1:27597]' for 'POST' to 'http://localhost:27597/session/d5a600a106a3399a7dfa78f77a0e4d7f/element/e6ff4c2e-51cb-41af-83a9-185547362cad/value'
07:20:58.499 [Forwarding sendKeysToElement on session d5a600a106a3399a7dfa78f77a0e4d7f to remote] DEBUG org.asynchttpclient.netty.request.NettyRequestSender - Using open Channel [id: 0x116a0007, L:/127.0.0.1:63161 - R:localhost/127.0.0.1:27597] for POST '/session/d5a600a106a3399a7dfa78f77a0e4d7f/element/e6ff4c2e-51cb-41af-83a9-185547362cad/value'
07:20:58.586 [AsyncHttpClient-1-8] DEBUG org.asynchttpclient.netty.handler.HttpHandler - 

Request DefaultHttpRequest(decodeResult: success, version: HTTP/1.1)
POST /session/d5a600a106a3399a7dfa78f77a0e4d7f/element/e6ff4c2e-51cb-41af-83a9-185547362cad/value HTTP/1.1
User-Agent: selenium/4.8.1 (java windows)
Content-Length: 181
Content-Type: application/json; charset=utf-8
host: localhost:27597
accept: */*

Response DefaultHttpResponse(decodeResult: success, version: HTTP/1.1)
HTTP/1.1 200 OK
Content-Length: 14
Content-Type: application/json; charset=utf-8
cache-control: no-cache

07:20:58.587 [AsyncHttpClient-1-8] DEBUG org.asynchttpclient.netty.channel.ChannelManager - Adding key: http://localhost:27597 for channel [id: 0x116a0007, L:/127.0.0.1:63161 - R:localhost/127.0.0.1:27597]
07:20:58.596 [Forwarding getAlertText on session d5a600a106a3399a7dfa78f77a0e4d7f to remote] DEBUG org.asynchttpclient.netty.request.NettyRequestSender - Using pooled Channel '[id: 0x116a0007, L:/127.0.0.1:63161 - R:localhost/127.0.0.1:27597]' for 'GET' to 'http://localhost:27597/session/d5a600a106a3399a7dfa78f77a0e4d7f/alert/text'
07:20:58.596 [Forwarding getAlertText on session d5a600a106a3399a7dfa78f77a0e4d7f to remote] DEBUG org.asynchttpclient.netty.request.NettyRequestSender - Using open Channel [id: 0x116a0007, L:/127.0.0.1:63161 - R:localhost/127.0.0.1:27597] for GET '/session/d5a600a106a3399a7dfa78f77a0e4d7f/alert/text'
07:20:58.597 [AsyncHttpClient-1-8] DEBUG org.asynchttpclient.netty.handler.HttpHandler - 

Request DefaultFullHttpRequest(decodeResult: success, version: HTTP/1.1, content: EmptyByteBufBE)
GET /session/d5a600a106a3399a7dfa78f77a0e4d7f/alert/text HTTP/1.1
User-Agent: selenium/4.8.1 (java windows)
Cache-Control: no-cache
Content-Type: application/json; charset=utf-8
host: localhost:27597
accept: */*

Response DefaultHttpResponse(decodeResult: success, version: HTTP/1.1)
HTTP/1.1 404 Not Found
Content-Length: 821
Content-Type: application/json; charset=utf-8
cache-control: no-cache

07:20:58.598 [AsyncHttpClient-1-8] DEBUG org.asynchttpclient.netty.channel.ChannelManager - Adding key: http://localhost:27597 for channel [id: 0x116a0007, L:/127.0.0.1:63161 - R:localhost/127.0.0.1:27597]
07:20:58.599 [Forwarding getCurrentUrl on session d5a600a106a3399a7dfa78f77a0e4d7f to remote] DEBUG org.asynchttpclient.netty.request.NettyRequestSender - Using pooled Channel '[id: 0x116a0007, L:/127.0.0.1:63161 - R:localhost/127.0.0.1:27597]' for 'GET' to 'http://localhost:27597/session/d5a600a106a3399a7dfa78f77a0e4d7f/url'
07:20:58.599 [Forwarding getCurrentUrl on session d5a600a106a3399a7dfa78f77a0e4d7f to remote] DEBUG org.asynchttpclient.netty.request.NettyRequestSender - Using open Channel [id: 0x116a0007, L:/127.0.0.1:63161 - R:localhost/127.0.0.1:27597] for GET '/session/d5a600a106a3399a7dfa78f77a0e4d7f/url'
07:20:58.603 [AsyncHttpClient-1-8] DEBUG org.asynchttpclient.netty.handler.HttpHandler - 

Request DefaultFullHttpRequest(decodeResult: success, version: HTTP/1.1, content: EmptyByteBufBE)
GET /session/d5a600a106a3399a7dfa78f77a0e4d7f/url HTTP/1.1
User-Agent: selenium/4.8.1 (java windows)
Cache-Control: no-cache
Content-Type: application/json; charset=utf-8
host: localhost:27597
accept: */*

Response DefaultHttpResponse(decodeResult: success, version: HTTP/1.1)
HTTP/1.1 200 OK
Content-Length: 38
Content-Type: application/json; charset=utf-8
cache-control: no-cache

07:20:58.603 [AsyncHttpClient-1-8] DEBUG org.asynchttpclient.netty.channel.ChannelManager - Adding key: http://localhost:27597 for channel [id: 0x116a0007, L:/127.0.0.1:63161 - R:localhost/127.0.0.1:27597]
07:20:58.604 [Forwarding screenshot on session d5a600a106a3399a7dfa78f77a0e4d7f to remote] DEBUG org.asynchttpclient.netty.request.NettyRequestSender - Using pooled Channel '[id: 0x116a0007, L:/127.0.0.1:63161 - R:localhost/127.0.0.1:27597]' for 'GET' to 'http://localhost:27597/session/d5a600a106a3399a7dfa78f77a0e4d7f/screenshot'
07:20:58.604 [Forwarding screenshot on session d5a600a106a3399a7dfa78f77a0e4d7f to remote] DEBUG org.asynchttpclient.netty.request.NettyRequestSender - Using open Channel [id: 0x116a0007, L:/127.0.0.1:63161 - R:localhost/127.0.0.1:27597] for GET '/session/d5a600a106a3399a7dfa78f77a0e4d7f/screenshot'
07:20:58.685 [AsyncHttpClient-1-8] DEBUG org.asynchttpclient.netty.handler.HttpHandler - 

Request DefaultFullHttpRequest(decodeResult: success, version: HTTP/1.1, content: EmptyByteBufBE)
GET /session/d5a600a106a3399a7dfa78f77a0e4d7f/screenshot HTTP/1.1
User-Agent: selenium/4.8.1 (java windows)
Cache-Control: no-cache
Content-Type: application/json; charset=utf-8
host: localhost:27597
accept: */*

Response DefaultHttpResponse(decodeResult: success, version: HTTP/1.1)
HTTP/1.1 200 OK
Content-Length: 47960
Content-Type: application/json; charset=utf-8
cache-control: no-cache

07:20:58.685 [AsyncHttpClient-1-8] DEBUG org.asynchttpclient.netty.channel.ChannelManager - Adding key: http://localhost:27597 for channel [id: 0x116a0007, L:/127.0.0.1:63161 - R:localhost/127.0.0.1:27597]
07:20:58.687 [main] DEBUG net.serenitybdd.core.photography.Darkroom - Send negative for processing for target\site\serenity\d9b324ad436b41fbeee9f798b851308bb19fc95802df0593252184b5ff1db19d.png
07:20:58.687 [main] DEBUG net.thucydides.core.steps.StepInterceptor - STEP DONE: inputUsername
07:20:58.687 [Darkroom Processing Line] DEBUG net.serenitybdd.core.photography.DarkroomProcessingLine - Processing screenshot image in /var/screenshots/screenshot-1476725597858959165
  &amp#27;[32mWhen &amp#27;[0m&amp#27;[32mI input locked username&amp#27;[0m                                                       &amp#27;[90m# starter.stepdefinitions.LoginSteps.inputLockedUsername()&amp#27;[0m
07:20:58.688 [Darkroom Processing Line] DEBUG net.serenitybdd.core.photography.DarkroomProcessingLine - Saving screenshot to target\site\serenity\d9b324ad436b41fbeee9f798b851308bb19fc95802df0593252184b5ff1db19d.png
07:20:58.696 [Forwarding getPageSource on session d5a600a106a3399a7dfa78f77a0e4d7f to remote] DEBUG org.asynchttpclient.netty.request.NettyRequestSender - Using pooled Channel '[id: 0x116a0007, L:/127.0.0.1:63161 - R:localhost/127.0.0.1:27597]' for 'POST' to 'http://localhost:27597/session/d5a600a106a3399a7dfa78f77a0e4d7f/execute/sync'
07:20:58.696 [Forwarding getPageSource on session d5a600a106a3399a7dfa78f77a0e4d7f to remote] DEBUG org.asynchttpclient.netty.request.NettyRequestSender - Using open Channel [id: 0x116a0007, L:/127.0.0.1:63161 - R:localhost/127.0.0.1:27597] for POST '/session/d5a600a106a3399a7dfa78f77a0e4d7f/execute/sync'
07:20:58.702 [AsyncHttpClient-1-8] DEBUG org.asynchttpclient.netty.handler.HttpHandler - 

Request DefaultHttpRequest(decodeResult: success, version: HTTP/1.1)
POST /session/d5a600a106a3399a7dfa78f77a0e4d7f/execute/sync HTTP/1.1
User-Agent: selenium/4.8.1 (java windows)
Content-Length: 176
Content-Type: application/json; charset=utf-8
host: localhost:27597
accept: */*

Response DefaultHttpResponse(decodeResult: success, version: HTTP/1.1)
HTTP/1.1 200 OK
Content-Length: 4296
Content-Type: application/json; charset=utf-8
cache-control: no-cache

07:20:58.702 [AsyncHttpClient-1-8] DEBUG org.asynchttpclient.netty.channel.ChannelManager - Adding key: http://localhost:27597 for channel [id: 0x116a0007, L:/127.0.0.1:63161 - R:localhost/127.0.0.1:27597]
07:20:58.703 [Forwarding getCurrentUrl on session d5a600a106a3399a7dfa78f77a0e4d7f to remote] DEBUG org.asynchttpclient.netty.request.NettyRequestSender - Using pooled Channel '[id: 0x116a0007, L:/127.0.0.1:63161 - R:localhost/127.0.0.1:27597]' for 'GET' to 'http://localhost:27597/session/d5a600a106a3399a7dfa78f77a0e4d7f/url'
07:20:58.703 [Forwarding getCurrentUrl on session d5a600a106a3399a7dfa78f77a0e4d7f to remote] DEBUG org.asynchttpclient.netty.request.NettyRequestSender - Using open Channel [id: 0x116a0007, L:/127.0.0.1:63161 - R:localhost/127.0.0.1:27597] for GET '/session/d5a600a106a3399a7dfa78f77a0e4d7f/url'
07:20:58.708 [AsyncHttpClient-1-8] DEBUG org.asynchttpclient.netty.handler.HttpHandler - 

Request DefaultFullHttpRequest(decodeResult: success, version: HTTP/1.1, content: EmptyByteBufBE)
GET /session/d5a600a106a3399a7dfa78f77a0e4d7f/url HTTP/1.1
User-Agent: selenium/4.8.1 (java windows)
Cache-Control: no-cache
Content-Type: application/json; charset=utf-8
host: localhost:27597
accept: */*

Response DefaultHttpResponse(decodeResult: success, version: HTTP/1.1)
HTTP/1.1 200 OK
Content-Length: 38
Content-Type: application/json; charset=utf-8
cache-control: no-cache

07:20:58.708 [AsyncHttpClient-1-8] DEBUG org.asynchttpclient.netty.channel.ChannelManager - Adding key: http://localhost:27597 for channel [id: 0x116a0007, L:/127.0.0.1:63161 - R:localhost/127.0.0.1:27597]
07:20:58.718 [Forwarding getPageSource on session d5a600a106a3399a7dfa78f77a0e4d7f to remote] DEBUG org.asynchttpclient.netty.request.NettyRequestSender - Using pooled Channel '[id: 0x116a0007, L:/127.0.0.1:63161 - R:localhost/127.0.0.1:27597]' for 'POST' to 'http://localhost:27597/session/d5a600a106a3399a7dfa78f77a0e4d7f/execute/sync'
07:20:58.719 [Forwarding getPageSource on session d5a600a106a3399a7dfa78f77a0e4d7f to remote] DEBUG org.asynchttpclient.netty.request.NettyRequestSender - Using open Channel [id: 0x116a0007, L:/127.0.0.1:63161 - R:localhost/127.0.0.1:27597] for POST '/session/d5a600a106a3399a7dfa78f77a0e4d7f/execute/sync'
07:20:58.724 [AsyncHttpClient-1-8] DEBUG org.asynchttpclient.netty.handler.HttpHandler - 

Request DefaultHttpRequest(decodeResult: success, version: HTTP/1.1)
POST /session/d5a600a106a3399a7dfa78f77a0e4d7f/execute/sync HTTP/1.1
User-Agent: selenium/4.8.1 (java windows)
Content-Length: 176
Content-Type: application/json; charset=utf-8
host: localhost:27597
accept: */*

Response DefaultHttpResponse(decodeResult: success, version: HTTP/1.1)
HTTP/1.1 200 OK
Content-Length: 4296
Content-Type: application/json; charset=utf-8
cache-control: no-cache

07:20:58.725 [AsyncHttpClient-1-8] DEBUG org.asynchttpclient.netty.channel.ChannelManager - Adding key: http://localhost:27597 for channel [id: 0x116a0007, L:/127.0.0.1:63161 - R:localhost/127.0.0.1:27597]
07:20:58.726 [Forwarding getCurrentUrl on session d5a600a106a3399a7dfa78f77a0e4d7f to remote] DEBUG org.asynchttpclient.netty.request.NettyRequestSender - Using pooled Channel '[id: 0x116a0007, L:/127.0.0.1:63161 - R:localhost/127.0.0.1:27597]' for 'GET' to 'http://localhost:27597/session/d5a600a106a3399a7dfa78f77a0e4d7f/url'
07:20:58.726 [Forwarding getCurrentUrl on session d5a600a106a3399a7dfa78f77a0e4d7f to remote] DEBUG org.asynchttpclient.netty.request.NettyRequestSender - Using open Channel [id: 0x116a0007, L:/127.0.0.1:63161 - R:localhost/127.0.0.1:27597] for GET '/session/d5a600a106a3399a7dfa78f77a0e4d7f/url'
07:20:58.731 [AsyncHttpClient-1-8] DEBUG org.asynchttpclient.netty.handler.HttpHandler - 

Request DefaultFullHttpRequest(decodeResult: success, version: HTTP/1.1, content: EmptyByteBufBE)
GET /session/d5a600a106a3399a7dfa78f77a0e4d7f/url HTTP/1.1
User-Agent: selenium/4.8.1 (java windows)
Cache-Control: no-cache
Content-Type: application/json; charset=utf-8
host: localhost:27597
accept: */*

Response DefaultHttpResponse(decodeResult: success, version: HTTP/1.1)
HTTP/1.1 200 OK
Content-Length: 38
Content-Type: application/json; charset=utf-8
cache-control: no-cache

07:20:58.731 [AsyncHttpClient-1-8] DEBUG org.asynchttpclient.netty.channel.ChannelManager - Adding key: http://localhost:27597 for channel [id: 0x116a0007, L:/127.0.0.1:63161 - R:localhost/127.0.0.1:27597]
07:20:58.733 [main] DEBUG net.thucydides.core.steps.StepInterceptor - STARTING STEP: LoginSteps.inputValidPassword - inputPassword
07:20:58.735 [Forwarding findElement on session d5a600a106a3399a7dfa78f77a0e4d7f to remote] DEBUG org.asynchttpclient.netty.request.NettyRequestSender - Using pooled Channel '[id: 0x116a0007, L:/127.0.0.1:63161 - R:localhost/127.0.0.1:27597]' for 'POST' to 'http://localhost:27597/session/d5a600a106a3399a7dfa78f77a0e4d7f/element'
07:20:58.736 [Forwarding findElement on session d5a600a106a3399a7dfa78f77a0e4d7f to remote] DEBUG org.asynchttpclient.netty.request.NettyRequestSender - Using open Channel [id: 0x116a0007, L:/127.0.0.1:63161 - R:localhost/127.0.0.1:27597] for POST '/session/d5a600a106a3399a7dfa78f77a0e4d7f/element'
07:20:58.748 [AsyncHttpClient-1-8] DEBUG org.asynchttpclient.netty.handler.HttpHandler - 

Request DefaultHttpRequest(decodeResult: success, version: HTTP/1.1)
POST /session/d5a600a106a3399a7dfa78f77a0e4d7f/element HTTP/1.1
User-Agent: selenium/4.8.1 (java windows)
Content-Length: 53
Content-Type: application/json; charset=utf-8
host: localhost:27597
accept: */*

Response DefaultHttpResponse(decodeResult: success, version: HTTP/1.1)
HTTP/1.1 200 OK
Content-Length: 88
Content-Type: application/json; charset=utf-8
cache-control: no-cache

07:20:58.748 [AsyncHttpClient-1-8] DEBUG org.asynchttpclient.netty.channel.ChannelManager - Adding key: http://localhost:27597 for channel [id: 0x116a0007, L:/127.0.0.1:63161 - R:localhost/127.0.0.1:27597]
07:20:58.750 [Forwarding clearElement on session d5a600a106a3399a7dfa78f77a0e4d7f to remote] DEBUG org.asynchttpclient.netty.request.NettyRequestSender - Using pooled Channel '[id: 0x116a0007, L:/127.0.0.1:63161 - R:localhost/127.0.0.1:27597]' for 'POST' to 'http://localhost:27597/session/d5a600a106a3399a7dfa78f77a0e4d7f/element/8aa4cd12-89a8-4e00-bca7-0f33b18ea48f/clear'
07:20:58.750 [Forwarding clearElement on session d5a600a106a3399a7dfa78f77a0e4d7f to remote] DEBUG org.asynchttpclient.netty.request.NettyRequestSender - Using open Channel [id: 0x116a0007, L:/127.0.0.1:63161 - R:localhost/127.0.0.1:27597] for POST '/session/d5a600a106a3399a7dfa78f77a0e4d7f/element/8aa4cd12-89a8-4e00-bca7-0f33b18ea48f/clear'
07:20:58.780 [AsyncHttpClient-1-8] DEBUG org.asynchttpclient.netty.handler.HttpHandler - 

Request DefaultHttpRequest(decodeResult: success, version: HTTP/1.1)
POST /session/d5a600a106a3399a7dfa78f77a0e4d7f/element/8aa4cd12-89a8-4e00-bca7-0f33b18ea48f/clear HTTP/1.1
User-Agent: selenium/4.8.1 (java windows)
Content-Length: 50
Content-Type: application/json; charset=utf-8
host: localhost:27597
accept: */*

Response DefaultHttpResponse(decodeResult: success, version: HTTP/1.1)
HTTP/1.1 200 OK
Content-Length: 14
Content-Type: application/json; charset=utf-8
cache-control: no-cache

07:20:58.780 [AsyncHttpClient-1-8] DEBUG org.asynchttpclient.netty.channel.ChannelManager - Adding key: http://localhost:27597 for channel [id: 0x116a0007, L:/127.0.0.1:63161 - R:localhost/127.0.0.1:27597]
07:20:58.782 [Forwarding sendKeysToElement on session d5a600a106a3399a7dfa78f77a0e4d7f to remote] DEBUG org.asynchttpclient.netty.request.NettyRequestSender - Using pooled Channel '[id: 0x116a0007, L:/127.0.0.1:63161 - R:localhost/127.0.0.1:27597]' for 'POST' to 'http://localhost:27597/session/d5a600a106a3399a7dfa78f77a0e4d7f/element/8aa4cd12-89a8-4e00-bca7-0f33b18ea48f/value'
07:20:58.782 [Forwarding sendKeysToElement on session d5a600a106a3399a7dfa78f77a0e4d7f to remote] DEBUG org.asynchttpclient.netty.request.NettyRequestSender - Using open Channel [id: 0x116a0007, L:/127.0.0.1:63161 - R:localhost/127.0.0.1:27597] for POST '/session/d5a600a106a3399a7dfa78f77a0e4d7f/element/8aa4cd12-89a8-4e00-bca7-0f33b18ea48f/value'
07:20:58.853 [AsyncHttpClient-1-8] DEBUG org.asynchttpclient.netty.handler.HttpHandler - 

Request DefaultHttpRequest(decodeResult: success, version: HTTP/1.1)
POST /session/d5a600a106a3399a7dfa78f77a0e4d7f/element/8aa4cd12-89a8-4e00-bca7-0f33b18ea48f/value HTTP/1.1
User-Agent: selenium/4.8.1 (java windows)
Content-Length: 201
Content-Type: application/json; charset=utf-8
host: localhost:27597
accept: */*

Response DefaultHttpResponse(decodeResult: success, version: HTTP/1.1)
HTTP/1.1 200 OK
Content-Length: 14
Content-Type: application/json; charset=utf-8
cache-control: no-cache

07:20:58.853 [AsyncHttpClient-1-8] DEBUG org.asynchttpclient.netty.channel.ChannelManager - Adding key: http://localhost:27597 for channel [id: 0x116a0007, L:/127.0.0.1:63161 - R:localhost/127.0.0.1:27597]
07:20:58.860 [Forwarding getAlertText on session d5a600a106a3399a7dfa78f77a0e4d7f to remote] DEBUG org.asynchttpclient.netty.request.NettyRequestSender - Using pooled Channel '[id: 0x116a0007, L:/127.0.0.1:63161 - R:localhost/127.0.0.1:27597]' for 'GET' to 'http://localhost:27597/session/d5a600a106a3399a7dfa78f77a0e4d7f/alert/text'
07:20:58.860 [Forwarding getAlertText on session d5a600a106a3399a7dfa78f77a0e4d7f to remote] DEBUG org.asynchttpclient.netty.request.NettyRequestSender - Using open Channel [id: 0x116a0007, L:/127.0.0.1:63161 - R:localhost/127.0.0.1:27597] for GET '/session/d5a600a106a3399a7dfa78f77a0e4d7f/alert/text'
07:20:58.862 [AsyncHttpClient-1-8] DEBUG org.asynchttpclient.netty.handler.HttpHandler - 

Request DefaultFullHttpRequest(decodeResult: success, version: HTTP/1.1, content: EmptyByteBufBE)
GET /session/d5a600a106a3399a7dfa78f77a0e4d7f/alert/text HTTP/1.1
User-Agent: selenium/4.8.1 (java windows)
Cache-Control: no-cache
Content-Type: application/json; charset=utf-8
host: localhost:27597
accept: */*

Response DefaultHttpResponse(decodeResult: success, version: HTTP/1.1)
HTTP/1.1 404 Not Found
Content-Length: 821
Content-Type: application/json; charset=utf-8
cache-control: no-cache

07:20:58.862 [AsyncHttpClient-1-8] DEBUG org.asynchttpclient.netty.channel.ChannelManager - Adding key: http://localhost:27597 for channel [id: 0x116a0007, L:/127.0.0.1:63161 - R:localhost/127.0.0.1:27597]
07:20:58.864 [Forwarding getCurrentUrl on session d5a600a106a3399a7dfa78f77a0e4d7f to remote] DEBUG org.asynchttpclient.netty.request.NettyRequestSender - Using pooled Channel '[id: 0x116a0007, L:/127.0.0.1:63161 - R:localhost/127.0.0.1:27597]' for 'GET' to 'http://localhost:27597/session/d5a600a106a3399a7dfa78f77a0e4d7f/url'
07:20:58.864 [Forwarding getCurrentUrl on session d5a600a106a3399a7dfa78f77a0e4d7f to remote] DEBUG org.asynchttpclient.netty.request.NettyRequestSender - Using open Channel [id: 0x116a0007, L:/127.0.0.1:63161 - R:localhost/127.0.0.1:27597] for GET '/session/d5a600a106a3399a7dfa78f77a0e4d7f/url'
07:20:58.870 [AsyncHttpClient-1-8] DEBUG org.asynchttpclient.netty.handler.HttpHandler - 

Request DefaultFullHttpRequest(decodeResult: success, version: HTTP/1.1, content: EmptyByteBufBE)
GET /session/d5a600a106a3399a7dfa78f77a0e4d7f/url HTTP/1.1
User-Agent: selenium/4.8.1 (java windows)
Cache-Control: no-cache
Content-Type: application/json; charset=utf-8
host: localhost:27597
accept: */*

Response DefaultHttpResponse(decodeResult: success, version: HTTP/1.1)
HTTP/1.1 200 OK
Content-Length: 38
Content-Type: application/json; charset=utf-8
cache-control: no-cache

07:20:58.871 [AsyncHttpClient-1-8] DEBUG org.asynchttpclient.netty.channel.ChannelManager - Adding key: http://localhost:27597 for channel [id: 0x116a0007, L:/127.0.0.1:63161 - R:localhost/127.0.0.1:27597]
07:20:58.872 [Forwarding screenshot on session d5a600a106a3399a7dfa78f77a0e4d7f to remote] DEBUG org.asynchttpclient.netty.request.NettyRequestSender - Using pooled Channel '[id: 0x116a0007, L:/127.0.0.1:63161 - R:localhost/127.0.0.1:27597]' for 'GET' to 'http://localhost:27597/session/d5a600a106a3399a7dfa78f77a0e4d7f/screenshot'
07:20:58.872 [Forwarding screenshot on session d5a600a106a3399a7dfa78f77a0e4d7f to remote] DEBUG org.asynchttpclient.netty.request.NettyRequestSender - Using open Channel [id: 0x116a0007, L:/127.0.0.1:63161 - R:localhost/127.0.0.1:27597] for GET '/session/d5a600a106a3399a7dfa78f77a0e4d7f/screenshot'
07:20:58.961 [AsyncHttpClient-1-8] DEBUG org.asynchttpclient.netty.handler.HttpHandler - 

Request DefaultFullHttpRequest(decodeResult: success, version: HTTP/1.1, content: EmptyByteBufBE)
GET /session/d5a600a106a3399a7dfa78f77a0e4d7f/screenshot HTTP/1.1
User-Agent: selenium/4.8.1 (java windows)
Cache-Control: no-cache
Content-Type: application/json; charset=utf-8
host: localhost:27597
accept: */*

Response DefaultHttpResponse(decodeResult: success, version: HTTP/1.1)
HTTP/1.1 200 OK
Content-Length: 45640
Content-Type: application/json; charset=utf-8
cache-control: no-cache

07:20:58.962 [AsyncHttpClient-1-8] DEBUG org.asynchttpclient.netty.channel.ChannelManager - Adding key: http://localhost:27597 for channel [id: 0x116a0007, L:/127.0.0.1:63161 - R:localhost/127.0.0.1:27597]
07:20:58.964 [main] DEBUG net.serenitybdd.core.photography.Darkroom - Send negative for processing for target\site\serenity\2f0a0c18c0cd988a437f5b0812fecef107fd9e0c662d700fcf4ce7a93cd7fbaf.png
07:20:58.964 [main] DEBUG net.thucydides.core.steps.StepInterceptor - STEP DONE: inputPassword
  &amp#27;[32mAnd &amp#27;[0m&amp#27;[32mI input valid password&amp#27;[0m                                                         &amp#27;[90m# starter.stepdefinitions.LoginSteps.inputValidPassword()&amp#27;[0m
07:20:58.965 [Darkroom Processing Line] DEBUG net.serenitybdd.core.photography.DarkroomProcessingLine - Processing screenshot image in /var/screenshots/screenshot-17930263344433736652
07:20:58.965 [Darkroom Processing Line] DEBUG net.serenitybdd.core.photography.DarkroomProcessingLine - Saving screenshot to target\site\serenity\2f0a0c18c0cd988a437f5b0812fecef107fd9e0c662d700fcf4ce7a93cd7fbaf.png
07:20:58.972 [Forwarding getPageSource on session d5a600a106a3399a7dfa78f77a0e4d7f to remote] DEBUG org.asynchttpclient.netty.request.NettyRequestSender - Using pooled Channel '[id: 0x116a0007, L:/127.0.0.1:63161 - R:localhost/127.0.0.1:27597]' for 'POST' to 'http://localhost:27597/session/d5a600a106a3399a7dfa78f77a0e4d7f/execute/sync'
07:20:58.972 [Forwarding getPageSource on session d5a600a106a3399a7dfa78f77a0e4d7f to remote] DEBUG org.asynchttpclient.netty.request.NettyRequestSender - Using open Channel [id: 0x116a0007, L:/127.0.0.1:63161 - R:localhost/127.0.0.1:27597] for POST '/session/d5a600a106a3399a7dfa78f77a0e4d7f/execute/sync'
07:20:58.978 [AsyncHttpClient-1-8] DEBUG org.asynchttpclient.netty.handler.HttpHandler - 

Request DefaultHttpRequest(decodeResult: success, version: HTTP/1.1)
POST /session/d5a600a106a3399a7dfa78f77a0e4d7f/execute/sync HTTP/1.1
User-Agent: selenium/4.8.1 (java windows)
Content-Length: 176
Content-Type: application/json; charset=utf-8
host: localhost:27597
accept: */*

Response DefaultHttpResponse(decodeResult: success, version: HTTP/1.1)
HTTP/1.1 200 OK
Content-Length: 4308
Content-Type: application/json; charset=utf-8
cache-control: no-cache

07:20:58.978 [AsyncHttpClient-1-8] DEBUG org.asynchttpclient.netty.channel.ChannelManager - Adding key: http://localhost:27597 for channel [id: 0x116a0007, L:/127.0.0.1:63161 - R:localhost/127.0.0.1:27597]
07:20:58.979 [Forwarding getCurrentUrl on session d5a600a106a3399a7dfa78f77a0e4d7f to remote] DEBUG org.asynchttpclient.netty.request.NettyRequestSender - Using pooled Channel '[id: 0x116a0007, L:/127.0.0.1:63161 - R:localhost/127.0.0.1:27597]' for 'GET' to 'http://localhost:27597/session/d5a600a106a3399a7dfa78f77a0e4d7f/url'
07:20:58.979 [Forwarding getCurrentUrl on session d5a600a106a3399a7dfa78f77a0e4d7f to remote] DEBUG org.asynchttpclient.netty.request.NettyRequestSender - Using open Channel [id: 0x116a0007, L:/127.0.0.1:63161 - R:localhost/127.0.0.1:27597] for GET '/session/d5a600a106a3399a7dfa78f77a0e4d7f/url'
07:20:58.984 [AsyncHttpClient-1-8] DEBUG org.asynchttpclient.netty.handler.HttpHandler - 

Request DefaultFullHttpRequest(decodeResult: success, version: HTTP/1.1, content: EmptyByteBufBE)
GET /session/d5a600a106a3399a7dfa78f77a0e4d7f/url HTTP/1.1
User-Agent: selenium/4.8.1 (java windows)
Cache-Control: no-cache
Content-Type: application/json; charset=utf-8
host: localhost:27597
accept: */*

Response DefaultHttpResponse(decodeResult: success, version: HTTP/1.1)
HTTP/1.1 200 OK
Content-Length: 38
Content-Type: application/json; charset=utf-8
cache-control: no-cache

07:20:58.984 [AsyncHttpClient-1-8] DEBUG org.asynchttpclient.netty.channel.ChannelManager - Adding key: http://localhost:27597 for channel [id: 0x116a0007, L:/127.0.0.1:63161 - R:localhost/127.0.0.1:27597]
07:20:58.992 [Forwarding getPageSource on session d5a600a106a3399a7dfa78f77a0e4d7f to remote] DEBUG org.asynchttpclient.netty.request.NettyRequestSender - Using pooled Channel '[id: 0x116a0007, L:/127.0.0.1:63161 - R:localhost/127.0.0.1:27597]' for 'POST' to 'http://localhost:27597/session/d5a600a106a3399a7dfa78f77a0e4d7f/execute/sync'
07:20:58.993 [Forwarding getPageSource on session d5a600a106a3399a7dfa78f77a0e4d7f to remote] DEBUG org.asynchttpclient.netty.request.NettyRequestSender - Using open Channel [id: 0x116a0007, L:/127.0.0.1:63161 - R:localhost/127.0.0.1:27597] for POST '/session/d5a600a106a3399a7dfa78f77a0e4d7f/execute/sync'
07:20:58.999 [AsyncHttpClient-1-8] DEBUG org.asynchttpclient.netty.handler.HttpHandler - 

Request DefaultHttpRequest(decodeResult: success, version: HTTP/1.1)
POST /session/d5a600a106a3399a7dfa78f77a0e4d7f/execute/sync HTTP/1.1
User-Agent: selenium/4.8.1 (java windows)
Content-Length: 176
Content-Type: application/json; charset=utf-8
host: localhost:27597
accept: */*

Response DefaultHttpResponse(decodeResult: success, version: HTTP/1.1)
HTTP/1.1 200 OK
Content-Length: 4308
Content-Type: application/json; charset=utf-8
cache-control: no-cache

07:20:58.999 [AsyncHttpClient-1-8] DEBUG org.asynchttpclient.netty.channel.ChannelManager - Adding key: http://localhost:27597 for channel [id: 0x116a0007, L:/127.0.0.1:63161 - R:localhost/127.0.0.1:27597]
07:20:59.001 [Forwarding getCurrentUrl on session d5a600a106a3399a7dfa78f77a0e4d7f to remote] DEBUG org.asynchttpclient.netty.request.NettyRequestSender - Using pooled Channel '[id: 0x116a0007, L:/127.0.0.1:63161 - R:localhost/127.0.0.1:27597]' for 'GET' to 'http://localhost:27597/session/d5a600a106a3399a7dfa78f77a0e4d7f/url'
07:20:59.001 [Forwarding getCurrentUrl on session d5a600a106a3399a7dfa78f77a0e4d7f to remote] DEBUG org.asynchttpclient.netty.request.NettyRequestSender - Using open Channel [id: 0x116a0007, L:/127.0.0.1:63161 - R:localhost/127.0.0.1:27597] for GET '/session/d5a600a106a3399a7dfa78f77a0e4d7f/url'
07:20:59.006 [AsyncHttpClient-1-8] DEBUG org.asynchttpclient.netty.handler.HttpHandler - 

Request DefaultFullHttpRequest(decodeResult: success, version: HTTP/1.1, content: EmptyByteBufBE)
GET /session/d5a600a106a3399a7dfa78f77a0e4d7f/url HTTP/1.1
User-Agent: selenium/4.8.1 (java windows)
Cache-Control: no-cache
Content-Type: application/json; charset=utf-8
host: localhost:27597
accept: */*

Response DefaultHttpResponse(decodeResult: success, version: HTTP/1.1)
HTTP/1.1 200 OK
Content-Length: 38
Content-Type: application/json; charset=utf-8
cache-control: no-cache

07:20:59.006 [AsyncHttpClient-1-8] DEBUG org.asynchttpclient.netty.channel.ChannelManager - Adding key: http://localhost:27597 for channel [id: 0x116a0007, L:/127.0.0.1:63161 - R:localhost/127.0.0.1:27597]
07:20:59.008 [main] DEBUG net.thucydides.core.steps.StepInterceptor - STARTING STEP: LoginSteps.clickLoginButton - clickLoginButton
07:20:59.010 [Forwarding findElement on session d5a600a106a3399a7dfa78f77a0e4d7f to remote] DEBUG org.asynchttpclient.netty.request.NettyRequestSender - Using pooled Channel '[id: 0x116a0007, L:/127.0.0.1:63161 - R:localhost/127.0.0.1:27597]' for 'POST' to 'http://localhost:27597/session/d5a600a106a3399a7dfa78f77a0e4d7f/element'
07:20:59.010 [Forwarding findElement on session d5a600a106a3399a7dfa78f77a0e4d7f to remote] DEBUG org.asynchttpclient.netty.request.NettyRequestSender - Using open Channel [id: 0x116a0007, L:/127.0.0.1:63161 - R:localhost/127.0.0.1:27597] for POST '/session/d5a600a106a3399a7dfa78f77a0e4d7f/element'
07:20:59.018 [AsyncHttpClient-1-8] DEBUG org.asynchttpclient.netty.handler.HttpHandler - 

Request DefaultHttpRequest(decodeResult: success, version: HTTP/1.1)
POST /session/d5a600a106a3399a7dfa78f77a0e4d7f/element HTTP/1.1
User-Agent: selenium/4.8.1 (java windows)
Content-Length: 59
Content-Type: application/json; charset=utf-8
host: localhost:27597
accept: */*

Response DefaultHttpResponse(decodeResult: success, version: HTTP/1.1)
HTTP/1.1 200 OK
Content-Length: 88
Content-Type: application/json; charset=utf-8
cache-control: no-cache

07:20:59.018 [AsyncHttpClient-1-8] DEBUG org.asynchttpclient.netty.channel.ChannelManager - Adding key: http://localhost:27597 for channel [id: 0x116a0007, L:/127.0.0.1:63161 - R:localhost/127.0.0.1:27597]
07:20:59.019 [Forwarding getElementTagName on session d5a600a106a3399a7dfa78f77a0e4d7f to remote] DEBUG org.asynchttpclient.netty.request.NettyRequestSender - Using pooled Channel '[id: 0x116a0007, L:/127.0.0.1:63161 - R:localhost/127.0.0.1:27597]' for 'GET' to 'http://localhost:27597/session/d5a600a106a3399a7dfa78f77a0e4d7f/element/f3be14d0-d333-4733-8c0d-e6f8c5a65652/name'
07:20:59.020 [Forwarding getElementTagName on session d5a600a106a3399a7dfa78f77a0e4d7f to remote] DEBUG org.asynchttpclient.netty.request.NettyRequestSender - Using open Channel [id: 0x116a0007, L:/127.0.0.1:63161 - R:localhost/127.0.0.1:27597] for GET '/session/d5a600a106a3399a7dfa78f77a0e4d7f/element/f3be14d0-d333-4733-8c0d-e6f8c5a65652/name'
07:20:59.026 [AsyncHttpClient-1-8] DEBUG org.asynchttpclient.netty.handler.HttpHandler - 

Request DefaultFullHttpRequest(decodeResult: success, version: HTTP/1.1, content: EmptyByteBufBE)
GET /session/d5a600a106a3399a7dfa78f77a0e4d7f/element/f3be14d0-d333-4733-8c0d-e6f8c5a65652/name HTTP/1.1
User-Agent: selenium/4.8.1 (java windows)
Cache-Control: no-cache
Content-Type: application/json; charset=utf-8
host: localhost:27597
accept: */*

Response DefaultHttpResponse(decodeResult: success, version: HTTP/1.1)
HTTP/1.1 200 OK
Content-Length: 17
Content-Type: application/json; charset=utf-8
cache-control: no-cache

07:20:59.026 [AsyncHttpClient-1-8] DEBUG org.asynchttpclient.netty.channel.ChannelManager - Adding key: http://localhost:27597 for channel [id: 0x116a0007, L:/127.0.0.1:63161 - R:localhost/127.0.0.1:27597]
07:20:59.028 [Forwarding getElementTagName on session d5a600a106a3399a7dfa78f77a0e4d7f to remote] DEBUG org.asynchttpclient.netty.request.NettyRequestSender - Using pooled Channel '[id: 0x116a0007, L:/127.0.0.1:63161 - R:localhost/127.0.0.1:27597]' for 'GET' to 'http://localhost:27597/session/d5a600a106a3399a7dfa78f77a0e4d7f/element/f3be14d0-d333-4733-8c0d-e6f8c5a65652/name'
07:20:59.028 [Forwarding getElementTagName on session d5a600a106a3399a7dfa78f77a0e4d7f to remote] DEBUG org.asynchttpclient.netty.request.NettyRequestSender - Using open Channel [id: 0x116a0007, L:/127.0.0.1:63161 - R:localhost/127.0.0.1:27597] for GET '/session/d5a600a106a3399a7dfa78f77a0e4d7f/element/f3be14d0-d333-4733-8c0d-e6f8c5a65652/name'
07:20:59.034 [AsyncHttpClient-1-8] DEBUG org.asynchttpclient.netty.handler.HttpHandler - 

Request DefaultFullHttpRequest(decodeResult: success, version: HTTP/1.1, content: EmptyByteBufBE)
GET /session/d5a600a106a3399a7dfa78f77a0e4d7f/element/f3be14d0-d333-4733-8c0d-e6f8c5a65652/name HTTP/1.1
User-Agent: selenium/4.8.1 (java windows)
Cache-Control: no-cache
Content-Type: application/json; charset=utf-8
host: localhost:27597
accept: */*

Response DefaultHttpResponse(decodeResult: success, version: HTTP/1.1)
HTTP/1.1 200 OK
Content-Length: 17
Content-Type: application/json; charset=utf-8
cache-control: no-cache

07:20:59.034 [AsyncHttpClient-1-8] DEBUG org.asynchttpclient.netty.channel.ChannelManager - Adding key: http://localhost:27597 for channel [id: 0x116a0007, L:/127.0.0.1:63161 - R:localhost/127.0.0.1:27597]
07:20:59.036 [Forwarding isElementEnabled on session d5a600a106a3399a7dfa78f77a0e4d7f to remote] DEBUG org.asynchttpclient.netty.request.NettyRequestSender - Using pooled Channel '[id: 0x116a0007, L:/127.0.0.1:63161 - R:localhost/127.0.0.1:27597]' for 'GET' to 'http://localhost:27597/session/d5a600a106a3399a7dfa78f77a0e4d7f/element/f3be14d0-d333-4733-8c0d-e6f8c5a65652/enabled'
07:20:59.036 [Forwarding isElementEnabled on session d5a600a106a3399a7dfa78f77a0e4d7f to remote] DEBUG org.asynchttpclient.netty.request.NettyRequestSender - Using open Channel [id: 0x116a0007, L:/127.0.0.1:63161 - R:localhost/127.0.0.1:27597] for GET '/session/d5a600a106a3399a7dfa78f77a0e4d7f/element/f3be14d0-d333-4733-8c0d-e6f8c5a65652/enabled'
07:20:59.045 [AsyncHttpClient-1-8] DEBUG org.asynchttpclient.netty.handler.HttpHandler - 

Request DefaultFullHttpRequest(decodeResult: success, version: HTTP/1.1, content: EmptyByteBufBE)
GET /session/d5a600a106a3399a7dfa78f77a0e4d7f/element/f3be14d0-d333-4733-8c0d-e6f8c5a65652/enabled HTTP/1.1
User-Agent: selenium/4.8.1 (java windows)
Cache-Control: no-cache
Content-Type: application/json; charset=utf-8
host: localhost:27597
accept: */*

Response DefaultHttpResponse(decodeResult: success, version: HTTP/1.1)
HTTP/1.1 200 OK
Content-Length: 14
Content-Type: application/json; charset=utf-8
cache-control: no-cache

07:20:59.045 [AsyncHttpClient-1-8] DEBUG org.asynchttpclient.netty.channel.ChannelManager - Adding key: http://localhost:27597 for channel [id: 0x116a0007, L:/127.0.0.1:63161 - R:localhost/127.0.0.1:27597]
07:20:59.046 [Forwarding isElementEnabled on session d5a600a106a3399a7dfa78f77a0e4d7f to remote] DEBUG org.asynchttpclient.netty.request.NettyRequestSender - Using pooled Channel '[id: 0x116a0007, L:/127.0.0.1:63161 - R:localhost/127.0.0.1:27597]' for 'GET' to 'http://localhost:27597/session/d5a600a106a3399a7dfa78f77a0e4d7f/element/f3be14d0-d333-4733-8c0d-e6f8c5a65652/enabled'
07:20:59.046 [Forwarding isElementEnabled on session d5a600a106a3399a7dfa78f77a0e4d7f to remote] DEBUG org.asynchttpclient.netty.request.NettyRequestSender - Using open Channel [id: 0x116a0007, L:/127.0.0.1:63161 - R:localhost/127.0.0.1:27597] for GET '/session/d5a600a106a3399a7dfa78f77a0e4d7f/element/f3be14d0-d333-4733-8c0d-e6f8c5a65652/enabled'
07:20:59.054 [AsyncHttpClient-1-8] DEBUG org.asynchttpclient.netty.handler.HttpHandler - 

Request DefaultFullHttpRequest(decodeResult: success, version: HTTP/1.1, content: EmptyByteBufBE)
GET /session/d5a600a106a3399a7dfa78f77a0e4d7f/element/f3be14d0-d333-4733-8c0d-e6f8c5a65652/enabled HTTP/1.1
User-Agent: selenium/4.8.1 (java windows)
Cache-Control: no-cache
Content-Type: application/json; charset=utf-8
host: localhost:27597
accept: */*

Response DefaultHttpResponse(decodeResult: success, version: HTTP/1.1)
HTTP/1.1 200 OK
Content-Length: 14
Content-Type: application/json; charset=utf-8
cache-control: no-cache

07:20:59.054 [AsyncHttpClient-1-8] DEBUG org.asynchttpclient.netty.channel.ChannelManager - Adding key: http://localhost:27597 for channel [id: 0x116a0007, L:/127.0.0.1:63161 - R:localhost/127.0.0.1:27597]
07:20:59.056 [Forwarding findElement on session d5a600a106a3399a7dfa78f77a0e4d7f to remote] DEBUG org.asynchttpclient.netty.request.NettyRequestSender - Using pooled Channel '[id: 0x116a0007, L:/127.0.0.1:63161 - R:localhost/127.0.0.1:27597]' for 'POST' to 'http://localhost:27597/session/d5a600a106a3399a7dfa78f77a0e4d7f/element'
07:20:59.056 [Forwarding findElement on session d5a600a106a3399a7dfa78f77a0e4d7f to remote] DEBUG org.asynchttpclient.netty.request.NettyRequestSender - Using open Channel [id: 0x116a0007, L:/127.0.0.1:63161 - R:localhost/127.0.0.1:27597] for POST '/session/d5a600a106a3399a7dfa78f77a0e4d7f/element'
07:20:59.063 [AsyncHttpClient-1-8] DEBUG org.asynchttpclient.netty.handler.HttpHandler - 

Request DefaultHttpRequest(decodeResult: success, version: HTTP/1.1)
POST /session/d5a600a106a3399a7dfa78f77a0e4d7f/element HTTP/1.1
User-Agent: selenium/4.8.1 (java windows)
Content-Length: 59
Content-Type: application/json; charset=utf-8
host: localhost:27597
accept: */*

Response DefaultHttpResponse(decodeResult: success, version: HTTP/1.1)
HTTP/1.1 200 OK
Content-Length: 88
Content-Type: application/json; charset=utf-8
cache-control: no-cache

07:20:59.063 [AsyncHttpClient-1-8] DEBUG org.asynchttpclient.netty.channel.ChannelManager - Adding key: http://localhost:27597 for channel [id: 0x116a0007, L:/127.0.0.1:63161 - R:localhost/127.0.0.1:27597]
07:20:59.065 [Forwarding clickElement on session d5a600a106a3399a7dfa78f77a0e4d7f to remote] DEBUG org.asynchttpclient.netty.request.NettyRequestSender - Using pooled Channel '[id: 0x116a0007, L:/127.0.0.1:63161 - R:localhost/127.0.0.1:27597]' for 'POST' to 'http://localhost:27597/session/d5a600a106a3399a7dfa78f77a0e4d7f/element/f3be14d0-d333-4733-8c0d-e6f8c5a65652/click'
07:20:59.065 [Forwarding clickElement on session d5a600a106a3399a7dfa78f77a0e4d7f to remote] DEBUG org.asynchttpclient.netty.request.NettyRequestSender - Using open Channel [id: 0x116a0007, L:/127.0.0.1:63161 - R:localhost/127.0.0.1:27597] for POST '/session/d5a600a106a3399a7dfa78f77a0e4d7f/element/f3be14d0-d333-4733-8c0d-e6f8c5a65652/click'
07:20:59.112 [AsyncHttpClient-1-8] DEBUG org.asynchttpclient.netty.handler.HttpHandler - 

Request DefaultHttpRequest(decodeResult: success, version: HTTP/1.1)
POST /session/d5a600a106a3399a7dfa78f77a0e4d7f/element/f3be14d0-d333-4733-8c0d-e6f8c5a65652/click HTTP/1.1
User-Agent: selenium/4.8.1 (java windows)
Content-Length: 50
Content-Type: application/json; charset=utf-8
host: localhost:27597
accept: */*

Response DefaultHttpResponse(decodeResult: success, version: HTTP/1.1)
HTTP/1.1 200 OK
Content-Length: 14
Content-Type: application/json; charset=utf-8
cache-control: no-cache

07:20:59.113 [AsyncHttpClient-1-8] DEBUG org.asynchttpclient.netty.channel.ChannelManager - Adding key: http://localhost:27597 for channel [id: 0x116a0007, L:/127.0.0.1:63161 - R:localhost/127.0.0.1:27597]
07:20:59.121 [Forwarding getAlertText on session d5a600a106a3399a7dfa78f77a0e4d7f to remote] DEBUG org.asynchttpclient.netty.request.NettyRequestSender - Using pooled Channel '[id: 0x116a0007, L:/127.0.0.1:63161 - R:localhost/127.0.0.1:27597]' for 'GET' to 'http://localhost:27597/session/d5a600a106a3399a7dfa78f77a0e4d7f/alert/text'
07:20:59.121 [Forwarding getAlertText on session d5a600a106a3399a7dfa78f77a0e4d7f to remote] DEBUG org.asynchttpclient.netty.request.NettyRequestSender - Using open Channel [id: 0x116a0007, L:/127.0.0.1:63161 - R:localhost/127.0.0.1:27597] for GET '/session/d5a600a106a3399a7dfa78f77a0e4d7f/alert/text'
07:20:59.124 [AsyncHttpClient-1-8] DEBUG org.asynchttpclient.netty.handler.HttpHandler - 

Request DefaultFullHttpRequest(decodeResult: success, version: HTTP/1.1, content: EmptyByteBufBE)
GET /session/d5a600a106a3399a7dfa78f77a0e4d7f/alert/text HTTP/1.1
User-Agent: selenium/4.8.1 (java windows)
Cache-Control: no-cache
Content-Type: application/json; charset=utf-8
host: localhost:27597
accept: */*

Response DefaultHttpResponse(decodeResult: success, version: HTTP/1.1)
HTTP/1.1 404 Not Found
Content-Length: 821
Content-Type: application/json; charset=utf-8
cache-control: no-cache

07:20:59.124 [AsyncHttpClient-1-8] DEBUG org.asynchttpclient.netty.channel.ChannelManager - Adding key: http://localhost:27597 for channel [id: 0x116a0007, L:/127.0.0.1:63161 - R:localhost/127.0.0.1:27597]
07:20:59.125 [Forwarding getCurrentUrl on session d5a600a106a3399a7dfa78f77a0e4d7f to remote] DEBUG org.asynchttpclient.netty.request.NettyRequestSender - Using pooled Channel '[id: 0x116a0007, L:/127.0.0.1:63161 - R:localhost/127.0.0.1:27597]' for 'GET' to 'http://localhost:27597/session/d5a600a106a3399a7dfa78f77a0e4d7f/url'
07:20:59.125 [Forwarding getCurrentUrl on session d5a600a106a3399a7dfa78f77a0e4d7f to remote] DEBUG org.asynchttpclient.netty.request.NettyRequestSender - Using open Channel [id: 0x116a0007, L:/127.0.0.1:63161 - R:localhost/127.0.0.1:27597] for GET '/session/d5a600a106a3399a7dfa78f77a0e4d7f/url'
07:20:59.130 [AsyncHttpClient-1-8] DEBUG org.asynchttpclient.netty.handler.HttpHandler - 

Request DefaultFullHttpRequest(decodeResult: success, version: HTTP/1.1, content: EmptyByteBufBE)
GET /session/d5a600a106a3399a7dfa78f77a0e4d7f/url HTTP/1.1
User-Agent: selenium/4.8.1 (java windows)
Cache-Control: no-cache
Content-Type: application/json; charset=utf-8
host: localhost:27597
accept: */*

Response DefaultHttpResponse(decodeResult: success, version: HTTP/1.1)
HTTP/1.1 200 OK
Content-Length: 38
Content-Type: application/json; charset=utf-8
cache-control: no-cache

07:20:59.130 [AsyncHttpClient-1-8] DEBUG org.asynchttpclient.netty.channel.ChannelManager - Adding key: http://localhost:27597 for channel [id: 0x116a0007, L:/127.0.0.1:63161 - R:localhost/127.0.0.1:27597]
07:20:59.130 [Forwarding screenshot on session d5a600a106a3399a7dfa78f77a0e4d7f to remote] DEBUG org.asynchttpclient.netty.request.NettyRequestSender - Using pooled Channel '[id: 0x116a0007, L:/127.0.0.1:63161 - R:localhost/127.0.0.1:27597]' for 'GET' to 'http://localhost:27597/session/d5a600a106a3399a7dfa78f77a0e4d7f/screenshot'
07:20:59.131 [Forwarding screenshot on session d5a600a106a3399a7dfa78f77a0e4d7f to remote] DEBUG org.asynchttpclient.netty.request.NettyRequestSender - Using open Channel [id: 0x116a0007, L:/127.0.0.1:63161 - R:localhost/127.0.0.1:27597] for GET '/session/d5a600a106a3399a7dfa78f77a0e4d7f/screenshot'
07:20:59.234 [AsyncHttpClient-1-8] DEBUG org.asynchttpclient.netty.handler.HttpHandler - 

Request DefaultFullHttpRequest(decodeResult: success, version: HTTP/1.1, content: EmptyByteBufBE)
GET /session/d5a600a106a3399a7dfa78f77a0e4d7f/screenshot HTTP/1.1
User-Agent: selenium/4.8.1 (java windows)
Cache-Control: no-cache
Content-Type: application/json; charset=utf-8
host: localhost:27597
accept: */*

Response DefaultHttpResponse(decodeResult: success, version: HTTP/1.1)
HTTP/1.1 200 OK
Content-Length: 55552
Content-Type: application/json; charset=utf-8
cache-control: no-cache

07:20:59.234 [AsyncHttpClient-1-8] DEBUG org.asynchttpclient.netty.channel.ChannelManager - Adding key: http://localhost:27597 for channel [id: 0x116a0007, L:/127.0.0.1:63161 - R:localhost/127.0.0.1:27597]
07:20:59.237 [main] DEBUG net.serenitybdd.core.photography.Darkroom - Send negative for processing for target\site\serenity\9c00e7359e76bd5e0eb81d54b6111246e17e0ca32d821e3ce85992637e426196.png
07:20:59.237 [main] DEBUG net.thucydides.core.steps.StepInterceptor - STEP DONE: clickLoginButton
07:20:59.238 [Darkroom Processing Line] DEBUG net.serenitybdd.core.photography.DarkroomProcessingLine - Processing screenshot image in /var/screenshots/screenshot-6043920241946479381
  &amp#27;[32mAnd &amp#27;[0m&amp#27;[32mI click login button&amp#27;[0m                                                           &amp#27;[90m# starter.stepdefinitions.LoginSteps.clickLoginButton()&amp#27;[0m
07:20:59.238 [Darkroom Processing Line] DEBUG net.serenitybdd.core.photography.DarkroomProcessingLine - Saving screenshot to target\site\serenity\9c00e7359e76bd5e0eb81d54b6111246e17e0ca32d821e3ce85992637e426196.png
07:20:59.246 [Forwarding getPageSource on session d5a600a106a3399a7dfa78f77a0e4d7f to remote] DEBUG org.asynchttpclient.netty.request.NettyRequestSender - Using pooled Channel '[id: 0x116a0007, L:/127.0.0.1:63161 - R:localhost/127.0.0.1:27597]' for 'POST' to 'http://localhost:27597/session/d5a600a106a3399a7dfa78f77a0e4d7f/execute/sync'
07:20:59.246 [Forwarding getPageSource on session d5a600a106a3399a7dfa78f77a0e4d7f to remote] DEBUG org.asynchttpclient.netty.request.NettyRequestSender - Using open Channel [id: 0x116a0007, L:/127.0.0.1:63161 - R:localhost/127.0.0.1:27597] for POST '/session/d5a600a106a3399a7dfa78f77a0e4d7f/execute/sync'
07:20:59.252 [AsyncHttpClient-1-8] DEBUG org.asynchttpclient.netty.handler.HttpHandler - 

Request DefaultHttpRequest(decodeResult: success, version: HTTP/1.1)
POST /session/d5a600a106a3399a7dfa78f77a0e4d7f/execute/sync HTTP/1.1
User-Agent: selenium/4.8.1 (java windows)
Content-Length: 176
Content-Type: application/json; charset=utf-8
host: localhost:27597
accept: */*

Response DefaultHttpResponse(decodeResult: success, version: HTTP/1.1)
HTTP/1.1 200 OK
Content-Length: 14817
Content-Type: application/json; charset=utf-8
cache-control: no-cache

07:20:59.252 [AsyncHttpClient-1-8] DEBUG org.asynchttpclient.netty.channel.ChannelManager - Adding key: http://localhost:27597 for channel [id: 0x116a0007, L:/127.0.0.1:63161 - R:localhost/127.0.0.1:27597]
07:20:59.255 [Forwarding getCurrentUrl on session d5a600a106a3399a7dfa78f77a0e4d7f to remote] DEBUG org.asynchttpclient.netty.request.NettyRequestSender - Using pooled Channel '[id: 0x116a0007, L:/127.0.0.1:63161 - R:localhost/127.0.0.1:27597]' for 'GET' to 'http://localhost:27597/session/d5a600a106a3399a7dfa78f77a0e4d7f/url'
07:20:59.255 [Forwarding getCurrentUrl on session d5a600a106a3399a7dfa78f77a0e4d7f to remote] DEBUG org.asynchttpclient.netty.request.NettyRequestSender - Using open Channel [id: 0x116a0007, L:/127.0.0.1:63161 - R:localhost/127.0.0.1:27597] for GET '/session/d5a600a106a3399a7dfa78f77a0e4d7f/url'
07:20:59.260 [AsyncHttpClient-1-8] DEBUG org.asynchttpclient.netty.handler.HttpHandler - 

Request DefaultFullHttpRequest(decodeResult: success, version: HTTP/1.1, content: EmptyByteBufBE)
GET /session/d5a600a106a3399a7dfa78f77a0e4d7f/url HTTP/1.1
User-Agent: selenium/4.8.1 (java windows)
Cache-Control: no-cache
Content-Type: application/json; charset=utf-8
host: localhost:27597
accept: */*

Response DefaultHttpResponse(decodeResult: success, version: HTTP/1.1)
HTTP/1.1 200 OK
Content-Length: 38
Content-Type: application/json; charset=utf-8
cache-control: no-cache

07:20:59.260 [AsyncHttpClient-1-8] DEBUG org.asynchttpclient.netty.channel.ChannelManager - Adding key: http://localhost:27597 for channel [id: 0x116a0007, L:/127.0.0.1:63161 - R:localhost/127.0.0.1:27597]
07:20:59.270 [Forwarding getPageSource on session d5a600a106a3399a7dfa78f77a0e4d7f to remote] DEBUG org.asynchttpclient.netty.request.NettyRequestSender - Using pooled Channel '[id: 0x116a0007, L:/127.0.0.1:63161 - R:localhost/127.0.0.1:27597]' for 'POST' to 'http://localhost:27597/session/d5a600a106a3399a7dfa78f77a0e4d7f/execute/sync'
07:20:59.270 [Forwarding getPageSource on session d5a600a106a3399a7dfa78f77a0e4d7f to remote] DEBUG org.asynchttpclient.netty.request.NettyRequestSender - Using open Channel [id: 0x116a0007, L:/127.0.0.1:63161 - R:localhost/127.0.0.1:27597] for POST '/session/d5a600a106a3399a7dfa78f77a0e4d7f/execute/sync'
07:20:59.276 [AsyncHttpClient-1-8] DEBUG org.asynchttpclient.netty.handler.HttpHandler - 

Request DefaultHttpRequest(decodeResult: success, version: HTTP/1.1)
POST /session/d5a600a106a3399a7dfa78f77a0e4d7f/execute/sync HTTP/1.1
User-Agent: selenium/4.8.1 (java windows)
Content-Length: 176
Content-Type: application/json; charset=utf-8
host: localhost:27597
accept: */*

Response DefaultHttpResponse(decodeResult: success, version: HTTP/1.1)
HTTP/1.1 200 OK
Content-Length: 14817
Content-Type: application/json; charset=utf-8
cache-control: no-cache

07:20:59.276 [AsyncHttpClient-1-8] DEBUG org.asynchttpclient.netty.channel.ChannelManager - Adding key: http://localhost:27597 for channel [id: 0x116a0007, L:/127.0.0.1:63161 - R:localhost/127.0.0.1:27597]
07:20:59.278 [Forwarding getCurrentUrl on session d5a600a106a3399a7dfa78f77a0e4d7f to remote] DEBUG org.asynchttpclient.netty.request.NettyRequestSender - Using pooled Channel '[id: 0x116a0007, L:/127.0.0.1:63161 - R:localhost/127.0.0.1:27597]' for 'GET' to 'http://localhost:27597/session/d5a600a106a3399a7dfa78f77a0e4d7f/url'
07:20:59.279 [Forwarding getCurrentUrl on session d5a600a106a3399a7dfa78f77a0e4d7f to remote] DEBUG org.asynchttpclient.netty.request.NettyRequestSender - Using open Channel [id: 0x116a0007, L:/127.0.0.1:63161 - R:localhost/127.0.0.1:27597] for GET '/session/d5a600a106a3399a7dfa78f77a0e4d7f/url'
07:20:59.283 [AsyncHttpClient-1-8] DEBUG org.asynchttpclient.netty.handler.HttpHandler - 

Request DefaultFullHttpRequest(decodeResult: success, version: HTTP/1.1, content: EmptyByteBufBE)
GET /session/d5a600a106a3399a7dfa78f77a0e4d7f/url HTTP/1.1
User-Agent: selenium/4.8.1 (java windows)
Cache-Control: no-cache
Content-Type: application/json; charset=utf-8
host: localhost:27597
accept: */*

Response DefaultHttpResponse(decodeResult: success, version: HTTP/1.1)
HTTP/1.1 200 OK
Content-Length: 38
Content-Type: application/json; charset=utf-8
cache-control: no-cache

07:20:59.284 [AsyncHttpClient-1-8] DEBUG org.asynchttpclient.netty.channel.ChannelManager - Adding key: http://localhost:27597 for channel [id: 0x116a0007, L:/127.0.0.1:63161 - R:localhost/127.0.0.1:27597]
07:20:59.286 [main] DEBUG net.thucydides.core.steps.StepInterceptor - STARTING STEP: LoginSteps.iCanSeeErrorMessage - validateErrormessageDisplayed
07:20:59.289 [Forwarding findElement on session d5a600a106a3399a7dfa78f77a0e4d7f to remote] DEBUG org.asynchttpclient.netty.request.NettyRequestSender - Using pooled Channel '[id: 0x116a0007, L:/127.0.0.1:63161 - R:localhost/127.0.0.1:27597]' for 'POST' to 'http://localhost:27597/session/d5a600a106a3399a7dfa78f77a0e4d7f/element'
07:20:59.289 [Forwarding findElement on session d5a600a106a3399a7dfa78f77a0e4d7f to remote] DEBUG org.asynchttpclient.netty.request.NettyRequestSender - Using open Channel [id: 0x116a0007, L:/127.0.0.1:63161 - R:localhost/127.0.0.1:27597] for POST '/session/d5a600a106a3399a7dfa78f77a0e4d7f/element'
07:20:59.301 [AsyncHttpClient-1-8] DEBUG org.asynchttpclient.netty.handler.HttpHandler - 

Request DefaultHttpRequest(decodeResult: success, version: HTTP/1.1)
POST /session/d5a600a106a3399a7dfa78f77a0e4d7f/element HTTP/1.1
User-Agent: selenium/4.8.1 (java windows)
Content-Length: 71
Content-Type: application/json; charset=utf-8
host: localhost:27597
accept: */*

Response DefaultHttpResponse(decodeResult: success, version: HTTP/1.1)
HTTP/1.1 200 OK
Content-Length: 88
Content-Type: application/json; charset=utf-8
cache-control: no-cache

07:20:59.301 [AsyncHttpClient-1-8] DEBUG org.asynchttpclient.netty.channel.ChannelManager - Adding key: http://localhost:27597 for channel [id: 0x116a0007, L:/127.0.0.1:63161 - R:localhost/127.0.0.1:27597]
07:20:59.303 [Forwarding isElementDisplayed on session d5a600a106a3399a7dfa78f77a0e4d7f to remote] DEBUG org.asynchttpclient.netty.request.NettyRequestSender - Using pooled Channel '[id: 0x116a0007, L:/127.0.0.1:63161 - R:localhost/127.0.0.1:27597]' for 'POST' to 'http://localhost:27597/session/d5a600a106a3399a7dfa78f77a0e4d7f/execute/sync'
07:20:59.304 [Forwarding isElementDisplayed on session d5a600a106a3399a7dfa78f77a0e4d7f to remote] DEBUG org.asynchttpclient.netty.request.NettyRequestSender - Using open Channel [id: 0x116a0007, L:/127.0.0.1:63161 - R:localhost/127.0.0.1:27597] for POST '/session/d5a600a106a3399a7dfa78f77a0e4d7f/execute/sync'
07:20:59.317 [AsyncHttpClient-1-8] DEBUG org.asynchttpclient.netty.handler.HttpHandler - 

Request DefaultHttpRequest(decodeResult: success, version: HTTP/1.1)
POST /session/d5a600a106a3399a7dfa78f77a0e4d7f/execute/sync HTTP/1.1
User-Agent: selenium/4.8.1 (java windows)
Content-Length: 48807
Content-Type: application/json; charset=utf-8
host: localhost:27597
accept: */*

Response DefaultHttpResponse(decodeResult: success, version: HTTP/1.1)
HTTP/1.1 200 OK
Content-Length: 14
Content-Type: application/json; charset=utf-8
cache-control: no-cache

07:20:59.317 [AsyncHttpClient-1-8] DEBUG org.asynchttpclient.netty.channel.ChannelManager - Adding key: http://localhost:27597 for channel [id: 0x116a0007, L:/127.0.0.1:63161 - R:localhost/127.0.0.1:27597]
07:20:59.322 [Forwarding getAlertText on session d5a600a106a3399a7dfa78f77a0e4d7f to remote] DEBUG org.asynchttpclient.netty.request.NettyRequestSender - Using pooled Channel '[id: 0x116a0007, L:/127.0.0.1:63161 - R:localhost/127.0.0.1:27597]' for 'GET' to 'http://localhost:27597/session/d5a600a106a3399a7dfa78f77a0e4d7f/alert/text'
07:20:59.322 [Forwarding getAlertText on session d5a600a106a3399a7dfa78f77a0e4d7f to remote] DEBUG org.asynchttpclient.netty.request.NettyRequestSender - Using open Channel [id: 0x116a0007, L:/127.0.0.1:63161 - R:localhost/127.0.0.1:27597] for GET '/session/d5a600a106a3399a7dfa78f77a0e4d7f/alert/text'
07:20:59.324 [AsyncHttpClient-1-8] DEBUG org.asynchttpclient.netty.handler.HttpHandler - 

Request DefaultFullHttpRequest(decodeResult: success, version: HTTP/1.1, content: EmptyByteBufBE)
GET /session/d5a600a106a3399a7dfa78f77a0e4d7f/alert/text HTTP/1.1
User-Agent: selenium/4.8.1 (java windows)
Cache-Control: no-cache
Content-Type: application/json; charset=utf-8
host: localhost:27597
accept: */*

Response DefaultHttpResponse(decodeResult: success, version: HTTP/1.1)
HTTP/1.1 404 Not Found
Content-Length: 821
Content-Type: application/json; charset=utf-8
cache-control: no-cache

07:20:59.324 [AsyncHttpClient-1-8] DEBUG org.asynchttpclient.netty.channel.ChannelManager - Adding key: http://localhost:27597 for channel [id: 0x116a0007, L:/127.0.0.1:63161 - R:localhost/127.0.0.1:27597]
07:20:59.325 [Forwarding getCurrentUrl on session d5a600a106a3399a7dfa78f77a0e4d7f to remote] DEBUG org.asynchttpclient.netty.request.NettyRequestSender - Using pooled Channel '[id: 0x116a0007, L:/127.0.0.1:63161 - R:localhost/127.0.0.1:27597]' for 'GET' to 'http://localhost:27597/session/d5a600a106a3399a7dfa78f77a0e4d7f/url'
07:20:59.325 [Forwarding getCurrentUrl on session d5a600a106a3399a7dfa78f77a0e4d7f to remote] DEBUG org.asynchttpclient.netty.request.NettyRequestSender - Using open Channel [id: 0x116a0007, L:/127.0.0.1:63161 - R:localhost/127.0.0.1:27597] for GET '/session/d5a600a106a3399a7dfa78f77a0e4d7f/url'
07:20:59.330 [AsyncHttpClient-1-8] DEBUG org.asynchttpclient.netty.handler.HttpHandler - 

Request DefaultFullHttpRequest(decodeResult: success, version: HTTP/1.1, content: EmptyByteBufBE)
GET /session/d5a600a106a3399a7dfa78f77a0e4d7f/url HTTP/1.1
User-Agent: selenium/4.8.1 (java windows)
Cache-Control: no-cache
Content-Type: application/json; charset=utf-8
host: localhost:27597
accept: */*

Response DefaultHttpResponse(decodeResult: success, version: HTTP/1.1)
HTTP/1.1 200 OK
Content-Length: 38
Content-Type: application/json; charset=utf-8
cache-control: no-cache

07:20:59.330 [AsyncHttpClient-1-8] DEBUG org.asynchttpclient.netty.channel.ChannelManager - Adding key: http://localhost:27597 for channel [id: 0x116a0007, L:/127.0.0.1:63161 - R:localhost/127.0.0.1:27597]
07:20:59.331 [Forwarding screenshot on session d5a600a106a3399a7dfa78f77a0e4d7f to remote] DEBUG org.asynchttpclient.netty.request.NettyRequestSender - Using pooled Channel '[id: 0x116a0007, L:/127.0.0.1:63161 - R:localhost/127.0.0.1:27597]' for 'GET' to 'http://localhost:27597/session/d5a600a106a3399a7dfa78f77a0e4d7f/screenshot'
07:20:59.331 [Forwarding screenshot on session d5a600a106a3399a7dfa78f77a0e4d7f to remote] DEBUG org.asynchttpclient.netty.request.NettyRequestSender - Using open Channel [id: 0x116a0007, L:/127.0.0.1:63161 - R:localhost/127.0.0.1:27597] for GET '/session/d5a600a106a3399a7dfa78f77a0e4d7f/screenshot'
07:20:59.363 [AsyncHttpClient-1-1] DEBUG org.asynchttpclient.netty.channel.DefaultChannelPool - Entry count for : http://localhost:63162 : 1
07:20:59.416 [AsyncHttpClient-1-8] DEBUG org.asynchttpclient.netty.handler.HttpHandler - 

Request DefaultFullHttpRequest(decodeResult: success, version: HTTP/1.1, content: EmptyByteBufBE)
GET /session/d5a600a106a3399a7dfa78f77a0e4d7f/screenshot HTTP/1.1
User-Agent: selenium/4.8.1 (java windows)
Cache-Control: no-cache
Content-Type: application/json; charset=utf-8
host: localhost:27597
accept: */*

Response DefaultHttpResponse(decodeResult: success, version: HTTP/1.1)
HTTP/1.1 200 OK
Content-Length: 55552
Content-Type: application/json; charset=utf-8
cache-control: no-cache

07:20:59.416 [AsyncHttpClient-1-8] DEBUG org.asynchttpclient.netty.channel.ChannelManager - Adding key: http://localhost:27597 for channel [id: 0x116a0007, L:/127.0.0.1:63161 - R:localhost/127.0.0.1:27597]
07:20:59.418 [main] DEBUG net.serenitybdd.core.photography.Darkroom - Send negative for processing for target\site\serenity\9c00e7359e76bd5e0eb81d54b6111246e17e0ca32d821e3ce85992637e426196.png
07:20:59.418 [main] DEBUG net.thucydides.core.steps.StepInterceptor - STEP DONE: validateErrormessageDisplayed
07:20:59.425 [Forwarding getPageSource on session d5a600a106a3399a7dfa78f77a0e4d7f to remote] DEBUG org.asynchttpclient.netty.request.NettyRequestSender - Using pooled Channel '[id: 0x116a0007, L:/127.0.0.1:63161 - R:localhost/127.0.0.1:27597]' for 'POST' to 'http://localhost:27597/session/d5a600a106a3399a7dfa78f77a0e4d7f/execute/sync'
07:20:59.425 [Forwarding getPageSource on session d5a600a106a3399a7dfa78f77a0e4d7f to remote] DEBUG org.asynchttpclient.netty.request.NettyRequestSender - Using open Channel [id: 0x116a0007, L:/127.0.0.1:63161 - R:localhost/127.0.0.1:27597] for POST '/session/d5a600a106a3399a7dfa78f77a0e4d7f/execute/sync'
07:20:59.431 [AsyncHttpClient-1-8] DEBUG org.asynchttpclient.netty.handler.HttpHandler - 

Request DefaultHttpRequest(decodeResult: success, version: HTTP/1.1)
POST /session/d5a600a106a3399a7dfa78f77a0e4d7f/execute/sync HTTP/1.1
User-Agent: selenium/4.8.1 (java windows)
Content-Length: 176
Content-Type: application/json; charset=utf-8
host: localhost:27597
accept: */*

Response DefaultHttpResponse(decodeResult: success, version: HTTP/1.1)
HTTP/1.1 200 OK
Content-Length: 14817
Content-Type: application/json; charset=utf-8
cache-control: no-cache

07:20:59.431 [AsyncHttpClient-1-8] DEBUG org.asynchttpclient.netty.channel.ChannelManager - Adding key: http://localhost:27597 for channel [id: 0x116a0007, L:/127.0.0.1:63161 - R:localhost/127.0.0.1:27597]
07:20:59.433 [Forwarding getCurrentUrl on session d5a600a106a3399a7dfa78f77a0e4d7f to remote] DEBUG org.asynchttpclient.netty.request.NettyRequestSender - Using pooled Channel '[id: 0x116a0007, L:/127.0.0.1:63161 - R:localhost/127.0.0.1:27597]' for 'GET' to 'http://localhost:27597/session/d5a600a106a3399a7dfa78f77a0e4d7f/url'
07:20:59.433 [Forwarding getCurrentUrl on session d5a600a106a3399a7dfa78f77a0e4d7f to remote] DEBUG org.asynchttpclient.netty.request.NettyRequestSender - Using open Channel [id: 0x116a0007, L:/127.0.0.1:63161 - R:localhost/127.0.0.1:27597] for GET '/session/d5a600a106a3399a7dfa78f77a0e4d7f/url'
07:20:59.438 [AsyncHttpClient-1-8] DEBUG org.asynchttpclient.netty.handler.HttpHandler - 

Request DefaultFullHttpRequest(decodeResult: success, version: HTTP/1.1, content: EmptyByteBufBE)
GET /session/d5a600a106a3399a7dfa78f77a0e4d7f/url HTTP/1.1
User-Agent: selenium/4.8.1 (java windows)
Cache-Control: no-cache
Content-Type: application/json; charset=utf-8
host: localhost:27597
accept: */*

Response DefaultHttpResponse(decodeResult: success, version: HTTP/1.1)
HTTP/1.1 200 OK
Content-Length: 38
Content-Type: application/json; charset=utf-8
cache-control: no-cache

07:20:59.439 [AsyncHttpClient-1-8] DEBUG org.asynchttpclient.netty.channel.ChannelManager - Adding key: http://localhost:27597 for channel [id: 0x116a0007, L:/127.0.0.1:63161 - R:localhost/127.0.0.1:27597]
07:20:59.441 [main] DEBUG net.thucydides.core.steps.StepInterceptor - STARTING STEP: LoginSteps.iCanSeeErrorMessage - validateEqualErrorMessage
07:20:59.444 [Forwarding findElement on session d5a600a106a3399a7dfa78f77a0e4d7f to remote] DEBUG org.asynchttpclient.netty.request.NettyRequestSender - Using pooled Channel '[id: 0x116a0007, L:/127.0.0.1:63161 - R:localhost/127.0.0.1:27597]' for 'POST' to 'http://localhost:27597/session/d5a600a106a3399a7dfa78f77a0e4d7f/element'
07:20:59.444 [Forwarding findElement on session d5a600a106a3399a7dfa78f77a0e4d7f to remote] DEBUG org.asynchttpclient.netty.request.NettyRequestSender - Using open Channel [id: 0x116a0007, L:/127.0.0.1:63161 - R:localhost/127.0.0.1:27597] for POST '/session/d5a600a106a3399a7dfa78f77a0e4d7f/element'
07:20:59.451 [AsyncHttpClient-1-8] DEBUG org.asynchttpclient.netty.handler.HttpHandler - 

Request DefaultHttpRequest(decodeResult: success, version: HTTP/1.1)
POST /session/d5a600a106a3399a7dfa78f77a0e4d7f/element HTTP/1.1
User-Agent: selenium/4.8.1 (java windows)
Content-Length: 71
Content-Type: application/json; charset=utf-8
host: localhost:27597
accept: */*

Response DefaultHttpResponse(decodeResult: success, version: HTTP/1.1)
HTTP/1.1 200 OK
Content-Length: 88
Content-Type: application/json; charset=utf-8
cache-control: no-cache

07:20:59.452 [AsyncHttpClient-1-8] DEBUG org.asynchttpclient.netty.channel.ChannelManager - Adding key: http://localhost:27597 for channel [id: 0x116a0007, L:/127.0.0.1:63161 - R:localhost/127.0.0.1:27597]
07:20:59.453 [Forwarding getElementText on session d5a600a106a3399a7dfa78f77a0e4d7f to remote] DEBUG org.asynchttpclient.netty.request.NettyRequestSender - Using pooled Channel '[id: 0x116a0007, L:/127.0.0.1:63161 - R:localhost/127.0.0.1:27597]' for 'GET' to 'http://localhost:27597/session/d5a600a106a3399a7dfa78f77a0e4d7f/element/77de744c-dad1-45f4-ba52-833cd29a4497/text'
07:20:59.453 [Forwarding getElementText on session d5a600a106a3399a7dfa78f77a0e4d7f to remote] DEBUG org.asynchttpclient.netty.request.NettyRequestSender - Using open Channel [id: 0x116a0007, L:/127.0.0.1:63161 - R:localhost/127.0.0.1:27597] for GET '/session/d5a600a106a3399a7dfa78f77a0e4d7f/element/77de744c-dad1-45f4-ba52-833cd29a4497/text'
07:20:59.469 [AsyncHttpClient-1-8] DEBUG org.asynchttpclient.netty.handler.HttpHandler - 

Request DefaultFullHttpRequest(decodeResult: success, version: HTTP/1.1, content: EmptyByteBufBE)
GET /session/d5a600a106a3399a7dfa78f77a0e4d7f/element/77de744c-dad1-45f4-ba52-833cd29a4497/text HTTP/1.1
User-Agent: selenium/4.8.1 (java windows)
Cache-Control: no-cache
Content-Type: application/json; charset=utf-8
host: localhost:27597
accept: */*

Response DefaultHttpResponse(decodeResult: success, version: HTTP/1.1)
HTTP/1.1 200 OK
Content-Length: 85
Content-Type: application/json; charset=utf-8
cache-control: no-cache

07:20:59.469 [AsyncHttpClient-1-8] DEBUG org.asynchttpclient.netty.channel.ChannelManager - Adding key: http://localhost:27597 for channel [id: 0x116a0007, L:/127.0.0.1:63161 - R:localhost/127.0.0.1:27597]
07:20:59.475 [Forwarding getAlertText on session d5a600a106a3399a7dfa78f77a0e4d7f to remote] DEBUG org.asynchttpclient.netty.request.NettyRequestSender - Using pooled Channel '[id: 0x116a0007, L:/127.0.0.1:63161 - R:localhost/127.0.0.1:27597]' for 'GET' to 'http://localhost:27597/session/d5a600a106a3399a7dfa78f77a0e4d7f/alert/text'
07:20:59.475 [Forwarding getAlertText on session d5a600a106a3399a7dfa78f77a0e4d7f to remote] DEBUG org.asynchttpclient.netty.request.NettyRequestSender - Using open Channel [id: 0x116a0007, L:/127.0.0.1:63161 - R:localhost/127.0.0.1:27597] for GET '/session/d5a600a106a3399a7dfa78f77a0e4d7f/alert/text'
07:20:59.477 [AsyncHttpClient-1-8] DEBUG org.asynchttpclient.netty.handler.HttpHandler - 

Request DefaultFullHttpRequest(decodeResult: success, version: HTTP/1.1, content: EmptyByteBufBE)
GET /session/d5a600a106a3399a7dfa78f77a0e4d7f/alert/text HTTP/1.1
User-Agent: selenium/4.8.1 (java windows)
Cache-Control: no-cache
Content-Type: application/json; charset=utf-8
host: localhost:27597
accept: */*

Response DefaultHttpResponse(decodeResult: success, version: HTTP/1.1)
HTTP/1.1 404 Not Found
Content-Length: 821
Content-Type: application/json; charset=utf-8
cache-control: no-cache

07:20:59.477 [AsyncHttpClient-1-8] DEBUG org.asynchttpclient.netty.channel.ChannelManager - Adding key: http://localhost:27597 for channel [id: 0x116a0007, L:/127.0.0.1:63161 - R:localhost/127.0.0.1:27597]
07:20:59.478 [Forwarding getCurrentUrl on session d5a600a106a3399a7dfa78f77a0e4d7f to remote] DEBUG org.asynchttpclient.netty.request.NettyRequestSender - Using pooled Channel '[id: 0x116a0007, L:/127.0.0.1:63161 - R:localhost/127.0.0.1:27597]' for 'GET' to 'http://localhost:27597/session/d5a600a106a3399a7dfa78f77a0e4d7f/url'
07:20:59.478 [Forwarding getCurrentUrl on session d5a600a106a3399a7dfa78f77a0e4d7f to remote] DEBUG org.asynchttpclient.netty.request.NettyRequestSender - Using open Channel [id: 0x116a0007, L:/127.0.0.1:63161 - R:localhost/127.0.0.1:27597] for GET '/session/d5a600a106a3399a7dfa78f77a0e4d7f/url'
07:20:59.483 [AsyncHttpClient-1-8] DEBUG org.asynchttpclient.netty.handler.HttpHandler - 

Request DefaultFullHttpRequest(decodeResult: success, version: HTTP/1.1, content: EmptyByteBufBE)
GET /session/d5a600a106a3399a7dfa78f77a0e4d7f/url HTTP/1.1
User-Agent: selenium/4.8.1 (java windows)
Cache-Control: no-cache
Content-Type: application/json; charset=utf-8
host: localhost:27597
accept: */*

Response DefaultHttpResponse(decodeResult: success, version: HTTP/1.1)
HTTP/1.1 200 OK
Content-Length: 38
Content-Type: application/json; charset=utf-8
cache-control: no-cache

07:20:59.483 [AsyncHttpClient-1-8] DEBUG org.asynchttpclient.netty.channel.ChannelManager - Adding key: http://localhost:27597 for channel [id: 0x116a0007, L:/127.0.0.1:63161 - R:localhost/127.0.0.1:27597]
07:20:59.484 [Forwarding screenshot on session d5a600a106a3399a7dfa78f77a0e4d7f to remote] DEBUG org.asynchttpclient.netty.request.NettyRequestSender - Using pooled Channel '[id: 0x116a0007, L:/127.0.0.1:63161 - R:localhost/127.0.0.1:27597]' for 'GET' to 'http://localhost:27597/session/d5a600a106a3399a7dfa78f77a0e4d7f/screenshot'
07:20:59.484 [Forwarding screenshot on session d5a600a106a3399a7dfa78f77a0e4d7f to remote] DEBUG org.asynchttpclient.netty.request.NettyRequestSender - Using open Channel [id: 0x116a0007, L:/127.0.0.1:63161 - R:localhost/127.0.0.1:27597] for GET '/session/d5a600a106a3399a7dfa78f77a0e4d7f/screenshot'
07:20:59.573 [AsyncHttpClient-1-8] DEBUG org.asynchttpclient.netty.handler.HttpHandler - 

Request DefaultFullHttpRequest(decodeResult: success, version: HTTP/1.1, content: EmptyByteBufBE)
GET /session/d5a600a106a3399a7dfa78f77a0e4d7f/screenshot HTTP/1.1
User-Agent: selenium/4.8.1 (java windows)
Cache-Control: no-cache
Content-Type: application/json; charset=utf-8
host: localhost:27597
accept: */*

Response DefaultHttpResponse(decodeResult: success, version: HTTP/1.1)
HTTP/1.1 200 OK
Content-Length: 55552
Content-Type: application/json; charset=utf-8
cache-control: no-cache

07:20:59.573 [AsyncHttpClient-1-8] DEBUG org.asynchttpclient.netty.channel.ChannelManager - Adding key: http://localhost:27597 for channel [id: 0x116a0007, L:/127.0.0.1:63161 - R:localhost/127.0.0.1:27597]
07:20:59.576 [main] DEBUG net.serenitybdd.core.photography.Darkroom - Send negative for processing for target\site\serenity\9c00e7359e76bd5e0eb81d54b6111246e17e0ca32d821e3ce85992637e426196.png
07:20:59.576 [main] DEBUG net.thucydides.core.steps.StepInterceptor - STEP DONE: validateEqualErrorMessage
  &amp#27;[32mThen &amp#27;[0m&amp#27;[32mI can see error message &amp#27;[0m&amp#27;[32m&amp#27;[1m"Epic sadface: Sorry, this user has been locked out."&amp#27;[0m &amp#27;[90m# starter.stepdefinitions.LoginSteps.iCanSeeErrorMessage(java.lang.String)&amp#27;[0m
07:20:59.581 [main] INFO  - 
  _____   ___   ___   _____     ___     _     ___   ___   ___   ___  
 |_   _| | __| / __| |_   _|   | _ \   /_\   / __| / __| | __| |   \ 
   | |   | _|  \__ \   | |     |  _/  / _ \  \__ \ \__ \ | _|  | |) |
   |_|   |___| |___/   |_|     |_|   /_/ \_\ |___/ |___/ |___| |___/ 

As user, I have beed locked out
----------------------------------------------------------------------
07:20:59.582 [Driver Command Executor] DEBUG org.asynchttpclient.netty.request.NettyRequestSender - Using pooled Channel '[id: 0x116a0007, L:/127.0.0.1:63161 - R:localhost/127.0.0.1:27597]' for 'DELETE' to 'http://localhost:27597/session/d5a600a106a3399a7dfa78f77a0e4d7f'
07:20:59.583 [Driver Command Executor] DEBUG org.asynchttpclient.netty.request.NettyRequestSender - Using open Channel [id: 0x116a0007, L:/127.0.0.1:63161 - R:localhost/127.0.0.1:27597] for DELETE '/session/d5a600a106a3399a7dfa78f77a0e4d7f'
07:20:59.583 [AsyncHttpClient-1-10] DEBUG org.asynchttpclient.netty.handler.WebSocketHandler - Channel Closed: [id: 0xd5dfd13f, L:/127.0.0.1:63169 ! R:localhost/127.0.0.1:63162] with attribute NettyResponseFuture{currentRetry=0,
	isDone=1,
	isCancelled=0,
	asyncHandler=org.asynchttpclient.ws.WebSocketUpgradeHandler@6ddd7ee3,
	nettyRequest=org.asynchttpclient.netty.request.NettyRequest@28dfed3c,
	future=java.util.concurrent.CompletableFuture@6719fc39[Completed normally],
	uri=ws://localhost:63162/devtools/browser/d2d508b1-69f3-420f-9cde-db5339e99456,
	keepAlive=true,
	redirectCount=0,
	timeoutsHolder=null,
	inAuth=0,
	touch=1683246057417}
07:20:59.583 [AsyncHttpClient-1-10] DEBUG org.asynchttpclient.netty.channel.ChannelManager - Closing Channel [id: 0xd5dfd13f, L:/127.0.0.1:63169 ! R:localhost/127.0.0.1:63162] 
07:20:59.634 [AsyncHttpClient-1-9] DEBUG org.asynchttpclient.netty.handler.HttpHandler - Unexpected I/O exception on channel [id: 0x3a003dba, L:/127.0.0.1:63168 - R:localhost/127.0.0.1:63162]
java.net.SocketException: Connection reset
	at java.base/sun.nio.ch.SocketChannelImpl.throwConnectionReset(SocketChannelImpl.java:401)
	at java.base/sun.nio.ch.SocketChannelImpl.read(SocketChannelImpl.java:434)
	at io.netty.buffer.PooledByteBuf.setBytes(PooledByteBuf.java:259)
	at io.netty.buffer.AbstractByteBuf.writeBytes(AbstractByteBuf.java:1132)
	at io.netty.channel.socket.nio.NioSocketChannel.doReadBytes(NioSocketChannel.java:357)
	at io.netty.channel.nio.AbstractNioByteChannel$NioByteUnsafe.read(AbstractNioByteChannel.java:151)
	at io.netty.channel.nio.NioEventLoop.processSelectedKey(NioEventLoop.java:788)
	at io.netty.channel.nio.NioEventLoop.processSelectedKeysOptimized(NioEventLoop.java:724)
	at io.netty.channel.nio.NioEventLoop.processSelectedKeys(NioEventLoop.java:650)
	at io.netty.channel.nio.NioEventLoop.run(NioEventLoop.java:562)
	at io.netty.util.concurrent.SingleThreadEventExecutor$4.run(SingleThreadEventExecutor.java:997)
	at io.netty.util.internal.ThreadExecutorMap$2.run(ThreadExecutorMap.java:74)
	at io.netty.util.concurrent.FastThreadLocalRunnable.run(FastThreadLocalRunnable.java:30)
	at java.base/java.lang.Thread.run(Thread.java:1589)
07:20:59.635 [AsyncHttpClient-1-9] DEBUG org.asynchttpclient.netty.channel.ChannelManager - Closing Channel [id: 0x3a003dba, L:/127.0.0.1:63168 - R:localhost/127.0.0.1:63162] 
07:20:59.636 [AsyncHttpClient-1-9] DEBUG org.asynchttpclient.netty.handler.HttpHandler - Channel Closed: [id: 0x3a003dba, L:/127.0.0.1:63168 ! R:localhost/127.0.0.1:63162] with attribute DISCARD
07:20:59.648 [AsyncHttpClient-1-8] DEBUG org.asynchttpclient.netty.handler.HttpHandler - 

Request DefaultFullHttpRequest(decodeResult: success, version: HTTP/1.1, content: EmptyByteBufBE)
DELETE /session/d5a600a106a3399a7dfa78f77a0e4d7f HTTP/1.1
User-Agent: selenium/4.8.1 (java windows)
Content-Type: application/json; charset=utf-8
host: localhost:27597
accept: */*

Response DefaultHttpResponse(decodeResult: success, version: HTTP/1.1)
HTTP/1.1 200 OK
Content-Length: 14
Content-Type: application/json; charset=utf-8
cache-control: no-cache

07:20:59.649 [AsyncHttpClient-1-8] DEBUG org.asynchttpclient.netty.channel.ChannelManager - Adding key: http://localhost:27597 for channel [id: 0x116a0007, L:/127.0.0.1:63161 - R:localhost/127.0.0.1:27597]
07:20:59.712 [AsyncHttpClient-1-8] DEBUG org.asynchttpclient.netty.handler.HttpHandler - Channel Closed: [id: 0x116a0007, L:/127.0.0.1:63161 ! R:localhost/127.0.0.1:27597] with attribute DISCARD
]]></system-out>
    <system-err><![CDATA[Starting ChromeDriver 112.0.5615.49 (bd2a7bcb881c11e8cfe3078709382934e3916914-refs/branch-heads/5615@{#936}) on port 27597
Only local connections are allowed.
Please see https://chromedriver.chromium.org/security-considerations for suggestions on keeping ChromeDriver safe.
ChromeDriver was started successfully.
May 05, 2023 7:20:57 AM org.openqa.selenium.devtools.CdpVersionFinder findNearestMatch
WARNING: Unable to find an exact match for CDP version 112, so returning the closest version found: 110
]]></system-err>
  </testcase>
</testsuite>