<?xml version="1.0" encoding="UTF-8"?>
<testsuite xmlns:xsi="http://www.w3.org/2001/XMLSchema-instance" xsi:noNamespaceSchemaLocation="https://maven.apache.org/surefire/maven-failsafe-plugin/xsd/failsafe-test-report-3.0.xsd" version="3.0" name="starter.CucumberTestSuite" time="58.032" tests="4" errors="2" skipped="0" failures="0">
  <properties>
    <property name="java.specification.version" value="19"/>
    <property name="webdriver.chrome.driver" value="src/test/resources/webdriver/chromedriver.exe"/>
    <property name="sun.cpu.isalist" value="amd64"/>
    <property name="sun.jnu.encoding" value="Cp1252"/>
    <property name="java.class.path" value="C:\Users\WINDOWS 11\IdeaProjects\Prioritas2-Web-Test\target\test-classes;C:\Users\WINDOWS 11\.m2\repository\net\serenity-bdd\serenity-core\3.6.21\serenity-core-3.6.21.jar;C:\Users\WINDOWS 11\.m2\repository\net\serenity-bdd\serenity-model\3.6.21\serenity-model-3.6.21.jar;C:\Users\WINDOWS 11\.m2\repository\org\apache\commons\commons-text\1.10.0\commons-text-1.10.0.jar;C:\Users\WINDOWS 11\.m2\repository\commons-net\commons-net\3.9.0\commons-net-3.9.0.jar;C:\Users\WINDOWS 11\.m2\repository\com\google\guava\guava\31.1-jre\guava-31.1-jre.jar;C:\Users\WINDOWS 11\.m2\repository\com\google\guava\failureaccess\1.0.1\failureaccess-1.0.1.jar;C:\Users\WINDOWS 11\.m2\repository\com\google\guava\listenablefuture\9999.0-empty-to-avoid-conflict-with-guava\listenablefuture-9999.0-empty-to-avoid-conflict-with-guava.jar;C:\Users\WINDOWS 11\.m2\repository\com\google\code\findbugs\jsr305\3.0.2\jsr305-3.0.2.jar;C:\Users\WINDOWS 11\.m2\repository\org\checkerframework\checker-qual\3.12.0\checker-qual-3.12.0.jar;C:\Users\WINDOWS 11\.m2\repository\com\google\errorprone\error_prone_annotations\2.11.0\error_prone_annotations-2.11.0.jar;C:\Users\WINDOWS 11\.m2\repository\com\google\j2objc\j2objc-annotations\1.3\j2objc-annotations-1.3.jar;C:\Users\WINDOWS 11\.m2\repository\com\google\inject\guice\5.1.0\guice-5.1.0.jar;C:\Users\WINDOWS 11\.m2\repository\javax\inject\javax.inject\1\javax.inject-1.jar;C:\Users\WINDOWS 11\.m2\repository\aopalliance\aopalliance\1.0\aopalliance-1.0.jar;C:\Users\WINDOWS 11\.m2\repository\org\jsoup\jsoup\1.14.3\jsoup-1.14.3.jar;C:\Users\WINDOWS 11\.m2\repository\com\thoughtworks\xstream\xstream\1.4.20\xstream-1.4.20.jar;C:\Users\WINDOWS 11\.m2\repository\io\github\x-stream\mxparser\1.2.2\mxparser-1.2.2.jar;C:\Users\WINDOWS 11\.m2\repository\xmlpull\xmlpull\1.1.3.1\xmlpull-1.1.3.1.jar;C:\Users\WINDOWS 11\.m2\repository\com\typesafe\config\1.4.2\config-1.4.2.jar;C:\Users\WINDOWS 11\.m2\repository\org\imgscalr\imgscalr-lib\4.2\imgscalr-lib-4.2.jar;C:\Users\WINDOWS 11\.m2\repository\org\awaitility\awaitility\4.2.0\awaitility-4.2.0.jar;C:\Users\WINDOWS 11\.m2\repository\org\freemarker\freemarker\2.3.31\freemarker-2.3.31.jar;C:\Users\WINDOWS 11\.m2\repository\io\github\classgraph\classgraph\4.8.138\classgraph-4.8.138.jar;C:\Users\WINDOWS 11\.m2\repository\net\sourceforge\jexcelapi\jxl\2.6.12\jxl-2.6.12.jar;C:\Users\WINDOWS 11\.m2\repository\net\bytebuddy\byte-buddy-agent\1.14.2\byte-buddy-agent-1.14.2.jar;C:\Users\WINDOWS 11\.m2\repository\org\objenesis\objenesis\3.3\objenesis-3.3.jar;C:\Users\WINDOWS 11\.m2\repository\net\serenity-bdd\serenity-reports\3.6.21\serenity-reports-3.6.21.jar;C:\Users\WINDOWS 11\.m2\repository\net\serenity-bdd\serenity-stats\3.6.21\serenity-stats-3.6.21.jar;C:\Users\WINDOWS 11\.m2\repository\net\serenity-bdd\serenity-reports-configuration\3.6.21\serenity-reports-configuration-3.6.21.jar;C:\Users\WINDOWS 11\.m2\repository\com\vladsch\flexmark\flexmark-all\0.62.2\flexmark-all-0.62.2.jar;C:\Users\WINDOWS 11\.m2\repository\com\vladsch\flexmark\flexmark\0.62.2\flexmark-0.62.2.jar;C:\Users\WINDOWS 11\.m2\repository\com\vladsch\flexmark\flexmark-ext-abbreviation\0.62.2\flexmark-ext-abbreviation-0.62.2.jar;C:\Users\WINDOWS 11\.m2\repository\com\vladsch\flexmark\flexmark-util\0.62.2\flexmark-util-0.62.2.jar;C:\Users\WINDOWS 11\.m2\repository\com\vladsch\flexmark\flexmark-ext-admonition\0.62.2\flexmark-ext-admonition-0.62.2.jar;C:\Users\WINDOWS 11\.m2\repository\com\vladsch\flexmark\flexmark-ext-anchorlink\0.62.2\flexmark-ext-anchorlink-0.62.2.jar;C:\Users\WINDOWS 11\.m2\repository\com\vladsch\flexmark\flexmark-ext-aside\0.62.2\flexmark-ext-aside-0.62.2.jar;C:\Users\WINDOWS 11\.m2\repository\com\vladsch\flexmark\flexmark-ext-attributes\0.62.2\flexmark-ext-attributes-0.62.2.jar;C:\Users\WINDOWS 11\.m2\repository\com\vladsch\flexmark\flexmark-ext-autolink\0.62.2\flexmark-ext-autolink-0.62.2.jar;C:\Users\WINDOWS 11\.m2\repository\org\nibor\autolink\autolink\0.6.0\autolink-0.6.0.jar;C:\Users\WINDOWS 11\.m2\repository\com\vladsch\flexmark\flexmark-ext-definition\0.62.2\flexmark-ext-definition-0.62.2.jar;C:\Users\WINDOWS 11\.m2\repository\com\vladsch\flexmark\flexmark-ext-emoji\0.62.2\flexmark-ext-emoji-0.62.2.jar;C:\Users\WINDOWS 11\.m2\repository\com\vladsch\flexmark\flexmark-ext-enumerated-reference\0.62.2\flexmark-ext-enumerated-reference-0.62.2.jar;C:\Users\WINDOWS 11\.m2\repository\com\vladsch\flexmark\flexmark-ext-escaped-character\0.62.2\flexmark-ext-escaped-character-0.62.2.jar;C:\Users\WINDOWS 11\.m2\repository\com\vladsch\flexmark\flexmark-ext-footnotes\0.62.2\flexmark-ext-footnotes-0.62.2.jar;C:\Users\WINDOWS 11\.m2\repository\com\vladsch\flexmark\flexmark-ext-gfm-issues\0.62.2\flexmark-ext-gfm-issues-0.62.2.jar;C:\Users\WINDOWS 11\.m2\repository\com\vladsch\flexmark\flexmark-ext-gfm-strikethrough\0.62.2\flexmark-ext-gfm-strikethrough-0.62.2.jar;C:\Users\WINDOWS 11\.m2\repository\com\vladsch\flexmark\flexmark-ext-gfm-tasklist\0.62.2\flexmark-ext-gfm-tasklist-0.62.2.jar;C:\Users\WINDOWS 11\.m2\repository\com\vladsch\flexmark\flexmark-ext-gfm-users\0.62.2\flexmark-ext-gfm-users-0.62.2.jar;C:\Users\WINDOWS 11\.m2\repository\com\vladsch\flexmark\flexmark-ext-gitlab\0.62.2\flexmark-ext-gitlab-0.62.2.jar;C:\Users\WINDOWS 11\.m2\repository\com\vladsch\flexmark\flexmark-ext-jekyll-front-matter\0.62.2\flexmark-ext-jekyll-front-matter-0.62.2.jar;C:\Users\WINDOWS 11\.m2\repository\com\vladsch\flexmark\flexmark-ext-jekyll-tag\0.62.2\flexmark-ext-jekyll-tag-0.62.2.jar;C:\Users\WINDOWS 11\.m2\repository\com\vladsch\flexmark\flexmark-ext-media-tags\0.62.2\flexmark-ext-media-tags-0.62.2.jar;C:\Users\WINDOWS 11\.m2\repository\com\vladsch\flexmark\flexmark-ext-macros\0.62.2\flexmark-ext-macros-0.62.2.jar;C:\Users\WINDOWS 11\.m2\repository\com\vladsch\flexmark\flexmark-ext-ins\0.62.2\flexmark-ext-ins-0.62.2.jar;C:\Users\WINDOWS 11\.m2\repository\com\vladsch\flexmark\flexmark-ext-xwiki-macros\0.62.2\flexmark-ext-xwiki-macros-0.62.2.jar;C:\Users\WINDOWS 11\.m2\repository\com\vladsch\flexmark\flexmark-ext-superscript\0.62.2\flexmark-ext-superscript-0.62.2.jar;C:\Users\WINDOWS 11\.m2\repository\com\vladsch\flexmark\flexmark-ext-tables\0.62.2\flexmark-ext-tables-0.62.2.jar;C:\Users\WINDOWS 11\.m2\repository\com\vladsch\flexmark\flexmark-ext-toc\0.62.2\flexmark-ext-toc-0.62.2.jar;C:\Users\WINDOWS 11\.m2\repository\com\vladsch\flexmark\flexmark-ext-typographic\0.62.2\flexmark-ext-typographic-0.62.2.jar;C:\Users\WINDOWS 11\.m2\repository\com\vladsch\flexmark\flexmark-ext-wikilink\0.62.2\flexmark-ext-wikilink-0.62.2.jar;C:\Users\WINDOWS 11\.m2\repository\com\vladsch\flexmark\flexmark-ext-yaml-front-matter\0.62.2\flexmark-ext-yaml-front-matter-0.62.2.jar;C:\Users\WINDOWS 11\.m2\repository\com\vladsch\flexmark\flexmark-ext-youtube-embedded\0.62.2\flexmark-ext-youtube-embedded-0.62.2.jar;C:\Users\WINDOWS 11\.m2\repository\com\vladsch\flexmark\flexmark-html2md-converter\0.62.2\flexmark-html2md-converter-0.62.2.jar;C:\Users\WINDOWS 11\.m2\repository\com\vladsch\flexmark\flexmark-jira-converter\0.62.2\flexmark-jira-converter-0.62.2.jar;C:\Users\WINDOWS 11\.m2\repository\com\vladsch\flexmark\flexmark-pdf-converter\0.62.2\flexmark-pdf-converter-0.62.2.jar;C:\Users\WINDOWS 11\.m2\repository\com\openhtmltopdf\openhtmltopdf-core\1.0.0\openhtmltopdf-core-1.0.0.jar;C:\Users\WINDOWS 11\.m2\repository\com\openhtmltopdf\openhtmltopdf-pdfbox\1.0.0\openhtmltopdf-pdfbox-1.0.0.jar;C:\Users\WINDOWS 11\.m2\repository\org\apache\pdfbox\pdfbox\2.0.16\pdfbox-2.0.16.jar;C:\Users\WINDOWS 11\.m2\repository\org\apache\pdfbox\fontbox\2.0.16\fontbox-2.0.16.jar;C:\Users\WINDOWS 11\.m2\repository\org\apache\pdfbox\xmpbox\2.0.16\xmpbox-2.0.16.jar;C:\Users\WINDOWS 11\.m2\repository\de\rototor\pdfbox\graphics2d\0.24\graphics2d-0.24.jar;C:\Users\WINDOWS 11\.m2\repository\com\openhtmltopdf\openhtmltopdf-rtl-support\1.0.0\openhtmltopdf-rtl-support-1.0.0.jar;C:\Users\WINDOWS 11\.m2\repository\com\openhtmltopdf\openhtmltopdf-jsoup-dom-converter\1.0.0\openhtmltopdf-jsoup-dom-converter-1.0.0.jar;C:\Users\WINDOWS 11\.m2\repository\com\vladsch\flexmark\flexmark-profile-pegdown\0.62.2\flexmark-profile-pegdown-0.62.2.jar;C:\Users\WINDOWS 11\.m2\repository\com\vladsch\flexmark\flexmark-util-ast\0.62.2\flexmark-util-ast-0.62.2.jar;C:\Users\WINDOWS 11\.m2\repository\com\vladsch\flexmark\flexmark-util-builder\0.62.2\flexmark-util-builder-0.62.2.jar;C:\Users\WINDOWS 11\.m2\repository\com\vladsch\flexmark\flexmark-util-collection\0.62.2\flexmark-util-collection-0.62.2.jar;C:\Users\WINDOWS 11\.m2\repository\com\vladsch\flexmark\flexmark-util-data\0.62.2\flexmark-util-data-0.62.2.jar;C:\Users\WINDOWS 11\.m2\repository\com\vladsch\flexmark\flexmark-util-dependency\0.62.2\flexmark-util-dependency-0.62.2.jar;C:\Users\WINDOWS 11\.m2\repository\com\vladsch\flexmark\flexmark-util-format\0.62.2\flexmark-util-format-0.62.2.jar;C:\Users\WINDOWS 11\.m2\repository\com\vladsch\flexmark\flexmark-util-html\0.62.2\flexmark-util-html-0.62.2.jar;C:\Users\WINDOWS 11\.m2\repository\com\vladsch\flexmark\flexmark-util-misc\0.62.2\flexmark-util-misc-0.62.2.jar;C:\Users\WINDOWS 11\.m2\repository\com\vladsch\flexmark\flexmark-util-options\0.62.2\flexmark-util-options-0.62.2.jar;C:\Users\WINDOWS 11\.m2\repository\com\vladsch\flexmark\flexmark-util-sequence\0.62.2\flexmark-util-sequence-0.62.2.jar;C:\Users\WINDOWS 11\.m2\repository\com\vladsch\flexmark\flexmark-util-visitor\0.62.2\flexmark-util-visitor-0.62.2.jar;C:\Users\WINDOWS 11\.m2\repository\com\vladsch\flexmark\flexmark-youtrack-converter\0.62.2\flexmark-youtrack-converter-0.62.2.jar;C:\Users\WINDOWS 11\.m2\repository\com\ibm\icu\icu4j\72.1\icu4j-72.1.jar;C:\Users\WINDOWS 11\.m2\repository\es\nitaur\markdown\txtmark\0.16\txtmark-0.16.jar;C:\Users\WINDOWS 11\.m2\repository\net\serenity-bdd\serenity-report-resources\3.6.21\serenity-report-resources-3.6.21.jar;C:\Users\WINDOWS 11\.m2\repository\com\google\code\gson\gson\2.10.1\gson-2.10.1.jar;C:\Users\WINDOWS 11\.m2\repository\com\fasterxml\jackson\core\jackson-core\2.15.0-rc1\jackson-core-2.15.0-rc1.jar;C:\Users\WINDOWS 11\.m2\repository\com\fasterxml\jackson\core\jackson-databind\2.15.0-rc1\jackson-databind-2.15.0-rc1.jar;C:\Users\WINDOWS 11\.m2\repository\com\fasterxml\jackson\core\jackson-annotations\2.15.0-rc1\jackson-annotations-2.15.0-rc1.jar;C:\Users\WINDOWS 11\.m2\repository\commons-codec\commons-codec\1.15\commons-codec-1.15.jar;C:\Users\WINDOWS 11\.m2\repository\commons-io\commons-io\2.11.0\commons-io-2.11.0.jar;C:\Users\WINDOWS 11\.m2\repository\org\apache\httpcomponents\httpclient\4.5.13\httpclient-4.5.13.jar;C:\Users\WINDOWS 11\.m2\repository\org\apache\httpcomponents\httpcore\4.4.13\httpcore-4.4.13.jar;C:\Users\WINDOWS 11\.m2\repository\commons-logging\commons-logging\1.2\commons-logging-1.2.jar;C:\Users\WINDOWS 11\.m2\repository\org\seleniumhq\selenium\selenium-java\4.8.1\selenium-java-4.8.1.jar;C:\Users\WINDOWS 11\.m2\repository\org\seleniumhq\selenium\selenium-devtools-v108\4.8.1\selenium-devtools-v108-4.8.1.jar;C:\Users\WINDOWS 11\.m2\repository\org\seleniumhq\selenium\selenium-devtools-v109\4.8.1\selenium-devtools-v109-4.8.1.jar;C:\Users\WINDOWS 11\.m2\repository\org\seleniumhq\selenium\selenium-devtools-v110\4.8.1\selenium-devtools-v110-4.8.1.jar;C:\Users\WINDOWS 11\.m2\repository\org\seleniumhq\selenium\selenium-devtools-v85\4.8.1\selenium-devtools-v85-4.8.1.jar;C:\Users\WINDOWS 11\.m2\repository\org\seleniumhq\selenium\selenium-remote-driver\4.8.1\selenium-remote-driver-4.8.1.jar;C:\Users\WINDOWS 11\.m2\repository\com\beust\jcommander\1.82\jcommander-1.82.jar;C:\Users\WINDOWS 11\.m2\repository\io\netty\netty-buffer\4.1.87.Final\netty-buffer-4.1.87.Final.jar;C:\Users\WINDOWS 11\.m2\repository\io\netty\netty-codec-http\4.1.87.Final\netty-codec-http-4.1.87.Final.jar;C:\Users\WINDOWS 11\.m2\repository\io\netty\netty-codec\4.1.87.Final\netty-codec-4.1.87.Final.jar;C:\Users\WINDOWS 11\.m2\repository\io\netty\netty-handler\4.1.87.Final\netty-handler-4.1.87.Final.jar;C:\Users\WINDOWS 11\.m2\repository\io\netty\netty-common\4.1.87.Final\netty-common-4.1.87.Final.jar;C:\Users\WINDOWS 11\.m2\repository\io\netty\netty-transport-classes-epoll\4.1.87.Final\netty-transport-classes-epoll-4.1.87.Final.jar;C:\Users\WINDOWS 11\.m2\repository\io\netty\netty-transport-classes-kqueue\4.1.87.Final\netty-transport-classes-kqueue-4.1.87.Final.jar;C:\Users\WINDOWS 11\.m2\repository\io\netty\netty-transport-native-epoll\4.1.87.Final\netty-transport-native-epoll-4.1.87.Final.jar;C:\Users\WINDOWS 11\.m2\repository\io\netty\netty-transport-native-kqueue\4.1.87.Final\netty-transport-native-kqueue-4.1.87.Final.jar;C:\Users\WINDOWS 11\.m2\repository\io\netty\netty-transport-native-unix-common\4.1.87.Final\netty-transport-native-unix-common-4.1.87.Final.jar;C:\Users\WINDOWS 11\.m2\repository\io\netty\netty-transport\4.1.87.Final\netty-transport-4.1.87.Final.jar;C:\Users\WINDOWS 11\.m2\repository\io\netty\netty-resolver\4.1.87.Final\netty-resolver-4.1.87.Final.jar;C:\Users\WINDOWS 11\.m2\repository\io\opentelemetry\opentelemetry-api\1.22.0\opentelemetry-api-1.22.0.jar;C:\Users\WINDOWS 11\.m2\repository\io\opentelemetry\opentelemetry-context\1.22.0\opentelemetry-context-1.22.0.jar;C:\Users\WINDOWS 11\.m2\repository\io\opentelemetry\opentelemetry-exporter-logging\1.22.0\opentelemetry-exporter-logging-1.22.0.jar;C:\Users\WINDOWS 11\.m2\repository\io\opentelemetry\opentelemetry-sdk-metrics\1.22.0\opentelemetry-sdk-metrics-1.22.0.jar;C:\Users\WINDOWS 11\.m2\repository\io\opentelemetry\opentelemetry-sdk-logs\1.22.0-alpha\opentelemetry-sdk-logs-1.22.0-alpha.jar;C:\Users\WINDOWS 11\.m2\repository\io\opentelemetry\opentelemetry-api-logs\1.22.0-alpha\opentelemetry-api-logs-1.22.0-alpha.jar;C:\Users\WINDOWS 11\.m2\repository\io\opentelemetry\opentelemetry-sdk-common\1.22.0\opentelemetry-sdk-common-1.22.0.jar;C:\Users\WINDOWS 11\.m2\repository\io\opentelemetry\opentelemetry-sdk-extension-autoconfigure-spi\1.22.0\opentelemetry-sdk-extension-autoconfigure-spi-1.22.0.jar;C:\Users\WINDOWS 11\.m2\repository\io\opentelemetry\opentelemetry-sdk-extension-autoconfigure\1.22.0-alpha\opentelemetry-sdk-extension-autoconfigure-1.22.0-alpha.jar;C:\Users\WINDOWS 11\.m2\repository\io\opentelemetry\opentelemetry-sdk-trace\1.22.0\opentelemetry-sdk-trace-1.22.0.jar;C:\Users\WINDOWS 11\.m2\repository\io\opentelemetry\opentelemetry-sdk\1.22.0\opentelemetry-sdk-1.22.0.jar;C:\Users\WINDOWS 11\.m2\repository\io\opentelemetry\opentelemetry-semconv\1.22.0-alpha\opentelemetry-semconv-1.22.0-alpha.jar;C:\Users\WINDOWS 11\.m2\repository\io\ous\jtoml\2.0.0\jtoml-2.0.0.jar;C:\Users\WINDOWS 11\.m2\repository\org\apache\commons\commons-exec\1.3\commons-exec-1.3.jar;C:\Users\WINDOWS 11\.m2\repository\org\asynchttpclient\async-http-client\2.12.3\async-http-client-2.12.3.jar;C:\Users\WINDOWS 11\.m2\repository\org\asynchttpclient\async-http-client-netty-utils\2.12.3\async-http-client-netty-utils-2.12.3.jar;C:\Users\WINDOWS 11\.m2\repository\io\netty\netty-codec-socks\4.1.60.Final\netty-codec-socks-4.1.60.Final.jar;C:\Users\WINDOWS 11\.m2\repository\io\netty\netty-handler-proxy\4.1.60.Final\netty-handler-proxy-4.1.60.Final.jar;C:\Users\WINDOWS 11\.m2\repository\io\netty\netty-transport-native-epoll\4.1.60.Final\netty-transport-native-epoll-4.1.60.Final-linux-x86_64.jar;C:\Users\WINDOWS 11\.m2\repository\io\netty\netty-transport-native-kqueue\4.1.60.Final\netty-transport-native-kqueue-4.1.60.Final-osx-x86_64.jar;C:\Users\WINDOWS 11\.m2\repository\org\reactivestreams\reactive-streams\1.0.3\reactive-streams-1.0.3.jar;C:\Users\WINDOWS 11\.m2\repository\com\typesafe\netty\netty-reactive-streams\2.0.4\netty-reactive-streams-2.0.4.jar;C:\Users\WINDOWS 11\.m2\repository\org\seleniumhq\selenium\selenium-manager\4.8.1\selenium-manager-4.8.1.jar;C:\Users\WINDOWS 11\.m2\repository\org\seleniumhq\selenium\selenium-safari-driver\4.8.1\selenium-safari-driver-4.8.1.jar;C:\Users\WINDOWS 11\.m2\repository\org\seleniumhq\selenium\selenium-api\4.8.1\selenium-api-4.8.1.jar;C:\Users\WINDOWS 11\.m2\repository\org\seleniumhq\selenium\selenium-support\4.8.1\selenium-support-4.8.1.jar;C:\Users\WINDOWS 11\.m2\repository\com\google\auto\service\auto-service-annotations\1.0.1\auto-service-annotations-1.0.1.jar;C:\Users\WINDOWS 11\.m2\repository\com\google\auto\service\auto-service\1.0.1\auto-service-1.0.1.jar;C:\Users\WINDOWS 11\.m2\repository\com\google\auto\auto-common\1.2\auto-common-1.2.jar;C:\Users\WINDOWS 11\.m2\repository\org\seleniumhq\selenium\selenium-json\4.8.1\selenium-json-4.8.1.jar;C:\Users\WINDOWS 11\.m2\repository\org\seleniumhq\selenium\selenium-chrome-driver\4.8.1\selenium-chrome-driver-4.8.1.jar;C:\Users\WINDOWS 11\.m2\repository\org\seleniumhq\selenium\selenium-chromium-driver\4.8.1\selenium-chromium-driver-4.8.1.jar;C:\Users\WINDOWS 11\.m2\repository\org\seleniumhq\selenium\selenium-firefox-driver\4.8.1\selenium-firefox-driver-4.8.1.jar;C:\Users\WINDOWS 11\.m2\repository\org\seleniumhq\selenium\selenium-http\4.8.1\selenium-http-4.8.1.jar;C:\Users\WINDOWS 11\.m2\repository\dev\failsafe\failsafe\3.3.0\failsafe-3.3.0.jar;C:\Users\WINDOWS 11\.m2\repository\org\seleniumhq\selenium\selenium-edge-driver\4.8.1\selenium-edge-driver-4.8.1.jar;C:\Users\WINDOWS 11\.m2\repository\org\seleniumhq\selenium\selenium-ie-driver\4.8.1\selenium-ie-driver-4.8.1.jar;C:\Users\WINDOWS 11\.m2\repository\org\projectlombok\lombok\1.18.20\lombok-1.18.20.jar;C:\Users\WINDOWS 11\.m2\repository\io\appium\java-client\8.3.0\java-client-8.3.0.jar;C:\Users\WINDOWS 11\.m2\repository\commons-validator\commons-validator\1.7\commons-validator-1.7.jar;C:\Users\WINDOWS 11\.m2\repository\commons-digester\commons-digester\2.1\commons-digester-2.1.jar;C:\Users\WINDOWS 11\.m2\repository\org\apache\groovy\groovy\4.0.10\groovy-4.0.10.jar;C:\Users\WINDOWS 11\.m2\repository\net\sf\opencsv\opencsv\2.0\opencsv-2.0.jar;C:\Users\WINDOWS 11\.m2\repository\commons-beanutils\commons-beanutils\1.9.4\commons-beanutils-1.9.4.jar;C:\Users\WINDOWS 11\.m2\repository\org\apache\commons\commons-lang3\3.12.0\commons-lang3-3.12.0.jar;C:\Users\WINDOWS 11\.m2\repository\commons-collections\commons-collections\3.2.2\commons-collections-3.2.2.jar;C:\Users\WINDOWS 11\.m2\repository\org\fluentlenium\fluentlenium-core\0.10.2\fluentlenium-core-0.10.2.jar;C:\Users\WINDOWS 11\.m2\repository\io\github\bonigarcia\webdrivermanager\5.3.0\webdrivermanager-5.3.0.jar;C:\Users\WINDOWS 11\.m2\repository\com\github\docker-java\docker-java\3.2.13\docker-java-3.2.13.jar;C:\Users\WINDOWS 11\.m2\repository\com\github\docker-java\docker-java-core\3.2.13\docker-java-core-3.2.13.jar;C:\Users\WINDOWS 11\.m2\repository\com\github\docker-java\docker-java-api\3.2.13\docker-java-api-3.2.13.jar;C:\Users\WINDOWS 11\.m2\repository\org\apache\commons\commons-compress\1.21\commons-compress-1.21.jar;C:\Users\WINDOWS 11\.m2\repository\org\bouncycastle\bcpkix-jdk15on\1.64\bcpkix-jdk15on-1.64.jar;C:\Users\WINDOWS 11\.m2\repository\org\bouncycastle\bcprov-jdk15on\1.64\bcprov-jdk15on-1.64.jar;C:\Users\WINDOWS 11\.m2\repository\org\slf4j\jcl-over-slf4j\1.7.30\jcl-over-slf4j-1.7.30.jar;C:\Users\WINDOWS 11\.m2\repository\com\github\docker-java\docker-java-transport-httpclient5\3.2.13\docker-java-transport-httpclient5-3.2.13.jar;C:\Users\WINDOWS 11\.m2\repository\com\github\docker-java\docker-java-transport\3.2.13\docker-java-transport-3.2.13.jar;C:\Users\WINDOWS 11\.m2\repository\net\java\dev\jna\jna\5.8.0\jna-5.8.0.jar;C:\Users\WINDOWS 11\.m2\repository\org\brotli\dec\0.1.2\dec-0.1.2.jar;C:\Users\WINDOWS 11\.m2\repository\org\apache\httpcomponents\client5\httpclient5\5.1.3\httpclient5-5.1.3.jar;C:\Users\WINDOWS 11\.m2\repository\org\apache\httpcomponents\core5\httpcore5\5.1.3\httpcore5-5.1.3.jar;C:\Users\WINDOWS 11\.m2\repository\org\apache\httpcomponents\core5\httpcore5-h2\5.1.3\httpcore5-h2-5.1.3.jar;C:\Users\WINDOWS 11\.m2\repository\com\jhlabs\filters\2.0.235\filters-2.0.235.jar;C:\Users\WINDOWS 11\.m2\repository\com\paulhammant\ngwebdriver\1.1.6\ngwebdriver-1.1.6.jar;C:\Users\WINDOWS 11\.m2\repository\joda-time\joda-time\2.12.2\joda-time-2.12.2.jar;C:\Users\WINDOWS 11\.m2\repository\org\hamcrest\hamcrest\2.2\hamcrest-2.2.jar;C:\Users\WINDOWS 11\.m2\repository\com\google\jimfs\jimfs\1.2\jimfs-1.2.jar;C:\Users\WINDOWS 11\.m2\repository\org\mockito\mockito-core\3.3.3\mockito-core-3.3.3.jar;C:\Users\WINDOWS 11\.m2\repository\javax\xml\bind\jaxb-api\2.3.1\jaxb-api-2.3.1.jar;C:\Users\WINDOWS 11\.m2\repository\javax\activation\javax.activation-api\1.2.0\javax.activation-api-1.2.0.jar;C:\Users\WINDOWS 11\.m2\repository\com\sun\xml\bind\jaxb-core\2.3.0.1\jaxb-core-2.3.0.1.jar;C:\Users\WINDOWS 11\.m2\repository\com\sun\xml\bind\jaxb-impl\2.3.3\jaxb-impl-2.3.3.jar;C:\Users\WINDOWS 11\.m2\repository\jakarta\xml\bind\jakarta.xml.bind-api\2.3.3\jakarta.xml.bind-api-2.3.3.jar;C:\Users\WINDOWS 11\.m2\repository\com\sun\activation\jakarta.activation\1.2.2\jakarta.activation-1.2.2.jar;C:\Users\WINDOWS 11\.m2\repository\javax\activation\activation\1.1.1\activation-1.1.1.jar;C:\Users\WINDOWS 11\.m2\repository\net\serenity-bdd\serenity-cucumber\3.6.21\serenity-cucumber-3.6.21.jar;C:\Users\WINDOWS 11\.m2\repository\io\cucumber\cucumber-core\7.11.0\cucumber-core-7.11.0.jar;C:\Users\WINDOWS 11\.m2\repository\io\cucumber\cucumber-gherkin\7.11.0\cucumber-gherkin-7.11.0.jar;C:\Users\WINDOWS 11\.m2\repository\io\cucumber\cucumber-gherkin-messages\7.11.0\cucumber-gherkin-messages-7.11.0.jar;C:\Users\WINDOWS 11\.m2\repository\io\cucumber\gherkin\26.0.3\gherkin-26.0.3.jar;C:\Users\WINDOWS 11\.m2\repository\io\cucumber\messages\21.0.1\messages-21.0.1.jar;C:\Users\WINDOWS 11\.m2\repository\io\cucumber\tag-expressions\5.0.1\tag-expressions-5.0.1.jar;C:\Users\WINDOWS 11\.m2\repository\io\cucumber\cucumber-expressions\16.1.1\cucumber-expressions-16.1.1.jar;C:\Users\WINDOWS 11\.m2\repository\io\cucumber\datatable\7.11.0\datatable-7.11.0.jar;C:\Users\WINDOWS 11\.m2\repository\io\cucumber\cucumber-plugin\7.11.0\cucumber-plugin-7.11.0.jar;C:\Users\WINDOWS 11\.m2\repository\io\cucumber\docstring\7.11.0\docstring-7.11.0.jar;C:\Users\WINDOWS 11\.m2\repository\io\cucumber\html-formatter\20.2.1\html-formatter-20.2.1.jar;C:\Users\WINDOWS 11\.m2\repository\io\cucumber\junit-xml-formatter\0.1.0\junit-xml-formatter-0.1.0.jar;C:\Users\WINDOWS 11\.m2\repository\io\cucumber\ci-environment\9.1.0\ci-environment-9.1.0.jar;C:\Users\WINDOWS 11\.m2\repository\io\cucumber\cucumber-java\7.11.0\cucumber-java-7.11.0.jar;C:\Users\WINDOWS 11\.m2\repository\io\cucumber\cucumber-junit\7.11.0\cucumber-junit-7.11.0.jar;C:\Users\WINDOWS 11\.m2\repository\org\apache\commons\commons-csv\1.5\commons-csv-1.5.jar;C:\Users\WINDOWS 11\.m2\repository\net\serenity-bdd\serenity-screenplay\3.6.21\serenity-screenplay-3.6.21.jar;C:\Users\WINDOWS 11\.m2\repository\net\serenity-bdd\serenity-screenplay-webdriver\3.6.21\serenity-screenplay-webdriver-3.6.21.jar;C:\Users\WINDOWS 11\.m2\repository\net\serenity-bdd\serenity-ensure\3.6.21\serenity-ensure-3.6.21.jar;C:\Users\WINDOWS 11\.m2\repository\net\serenity-bdd\serenity-junit\3.6.21\serenity-junit-3.6.21.jar;C:\Users\WINDOWS 11\.m2\repository\org\jetbrains\kotlin\kotlin-stdlib\1.8.10\kotlin-stdlib-1.8.10.jar;C:\Users\WINDOWS 11\.m2\repository\org\jetbrains\kotlin\kotlin-stdlib-common\1.8.10\kotlin-stdlib-common-1.8.10.jar;C:\Users\WINDOWS 11\.m2\repository\org\jetbrains\annotations\13.0\annotations-13.0.jar;C:\Users\WINDOWS 11\.m2\repository\org\junit\platform\junit-platform-launcher\1.8.2\junit-platform-launcher-1.8.2.jar;C:\Users\WINDOWS 11\.m2\repository\org\junit\platform\junit-platform-engine\1.8.2\junit-platform-engine-1.8.2.jar;C:\Users\WINDOWS 11\.m2\repository\org\opentest4j\opentest4j\1.2.0\opentest4j-1.2.0.jar;C:\Users\WINDOWS 11\.m2\repository\org\junit\platform\junit-platform-commons\1.8.2\junit-platform-commons-1.8.2.jar;C:\Users\WINDOWS 11\.m2\repository\org\apiguardian\apiguardian-api\1.1.2\apiguardian-api-1.1.2.jar;C:\Users\WINDOWS 11\.m2\repository\org\junit\jupiter\junit-jupiter-engine\5.8.2\junit-jupiter-engine-5.8.2.jar;C:\Users\WINDOWS 11\.m2\repository\org\junit\jupiter\junit-jupiter-api\5.8.2\junit-jupiter-api-5.8.2.jar;C:\Users\WINDOWS 11\.m2\repository\org\junit\vintage\junit-vintage-engine\5.8.2\junit-vintage-engine-5.8.2.jar;C:\Users\WINDOWS 11\.m2\repository\junit\junit\4.13.2\junit-4.13.2.jar;C:\Users\WINDOWS 11\.m2\repository\org\hamcrest\hamcrest-core\1.3\hamcrest-core-1.3.jar;C:\Users\WINDOWS 11\.m2\repository\ch\qos\logback\logback-classic\1.2.10\logback-classic-1.2.10.jar;C:\Users\WINDOWS 11\.m2\repository\ch\qos\logback\logback-core\1.2.10\logback-core-1.2.10.jar;C:\Users\WINDOWS 11\.m2\repository\org\slf4j\slf4j-api\1.7.32\slf4j-api-1.7.32.jar;C:\Users\WINDOWS 11\.m2\repository\org\assertj\assertj-core\3.23.1\assertj-core-3.23.1.jar;C:\Users\WINDOWS 11\.m2\repository\net\bytebuddy\byte-buddy\1.12.10\byte-buddy-1.12.10.jar;"/>
    <property name="java.vm.vendor" value="Oracle Corporation"/>
    <property name="sun.arch.data.model" value="64"/>
    <property name="user.variant" value=""/>
    <property name="java.vendor.url" value="https://java.oracle.com/"/>
    <property name="user.timezone" value="Asia/Bangkok"/>
    <property name="os.name" value="Windows 11"/>
    <property name="java.vm.specification.version" value="19"/>
    <property name="sun.java.launcher" value="SUN_STANDARD"/>
    <property name="user.country" value="US"/>
    <property name="sun.boot.library.path" value="C:\Program Files\Java\jdk-19\bin"/>
    <property name="sun.java.command" value="org.apache.maven.surefire.booter.ForkedBooter C:\Users\WINDOWS 11\AppData\Local\Temp\surefire8974612340359541217 2023-05-05T12-03-17_349-jvmRun1 surefire13106235476739456536tmp surefire_0138641200675893868tmp"/>
    <property name="jdk.debug" value="release"/>
    <property name="surefire.test.class.path" value="C:\Users\WINDOWS 11\IdeaProjects\Prioritas2-Web-Test\target\test-classes;C:\Users\WINDOWS 11\.m2\repository\net\serenity-bdd\serenity-core\3.6.21\serenity-core-3.6.21.jar;C:\Users\WINDOWS 11\.m2\repository\net\serenity-bdd\serenity-model\3.6.21\serenity-model-3.6.21.jar;C:\Users\WINDOWS 11\.m2\repository\org\apache\commons\commons-text\1.10.0\commons-text-1.10.0.jar;C:\Users\WINDOWS 11\.m2\repository\commons-net\commons-net\3.9.0\commons-net-3.9.0.jar;C:\Users\WINDOWS 11\.m2\repository\com\google\guava\guava\31.1-jre\guava-31.1-jre.jar;C:\Users\WINDOWS 11\.m2\repository\com\google\guava\failureaccess\1.0.1\failureaccess-1.0.1.jar;C:\Users\WINDOWS 11\.m2\repository\com\google\guava\listenablefuture\9999.0-empty-to-avoid-conflict-with-guava\listenablefuture-9999.0-empty-to-avoid-conflict-with-guava.jar;C:\Users\WINDOWS 11\.m2\repository\com\google\code\findbugs\jsr305\3.0.2\jsr305-3.0.2.jar;C:\Users\WINDOWS 11\.m2\repository\org\checkerframework\checker-qual\3.12.0\checker-qual-3.12.0.jar;C:\Users\WINDOWS 11\.m2\repository\com\google\errorprone\error_prone_annotations\2.11.0\error_prone_annotations-2.11.0.jar;C:\Users\WINDOWS 11\.m2\repository\com\google\j2objc\j2objc-annotations\1.3\j2objc-annotations-1.3.jar;C:\Users\WINDOWS 11\.m2\repository\com\google\inject\guice\5.1.0\guice-5.1.0.jar;C:\Users\WINDOWS 11\.m2\repository\javax\inject\javax.inject\1\javax.inject-1.jar;C:\Users\WINDOWS 11\.m2\repository\aopalliance\aopalliance\1.0\aopalliance-1.0.jar;C:\Users\WINDOWS 11\.m2\repository\org\jsoup\jsoup\1.14.3\jsoup-1.14.3.jar;C:\Users\WINDOWS 11\.m2\repository\com\thoughtworks\xstream\xstream\1.4.20\xstream-1.4.20.jar;C:\Users\WINDOWS 11\.m2\repository\io\github\x-stream\mxparser\1.2.2\mxparser-1.2.2.jar;C:\Users\WINDOWS 11\.m2\repository\xmlpull\xmlpull\1.1.3.1\xmlpull-1.1.3.1.jar;C:\Users\WINDOWS 11\.m2\repository\com\typesafe\config\1.4.2\config-1.4.2.jar;C:\Users\WINDOWS 11\.m2\repository\org\imgscalr\imgscalr-lib\4.2\imgscalr-lib-4.2.jar;C:\Users\WINDOWS 11\.m2\repository\org\awaitility\awaitility\4.2.0\awaitility-4.2.0.jar;C:\Users\WINDOWS 11\.m2\repository\org\freemarker\freemarker\2.3.31\freemarker-2.3.31.jar;C:\Users\WINDOWS 11\.m2\repository\io\github\classgraph\classgraph\4.8.138\classgraph-4.8.138.jar;C:\Users\WINDOWS 11\.m2\repository\net\sourceforge\jexcelapi\jxl\2.6.12\jxl-2.6.12.jar;C:\Users\WINDOWS 11\.m2\repository\net\bytebuddy\byte-buddy-agent\1.14.2\byte-buddy-agent-1.14.2.jar;C:\Users\WINDOWS 11\.m2\repository\org\objenesis\objenesis\3.3\objenesis-3.3.jar;C:\Users\WINDOWS 11\.m2\repository\net\serenity-bdd\serenity-reports\3.6.21\serenity-reports-3.6.21.jar;C:\Users\WINDOWS 11\.m2\repository\net\serenity-bdd\serenity-stats\3.6.21\serenity-stats-3.6.21.jar;C:\Users\WINDOWS 11\.m2\repository\net\serenity-bdd\serenity-reports-configuration\3.6.21\serenity-reports-configuration-3.6.21.jar;C:\Users\WINDOWS 11\.m2\repository\com\vladsch\flexmark\flexmark-all\0.62.2\flexmark-all-0.62.2.jar;C:\Users\WINDOWS 11\.m2\repository\com\vladsch\flexmark\flexmark\0.62.2\flexmark-0.62.2.jar;C:\Users\WINDOWS 11\.m2\repository\com\vladsch\flexmark\flexmark-ext-abbreviation\0.62.2\flexmark-ext-abbreviation-0.62.2.jar;C:\Users\WINDOWS 11\.m2\repository\com\vladsch\flexmark\flexmark-util\0.62.2\flexmark-util-0.62.2.jar;C:\Users\WINDOWS 11\.m2\repository\com\vladsch\flexmark\flexmark-ext-admonition\0.62.2\flexmark-ext-admonition-0.62.2.jar;C:\Users\WINDOWS 11\.m2\repository\com\vladsch\flexmark\flexmark-ext-anchorlink\0.62.2\flexmark-ext-anchorlink-0.62.2.jar;C:\Users\WINDOWS 11\.m2\repository\com\vladsch\flexmark\flexmark-ext-aside\0.62.2\flexmark-ext-aside-0.62.2.jar;C:\Users\WINDOWS 11\.m2\repository\com\vladsch\flexmark\flexmark-ext-attributes\0.62.2\flexmark-ext-attributes-0.62.2.jar;C:\Users\WINDOWS 11\.m2\repository\com\vladsch\flexmark\flexmark-ext-autolink\0.62.2\flexmark-ext-autolink-0.62.2.jar;C:\Users\WINDOWS 11\.m2\repository\org\nibor\autolink\autolink\0.6.0\autolink-0.6.0.jar;C:\Users\WINDOWS 11\.m2\repository\com\vladsch\flexmark\flexmark-ext-definition\0.62.2\flexmark-ext-definition-0.62.2.jar;C:\Users\WINDOWS 11\.m2\repository\com\vladsch\flexmark\flexmark-ext-emoji\0.62.2\flexmark-ext-emoji-0.62.2.jar;C:\Users\WINDOWS 11\.m2\repository\com\vladsch\flexmark\flexmark-ext-enumerated-reference\0.62.2\flexmark-ext-enumerated-reference-0.62.2.jar;C:\Users\WINDOWS 11\.m2\repository\com\vladsch\flexmark\flexmark-ext-escaped-character\0.62.2\flexmark-ext-escaped-character-0.62.2.jar;C:\Users\WINDOWS 11\.m2\repository\com\vladsch\flexmark\flexmark-ext-footnotes\0.62.2\flexmark-ext-footnotes-0.62.2.jar;C:\Users\WINDOWS 11\.m2\repository\com\vladsch\flexmark\flexmark-ext-gfm-issues\0.62.2\flexmark-ext-gfm-issues-0.62.2.jar;C:\Users\WINDOWS 11\.m2\repository\com\vladsch\flexmark\flexmark-ext-gfm-strikethrough\0.62.2\flexmark-ext-gfm-strikethrough-0.62.2.jar;C:\Users\WINDOWS 11\.m2\repository\com\vladsch\flexmark\flexmark-ext-gfm-tasklist\0.62.2\flexmark-ext-gfm-tasklist-0.62.2.jar;C:\Users\WINDOWS 11\.m2\repository\com\vladsch\flexmark\flexmark-ext-gfm-users\0.62.2\flexmark-ext-gfm-users-0.62.2.jar;C:\Users\WINDOWS 11\.m2\repository\com\vladsch\flexmark\flexmark-ext-gitlab\0.62.2\flexmark-ext-gitlab-0.62.2.jar;C:\Users\WINDOWS 11\.m2\repository\com\vladsch\flexmark\flexmark-ext-jekyll-front-matter\0.62.2\flexmark-ext-jekyll-front-matter-0.62.2.jar;C:\Users\WINDOWS 11\.m2\repository\com\vladsch\flexmark\flexmark-ext-jekyll-tag\0.62.2\flexmark-ext-jekyll-tag-0.62.2.jar;C:\Users\WINDOWS 11\.m2\repository\com\vladsch\flexmark\flexmark-ext-media-tags\0.62.2\flexmark-ext-media-tags-0.62.2.jar;C:\Users\WINDOWS 11\.m2\repository\com\vladsch\flexmark\flexmark-ext-macros\0.62.2\flexmark-ext-macros-0.62.2.jar;C:\Users\WINDOWS 11\.m2\repository\com\vladsch\flexmark\flexmark-ext-ins\0.62.2\flexmark-ext-ins-0.62.2.jar;C:\Users\WINDOWS 11\.m2\repository\com\vladsch\flexmark\flexmark-ext-xwiki-macros\0.62.2\flexmark-ext-xwiki-macros-0.62.2.jar;C:\Users\WINDOWS 11\.m2\repository\com\vladsch\flexmark\flexmark-ext-superscript\0.62.2\flexmark-ext-superscript-0.62.2.jar;C:\Users\WINDOWS 11\.m2\repository\com\vladsch\flexmark\flexmark-ext-tables\0.62.2\flexmark-ext-tables-0.62.2.jar;C:\Users\WINDOWS 11\.m2\repository\com\vladsch\flexmark\flexmark-ext-toc\0.62.2\flexmark-ext-toc-0.62.2.jar;C:\Users\WINDOWS 11\.m2\repository\com\vladsch\flexmark\flexmark-ext-typographic\0.62.2\flexmark-ext-typographic-0.62.2.jar;C:\Users\WINDOWS 11\.m2\repository\com\vladsch\flexmark\flexmark-ext-wikilink\0.62.2\flexmark-ext-wikilink-0.62.2.jar;C:\Users\WINDOWS 11\.m2\repository\com\vladsch\flexmark\flexmark-ext-yaml-front-matter\0.62.2\flexmark-ext-yaml-front-matter-0.62.2.jar;C:\Users\WINDOWS 11\.m2\repository\com\vladsch\flexmark\flexmark-ext-youtube-embedded\0.62.2\flexmark-ext-youtube-embedded-0.62.2.jar;C:\Users\WINDOWS 11\.m2\repository\com\vladsch\flexmark\flexmark-html2md-converter\0.62.2\flexmark-html2md-converter-0.62.2.jar;C:\Users\WINDOWS 11\.m2\repository\com\vladsch\flexmark\flexmark-jira-converter\0.62.2\flexmark-jira-converter-0.62.2.jar;C:\Users\WINDOWS 11\.m2\repository\com\vladsch\flexmark\flexmark-pdf-converter\0.62.2\flexmark-pdf-converter-0.62.2.jar;C:\Users\WINDOWS 11\.m2\repository\com\openhtmltopdf\openhtmltopdf-core\1.0.0\openhtmltopdf-core-1.0.0.jar;C:\Users\WINDOWS 11\.m2\repository\com\openhtmltopdf\openhtmltopdf-pdfbox\1.0.0\openhtmltopdf-pdfbox-1.0.0.jar;C:\Users\WINDOWS 11\.m2\repository\org\apache\pdfbox\pdfbox\2.0.16\pdfbox-2.0.16.jar;C:\Users\WINDOWS 11\.m2\repository\org\apache\pdfbox\fontbox\2.0.16\fontbox-2.0.16.jar;C:\Users\WINDOWS 11\.m2\repository\org\apache\pdfbox\xmpbox\2.0.16\xmpbox-2.0.16.jar;C:\Users\WINDOWS 11\.m2\repository\de\rototor\pdfbox\graphics2d\0.24\graphics2d-0.24.jar;C:\Users\WINDOWS 11\.m2\repository\com\openhtmltopdf\openhtmltopdf-rtl-support\1.0.0\openhtmltopdf-rtl-support-1.0.0.jar;C:\Users\WINDOWS 11\.m2\repository\com\openhtmltopdf\openhtmltopdf-jsoup-dom-converter\1.0.0\openhtmltopdf-jsoup-dom-converter-1.0.0.jar;C:\Users\WINDOWS 11\.m2\repository\com\vladsch\flexmark\flexmark-profile-pegdown\0.62.2\flexmark-profile-pegdown-0.62.2.jar;C:\Users\WINDOWS 11\.m2\repository\com\vladsch\flexmark\flexmark-util-ast\0.62.2\flexmark-util-ast-0.62.2.jar;C:\Users\WINDOWS 11\.m2\repository\com\vladsch\flexmark\flexmark-util-builder\0.62.2\flexmark-util-builder-0.62.2.jar;C:\Users\WINDOWS 11\.m2\repository\com\vladsch\flexmark\flexmark-util-collection\0.62.2\flexmark-util-collection-0.62.2.jar;C:\Users\WINDOWS 11\.m2\repository\com\vladsch\flexmark\flexmark-util-data\0.62.2\flexmark-util-data-0.62.2.jar;C:\Users\WINDOWS 11\.m2\repository\com\vladsch\flexmark\flexmark-util-dependency\0.62.2\flexmark-util-dependency-0.62.2.jar;C:\Users\WINDOWS 11\.m2\repository\com\vladsch\flexmark\flexmark-util-format\0.62.2\flexmark-util-format-0.62.2.jar;C:\Users\WINDOWS 11\.m2\repository\com\vladsch\flexmark\flexmark-util-html\0.62.2\flexmark-util-html-0.62.2.jar;C:\Users\WINDOWS 11\.m2\repository\com\vladsch\flexmark\flexmark-util-misc\0.62.2\flexmark-util-misc-0.62.2.jar;C:\Users\WINDOWS 11\.m2\repository\com\vladsch\flexmark\flexmark-util-options\0.62.2\flexmark-util-options-0.62.2.jar;C:\Users\WINDOWS 11\.m2\repository\com\vladsch\flexmark\flexmark-util-sequence\0.62.2\flexmark-util-sequence-0.62.2.jar;C:\Users\WINDOWS 11\.m2\repository\com\vladsch\flexmark\flexmark-util-visitor\0.62.2\flexmark-util-visitor-0.62.2.jar;C:\Users\WINDOWS 11\.m2\repository\com\vladsch\flexmark\flexmark-youtrack-converter\0.62.2\flexmark-youtrack-converter-0.62.2.jar;C:\Users\WINDOWS 11\.m2\repository\com\ibm\icu\icu4j\72.1\icu4j-72.1.jar;C:\Users\WINDOWS 11\.m2\repository\es\nitaur\markdown\txtmark\0.16\txtmark-0.16.jar;C:\Users\WINDOWS 11\.m2\repository\net\serenity-bdd\serenity-report-resources\3.6.21\serenity-report-resources-3.6.21.jar;C:\Users\WINDOWS 11\.m2\repository\com\google\code\gson\gson\2.10.1\gson-2.10.1.jar;C:\Users\WINDOWS 11\.m2\repository\com\fasterxml\jackson\core\jackson-core\2.15.0-rc1\jackson-core-2.15.0-rc1.jar;C:\Users\WINDOWS 11\.m2\repository\com\fasterxml\jackson\core\jackson-databind\2.15.0-rc1\jackson-databind-2.15.0-rc1.jar;C:\Users\WINDOWS 11\.m2\repository\com\fasterxml\jackson\core\jackson-annotations\2.15.0-rc1\jackson-annotations-2.15.0-rc1.jar;C:\Users\WINDOWS 11\.m2\repository\commons-codec\commons-codec\1.15\commons-codec-1.15.jar;C:\Users\WINDOWS 11\.m2\repository\commons-io\commons-io\2.11.0\commons-io-2.11.0.jar;C:\Users\WINDOWS 11\.m2\repository\org\apache\httpcomponents\httpclient\4.5.13\httpclient-4.5.13.jar;C:\Users\WINDOWS 11\.m2\repository\org\apache\httpcomponents\httpcore\4.4.13\httpcore-4.4.13.jar;C:\Users\WINDOWS 11\.m2\repository\commons-logging\commons-logging\1.2\commons-logging-1.2.jar;C:\Users\WINDOWS 11\.m2\repository\org\seleniumhq\selenium\selenium-java\4.8.1\selenium-java-4.8.1.jar;C:\Users\WINDOWS 11\.m2\repository\org\seleniumhq\selenium\selenium-devtools-v108\4.8.1\selenium-devtools-v108-4.8.1.jar;C:\Users\WINDOWS 11\.m2\repository\org\seleniumhq\selenium\selenium-devtools-v109\4.8.1\selenium-devtools-v109-4.8.1.jar;C:\Users\WINDOWS 11\.m2\repository\org\seleniumhq\selenium\selenium-devtools-v110\4.8.1\selenium-devtools-v110-4.8.1.jar;C:\Users\WINDOWS 11\.m2\repository\org\seleniumhq\selenium\selenium-devtools-v85\4.8.1\selenium-devtools-v85-4.8.1.jar;C:\Users\WINDOWS 11\.m2\repository\org\seleniumhq\selenium\selenium-remote-driver\4.8.1\selenium-remote-driver-4.8.1.jar;C:\Users\WINDOWS 11\.m2\repository\com\beust\jcommander\1.82\jcommander-1.82.jar;C:\Users\WINDOWS 11\.m2\repository\io\netty\netty-buffer\4.1.87.Final\netty-buffer-4.1.87.Final.jar;C:\Users\WINDOWS 11\.m2\repository\io\netty\netty-codec-http\4.1.87.Final\netty-codec-http-4.1.87.Final.jar;C:\Users\WINDOWS 11\.m2\repository\io\netty\netty-codec\4.1.87.Final\netty-codec-4.1.87.Final.jar;C:\Users\WINDOWS 11\.m2\repository\io\netty\netty-handler\4.1.87.Final\netty-handler-4.1.87.Final.jar;C:\Users\WINDOWS 11\.m2\repository\io\netty\netty-common\4.1.87.Final\netty-common-4.1.87.Final.jar;C:\Users\WINDOWS 11\.m2\repository\io\netty\netty-transport-classes-epoll\4.1.87.Final\netty-transport-classes-epoll-4.1.87.Final.jar;C:\Users\WINDOWS 11\.m2\repository\io\netty\netty-transport-classes-kqueue\4.1.87.Final\netty-transport-classes-kqueue-4.1.87.Final.jar;C:\Users\WINDOWS 11\.m2\repository\io\netty\netty-transport-native-epoll\4.1.87.Final\netty-transport-native-epoll-4.1.87.Final.jar;C:\Users\WINDOWS 11\.m2\repository\io\netty\netty-transport-native-kqueue\4.1.87.Final\netty-transport-native-kqueue-4.1.87.Final.jar;C:\Users\WINDOWS 11\.m2\repository\io\netty\netty-transport-native-unix-common\4.1.87.Final\netty-transport-native-unix-common-4.1.87.Final.jar;C:\Users\WINDOWS 11\.m2\repository\io\netty\netty-transport\4.1.87.Final\netty-transport-4.1.87.Final.jar;C:\Users\WINDOWS 11\.m2\repository\io\netty\netty-resolver\4.1.87.Final\netty-resolver-4.1.87.Final.jar;C:\Users\WINDOWS 11\.m2\repository\io\opentelemetry\opentelemetry-api\1.22.0\opentelemetry-api-1.22.0.jar;C:\Users\WINDOWS 11\.m2\repository\io\opentelemetry\opentelemetry-context\1.22.0\opentelemetry-context-1.22.0.jar;C:\Users\WINDOWS 11\.m2\repository\io\opentelemetry\opentelemetry-exporter-logging\1.22.0\opentelemetry-exporter-logging-1.22.0.jar;C:\Users\WINDOWS 11\.m2\repository\io\opentelemetry\opentelemetry-sdk-metrics\1.22.0\opentelemetry-sdk-metrics-1.22.0.jar;C:\Users\WINDOWS 11\.m2\repository\io\opentelemetry\opentelemetry-sdk-logs\1.22.0-alpha\opentelemetry-sdk-logs-1.22.0-alpha.jar;C:\Users\WINDOWS 11\.m2\repository\io\opentelemetry\opentelemetry-api-logs\1.22.0-alpha\opentelemetry-api-logs-1.22.0-alpha.jar;C:\Users\WINDOWS 11\.m2\repository\io\opentelemetry\opentelemetry-sdk-common\1.22.0\opentelemetry-sdk-common-1.22.0.jar;C:\Users\WINDOWS 11\.m2\repository\io\opentelemetry\opentelemetry-sdk-extension-autoconfigure-spi\1.22.0\opentelemetry-sdk-extension-autoconfigure-spi-1.22.0.jar;C:\Users\WINDOWS 11\.m2\repository\io\opentelemetry\opentelemetry-sdk-extension-autoconfigure\1.22.0-alpha\opentelemetry-sdk-extension-autoconfigure-1.22.0-alpha.jar;C:\Users\WINDOWS 11\.m2\repository\io\opentelemetry\opentelemetry-sdk-trace\1.22.0\opentelemetry-sdk-trace-1.22.0.jar;C:\Users\WINDOWS 11\.m2\repository\io\opentelemetry\opentelemetry-sdk\1.22.0\opentelemetry-sdk-1.22.0.jar;C:\Users\WINDOWS 11\.m2\repository\io\opentelemetry\opentelemetry-semconv\1.22.0-alpha\opentelemetry-semconv-1.22.0-alpha.jar;C:\Users\WINDOWS 11\.m2\repository\io\ous\jtoml\2.0.0\jtoml-2.0.0.jar;C:\Users\WINDOWS 11\.m2\repository\org\apache\commons\commons-exec\1.3\commons-exec-1.3.jar;C:\Users\WINDOWS 11\.m2\repository\org\asynchttpclient\async-http-client\2.12.3\async-http-client-2.12.3.jar;C:\Users\WINDOWS 11\.m2\repository\org\asynchttpclient\async-http-client-netty-utils\2.12.3\async-http-client-netty-utils-2.12.3.jar;C:\Users\WINDOWS 11\.m2\repository\io\netty\netty-codec-socks\4.1.60.Final\netty-codec-socks-4.1.60.Final.jar;C:\Users\WINDOWS 11\.m2\repository\io\netty\netty-handler-proxy\4.1.60.Final\netty-handler-proxy-4.1.60.Final.jar;C:\Users\WINDOWS 11\.m2\repository\io\netty\netty-transport-native-epoll\4.1.60.Final\netty-transport-native-epoll-4.1.60.Final-linux-x86_64.jar;C:\Users\WINDOWS 11\.m2\repository\io\netty\netty-transport-native-kqueue\4.1.60.Final\netty-transport-native-kqueue-4.1.60.Final-osx-x86_64.jar;C:\Users\WINDOWS 11\.m2\repository\org\reactivestreams\reactive-streams\1.0.3\reactive-streams-1.0.3.jar;C:\Users\WINDOWS 11\.m2\repository\com\typesafe\netty\netty-reactive-streams\2.0.4\netty-reactive-streams-2.0.4.jar;C:\Users\WINDOWS 11\.m2\repository\org\seleniumhq\selenium\selenium-manager\4.8.1\selenium-manager-4.8.1.jar;C:\Users\WINDOWS 11\.m2\repository\org\seleniumhq\selenium\selenium-safari-driver\4.8.1\selenium-safari-driver-4.8.1.jar;C:\Users\WINDOWS 11\.m2\repository\org\seleniumhq\selenium\selenium-api\4.8.1\selenium-api-4.8.1.jar;C:\Users\WINDOWS 11\.m2\repository\org\seleniumhq\selenium\selenium-support\4.8.1\selenium-support-4.8.1.jar;C:\Users\WINDOWS 11\.m2\repository\com\google\auto\service\auto-service-annotations\1.0.1\auto-service-annotations-1.0.1.jar;C:\Users\WINDOWS 11\.m2\repository\com\google\auto\service\auto-service\1.0.1\auto-service-1.0.1.jar;C:\Users\WINDOWS 11\.m2\repository\com\google\auto\auto-common\1.2\auto-common-1.2.jar;C:\Users\WINDOWS 11\.m2\repository\org\seleniumhq\selenium\selenium-json\4.8.1\selenium-json-4.8.1.jar;C:\Users\WINDOWS 11\.m2\repository\org\seleniumhq\selenium\selenium-chrome-driver\4.8.1\selenium-chrome-driver-4.8.1.jar;C:\Users\WINDOWS 11\.m2\repository\org\seleniumhq\selenium\selenium-chromium-driver\4.8.1\selenium-chromium-driver-4.8.1.jar;C:\Users\WINDOWS 11\.m2\repository\org\seleniumhq\selenium\selenium-firefox-driver\4.8.1\selenium-firefox-driver-4.8.1.jar;C:\Users\WINDOWS 11\.m2\repository\org\seleniumhq\selenium\selenium-http\4.8.1\selenium-http-4.8.1.jar;C:\Users\WINDOWS 11\.m2\repository\dev\failsafe\failsafe\3.3.0\failsafe-3.3.0.jar;C:\Users\WINDOWS 11\.m2\repository\org\seleniumhq\selenium\selenium-edge-driver\4.8.1\selenium-edge-driver-4.8.1.jar;C:\Users\WINDOWS 11\.m2\repository\org\seleniumhq\selenium\selenium-ie-driver\4.8.1\selenium-ie-driver-4.8.1.jar;C:\Users\WINDOWS 11\.m2\repository\org\projectlombok\lombok\1.18.20\lombok-1.18.20.jar;C:\Users\WINDOWS 11\.m2\repository\io\appium\java-client\8.3.0\java-client-8.3.0.jar;C:\Users\WINDOWS 11\.m2\repository\commons-validator\commons-validator\1.7\commons-validator-1.7.jar;C:\Users\WINDOWS 11\.m2\repository\commons-digester\commons-digester\2.1\commons-digester-2.1.jar;C:\Users\WINDOWS 11\.m2\repository\org\apache\groovy\groovy\4.0.10\groovy-4.0.10.jar;C:\Users\WINDOWS 11\.m2\repository\net\sf\opencsv\opencsv\2.0\opencsv-2.0.jar;C:\Users\WINDOWS 11\.m2\repository\commons-beanutils\commons-beanutils\1.9.4\commons-beanutils-1.9.4.jar;C:\Users\WINDOWS 11\.m2\repository\org\apache\commons\commons-lang3\3.12.0\commons-lang3-3.12.0.jar;C:\Users\WINDOWS 11\.m2\repository\commons-collections\commons-collections\3.2.2\commons-collections-3.2.2.jar;C:\Users\WINDOWS 11\.m2\repository\org\fluentlenium\fluentlenium-core\0.10.2\fluentlenium-core-0.10.2.jar;C:\Users\WINDOWS 11\.m2\repository\io\github\bonigarcia\webdrivermanager\5.3.0\webdrivermanager-5.3.0.jar;C:\Users\WINDOWS 11\.m2\repository\com\github\docker-java\docker-java\3.2.13\docker-java-3.2.13.jar;C:\Users\WINDOWS 11\.m2\repository\com\github\docker-java\docker-java-core\3.2.13\docker-java-core-3.2.13.jar;C:\Users\WINDOWS 11\.m2\repository\com\github\docker-java\docker-java-api\3.2.13\docker-java-api-3.2.13.jar;C:\Users\WINDOWS 11\.m2\repository\org\apache\commons\commons-compress\1.21\commons-compress-1.21.jar;C:\Users\WINDOWS 11\.m2\repository\org\bouncycastle\bcpkix-jdk15on\1.64\bcpkix-jdk15on-1.64.jar;C:\Users\WINDOWS 11\.m2\repository\org\bouncycastle\bcprov-jdk15on\1.64\bcprov-jdk15on-1.64.jar;C:\Users\WINDOWS 11\.m2\repository\org\slf4j\jcl-over-slf4j\1.7.30\jcl-over-slf4j-1.7.30.jar;C:\Users\WINDOWS 11\.m2\repository\com\github\docker-java\docker-java-transport-httpclient5\3.2.13\docker-java-transport-httpclient5-3.2.13.jar;C:\Users\WINDOWS 11\.m2\repository\com\github\docker-java\docker-java-transport\3.2.13\docker-java-transport-3.2.13.jar;C:\Users\WINDOWS 11\.m2\repository\net\java\dev\jna\jna\5.8.0\jna-5.8.0.jar;C:\Users\WINDOWS 11\.m2\repository\org\brotli\dec\0.1.2\dec-0.1.2.jar;C:\Users\WINDOWS 11\.m2\repository\org\apache\httpcomponents\client5\httpclient5\5.1.3\httpclient5-5.1.3.jar;C:\Users\WINDOWS 11\.m2\repository\org\apache\httpcomponents\core5\httpcore5\5.1.3\httpcore5-5.1.3.jar;C:\Users\WINDOWS 11\.m2\repository\org\apache\httpcomponents\core5\httpcore5-h2\5.1.3\httpcore5-h2-5.1.3.jar;C:\Users\WINDOWS 11\.m2\repository\com\jhlabs\filters\2.0.235\filters-2.0.235.jar;C:\Users\WINDOWS 11\.m2\repository\com\paulhammant\ngwebdriver\1.1.6\ngwebdriver-1.1.6.jar;C:\Users\WINDOWS 11\.m2\repository\joda-time\joda-time\2.12.2\joda-time-2.12.2.jar;C:\Users\WINDOWS 11\.m2\repository\org\hamcrest\hamcrest\2.2\hamcrest-2.2.jar;C:\Users\WINDOWS 11\.m2\repository\com\google\jimfs\jimfs\1.2\jimfs-1.2.jar;C:\Users\WINDOWS 11\.m2\repository\org\mockito\mockito-core\3.3.3\mockito-core-3.3.3.jar;C:\Users\WINDOWS 11\.m2\repository\javax\xml\bind\jaxb-api\2.3.1\jaxb-api-2.3.1.jar;C:\Users\WINDOWS 11\.m2\repository\javax\activation\javax.activation-api\1.2.0\javax.activation-api-1.2.0.jar;C:\Users\WINDOWS 11\.m2\repository\com\sun\xml\bind\jaxb-core\2.3.0.1\jaxb-core-2.3.0.1.jar;C:\Users\WINDOWS 11\.m2\repository\com\sun\xml\bind\jaxb-impl\2.3.3\jaxb-impl-2.3.3.jar;C:\Users\WINDOWS 11\.m2\repository\jakarta\xml\bind\jakarta.xml.bind-api\2.3.3\jakarta.xml.bind-api-2.3.3.jar;C:\Users\WINDOWS 11\.m2\repository\com\sun\activation\jakarta.activation\1.2.2\jakarta.activation-1.2.2.jar;C:\Users\WINDOWS 11\.m2\repository\javax\activation\activation\1.1.1\activation-1.1.1.jar;C:\Users\WINDOWS 11\.m2\repository\net\serenity-bdd\serenity-cucumber\3.6.21\serenity-cucumber-3.6.21.jar;C:\Users\WINDOWS 11\.m2\repository\io\cucumber\cucumber-core\7.11.0\cucumber-core-7.11.0.jar;C:\Users\WINDOWS 11\.m2\repository\io\cucumber\cucumber-gherkin\7.11.0\cucumber-gherkin-7.11.0.jar;C:\Users\WINDOWS 11\.m2\repository\io\cucumber\cucumber-gherkin-messages\7.11.0\cucumber-gherkin-messages-7.11.0.jar;C:\Users\WINDOWS 11\.m2\repository\io\cucumber\gherkin\26.0.3\gherkin-26.0.3.jar;C:\Users\WINDOWS 11\.m2\repository\io\cucumber\messages\21.0.1\messages-21.0.1.jar;C:\Users\WINDOWS 11\.m2\repository\io\cucumber\tag-expressions\5.0.1\tag-expressions-5.0.1.jar;C:\Users\WINDOWS 11\.m2\repository\io\cucumber\cucumber-expressions\16.1.1\cucumber-expressions-16.1.1.jar;C:\Users\WINDOWS 11\.m2\repository\io\cucumber\datatable\7.11.0\datatable-7.11.0.jar;C:\Users\WINDOWS 11\.m2\repository\io\cucumber\cucumber-plugin\7.11.0\cucumber-plugin-7.11.0.jar;C:\Users\WINDOWS 11\.m2\repository\io\cucumber\docstring\7.11.0\docstring-7.11.0.jar;C:\Users\WINDOWS 11\.m2\repository\io\cucumber\html-formatter\20.2.1\html-formatter-20.2.1.jar;C:\Users\WINDOWS 11\.m2\repository\io\cucumber\junit-xml-formatter\0.1.0\junit-xml-formatter-0.1.0.jar;C:\Users\WINDOWS 11\.m2\repository\io\cucumber\ci-environment\9.1.0\ci-environment-9.1.0.jar;C:\Users\WINDOWS 11\.m2\repository\io\cucumber\cucumber-java\7.11.0\cucumber-java-7.11.0.jar;C:\Users\WINDOWS 11\.m2\repository\io\cucumber\cucumber-junit\7.11.0\cucumber-junit-7.11.0.jar;C:\Users\WINDOWS 11\.m2\repository\org\apache\commons\commons-csv\1.5\commons-csv-1.5.jar;C:\Users\WINDOWS 11\.m2\repository\net\serenity-bdd\serenity-screenplay\3.6.21\serenity-screenplay-3.6.21.jar;C:\Users\WINDOWS 11\.m2\repository\net\serenity-bdd\serenity-screenplay-webdriver\3.6.21\serenity-screenplay-webdriver-3.6.21.jar;C:\Users\WINDOWS 11\.m2\repository\net\serenity-bdd\serenity-ensure\3.6.21\serenity-ensure-3.6.21.jar;C:\Users\WINDOWS 11\.m2\repository\net\serenity-bdd\serenity-junit\3.6.21\serenity-junit-3.6.21.jar;C:\Users\WINDOWS 11\.m2\repository\org\jetbrains\kotlin\kotlin-stdlib\1.8.10\kotlin-stdlib-1.8.10.jar;C:\Users\WINDOWS 11\.m2\repository\org\jetbrains\kotlin\kotlin-stdlib-common\1.8.10\kotlin-stdlib-common-1.8.10.jar;C:\Users\WINDOWS 11\.m2\repository\org\jetbrains\annotations\13.0\annotations-13.0.jar;C:\Users\WINDOWS 11\.m2\repository\org\junit\platform\junit-platform-launcher\1.8.2\junit-platform-launcher-1.8.2.jar;C:\Users\WINDOWS 11\.m2\repository\org\junit\platform\junit-platform-engine\1.8.2\junit-platform-engine-1.8.2.jar;C:\Users\WINDOWS 11\.m2\repository\org\opentest4j\opentest4j\1.2.0\opentest4j-1.2.0.jar;C:\Users\WINDOWS 11\.m2\repository\org\junit\platform\junit-platform-commons\1.8.2\junit-platform-commons-1.8.2.jar;C:\Users\WINDOWS 11\.m2\repository\org\apiguardian\apiguardian-api\1.1.2\apiguardian-api-1.1.2.jar;C:\Users\WINDOWS 11\.m2\repository\org\junit\jupiter\junit-jupiter-engine\5.8.2\junit-jupiter-engine-5.8.2.jar;C:\Users\WINDOWS 11\.m2\repository\org\junit\jupiter\junit-jupiter-api\5.8.2\junit-jupiter-api-5.8.2.jar;C:\Users\WINDOWS 11\.m2\repository\org\junit\vintage\junit-vintage-engine\5.8.2\junit-vintage-engine-5.8.2.jar;C:\Users\WINDOWS 11\.m2\repository\junit\junit\4.13.2\junit-4.13.2.jar;C:\Users\WINDOWS 11\.m2\repository\org\hamcrest\hamcrest-core\1.3\hamcrest-core-1.3.jar;C:\Users\WINDOWS 11\.m2\repository\ch\qos\logback\logback-classic\1.2.10\logback-classic-1.2.10.jar;C:\Users\WINDOWS 11\.m2\repository\ch\qos\logback\logback-core\1.2.10\logback-core-1.2.10.jar;C:\Users\WINDOWS 11\.m2\repository\org\slf4j\slf4j-api\1.7.32\slf4j-api-1.7.32.jar;C:\Users\WINDOWS 11\.m2\repository\org\assertj\assertj-core\3.23.1\assertj-core-3.23.1.jar;C:\Users\WINDOWS 11\.m2\repository\net\bytebuddy\byte-buddy\1.12.10\byte-buddy-1.12.10.jar;"/>
    <property name="sun.cpu.endian" value="little"/>
    <property name="user.home" value="C:\Users\WINDOWS 11"/>
    <property name="user.language" value="en"/>
    <property name="java.specification.vendor" value="Oracle Corporation"/>
    <property name="jdk.module.path" value="C:\Users\WINDOWS 11\IdeaProjects\Prioritas2-Web-Test\target\Prioritas2-Web-Test-1.0-SNAPSHOT.jar"/>
    <property name="java.version.date" value="2022-09-20"/>
    <property name="java.home" value="C:\Program Files\Java\jdk-19"/>
    <property name="file.separator" value="\"/>
    <property name="basedir" value="C:\Users\WINDOWS 11\IdeaProjects\Prioritas2-Web-Test"/>
    <property name="java.vm.compressedOopsMode" value="32-bit"/>
    <property name="line.separator" value="&#10;"/>
    <property name="java.vm.specification.vendor" value="Oracle Corporation"/>
    <property name="java.specification.name" value="Java Platform API Specification"/>
    <property name="surefire.real.class.path" value="C:\Users\WINDOWS 11\.m2\repository\org\apache\maven\surefire\surefire-booter\3.0.0-M5\surefire-booter-3.0.0-M5.jar;C:\Users\WINDOWS 11\.m2\repository\org\apache\maven\surefire\surefire-api\3.0.0-M5\surefire-api-3.0.0-M5.jar;C:\Users\WINDOWS 11\.m2\repository\org\apache\maven\surefire\surefire-logger-api\3.0.0-M5\surefire-logger-api-3.0.0-M5.jar;C:\Users\WINDOWS 11\.m2\repository\org\apache\maven\surefire\surefire-shared-utils\3.0.0-M4\surefire-shared-utils-3.0.0-M4.jar;C:\Users\WINDOWS 11\.m2\repository\org\apache\maven\surefire\surefire-extensions-spi\3.0.0-M5\surefire-extensions-spi-3.0.0-M5.jar;C:\Users\WINDOWS 11\IdeaProjects\Prioritas2-Web-Test\target\test-classes;C:\Users\WINDOWS 11\.m2\repository\net\serenity-bdd\serenity-core\3.6.21\serenity-core-3.6.21.jar;C:\Users\WINDOWS 11\.m2\repository\net\serenity-bdd\serenity-model\3.6.21\serenity-model-3.6.21.jar;C:\Users\WINDOWS 11\.m2\repository\org\apache\commons\commons-text\1.10.0\commons-text-1.10.0.jar;C:\Users\WINDOWS 11\.m2\repository\commons-net\commons-net\3.9.0\commons-net-3.9.0.jar;C:\Users\WINDOWS 11\.m2\repository\com\google\guava\guava\31.1-jre\guava-31.1-jre.jar;C:\Users\WINDOWS 11\.m2\repository\com\google\guava\failureaccess\1.0.1\failureaccess-1.0.1.jar;C:\Users\WINDOWS 11\.m2\repository\com\google\guava\listenablefuture\9999.0-empty-to-avoid-conflict-with-guava\listenablefuture-9999.0-empty-to-avoid-conflict-with-guava.jar;C:\Users\WINDOWS 11\.m2\repository\com\google\code\findbugs\jsr305\3.0.2\jsr305-3.0.2.jar;C:\Users\WINDOWS 11\.m2\repository\org\checkerframework\checker-qual\3.12.0\checker-qual-3.12.0.jar;C:\Users\WINDOWS 11\.m2\repository\com\google\errorprone\error_prone_annotations\2.11.0\error_prone_annotations-2.11.0.jar;C:\Users\WINDOWS 11\.m2\repository\com\google\j2objc\j2objc-annotations\1.3\j2objc-annotations-1.3.jar;C:\Users\WINDOWS 11\.m2\repository\com\google\inject\guice\5.1.0\guice-5.1.0.jar;C:\Users\WINDOWS 11\.m2\repository\javax\inject\javax.inject\1\javax.inject-1.jar;C:\Users\WINDOWS 11\.m2\repository\aopalliance\aopalliance\1.0\aopalliance-1.0.jar;C:\Users\WINDOWS 11\.m2\repository\org\jsoup\jsoup\1.14.3\jsoup-1.14.3.jar;C:\Users\WINDOWS 11\.m2\repository\com\thoughtworks\xstream\xstream\1.4.20\xstream-1.4.20.jar;C:\Users\WINDOWS 11\.m2\repository\io\github\x-stream\mxparser\1.2.2\mxparser-1.2.2.jar;C:\Users\WINDOWS 11\.m2\repository\xmlpull\xmlpull\1.1.3.1\xmlpull-1.1.3.1.jar;C:\Users\WINDOWS 11\.m2\repository\com\typesafe\config\1.4.2\config-1.4.2.jar;C:\Users\WINDOWS 11\.m2\repository\org\imgscalr\imgscalr-lib\4.2\imgscalr-lib-4.2.jar;C:\Users\WINDOWS 11\.m2\repository\org\awaitility\awaitility\4.2.0\awaitility-4.2.0.jar;C:\Users\WINDOWS 11\.m2\repository\org\freemarker\freemarker\2.3.31\freemarker-2.3.31.jar;C:\Users\WINDOWS 11\.m2\repository\io\github\classgraph\classgraph\4.8.138\classgraph-4.8.138.jar;C:\Users\WINDOWS 11\.m2\repository\net\sourceforge\jexcelapi\jxl\2.6.12\jxl-2.6.12.jar;C:\Users\WINDOWS 11\.m2\repository\net\bytebuddy\byte-buddy-agent\1.14.2\byte-buddy-agent-1.14.2.jar;C:\Users\WINDOWS 11\.m2\repository\org\objenesis\objenesis\3.3\objenesis-3.3.jar;C:\Users\WINDOWS 11\.m2\repository\net\serenity-bdd\serenity-reports\3.6.21\serenity-reports-3.6.21.jar;C:\Users\WINDOWS 11\.m2\repository\net\serenity-bdd\serenity-stats\3.6.21\serenity-stats-3.6.21.jar;C:\Users\WINDOWS 11\.m2\repository\net\serenity-bdd\serenity-reports-configuration\3.6.21\serenity-reports-configuration-3.6.21.jar;C:\Users\WINDOWS 11\.m2\repository\com\vladsch\flexmark\flexmark-all\0.62.2\flexmark-all-0.62.2.jar;C:\Users\WINDOWS 11\.m2\repository\com\vladsch\flexmark\flexmark\0.62.2\flexmark-0.62.2.jar;C:\Users\WINDOWS 11\.m2\repository\com\vladsch\flexmark\flexmark-ext-abbreviation\0.62.2\flexmark-ext-abbreviation-0.62.2.jar;C:\Users\WINDOWS 11\.m2\repository\com\vladsch\flexmark\flexmark-util\0.62.2\flexmark-util-0.62.2.jar;C:\Users\WINDOWS 11\.m2\repository\com\vladsch\flexmark\flexmark-ext-admonition\0.62.2\flexmark-ext-admonition-0.62.2.jar;C:\Users\WINDOWS 11\.m2\repository\com\vladsch\flexmark\flexmark-ext-anchorlink\0.62.2\flexmark-ext-anchorlink-0.62.2.jar;C:\Users\WINDOWS 11\.m2\repository\com\vladsch\flexmark\flexmark-ext-aside\0.62.2\flexmark-ext-aside-0.62.2.jar;C:\Users\WINDOWS 11\.m2\repository\com\vladsch\flexmark\flexmark-ext-attributes\0.62.2\flexmark-ext-attributes-0.62.2.jar;C:\Users\WINDOWS 11\.m2\repository\com\vladsch\flexmark\flexmark-ext-autolink\0.62.2\flexmark-ext-autolink-0.62.2.jar;C:\Users\WINDOWS 11\.m2\repository\org\nibor\autolink\autolink\0.6.0\autolink-0.6.0.jar;C:\Users\WINDOWS 11\.m2\repository\com\vladsch\flexmark\flexmark-ext-definition\0.62.2\flexmark-ext-definition-0.62.2.jar;C:\Users\WINDOWS 11\.m2\repository\com\vladsch\flexmark\flexmark-ext-emoji\0.62.2\flexmark-ext-emoji-0.62.2.jar;C:\Users\WINDOWS 11\.m2\repository\com\vladsch\flexmark\flexmark-ext-enumerated-reference\0.62.2\flexmark-ext-enumerated-reference-0.62.2.jar;C:\Users\WINDOWS 11\.m2\repository\com\vladsch\flexmark\flexmark-ext-escaped-character\0.62.2\flexmark-ext-escaped-character-0.62.2.jar;C:\Users\WINDOWS 11\.m2\repository\com\vladsch\flexmark\flexmark-ext-footnotes\0.62.2\flexmark-ext-footnotes-0.62.2.jar;C:\Users\WINDOWS 11\.m2\repository\com\vladsch\flexmark\flexmark-ext-gfm-issues\0.62.2\flexmark-ext-gfm-issues-0.62.2.jar;C:\Users\WINDOWS 11\.m2\repository\com\vladsch\flexmark\flexmark-ext-gfm-strikethrough\0.62.2\flexmark-ext-gfm-strikethrough-0.62.2.jar;C:\Users\WINDOWS 11\.m2\repository\com\vladsch\flexmark\flexmark-ext-gfm-tasklist\0.62.2\flexmark-ext-gfm-tasklist-0.62.2.jar;C:\Users\WINDOWS 11\.m2\repository\com\vladsch\flexmark\flexmark-ext-gfm-users\0.62.2\flexmark-ext-gfm-users-0.62.2.jar;C:\Users\WINDOWS 11\.m2\repository\com\vladsch\flexmark\flexmark-ext-gitlab\0.62.2\flexmark-ext-gitlab-0.62.2.jar;C:\Users\WINDOWS 11\.m2\repository\com\vladsch\flexmark\flexmark-ext-jekyll-front-matter\0.62.2\flexmark-ext-jekyll-front-matter-0.62.2.jar;C:\Users\WINDOWS 11\.m2\repository\com\vladsch\flexmark\flexmark-ext-jekyll-tag\0.62.2\flexmark-ext-jekyll-tag-0.62.2.jar;C:\Users\WINDOWS 11\.m2\repository\com\vladsch\flexmark\flexmark-ext-media-tags\0.62.2\flexmark-ext-media-tags-0.62.2.jar;C:\Users\WINDOWS 11\.m2\repository\com\vladsch\flexmark\flexmark-ext-macros\0.62.2\flexmark-ext-macros-0.62.2.jar;C:\Users\WINDOWS 11\.m2\repository\com\vladsch\flexmark\flexmark-ext-ins\0.62.2\flexmark-ext-ins-0.62.2.jar;C:\Users\WINDOWS 11\.m2\repository\com\vladsch\flexmark\flexmark-ext-xwiki-macros\0.62.2\flexmark-ext-xwiki-macros-0.62.2.jar;C:\Users\WINDOWS 11\.m2\repository\com\vladsch\flexmark\flexmark-ext-superscript\0.62.2\flexmark-ext-superscript-0.62.2.jar;C:\Users\WINDOWS 11\.m2\repository\com\vladsch\flexmark\flexmark-ext-tables\0.62.2\flexmark-ext-tables-0.62.2.jar;C:\Users\WINDOWS 11\.m2\repository\com\vladsch\flexmark\flexmark-ext-toc\0.62.2\flexmark-ext-toc-0.62.2.jar;C:\Users\WINDOWS 11\.m2\repository\com\vladsch\flexmark\flexmark-ext-typographic\0.62.2\flexmark-ext-typographic-0.62.2.jar;C:\Users\WINDOWS 11\.m2\repository\com\vladsch\flexmark\flexmark-ext-wikilink\0.62.2\flexmark-ext-wikilink-0.62.2.jar;C:\Users\WINDOWS 11\.m2\repository\com\vladsch\flexmark\flexmark-ext-yaml-front-matter\0.62.2\flexmark-ext-yaml-front-matter-0.62.2.jar;C:\Users\WINDOWS 11\.m2\repository\com\vladsch\flexmark\flexmark-ext-youtube-embedded\0.62.2\flexmark-ext-youtube-embedded-0.62.2.jar;C:\Users\WINDOWS 11\.m2\repository\com\vladsch\flexmark\flexmark-html2md-converter\0.62.2\flexmark-html2md-converter-0.62.2.jar;C:\Users\WINDOWS 11\.m2\repository\com\vladsch\flexmark\flexmark-jira-converter\0.62.2\flexmark-jira-converter-0.62.2.jar;C:\Users\WINDOWS 11\.m2\repository\com\vladsch\flexmark\flexmark-pdf-converter\0.62.2\flexmark-pdf-converter-0.62.2.jar;C:\Users\WINDOWS 11\.m2\repository\com\openhtmltopdf\openhtmltopdf-core\1.0.0\openhtmltopdf-core-1.0.0.jar;C:\Users\WINDOWS 11\.m2\repository\com\openhtmltopdf\openhtmltopdf-pdfbox\1.0.0\openhtmltopdf-pdfbox-1.0.0.jar;C:\Users\WINDOWS 11\.m2\repository\org\apache\pdfbox\pdfbox\2.0.16\pdfbox-2.0.16.jar;C:\Users\WINDOWS 11\.m2\repository\org\apache\pdfbox\fontbox\2.0.16\fontbox-2.0.16.jar;C:\Users\WINDOWS 11\.m2\repository\org\apache\pdfbox\xmpbox\2.0.16\xmpbox-2.0.16.jar;C:\Users\WINDOWS 11\.m2\repository\de\rototor\pdfbox\graphics2d\0.24\graphics2d-0.24.jar;C:\Users\WINDOWS 11\.m2\repository\com\openhtmltopdf\openhtmltopdf-rtl-support\1.0.0\openhtmltopdf-rtl-support-1.0.0.jar;C:\Users\WINDOWS 11\.m2\repository\com\openhtmltopdf\openhtmltopdf-jsoup-dom-converter\1.0.0\openhtmltopdf-jsoup-dom-converter-1.0.0.jar;C:\Users\WINDOWS 11\.m2\repository\com\vladsch\flexmark\flexmark-profile-pegdown\0.62.2\flexmark-profile-pegdown-0.62.2.jar;C:\Users\WINDOWS 11\.m2\repository\com\vladsch\flexmark\flexmark-util-ast\0.62.2\flexmark-util-ast-0.62.2.jar;C:\Users\WINDOWS 11\.m2\repository\com\vladsch\flexmark\flexmark-util-builder\0.62.2\flexmark-util-builder-0.62.2.jar;C:\Users\WINDOWS 11\.m2\repository\com\vladsch\flexmark\flexmark-util-collection\0.62.2\flexmark-util-collection-0.62.2.jar;C:\Users\WINDOWS 11\.m2\repository\com\vladsch\flexmark\flexmark-util-data\0.62.2\flexmark-util-data-0.62.2.jar;C:\Users\WINDOWS 11\.m2\repository\com\vladsch\flexmark\flexmark-util-dependency\0.62.2\flexmark-util-dependency-0.62.2.jar;C:\Users\WINDOWS 11\.m2\repository\com\vladsch\flexmark\flexmark-util-format\0.62.2\flexmark-util-format-0.62.2.jar;C:\Users\WINDOWS 11\.m2\repository\com\vladsch\flexmark\flexmark-util-html\0.62.2\flexmark-util-html-0.62.2.jar;C:\Users\WINDOWS 11\.m2\repository\com\vladsch\flexmark\flexmark-util-misc\0.62.2\flexmark-util-misc-0.62.2.jar;C:\Users\WINDOWS 11\.m2\repository\com\vladsch\flexmark\flexmark-util-options\0.62.2\flexmark-util-options-0.62.2.jar;C:\Users\WINDOWS 11\.m2\repository\com\vladsch\flexmark\flexmark-util-sequence\0.62.2\flexmark-util-sequence-0.62.2.jar;C:\Users\WINDOWS 11\.m2\repository\com\vladsch\flexmark\flexmark-util-visitor\0.62.2\flexmark-util-visitor-0.62.2.jar;C:\Users\WINDOWS 11\.m2\repository\com\vladsch\flexmark\flexmark-youtrack-converter\0.62.2\flexmark-youtrack-converter-0.62.2.jar;C:\Users\WINDOWS 11\.m2\repository\com\ibm\icu\icu4j\72.1\icu4j-72.1.jar;C:\Users\WINDOWS 11\.m2\repository\es\nitaur\markdown\txtmark\0.16\txtmark-0.16.jar;C:\Users\WINDOWS 11\.m2\repository\net\serenity-bdd\serenity-report-resources\3.6.21\serenity-report-resources-3.6.21.jar;C:\Users\WINDOWS 11\.m2\repository\com\google\code\gson\gson\2.10.1\gson-2.10.1.jar;C:\Users\WINDOWS 11\.m2\repository\com\fasterxml\jackson\core\jackson-core\2.15.0-rc1\jackson-core-2.15.0-rc1.jar;C:\Users\WINDOWS 11\.m2\repository\com\fasterxml\jackson\core\jackson-databind\2.15.0-rc1\jackson-databind-2.15.0-rc1.jar;C:\Users\WINDOWS 11\.m2\repository\com\fasterxml\jackson\core\jackson-annotations\2.15.0-rc1\jackson-annotations-2.15.0-rc1.jar;C:\Users\WINDOWS 11\.m2\repository\commons-codec\commons-codec\1.15\commons-codec-1.15.jar;C:\Users\WINDOWS 11\.m2\repository\commons-io\commons-io\2.11.0\commons-io-2.11.0.jar;C:\Users\WINDOWS 11\.m2\repository\org\apache\httpcomponents\httpclient\4.5.13\httpclient-4.5.13.jar;C:\Users\WINDOWS 11\.m2\repository\org\apache\httpcomponents\httpcore\4.4.13\httpcore-4.4.13.jar;C:\Users\WINDOWS 11\.m2\repository\commons-logging\commons-logging\1.2\commons-logging-1.2.jar;C:\Users\WINDOWS 11\.m2\repository\org\seleniumhq\selenium\selenium-java\4.8.1\selenium-java-4.8.1.jar;C:\Users\WINDOWS 11\.m2\repository\org\seleniumhq\selenium\selenium-devtools-v108\4.8.1\selenium-devtools-v108-4.8.1.jar;C:\Users\WINDOWS 11\.m2\repository\org\seleniumhq\selenium\selenium-devtools-v109\4.8.1\selenium-devtools-v109-4.8.1.jar;C:\Users\WINDOWS 11\.m2\repository\org\seleniumhq\selenium\selenium-devtools-v110\4.8.1\selenium-devtools-v110-4.8.1.jar;C:\Users\WINDOWS 11\.m2\repository\org\seleniumhq\selenium\selenium-devtools-v85\4.8.1\selenium-devtools-v85-4.8.1.jar;C:\Users\WINDOWS 11\.m2\repository\org\seleniumhq\selenium\selenium-remote-driver\4.8.1\selenium-remote-driver-4.8.1.jar;C:\Users\WINDOWS 11\.m2\repository\com\beust\jcommander\1.82\jcommander-1.82.jar;C:\Users\WINDOWS 11\.m2\repository\io\netty\netty-buffer\4.1.87.Final\netty-buffer-4.1.87.Final.jar;C:\Users\WINDOWS 11\.m2\repository\io\netty\netty-codec-http\4.1.87.Final\netty-codec-http-4.1.87.Final.jar;C:\Users\WINDOWS 11\.m2\repository\io\netty\netty-codec\4.1.87.Final\netty-codec-4.1.87.Final.jar;C:\Users\WINDOWS 11\.m2\repository\io\netty\netty-handler\4.1.87.Final\netty-handler-4.1.87.Final.jar;C:\Users\WINDOWS 11\.m2\repository\io\netty\netty-common\4.1.87.Final\netty-common-4.1.87.Final.jar;C:\Users\WINDOWS 11\.m2\repository\io\netty\netty-transport-classes-epoll\4.1.87.Final\netty-transport-classes-epoll-4.1.87.Final.jar;C:\Users\WINDOWS 11\.m2\repository\io\netty\netty-transport-classes-kqueue\4.1.87.Final\netty-transport-classes-kqueue-4.1.87.Final.jar;C:\Users\WINDOWS 11\.m2\repository\io\netty\netty-transport-native-epoll\4.1.87.Final\netty-transport-native-epoll-4.1.87.Final.jar;C:\Users\WINDOWS 11\.m2\repository\io\netty\netty-transport-native-kqueue\4.1.87.Final\netty-transport-native-kqueue-4.1.87.Final.jar;C:\Users\WINDOWS 11\.m2\repository\io\netty\netty-transport-native-unix-common\4.1.87.Final\netty-transport-native-unix-common-4.1.87.Final.jar;C:\Users\WINDOWS 11\.m2\repository\io\netty\netty-transport\4.1.87.Final\netty-transport-4.1.87.Final.jar;C:\Users\WINDOWS 11\.m2\repository\io\netty\netty-resolver\4.1.87.Final\netty-resolver-4.1.87.Final.jar;C:\Users\WINDOWS 11\.m2\repository\io\opentelemetry\opentelemetry-api\1.22.0\opentelemetry-api-1.22.0.jar;C:\Users\WINDOWS 11\.m2\repository\io\opentelemetry\opentelemetry-context\1.22.0\opentelemetry-context-1.22.0.jar;C:\Users\WINDOWS 11\.m2\repository\io\opentelemetry\opentelemetry-exporter-logging\1.22.0\opentelemetry-exporter-logging-1.22.0.jar;C:\Users\WINDOWS 11\.m2\repository\io\opentelemetry\opentelemetry-sdk-metrics\1.22.0\opentelemetry-sdk-metrics-1.22.0.jar;C:\Users\WINDOWS 11\.m2\repository\io\opentelemetry\opentelemetry-sdk-logs\1.22.0-alpha\opentelemetry-sdk-logs-1.22.0-alpha.jar;C:\Users\WINDOWS 11\.m2\repository\io\opentelemetry\opentelemetry-api-logs\1.22.0-alpha\opentelemetry-api-logs-1.22.0-alpha.jar;C:\Users\WINDOWS 11\.m2\repository\io\opentelemetry\opentelemetry-sdk-common\1.22.0\opentelemetry-sdk-common-1.22.0.jar;C:\Users\WINDOWS 11\.m2\repository\io\opentelemetry\opentelemetry-sdk-extension-autoconfigure-spi\1.22.0\opentelemetry-sdk-extension-autoconfigure-spi-1.22.0.jar;C:\Users\WINDOWS 11\.m2\repository\io\opentelemetry\opentelemetry-sdk-extension-autoconfigure\1.22.0-alpha\opentelemetry-sdk-extension-autoconfigure-1.22.0-alpha.jar;C:\Users\WINDOWS 11\.m2\repository\io\opentelemetry\opentelemetry-sdk-trace\1.22.0\opentelemetry-sdk-trace-1.22.0.jar;C:\Users\WINDOWS 11\.m2\repository\io\opentelemetry\opentelemetry-sdk\1.22.0\opentelemetry-sdk-1.22.0.jar;C:\Users\WINDOWS 11\.m2\repository\io\opentelemetry\opentelemetry-semconv\1.22.0-alpha\opentelemetry-semconv-1.22.0-alpha.jar;C:\Users\WINDOWS 11\.m2\repository\io\ous\jtoml\2.0.0\jtoml-2.0.0.jar;C:\Users\WINDOWS 11\.m2\repository\org\apache\commons\commons-exec\1.3\commons-exec-1.3.jar;C:\Users\WINDOWS 11\.m2\repository\org\asynchttpclient\async-http-client\2.12.3\async-http-client-2.12.3.jar;C:\Users\WINDOWS 11\.m2\repository\org\asynchttpclient\async-http-client-netty-utils\2.12.3\async-http-client-netty-utils-2.12.3.jar;C:\Users\WINDOWS 11\.m2\repository\io\netty\netty-codec-socks\4.1.60.Final\netty-codec-socks-4.1.60.Final.jar;C:\Users\WINDOWS 11\.m2\repository\io\netty\netty-handler-proxy\4.1.60.Final\netty-handler-proxy-4.1.60.Final.jar;C:\Users\WINDOWS 11\.m2\repository\io\netty\netty-transport-native-epoll\4.1.60.Final\netty-transport-native-epoll-4.1.60.Final-linux-x86_64.jar;C:\Users\WINDOWS 11\.m2\repository\io\netty\netty-transport-native-kqueue\4.1.60.Final\netty-transport-native-kqueue-4.1.60.Final-osx-x86_64.jar;C:\Users\WINDOWS 11\.m2\repository\org\reactivestreams\reactive-streams\1.0.3\reactive-streams-1.0.3.jar;C:\Users\WINDOWS 11\.m2\repository\com\typesafe\netty\netty-reactive-streams\2.0.4\netty-reactive-streams-2.0.4.jar;C:\Users\WINDOWS 11\.m2\repository\org\seleniumhq\selenium\selenium-manager\4.8.1\selenium-manager-4.8.1.jar;C:\Users\WINDOWS 11\.m2\repository\org\seleniumhq\selenium\selenium-safari-driver\4.8.1\selenium-safari-driver-4.8.1.jar;C:\Users\WINDOWS 11\.m2\repository\org\seleniumhq\selenium\selenium-api\4.8.1\selenium-api-4.8.1.jar;C:\Users\WINDOWS 11\.m2\repository\org\seleniumhq\selenium\selenium-support\4.8.1\selenium-support-4.8.1.jar;C:\Users\WINDOWS 11\.m2\repository\com\google\auto\service\auto-service-annotations\1.0.1\auto-service-annotations-1.0.1.jar;C:\Users\WINDOWS 11\.m2\repository\com\google\auto\service\auto-service\1.0.1\auto-service-1.0.1.jar;C:\Users\WINDOWS 11\.m2\repository\com\google\auto\auto-common\1.2\auto-common-1.2.jar;C:\Users\WINDOWS 11\.m2\repository\org\seleniumhq\selenium\selenium-json\4.8.1\selenium-json-4.8.1.jar;C:\Users\WINDOWS 11\.m2\repository\org\seleniumhq\selenium\selenium-chrome-driver\4.8.1\selenium-chrome-driver-4.8.1.jar;C:\Users\WINDOWS 11\.m2\repository\org\seleniumhq\selenium\selenium-chromium-driver\4.8.1\selenium-chromium-driver-4.8.1.jar;C:\Users\WINDOWS 11\.m2\repository\org\seleniumhq\selenium\selenium-firefox-driver\4.8.1\selenium-firefox-driver-4.8.1.jar;C:\Users\WINDOWS 11\.m2\repository\org\seleniumhq\selenium\selenium-http\4.8.1\selenium-http-4.8.1.jar;C:\Users\WINDOWS 11\.m2\repository\dev\failsafe\failsafe\3.3.0\failsafe-3.3.0.jar;C:\Users\WINDOWS 11\.m2\repository\org\seleniumhq\selenium\selenium-edge-driver\4.8.1\selenium-edge-driver-4.8.1.jar;C:\Users\WINDOWS 11\.m2\repository\org\seleniumhq\selenium\selenium-ie-driver\4.8.1\selenium-ie-driver-4.8.1.jar;C:\Users\WINDOWS 11\.m2\repository\org\projectlombok\lombok\1.18.20\lombok-1.18.20.jar;C:\Users\WINDOWS 11\.m2\repository\io\appium\java-client\8.3.0\java-client-8.3.0.jar;C:\Users\WINDOWS 11\.m2\repository\commons-validator\commons-validator\1.7\commons-validator-1.7.jar;C:\Users\WINDOWS 11\.m2\repository\commons-digester\commons-digester\2.1\commons-digester-2.1.jar;C:\Users\WINDOWS 11\.m2\repository\org\apache\groovy\groovy\4.0.10\groovy-4.0.10.jar;C:\Users\WINDOWS 11\.m2\repository\net\sf\opencsv\opencsv\2.0\opencsv-2.0.jar;C:\Users\WINDOWS 11\.m2\repository\commons-beanutils\commons-beanutils\1.9.4\commons-beanutils-1.9.4.jar;C:\Users\WINDOWS 11\.m2\repository\org\apache\commons\commons-lang3\3.12.0\commons-lang3-3.12.0.jar;C:\Users\WINDOWS 11\.m2\repository\commons-collections\commons-collections\3.2.2\commons-collections-3.2.2.jar;C:\Users\WINDOWS 11\.m2\repository\org\fluentlenium\fluentlenium-core\0.10.2\fluentlenium-core-0.10.2.jar;C:\Users\WINDOWS 11\.m2\repository\io\github\bonigarcia\webdrivermanager\5.3.0\webdrivermanager-5.3.0.jar;C:\Users\WINDOWS 11\.m2\repository\com\github\docker-java\docker-java\3.2.13\docker-java-3.2.13.jar;C:\Users\WINDOWS 11\.m2\repository\com\github\docker-java\docker-java-core\3.2.13\docker-java-core-3.2.13.jar;C:\Users\WINDOWS 11\.m2\repository\com\github\docker-java\docker-java-api\3.2.13\docker-java-api-3.2.13.jar;C:\Users\WINDOWS 11\.m2\repository\org\apache\commons\commons-compress\1.21\commons-compress-1.21.jar;C:\Users\WINDOWS 11\.m2\repository\org\bouncycastle\bcpkix-jdk15on\1.64\bcpkix-jdk15on-1.64.jar;C:\Users\WINDOWS 11\.m2\repository\org\bouncycastle\bcprov-jdk15on\1.64\bcprov-jdk15on-1.64.jar;C:\Users\WINDOWS 11\.m2\repository\org\slf4j\jcl-over-slf4j\1.7.30\jcl-over-slf4j-1.7.30.jar;C:\Users\WINDOWS 11\.m2\repository\com\github\docker-java\docker-java-transport-httpclient5\3.2.13\docker-java-transport-httpclient5-3.2.13.jar;C:\Users\WINDOWS 11\.m2\repository\com\github\docker-java\docker-java-transport\3.2.13\docker-java-transport-3.2.13.jar;C:\Users\WINDOWS 11\.m2\repository\net\java\dev\jna\jna\5.8.0\jna-5.8.0.jar;C:\Users\WINDOWS 11\.m2\repository\org\brotli\dec\0.1.2\dec-0.1.2.jar;C:\Users\WINDOWS 11\.m2\repository\org\apache\httpcomponents\client5\httpclient5\5.1.3\httpclient5-5.1.3.jar;C:\Users\WINDOWS 11\.m2\repository\org\apache\httpcomponents\core5\httpcore5\5.1.3\httpcore5-5.1.3.jar;C:\Users\WINDOWS 11\.m2\repository\org\apache\httpcomponents\core5\httpcore5-h2\5.1.3\httpcore5-h2-5.1.3.jar;C:\Users\WINDOWS 11\.m2\repository\com\jhlabs\filters\2.0.235\filters-2.0.235.jar;C:\Users\WINDOWS 11\.m2\repository\com\paulhammant\ngwebdriver\1.1.6\ngwebdriver-1.1.6.jar;C:\Users\WINDOWS 11\.m2\repository\joda-time\joda-time\2.12.2\joda-time-2.12.2.jar;C:\Users\WINDOWS 11\.m2\repository\org\hamcrest\hamcrest\2.2\hamcrest-2.2.jar;C:\Users\WINDOWS 11\.m2\repository\com\google\jimfs\jimfs\1.2\jimfs-1.2.jar;C:\Users\WINDOWS 11\.m2\repository\org\mockito\mockito-core\3.3.3\mockito-core-3.3.3.jar;C:\Users\WINDOWS 11\.m2\repository\javax\xml\bind\jaxb-api\2.3.1\jaxb-api-2.3.1.jar;C:\Users\WINDOWS 11\.m2\repository\javax\activation\javax.activation-api\1.2.0\javax.activation-api-1.2.0.jar;C:\Users\WINDOWS 11\.m2\repository\com\sun\xml\bind\jaxb-core\2.3.0.1\jaxb-core-2.3.0.1.jar;C:\Users\WINDOWS 11\.m2\repository\com\sun\xml\bind\jaxb-impl\2.3.3\jaxb-impl-2.3.3.jar;C:\Users\WINDOWS 11\.m2\repository\jakarta\xml\bind\jakarta.xml.bind-api\2.3.3\jakarta.xml.bind-api-2.3.3.jar;C:\Users\WINDOWS 11\.m2\repository\com\sun\activation\jakarta.activation\1.2.2\jakarta.activation-1.2.2.jar;C:\Users\WINDOWS 11\.m2\repository\javax\activation\activation\1.1.1\activation-1.1.1.jar;C:\Users\WINDOWS 11\.m2\repository\net\serenity-bdd\serenity-cucumber\3.6.21\serenity-cucumber-3.6.21.jar;C:\Users\WINDOWS 11\.m2\repository\io\cucumber\cucumber-core\7.11.0\cucumber-core-7.11.0.jar;C:\Users\WINDOWS 11\.m2\repository\io\cucumber\cucumber-gherkin\7.11.0\cucumber-gherkin-7.11.0.jar;C:\Users\WINDOWS 11\.m2\repository\io\cucumber\cucumber-gherkin-messages\7.11.0\cucumber-gherkin-messages-7.11.0.jar;C:\Users\WINDOWS 11\.m2\repository\io\cucumber\gherkin\26.0.3\gherkin-26.0.3.jar;C:\Users\WINDOWS 11\.m2\repository\io\cucumber\messages\21.0.1\messages-21.0.1.jar;C:\Users\WINDOWS 11\.m2\repository\io\cucumber\tag-expressions\5.0.1\tag-expressions-5.0.1.jar;C:\Users\WINDOWS 11\.m2\repository\io\cucumber\cucumber-expressions\16.1.1\cucumber-expressions-16.1.1.jar;C:\Users\WINDOWS 11\.m2\repository\io\cucumber\datatable\7.11.0\datatable-7.11.0.jar;C:\Users\WINDOWS 11\.m2\repository\io\cucumber\cucumber-plugin\7.11.0\cucumber-plugin-7.11.0.jar;C:\Users\WINDOWS 11\.m2\repository\io\cucumber\docstring\7.11.0\docstring-7.11.0.jar;C:\Users\WINDOWS 11\.m2\repository\io\cucumber\html-formatter\20.2.1\html-formatter-20.2.1.jar;C:\Users\WINDOWS 11\.m2\repository\io\cucumber\junit-xml-formatter\0.1.0\junit-xml-formatter-0.1.0.jar;C:\Users\WINDOWS 11\.m2\repository\io\cucumber\ci-environment\9.1.0\ci-environment-9.1.0.jar;C:\Users\WINDOWS 11\.m2\repository\io\cucumber\cucumber-java\7.11.0\cucumber-java-7.11.0.jar;C:\Users\WINDOWS 11\.m2\repository\io\cucumber\cucumber-junit\7.11.0\cucumber-junit-7.11.0.jar;C:\Users\WINDOWS 11\.m2\repository\org\apache\commons\commons-csv\1.5\commons-csv-1.5.jar;C:\Users\WINDOWS 11\.m2\repository\net\serenity-bdd\serenity-screenplay\3.6.21\serenity-screenplay-3.6.21.jar;C:\Users\WINDOWS 11\.m2\repository\net\serenity-bdd\serenity-screenplay-webdriver\3.6.21\serenity-screenplay-webdriver-3.6.21.jar;C:\Users\WINDOWS 11\.m2\repository\net\serenity-bdd\serenity-ensure\3.6.21\serenity-ensure-3.6.21.jar;C:\Users\WINDOWS 11\.m2\repository\net\serenity-bdd\serenity-junit\3.6.21\serenity-junit-3.6.21.jar;C:\Users\WINDOWS 11\.m2\repository\org\jetbrains\kotlin\kotlin-stdlib\1.8.10\kotlin-stdlib-1.8.10.jar;C:\Users\WINDOWS 11\.m2\repository\org\jetbrains\kotlin\kotlin-stdlib-common\1.8.10\kotlin-stdlib-common-1.8.10.jar;C:\Users\WINDOWS 11\.m2\repository\org\jetbrains\annotations\13.0\annotations-13.0.jar;C:\Users\WINDOWS 11\.m2\repository\org\junit\platform\junit-platform-launcher\1.8.2\junit-platform-launcher-1.8.2.jar;C:\Users\WINDOWS 11\.m2\repository\org\junit\platform\junit-platform-engine\1.8.2\junit-platform-engine-1.8.2.jar;C:\Users\WINDOWS 11\.m2\repository\org\opentest4j\opentest4j\1.2.0\opentest4j-1.2.0.jar;C:\Users\WINDOWS 11\.m2\repository\org\junit\platform\junit-platform-commons\1.8.2\junit-platform-commons-1.8.2.jar;C:\Users\WINDOWS 11\.m2\repository\org\apiguardian\apiguardian-api\1.1.2\apiguardian-api-1.1.2.jar;C:\Users\WINDOWS 11\.m2\repository\org\junit\jupiter\junit-jupiter-engine\5.8.2\junit-jupiter-engine-5.8.2.jar;C:\Users\WINDOWS 11\.m2\repository\org\junit\jupiter\junit-jupiter-api\5.8.2\junit-jupiter-api-5.8.2.jar;C:\Users\WINDOWS 11\.m2\repository\org\junit\vintage\junit-vintage-engine\5.8.2\junit-vintage-engine-5.8.2.jar;C:\Users\WINDOWS 11\.m2\repository\junit\junit\4.13.2\junit-4.13.2.jar;C:\Users\WINDOWS 11\.m2\repository\org\hamcrest\hamcrest-core\1.3\hamcrest-core-1.3.jar;C:\Users\WINDOWS 11\.m2\repository\ch\qos\logback\logback-classic\1.2.10\logback-classic-1.2.10.jar;C:\Users\WINDOWS 11\.m2\repository\ch\qos\logback\logback-core\1.2.10\logback-core-1.2.10.jar;C:\Users\WINDOWS 11\.m2\repository\org\slf4j\slf4j-api\1.7.32\slf4j-api-1.7.32.jar;C:\Users\WINDOWS 11\.m2\repository\org\assertj\assertj-core\3.23.1\assertj-core-3.23.1.jar;C:\Users\WINDOWS 11\.m2\repository\net\bytebuddy\byte-buddy\1.12.10\byte-buddy-1.12.10.jar;C:\Users\WINDOWS 11\.m2\repository\org\apache\maven\surefire\surefire-junit-platform\3.0.0-M5\surefire-junit-platform-3.0.0-M5.jar;C:\Users\WINDOWS 11\.m2\repository\org\apache\maven\surefire\common-java5\3.0.0-M5\common-java5-3.0.0-M5.jar"/>
    <property name="user.script" value=""/>
    <property name="java.protocol.handler.pkgs" value="com.google.common"/>
    <property name="sun.management.compiler" value="HotSpot 64-Bit Tiered Compilers"/>
    <property name="java.runtime.version" value="19+36-2238"/>
    <property name="user.name" value="WINDOWS 11"/>
    <property name="stdout.encoding" value="Cp1252"/>
    <property name="path.separator" value=";"/>
    <property name="os.version" value="10.0"/>
    <property name="java.runtime.name" value="Java(TM) SE Runtime Environment"/>
    <property name="file.encoding" value="UTF-8"/>
    <property name="webdriver.base.url" value=""/>
    <property name="java.vm.name" value="Java HotSpot(TM) 64-Bit Server VM"/>
    <property name="localRepository" value="C:\Users\WINDOWS 11\.m2\repository"/>
    <property name="java.vendor.url.bug" value="https://bugreport.java.com/bugreport/"/>
    <property name="java.io.tmpdir" value="C:\Users\WINDOW~1\AppData\Local\Temp\"/>
    <property name="java.version" value="19"/>
    <property name="user.dir" value="C:\Users\WINDOWS 11\IdeaProjects\Prioritas2-Web-Test"/>
    <property name="os.arch" value="amd64"/>
    <property name="java.vm.specification.name" value="Java Virtual Machine Specification"/>
    <property name="sun.os.patch.level" value=""/>
    <property name="native.encoding" value="Cp1252"/>
    <property name="java.library.path" value="C:\Program Files\Java\jdk-19\bin;C:\WINDOWS\Sun\Java\bin;C:\WINDOWS\system32;C:\WINDOWS;C:\Program Files\Common Files\Oracle\Java\javapath;C:\Users\WINDOWS 11\AppData\Local\Programs\Python\Python310\Scripts\;C:\Users\WINDOWS 11\AppData\Local\Programs\Python\Python310\;C:\Program Files (x86)\Common Files\Oracle\Java\javapath;C:\Windows\system32;C:\Windows;C:\Windows\System32\Wbem;C:\Windows\System32\WindowsPowerShell\v1.0\;C:\Windows\System32\OpenSSH\;C:\Program Files (x86)\NVIDIA Corporation\PhysX\Common;C:\Program Files\NVIDIA Corporation\NVIDIA NvDLISR;C:\Program Files\Git\cmd;C:\xampp\php;C:\ProgramData\ComposerSetup\bin;C:\Program Files\nodejs\;C:\ProgramData\chocolatey\bin;C:\Program Files\Microsoft SQL Server\150\Tools\Binn\;C:\Program Files (x86)\Microsoft SQL Server\150\DTS\Binn\;C:\Program Files\Azure Data Studio\bin;C:\Program Files\Docker\Docker\resources\bin;C:\Users\WINDOWS 11;C:\WINDOWS\system32;C:\WINDOWS;C:\WINDOWS\System32\Wbem;C:\WINDOWS\System32\WindowsPowerShell\v1.0\;C:\WINDOWS\System32\OpenSSH\;C:\apache-maven-3.9.1-bin\apache-maven-3.9.1\bin;C:\Users\WINDOWS 11\AppData\Local\pnpm;C:\Users\WINDOWS 11\AppData\Local\Microsoft\WindowsApps;C:\Program Files\Java\jdk-19\bin;C:\Users\WINDOWS 11\AppData\Local\Programs\Microsoft VS Code\bin;C:\Users\WINDOWS 11\AppData\Roaming\Composer\vendor\bin;C:\Users\WINDOWS 11\AppData\Roaming\npm;C:\Program Files\Azure Data Studio\bin;D:\Applications\flutter\bin;;C:\Program Files\JetBrains\IntelliJ IDEA Community Edition 2022.3.2\bin;;."/>
    <property name="java.vm.info" value="mixed mode"/>
    <property name="stderr.encoding" value="Cp1252"/>
    <property name="java.vendor" value="Oracle Corporation"/>
    <property name="java.vm.version" value="19+36-2238"/>
    <property name="sun.io.unicode.encoding" value="UnicodeLittle"/>
    <property name="java.class.version" value="63.0"/>
  </properties>
  <testcase name="as a user i can login" classname="login sepulsa #1" time="11.786">
    <system-out><![CDATA[12:03:21.726 [main] DEBUG net.thucydides.core.guice.Injectors - Created injector for module net.thucydides.core.guice.ThucydidesModule
12:03:22.077 [main] DEBUG io.cucumber.core.plugin.SerenityReporter - Running feature from file:///C:/Users/WINDOWS%2011/IdeaProjects/Prioritas2-Web-Test/src/test/resources/features/login.feature
12:03:22.271 [main] DEBUG net.thucydides.core.guice.Injectors - Created injector for module net.thucydides.core.guice.webdriver.WebDriverModule
12:03:22.303 [main] INFO  - 

-------------------------------------------------------------------------------------
     _______. _______ .______       _______ .__   __.  __  .___________.____    ____ 
    /       ||   ____||   _  \     |   ____||  \ |  | |  | |           |\   \  /   / 
   |   (----`|  |__   |  |_)  |    |  |__   |   \|  | |  | `---|  |----` \   \/   /  
    \   \    |   __|  |      /     |   __|  |  . `  | |  |     |  |       \_    _/   
.----)   |   |  |____ |  |\  \----.|  |____ |  |\   | |  |     |  |         |  |     
|_______/    |_______|| _| `._____||_______||__| \__| |__|     |__|         |__|    
                                                                                     
 News and tutorials at http://www.serenity-bdd.info                                  
 Documentation at https://wakaleo.gitbooks.io/the-serenity-book/content/             
 Join the Serenity Community on Gitter: https://gitter.im/serenity-bdd/serenity-core 
 Serenity BDD Support and Training at http://serenity-bdd.info/#/trainingandsupport  
-------------------------------------------------------------------------------------

12:03:22.305 [main] DEBUG net.thucydides.core.steps.StepEventBus - Test suite started for story net.thucydides.core.model.Story@69edbb32
12:03:22.307 [main] INFO  - Test Suite Started: login sepulsa
12:03:22.330 [main] DEBUG io.cucumber.core.plugin.SerenityReporter - Running feature from file:///C:/Users/WINDOWS%2011/IdeaProjects/Prioritas2-Web-Test/src/test/resources/features/payment.feature
12:03:22.340 [main] DEBUG net.thucydides.core.steps.StepEventBus - Test suite started for story net.thucydides.core.model.Story@717a10cf
12:03:22.341 [main] INFO  - Test Suite Started: login sepulsa
12:03:22.341 [main] DEBUG io.cucumber.core.plugin.SerenityReporter - Running feature from file:///C:/Users/WINDOWS%2011/IdeaProjects/Prioritas2-Web-Test/src/test/resources/features/product.feature
12:03:22.346 [main] DEBUG net.thucydides.core.steps.StepEventBus - Test suite started for story net.thucydides.core.model.Story@a9fab2b8
12:03:22.346 [main] INFO  - Test Suite Started: login sepulsa
12:03:22.347 [main] DEBUG io.cucumber.core.plugin.SerenityReporter - Running feature from file:///C:/Users/WINDOWS%2011/IdeaProjects/Prioritas2-Web-Test/src/test/resources/features/login.feature
12:03:22.350 [main] DEBUG net.thucydides.core.steps.StepEventBus - Test suite started for story net.thucydides.core.model.Story@69edbb32
12:03:22.350 [main] INFO  - Test Suite Started: login sepulsa

@login @userA
Scenario: as a user i can login   &amp#27;[90m# src/test/resources/features/login.feature:4&amp#27;[0m
12:03:22.429 [main] DEBUG io.cucumber.core.plugin.SerenityReporter - Running feature from file:///C:/Users/WINDOWS%2011/IdeaProjects/Prioritas2-Web-Test/src/test/resources/features/login.feature
12:03:22.556 [main] INFO  - 
  _____   ___   ___   _____     ___   _____     _     ___   _____   ___   ___  
 |_   _| | __| / __| |_   _|   / __| |_   _|   /_\   | _ \ |_   _| | __| |   \ 
   | |   | _|  \__ \   | |     \__ \   | |    / _ \  |   /   | |   | _|  | |) |
   |_|   |___| |___/   |_|     |___/   |_|   /_/ \_\ |_|_\   |_|   |___| |___/ 

as a user i can login(login-sepulsa;as-a-user-i-can-login)
--------------------------------------------------------------------------------
12:03:22.624 [main] DEBUG net.thucydides.core.requirements.model.cucumber.CucumberParser - Loading feature C:\Users\WINDOWS 11\IdeaProjects\Prioritas2-Web-Test\src\test\resources\features\login.feature
12:03:22.649 [main] DEBUG net.thucydides.core.requirements.model.cucumber.CucumberParser - Loading feature C:\Users\WINDOWS 11\IdeaProjects\Prioritas2-Web-Test\src\test\resources\features\payment.feature
12:03:22.655 [main] DEBUG net.thucydides.core.requirements.model.cucumber.CucumberParser - Loading feature C:\Users\WINDOWS 11\IdeaProjects\Prioritas2-Web-Test\src\test\resources\features\product.feature
12:03:23.871 [main] INFO net.serenitybdd.core.webdriver.driverproviders.ChromeDriverProvider - Starting Chrome driver instance with capabilities:
12:03:23.875 [main] INFO net.serenitybdd.core.webdriver.driverproviders.ChromeDriverProvider - Capabilities {acceptInsecureCerts: false, browserName: chrome, goog:chromeOptions: {args: [remote-allow-origins=*], extensions: []}}
12:03:23.992 [main] DEBUG io.netty.util.internal.logging.InternalLoggerFactory - Using SLF4J as the default logging framework
12:03:23.994 [main] DEBUG io.netty.util.ResourceLeakDetector - -Dio.netty.leakDetection.level: simple
12:03:23.995 [main] DEBUG io.netty.util.ResourceLeakDetector - -Dio.netty.leakDetection.targetRecords: 4
12:03:23.999 [main] DEBUG io.netty.util.ResourceLeakDetectorFactory - Loaded default ResourceLeakDetector: io.netty.util.ResourceLeakDetector@782ac148
12:03:24.024 [main] DEBUG io.netty.util.internal.PlatformDependent0 - -Dio.netty.noUnsafe: false
12:03:24.024 [main] DEBUG io.netty.util.internal.PlatformDependent0 - Java version: 19
12:03:24.025 [main] DEBUG io.netty.util.internal.PlatformDependent0 - sun.misc.Unsafe.theUnsafe: available
12:03:24.026 [main] DEBUG io.netty.util.internal.PlatformDependent0 - sun.misc.Unsafe.copyMemory: available
12:03:24.027 [main] DEBUG io.netty.util.internal.PlatformDependent0 - sun.misc.Unsafe.storeFence: available
12:03:24.028 [main] DEBUG io.netty.util.internal.PlatformDependent0 - java.nio.Buffer.address: available
12:03:24.028 [main] DEBUG io.netty.util.internal.PlatformDependent0 - direct buffer constructor: unavailable: Reflective setAccessible(true) disabled
12:03:24.029 [main] DEBUG io.netty.util.internal.PlatformDependent0 - java.nio.Bits.unaligned: available, true
12:03:24.031 [main] DEBUG io.netty.util.internal.PlatformDependent0 - jdk.internal.misc.Unsafe.allocateUninitializedArray(int): unavailable: class io.netty.util.internal.PlatformDependent0$7 cannot access class jdk.internal.misc.Unsafe (in module java.base) because module java.base does not export jdk.internal.misc to unnamed module @c333c60
12:03:24.033 [main] DEBUG io.netty.util.internal.PlatformDependent0 - java.nio.DirectByteBuffer.<init>(long, int): unavailable
12:03:24.033 [main] DEBUG io.netty.util.internal.PlatformDependent - sun.misc.Unsafe: available
12:03:24.035 [main] DEBUG io.netty.util.internal.PlatformDependent - maxDirectMemory: 2105540608 bytes (maybe)
12:03:24.035 [main] DEBUG io.netty.util.internal.PlatformDependent - -Dio.netty.tmpdir: C:\Users\WINDOW~1\AppData\Local\Temp (java.io.tmpdir)
12:03:24.035 [main] DEBUG io.netty.util.internal.PlatformDependent - -Dio.netty.bitMode: 64 (sun.arch.data.model)
12:03:24.035 [main] DEBUG io.netty.util.internal.PlatformDependent - Platform: Windows
12:03:24.036 [main] DEBUG io.netty.util.internal.PlatformDependent - -Dio.netty.maxDirectMemory: -1 bytes
12:03:24.036 [main] DEBUG io.netty.util.internal.PlatformDependent - -Dio.netty.uninitializedArrayAllocationThreshold: -1
12:03:24.037 [main] DEBUG io.netty.util.internal.CleanerJava9 - java.nio.ByteBuffer.cleaner(): available
12:03:24.038 [main] DEBUG io.netty.util.internal.PlatformDependent - -Dio.netty.noPreferDirect: false
12:03:24.045 [main] DEBUG io.netty.util.internal.PlatformDependent - org.jctools-core.MpscChunkedArrayQueue: available
12:03:24.086 [main] DEBUG io.netty.util.internal.InternalThreadLocalMap - -Dio.netty.threadLocalMap.stringBuilder.initialSize: 1024
12:03:24.087 [main] DEBUG io.netty.util.internal.InternalThreadLocalMap - -Dio.netty.threadLocalMap.stringBuilder.maxSize: 4096
12:03:24.376 [main] DEBUG io.netty.handler.ssl.JdkSslContext - Default protocols (JDK): [TLSv1.3, TLSv1.2] 
12:03:24.376 [main] DEBUG io.netty.handler.ssl.JdkSslContext - Default cipher suites (JDK): [TLS_ECDHE_ECDSA_WITH_AES_256_GCM_SHA384, TLS_ECDHE_ECDSA_WITH_AES_128_GCM_SHA256, TLS_ECDHE_RSA_WITH_AES_128_GCM_SHA256, TLS_ECDHE_RSA_WITH_AES_256_GCM_SHA384, TLS_ECDHE_RSA_WITH_AES_128_CBC_SHA, TLS_ECDHE_RSA_WITH_AES_256_CBC_SHA, TLS_RSA_WITH_AES_128_GCM_SHA256, TLS_RSA_WITH_AES_128_CBC_SHA, TLS_RSA_WITH_AES_256_CBC_SHA, TLS_AES_128_GCM_SHA256, TLS_AES_256_GCM_SHA384]
12:03:24.404 [main] DEBUG io.netty.channel.MultithreadEventLoopGroup - -Dio.netty.eventLoopThreads: 16
12:03:24.416 [main] DEBUG io.netty.channel.nio.NioEventLoop - -Dio.netty.noKeySetOptimization: false
12:03:24.416 [main] DEBUG io.netty.channel.nio.NioEventLoop - -Dio.netty.selectorAutoRebuildThreshold: 512
12:03:24.478 [main] DEBUG io.netty.buffer.PooledByteBufAllocator - -Dio.netty.allocator.numHeapArenas: 16
12:03:24.478 [main] DEBUG io.netty.buffer.PooledByteBufAllocator - -Dio.netty.allocator.numDirectArenas: 16
12:03:24.478 [main] DEBUG io.netty.buffer.PooledByteBufAllocator - -Dio.netty.allocator.pageSize: 8192
12:03:24.478 [main] DEBUG io.netty.buffer.PooledByteBufAllocator - -Dio.netty.allocator.maxOrder: 9
12:03:24.478 [main] DEBUG io.netty.buffer.PooledByteBufAllocator - -Dio.netty.allocator.chunkSize: 4194304
12:03:24.478 [main] DEBUG io.netty.buffer.PooledByteBufAllocator - -Dio.netty.allocator.smallCacheSize: 256
12:03:24.478 [main] DEBUG io.netty.buffer.PooledByteBufAllocator - -Dio.netty.allocator.normalCacheSize: 64
12:03:24.478 [main] DEBUG io.netty.buffer.PooledByteBufAllocator - -Dio.netty.allocator.maxCachedBufferCapacity: 32768
12:03:24.478 [main] DEBUG io.netty.buffer.PooledByteBufAllocator - -Dio.netty.allocator.cacheTrimInterval: 8192
12:03:24.478 [main] DEBUG io.netty.buffer.PooledByteBufAllocator - -Dio.netty.allocator.cacheTrimIntervalMillis: 0
12:03:24.478 [main] DEBUG io.netty.buffer.PooledByteBufAllocator - -Dio.netty.allocator.useCacheForAllThreads: false
12:03:24.478 [main] DEBUG io.netty.buffer.PooledByteBufAllocator - -Dio.netty.allocator.maxCachedByteBuffersPerChunk: 1023
12:03:24.488 [main] DEBUG io.netty.buffer.ByteBufUtil - -Dio.netty.allocator.type: pooled
12:03:24.489 [main] DEBUG io.netty.buffer.ByteBufUtil - -Dio.netty.threadLocalDirectBufferSize: 0
12:03:24.489 [main] DEBUG io.netty.buffer.ByteBufUtil - -Dio.netty.maxThreadLocalCharBufferSize: 16384
12:03:24.800 [Forwarding newSession on session null to remote] DEBUG io.netty.channel.DefaultChannelId - -Dio.netty.processId: 25924 (auto-detected)
12:03:24.804 [Forwarding newSession on session null to remote] DEBUG io.netty.util.NetUtil - -Djava.net.preferIPv4Stack: false
12:03:24.804 [Forwarding newSession on session null to remote] DEBUG io.netty.util.NetUtil - -Djava.net.preferIPv6Addresses: false
12:03:24.816 [Forwarding newSession on session null to remote] DEBUG io.netty.util.NetUtilInitializations - Loopback interface: lo (Software Loopback Interface 1, 127.0.0.1)
12:03:24.816 [Forwarding newSession on session null to remote] DEBUG io.netty.util.NetUtil - Failed to get SOMAXCONN from sysctl and file \proc\sys\net\core\somaxconn. Default: 200
12:03:24.858 [Forwarding newSession on session null to remote] DEBUG io.netty.channel.DefaultChannelId - -Dio.netty.machineId: b4:8c:9d:ff:fe:90:cd:41 (auto-detected)
12:03:24.920 [AsyncHttpClient-1-2] DEBUG io.netty.buffer.AbstractByteBuf - -Dio.netty.buffer.checkAccessible: true
12:03:24.920 [AsyncHttpClient-1-2] DEBUG io.netty.buffer.AbstractByteBuf - -Dio.netty.buffer.checkBounds: true
12:03:24.920 [AsyncHttpClient-1-2] DEBUG io.netty.util.ResourceLeakDetectorFactory - Loaded default ResourceLeakDetector: io.netty.util.ResourceLeakDetector@64c00d6c
12:03:24.933 [AsyncHttpClient-1-2] DEBUG org.asynchttpclient.netty.channel.NettyConnectListener - Using new Channel '[id: 0x126107ef, L:/127.0.0.1:62819 - R:localhost/127.0.0.1:29456]' for 'POST' to '/session'
12:03:24.953 [AsyncHttpClient-1-2] DEBUG io.netty.util.Recycler - -Dio.netty.recycler.maxCapacityPerThread: 4096
12:03:24.953 [AsyncHttpClient-1-2] DEBUG io.netty.util.Recycler - -Dio.netty.recycler.ratio: 8
12:03:24.953 [AsyncHttpClient-1-2] DEBUG io.netty.util.Recycler - -Dio.netty.recycler.chunkSize: 32
12:03:24.953 [AsyncHttpClient-1-2] DEBUG io.netty.util.Recycler - -Dio.netty.recycler.blocking: false
12:03:25.851 [AsyncHttpClient-1-2] DEBUG io.netty.handler.codec.compression.Brotli - brotli4j not in the classpath; Brotli support will be unavailable.
12:03:25.851 [AsyncHttpClient-1-2] DEBUG org.asynchttpclient.netty.handler.HttpHandler - 

Request DefaultHttpRequest(decodeResult: success, version: HTTP/1.1)
POST /session HTTP/1.1
User-Agent: selenium/4.8.1 (java windows)
Content-Length: 507
Content-Type: application/json; charset=utf-8
host: localhost:29456
accept: */*

Response DefaultHttpResponse(decodeResult: success, version: HTTP/1.1)
HTTP/1.1 200 OK
Content-Length: 863
Content-Type: application/json; charset=utf-8
cache-control: no-cache

12:03:25.865 [AsyncHttpClient-1-2] DEBUG org.asynchttpclient.netty.channel.ChannelManager - Adding key: http://localhost:29456 for channel [id: 0x126107ef, L:/127.0.0.1:62819 - R:localhost/127.0.0.1:29456]
12:03:25.999 [AsyncHttpClient-1-3] DEBUG org.asynchttpclient.netty.channel.NettyConnectListener - Using new Channel '[id: 0xaaa1b32c, L:/127.0.0.1:62827 - R:localhost/127.0.0.1:62821]' for 'GET' to '/json/version'
12:03:26.005 [AsyncHttpClient-1-3] DEBUG org.asynchttpclient.netty.handler.HttpHandler - 

Request DefaultFullHttpRequest(decodeResult: success, version: HTTP/1.1, content: EmptyByteBufBE)
GET /json/version HTTP/1.1
User-Agent: selenium/4.8.1 (java windows)
host: localhost:62821
accept: */*

Response DefaultHttpResponse(decodeResult: success, version: HTTP/1.1)
HTTP/1.1 200 OK
Content-Security-Policy: frame-ancestors 'none'
Content-Length: 424
Content-Type: application/json; charset=UTF-8

12:03:26.006 [AsyncHttpClient-1-3] DEBUG org.asynchttpclient.netty.channel.ChannelManager - Adding key: http://localhost:62821 for channel [id: 0xaaa1b32c, L:/127.0.0.1:62827 - R:localhost/127.0.0.1:62821]
12:03:26.020 [main] DEBUG io.netty.util.internal.ThreadLocalRandom - -Dio.netty.initialSeedUniquifier: 0x7a04f4ac9551c2e5
12:03:26.024 [AsyncHttpClient-1-4] DEBUG org.asynchttpclient.netty.channel.NettyConnectListener - Using new Channel '[id: 0xcf697912, L:/127.0.0.1:62828 - R:localhost/127.0.0.1:62821]' for 'GET' to '/devtools/browser/3534f8d6-da94-4459-9b4f-890ab5168f6e'
12:03:26.028 [AsyncHttpClient-1-4] DEBUG org.asynchttpclient.netty.handler.WebSocketHandler - 

Request DefaultFullHttpRequest(decodeResult: success, version: HTTP/1.1, content: EmptyByteBufBE)
GET /devtools/browser/3534f8d6-da94-4459-9b4f-890ab5168f6e HTTP/1.1
upgrade: websocket
connection: upgrade
sec-websocket-key: AJF9WqVz0s1jqrQnBJCIBA==
sec-websocket-version: 13
origin: http://localhost:62821
host: localhost:62821
accept: */*
user-agent: AHC/2.1

Response DefaultHttpResponse(decodeResult: success, version: HTTP/1.1)
HTTP/1.1 101 WebSocket Protocol Handshake
Upgrade: WebSocket
Connection: Upgrade
Sec-WebSocket-Accept: QYe5SXckwE8v8vTnUjrSBnNBN1o=

12:03:26.219 [Forwarding get on session 4f7983fa5bd31c2b0149b601f626cf35 to remote] DEBUG org.asynchttpclient.netty.request.NettyRequestSender - Using pooled Channel '[id: 0x126107ef, L:/127.0.0.1:62819 - R:localhost/127.0.0.1:29456]' for 'POST' to 'http://localhost:29456/session/4f7983fa5bd31c2b0149b601f626cf35/url'
12:03:26.220 [Forwarding get on session 4f7983fa5bd31c2b0149b601f626cf35 to remote] DEBUG org.asynchttpclient.netty.request.NettyRequestSender - Using open Channel [id: 0x126107ef, L:/127.0.0.1:62819 - R:localhost/127.0.0.1:29456] for POST '/session/4f7983fa5bd31c2b0149b601f626cf35/url'
12:03:26.557 [AsyncHttpClient-1-1] DEBUG org.asynchttpclient.netty.channel.DefaultChannelPool - Entry count for : http://localhost:62821 : 1
12:03:27.653 [AsyncHttpClient-1-1] DEBUG org.asynchttpclient.netty.channel.DefaultChannelPool - Entry count for : http://localhost:62821 : 1
12:03:28.667 [AsyncHttpClient-1-2] DEBUG org.asynchttpclient.netty.handler.HttpHandler - 

Request DefaultHttpRequest(decodeResult: success, version: HTTP/1.1)
POST /session/4f7983fa5bd31c2b0149b601f626cf35/url HTTP/1.1
User-Agent: selenium/4.8.1 (java windows)
Content-Length: 54
Content-Type: application/json; charset=utf-8
host: localhost:29456
accept: */*

Response DefaultHttpResponse(decodeResult: success, version: HTTP/1.1)
HTTP/1.1 200 OK
Content-Length: 14
Content-Type: application/json; charset=utf-8
cache-control: no-cache

12:03:28.668 [AsyncHttpClient-1-2] DEBUG org.asynchttpclient.netty.channel.ChannelManager - Adding key: http://localhost:29456 for channel [id: 0x126107ef, L:/127.0.0.1:62819 - R:localhost/127.0.0.1:29456]
12:03:28.678 [Forwarding setTimeout on session 4f7983fa5bd31c2b0149b601f626cf35 to remote] DEBUG org.asynchttpclient.netty.request.NettyRequestSender - Using pooled Channel '[id: 0x126107ef, L:/127.0.0.1:62819 - R:localhost/127.0.0.1:29456]' for 'POST' to 'http://localhost:29456/session/4f7983fa5bd31c2b0149b601f626cf35/timeouts'
12:03:28.678 [Forwarding setTimeout on session 4f7983fa5bd31c2b0149b601f626cf35 to remote] DEBUG org.asynchttpclient.netty.request.NettyRequestSender - Using open Channel [id: 0x126107ef, L:/127.0.0.1:62819 - R:localhost/127.0.0.1:29456] for POST '/session/4f7983fa5bd31c2b0149b601f626cf35/timeouts'
12:03:28.682 [AsyncHttpClient-1-2] DEBUG org.asynchttpclient.netty.handler.HttpHandler - 

Request DefaultHttpRequest(decodeResult: success, version: HTTP/1.1)
POST /session/4f7983fa5bd31c2b0149b601f626cf35/timeouts HTTP/1.1
User-Agent: selenium/4.8.1 (java windows)
Content-Length: 22
Content-Type: application/json; charset=utf-8
host: localhost:29456
accept: */*

Response DefaultHttpResponse(decodeResult: success, version: HTTP/1.1)
HTTP/1.1 200 OK
Content-Length: 14
Content-Type: application/json; charset=utf-8
cache-control: no-cache

12:03:28.682 [AsyncHttpClient-1-2] DEBUG org.asynchttpclient.netty.channel.ChannelManager - Adding key: http://localhost:29456 for channel [id: 0x126107ef, L:/127.0.0.1:62819 - R:localhost/127.0.0.1:29456]
12:03:28.753 [main] DEBUG net.serenitybdd.core.photography.Darkroom - Opening darkroom
12:03:28.755 [Darkroom Processing Line] DEBUG net.serenitybdd.core.photography.DarkroomProcessingLine - Darkroom processing line starting up
12:03:28.756 [AsyncHttpClient-1-1] DEBUG org.asynchttpclient.netty.channel.DefaultChannelPool - Entry count for : http://localhost:29456 : 1
12:03:28.756 [AsyncHttpClient-1-1] DEBUG org.asynchttpclient.netty.channel.DefaultChannelPool - Entry count for : http://localhost:62821 : 1
12:03:28.776 [Forwarding getAlertText on session 4f7983fa5bd31c2b0149b601f626cf35 to remote] DEBUG org.asynchttpclient.netty.request.NettyRequestSender - Using pooled Channel '[id: 0x126107ef, L:/127.0.0.1:62819 - R:localhost/127.0.0.1:29456]' for 'GET' to 'http://localhost:29456/session/4f7983fa5bd31c2b0149b601f626cf35/alert/text'
12:03:28.777 [Forwarding getAlertText on session 4f7983fa5bd31c2b0149b601f626cf35 to remote] DEBUG org.asynchttpclient.netty.request.NettyRequestSender - Using open Channel [id: 0x126107ef, L:/127.0.0.1:62819 - R:localhost/127.0.0.1:29456] for GET '/session/4f7983fa5bd31c2b0149b601f626cf35/alert/text'
12:03:28.781 [AsyncHttpClient-1-2] DEBUG org.asynchttpclient.netty.handler.HttpHandler - 

Request DefaultFullHttpRequest(decodeResult: success, version: HTTP/1.1, content: EmptyByteBufBE)
GET /session/4f7983fa5bd31c2b0149b601f626cf35/alert/text HTTP/1.1
User-Agent: selenium/4.8.1 (java windows)
Cache-Control: no-cache
Content-Type: application/json; charset=utf-8
host: localhost:29456
accept: */*

Response DefaultHttpResponse(decodeResult: success, version: HTTP/1.1)
HTTP/1.1 404 Not Found
Content-Length: 821
Content-Type: application/json; charset=utf-8
cache-control: no-cache

12:03:28.782 [AsyncHttpClient-1-2] DEBUG org.asynchttpclient.netty.channel.ChannelManager - Adding key: http://localhost:29456 for channel [id: 0x126107ef, L:/127.0.0.1:62819 - R:localhost/127.0.0.1:29456]
12:03:28.792 [Forwarding getCurrentUrl on session 4f7983fa5bd31c2b0149b601f626cf35 to remote] DEBUG org.asynchttpclient.netty.request.NettyRequestSender - Using pooled Channel '[id: 0x126107ef, L:/127.0.0.1:62819 - R:localhost/127.0.0.1:29456]' for 'GET' to 'http://localhost:29456/session/4f7983fa5bd31c2b0149b601f626cf35/url'
12:03:28.792 [Forwarding getCurrentUrl on session 4f7983fa5bd31c2b0149b601f626cf35 to remote] DEBUG org.asynchttpclient.netty.request.NettyRequestSender - Using open Channel [id: 0x126107ef, L:/127.0.0.1:62819 - R:localhost/127.0.0.1:29456] for GET '/session/4f7983fa5bd31c2b0149b601f626cf35/url'
12:03:28.799 [AsyncHttpClient-1-2] DEBUG org.asynchttpclient.netty.handler.HttpHandler - 

Request DefaultFullHttpRequest(decodeResult: success, version: HTTP/1.1, content: EmptyByteBufBE)
GET /session/4f7983fa5bd31c2b0149b601f626cf35/url HTTP/1.1
User-Agent: selenium/4.8.1 (java windows)
Cache-Control: no-cache
Content-Type: application/json; charset=utf-8
host: localhost:29456
accept: */*

Response DefaultHttpResponse(decodeResult: success, version: HTTP/1.1)
HTTP/1.1 200 OK
Content-Length: 36
Content-Type: application/json; charset=utf-8
cache-control: no-cache

12:03:28.799 [AsyncHttpClient-1-2] DEBUG org.asynchttpclient.netty.channel.ChannelManager - Adding key: http://localhost:29456 for channel [id: 0x126107ef, L:/127.0.0.1:62819 - R:localhost/127.0.0.1:29456]
12:03:28.804 [Forwarding screenshot on session 4f7983fa5bd31c2b0149b601f626cf35 to remote] DEBUG org.asynchttpclient.netty.request.NettyRequestSender - Using pooled Channel '[id: 0x126107ef, L:/127.0.0.1:62819 - R:localhost/127.0.0.1:29456]' for 'GET' to 'http://localhost:29456/session/4f7983fa5bd31c2b0149b601f626cf35/screenshot'
12:03:28.804 [Forwarding screenshot on session 4f7983fa5bd31c2b0149b601f626cf35 to remote] DEBUG org.asynchttpclient.netty.request.NettyRequestSender - Using open Channel [id: 0x126107ef, L:/127.0.0.1:62819 - R:localhost/127.0.0.1:29456] for GET '/session/4f7983fa5bd31c2b0149b601f626cf35/screenshot'
12:03:29.056 [AsyncHttpClient-1-2] DEBUG org.asynchttpclient.netty.handler.HttpHandler - 

Request DefaultFullHttpRequest(decodeResult: success, version: HTTP/1.1, content: EmptyByteBufBE)
GET /session/4f7983fa5bd31c2b0149b601f626cf35/screenshot HTTP/1.1
User-Agent: selenium/4.8.1 (java windows)
Cache-Control: no-cache
Content-Type: application/json; charset=utf-8
host: localhost:29456
accept: */*

Response DefaultHttpResponse(decodeResult: success, version: HTTP/1.1)
HTTP/1.1 200 OK
Content-Length: 369120
Content-Type: application/json; charset=utf-8
cache-control: no-cache

12:03:29.060 [AsyncHttpClient-1-2] DEBUG org.asynchttpclient.netty.channel.ChannelManager - Adding key: http://localhost:29456 for channel [id: 0x126107ef, L:/127.0.0.1:62819 - R:localhost/127.0.0.1:29456]
12:03:29.155 [main] DEBUG net.serenitybdd.core.photography.Darkroom - Send negative for processing for target\site\serenity\8c230bb6a25a5b7726ed4fb047f964aeed79359b86308e4d62870cc5f53f89f6.png
12:03:29.156 [Darkroom Processing Line] DEBUG net.serenitybdd.core.photography.DarkroomProcessingLine - Processing screenshot image in /var/screenshots/screenshot-8512764167415822771
12:03:29.156 [Darkroom Processing Line] DEBUG net.serenitybdd.core.photography.DarkroomProcessingLine - Saving screenshot to target\site\serenity\8c230bb6a25a5b7726ed4fb047f964aeed79359b86308e4d62870cc5f53f89f6.png
12:03:29.159 [Forwarding getPageSource on session 4f7983fa5bd31c2b0149b601f626cf35 to remote] DEBUG org.asynchttpclient.netty.request.NettyRequestSender - Using pooled Channel '[id: 0x126107ef, L:/127.0.0.1:62819 - R:localhost/127.0.0.1:29456]' for 'POST' to 'http://localhost:29456/session/4f7983fa5bd31c2b0149b601f626cf35/execute/sync'
12:03:29.159 [Forwarding getPageSource on session 4f7983fa5bd31c2b0149b601f626cf35 to remote] DEBUG org.asynchttpclient.netty.request.NettyRequestSender - Using open Channel [id: 0x126107ef, L:/127.0.0.1:62819 - R:localhost/127.0.0.1:29456] for POST '/session/4f7983fa5bd31c2b0149b601f626cf35/execute/sync'
12:03:29.180 [AsyncHttpClient-1-2] DEBUG org.asynchttpclient.netty.handler.HttpHandler - 

Request DefaultHttpRequest(decodeResult: success, version: HTTP/1.1)
POST /session/4f7983fa5bd31c2b0149b601f626cf35/execute/sync HTTP/1.1
User-Agent: selenium/4.8.1 (java windows)
Content-Length: 176
Content-Type: application/json; charset=utf-8
host: localhost:29456
accept: */*

Response DefaultHttpResponse(decodeResult: success, version: HTTP/1.1)
HTTP/1.1 200 OK
Content-Length: 176993
Content-Type: application/json; charset=utf-8
cache-control: no-cache

12:03:29.182 [AsyncHttpClient-1-2] DEBUG org.asynchttpclient.netty.channel.ChannelManager - Adding key: http://localhost:29456 for channel [id: 0x126107ef, L:/127.0.0.1:62819 - R:localhost/127.0.0.1:29456]
12:03:29.317 [Forwarding getCurrentUrl on session 4f7983fa5bd31c2b0149b601f626cf35 to remote] DEBUG org.asynchttpclient.netty.request.NettyRequestSender - Using pooled Channel '[id: 0x126107ef, L:/127.0.0.1:62819 - R:localhost/127.0.0.1:29456]' for 'GET' to 'http://localhost:29456/session/4f7983fa5bd31c2b0149b601f626cf35/url'
12:03:29.317 [Forwarding getCurrentUrl on session 4f7983fa5bd31c2b0149b601f626cf35 to remote] DEBUG org.asynchttpclient.netty.request.NettyRequestSender - Using open Channel [id: 0x126107ef, L:/127.0.0.1:62819 - R:localhost/127.0.0.1:29456] for GET '/session/4f7983fa5bd31c2b0149b601f626cf35/url'
12:03:29.323 [AsyncHttpClient-1-2] DEBUG org.asynchttpclient.netty.handler.HttpHandler - 

Request DefaultFullHttpRequest(decodeResult: success, version: HTTP/1.1, content: EmptyByteBufBE)
GET /session/4f7983fa5bd31c2b0149b601f626cf35/url HTTP/1.1
User-Agent: selenium/4.8.1 (java windows)
Cache-Control: no-cache
Content-Type: application/json; charset=utf-8
host: localhost:29456
accept: */*

Response DefaultHttpResponse(decodeResult: success, version: HTTP/1.1)
HTTP/1.1 200 OK
Content-Length: 36
Content-Type: application/json; charset=utf-8
cache-control: no-cache

12:03:29.323 [AsyncHttpClient-1-2] DEBUG org.asynchttpclient.netty.channel.ChannelManager - Adding key: http://localhost:29456 for channel [id: 0x126107ef, L:/127.0.0.1:62819 - R:localhost/127.0.0.1:29456]
12:03:29.330 [main] DEBUG net.thucydides.core.steps.StepInterceptor - STARTING STEP: LoginSteps.onTheLoginPage - validateOnTheLoginPage
12:03:29.343 [Forwarding findElement on session 4f7983fa5bd31c2b0149b601f626cf35 to remote] DEBUG org.asynchttpclient.netty.request.NettyRequestSender - Using pooled Channel '[id: 0x126107ef, L:/127.0.0.1:62819 - R:localhost/127.0.0.1:29456]' for 'POST' to 'http://localhost:29456/session/4f7983fa5bd31c2b0149b601f626cf35/element'
12:03:29.343 [Forwarding findElement on session 4f7983fa5bd31c2b0149b601f626cf35 to remote] DEBUG org.asynchttpclient.netty.request.NettyRequestSender - Using open Channel [id: 0x126107ef, L:/127.0.0.1:62819 - R:localhost/127.0.0.1:29456] for POST '/session/4f7983fa5bd31c2b0149b601f626cf35/element'
12:03:29.358 [AsyncHttpClient-1-2] DEBUG org.asynchttpclient.netty.handler.HttpHandler - 

Request DefaultHttpRequest(decodeResult: success, version: HTTP/1.1)
POST /session/4f7983fa5bd31c2b0149b601f626cf35/element HTTP/1.1
User-Agent: selenium/4.8.1 (java windows)
Content-Length: 63
Content-Type: application/json; charset=utf-8
host: localhost:29456
accept: */*

Response DefaultHttpResponse(decodeResult: success, version: HTTP/1.1)
HTTP/1.1 200 OK
Content-Length: 88
Content-Type: application/json; charset=utf-8
cache-control: no-cache

12:03:29.358 [AsyncHttpClient-1-2] DEBUG org.asynchttpclient.netty.channel.ChannelManager - Adding key: http://localhost:29456 for channel [id: 0x126107ef, L:/127.0.0.1:62819 - R:localhost/127.0.0.1:29456]
12:03:29.369 [Forwarding isElementDisplayed on session 4f7983fa5bd31c2b0149b601f626cf35 to remote] DEBUG org.asynchttpclient.netty.request.NettyRequestSender - Using pooled Channel '[id: 0x126107ef, L:/127.0.0.1:62819 - R:localhost/127.0.0.1:29456]' for 'POST' to 'http://localhost:29456/session/4f7983fa5bd31c2b0149b601f626cf35/execute/sync'
12:03:29.369 [Forwarding isElementDisplayed on session 4f7983fa5bd31c2b0149b601f626cf35 to remote] DEBUG org.asynchttpclient.netty.request.NettyRequestSender - Using open Channel [id: 0x126107ef, L:/127.0.0.1:62819 - R:localhost/127.0.0.1:29456] for POST '/session/4f7983fa5bd31c2b0149b601f626cf35/execute/sync'
12:03:29.386 [AsyncHttpClient-1-2] DEBUG org.asynchttpclient.netty.handler.HttpHandler - 

Request DefaultHttpRequest(decodeResult: success, version: HTTP/1.1)
POST /session/4f7983fa5bd31c2b0149b601f626cf35/execute/sync HTTP/1.1
User-Agent: selenium/4.8.1 (java windows)
Content-Length: 48807
Content-Type: application/json; charset=utf-8
host: localhost:29456
accept: */*

Response DefaultHttpResponse(decodeResult: success, version: HTTP/1.1)
HTTP/1.1 200 OK
Content-Length: 14
Content-Type: application/json; charset=utf-8
cache-control: no-cache

12:03:29.386 [AsyncHttpClient-1-2] DEBUG org.asynchttpclient.netty.channel.ChannelManager - Adding key: http://localhost:29456 for channel [id: 0x126107ef, L:/127.0.0.1:62819 - R:localhost/127.0.0.1:29456]
12:03:29.395 [Forwarding getAlertText on session 4f7983fa5bd31c2b0149b601f626cf35 to remote] DEBUG org.asynchttpclient.netty.request.NettyRequestSender - Using pooled Channel '[id: 0x126107ef, L:/127.0.0.1:62819 - R:localhost/127.0.0.1:29456]' for 'GET' to 'http://localhost:29456/session/4f7983fa5bd31c2b0149b601f626cf35/alert/text'
12:03:29.395 [Forwarding getAlertText on session 4f7983fa5bd31c2b0149b601f626cf35 to remote] DEBUG org.asynchttpclient.netty.request.NettyRequestSender - Using open Channel [id: 0x126107ef, L:/127.0.0.1:62819 - R:localhost/127.0.0.1:29456] for GET '/session/4f7983fa5bd31c2b0149b601f626cf35/alert/text'
12:03:29.397 [AsyncHttpClient-1-2] DEBUG org.asynchttpclient.netty.handler.HttpHandler - 

Request DefaultFullHttpRequest(decodeResult: success, version: HTTP/1.1, content: EmptyByteBufBE)
GET /session/4f7983fa5bd31c2b0149b601f626cf35/alert/text HTTP/1.1
User-Agent: selenium/4.8.1 (java windows)
Cache-Control: no-cache
Content-Type: application/json; charset=utf-8
host: localhost:29456
accept: */*

Response DefaultHttpResponse(decodeResult: success, version: HTTP/1.1)
HTTP/1.1 404 Not Found
Content-Length: 821
Content-Type: application/json; charset=utf-8
cache-control: no-cache

12:03:29.397 [AsyncHttpClient-1-2] DEBUG org.asynchttpclient.netty.channel.ChannelManager - Adding key: http://localhost:29456 for channel [id: 0x126107ef, L:/127.0.0.1:62819 - R:localhost/127.0.0.1:29456]
12:03:29.399 [Forwarding getCurrentUrl on session 4f7983fa5bd31c2b0149b601f626cf35 to remote] DEBUG org.asynchttpclient.netty.request.NettyRequestSender - Using pooled Channel '[id: 0x126107ef, L:/127.0.0.1:62819 - R:localhost/127.0.0.1:29456]' for 'GET' to 'http://localhost:29456/session/4f7983fa5bd31c2b0149b601f626cf35/url'
12:03:29.399 [Forwarding getCurrentUrl on session 4f7983fa5bd31c2b0149b601f626cf35 to remote] DEBUG org.asynchttpclient.netty.request.NettyRequestSender - Using open Channel [id: 0x126107ef, L:/127.0.0.1:62819 - R:localhost/127.0.0.1:29456] for GET '/session/4f7983fa5bd31c2b0149b601f626cf35/url'
12:03:29.404 [AsyncHttpClient-1-2] DEBUG org.asynchttpclient.netty.handler.HttpHandler - 

Request DefaultFullHttpRequest(decodeResult: success, version: HTTP/1.1, content: EmptyByteBufBE)
GET /session/4f7983fa5bd31c2b0149b601f626cf35/url HTTP/1.1
User-Agent: selenium/4.8.1 (java windows)
Cache-Control: no-cache
Content-Type: application/json; charset=utf-8
host: localhost:29456
accept: */*

Response DefaultHttpResponse(decodeResult: success, version: HTTP/1.1)
HTTP/1.1 200 OK
Content-Length: 36
Content-Type: application/json; charset=utf-8
cache-control: no-cache

12:03:29.404 [AsyncHttpClient-1-2] DEBUG org.asynchttpclient.netty.channel.ChannelManager - Adding key: http://localhost:29456 for channel [id: 0x126107ef, L:/127.0.0.1:62819 - R:localhost/127.0.0.1:29456]
12:03:29.407 [Forwarding screenshot on session 4f7983fa5bd31c2b0149b601f626cf35 to remote] DEBUG org.asynchttpclient.netty.request.NettyRequestSender - Using pooled Channel '[id: 0x126107ef, L:/127.0.0.1:62819 - R:localhost/127.0.0.1:29456]' for 'GET' to 'http://localhost:29456/session/4f7983fa5bd31c2b0149b601f626cf35/screenshot'
12:03:29.407 [Forwarding screenshot on session 4f7983fa5bd31c2b0149b601f626cf35 to remote] DEBUG org.asynchttpclient.netty.request.NettyRequestSender - Using open Channel [id: 0x126107ef, L:/127.0.0.1:62819 - R:localhost/127.0.0.1:29456] for GET '/session/4f7983fa5bd31c2b0149b601f626cf35/screenshot'
12:03:29.590 [AsyncHttpClient-1-2] DEBUG org.asynchttpclient.netty.handler.HttpHandler - 

Request DefaultFullHttpRequest(decodeResult: success, version: HTTP/1.1, content: EmptyByteBufBE)
GET /session/4f7983fa5bd31c2b0149b601f626cf35/screenshot HTTP/1.1
User-Agent: selenium/4.8.1 (java windows)
Cache-Control: no-cache
Content-Type: application/json; charset=utf-8
host: localhost:29456
accept: */*

Response DefaultHttpResponse(decodeResult: success, version: HTTP/1.1)
HTTP/1.1 200 OK
Content-Length: 369120
Content-Type: application/json; charset=utf-8
cache-control: no-cache

12:03:29.594 [AsyncHttpClient-1-2] DEBUG org.asynchttpclient.netty.channel.ChannelManager - Adding key: http://localhost:29456 for channel [id: 0x126107ef, L:/127.0.0.1:62819 - R:localhost/127.0.0.1:29456]
12:03:29.607 [main] DEBUG net.serenitybdd.core.photography.Darkroom - Send negative for processing for target\site\serenity\8c230bb6a25a5b7726ed4fb047f964aeed79359b86308e4d62870cc5f53f89f6.png
12:03:29.610 [main] DEBUG net.thucydides.core.steps.StepInterceptor - STEP DONE: validateOnTheLoginPage
  &amp#27;[32mGiven &amp#27;[0m&amp#27;[32mI am on the login page&amp#27;[0m    &amp#27;[90m# starter.stepdefinitions.LoginSteps.onTheLoginPage()&amp#27;[0m
12:03:29.628 [Forwarding getPageSource on session 4f7983fa5bd31c2b0149b601f626cf35 to remote] DEBUG org.asynchttpclient.netty.request.NettyRequestSender - Using pooled Channel '[id: 0x126107ef, L:/127.0.0.1:62819 - R:localhost/127.0.0.1:29456]' for 'POST' to 'http://localhost:29456/session/4f7983fa5bd31c2b0149b601f626cf35/execute/sync'
12:03:29.628 [Forwarding getPageSource on session 4f7983fa5bd31c2b0149b601f626cf35 to remote] DEBUG org.asynchttpclient.netty.request.NettyRequestSender - Using open Channel [id: 0x126107ef, L:/127.0.0.1:62819 - R:localhost/127.0.0.1:29456] for POST '/session/4f7983fa5bd31c2b0149b601f626cf35/execute/sync'
12:03:29.647 [AsyncHttpClient-1-2] DEBUG org.asynchttpclient.netty.handler.HttpHandler - 

Request DefaultHttpRequest(decodeResult: success, version: HTTP/1.1)
POST /session/4f7983fa5bd31c2b0149b601f626cf35/execute/sync HTTP/1.1
User-Agent: selenium/4.8.1 (java windows)
Content-Length: 176
Content-Type: application/json; charset=utf-8
host: localhost:29456
accept: */*

Response DefaultHttpResponse(decodeResult: success, version: HTTP/1.1)
HTTP/1.1 200 OK
Content-Length: 176993
Content-Type: application/json; charset=utf-8
cache-control: no-cache

12:03:29.649 [AsyncHttpClient-1-2] DEBUG org.asynchttpclient.netty.channel.ChannelManager - Adding key: http://localhost:29456 for channel [id: 0x126107ef, L:/127.0.0.1:62819 - R:localhost/127.0.0.1:29456]
12:03:29.683 [Forwarding getCurrentUrl on session 4f7983fa5bd31c2b0149b601f626cf35 to remote] DEBUG org.asynchttpclient.netty.request.NettyRequestSender - Using pooled Channel '[id: 0x126107ef, L:/127.0.0.1:62819 - R:localhost/127.0.0.1:29456]' for 'GET' to 'http://localhost:29456/session/4f7983fa5bd31c2b0149b601f626cf35/url'
12:03:29.684 [Forwarding getCurrentUrl on session 4f7983fa5bd31c2b0149b601f626cf35 to remote] DEBUG org.asynchttpclient.netty.request.NettyRequestSender - Using open Channel [id: 0x126107ef, L:/127.0.0.1:62819 - R:localhost/127.0.0.1:29456] for GET '/session/4f7983fa5bd31c2b0149b601f626cf35/url'
12:03:29.691 [AsyncHttpClient-1-2] DEBUG org.asynchttpclient.netty.handler.HttpHandler - 

Request DefaultFullHttpRequest(decodeResult: success, version: HTTP/1.1, content: EmptyByteBufBE)
GET /session/4f7983fa5bd31c2b0149b601f626cf35/url HTTP/1.1
User-Agent: selenium/4.8.1 (java windows)
Cache-Control: no-cache
Content-Type: application/json; charset=utf-8
host: localhost:29456
accept: */*

Response DefaultHttpResponse(decodeResult: success, version: HTTP/1.1)
HTTP/1.1 200 OK
Content-Length: 36
Content-Type: application/json; charset=utf-8
cache-control: no-cache

12:03:29.691 [AsyncHttpClient-1-2] DEBUG org.asynchttpclient.netty.channel.ChannelManager - Adding key: http://localhost:29456 for channel [id: 0x126107ef, L:/127.0.0.1:62819 - R:localhost/127.0.0.1:29456]
12:03:29.712 [Forwarding getAlertText on session 4f7983fa5bd31c2b0149b601f626cf35 to remote] DEBUG org.asynchttpclient.netty.request.NettyRequestSender - Using pooled Channel '[id: 0x126107ef, L:/127.0.0.1:62819 - R:localhost/127.0.0.1:29456]' for 'GET' to 'http://localhost:29456/session/4f7983fa5bd31c2b0149b601f626cf35/alert/text'
12:03:29.712 [Forwarding getAlertText on session 4f7983fa5bd31c2b0149b601f626cf35 to remote] DEBUG org.asynchttpclient.netty.request.NettyRequestSender - Using open Channel [id: 0x126107ef, L:/127.0.0.1:62819 - R:localhost/127.0.0.1:29456] for GET '/session/4f7983fa5bd31c2b0149b601f626cf35/alert/text'
12:03:29.714 [AsyncHttpClient-1-2] DEBUG org.asynchttpclient.netty.handler.HttpHandler - 

Request DefaultFullHttpRequest(decodeResult: success, version: HTTP/1.1, content: EmptyByteBufBE)
GET /session/4f7983fa5bd31c2b0149b601f626cf35/alert/text HTTP/1.1
User-Agent: selenium/4.8.1 (java windows)
Cache-Control: no-cache
Content-Type: application/json; charset=utf-8
host: localhost:29456
accept: */*

Response DefaultHttpResponse(decodeResult: success, version: HTTP/1.1)
HTTP/1.1 404 Not Found
Content-Length: 821
Content-Type: application/json; charset=utf-8
cache-control: no-cache

12:03:29.714 [AsyncHttpClient-1-2] DEBUG org.asynchttpclient.netty.channel.ChannelManager - Adding key: http://localhost:29456 for channel [id: 0x126107ef, L:/127.0.0.1:62819 - R:localhost/127.0.0.1:29456]
12:03:29.716 [Forwarding getCurrentUrl on session 4f7983fa5bd31c2b0149b601f626cf35 to remote] DEBUG org.asynchttpclient.netty.request.NettyRequestSender - Using pooled Channel '[id: 0x126107ef, L:/127.0.0.1:62819 - R:localhost/127.0.0.1:29456]' for 'GET' to 'http://localhost:29456/session/4f7983fa5bd31c2b0149b601f626cf35/url'
12:03:29.716 [Forwarding getCurrentUrl on session 4f7983fa5bd31c2b0149b601f626cf35 to remote] DEBUG org.asynchttpclient.netty.request.NettyRequestSender - Using open Channel [id: 0x126107ef, L:/127.0.0.1:62819 - R:localhost/127.0.0.1:29456] for GET '/session/4f7983fa5bd31c2b0149b601f626cf35/url'
12:03:29.720 [AsyncHttpClient-1-2] DEBUG org.asynchttpclient.netty.handler.HttpHandler - 

Request DefaultFullHttpRequest(decodeResult: success, version: HTTP/1.1, content: EmptyByteBufBE)
GET /session/4f7983fa5bd31c2b0149b601f626cf35/url HTTP/1.1
User-Agent: selenium/4.8.1 (java windows)
Cache-Control: no-cache
Content-Type: application/json; charset=utf-8
host: localhost:29456
accept: */*

Response DefaultHttpResponse(decodeResult: success, version: HTTP/1.1)
HTTP/1.1 200 OK
Content-Length: 36
Content-Type: application/json; charset=utf-8
cache-control: no-cache

12:03:29.720 [AsyncHttpClient-1-2] DEBUG org.asynchttpclient.netty.channel.ChannelManager - Adding key: http://localhost:29456 for channel [id: 0x126107ef, L:/127.0.0.1:62819 - R:localhost/127.0.0.1:29456]
12:03:29.722 [Forwarding screenshot on session 4f7983fa5bd31c2b0149b601f626cf35 to remote] DEBUG org.asynchttpclient.netty.request.NettyRequestSender - Using pooled Channel '[id: 0x126107ef, L:/127.0.0.1:62819 - R:localhost/127.0.0.1:29456]' for 'GET' to 'http://localhost:29456/session/4f7983fa5bd31c2b0149b601f626cf35/screenshot'
12:03:29.722 [Forwarding screenshot on session 4f7983fa5bd31c2b0149b601f626cf35 to remote] DEBUG org.asynchttpclient.netty.request.NettyRequestSender - Using open Channel [id: 0x126107ef, L:/127.0.0.1:62819 - R:localhost/127.0.0.1:29456] for GET '/session/4f7983fa5bd31c2b0149b601f626cf35/screenshot'
12:03:29.859 [AsyncHttpClient-1-2] DEBUG org.asynchttpclient.netty.handler.HttpHandler - 

Request DefaultFullHttpRequest(decodeResult: success, version: HTTP/1.1, content: EmptyByteBufBE)
GET /session/4f7983fa5bd31c2b0149b601f626cf35/screenshot HTTP/1.1
User-Agent: selenium/4.8.1 (java windows)
Cache-Control: no-cache
Content-Type: application/json; charset=utf-8
host: localhost:29456
accept: */*

Response DefaultHttpResponse(decodeResult: success, version: HTTP/1.1)
HTTP/1.1 200 OK
Content-Length: 369120
Content-Type: application/json; charset=utf-8
cache-control: no-cache

12:03:29.862 [AsyncHttpClient-1-1] DEBUG org.asynchttpclient.netty.channel.DefaultChannelPool - Entry count for : http://localhost:62821 : 1
12:03:29.864 [AsyncHttpClient-1-2] DEBUG org.asynchttpclient.netty.channel.ChannelManager - Adding key: http://localhost:29456 for channel [id: 0x126107ef, L:/127.0.0.1:62819 - R:localhost/127.0.0.1:29456]
12:03:29.874 [main] DEBUG net.serenitybdd.core.photography.Darkroom - Send negative for processing for target\site\serenity\8c230bb6a25a5b7726ed4fb047f964aeed79359b86308e4d62870cc5f53f89f6.png
12:03:29.876 [Forwarding getPageSource on session 4f7983fa5bd31c2b0149b601f626cf35 to remote] DEBUG org.asynchttpclient.netty.request.NettyRequestSender - Using pooled Channel '[id: 0x126107ef, L:/127.0.0.1:62819 - R:localhost/127.0.0.1:29456]' for 'POST' to 'http://localhost:29456/session/4f7983fa5bd31c2b0149b601f626cf35/execute/sync'
12:03:29.876 [Forwarding getPageSource on session 4f7983fa5bd31c2b0149b601f626cf35 to remote] DEBUG org.asynchttpclient.netty.request.NettyRequestSender - Using open Channel [id: 0x126107ef, L:/127.0.0.1:62819 - R:localhost/127.0.0.1:29456] for POST '/session/4f7983fa5bd31c2b0149b601f626cf35/execute/sync'
12:03:29.893 [AsyncHttpClient-1-2] DEBUG org.asynchttpclient.netty.handler.HttpHandler - 

Request DefaultHttpRequest(decodeResult: success, version: HTTP/1.1)
POST /session/4f7983fa5bd31c2b0149b601f626cf35/execute/sync HTTP/1.1
User-Agent: selenium/4.8.1 (java windows)
Content-Length: 176
Content-Type: application/json; charset=utf-8
host: localhost:29456
accept: */*

Response DefaultHttpResponse(decodeResult: success, version: HTTP/1.1)
HTTP/1.1 200 OK
Content-Length: 176993
Content-Type: application/json; charset=utf-8
cache-control: no-cache

12:03:29.894 [AsyncHttpClient-1-2] DEBUG org.asynchttpclient.netty.channel.ChannelManager - Adding key: http://localhost:29456 for channel [id: 0x126107ef, L:/127.0.0.1:62819 - R:localhost/127.0.0.1:29456]
12:03:29.918 [Forwarding getCurrentUrl on session 4f7983fa5bd31c2b0149b601f626cf35 to remote] DEBUG org.asynchttpclient.netty.request.NettyRequestSender - Using pooled Channel '[id: 0x126107ef, L:/127.0.0.1:62819 - R:localhost/127.0.0.1:29456]' for 'GET' to 'http://localhost:29456/session/4f7983fa5bd31c2b0149b601f626cf35/url'
12:03:29.918 [Forwarding getCurrentUrl on session 4f7983fa5bd31c2b0149b601f626cf35 to remote] DEBUG org.asynchttpclient.netty.request.NettyRequestSender - Using open Channel [id: 0x126107ef, L:/127.0.0.1:62819 - R:localhost/127.0.0.1:29456] for GET '/session/4f7983fa5bd31c2b0149b601f626cf35/url'
12:03:29.923 [AsyncHttpClient-1-2] DEBUG org.asynchttpclient.netty.handler.HttpHandler - 

Request DefaultFullHttpRequest(decodeResult: success, version: HTTP/1.1, content: EmptyByteBufBE)
GET /session/4f7983fa5bd31c2b0149b601f626cf35/url HTTP/1.1
User-Agent: selenium/4.8.1 (java windows)
Cache-Control: no-cache
Content-Type: application/json; charset=utf-8
host: localhost:29456
accept: */*

Response DefaultHttpResponse(decodeResult: success, version: HTTP/1.1)
HTTP/1.1 200 OK
Content-Length: 36
Content-Type: application/json; charset=utf-8
cache-control: no-cache

12:03:29.923 [AsyncHttpClient-1-2] DEBUG org.asynchttpclient.netty.channel.ChannelManager - Adding key: http://localhost:29456 for channel [id: 0x126107ef, L:/127.0.0.1:62819 - R:localhost/127.0.0.1:29456]
12:03:29.926 [main] DEBUG net.thucydides.core.steps.StepInterceptor - STARTING STEP: LoginSteps.doClickMasukButton - clickMasukLogin
12:03:29.939 [Forwarding findElement on session 4f7983fa5bd31c2b0149b601f626cf35 to remote] DEBUG org.asynchttpclient.netty.request.NettyRequestSender - Using pooled Channel '[id: 0x126107ef, L:/127.0.0.1:62819 - R:localhost/127.0.0.1:29456]' for 'POST' to 'http://localhost:29456/session/4f7983fa5bd31c2b0149b601f626cf35/element'
12:03:29.939 [Forwarding findElement on session 4f7983fa5bd31c2b0149b601f626cf35 to remote] DEBUG org.asynchttpclient.netty.request.NettyRequestSender - Using open Channel [id: 0x126107ef, L:/127.0.0.1:62819 - R:localhost/127.0.0.1:29456] for POST '/session/4f7983fa5bd31c2b0149b601f626cf35/element'
12:03:29.947 [AsyncHttpClient-1-2] DEBUG org.asynchttpclient.netty.handler.HttpHandler - 

Request DefaultHttpRequest(decodeResult: success, version: HTTP/1.1)
POST /session/4f7983fa5bd31c2b0149b601f626cf35/element HTTP/1.1
User-Agent: selenium/4.8.1 (java windows)
Content-Length: 63
Content-Type: application/json; charset=utf-8
host: localhost:29456
accept: */*

Response DefaultHttpResponse(decodeResult: success, version: HTTP/1.1)
HTTP/1.1 200 OK
Content-Length: 88
Content-Type: application/json; charset=utf-8
cache-control: no-cache

12:03:29.948 [AsyncHttpClient-1-2] DEBUG org.asynchttpclient.netty.channel.ChannelManager - Adding key: http://localhost:29456 for channel [id: 0x126107ef, L:/127.0.0.1:62819 - R:localhost/127.0.0.1:29456]
12:03:29.950 [Forwarding getElementTagName on session 4f7983fa5bd31c2b0149b601f626cf35 to remote] DEBUG org.asynchttpclient.netty.request.NettyRequestSender - Using pooled Channel '[id: 0x126107ef, L:/127.0.0.1:62819 - R:localhost/127.0.0.1:29456]' for 'GET' to 'http://localhost:29456/session/4f7983fa5bd31c2b0149b601f626cf35/element/9862733e-655a-4a03-9a83-be0e75acbb36/name'
12:03:29.950 [Forwarding getElementTagName on session 4f7983fa5bd31c2b0149b601f626cf35 to remote] DEBUG org.asynchttpclient.netty.request.NettyRequestSender - Using open Channel [id: 0x126107ef, L:/127.0.0.1:62819 - R:localhost/127.0.0.1:29456] for GET '/session/4f7983fa5bd31c2b0149b601f626cf35/element/9862733e-655a-4a03-9a83-be0e75acbb36/name'
12:03:29.958 [AsyncHttpClient-1-2] DEBUG org.asynchttpclient.netty.handler.HttpHandler - 

Request DefaultFullHttpRequest(decodeResult: success, version: HTTP/1.1, content: EmptyByteBufBE)
GET /session/4f7983fa5bd31c2b0149b601f626cf35/element/9862733e-655a-4a03-9a83-be0e75acbb36/name HTTP/1.1
User-Agent: selenium/4.8.1 (java windows)
Cache-Control: no-cache
Content-Type: application/json; charset=utf-8
host: localhost:29456
accept: */*

Response DefaultHttpResponse(decodeResult: success, version: HTTP/1.1)
HTTP/1.1 200 OK
Content-Length: 18
Content-Type: application/json; charset=utf-8
cache-control: no-cache

12:03:29.958 [AsyncHttpClient-1-2] DEBUG org.asynchttpclient.netty.channel.ChannelManager - Adding key: http://localhost:29456 for channel [id: 0x126107ef, L:/127.0.0.1:62819 - R:localhost/127.0.0.1:29456]
12:03:29.960 [Forwarding getElementTagName on session 4f7983fa5bd31c2b0149b601f626cf35 to remote] DEBUG org.asynchttpclient.netty.request.NettyRequestSender - Using pooled Channel '[id: 0x126107ef, L:/127.0.0.1:62819 - R:localhost/127.0.0.1:29456]' for 'GET' to 'http://localhost:29456/session/4f7983fa5bd31c2b0149b601f626cf35/element/9862733e-655a-4a03-9a83-be0e75acbb36/name'
12:03:29.960 [Forwarding getElementTagName on session 4f7983fa5bd31c2b0149b601f626cf35 to remote] DEBUG org.asynchttpclient.netty.request.NettyRequestSender - Using open Channel [id: 0x126107ef, L:/127.0.0.1:62819 - R:localhost/127.0.0.1:29456] for GET '/session/4f7983fa5bd31c2b0149b601f626cf35/element/9862733e-655a-4a03-9a83-be0e75acbb36/name'
12:03:29.964 [AsyncHttpClient-1-2] DEBUG org.asynchttpclient.netty.handler.HttpHandler - 

Request DefaultFullHttpRequest(decodeResult: success, version: HTTP/1.1, content: EmptyByteBufBE)
GET /session/4f7983fa5bd31c2b0149b601f626cf35/element/9862733e-655a-4a03-9a83-be0e75acbb36/name HTTP/1.1
User-Agent: selenium/4.8.1 (java windows)
Cache-Control: no-cache
Content-Type: application/json; charset=utf-8
host: localhost:29456
accept: */*

Response DefaultHttpResponse(decodeResult: success, version: HTTP/1.1)
HTTP/1.1 200 OK
Content-Length: 18
Content-Type: application/json; charset=utf-8
cache-control: no-cache

12:03:29.964 [AsyncHttpClient-1-2] DEBUG org.asynchttpclient.netty.channel.ChannelManager - Adding key: http://localhost:29456 for channel [id: 0x126107ef, L:/127.0.0.1:62819 - R:localhost/127.0.0.1:29456]
12:03:29.970 [Forwarding isElementEnabled on session 4f7983fa5bd31c2b0149b601f626cf35 to remote] DEBUG org.asynchttpclient.netty.request.NettyRequestSender - Using pooled Channel '[id: 0x126107ef, L:/127.0.0.1:62819 - R:localhost/127.0.0.1:29456]' for 'GET' to 'http://localhost:29456/session/4f7983fa5bd31c2b0149b601f626cf35/element/9862733e-655a-4a03-9a83-be0e75acbb36/enabled'
12:03:29.970 [Forwarding isElementEnabled on session 4f7983fa5bd31c2b0149b601f626cf35 to remote] DEBUG org.asynchttpclient.netty.request.NettyRequestSender - Using open Channel [id: 0x126107ef, L:/127.0.0.1:62819 - R:localhost/127.0.0.1:29456] for GET '/session/4f7983fa5bd31c2b0149b601f626cf35/element/9862733e-655a-4a03-9a83-be0e75acbb36/enabled'
12:03:29.981 [AsyncHttpClient-1-2] DEBUG org.asynchttpclient.netty.handler.HttpHandler - 

Request DefaultFullHttpRequest(decodeResult: success, version: HTTP/1.1, content: EmptyByteBufBE)
GET /session/4f7983fa5bd31c2b0149b601f626cf35/element/9862733e-655a-4a03-9a83-be0e75acbb36/enabled HTTP/1.1
User-Agent: selenium/4.8.1 (java windows)
Cache-Control: no-cache
Content-Type: application/json; charset=utf-8
host: localhost:29456
accept: */*

Response DefaultHttpResponse(decodeResult: success, version: HTTP/1.1)
HTTP/1.1 200 OK
Content-Length: 14
Content-Type: application/json; charset=utf-8
cache-control: no-cache

12:03:29.981 [AsyncHttpClient-1-2] DEBUG org.asynchttpclient.netty.channel.ChannelManager - Adding key: http://localhost:29456 for channel [id: 0x126107ef, L:/127.0.0.1:62819 - R:localhost/127.0.0.1:29456]
12:03:29.983 [Forwarding isElementEnabled on session 4f7983fa5bd31c2b0149b601f626cf35 to remote] DEBUG org.asynchttpclient.netty.request.NettyRequestSender - Using pooled Channel '[id: 0x126107ef, L:/127.0.0.1:62819 - R:localhost/127.0.0.1:29456]' for 'GET' to 'http://localhost:29456/session/4f7983fa5bd31c2b0149b601f626cf35/element/9862733e-655a-4a03-9a83-be0e75acbb36/enabled'
12:03:29.983 [Forwarding isElementEnabled on session 4f7983fa5bd31c2b0149b601f626cf35 to remote] DEBUG org.asynchttpclient.netty.request.NettyRequestSender - Using open Channel [id: 0x126107ef, L:/127.0.0.1:62819 - R:localhost/127.0.0.1:29456] for GET '/session/4f7983fa5bd31c2b0149b601f626cf35/element/9862733e-655a-4a03-9a83-be0e75acbb36/enabled'
12:03:29.988 [AsyncHttpClient-1-2] DEBUG org.asynchttpclient.netty.handler.HttpHandler - 

Request DefaultFullHttpRequest(decodeResult: success, version: HTTP/1.1, content: EmptyByteBufBE)
GET /session/4f7983fa5bd31c2b0149b601f626cf35/element/9862733e-655a-4a03-9a83-be0e75acbb36/enabled HTTP/1.1
User-Agent: selenium/4.8.1 (java windows)
Cache-Control: no-cache
Content-Type: application/json; charset=utf-8
host: localhost:29456
accept: */*

Response DefaultHttpResponse(decodeResult: success, version: HTTP/1.1)
HTTP/1.1 200 OK
Content-Length: 14
Content-Type: application/json; charset=utf-8
cache-control: no-cache

12:03:29.989 [AsyncHttpClient-1-2] DEBUG org.asynchttpclient.netty.channel.ChannelManager - Adding key: http://localhost:29456 for channel [id: 0x126107ef, L:/127.0.0.1:62819 - R:localhost/127.0.0.1:29456]
12:03:29.993 [Forwarding findElement on session 4f7983fa5bd31c2b0149b601f626cf35 to remote] DEBUG org.asynchttpclient.netty.request.NettyRequestSender - Using pooled Channel '[id: 0x126107ef, L:/127.0.0.1:62819 - R:localhost/127.0.0.1:29456]' for 'POST' to 'http://localhost:29456/session/4f7983fa5bd31c2b0149b601f626cf35/element'
12:03:29.993 [Forwarding findElement on session 4f7983fa5bd31c2b0149b601f626cf35 to remote] DEBUG org.asynchttpclient.netty.request.NettyRequestSender - Using open Channel [id: 0x126107ef, L:/127.0.0.1:62819 - R:localhost/127.0.0.1:29456] for POST '/session/4f7983fa5bd31c2b0149b601f626cf35/element'
12:03:30.000 [AsyncHttpClient-1-2] DEBUG org.asynchttpclient.netty.handler.HttpHandler - 

Request DefaultHttpRequest(decodeResult: success, version: HTTP/1.1)
POST /session/4f7983fa5bd31c2b0149b601f626cf35/element HTTP/1.1
User-Agent: selenium/4.8.1 (java windows)
Content-Length: 63
Content-Type: application/json; charset=utf-8
host: localhost:29456
accept: */*

Response DefaultHttpResponse(decodeResult: success, version: HTTP/1.1)
HTTP/1.1 200 OK
Content-Length: 88
Content-Type: application/json; charset=utf-8
cache-control: no-cache

12:03:30.000 [AsyncHttpClient-1-2] DEBUG org.asynchttpclient.netty.channel.ChannelManager - Adding key: http://localhost:29456 for channel [id: 0x126107ef, L:/127.0.0.1:62819 - R:localhost/127.0.0.1:29456]
12:03:30.001 [Forwarding clickElement on session 4f7983fa5bd31c2b0149b601f626cf35 to remote] DEBUG org.asynchttpclient.netty.request.NettyRequestSender - Using pooled Channel '[id: 0x126107ef, L:/127.0.0.1:62819 - R:localhost/127.0.0.1:29456]' for 'POST' to 'http://localhost:29456/session/4f7983fa5bd31c2b0149b601f626cf35/element/9862733e-655a-4a03-9a83-be0e75acbb36/click'
12:03:30.002 [Forwarding clickElement on session 4f7983fa5bd31c2b0149b601f626cf35 to remote] DEBUG org.asynchttpclient.netty.request.NettyRequestSender - Using open Channel [id: 0x126107ef, L:/127.0.0.1:62819 - R:localhost/127.0.0.1:29456] for POST '/session/4f7983fa5bd31c2b0149b601f626cf35/element/9862733e-655a-4a03-9a83-be0e75acbb36/click'
12:03:30.620 [AsyncHttpClient-1-2] DEBUG org.asynchttpclient.netty.handler.HttpHandler - 

Request DefaultHttpRequest(decodeResult: success, version: HTTP/1.1)
POST /session/4f7983fa5bd31c2b0149b601f626cf35/element/9862733e-655a-4a03-9a83-be0e75acbb36/click HTTP/1.1
User-Agent: selenium/4.8.1 (java windows)
Content-Length: 50
Content-Type: application/json; charset=utf-8
host: localhost:29456
accept: */*

Response DefaultHttpResponse(decodeResult: success, version: HTTP/1.1)
HTTP/1.1 200 OK
Content-Length: 14
Content-Type: application/json; charset=utf-8
cache-control: no-cache

12:03:30.620 [AsyncHttpClient-1-2] DEBUG org.asynchttpclient.netty.channel.ChannelManager - Adding key: http://localhost:29456 for channel [id: 0x126107ef, L:/127.0.0.1:62819 - R:localhost/127.0.0.1:29456]
12:03:30.645 [Forwarding getAlertText on session 4f7983fa5bd31c2b0149b601f626cf35 to remote] DEBUG org.asynchttpclient.netty.request.NettyRequestSender - Using pooled Channel '[id: 0x126107ef, L:/127.0.0.1:62819 - R:localhost/127.0.0.1:29456]' for 'GET' to 'http://localhost:29456/session/4f7983fa5bd31c2b0149b601f626cf35/alert/text'
12:03:30.645 [Forwarding getAlertText on session 4f7983fa5bd31c2b0149b601f626cf35 to remote] DEBUG org.asynchttpclient.netty.request.NettyRequestSender - Using open Channel [id: 0x126107ef, L:/127.0.0.1:62819 - R:localhost/127.0.0.1:29456] for GET '/session/4f7983fa5bd31c2b0149b601f626cf35/alert/text'
12:03:30.694 [AsyncHttpClient-1-2] DEBUG org.asynchttpclient.netty.handler.HttpHandler - 

Request DefaultFullHttpRequest(decodeResult: success, version: HTTP/1.1, content: EmptyByteBufBE)
GET /session/4f7983fa5bd31c2b0149b601f626cf35/alert/text HTTP/1.1
User-Agent: selenium/4.8.1 (java windows)
Cache-Control: no-cache
Content-Type: application/json; charset=utf-8
host: localhost:29456
accept: */*

Response DefaultHttpResponse(decodeResult: success, version: HTTP/1.1)
HTTP/1.1 404 Not Found
Content-Length: 821
Content-Type: application/json; charset=utf-8
cache-control: no-cache

12:03:30.695 [AsyncHttpClient-1-2] DEBUG org.asynchttpclient.netty.channel.ChannelManager - Adding key: http://localhost:29456 for channel [id: 0x126107ef, L:/127.0.0.1:62819 - R:localhost/127.0.0.1:29456]
12:03:30.698 [Forwarding getCurrentUrl on session 4f7983fa5bd31c2b0149b601f626cf35 to remote] DEBUG org.asynchttpclient.netty.request.NettyRequestSender - Using pooled Channel '[id: 0x126107ef, L:/127.0.0.1:62819 - R:localhost/127.0.0.1:29456]' for 'GET' to 'http://localhost:29456/session/4f7983fa5bd31c2b0149b601f626cf35/url'
12:03:30.698 [Forwarding getCurrentUrl on session 4f7983fa5bd31c2b0149b601f626cf35 to remote] DEBUG org.asynchttpclient.netty.request.NettyRequestSender - Using open Channel [id: 0x126107ef, L:/127.0.0.1:62819 - R:localhost/127.0.0.1:29456] for GET '/session/4f7983fa5bd31c2b0149b601f626cf35/url'
12:03:30.704 [AsyncHttpClient-1-2] DEBUG org.asynchttpclient.netty.handler.HttpHandler - 

Request DefaultFullHttpRequest(decodeResult: success, version: HTTP/1.1, content: EmptyByteBufBE)
GET /session/4f7983fa5bd31c2b0149b601f626cf35/url HTTP/1.1
User-Agent: selenium/4.8.1 (java windows)
Cache-Control: no-cache
Content-Type: application/json; charset=utf-8
host: localhost:29456
accept: */*

Response DefaultHttpResponse(decodeResult: success, version: HTTP/1.1)
HTTP/1.1 200 OK
Content-Length: 42
Content-Type: application/json; charset=utf-8
cache-control: no-cache

12:03:30.704 [AsyncHttpClient-1-2] DEBUG org.asynchttpclient.netty.channel.ChannelManager - Adding key: http://localhost:29456 for channel [id: 0x126107ef, L:/127.0.0.1:62819 - R:localhost/127.0.0.1:29456]
12:03:30.706 [Forwarding screenshot on session 4f7983fa5bd31c2b0149b601f626cf35 to remote] DEBUG org.asynchttpclient.netty.request.NettyRequestSender - Using pooled Channel '[id: 0x126107ef, L:/127.0.0.1:62819 - R:localhost/127.0.0.1:29456]' for 'GET' to 'http://localhost:29456/session/4f7983fa5bd31c2b0149b601f626cf35/screenshot'
12:03:30.706 [Forwarding screenshot on session 4f7983fa5bd31c2b0149b601f626cf35 to remote] DEBUG org.asynchttpclient.netty.request.NettyRequestSender - Using open Channel [id: 0x126107ef, L:/127.0.0.1:62819 - R:localhost/127.0.0.1:29456] for GET '/session/4f7983fa5bd31c2b0149b601f626cf35/screenshot'
12:03:30.954 [AsyncHttpClient-1-1] DEBUG org.asynchttpclient.netty.channel.DefaultChannelPool - Entry count for : http://localhost:62821 : 1
12:03:31.010 [AsyncHttpClient-1-2] DEBUG org.asynchttpclient.netty.handler.HttpHandler - 

Request DefaultFullHttpRequest(decodeResult: success, version: HTTP/1.1, content: EmptyByteBufBE)
GET /session/4f7983fa5bd31c2b0149b601f626cf35/screenshot HTTP/1.1
User-Agent: selenium/4.8.1 (java windows)
Cache-Control: no-cache
Content-Type: application/json; charset=utf-8
host: localhost:29456
accept: */*

Response DefaultHttpResponse(decodeResult: success, version: HTTP/1.1)
HTTP/1.1 200 OK
Content-Length: 287008
Content-Type: application/json; charset=utf-8
cache-control: no-cache

12:03:31.013 [AsyncHttpClient-1-2] DEBUG org.asynchttpclient.netty.channel.ChannelManager - Adding key: http://localhost:29456 for channel [id: 0x126107ef, L:/127.0.0.1:62819 - R:localhost/127.0.0.1:29456]
12:03:31.023 [main] DEBUG net.serenitybdd.core.photography.Darkroom - Send negative for processing for target\site\serenity\32e4debd43964f3866e3b3f083749d8d6a0dfad098ac8fb84740f13f69094dd7.png
12:03:31.023 [Darkroom Processing Line] DEBUG net.serenitybdd.core.photography.DarkroomProcessingLine - Processing screenshot image in /var/screenshots/screenshot-1188062414476538578
12:03:31.023 [Darkroom Processing Line] DEBUG net.serenitybdd.core.photography.DarkroomProcessingLine - Saving screenshot to target\site\serenity\32e4debd43964f3866e3b3f083749d8d6a0dfad098ac8fb84740f13f69094dd7.png
12:03:31.023 [main] DEBUG net.thucydides.core.steps.StepInterceptor - STEP DONE: clickMasukLogin
  &amp#27;[32mWhen &amp#27;[0m&amp#27;[32mI clicked the enter button&amp#27;[0m &amp#27;[90m# starter.stepdefinitions.LoginSteps.doClickMasukButton()&amp#27;[0m
12:03:31.035 [Forwarding getPageSource on session 4f7983fa5bd31c2b0149b601f626cf35 to remote] DEBUG org.asynchttpclient.netty.request.NettyRequestSender - Using pooled Channel '[id: 0x126107ef, L:/127.0.0.1:62819 - R:localhost/127.0.0.1:29456]' for 'POST' to 'http://localhost:29456/session/4f7983fa5bd31c2b0149b601f626cf35/execute/sync'
12:03:31.035 [Forwarding getPageSource on session 4f7983fa5bd31c2b0149b601f626cf35 to remote] DEBUG org.asynchttpclient.netty.request.NettyRequestSender - Using open Channel [id: 0x126107ef, L:/127.0.0.1:62819 - R:localhost/127.0.0.1:29456] for POST '/session/4f7983fa5bd31c2b0149b601f626cf35/execute/sync'
12:03:31.048 [AsyncHttpClient-1-2] DEBUG org.asynchttpclient.netty.handler.HttpHandler - 

Request DefaultHttpRequest(decodeResult: success, version: HTTP/1.1)
POST /session/4f7983fa5bd31c2b0149b601f626cf35/execute/sync HTTP/1.1
User-Agent: selenium/4.8.1 (java windows)
Content-Length: 176
Content-Type: application/json; charset=utf-8
host: localhost:29456
accept: */*

Response DefaultHttpResponse(decodeResult: success, version: HTTP/1.1)
HTTP/1.1 200 OK
Content-Length: 96996
Content-Type: application/json; charset=utf-8
cache-control: no-cache

12:03:31.049 [AsyncHttpClient-1-2] DEBUG org.asynchttpclient.netty.channel.ChannelManager - Adding key: http://localhost:29456 for channel [id: 0x126107ef, L:/127.0.0.1:62819 - R:localhost/127.0.0.1:29456]
12:03:31.063 [Forwarding getCurrentUrl on session 4f7983fa5bd31c2b0149b601f626cf35 to remote] DEBUG org.asynchttpclient.netty.request.NettyRequestSender - Using pooled Channel '[id: 0x126107ef, L:/127.0.0.1:62819 - R:localhost/127.0.0.1:29456]' for 'GET' to 'http://localhost:29456/session/4f7983fa5bd31c2b0149b601f626cf35/url'
12:03:31.064 [Forwarding getCurrentUrl on session 4f7983fa5bd31c2b0149b601f626cf35 to remote] DEBUG org.asynchttpclient.netty.request.NettyRequestSender - Using open Channel [id: 0x126107ef, L:/127.0.0.1:62819 - R:localhost/127.0.0.1:29456] for GET '/session/4f7983fa5bd31c2b0149b601f626cf35/url'
12:03:31.069 [AsyncHttpClient-1-2] DEBUG org.asynchttpclient.netty.handler.HttpHandler - 

Request DefaultFullHttpRequest(decodeResult: success, version: HTTP/1.1, content: EmptyByteBufBE)
GET /session/4f7983fa5bd31c2b0149b601f626cf35/url HTTP/1.1
User-Agent: selenium/4.8.1 (java windows)
Cache-Control: no-cache
Content-Type: application/json; charset=utf-8
host: localhost:29456
accept: */*

Response DefaultHttpResponse(decodeResult: success, version: HTTP/1.1)
HTTP/1.1 200 OK
Content-Length: 42
Content-Type: application/json; charset=utf-8
cache-control: no-cache

12:03:31.069 [AsyncHttpClient-1-2] DEBUG org.asynchttpclient.netty.channel.ChannelManager - Adding key: http://localhost:29456 for channel [id: 0x126107ef, L:/127.0.0.1:62819 - R:localhost/127.0.0.1:29456]
12:03:31.090 [Forwarding getAlertText on session 4f7983fa5bd31c2b0149b601f626cf35 to remote] DEBUG org.asynchttpclient.netty.request.NettyRequestSender - Using pooled Channel '[id: 0x126107ef, L:/127.0.0.1:62819 - R:localhost/127.0.0.1:29456]' for 'GET' to 'http://localhost:29456/session/4f7983fa5bd31c2b0149b601f626cf35/alert/text'
12:03:31.090 [Forwarding getAlertText on session 4f7983fa5bd31c2b0149b601f626cf35 to remote] DEBUG org.asynchttpclient.netty.request.NettyRequestSender - Using open Channel [id: 0x126107ef, L:/127.0.0.1:62819 - R:localhost/127.0.0.1:29456] for GET '/session/4f7983fa5bd31c2b0149b601f626cf35/alert/text'
12:03:31.093 [AsyncHttpClient-1-2] DEBUG org.asynchttpclient.netty.handler.HttpHandler - 

Request DefaultFullHttpRequest(decodeResult: success, version: HTTP/1.1, content: EmptyByteBufBE)
GET /session/4f7983fa5bd31c2b0149b601f626cf35/alert/text HTTP/1.1
User-Agent: selenium/4.8.1 (java windows)
Cache-Control: no-cache
Content-Type: application/json; charset=utf-8
host: localhost:29456
accept: */*

Response DefaultHttpResponse(decodeResult: success, version: HTTP/1.1)
HTTP/1.1 404 Not Found
Content-Length: 821
Content-Type: application/json; charset=utf-8
cache-control: no-cache

12:03:31.094 [AsyncHttpClient-1-2] DEBUG org.asynchttpclient.netty.channel.ChannelManager - Adding key: http://localhost:29456 for channel [id: 0x126107ef, L:/127.0.0.1:62819 - R:localhost/127.0.0.1:29456]
12:03:31.096 [Forwarding getCurrentUrl on session 4f7983fa5bd31c2b0149b601f626cf35 to remote] DEBUG org.asynchttpclient.netty.request.NettyRequestSender - Using pooled Channel '[id: 0x126107ef, L:/127.0.0.1:62819 - R:localhost/127.0.0.1:29456]' for 'GET' to 'http://localhost:29456/session/4f7983fa5bd31c2b0149b601f626cf35/url'
12:03:31.097 [Forwarding getCurrentUrl on session 4f7983fa5bd31c2b0149b601f626cf35 to remote] DEBUG org.asynchttpclient.netty.request.NettyRequestSender - Using open Channel [id: 0x126107ef, L:/127.0.0.1:62819 - R:localhost/127.0.0.1:29456] for GET '/session/4f7983fa5bd31c2b0149b601f626cf35/url'
12:03:31.103 [AsyncHttpClient-1-2] DEBUG org.asynchttpclient.netty.handler.HttpHandler - 

Request DefaultFullHttpRequest(decodeResult: success, version: HTTP/1.1, content: EmptyByteBufBE)
GET /session/4f7983fa5bd31c2b0149b601f626cf35/url HTTP/1.1
User-Agent: selenium/4.8.1 (java windows)
Cache-Control: no-cache
Content-Type: application/json; charset=utf-8
host: localhost:29456
accept: */*

Response DefaultHttpResponse(decodeResult: success, version: HTTP/1.1)
HTTP/1.1 200 OK
Content-Length: 42
Content-Type: application/json; charset=utf-8
cache-control: no-cache

12:03:31.103 [AsyncHttpClient-1-2] DEBUG org.asynchttpclient.netty.channel.ChannelManager - Adding key: http://localhost:29456 for channel [id: 0x126107ef, L:/127.0.0.1:62819 - R:localhost/127.0.0.1:29456]
12:03:31.105 [Forwarding screenshot on session 4f7983fa5bd31c2b0149b601f626cf35 to remote] DEBUG org.asynchttpclient.netty.request.NettyRequestSender - Using pooled Channel '[id: 0x126107ef, L:/127.0.0.1:62819 - R:localhost/127.0.0.1:29456]' for 'GET' to 'http://localhost:29456/session/4f7983fa5bd31c2b0149b601f626cf35/screenshot'
12:03:31.105 [Forwarding screenshot on session 4f7983fa5bd31c2b0149b601f626cf35 to remote] DEBUG org.asynchttpclient.netty.request.NettyRequestSender - Using open Channel [id: 0x126107ef, L:/127.0.0.1:62819 - R:localhost/127.0.0.1:29456] for GET '/session/4f7983fa5bd31c2b0149b601f626cf35/screenshot'
12:03:31.297 [AsyncHttpClient-1-2] DEBUG org.asynchttpclient.netty.handler.HttpHandler - 

Request DefaultFullHttpRequest(decodeResult: success, version: HTTP/1.1, content: EmptyByteBufBE)
GET /session/4f7983fa5bd31c2b0149b601f626cf35/screenshot HTTP/1.1
User-Agent: selenium/4.8.1 (java windows)
Cache-Control: no-cache
Content-Type: application/json; charset=utf-8
host: localhost:29456
accept: */*

Response DefaultHttpResponse(decodeResult: success, version: HTTP/1.1)
HTTP/1.1 200 OK
Content-Length: 287008
Content-Type: application/json; charset=utf-8
cache-control: no-cache

12:03:31.299 [AsyncHttpClient-1-2] DEBUG org.asynchttpclient.netty.channel.ChannelManager - Adding key: http://localhost:29456 for channel [id: 0x126107ef, L:/127.0.0.1:62819 - R:localhost/127.0.0.1:29456]
12:03:31.309 [main] DEBUG net.serenitybdd.core.photography.Darkroom - Send negative for processing for target\site\serenity\32e4debd43964f3866e3b3f083749d8d6a0dfad098ac8fb84740f13f69094dd7.png
12:03:31.312 [Forwarding getPageSource on session 4f7983fa5bd31c2b0149b601f626cf35 to remote] DEBUG org.asynchttpclient.netty.request.NettyRequestSender - Using pooled Channel '[id: 0x126107ef, L:/127.0.0.1:62819 - R:localhost/127.0.0.1:29456]' for 'POST' to 'http://localhost:29456/session/4f7983fa5bd31c2b0149b601f626cf35/execute/sync'
12:03:31.312 [Forwarding getPageSource on session 4f7983fa5bd31c2b0149b601f626cf35 to remote] DEBUG org.asynchttpclient.netty.request.NettyRequestSender - Using open Channel [id: 0x126107ef, L:/127.0.0.1:62819 - R:localhost/127.0.0.1:29456] for POST '/session/4f7983fa5bd31c2b0149b601f626cf35/execute/sync'
12:03:31.323 [AsyncHttpClient-1-2] DEBUG org.asynchttpclient.netty.handler.HttpHandler - 

Request DefaultHttpRequest(decodeResult: success, version: HTTP/1.1)
POST /session/4f7983fa5bd31c2b0149b601f626cf35/execute/sync HTTP/1.1
User-Agent: selenium/4.8.1 (java windows)
Content-Length: 176
Content-Type: application/json; charset=utf-8
host: localhost:29456
accept: */*

Response DefaultHttpResponse(decodeResult: success, version: HTTP/1.1)
HTTP/1.1 200 OK
Content-Length: 96996
Content-Type: application/json; charset=utf-8
cache-control: no-cache

12:03:31.324 [AsyncHttpClient-1-2] DEBUG org.asynchttpclient.netty.channel.ChannelManager - Adding key: http://localhost:29456 for channel [id: 0x126107ef, L:/127.0.0.1:62819 - R:localhost/127.0.0.1:29456]
12:03:31.332 [Forwarding getCurrentUrl on session 4f7983fa5bd31c2b0149b601f626cf35 to remote] DEBUG org.asynchttpclient.netty.request.NettyRequestSender - Using pooled Channel '[id: 0x126107ef, L:/127.0.0.1:62819 - R:localhost/127.0.0.1:29456]' for 'GET' to 'http://localhost:29456/session/4f7983fa5bd31c2b0149b601f626cf35/url'
12:03:31.332 [Forwarding getCurrentUrl on session 4f7983fa5bd31c2b0149b601f626cf35 to remote] DEBUG org.asynchttpclient.netty.request.NettyRequestSender - Using open Channel [id: 0x126107ef, L:/127.0.0.1:62819 - R:localhost/127.0.0.1:29456] for GET '/session/4f7983fa5bd31c2b0149b601f626cf35/url'
12:03:31.337 [AsyncHttpClient-1-2] DEBUG org.asynchttpclient.netty.handler.HttpHandler - 

Request DefaultFullHttpRequest(decodeResult: success, version: HTTP/1.1, content: EmptyByteBufBE)
GET /session/4f7983fa5bd31c2b0149b601f626cf35/url HTTP/1.1
User-Agent: selenium/4.8.1 (java windows)
Cache-Control: no-cache
Content-Type: application/json; charset=utf-8
host: localhost:29456
accept: */*

Response DefaultHttpResponse(decodeResult: success, version: HTTP/1.1)
HTTP/1.1 200 OK
Content-Length: 42
Content-Type: application/json; charset=utf-8
cache-control: no-cache

12:03:31.337 [AsyncHttpClient-1-2] DEBUG org.asynchttpclient.netty.channel.ChannelManager - Adding key: http://localhost:29456 for channel [id: 0x126107ef, L:/127.0.0.1:62819 - R:localhost/127.0.0.1:29456]
12:03:31.340 [main] DEBUG net.thucydides.core.steps.StepInterceptor - STARTING STEP: LoginSteps.doEnterValidEmail - inputEmail
12:03:31.349 [Forwarding findElement on session 4f7983fa5bd31c2b0149b601f626cf35 to remote] DEBUG org.asynchttpclient.netty.request.NettyRequestSender - Using pooled Channel '[id: 0x126107ef, L:/127.0.0.1:62819 - R:localhost/127.0.0.1:29456]' for 'POST' to 'http://localhost:29456/session/4f7983fa5bd31c2b0149b601f626cf35/element'
12:03:31.349 [Forwarding findElement on session 4f7983fa5bd31c2b0149b601f626cf35 to remote] DEBUG org.asynchttpclient.netty.request.NettyRequestSender - Using open Channel [id: 0x126107ef, L:/127.0.0.1:62819 - R:localhost/127.0.0.1:29456] for POST '/session/4f7983fa5bd31c2b0149b601f626cf35/element'
12:03:31.363 [AsyncHttpClient-1-2] DEBUG org.asynchttpclient.netty.handler.HttpHandler - 

Request DefaultHttpRequest(decodeResult: success, version: HTTP/1.1)
POST /session/4f7983fa5bd31c2b0149b601f626cf35/element HTTP/1.1
User-Agent: selenium/4.8.1 (java windows)
Content-Length: 50
Content-Type: application/json; charset=utf-8
host: localhost:29456
accept: */*

Response DefaultHttpResponse(decodeResult: success, version: HTTP/1.1)
HTTP/1.1 200 OK
Content-Length: 88
Content-Type: application/json; charset=utf-8
cache-control: no-cache

12:03:31.363 [AsyncHttpClient-1-2] DEBUG org.asynchttpclient.netty.channel.ChannelManager - Adding key: http://localhost:29456 for channel [id: 0x126107ef, L:/127.0.0.1:62819 - R:localhost/127.0.0.1:29456]
12:03:31.365 [Forwarding clearElement on session 4f7983fa5bd31c2b0149b601f626cf35 to remote] DEBUG org.asynchttpclient.netty.request.NettyRequestSender - Using pooled Channel '[id: 0x126107ef, L:/127.0.0.1:62819 - R:localhost/127.0.0.1:29456]' for 'POST' to 'http://localhost:29456/session/4f7983fa5bd31c2b0149b601f626cf35/element/4968cbc7-05fd-4a80-b382-b88ba00cb0fe/clear'
12:03:31.365 [Forwarding clearElement on session 4f7983fa5bd31c2b0149b601f626cf35 to remote] DEBUG org.asynchttpclient.netty.request.NettyRequestSender - Using open Channel [id: 0x126107ef, L:/127.0.0.1:62819 - R:localhost/127.0.0.1:29456] for POST '/session/4f7983fa5bd31c2b0149b601f626cf35/element/4968cbc7-05fd-4a80-b382-b88ba00cb0fe/clear'
12:03:31.402 [AsyncHttpClient-1-2] DEBUG org.asynchttpclient.netty.handler.HttpHandler - 

Request DefaultHttpRequest(decodeResult: success, version: HTTP/1.1)
POST /session/4f7983fa5bd31c2b0149b601f626cf35/element/4968cbc7-05fd-4a80-b382-b88ba00cb0fe/clear HTTP/1.1
User-Agent: selenium/4.8.1 (java windows)
Content-Length: 50
Content-Type: application/json; charset=utf-8
host: localhost:29456
accept: */*

Response DefaultHttpResponse(decodeResult: success, version: HTTP/1.1)
HTTP/1.1 200 OK
Content-Length: 14
Content-Type: application/json; charset=utf-8
cache-control: no-cache

12:03:31.403 [AsyncHttpClient-1-2] DEBUG org.asynchttpclient.netty.channel.ChannelManager - Adding key: http://localhost:29456 for channel [id: 0x126107ef, L:/127.0.0.1:62819 - R:localhost/127.0.0.1:29456]
12:03:31.407 [Forwarding sendKeysToElement on session 4f7983fa5bd31c2b0149b601f626cf35 to remote] DEBUG org.asynchttpclient.netty.request.NettyRequestSender - Using pooled Channel '[id: 0x126107ef, L:/127.0.0.1:62819 - R:localhost/127.0.0.1:29456]' for 'POST' to 'http://localhost:29456/session/4f7983fa5bd31c2b0149b601f626cf35/element/4968cbc7-05fd-4a80-b382-b88ba00cb0fe/value'
12:03:31.407 [Forwarding sendKeysToElement on session 4f7983fa5bd31c2b0149b601f626cf35 to remote] DEBUG org.asynchttpclient.netty.request.NettyRequestSender - Using open Channel [id: 0x126107ef, L:/127.0.0.1:62819 - R:localhost/127.0.0.1:29456] for POST '/session/4f7983fa5bd31c2b0149b601f626cf35/element/4968cbc7-05fd-4a80-b382-b88ba00cb0fe/value'
12:03:31.629 [AsyncHttpClient-1-2] DEBUG org.asynchttpclient.netty.handler.HttpHandler - 

Request DefaultHttpRequest(decodeResult: success, version: HTTP/1.1)
POST /session/4f7983fa5bd31c2b0149b601f626cf35/element/4968cbc7-05fd-4a80-b382-b88ba00cb0fe/value HTTP/1.1
User-Agent: selenium/4.8.1 (java windows)
Content-Length: 411
Content-Type: application/json; charset=utf-8
host: localhost:29456
accept: */*

Response DefaultHttpResponse(decodeResult: success, version: HTTP/1.1)
HTTP/1.1 200 OK
Content-Length: 14
Content-Type: application/json; charset=utf-8
cache-control: no-cache

12:03:31.630 [AsyncHttpClient-1-2] DEBUG org.asynchttpclient.netty.channel.ChannelManager - Adding key: http://localhost:29456 for channel [id: 0x126107ef, L:/127.0.0.1:62819 - R:localhost/127.0.0.1:29456]
12:03:31.646 [Forwarding getAlertText on session 4f7983fa5bd31c2b0149b601f626cf35 to remote] DEBUG org.asynchttpclient.netty.request.NettyRequestSender - Using pooled Channel '[id: 0x126107ef, L:/127.0.0.1:62819 - R:localhost/127.0.0.1:29456]' for 'GET' to 'http://localhost:29456/session/4f7983fa5bd31c2b0149b601f626cf35/alert/text'
12:03:31.646 [Forwarding getAlertText on session 4f7983fa5bd31c2b0149b601f626cf35 to remote] DEBUG org.asynchttpclient.netty.request.NettyRequestSender - Using open Channel [id: 0x126107ef, L:/127.0.0.1:62819 - R:localhost/127.0.0.1:29456] for GET '/session/4f7983fa5bd31c2b0149b601f626cf35/alert/text'
12:03:31.676 [AsyncHttpClient-1-2] DEBUG org.asynchttpclient.netty.handler.HttpHandler - 

Request DefaultFullHttpRequest(decodeResult: success, version: HTTP/1.1, content: EmptyByteBufBE)
GET /session/4f7983fa5bd31c2b0149b601f626cf35/alert/text HTTP/1.1
User-Agent: selenium/4.8.1 (java windows)
Cache-Control: no-cache
Content-Type: application/json; charset=utf-8
host: localhost:29456
accept: */*

Response DefaultHttpResponse(decodeResult: success, version: HTTP/1.1)
HTTP/1.1 404 Not Found
Content-Length: 821
Content-Type: application/json; charset=utf-8
cache-control: no-cache

12:03:31.676 [AsyncHttpClient-1-2] DEBUG org.asynchttpclient.netty.channel.ChannelManager - Adding key: http://localhost:29456 for channel [id: 0x126107ef, L:/127.0.0.1:62819 - R:localhost/127.0.0.1:29456]
12:03:31.679 [Forwarding getCurrentUrl on session 4f7983fa5bd31c2b0149b601f626cf35 to remote] DEBUG org.asynchttpclient.netty.request.NettyRequestSender - Using pooled Channel '[id: 0x126107ef, L:/127.0.0.1:62819 - R:localhost/127.0.0.1:29456]' for 'GET' to 'http://localhost:29456/session/4f7983fa5bd31c2b0149b601f626cf35/url'
12:03:31.680 [Forwarding getCurrentUrl on session 4f7983fa5bd31c2b0149b601f626cf35 to remote] DEBUG org.asynchttpclient.netty.request.NettyRequestSender - Using open Channel [id: 0x126107ef, L:/127.0.0.1:62819 - R:localhost/127.0.0.1:29456] for GET '/session/4f7983fa5bd31c2b0149b601f626cf35/url'
12:03:31.685 [AsyncHttpClient-1-2] DEBUG org.asynchttpclient.netty.handler.HttpHandler - 

Request DefaultFullHttpRequest(decodeResult: success, version: HTTP/1.1, content: EmptyByteBufBE)
GET /session/4f7983fa5bd31c2b0149b601f626cf35/url HTTP/1.1
User-Agent: selenium/4.8.1 (java windows)
Cache-Control: no-cache
Content-Type: application/json; charset=utf-8
host: localhost:29456
accept: */*

Response DefaultHttpResponse(decodeResult: success, version: HTTP/1.1)
HTTP/1.1 200 OK
Content-Length: 42
Content-Type: application/json; charset=utf-8
cache-control: no-cache

12:03:31.686 [AsyncHttpClient-1-2] DEBUG org.asynchttpclient.netty.channel.ChannelManager - Adding key: http://localhost:29456 for channel [id: 0x126107ef, L:/127.0.0.1:62819 - R:localhost/127.0.0.1:29456]
12:03:31.688 [Forwarding screenshot on session 4f7983fa5bd31c2b0149b601f626cf35 to remote] DEBUG org.asynchttpclient.netty.request.NettyRequestSender - Using pooled Channel '[id: 0x126107ef, L:/127.0.0.1:62819 - R:localhost/127.0.0.1:29456]' for 'GET' to 'http://localhost:29456/session/4f7983fa5bd31c2b0149b601f626cf35/screenshot'
12:03:31.688 [Forwarding screenshot on session 4f7983fa5bd31c2b0149b601f626cf35 to remote] DEBUG org.asynchttpclient.netty.request.NettyRequestSender - Using open Channel [id: 0x126107ef, L:/127.0.0.1:62819 - R:localhost/127.0.0.1:29456] for GET '/session/4f7983fa5bd31c2b0149b601f626cf35/screenshot'
12:03:31.879 [AsyncHttpClient-1-2] DEBUG org.asynchttpclient.netty.handler.HttpHandler - 

Request DefaultFullHttpRequest(decodeResult: success, version: HTTP/1.1, content: EmptyByteBufBE)
GET /session/4f7983fa5bd31c2b0149b601f626cf35/screenshot HTTP/1.1
User-Agent: selenium/4.8.1 (java windows)
Cache-Control: no-cache
Content-Type: application/json; charset=utf-8
host: localhost:29456
accept: */*

Response DefaultHttpResponse(decodeResult: success, version: HTTP/1.1)
HTTP/1.1 200 OK
Content-Length: 293472
Content-Type: application/json; charset=utf-8
cache-control: no-cache

12:03:31.881 [AsyncHttpClient-1-2] DEBUG org.asynchttpclient.netty.channel.ChannelManager - Adding key: http://localhost:29456 for channel [id: 0x126107ef, L:/127.0.0.1:62819 - R:localhost/127.0.0.1:29456]
12:03:31.890 [main] DEBUG net.serenitybdd.core.photography.Darkroom - Send negative for processing for target\site\serenity\e5bb3233c34171a8ee05c0712c878025818ffefacf4b6bccc2288ff0605e6323.png
12:03:31.891 [Darkroom Processing Line] DEBUG net.serenitybdd.core.photography.DarkroomProcessingLine - Processing screenshot image in /var/screenshots/screenshot-3348384826598421363
12:03:31.891 [main] DEBUG net.thucydides.core.steps.StepInterceptor - STEP DONE: inputEmail
12:03:31.891 [Darkroom Processing Line] DEBUG net.serenitybdd.core.photography.DarkroomProcessingLine - Saving screenshot to target\site\serenity\e5bb3233c34171a8ee05c0712c878025818ffefacf4b6bccc2288ff0605e6323.png
  &amp#27;[32mAnd &amp#27;[0m&amp#27;[32mI enter valid Email&amp#27;[0m         &amp#27;[90m# starter.stepdefinitions.LoginSteps.doEnterValidEmail()&amp#27;[0m
12:03:31.904 [Forwarding getPageSource on session 4f7983fa5bd31c2b0149b601f626cf35 to remote] DEBUG org.asynchttpclient.netty.request.NettyRequestSender - Using pooled Channel '[id: 0x126107ef, L:/127.0.0.1:62819 - R:localhost/127.0.0.1:29456]' for 'POST' to 'http://localhost:29456/session/4f7983fa5bd31c2b0149b601f626cf35/execute/sync'
12:03:31.904 [Forwarding getPageSource on session 4f7983fa5bd31c2b0149b601f626cf35 to remote] DEBUG org.asynchttpclient.netty.request.NettyRequestSender - Using open Channel [id: 0x126107ef, L:/127.0.0.1:62819 - R:localhost/127.0.0.1:29456] for POST '/session/4f7983fa5bd31c2b0149b601f626cf35/execute/sync'
12:03:31.916 [AsyncHttpClient-1-2] DEBUG org.asynchttpclient.netty.handler.HttpHandler - 

Request DefaultHttpRequest(decodeResult: success, version: HTTP/1.1)
POST /session/4f7983fa5bd31c2b0149b601f626cf35/execute/sync HTTP/1.1
User-Agent: selenium/4.8.1 (java windows)
Content-Length: 176
Content-Type: application/json; charset=utf-8
host: localhost:29456
accept: */*

Response DefaultHttpResponse(decodeResult: success, version: HTTP/1.1)
HTTP/1.1 200 OK
Content-Length: 97053
Content-Type: application/json; charset=utf-8
cache-control: no-cache

12:03:31.917 [AsyncHttpClient-1-2] DEBUG org.asynchttpclient.netty.channel.ChannelManager - Adding key: http://localhost:29456 for channel [id: 0x126107ef, L:/127.0.0.1:62819 - R:localhost/127.0.0.1:29456]
12:03:31.924 [Forwarding getCurrentUrl on session 4f7983fa5bd31c2b0149b601f626cf35 to remote] DEBUG org.asynchttpclient.netty.request.NettyRequestSender - Using pooled Channel '[id: 0x126107ef, L:/127.0.0.1:62819 - R:localhost/127.0.0.1:29456]' for 'GET' to 'http://localhost:29456/session/4f7983fa5bd31c2b0149b601f626cf35/url'
12:03:31.924 [Forwarding getCurrentUrl on session 4f7983fa5bd31c2b0149b601f626cf35 to remote] DEBUG org.asynchttpclient.netty.request.NettyRequestSender - Using open Channel [id: 0x126107ef, L:/127.0.0.1:62819 - R:localhost/127.0.0.1:29456] for GET '/session/4f7983fa5bd31c2b0149b601f626cf35/url'
12:03:31.929 [AsyncHttpClient-1-2] DEBUG org.asynchttpclient.netty.handler.HttpHandler - 

Request DefaultFullHttpRequest(decodeResult: success, version: HTTP/1.1, content: EmptyByteBufBE)
GET /session/4f7983fa5bd31c2b0149b601f626cf35/url HTTP/1.1
User-Agent: selenium/4.8.1 (java windows)
Cache-Control: no-cache
Content-Type: application/json; charset=utf-8
host: localhost:29456
accept: */*

Response DefaultHttpResponse(decodeResult: success, version: HTTP/1.1)
HTTP/1.1 200 OK
Content-Length: 42
Content-Type: application/json; charset=utf-8
cache-control: no-cache

12:03:31.929 [AsyncHttpClient-1-2] DEBUG org.asynchttpclient.netty.channel.ChannelManager - Adding key: http://localhost:29456 for channel [id: 0x126107ef, L:/127.0.0.1:62819 - R:localhost/127.0.0.1:29456]
12:03:31.943 [Forwarding getAlertText on session 4f7983fa5bd31c2b0149b601f626cf35 to remote] DEBUG org.asynchttpclient.netty.request.NettyRequestSender - Using pooled Channel '[id: 0x126107ef, L:/127.0.0.1:62819 - R:localhost/127.0.0.1:29456]' for 'GET' to 'http://localhost:29456/session/4f7983fa5bd31c2b0149b601f626cf35/alert/text'
12:03:31.943 [Forwarding getAlertText on session 4f7983fa5bd31c2b0149b601f626cf35 to remote] DEBUG org.asynchttpclient.netty.request.NettyRequestSender - Using open Channel [id: 0x126107ef, L:/127.0.0.1:62819 - R:localhost/127.0.0.1:29456] for GET '/session/4f7983fa5bd31c2b0149b601f626cf35/alert/text'
12:03:31.945 [AsyncHttpClient-1-2] DEBUG org.asynchttpclient.netty.handler.HttpHandler - 

Request DefaultFullHttpRequest(decodeResult: success, version: HTTP/1.1, content: EmptyByteBufBE)
GET /session/4f7983fa5bd31c2b0149b601f626cf35/alert/text HTTP/1.1
User-Agent: selenium/4.8.1 (java windows)
Cache-Control: no-cache
Content-Type: application/json; charset=utf-8
host: localhost:29456
accept: */*

Response DefaultHttpResponse(decodeResult: success, version: HTTP/1.1)
HTTP/1.1 404 Not Found
Content-Length: 821
Content-Type: application/json; charset=utf-8
cache-control: no-cache

12:03:31.945 [AsyncHttpClient-1-2] DEBUG org.asynchttpclient.netty.channel.ChannelManager - Adding key: http://localhost:29456 for channel [id: 0x126107ef, L:/127.0.0.1:62819 - R:localhost/127.0.0.1:29456]
12:03:31.947 [Forwarding getCurrentUrl on session 4f7983fa5bd31c2b0149b601f626cf35 to remote] DEBUG org.asynchttpclient.netty.request.NettyRequestSender - Using pooled Channel '[id: 0x126107ef, L:/127.0.0.1:62819 - R:localhost/127.0.0.1:29456]' for 'GET' to 'http://localhost:29456/session/4f7983fa5bd31c2b0149b601f626cf35/url'
12:03:31.947 [Forwarding getCurrentUrl on session 4f7983fa5bd31c2b0149b601f626cf35 to remote] DEBUG org.asynchttpclient.netty.request.NettyRequestSender - Using open Channel [id: 0x126107ef, L:/127.0.0.1:62819 - R:localhost/127.0.0.1:29456] for GET '/session/4f7983fa5bd31c2b0149b601f626cf35/url'
12:03:31.950 [AsyncHttpClient-1-2] DEBUG org.asynchttpclient.netty.handler.HttpHandler - 

Request DefaultFullHttpRequest(decodeResult: success, version: HTTP/1.1, content: EmptyByteBufBE)
GET /session/4f7983fa5bd31c2b0149b601f626cf35/url HTTP/1.1
User-Agent: selenium/4.8.1 (java windows)
Cache-Control: no-cache
Content-Type: application/json; charset=utf-8
host: localhost:29456
accept: */*

Response DefaultHttpResponse(decodeResult: success, version: HTTP/1.1)
HTTP/1.1 200 OK
Content-Length: 42
Content-Type: application/json; charset=utf-8
cache-control: no-cache

12:03:31.952 [AsyncHttpClient-1-2] DEBUG org.asynchttpclient.netty.channel.ChannelManager - Adding key: http://localhost:29456 for channel [id: 0x126107ef, L:/127.0.0.1:62819 - R:localhost/127.0.0.1:29456]
12:03:31.953 [Forwarding screenshot on session 4f7983fa5bd31c2b0149b601f626cf35 to remote] DEBUG org.asynchttpclient.netty.request.NettyRequestSender - Using pooled Channel '[id: 0x126107ef, L:/127.0.0.1:62819 - R:localhost/127.0.0.1:29456]' for 'GET' to 'http://localhost:29456/session/4f7983fa5bd31c2b0149b601f626cf35/screenshot'
12:03:31.953 [Forwarding screenshot on session 4f7983fa5bd31c2b0149b601f626cf35 to remote] DEBUG org.asynchttpclient.netty.request.NettyRequestSender - Using open Channel [id: 0x126107ef, L:/127.0.0.1:62819 - R:localhost/127.0.0.1:29456] for GET '/session/4f7983fa5bd31c2b0149b601f626cf35/screenshot'
12:03:32.061 [AsyncHttpClient-1-1] DEBUG org.asynchttpclient.netty.channel.DefaultChannelPool - Entry count for : http://localhost:62821 : 1
12:03:32.118 [AsyncHttpClient-1-2] DEBUG org.asynchttpclient.netty.handler.HttpHandler - 

Request DefaultFullHttpRequest(decodeResult: success, version: HTTP/1.1, content: EmptyByteBufBE)
GET /session/4f7983fa5bd31c2b0149b601f626cf35/screenshot HTTP/1.1
User-Agent: selenium/4.8.1 (java windows)
Cache-Control: no-cache
Content-Type: application/json; charset=utf-8
host: localhost:29456
accept: */*

Response DefaultHttpResponse(decodeResult: success, version: HTTP/1.1)
HTTP/1.1 200 OK
Content-Length: 293472
Content-Type: application/json; charset=utf-8
cache-control: no-cache

12:03:32.119 [AsyncHttpClient-1-2] DEBUG org.asynchttpclient.netty.channel.ChannelManager - Adding key: http://localhost:29456 for channel [id: 0x126107ef, L:/127.0.0.1:62819 - R:localhost/127.0.0.1:29456]
12:03:32.128 [main] DEBUG net.serenitybdd.core.photography.Darkroom - Send negative for processing for target\site\serenity\e5bb3233c34171a8ee05c0712c878025818ffefacf4b6bccc2288ff0605e6323.png
12:03:32.130 [Forwarding getPageSource on session 4f7983fa5bd31c2b0149b601f626cf35 to remote] DEBUG org.asynchttpclient.netty.request.NettyRequestSender - Using pooled Channel '[id: 0x126107ef, L:/127.0.0.1:62819 - R:localhost/127.0.0.1:29456]' for 'POST' to 'http://localhost:29456/session/4f7983fa5bd31c2b0149b601f626cf35/execute/sync'
12:03:32.130 [Forwarding getPageSource on session 4f7983fa5bd31c2b0149b601f626cf35 to remote] DEBUG org.asynchttpclient.netty.request.NettyRequestSender - Using open Channel [id: 0x126107ef, L:/127.0.0.1:62819 - R:localhost/127.0.0.1:29456] for POST '/session/4f7983fa5bd31c2b0149b601f626cf35/execute/sync'
12:03:32.146 [AsyncHttpClient-1-2] DEBUG org.asynchttpclient.netty.handler.HttpHandler - 

Request DefaultHttpRequest(decodeResult: success, version: HTTP/1.1)
POST /session/4f7983fa5bd31c2b0149b601f626cf35/execute/sync HTTP/1.1
User-Agent: selenium/4.8.1 (java windows)
Content-Length: 176
Content-Type: application/json; charset=utf-8
host: localhost:29456
accept: */*

Response DefaultHttpResponse(decodeResult: success, version: HTTP/1.1)
HTTP/1.1 200 OK
Content-Length: 97053
Content-Type: application/json; charset=utf-8
cache-control: no-cache

12:03:32.146 [AsyncHttpClient-1-2] DEBUG org.asynchttpclient.netty.channel.ChannelManager - Adding key: http://localhost:29456 for channel [id: 0x126107ef, L:/127.0.0.1:62819 - R:localhost/127.0.0.1:29456]
12:03:32.170 [Forwarding getCurrentUrl on session 4f7983fa5bd31c2b0149b601f626cf35 to remote] DEBUG org.asynchttpclient.netty.request.NettyRequestSender - Using pooled Channel '[id: 0x126107ef, L:/127.0.0.1:62819 - R:localhost/127.0.0.1:29456]' for 'GET' to 'http://localhost:29456/session/4f7983fa5bd31c2b0149b601f626cf35/url'
12:03:32.170 [Forwarding getCurrentUrl on session 4f7983fa5bd31c2b0149b601f626cf35 to remote] DEBUG org.asynchttpclient.netty.request.NettyRequestSender - Using open Channel [id: 0x126107ef, L:/127.0.0.1:62819 - R:localhost/127.0.0.1:29456] for GET '/session/4f7983fa5bd31c2b0149b601f626cf35/url'
12:03:32.201 [AsyncHttpClient-1-2] DEBUG org.asynchttpclient.netty.handler.HttpHandler - 

Request DefaultFullHttpRequest(decodeResult: success, version: HTTP/1.1, content: EmptyByteBufBE)
GET /session/4f7983fa5bd31c2b0149b601f626cf35/url HTTP/1.1
User-Agent: selenium/4.8.1 (java windows)
Cache-Control: no-cache
Content-Type: application/json; charset=utf-8
host: localhost:29456
accept: */*

Response DefaultHttpResponse(decodeResult: success, version: HTTP/1.1)
HTTP/1.1 200 OK
Content-Length: 42
Content-Type: application/json; charset=utf-8
cache-control: no-cache

12:03:32.201 [AsyncHttpClient-1-2] DEBUG org.asynchttpclient.netty.channel.ChannelManager - Adding key: http://localhost:29456 for channel [id: 0x126107ef, L:/127.0.0.1:62819 - R:localhost/127.0.0.1:29456]
12:03:32.204 [main] DEBUG net.thucydides.core.steps.StepInterceptor - STARTING STEP: LoginSteps.doEnterValidPassword - inputPassword
12:03:32.208 [Forwarding findElement on session 4f7983fa5bd31c2b0149b601f626cf35 to remote] DEBUG org.asynchttpclient.netty.request.NettyRequestSender - Using pooled Channel '[id: 0x126107ef, L:/127.0.0.1:62819 - R:localhost/127.0.0.1:29456]' for 'POST' to 'http://localhost:29456/session/4f7983fa5bd31c2b0149b601f626cf35/element'
12:03:32.208 [Forwarding findElement on session 4f7983fa5bd31c2b0149b601f626cf35 to remote] DEBUG org.asynchttpclient.netty.request.NettyRequestSender - Using open Channel [id: 0x126107ef, L:/127.0.0.1:62819 - R:localhost/127.0.0.1:29456] for POST '/session/4f7983fa5bd31c2b0149b601f626cf35/element'
12:03:32.225 [AsyncHttpClient-1-2] DEBUG org.asynchttpclient.netty.handler.HttpHandler - 

Request DefaultHttpRequest(decodeResult: success, version: HTTP/1.1)
POST /session/4f7983fa5bd31c2b0149b601f626cf35/element HTTP/1.1
User-Agent: selenium/4.8.1 (java windows)
Content-Length: 53
Content-Type: application/json; charset=utf-8
host: localhost:29456
accept: */*

Response DefaultHttpResponse(decodeResult: success, version: HTTP/1.1)
HTTP/1.1 200 OK
Content-Length: 88
Content-Type: application/json; charset=utf-8
cache-control: no-cache

12:03:32.225 [AsyncHttpClient-1-2] DEBUG org.asynchttpclient.netty.channel.ChannelManager - Adding key: http://localhost:29456 for channel [id: 0x126107ef, L:/127.0.0.1:62819 - R:localhost/127.0.0.1:29456]
12:03:32.227 [Forwarding clearElement on session 4f7983fa5bd31c2b0149b601f626cf35 to remote] DEBUG org.asynchttpclient.netty.request.NettyRequestSender - Using pooled Channel '[id: 0x126107ef, L:/127.0.0.1:62819 - R:localhost/127.0.0.1:29456]' for 'POST' to 'http://localhost:29456/session/4f7983fa5bd31c2b0149b601f626cf35/element/2daf69ed-c19c-45f8-844a-9f72d150cd76/clear'
12:03:32.227 [Forwarding clearElement on session 4f7983fa5bd31c2b0149b601f626cf35 to remote] DEBUG org.asynchttpclient.netty.request.NettyRequestSender - Using open Channel [id: 0x126107ef, L:/127.0.0.1:62819 - R:localhost/127.0.0.1:29456] for POST '/session/4f7983fa5bd31c2b0149b601f626cf35/element/2daf69ed-c19c-45f8-844a-9f72d150cd76/clear'
12:03:32.258 [AsyncHttpClient-1-2] DEBUG org.asynchttpclient.netty.handler.HttpHandler - 

Request DefaultHttpRequest(decodeResult: success, version: HTTP/1.1)
POST /session/4f7983fa5bd31c2b0149b601f626cf35/element/2daf69ed-c19c-45f8-844a-9f72d150cd76/clear HTTP/1.1
User-Agent: selenium/4.8.1 (java windows)
Content-Length: 50
Content-Type: application/json; charset=utf-8
host: localhost:29456
accept: */*

Response DefaultHttpResponse(decodeResult: success, version: HTTP/1.1)
HTTP/1.1 200 OK
Content-Length: 14
Content-Type: application/json; charset=utf-8
cache-control: no-cache

12:03:32.259 [AsyncHttpClient-1-2] DEBUG org.asynchttpclient.netty.channel.ChannelManager - Adding key: http://localhost:29456 for channel [id: 0x126107ef, L:/127.0.0.1:62819 - R:localhost/127.0.0.1:29456]
12:03:32.261 [Forwarding sendKeysToElement on session 4f7983fa5bd31c2b0149b601f626cf35 to remote] DEBUG org.asynchttpclient.netty.request.NettyRequestSender - Using pooled Channel '[id: 0x126107ef, L:/127.0.0.1:62819 - R:localhost/127.0.0.1:29456]' for 'POST' to 'http://localhost:29456/session/4f7983fa5bd31c2b0149b601f626cf35/element/2daf69ed-c19c-45f8-844a-9f72d150cd76/value'
12:03:32.261 [Forwarding sendKeysToElement on session 4f7983fa5bd31c2b0149b601f626cf35 to remote] DEBUG org.asynchttpclient.netty.request.NettyRequestSender - Using open Channel [id: 0x126107ef, L:/127.0.0.1:62819 - R:localhost/127.0.0.1:29456] for POST '/session/4f7983fa5bd31c2b0149b601f626cf35/element/2daf69ed-c19c-45f8-844a-9f72d150cd76/value'
12:03:32.373 [AsyncHttpClient-1-2] DEBUG org.asynchttpclient.netty.handler.HttpHandler - 

Request DefaultHttpRequest(decodeResult: success, version: HTTP/1.1)
POST /session/4f7983fa5bd31c2b0149b601f626cf35/element/2daf69ed-c19c-45f8-844a-9f72d150cd76/value HTTP/1.1
User-Agent: selenium/4.8.1 (java windows)
Content-Length: 231
Content-Type: application/json; charset=utf-8
host: localhost:29456
accept: */*

Response DefaultHttpResponse(decodeResult: success, version: HTTP/1.1)
HTTP/1.1 200 OK
Content-Length: 14
Content-Type: application/json; charset=utf-8
cache-control: no-cache

12:03:32.373 [AsyncHttpClient-1-2] DEBUG org.asynchttpclient.netty.channel.ChannelManager - Adding key: http://localhost:29456 for channel [id: 0x126107ef, L:/127.0.0.1:62819 - R:localhost/127.0.0.1:29456]
12:03:32.386 [Forwarding getAlertText on session 4f7983fa5bd31c2b0149b601f626cf35 to remote] DEBUG org.asynchttpclient.netty.request.NettyRequestSender - Using pooled Channel '[id: 0x126107ef, L:/127.0.0.1:62819 - R:localhost/127.0.0.1:29456]' for 'GET' to 'http://localhost:29456/session/4f7983fa5bd31c2b0149b601f626cf35/alert/text'
12:03:32.386 [Forwarding getAlertText on session 4f7983fa5bd31c2b0149b601f626cf35 to remote] DEBUG org.asynchttpclient.netty.request.NettyRequestSender - Using open Channel [id: 0x126107ef, L:/127.0.0.1:62819 - R:localhost/127.0.0.1:29456] for GET '/session/4f7983fa5bd31c2b0149b601f626cf35/alert/text'
12:03:32.390 [AsyncHttpClient-1-2] DEBUG org.asynchttpclient.netty.handler.HttpHandler - 

Request DefaultFullHttpRequest(decodeResult: success, version: HTTP/1.1, content: EmptyByteBufBE)
GET /session/4f7983fa5bd31c2b0149b601f626cf35/alert/text HTTP/1.1
User-Agent: selenium/4.8.1 (java windows)
Cache-Control: no-cache
Content-Type: application/json; charset=utf-8
host: localhost:29456
accept: */*

Response DefaultHttpResponse(decodeResult: success, version: HTTP/1.1)
HTTP/1.1 404 Not Found
Content-Length: 821
Content-Type: application/json; charset=utf-8
cache-control: no-cache

12:03:32.390 [AsyncHttpClient-1-2] DEBUG org.asynchttpclient.netty.channel.ChannelManager - Adding key: http://localhost:29456 for channel [id: 0x126107ef, L:/127.0.0.1:62819 - R:localhost/127.0.0.1:29456]
12:03:32.391 [Forwarding getCurrentUrl on session 4f7983fa5bd31c2b0149b601f626cf35 to remote] DEBUG org.asynchttpclient.netty.request.NettyRequestSender - Using pooled Channel '[id: 0x126107ef, L:/127.0.0.1:62819 - R:localhost/127.0.0.1:29456]' for 'GET' to 'http://localhost:29456/session/4f7983fa5bd31c2b0149b601f626cf35/url'
12:03:32.391 [Forwarding getCurrentUrl on session 4f7983fa5bd31c2b0149b601f626cf35 to remote] DEBUG org.asynchttpclient.netty.request.NettyRequestSender - Using open Channel [id: 0x126107ef, L:/127.0.0.1:62819 - R:localhost/127.0.0.1:29456] for GET '/session/4f7983fa5bd31c2b0149b601f626cf35/url'
12:03:32.397 [AsyncHttpClient-1-2] DEBUG org.asynchttpclient.netty.handler.HttpHandler - 

Request DefaultFullHttpRequest(decodeResult: success, version: HTTP/1.1, content: EmptyByteBufBE)
GET /session/4f7983fa5bd31c2b0149b601f626cf35/url HTTP/1.1
User-Agent: selenium/4.8.1 (java windows)
Cache-Control: no-cache
Content-Type: application/json; charset=utf-8
host: localhost:29456
accept: */*

Response DefaultHttpResponse(decodeResult: success, version: HTTP/1.1)
HTTP/1.1 200 OK
Content-Length: 42
Content-Type: application/json; charset=utf-8
cache-control: no-cache

12:03:32.397 [AsyncHttpClient-1-2] DEBUG org.asynchttpclient.netty.channel.ChannelManager - Adding key: http://localhost:29456 for channel [id: 0x126107ef, L:/127.0.0.1:62819 - R:localhost/127.0.0.1:29456]
12:03:32.399 [Forwarding screenshot on session 4f7983fa5bd31c2b0149b601f626cf35 to remote] DEBUG org.asynchttpclient.netty.request.NettyRequestSender - Using pooled Channel '[id: 0x126107ef, L:/127.0.0.1:62819 - R:localhost/127.0.0.1:29456]' for 'GET' to 'http://localhost:29456/session/4f7983fa5bd31c2b0149b601f626cf35/screenshot'
12:03:32.399 [Forwarding screenshot on session 4f7983fa5bd31c2b0149b601f626cf35 to remote] DEBUG org.asynchttpclient.netty.request.NettyRequestSender - Using open Channel [id: 0x126107ef, L:/127.0.0.1:62819 - R:localhost/127.0.0.1:29456] for GET '/session/4f7983fa5bd31c2b0149b601f626cf35/screenshot'
12:03:32.622 [AsyncHttpClient-1-2] DEBUG org.asynchttpclient.netty.handler.HttpHandler - 

Request DefaultFullHttpRequest(decodeResult: success, version: HTTP/1.1, content: EmptyByteBufBE)
GET /session/4f7983fa5bd31c2b0149b601f626cf35/screenshot HTTP/1.1
User-Agent: selenium/4.8.1 (java windows)
Cache-Control: no-cache
Content-Type: application/json; charset=utf-8
host: localhost:29456
accept: */*

Response DefaultHttpResponse(decodeResult: success, version: HTTP/1.1)
HTTP/1.1 200 OK
Content-Length: 293200
Content-Type: application/json; charset=utf-8
cache-control: no-cache

12:03:32.624 [AsyncHttpClient-1-2] DEBUG org.asynchttpclient.netty.channel.ChannelManager - Adding key: http://localhost:29456 for channel [id: 0x126107ef, L:/127.0.0.1:62819 - R:localhost/127.0.0.1:29456]
12:03:32.632 [main] DEBUG net.serenitybdd.core.photography.Darkroom - Send negative for processing for target\site\serenity\b081feaf9b68239d893a180dac6cc951a01efde51c1f4374ddea6393181c60d5.png
12:03:32.632 [Darkroom Processing Line] DEBUG net.serenitybdd.core.photography.DarkroomProcessingLine - Processing screenshot image in /var/screenshots/screenshot-3790327939903223403
12:03:32.632 [Darkroom Processing Line] DEBUG net.serenitybdd.core.photography.DarkroomProcessingLine - Saving screenshot to target\site\serenity\b081feaf9b68239d893a180dac6cc951a01efde51c1f4374ddea6393181c60d5.png
12:03:32.632 [main] DEBUG net.thucydides.core.steps.StepInterceptor - STEP DONE: inputPassword
  &amp#27;[32mAnd &amp#27;[0m&amp#27;[32mI enter valid Password&amp#27;[0m      &amp#27;[90m# starter.stepdefinitions.LoginSteps.doEnterValidPassword()&amp#27;[0m
12:03:32.644 [Forwarding getPageSource on session 4f7983fa5bd31c2b0149b601f626cf35 to remote] DEBUG org.asynchttpclient.netty.request.NettyRequestSender - Using pooled Channel '[id: 0x126107ef, L:/127.0.0.1:62819 - R:localhost/127.0.0.1:29456]' for 'POST' to 'http://localhost:29456/session/4f7983fa5bd31c2b0149b601f626cf35/execute/sync'
12:03:32.644 [Forwarding getPageSource on session 4f7983fa5bd31c2b0149b601f626cf35 to remote] DEBUG org.asynchttpclient.netty.request.NettyRequestSender - Using open Channel [id: 0x126107ef, L:/127.0.0.1:62819 - R:localhost/127.0.0.1:29456] for POST '/session/4f7983fa5bd31c2b0149b601f626cf35/execute/sync'
12:03:32.658 [AsyncHttpClient-1-2] DEBUG org.asynchttpclient.netty.handler.HttpHandler - 

Request DefaultHttpRequest(decodeResult: success, version: HTTP/1.1)
POST /session/4f7983fa5bd31c2b0149b601f626cf35/execute/sync HTTP/1.1
User-Agent: selenium/4.8.1 (java windows)
Content-Length: 176
Content-Type: application/json; charset=utf-8
host: localhost:29456
accept: */*

Response DefaultHttpResponse(decodeResult: success, version: HTTP/1.1)
HTTP/1.1 200 OK
Content-Length: 97073
Content-Type: application/json; charset=utf-8
cache-control: no-cache

12:03:32.658 [AsyncHttpClient-1-2] DEBUG org.asynchttpclient.netty.channel.ChannelManager - Adding key: http://localhost:29456 for channel [id: 0x126107ef, L:/127.0.0.1:62819 - R:localhost/127.0.0.1:29456]
12:03:32.665 [Forwarding getCurrentUrl on session 4f7983fa5bd31c2b0149b601f626cf35 to remote] DEBUG org.asynchttpclient.netty.request.NettyRequestSender - Using pooled Channel '[id: 0x126107ef, L:/127.0.0.1:62819 - R:localhost/127.0.0.1:29456]' for 'GET' to 'http://localhost:29456/session/4f7983fa5bd31c2b0149b601f626cf35/url'
12:03:32.665 [Forwarding getCurrentUrl on session 4f7983fa5bd31c2b0149b601f626cf35 to remote] DEBUG org.asynchttpclient.netty.request.NettyRequestSender - Using open Channel [id: 0x126107ef, L:/127.0.0.1:62819 - R:localhost/127.0.0.1:29456] for GET '/session/4f7983fa5bd31c2b0149b601f626cf35/url'
12:03:32.670 [AsyncHttpClient-1-2] DEBUG org.asynchttpclient.netty.handler.HttpHandler - 

Request DefaultFullHttpRequest(decodeResult: success, version: HTTP/1.1, content: EmptyByteBufBE)
GET /session/4f7983fa5bd31c2b0149b601f626cf35/url HTTP/1.1
User-Agent: selenium/4.8.1 (java windows)
Cache-Control: no-cache
Content-Type: application/json; charset=utf-8
host: localhost:29456
accept: */*

Response DefaultHttpResponse(decodeResult: success, version: HTTP/1.1)
HTTP/1.1 200 OK
Content-Length: 42
Content-Type: application/json; charset=utf-8
cache-control: no-cache

12:03:32.670 [AsyncHttpClient-1-2] DEBUG org.asynchttpclient.netty.channel.ChannelManager - Adding key: http://localhost:29456 for channel [id: 0x126107ef, L:/127.0.0.1:62819 - R:localhost/127.0.0.1:29456]
12:03:32.682 [Forwarding getPageSource on session 4f7983fa5bd31c2b0149b601f626cf35 to remote] DEBUG org.asynchttpclient.netty.request.NettyRequestSender - Using pooled Channel '[id: 0x126107ef, L:/127.0.0.1:62819 - R:localhost/127.0.0.1:29456]' for 'POST' to 'http://localhost:29456/session/4f7983fa5bd31c2b0149b601f626cf35/execute/sync'
12:03:32.682 [Forwarding getPageSource on session 4f7983fa5bd31c2b0149b601f626cf35 to remote] DEBUG org.asynchttpclient.netty.request.NettyRequestSender - Using open Channel [id: 0x126107ef, L:/127.0.0.1:62819 - R:localhost/127.0.0.1:29456] for POST '/session/4f7983fa5bd31c2b0149b601f626cf35/execute/sync'
12:03:32.693 [AsyncHttpClient-1-2] DEBUG org.asynchttpclient.netty.handler.HttpHandler - 

Request DefaultHttpRequest(decodeResult: success, version: HTTP/1.1)
POST /session/4f7983fa5bd31c2b0149b601f626cf35/execute/sync HTTP/1.1
User-Agent: selenium/4.8.1 (java windows)
Content-Length: 176
Content-Type: application/json; charset=utf-8
host: localhost:29456
accept: */*

Response DefaultHttpResponse(decodeResult: success, version: HTTP/1.1)
HTTP/1.1 200 OK
Content-Length: 97073
Content-Type: application/json; charset=utf-8
cache-control: no-cache

12:03:32.694 [AsyncHttpClient-1-2] DEBUG org.asynchttpclient.netty.channel.ChannelManager - Adding key: http://localhost:29456 for channel [id: 0x126107ef, L:/127.0.0.1:62819 - R:localhost/127.0.0.1:29456]
12:03:32.701 [Forwarding getCurrentUrl on session 4f7983fa5bd31c2b0149b601f626cf35 to remote] DEBUG org.asynchttpclient.netty.request.NettyRequestSender - Using pooled Channel '[id: 0x126107ef, L:/127.0.0.1:62819 - R:localhost/127.0.0.1:29456]' for 'GET' to 'http://localhost:29456/session/4f7983fa5bd31c2b0149b601f626cf35/url'
12:03:32.701 [Forwarding getCurrentUrl on session 4f7983fa5bd31c2b0149b601f626cf35 to remote] DEBUG org.asynchttpclient.netty.request.NettyRequestSender - Using open Channel [id: 0x126107ef, L:/127.0.0.1:62819 - R:localhost/127.0.0.1:29456] for GET '/session/4f7983fa5bd31c2b0149b601f626cf35/url'
12:03:32.704 [AsyncHttpClient-1-2] DEBUG org.asynchttpclient.netty.handler.HttpHandler - 

Request DefaultFullHttpRequest(decodeResult: success, version: HTTP/1.1, content: EmptyByteBufBE)
GET /session/4f7983fa5bd31c2b0149b601f626cf35/url HTTP/1.1
User-Agent: selenium/4.8.1 (java windows)
Cache-Control: no-cache
Content-Type: application/json; charset=utf-8
host: localhost:29456
accept: */*

Response DefaultHttpResponse(decodeResult: success, version: HTTP/1.1)
HTTP/1.1 200 OK
Content-Length: 42
Content-Type: application/json; charset=utf-8
cache-control: no-cache

12:03:32.704 [AsyncHttpClient-1-2] DEBUG org.asynchttpclient.netty.channel.ChannelManager - Adding key: http://localhost:29456 for channel [id: 0x126107ef, L:/127.0.0.1:62819 - R:localhost/127.0.0.1:29456]
12:03:32.707 [main] DEBUG net.thucydides.core.steps.StepInterceptor - STARTING STEP: LoginSteps.doClickLoginButton - clickButtonLogin
12:03:32.710 [Forwarding findElement on session 4f7983fa5bd31c2b0149b601f626cf35 to remote] DEBUG org.asynchttpclient.netty.request.NettyRequestSender - Using pooled Channel '[id: 0x126107ef, L:/127.0.0.1:62819 - R:localhost/127.0.0.1:29456]' for 'POST' to 'http://localhost:29456/session/4f7983fa5bd31c2b0149b601f626cf35/element'
12:03:32.710 [Forwarding findElement on session 4f7983fa5bd31c2b0149b601f626cf35 to remote] DEBUG org.asynchttpclient.netty.request.NettyRequestSender - Using open Channel [id: 0x126107ef, L:/127.0.0.1:62819 - R:localhost/127.0.0.1:29456] for POST '/session/4f7983fa5bd31c2b0149b601f626cf35/element'
12:03:32.723 [AsyncHttpClient-1-2] DEBUG org.asynchttpclient.netty.handler.HttpHandler - 

Request DefaultHttpRequest(decodeResult: success, version: HTTP/1.1)
POST /session/4f7983fa5bd31c2b0149b601f626cf35/element HTTP/1.1
User-Agent: selenium/4.8.1 (java windows)
Content-Length: 57
Content-Type: application/json; charset=utf-8
host: localhost:29456
accept: */*

Response DefaultHttpResponse(decodeResult: success, version: HTTP/1.1)
HTTP/1.1 200 OK
Content-Length: 88
Content-Type: application/json; charset=utf-8
cache-control: no-cache

12:03:32.724 [AsyncHttpClient-1-2] DEBUG org.asynchttpclient.netty.channel.ChannelManager - Adding key: http://localhost:29456 for channel [id: 0x126107ef, L:/127.0.0.1:62819 - R:localhost/127.0.0.1:29456]
12:03:32.725 [Forwarding getElementTagName on session 4f7983fa5bd31c2b0149b601f626cf35 to remote] DEBUG org.asynchttpclient.netty.request.NettyRequestSender - Using pooled Channel '[id: 0x126107ef, L:/127.0.0.1:62819 - R:localhost/127.0.0.1:29456]' for 'GET' to 'http://localhost:29456/session/4f7983fa5bd31c2b0149b601f626cf35/element/2f91212d-1f02-4c1d-8fcc-448c82dfeb35/name'
12:03:32.726 [Forwarding getElementTagName on session 4f7983fa5bd31c2b0149b601f626cf35 to remote] DEBUG org.asynchttpclient.netty.request.NettyRequestSender - Using open Channel [id: 0x126107ef, L:/127.0.0.1:62819 - R:localhost/127.0.0.1:29456] for GET '/session/4f7983fa5bd31c2b0149b601f626cf35/element/2f91212d-1f02-4c1d-8fcc-448c82dfeb35/name'
12:03:32.731 [AsyncHttpClient-1-2] DEBUG org.asynchttpclient.netty.handler.HttpHandler - 

Request DefaultFullHttpRequest(decodeResult: success, version: HTTP/1.1, content: EmptyByteBufBE)
GET /session/4f7983fa5bd31c2b0149b601f626cf35/element/2f91212d-1f02-4c1d-8fcc-448c82dfeb35/name HTTP/1.1
User-Agent: selenium/4.8.1 (java windows)
Cache-Control: no-cache
Content-Type: application/json; charset=utf-8
host: localhost:29456
accept: */*

Response DefaultHttpResponse(decodeResult: success, version: HTTP/1.1)
HTTP/1.1 200 OK
Content-Length: 18
Content-Type: application/json; charset=utf-8
cache-control: no-cache

12:03:32.731 [AsyncHttpClient-1-2] DEBUG org.asynchttpclient.netty.channel.ChannelManager - Adding key: http://localhost:29456 for channel [id: 0x126107ef, L:/127.0.0.1:62819 - R:localhost/127.0.0.1:29456]
12:03:32.733 [Forwarding getElementTagName on session 4f7983fa5bd31c2b0149b601f626cf35 to remote] DEBUG org.asynchttpclient.netty.request.NettyRequestSender - Using pooled Channel '[id: 0x126107ef, L:/127.0.0.1:62819 - R:localhost/127.0.0.1:29456]' for 'GET' to 'http://localhost:29456/session/4f7983fa5bd31c2b0149b601f626cf35/element/2f91212d-1f02-4c1d-8fcc-448c82dfeb35/name'
12:03:32.733 [Forwarding getElementTagName on session 4f7983fa5bd31c2b0149b601f626cf35 to remote] DEBUG org.asynchttpclient.netty.request.NettyRequestSender - Using open Channel [id: 0x126107ef, L:/127.0.0.1:62819 - R:localhost/127.0.0.1:29456] for GET '/session/4f7983fa5bd31c2b0149b601f626cf35/element/2f91212d-1f02-4c1d-8fcc-448c82dfeb35/name'
12:03:32.737 [AsyncHttpClient-1-2] DEBUG org.asynchttpclient.netty.handler.HttpHandler - 

Request DefaultFullHttpRequest(decodeResult: success, version: HTTP/1.1, content: EmptyByteBufBE)
GET /session/4f7983fa5bd31c2b0149b601f626cf35/element/2f91212d-1f02-4c1d-8fcc-448c82dfeb35/name HTTP/1.1
User-Agent: selenium/4.8.1 (java windows)
Cache-Control: no-cache
Content-Type: application/json; charset=utf-8
host: localhost:29456
accept: */*

Response DefaultHttpResponse(decodeResult: success, version: HTTP/1.1)
HTTP/1.1 200 OK
Content-Length: 18
Content-Type: application/json; charset=utf-8
cache-control: no-cache

12:03:32.738 [AsyncHttpClient-1-2] DEBUG org.asynchttpclient.netty.channel.ChannelManager - Adding key: http://localhost:29456 for channel [id: 0x126107ef, L:/127.0.0.1:62819 - R:localhost/127.0.0.1:29456]
12:03:32.741 [Forwarding isElementEnabled on session 4f7983fa5bd31c2b0149b601f626cf35 to remote] DEBUG org.asynchttpclient.netty.request.NettyRequestSender - Using pooled Channel '[id: 0x126107ef, L:/127.0.0.1:62819 - R:localhost/127.0.0.1:29456]' for 'GET' to 'http://localhost:29456/session/4f7983fa5bd31c2b0149b601f626cf35/element/2f91212d-1f02-4c1d-8fcc-448c82dfeb35/enabled'
12:03:32.742 [Forwarding isElementEnabled on session 4f7983fa5bd31c2b0149b601f626cf35 to remote] DEBUG org.asynchttpclient.netty.request.NettyRequestSender - Using open Channel [id: 0x126107ef, L:/127.0.0.1:62819 - R:localhost/127.0.0.1:29456] for GET '/session/4f7983fa5bd31c2b0149b601f626cf35/element/2f91212d-1f02-4c1d-8fcc-448c82dfeb35/enabled'
12:03:32.751 [AsyncHttpClient-1-2] DEBUG org.asynchttpclient.netty.handler.HttpHandler - 

Request DefaultFullHttpRequest(decodeResult: success, version: HTTP/1.1, content: EmptyByteBufBE)
GET /session/4f7983fa5bd31c2b0149b601f626cf35/element/2f91212d-1f02-4c1d-8fcc-448c82dfeb35/enabled HTTP/1.1
User-Agent: selenium/4.8.1 (java windows)
Cache-Control: no-cache
Content-Type: application/json; charset=utf-8
host: localhost:29456
accept: */*

Response DefaultHttpResponse(decodeResult: success, version: HTTP/1.1)
HTTP/1.1 200 OK
Content-Length: 14
Content-Type: application/json; charset=utf-8
cache-control: no-cache

12:03:32.752 [AsyncHttpClient-1-2] DEBUG org.asynchttpclient.netty.channel.ChannelManager - Adding key: http://localhost:29456 for channel [id: 0x126107ef, L:/127.0.0.1:62819 - R:localhost/127.0.0.1:29456]
12:03:32.753 [Forwarding isElementEnabled on session 4f7983fa5bd31c2b0149b601f626cf35 to remote] DEBUG org.asynchttpclient.netty.request.NettyRequestSender - Using pooled Channel '[id: 0x126107ef, L:/127.0.0.1:62819 - R:localhost/127.0.0.1:29456]' for 'GET' to 'http://localhost:29456/session/4f7983fa5bd31c2b0149b601f626cf35/element/2f91212d-1f02-4c1d-8fcc-448c82dfeb35/enabled'
12:03:32.753 [Forwarding isElementEnabled on session 4f7983fa5bd31c2b0149b601f626cf35 to remote] DEBUG org.asynchttpclient.netty.request.NettyRequestSender - Using open Channel [id: 0x126107ef, L:/127.0.0.1:62819 - R:localhost/127.0.0.1:29456] for GET '/session/4f7983fa5bd31c2b0149b601f626cf35/element/2f91212d-1f02-4c1d-8fcc-448c82dfeb35/enabled'
12:03:32.760 [AsyncHttpClient-1-2] DEBUG org.asynchttpclient.netty.handler.HttpHandler - 

Request DefaultFullHttpRequest(decodeResult: success, version: HTTP/1.1, content: EmptyByteBufBE)
GET /session/4f7983fa5bd31c2b0149b601f626cf35/element/2f91212d-1f02-4c1d-8fcc-448c82dfeb35/enabled HTTP/1.1
User-Agent: selenium/4.8.1 (java windows)
Cache-Control: no-cache
Content-Type: application/json; charset=utf-8
host: localhost:29456
accept: */*

Response DefaultHttpResponse(decodeResult: success, version: HTTP/1.1)
HTTP/1.1 200 OK
Content-Length: 14
Content-Type: application/json; charset=utf-8
cache-control: no-cache

12:03:32.761 [AsyncHttpClient-1-2] DEBUG org.asynchttpclient.netty.channel.ChannelManager - Adding key: http://localhost:29456 for channel [id: 0x126107ef, L:/127.0.0.1:62819 - R:localhost/127.0.0.1:29456]
12:03:32.764 [Forwarding findElement on session 4f7983fa5bd31c2b0149b601f626cf35 to remote] DEBUG org.asynchttpclient.netty.request.NettyRequestSender - Using pooled Channel '[id: 0x126107ef, L:/127.0.0.1:62819 - R:localhost/127.0.0.1:29456]' for 'POST' to 'http://localhost:29456/session/4f7983fa5bd31c2b0149b601f626cf35/element'
12:03:32.764 [Forwarding findElement on session 4f7983fa5bd31c2b0149b601f626cf35 to remote] DEBUG org.asynchttpclient.netty.request.NettyRequestSender - Using open Channel [id: 0x126107ef, L:/127.0.0.1:62819 - R:localhost/127.0.0.1:29456] for POST '/session/4f7983fa5bd31c2b0149b601f626cf35/element'
12:03:32.773 [AsyncHttpClient-1-2] DEBUG org.asynchttpclient.netty.handler.HttpHandler - 

Request DefaultHttpRequest(decodeResult: success, version: HTTP/1.1)
POST /session/4f7983fa5bd31c2b0149b601f626cf35/element HTTP/1.1
User-Agent: selenium/4.8.1 (java windows)
Content-Length: 57
Content-Type: application/json; charset=utf-8
host: localhost:29456
accept: */*

Response DefaultHttpResponse(decodeResult: success, version: HTTP/1.1)
HTTP/1.1 200 OK
Content-Length: 88
Content-Type: application/json; charset=utf-8
cache-control: no-cache

12:03:32.773 [AsyncHttpClient-1-2] DEBUG org.asynchttpclient.netty.channel.ChannelManager - Adding key: http://localhost:29456 for channel [id: 0x126107ef, L:/127.0.0.1:62819 - R:localhost/127.0.0.1:29456]
12:03:32.775 [Forwarding clickElement on session 4f7983fa5bd31c2b0149b601f626cf35 to remote] DEBUG org.asynchttpclient.netty.request.NettyRequestSender - Using pooled Channel '[id: 0x126107ef, L:/127.0.0.1:62819 - R:localhost/127.0.0.1:29456]' for 'POST' to 'http://localhost:29456/session/4f7983fa5bd31c2b0149b601f626cf35/element/2f91212d-1f02-4c1d-8fcc-448c82dfeb35/click'
12:03:32.775 [Forwarding clickElement on session 4f7983fa5bd31c2b0149b601f626cf35 to remote] DEBUG org.asynchttpclient.netty.request.NettyRequestSender - Using open Channel [id: 0x126107ef, L:/127.0.0.1:62819 - R:localhost/127.0.0.1:29456] for POST '/session/4f7983fa5bd31c2b0149b601f626cf35/element/2f91212d-1f02-4c1d-8fcc-448c82dfeb35/click'
12:03:32.869 [AsyncHttpClient-1-2] DEBUG org.asynchttpclient.netty.handler.HttpHandler - 

Request DefaultHttpRequest(decodeResult: success, version: HTTP/1.1)
POST /session/4f7983fa5bd31c2b0149b601f626cf35/element/2f91212d-1f02-4c1d-8fcc-448c82dfeb35/click HTTP/1.1
User-Agent: selenium/4.8.1 (java windows)
Content-Length: 50
Content-Type: application/json; charset=utf-8
host: localhost:29456
accept: */*

Response DefaultHttpResponse(decodeResult: success, version: HTTP/1.1)
HTTP/1.1 200 OK
Content-Length: 14
Content-Type: application/json; charset=utf-8
cache-control: no-cache

12:03:32.870 [AsyncHttpClient-1-2] DEBUG org.asynchttpclient.netty.channel.ChannelManager - Adding key: http://localhost:29456 for channel [id: 0x126107ef, L:/127.0.0.1:62819 - R:localhost/127.0.0.1:29456]
12:03:32.882 [Forwarding getAlertText on session 4f7983fa5bd31c2b0149b601f626cf35 to remote] DEBUG org.asynchttpclient.netty.request.NettyRequestSender - Using pooled Channel '[id: 0x126107ef, L:/127.0.0.1:62819 - R:localhost/127.0.0.1:29456]' for 'GET' to 'http://localhost:29456/session/4f7983fa5bd31c2b0149b601f626cf35/alert/text'
12:03:32.882 [Forwarding getAlertText on session 4f7983fa5bd31c2b0149b601f626cf35 to remote] DEBUG org.asynchttpclient.netty.request.NettyRequestSender - Using open Channel [id: 0x126107ef, L:/127.0.0.1:62819 - R:localhost/127.0.0.1:29456] for GET '/session/4f7983fa5bd31c2b0149b601f626cf35/alert/text'
12:03:32.885 [AsyncHttpClient-1-2] DEBUG org.asynchttpclient.netty.handler.HttpHandler - 

Request DefaultFullHttpRequest(decodeResult: success, version: HTTP/1.1, content: EmptyByteBufBE)
GET /session/4f7983fa5bd31c2b0149b601f626cf35/alert/text HTTP/1.1
User-Agent: selenium/4.8.1 (java windows)
Cache-Control: no-cache
Content-Type: application/json; charset=utf-8
host: localhost:29456
accept: */*

Response DefaultHttpResponse(decodeResult: success, version: HTTP/1.1)
HTTP/1.1 404 Not Found
Content-Length: 821
Content-Type: application/json; charset=utf-8
cache-control: no-cache

12:03:32.886 [AsyncHttpClient-1-2] DEBUG org.asynchttpclient.netty.channel.ChannelManager - Adding key: http://localhost:29456 for channel [id: 0x126107ef, L:/127.0.0.1:62819 - R:localhost/127.0.0.1:29456]
12:03:32.890 [Forwarding getCurrentUrl on session 4f7983fa5bd31c2b0149b601f626cf35 to remote] DEBUG org.asynchttpclient.netty.request.NettyRequestSender - Using pooled Channel '[id: 0x126107ef, L:/127.0.0.1:62819 - R:localhost/127.0.0.1:29456]' for 'GET' to 'http://localhost:29456/session/4f7983fa5bd31c2b0149b601f626cf35/url'
12:03:32.891 [Forwarding getCurrentUrl on session 4f7983fa5bd31c2b0149b601f626cf35 to remote] DEBUG org.asynchttpclient.netty.request.NettyRequestSender - Using open Channel [id: 0x126107ef, L:/127.0.0.1:62819 - R:localhost/127.0.0.1:29456] for GET '/session/4f7983fa5bd31c2b0149b601f626cf35/url'
12:03:32.905 [AsyncHttpClient-1-2] DEBUG org.asynchttpclient.netty.handler.HttpHandler - 

Request DefaultFullHttpRequest(decodeResult: success, version: HTTP/1.1, content: EmptyByteBufBE)
GET /session/4f7983fa5bd31c2b0149b601f626cf35/url HTTP/1.1
User-Agent: selenium/4.8.1 (java windows)
Cache-Control: no-cache
Content-Type: application/json; charset=utf-8
host: localhost:29456
accept: */*

Response DefaultHttpResponse(decodeResult: success, version: HTTP/1.1)
HTTP/1.1 200 OK
Content-Length: 42
Content-Type: application/json; charset=utf-8
cache-control: no-cache

12:03:32.905 [AsyncHttpClient-1-2] DEBUG org.asynchttpclient.netty.channel.ChannelManager - Adding key: http://localhost:29456 for channel [id: 0x126107ef, L:/127.0.0.1:62819 - R:localhost/127.0.0.1:29456]
12:03:32.908 [Forwarding screenshot on session 4f7983fa5bd31c2b0149b601f626cf35 to remote] DEBUG org.asynchttpclient.netty.request.NettyRequestSender - Using pooled Channel '[id: 0x126107ef, L:/127.0.0.1:62819 - R:localhost/127.0.0.1:29456]' for 'GET' to 'http://localhost:29456/session/4f7983fa5bd31c2b0149b601f626cf35/screenshot'
12:03:32.908 [Forwarding screenshot on session 4f7983fa5bd31c2b0149b601f626cf35 to remote] DEBUG org.asynchttpclient.netty.request.NettyRequestSender - Using open Channel [id: 0x126107ef, L:/127.0.0.1:62819 - R:localhost/127.0.0.1:29456] for GET '/session/4f7983fa5bd31c2b0149b601f626cf35/screenshot'
12:03:33.122 [AsyncHttpClient-1-2] DEBUG org.asynchttpclient.netty.handler.HttpHandler - 

Request DefaultFullHttpRequest(decodeResult: success, version: HTTP/1.1, content: EmptyByteBufBE)
GET /session/4f7983fa5bd31c2b0149b601f626cf35/screenshot HTTP/1.1
User-Agent: selenium/4.8.1 (java windows)
Cache-Control: no-cache
Content-Type: application/json; charset=utf-8
host: localhost:29456
accept: */*

Response DefaultHttpResponse(decodeResult: success, version: HTTP/1.1)
HTTP/1.1 200 OK
Content-Length: 155680
Content-Type: application/json; charset=utf-8
cache-control: no-cache

12:03:33.124 [AsyncHttpClient-1-2] DEBUG org.asynchttpclient.netty.channel.ChannelManager - Adding key: http://localhost:29456 for channel [id: 0x126107ef, L:/127.0.0.1:62819 - R:localhost/127.0.0.1:29456]
12:03:33.130 [main] DEBUG net.serenitybdd.core.photography.Darkroom - Send negative for processing for target\site\serenity\00f62aa73ec4409b7a0224cc12d34791f607eb7e850535d5c5ef9e408ae66811.png
12:03:33.132 [main] DEBUG net.thucydides.core.steps.StepInterceptor - STEP DONE: clickButtonLogin
12:03:33.132 [Darkroom Processing Line] DEBUG net.serenitybdd.core.photography.DarkroomProcessingLine - Processing screenshot image in /var/screenshots/screenshot-7489629680764217014
12:03:33.132 [Darkroom Processing Line] DEBUG net.serenitybdd.core.photography.DarkroomProcessingLine - Saving screenshot to target\site\serenity\00f62aa73ec4409b7a0224cc12d34791f607eb7e850535d5c5ef9e408ae66811.png
  &amp#27;[32mAnd &amp#27;[0m&amp#27;[32mI clicked the enter login&amp#27;[0m   &amp#27;[90m# starter.stepdefinitions.LoginSteps.doClickLoginButton()&amp#27;[0m
12:03:33.150 [Forwarding getPageSource on session 4f7983fa5bd31c2b0149b601f626cf35 to remote] DEBUG org.asynchttpclient.netty.request.NettyRequestSender - Using pooled Channel '[id: 0x126107ef, L:/127.0.0.1:62819 - R:localhost/127.0.0.1:29456]' for 'POST' to 'http://localhost:29456/session/4f7983fa5bd31c2b0149b601f626cf35/execute/sync'
12:03:33.150 [Forwarding getPageSource on session 4f7983fa5bd31c2b0149b601f626cf35 to remote] DEBUG org.asynchttpclient.netty.request.NettyRequestSender - Using open Channel [id: 0x126107ef, L:/127.0.0.1:62819 - R:localhost/127.0.0.1:29456] for POST '/session/4f7983fa5bd31c2b0149b601f626cf35/execute/sync'
12:03:33.155 [AsyncHttpClient-1-1] DEBUG org.asynchttpclient.netty.channel.DefaultChannelPool - Entry count for : http://localhost:62821 : 1
12:03:33.165 [AsyncHttpClient-1-2] DEBUG org.asynchttpclient.netty.handler.HttpHandler - 

Request DefaultHttpRequest(decodeResult: success, version: HTTP/1.1)
POST /session/4f7983fa5bd31c2b0149b601f626cf35/execute/sync HTTP/1.1
User-Agent: selenium/4.8.1 (java windows)
Content-Length: 176
Content-Type: application/json; charset=utf-8
host: localhost:29456
accept: */*

Response DefaultHttpResponse(decodeResult: success, version: HTTP/1.1)
HTTP/1.1 200 OK
Content-Length: 103523
Content-Type: application/json; charset=utf-8
cache-control: no-cache

12:03:33.165 [AsyncHttpClient-1-2] DEBUG org.asynchttpclient.netty.channel.ChannelManager - Adding key: http://localhost:29456 for channel [id: 0x126107ef, L:/127.0.0.1:62819 - R:localhost/127.0.0.1:29456]
12:03:33.173 [Forwarding getCurrentUrl on session 4f7983fa5bd31c2b0149b601f626cf35 to remote] DEBUG org.asynchttpclient.netty.request.NettyRequestSender - Using pooled Channel '[id: 0x126107ef, L:/127.0.0.1:62819 - R:localhost/127.0.0.1:29456]' for 'GET' to 'http://localhost:29456/session/4f7983fa5bd31c2b0149b601f626cf35/url'
12:03:33.173 [Forwarding getCurrentUrl on session 4f7983fa5bd31c2b0149b601f626cf35 to remote] DEBUG org.asynchttpclient.netty.request.NettyRequestSender - Using open Channel [id: 0x126107ef, L:/127.0.0.1:62819 - R:localhost/127.0.0.1:29456] for GET '/session/4f7983fa5bd31c2b0149b601f626cf35/url'
12:03:33.178 [AsyncHttpClient-1-2] DEBUG org.asynchttpclient.netty.handler.HttpHandler - 

Request DefaultFullHttpRequest(decodeResult: success, version: HTTP/1.1, content: EmptyByteBufBE)
GET /session/4f7983fa5bd31c2b0149b601f626cf35/url HTTP/1.1
User-Agent: selenium/4.8.1 (java windows)
Cache-Control: no-cache
Content-Type: application/json; charset=utf-8
host: localhost:29456
accept: */*

Response DefaultHttpResponse(decodeResult: success, version: HTTP/1.1)
HTTP/1.1 200 OK
Content-Length: 42
Content-Type: application/json; charset=utf-8
cache-control: no-cache

12:03:33.178 [AsyncHttpClient-1-2] DEBUG org.asynchttpclient.netty.channel.ChannelManager - Adding key: http://localhost:29456 for channel [id: 0x126107ef, L:/127.0.0.1:62819 - R:localhost/127.0.0.1:29456]
12:03:33.197 [Forwarding getAlertText on session 4f7983fa5bd31c2b0149b601f626cf35 to remote] DEBUG org.asynchttpclient.netty.request.NettyRequestSender - Using pooled Channel '[id: 0x126107ef, L:/127.0.0.1:62819 - R:localhost/127.0.0.1:29456]' for 'GET' to 'http://localhost:29456/session/4f7983fa5bd31c2b0149b601f626cf35/alert/text'
12:03:33.197 [Forwarding getAlertText on session 4f7983fa5bd31c2b0149b601f626cf35 to remote] DEBUG org.asynchttpclient.netty.request.NettyRequestSender - Using open Channel [id: 0x126107ef, L:/127.0.0.1:62819 - R:localhost/127.0.0.1:29456] for GET '/session/4f7983fa5bd31c2b0149b601f626cf35/alert/text'
12:03:33.200 [AsyncHttpClient-1-2] DEBUG org.asynchttpclient.netty.handler.HttpHandler - 

Request DefaultFullHttpRequest(decodeResult: success, version: HTTP/1.1, content: EmptyByteBufBE)
GET /session/4f7983fa5bd31c2b0149b601f626cf35/alert/text HTTP/1.1
User-Agent: selenium/4.8.1 (java windows)
Cache-Control: no-cache
Content-Type: application/json; charset=utf-8
host: localhost:29456
accept: */*

Response DefaultHttpResponse(decodeResult: success, version: HTTP/1.1)
HTTP/1.1 404 Not Found
Content-Length: 821
Content-Type: application/json; charset=utf-8
cache-control: no-cache

12:03:33.201 [AsyncHttpClient-1-2] DEBUG org.asynchttpclient.netty.channel.ChannelManager - Adding key: http://localhost:29456 for channel [id: 0x126107ef, L:/127.0.0.1:62819 - R:localhost/127.0.0.1:29456]
12:03:33.202 [Forwarding getCurrentUrl on session 4f7983fa5bd31c2b0149b601f626cf35 to remote] DEBUG org.asynchttpclient.netty.request.NettyRequestSender - Using pooled Channel '[id: 0x126107ef, L:/127.0.0.1:62819 - R:localhost/127.0.0.1:29456]' for 'GET' to 'http://localhost:29456/session/4f7983fa5bd31c2b0149b601f626cf35/url'
12:03:33.202 [Forwarding getCurrentUrl on session 4f7983fa5bd31c2b0149b601f626cf35 to remote] DEBUG org.asynchttpclient.netty.request.NettyRequestSender - Using open Channel [id: 0x126107ef, L:/127.0.0.1:62819 - R:localhost/127.0.0.1:29456] for GET '/session/4f7983fa5bd31c2b0149b601f626cf35/url'
12:03:33.207 [AsyncHttpClient-1-2] DEBUG org.asynchttpclient.netty.handler.HttpHandler - 

Request DefaultFullHttpRequest(decodeResult: success, version: HTTP/1.1, content: EmptyByteBufBE)
GET /session/4f7983fa5bd31c2b0149b601f626cf35/url HTTP/1.1
User-Agent: selenium/4.8.1 (java windows)
Cache-Control: no-cache
Content-Type: application/json; charset=utf-8
host: localhost:29456
accept: */*

Response DefaultHttpResponse(decodeResult: success, version: HTTP/1.1)
HTTP/1.1 200 OK
Content-Length: 42
Content-Type: application/json; charset=utf-8
cache-control: no-cache

12:03:33.208 [AsyncHttpClient-1-2] DEBUG org.asynchttpclient.netty.channel.ChannelManager - Adding key: http://localhost:29456 for channel [id: 0x126107ef, L:/127.0.0.1:62819 - R:localhost/127.0.0.1:29456]
12:03:33.209 [Forwarding screenshot on session 4f7983fa5bd31c2b0149b601f626cf35 to remote] DEBUG org.asynchttpclient.netty.request.NettyRequestSender - Using pooled Channel '[id: 0x126107ef, L:/127.0.0.1:62819 - R:localhost/127.0.0.1:29456]' for 'GET' to 'http://localhost:29456/session/4f7983fa5bd31c2b0149b601f626cf35/screenshot'
12:03:33.209 [Forwarding screenshot on session 4f7983fa5bd31c2b0149b601f626cf35 to remote] DEBUG org.asynchttpclient.netty.request.NettyRequestSender - Using open Channel [id: 0x126107ef, L:/127.0.0.1:62819 - R:localhost/127.0.0.1:29456] for GET '/session/4f7983fa5bd31c2b0149b601f626cf35/screenshot'
12:03:33.408 [AsyncHttpClient-1-2] DEBUG org.asynchttpclient.netty.handler.HttpHandler - 

Request DefaultFullHttpRequest(decodeResult: success, version: HTTP/1.1, content: EmptyByteBufBE)
GET /session/4f7983fa5bd31c2b0149b601f626cf35/screenshot HTTP/1.1
User-Agent: selenium/4.8.1 (java windows)
Cache-Control: no-cache
Content-Type: application/json; charset=utf-8
host: localhost:29456
accept: */*

Response DefaultHttpResponse(decodeResult: success, version: HTTP/1.1)
HTTP/1.1 200 OK
Content-Length: 155556
Content-Type: application/json; charset=utf-8
cache-control: no-cache

12:03:33.409 [AsyncHttpClient-1-2] DEBUG org.asynchttpclient.netty.channel.ChannelManager - Adding key: http://localhost:29456 for channel [id: 0x126107ef, L:/127.0.0.1:62819 - R:localhost/127.0.0.1:29456]
12:03:33.414 [main] DEBUG net.serenitybdd.core.photography.Darkroom - Send negative for processing for target\site\serenity\10e9c6f6296679ddade9fbb0fa0feee51bcb2a11aec18d23ea90287fa8763902.png
12:03:33.415 [Darkroom Processing Line] DEBUG net.serenitybdd.core.photography.DarkroomProcessingLine - Processing screenshot image in /var/screenshots/screenshot-16101597627570034484
12:03:33.415 [Darkroom Processing Line] DEBUG net.serenitybdd.core.photography.DarkroomProcessingLine - Saving screenshot to target\site\serenity\10e9c6f6296679ddade9fbb0fa0feee51bcb2a11aec18d23ea90287fa8763902.png
12:03:33.417 [Forwarding getPageSource on session 4f7983fa5bd31c2b0149b601f626cf35 to remote] DEBUG org.asynchttpclient.netty.request.NettyRequestSender - Using pooled Channel '[id: 0x126107ef, L:/127.0.0.1:62819 - R:localhost/127.0.0.1:29456]' for 'POST' to 'http://localhost:29456/session/4f7983fa5bd31c2b0149b601f626cf35/execute/sync'
12:03:33.417 [Forwarding getPageSource on session 4f7983fa5bd31c2b0149b601f626cf35 to remote] DEBUG org.asynchttpclient.netty.request.NettyRequestSender - Using open Channel [id: 0x126107ef, L:/127.0.0.1:62819 - R:localhost/127.0.0.1:29456] for POST '/session/4f7983fa5bd31c2b0149b601f626cf35/execute/sync'
12:03:33.432 [AsyncHttpClient-1-2] DEBUG org.asynchttpclient.netty.handler.HttpHandler - 

Request DefaultHttpRequest(decodeResult: success, version: HTTP/1.1)
POST /session/4f7983fa5bd31c2b0149b601f626cf35/execute/sync HTTP/1.1
User-Agent: selenium/4.8.1 (java windows)
Content-Length: 176
Content-Type: application/json; charset=utf-8
host: localhost:29456
accept: */*

Response DefaultHttpResponse(decodeResult: success, version: HTTP/1.1)
HTTP/1.1 200 OK
Content-Length: 103920
Content-Type: application/json; charset=utf-8
cache-control: no-cache

12:03:33.433 [AsyncHttpClient-1-2] DEBUG org.asynchttpclient.netty.channel.ChannelManager - Adding key: http://localhost:29456 for channel [id: 0x126107ef, L:/127.0.0.1:62819 - R:localhost/127.0.0.1:29456]
12:03:33.440 [Forwarding getCurrentUrl on session 4f7983fa5bd31c2b0149b601f626cf35 to remote] DEBUG org.asynchttpclient.netty.request.NettyRequestSender - Using pooled Channel '[id: 0x126107ef, L:/127.0.0.1:62819 - R:localhost/127.0.0.1:29456]' for 'GET' to 'http://localhost:29456/session/4f7983fa5bd31c2b0149b601f626cf35/url'
12:03:33.440 [Forwarding getCurrentUrl on session 4f7983fa5bd31c2b0149b601f626cf35 to remote] DEBUG org.asynchttpclient.netty.request.NettyRequestSender - Using open Channel [id: 0x126107ef, L:/127.0.0.1:62819 - R:localhost/127.0.0.1:29456] for GET '/session/4f7983fa5bd31c2b0149b601f626cf35/url'
12:03:33.446 [AsyncHttpClient-1-2] DEBUG org.asynchttpclient.netty.handler.HttpHandler - 

Request DefaultFullHttpRequest(decodeResult: success, version: HTTP/1.1, content: EmptyByteBufBE)
GET /session/4f7983fa5bd31c2b0149b601f626cf35/url HTTP/1.1
User-Agent: selenium/4.8.1 (java windows)
Cache-Control: no-cache
Content-Type: application/json; charset=utf-8
host: localhost:29456
accept: */*

Response DefaultHttpResponse(decodeResult: success, version: HTTP/1.1)
HTTP/1.1 200 OK
Content-Length: 42
Content-Type: application/json; charset=utf-8
cache-control: no-cache

12:03:33.446 [AsyncHttpClient-1-2] DEBUG org.asynchttpclient.netty.channel.ChannelManager - Adding key: http://localhost:29456 for channel [id: 0x126107ef, L:/127.0.0.1:62819 - R:localhost/127.0.0.1:29456]
12:03:33.450 [main] DEBUG net.thucydides.core.steps.StepInterceptor - STARTING STEP: LoginSteps.onTheHomePage - validateOnTheHomePage
12:03:33.455 [Forwarding findElement on session 4f7983fa5bd31c2b0149b601f626cf35 to remote] DEBUG org.asynchttpclient.netty.request.NettyRequestSender - Using pooled Channel '[id: 0x126107ef, L:/127.0.0.1:62819 - R:localhost/127.0.0.1:29456]' for 'POST' to 'http://localhost:29456/session/4f7983fa5bd31c2b0149b601f626cf35/element'
12:03:33.455 [Forwarding findElement on session 4f7983fa5bd31c2b0149b601f626cf35 to remote] DEBUG org.asynchttpclient.netty.request.NettyRequestSender - Using open Channel [id: 0x126107ef, L:/127.0.0.1:62819 - R:localhost/127.0.0.1:29456] for POST '/session/4f7983fa5bd31c2b0149b601f626cf35/element'
12:03:33.469 [AsyncHttpClient-1-2] DEBUG org.asynchttpclient.netty.handler.HttpHandler - 

Request DefaultHttpRequest(decodeResult: success, version: HTTP/1.1)
POST /session/4f7983fa5bd31c2b0149b601f626cf35/element HTTP/1.1
User-Agent: selenium/4.8.1 (java windows)
Content-Length: 54
Content-Type: application/json; charset=utf-8
host: localhost:29456
accept: */*

Response DefaultHttpResponse(decodeResult: success, version: HTTP/1.1)
HTTP/1.1 200 OK
Content-Length: 88
Content-Type: application/json; charset=utf-8
cache-control: no-cache

12:03:33.470 [AsyncHttpClient-1-2] DEBUG org.asynchttpclient.netty.channel.ChannelManager - Adding key: http://localhost:29456 for channel [id: 0x126107ef, L:/127.0.0.1:62819 - R:localhost/127.0.0.1:29456]
12:03:33.474 [Forwarding isElementDisplayed on session 4f7983fa5bd31c2b0149b601f626cf35 to remote] DEBUG org.asynchttpclient.netty.request.NettyRequestSender - Using pooled Channel '[id: 0x126107ef, L:/127.0.0.1:62819 - R:localhost/127.0.0.1:29456]' for 'POST' to 'http://localhost:29456/session/4f7983fa5bd31c2b0149b601f626cf35/execute/sync'
12:03:33.474 [Forwarding isElementDisplayed on session 4f7983fa5bd31c2b0149b601f626cf35 to remote] DEBUG org.asynchttpclient.netty.request.NettyRequestSender - Using open Channel [id: 0x126107ef, L:/127.0.0.1:62819 - R:localhost/127.0.0.1:29456] for POST '/session/4f7983fa5bd31c2b0149b601f626cf35/execute/sync'
12:03:33.494 [AsyncHttpClient-1-2] DEBUG org.asynchttpclient.netty.handler.HttpHandler - 

Request DefaultHttpRequest(decodeResult: success, version: HTTP/1.1)
POST /session/4f7983fa5bd31c2b0149b601f626cf35/execute/sync HTTP/1.1
User-Agent: selenium/4.8.1 (java windows)
Content-Length: 48807
Content-Type: application/json; charset=utf-8
host: localhost:29456
accept: */*

Response DefaultHttpResponse(decodeResult: success, version: HTTP/1.1)
HTTP/1.1 200 OK
Content-Length: 14
Content-Type: application/json; charset=utf-8
cache-control: no-cache

12:03:33.494 [AsyncHttpClient-1-2] DEBUG org.asynchttpclient.netty.channel.ChannelManager - Adding key: http://localhost:29456 for channel [id: 0x126107ef, L:/127.0.0.1:62819 - R:localhost/127.0.0.1:29456]
12:03:33.502 [Forwarding getAlertText on session 4f7983fa5bd31c2b0149b601f626cf35 to remote] DEBUG org.asynchttpclient.netty.request.NettyRequestSender - Using pooled Channel '[id: 0x126107ef, L:/127.0.0.1:62819 - R:localhost/127.0.0.1:29456]' for 'GET' to 'http://localhost:29456/session/4f7983fa5bd31c2b0149b601f626cf35/alert/text'
12:03:33.502 [Forwarding getAlertText on session 4f7983fa5bd31c2b0149b601f626cf35 to remote] DEBUG org.asynchttpclient.netty.request.NettyRequestSender - Using open Channel [id: 0x126107ef, L:/127.0.0.1:62819 - R:localhost/127.0.0.1:29456] for GET '/session/4f7983fa5bd31c2b0149b601f626cf35/alert/text'
12:03:33.504 [AsyncHttpClient-1-2] DEBUG org.asynchttpclient.netty.handler.HttpHandler - 

Request DefaultFullHttpRequest(decodeResult: success, version: HTTP/1.1, content: EmptyByteBufBE)
GET /session/4f7983fa5bd31c2b0149b601f626cf35/alert/text HTTP/1.1
User-Agent: selenium/4.8.1 (java windows)
Cache-Control: no-cache
Content-Type: application/json; charset=utf-8
host: localhost:29456
accept: */*

Response DefaultHttpResponse(decodeResult: success, version: HTTP/1.1)
HTTP/1.1 404 Not Found
Content-Length: 821
Content-Type: application/json; charset=utf-8
cache-control: no-cache

12:03:33.504 [AsyncHttpClient-1-2] DEBUG org.asynchttpclient.netty.channel.ChannelManager - Adding key: http://localhost:29456 for channel [id: 0x126107ef, L:/127.0.0.1:62819 - R:localhost/127.0.0.1:29456]
12:03:33.506 [Forwarding getCurrentUrl on session 4f7983fa5bd31c2b0149b601f626cf35 to remote] DEBUG org.asynchttpclient.netty.request.NettyRequestSender - Using pooled Channel '[id: 0x126107ef, L:/127.0.0.1:62819 - R:localhost/127.0.0.1:29456]' for 'GET' to 'http://localhost:29456/session/4f7983fa5bd31c2b0149b601f626cf35/url'
12:03:33.506 [Forwarding getCurrentUrl on session 4f7983fa5bd31c2b0149b601f626cf35 to remote] DEBUG org.asynchttpclient.netty.request.NettyRequestSender - Using open Channel [id: 0x126107ef, L:/127.0.0.1:62819 - R:localhost/127.0.0.1:29456] for GET '/session/4f7983fa5bd31c2b0149b601f626cf35/url'
12:03:33.510 [AsyncHttpClient-1-2] DEBUG org.asynchttpclient.netty.handler.HttpHandler - 

Request DefaultFullHttpRequest(decodeResult: success, version: HTTP/1.1, content: EmptyByteBufBE)
GET /session/4f7983fa5bd31c2b0149b601f626cf35/url HTTP/1.1
User-Agent: selenium/4.8.1 (java windows)
Cache-Control: no-cache
Content-Type: application/json; charset=utf-8
host: localhost:29456
accept: */*

Response DefaultHttpResponse(decodeResult: success, version: HTTP/1.1)
HTTP/1.1 200 OK
Content-Length: 42
Content-Type: application/json; charset=utf-8
cache-control: no-cache

12:03:33.510 [AsyncHttpClient-1-2] DEBUG org.asynchttpclient.netty.channel.ChannelManager - Adding key: http://localhost:29456 for channel [id: 0x126107ef, L:/127.0.0.1:62819 - R:localhost/127.0.0.1:29456]
12:03:33.513 [Forwarding screenshot on session 4f7983fa5bd31c2b0149b601f626cf35 to remote] DEBUG org.asynchttpclient.netty.request.NettyRequestSender - Using pooled Channel '[id: 0x126107ef, L:/127.0.0.1:62819 - R:localhost/127.0.0.1:29456]' for 'GET' to 'http://localhost:29456/session/4f7983fa5bd31c2b0149b601f626cf35/screenshot'
12:03:33.513 [Forwarding screenshot on session 4f7983fa5bd31c2b0149b601f626cf35 to remote] DEBUG org.asynchttpclient.netty.request.NettyRequestSender - Using open Channel [id: 0x126107ef, L:/127.0.0.1:62819 - R:localhost/127.0.0.1:29456] for GET '/session/4f7983fa5bd31c2b0149b601f626cf35/screenshot'
12:03:33.696 [AsyncHttpClient-1-2] DEBUG org.asynchttpclient.netty.handler.HttpHandler - 

Request DefaultFullHttpRequest(decodeResult: success, version: HTTP/1.1, content: EmptyByteBufBE)
GET /session/4f7983fa5bd31c2b0149b601f626cf35/screenshot HTTP/1.1
User-Agent: selenium/4.8.1 (java windows)
Cache-Control: no-cache
Content-Type: application/json; charset=utf-8
host: localhost:29456
accept: */*

Response DefaultHttpResponse(decodeResult: success, version: HTTP/1.1)
HTTP/1.1 200 OK
Content-Length: 156624
Content-Type: application/json; charset=utf-8
cache-control: no-cache

12:03:33.697 [AsyncHttpClient-1-2] DEBUG org.asynchttpclient.netty.channel.ChannelManager - Adding key: http://localhost:29456 for channel [id: 0x126107ef, L:/127.0.0.1:62819 - R:localhost/127.0.0.1:29456]
12:03:33.704 [main] DEBUG net.serenitybdd.core.photography.Darkroom - Send negative for processing for target\site\serenity\a49dd6dae5027d3569f17f539c5ec7e6203d6df6f0f6b9a6d1482fa202b58b54.png
12:03:33.704 [main] DEBUG net.thucydides.core.steps.StepInterceptor - STEP DONE: validateOnTheHomePage
12:03:33.704 [Darkroom Processing Line] DEBUG net.serenitybdd.core.photography.DarkroomProcessingLine - Processing screenshot image in /var/screenshots/screenshot-17490222339716022662
12:03:33.704 [Darkroom Processing Line] DEBUG net.serenitybdd.core.photography.DarkroomProcessingLine - Saving screenshot to target\site\serenity\a49dd6dae5027d3569f17f539c5ec7e6203d6df6f0f6b9a6d1482fa202b58b54.png
  &amp#27;[32mThen &amp#27;[0m&amp#27;[32mi am on the home page&amp#27;[0m      &amp#27;[90m# starter.stepdefinitions.LoginSteps.onTheHomePage()&amp#27;[0m
12:03:33.720 [main] INFO  - 
  _____   ___   ___   _____     ___     _     ___   ___   ___   ___  
 |_   _| | __| / __| |_   _|   | _ \   /_\   / __| / __| | __| |   \ 
   | |   | _|  \__ \   | |     |  _/  / _ \  \__ \ \__ \ | _|  | |) |
   |_|   |___| |___/   |_|     |_|   /_/ \_\ |___/ |___/ |___| |___/ 

as a user i can login
----------------------------------------------------------------------
12:03:33.807 [Driver Command Executor] DEBUG org.asynchttpclient.netty.request.NettyRequestSender - Using pooled Channel '[id: 0x126107ef, L:/127.0.0.1:62819 - R:localhost/127.0.0.1:29456]' for 'DELETE' to 'http://localhost:29456/session/4f7983fa5bd31c2b0149b601f626cf35'
12:03:33.807 [Driver Command Executor] DEBUG org.asynchttpclient.netty.request.NettyRequestSender - Using open Channel [id: 0x126107ef, L:/127.0.0.1:62819 - R:localhost/127.0.0.1:29456] for DELETE '/session/4f7983fa5bd31c2b0149b601f626cf35'
12:03:33.811 [AsyncHttpClient-1-4] DEBUG org.asynchttpclient.netty.handler.WebSocketHandler - Channel Closed: [id: 0xcf697912, L:/127.0.0.1:62828 ! R:localhost/127.0.0.1:62821] with attribute NettyResponseFuture{currentRetry=0,
	isDone=1,
	isCancelled=0,
	asyncHandler=org.asynchttpclient.ws.WebSocketUpgradeHandler@2b2f35d7,
	nettyRequest=org.asynchttpclient.netty.request.NettyRequest@41e71129,
	future=java.util.concurrent.CompletableFuture@4e1d2c8e[Completed normally],
	uri=ws://localhost:62821/devtools/browser/3534f8d6-da94-4459-9b4f-890ab5168f6e,
	keepAlive=true,
	redirectCount=0,
	timeoutsHolder=null,
	inAuth=0,
	touch=1683263006048}
12:03:33.812 [AsyncHttpClient-1-4] DEBUG org.asynchttpclient.netty.channel.ChannelManager - Closing Channel [id: 0xcf697912, L:/127.0.0.1:62828 ! R:localhost/127.0.0.1:62821] 
12:03:33.887 [AsyncHttpClient-1-3] DEBUG org.asynchttpclient.netty.handler.HttpHandler - Unexpected I/O exception on channel [id: 0xaaa1b32c, L:/127.0.0.1:62827 - R:localhost/127.0.0.1:62821]
java.net.SocketException: Connection reset
	at java.base/sun.nio.ch.SocketChannelImpl.throwConnectionReset(SocketChannelImpl.java:401)
	at java.base/sun.nio.ch.SocketChannelImpl.read(SocketChannelImpl.java:434)
	at io.netty.buffer.PooledByteBuf.setBytes(PooledByteBuf.java:259)
	at io.netty.buffer.AbstractByteBuf.writeBytes(AbstractByteBuf.java:1132)
	at io.netty.channel.socket.nio.NioSocketChannel.doReadBytes(NioSocketChannel.java:357)
	at io.netty.channel.nio.AbstractNioByteChannel$NioByteUnsafe.read(AbstractNioByteChannel.java:151)
	at io.netty.channel.nio.NioEventLoop.processSelectedKey(NioEventLoop.java:788)
	at io.netty.channel.nio.NioEventLoop.processSelectedKeysOptimized(NioEventLoop.java:724)
	at io.netty.channel.nio.NioEventLoop.processSelectedKeys(NioEventLoop.java:650)
	at io.netty.channel.nio.NioEventLoop.run(NioEventLoop.java:562)
	at io.netty.util.concurrent.SingleThreadEventExecutor$4.run(SingleThreadEventExecutor.java:997)
	at io.netty.util.internal.ThreadExecutorMap$2.run(ThreadExecutorMap.java:74)
	at io.netty.util.concurrent.FastThreadLocalRunnable.run(FastThreadLocalRunnable.java:30)
	at java.base/java.lang.Thread.run(Thread.java:1589)
12:03:33.887 [AsyncHttpClient-1-3] DEBUG org.asynchttpclient.netty.channel.ChannelManager - Closing Channel [id: 0xaaa1b32c, L:/127.0.0.1:62827 - R:localhost/127.0.0.1:62821] 
12:03:33.889 [AsyncHttpClient-1-3] DEBUG org.asynchttpclient.netty.handler.HttpHandler - Channel Closed: [id: 0xaaa1b32c, L:/127.0.0.1:62827 ! R:localhost/127.0.0.1:62821] with attribute DISCARD
12:03:33.965 [AsyncHttpClient-1-2] DEBUG org.asynchttpclient.netty.handler.HttpHandler - 

Request DefaultFullHttpRequest(decodeResult: success, version: HTTP/1.1, content: EmptyByteBufBE)
DELETE /session/4f7983fa5bd31c2b0149b601f626cf35 HTTP/1.1
User-Agent: selenium/4.8.1 (java windows)
Content-Type: application/json; charset=utf-8
host: localhost:29456
accept: */*

Response DefaultHttpResponse(decodeResult: success, version: HTTP/1.1)
HTTP/1.1 200 OK
Content-Length: 14
Content-Type: application/json; charset=utf-8
cache-control: no-cache

12:03:33.965 [AsyncHttpClient-1-2] DEBUG org.asynchttpclient.netty.channel.ChannelManager - Adding key: http://localhost:29456 for channel [id: 0x126107ef, L:/127.0.0.1:62819 - R:localhost/127.0.0.1:29456]
12:03:34.049 [AsyncHttpClient-1-2] DEBUG org.asynchttpclient.netty.handler.HttpHandler - Channel Closed: [id: 0x126107ef, L:/127.0.0.1:62819 ! R:localhost/127.0.0.1:29456] with attribute DISCARD
]]></system-out>
    <system-err><![CDATA[Starting ChromeDriver 112.0.5615.49 (bd2a7bcb881c11e8cfe3078709382934e3916914-refs/branch-heads/5615@{#936}) on port 29456
Only local connections are allowed.
Please see https://chromedriver.chromium.org/security-considerations for suggestions on keeping ChromeDriver safe.
ChromeDriver was started successfully.
May 05, 2023 12:03:26 PM org.openqa.selenium.devtools.CdpVersionFinder findNearestMatch
WARNING: Unable to find an exact match for CDP version 112, so returning the closest version found: 110
]]></system-err>
  </testcase>
  <testcase name="As a user I can&apos;t login successfully" classname="login sepulsa #1" time="10.181">
    <system-out><![CDATA[
@login @userB
Scenario: As a user I can't login successfully                                                                                     &amp#27;[90m# src/test/resources/features/login.feature:13&amp#27;[0m
12:03:34.153 [main] DEBUG io.cucumber.core.plugin.SerenityReporter - Running feature from file:///C:/Users/WINDOWS%2011/IdeaProjects/Prioritas2-Web-Test/src/test/resources/features/login.feature
12:03:34.156 [main] INFO  - 
  _____   ___   ___   _____     ___   _____     _     ___   _____   ___   ___  
 |_   _| | __| / __| |_   _|   / __| |_   _|   /_\   | _ \ |_   _| | __| |   \ 
   | |   | _|  \__ \   | |     \__ \   | |    / _ \  |   /   | |   | _|  | |) |
   |_|   |___| |___/   |_|     |___/   |_|   /_/ \_\ |_|_\   |_|   |___| |___/ 

As a user I can't login successfully(login-sepulsa;as-a-user-i-can-t-login-successfully)
--------------------------------------------------------------------------------
12:03:34.262 [AsyncHttpClient-1-1] DEBUG org.asynchttpclient.netty.channel.DefaultChannelPool - Entry count for : http://localhost:29456 : 1
12:03:34.262 [AsyncHttpClient-1-1] DEBUG org.asynchttpclient.netty.channel.DefaultChannelPool - Entry count for : http://localhost:62821 : 1
12:03:34.262 [AsyncHttpClient-1-1] DEBUG org.asynchttpclient.netty.channel.DefaultChannelPool - Adding Candidate expired Channel [id: 0x126107ef, L:/127.0.0.1:62819 ! R:localhost/127.0.0.1:29456] isIdleTimeoutExpired=false isRemotelyClosed=true isTtlExpired=false
12:03:34.262 [AsyncHttpClient-1-1] DEBUG org.asynchttpclient.netty.channel.DefaultChannelPool - Closing Idle Channel [id: 0x126107ef, L:/127.0.0.1:62819 ! R:localhost/127.0.0.1:29456]
12:03:34.263 [AsyncHttpClient-1-1] DEBUG org.asynchttpclient.netty.channel.DefaultChannelPool - Adding Candidate expired Channel [id: 0xaaa1b32c, L:/127.0.0.1:62827 ! R:localhost/127.0.0.1:62821] isIdleTimeoutExpired=false isRemotelyClosed=true isTtlExpired=false
12:03:34.263 [AsyncHttpClient-1-1] DEBUG org.asynchttpclient.netty.channel.DefaultChannelPool - Closing Idle Channel [id: 0xaaa1b32c, L:/127.0.0.1:62827 ! R:localhost/127.0.0.1:62821]
12:03:34.263 [AsyncHttpClient-1-1] DEBUG org.asynchttpclient.netty.channel.DefaultChannelPool - Closed 2 connections out of 2 in 1 ms
12:03:34.279 [main] INFO net.serenitybdd.core.webdriver.driverproviders.ChromeDriverProvider - Starting Chrome driver instance with capabilities:
12:03:34.279 [main] INFO net.serenitybdd.core.webdriver.driverproviders.ChromeDriverProvider - Capabilities {acceptInsecureCerts: false, browserName: chrome, goog:chromeOptions: {args: [remote-allow-origins=*], extensions: []}}
12:03:34.402 [AsyncHttpClient-1-5] DEBUG org.asynchttpclient.netty.channel.NettyConnectListener - Using new Channel '[id: 0x13dea5aa, L:/127.0.0.1:62864 - R:localhost/127.0.0.1:47468]' for 'POST' to '/session'
12:03:35.811 [AsyncHttpClient-1-5] DEBUG org.asynchttpclient.netty.handler.HttpHandler - 

Request DefaultHttpRequest(decodeResult: success, version: HTTP/1.1)
POST /session HTTP/1.1
User-Agent: selenium/4.8.1 (java windows)
Content-Length: 507
Content-Type: application/json; charset=utf-8
host: localhost:47468
accept: */*

Response DefaultHttpResponse(decodeResult: success, version: HTTP/1.1)
HTTP/1.1 200 OK
Content-Length: 861
Content-Type: application/json; charset=utf-8
cache-control: no-cache

12:03:35.811 [AsyncHttpClient-1-5] DEBUG org.asynchttpclient.netty.channel.ChannelManager - Adding key: http://localhost:47468 for channel [id: 0x13dea5aa, L:/127.0.0.1:62864 - R:localhost/127.0.0.1:47468]
12:03:35.823 [AsyncHttpClient-1-6] DEBUG org.asynchttpclient.netty.channel.NettyConnectListener - Using new Channel '[id: 0xe669f0c4, L:/127.0.0.1:62873 - R:localhost/127.0.0.1:62866]' for 'GET' to '/json/version'
12:03:35.826 [AsyncHttpClient-1-6] DEBUG org.asynchttpclient.netty.handler.HttpHandler - 

Request DefaultFullHttpRequest(decodeResult: success, version: HTTP/1.1, content: EmptyByteBufBE)
GET /json/version HTTP/1.1
User-Agent: selenium/4.8.1 (java windows)
host: localhost:62866
accept: */*

Response DefaultHttpResponse(decodeResult: success, version: HTTP/1.1)
HTTP/1.1 200 OK
Content-Security-Policy: frame-ancestors 'none'
Content-Length: 424
Content-Type: application/json; charset=UTF-8

12:03:35.826 [AsyncHttpClient-1-6] DEBUG org.asynchttpclient.netty.channel.ChannelManager - Adding key: http://localhost:62866 for channel [id: 0xe669f0c4, L:/127.0.0.1:62873 - R:localhost/127.0.0.1:62866]
12:03:35.830 [AsyncHttpClient-1-7] DEBUG org.asynchttpclient.netty.channel.NettyConnectListener - Using new Channel '[id: 0x5c966acb, L:/127.0.0.1:62874 - R:localhost/127.0.0.1:62866]' for 'GET' to '/devtools/browser/4f5417a3-221c-4412-bb60-abbc7303712b'
12:03:35.833 [AsyncHttpClient-1-7] DEBUG org.asynchttpclient.netty.handler.WebSocketHandler - 

Request DefaultFullHttpRequest(decodeResult: success, version: HTTP/1.1, content: EmptyByteBufBE)
GET /devtools/browser/4f5417a3-221c-4412-bb60-abbc7303712b HTTP/1.1
upgrade: websocket
connection: upgrade
sec-websocket-key: zwfdR2mHWtQGntzZqL+e/Q==
sec-websocket-version: 13
origin: http://localhost:62866
host: localhost:62866
accept: */*
user-agent: AHC/2.1

Response DefaultHttpResponse(decodeResult: success, version: HTTP/1.1)
HTTP/1.1 101 WebSocket Protocol Handshake
Upgrade: WebSocket
Connection: Upgrade
Sec-WebSocket-Accept: d5pvxEM7188I/8Foqy0RfuTCZj4=

12:03:35.840 [Forwarding get on session 093dacd7b42fd302b93dc2486ac53ba8 to remote] DEBUG org.asynchttpclient.netty.request.NettyRequestSender - Using pooled Channel '[id: 0x13dea5aa, L:/127.0.0.1:62864 - R:localhost/127.0.0.1:47468]' for 'POST' to 'http://localhost:47468/session/093dacd7b42fd302b93dc2486ac53ba8/url'
12:03:35.840 [Forwarding get on session 093dacd7b42fd302b93dc2486ac53ba8 to remote] DEBUG org.asynchttpclient.netty.request.NettyRequestSender - Using open Channel [id: 0x13dea5aa, L:/127.0.0.1:62864 - R:localhost/127.0.0.1:47468] for POST '/session/093dacd7b42fd302b93dc2486ac53ba8/url'
12:03:36.454 [AsyncHttpClient-1-1] DEBUG org.asynchttpclient.netty.channel.DefaultChannelPool - Entry count for : http://localhost:62866 : 1
12:03:37.562 [AsyncHttpClient-1-1] DEBUG org.asynchttpclient.netty.channel.DefaultChannelPool - Entry count for : http://localhost:62866 : 1
12:03:37.809 [AsyncHttpClient-1-5] DEBUG org.asynchttpclient.netty.handler.HttpHandler - 

Request DefaultHttpRequest(decodeResult: success, version: HTTP/1.1)
POST /session/093dacd7b42fd302b93dc2486ac53ba8/url HTTP/1.1
User-Agent: selenium/4.8.1 (java windows)
Content-Length: 54
Content-Type: application/json; charset=utf-8
host: localhost:47468
accept: */*

Response DefaultHttpResponse(decodeResult: success, version: HTTP/1.1)
HTTP/1.1 200 OK
Content-Length: 14
Content-Type: application/json; charset=utf-8
cache-control: no-cache

12:03:37.809 [AsyncHttpClient-1-5] DEBUG org.asynchttpclient.netty.channel.ChannelManager - Adding key: http://localhost:47468 for channel [id: 0x13dea5aa, L:/127.0.0.1:62864 - R:localhost/127.0.0.1:47468]
12:03:37.810 [Forwarding setTimeout on session 093dacd7b42fd302b93dc2486ac53ba8 to remote] DEBUG org.asynchttpclient.netty.request.NettyRequestSender - Using pooled Channel '[id: 0x13dea5aa, L:/127.0.0.1:62864 - R:localhost/127.0.0.1:47468]' for 'POST' to 'http://localhost:47468/session/093dacd7b42fd302b93dc2486ac53ba8/timeouts'
12:03:37.810 [Forwarding setTimeout on session 093dacd7b42fd302b93dc2486ac53ba8 to remote] DEBUG org.asynchttpclient.netty.request.NettyRequestSender - Using open Channel [id: 0x13dea5aa, L:/127.0.0.1:62864 - R:localhost/127.0.0.1:47468] for POST '/session/093dacd7b42fd302b93dc2486ac53ba8/timeouts'
12:03:37.811 [AsyncHttpClient-1-5] DEBUG org.asynchttpclient.netty.handler.HttpHandler - 

Request DefaultHttpRequest(decodeResult: success, version: HTTP/1.1)
POST /session/093dacd7b42fd302b93dc2486ac53ba8/timeouts HTTP/1.1
User-Agent: selenium/4.8.1 (java windows)
Content-Length: 22
Content-Type: application/json; charset=utf-8
host: localhost:47468
accept: */*

Response DefaultHttpResponse(decodeResult: success, version: HTTP/1.1)
HTTP/1.1 200 OK
Content-Length: 14
Content-Type: application/json; charset=utf-8
cache-control: no-cache

12:03:37.812 [AsyncHttpClient-1-5] DEBUG org.asynchttpclient.netty.channel.ChannelManager - Adding key: http://localhost:47468 for channel [id: 0x13dea5aa, L:/127.0.0.1:62864 - R:localhost/127.0.0.1:47468]
12:03:37.829 [Forwarding getAlertText on session 093dacd7b42fd302b93dc2486ac53ba8 to remote] DEBUG org.asynchttpclient.netty.request.NettyRequestSender - Using pooled Channel '[id: 0x13dea5aa, L:/127.0.0.1:62864 - R:localhost/127.0.0.1:47468]' for 'GET' to 'http://localhost:47468/session/093dacd7b42fd302b93dc2486ac53ba8/alert/text'
12:03:37.829 [Forwarding getAlertText on session 093dacd7b42fd302b93dc2486ac53ba8 to remote] DEBUG org.asynchttpclient.netty.request.NettyRequestSender - Using open Channel [id: 0x13dea5aa, L:/127.0.0.1:62864 - R:localhost/127.0.0.1:47468] for GET '/session/093dacd7b42fd302b93dc2486ac53ba8/alert/text'
12:03:37.833 [AsyncHttpClient-1-5] DEBUG org.asynchttpclient.netty.handler.HttpHandler - 

Request DefaultFullHttpRequest(decodeResult: success, version: HTTP/1.1, content: EmptyByteBufBE)
GET /session/093dacd7b42fd302b93dc2486ac53ba8/alert/text HTTP/1.1
User-Agent: selenium/4.8.1 (java windows)
Cache-Control: no-cache
Content-Type: application/json; charset=utf-8
host: localhost:47468
accept: */*

Response DefaultHttpResponse(decodeResult: success, version: HTTP/1.1)
HTTP/1.1 404 Not Found
Content-Length: 821
Content-Type: application/json; charset=utf-8
cache-control: no-cache

12:03:37.833 [AsyncHttpClient-1-5] DEBUG org.asynchttpclient.netty.channel.ChannelManager - Adding key: http://localhost:47468 for channel [id: 0x13dea5aa, L:/127.0.0.1:62864 - R:localhost/127.0.0.1:47468]
12:03:37.835 [Forwarding getCurrentUrl on session 093dacd7b42fd302b93dc2486ac53ba8 to remote] DEBUG org.asynchttpclient.netty.request.NettyRequestSender - Using pooled Channel '[id: 0x13dea5aa, L:/127.0.0.1:62864 - R:localhost/127.0.0.1:47468]' for 'GET' to 'http://localhost:47468/session/093dacd7b42fd302b93dc2486ac53ba8/url'
12:03:37.835 [Forwarding getCurrentUrl on session 093dacd7b42fd302b93dc2486ac53ba8 to remote] DEBUG org.asynchttpclient.netty.request.NettyRequestSender - Using open Channel [id: 0x13dea5aa, L:/127.0.0.1:62864 - R:localhost/127.0.0.1:47468] for GET '/session/093dacd7b42fd302b93dc2486ac53ba8/url'
12:03:37.841 [AsyncHttpClient-1-5] DEBUG org.asynchttpclient.netty.handler.HttpHandler - 

Request DefaultFullHttpRequest(decodeResult: success, version: HTTP/1.1, content: EmptyByteBufBE)
GET /session/093dacd7b42fd302b93dc2486ac53ba8/url HTTP/1.1
User-Agent: selenium/4.8.1 (java windows)
Cache-Control: no-cache
Content-Type: application/json; charset=utf-8
host: localhost:47468
accept: */*

Response DefaultHttpResponse(decodeResult: success, version: HTTP/1.1)
HTTP/1.1 200 OK
Content-Length: 36
Content-Type: application/json; charset=utf-8
cache-control: no-cache

12:03:37.841 [AsyncHttpClient-1-5] DEBUG org.asynchttpclient.netty.channel.ChannelManager - Adding key: http://localhost:47468 for channel [id: 0x13dea5aa, L:/127.0.0.1:62864 - R:localhost/127.0.0.1:47468]
12:03:37.842 [Forwarding screenshot on session 093dacd7b42fd302b93dc2486ac53ba8 to remote] DEBUG org.asynchttpclient.netty.request.NettyRequestSender - Using pooled Channel '[id: 0x13dea5aa, L:/127.0.0.1:62864 - R:localhost/127.0.0.1:47468]' for 'GET' to 'http://localhost:47468/session/093dacd7b42fd302b93dc2486ac53ba8/screenshot'
12:03:37.842 [Forwarding screenshot on session 093dacd7b42fd302b93dc2486ac53ba8 to remote] DEBUG org.asynchttpclient.netty.request.NettyRequestSender - Using open Channel [id: 0x13dea5aa, L:/127.0.0.1:62864 - R:localhost/127.0.0.1:47468] for GET '/session/093dacd7b42fd302b93dc2486ac53ba8/screenshot'
12:03:37.986 [AsyncHttpClient-1-5] DEBUG org.asynchttpclient.netty.handler.HttpHandler - 

Request DefaultFullHttpRequest(decodeResult: success, version: HTTP/1.1, content: EmptyByteBufBE)
GET /session/093dacd7b42fd302b93dc2486ac53ba8/screenshot HTTP/1.1
User-Agent: selenium/4.8.1 (java windows)
Cache-Control: no-cache
Content-Type: application/json; charset=utf-8
host: localhost:47468
accept: */*

Response DefaultHttpResponse(decodeResult: success, version: HTTP/1.1)
HTTP/1.1 200 OK
Content-Length: 369120
Content-Type: application/json; charset=utf-8
cache-control: no-cache

12:03:37.989 [AsyncHttpClient-1-5] DEBUG org.asynchttpclient.netty.channel.ChannelManager - Adding key: http://localhost:47468 for channel [id: 0x13dea5aa, L:/127.0.0.1:62864 - R:localhost/127.0.0.1:47468]
12:03:37.999 [main] DEBUG net.serenitybdd.core.photography.Darkroom - Send negative for processing for target\site\serenity\8c230bb6a25a5b7726ed4fb047f964aeed79359b86308e4d62870cc5f53f89f6.png
12:03:38.000 [Forwarding getPageSource on session 093dacd7b42fd302b93dc2486ac53ba8 to remote] DEBUG org.asynchttpclient.netty.request.NettyRequestSender - Using pooled Channel '[id: 0x13dea5aa, L:/127.0.0.1:62864 - R:localhost/127.0.0.1:47468]' for 'POST' to 'http://localhost:47468/session/093dacd7b42fd302b93dc2486ac53ba8/execute/sync'
12:03:38.001 [Forwarding getPageSource on session 093dacd7b42fd302b93dc2486ac53ba8 to remote] DEBUG org.asynchttpclient.netty.request.NettyRequestSender - Using open Channel [id: 0x13dea5aa, L:/127.0.0.1:62864 - R:localhost/127.0.0.1:47468] for POST '/session/093dacd7b42fd302b93dc2486ac53ba8/execute/sync'
12:03:38.021 [AsyncHttpClient-1-5] DEBUG org.asynchttpclient.netty.handler.HttpHandler - 

Request DefaultHttpRequest(decodeResult: success, version: HTTP/1.1)
POST /session/093dacd7b42fd302b93dc2486ac53ba8/execute/sync HTTP/1.1
User-Agent: selenium/4.8.1 (java windows)
Content-Length: 176
Content-Type: application/json; charset=utf-8
host: localhost:47468
accept: */*

Response DefaultHttpResponse(decodeResult: success, version: HTTP/1.1)
HTTP/1.1 200 OK
Content-Length: 176993
Content-Type: application/json; charset=utf-8
cache-control: no-cache

12:03:38.022 [AsyncHttpClient-1-5] DEBUG org.asynchttpclient.netty.channel.ChannelManager - Adding key: http://localhost:47468 for channel [id: 0x13dea5aa, L:/127.0.0.1:62864 - R:localhost/127.0.0.1:47468]
12:03:38.031 [Forwarding getCurrentUrl on session 093dacd7b42fd302b93dc2486ac53ba8 to remote] DEBUG org.asynchttpclient.netty.request.NettyRequestSender - Using pooled Channel '[id: 0x13dea5aa, L:/127.0.0.1:62864 - R:localhost/127.0.0.1:47468]' for 'GET' to 'http://localhost:47468/session/093dacd7b42fd302b93dc2486ac53ba8/url'
12:03:38.031 [Forwarding getCurrentUrl on session 093dacd7b42fd302b93dc2486ac53ba8 to remote] DEBUG org.asynchttpclient.netty.request.NettyRequestSender - Using open Channel [id: 0x13dea5aa, L:/127.0.0.1:62864 - R:localhost/127.0.0.1:47468] for GET '/session/093dacd7b42fd302b93dc2486ac53ba8/url'
12:03:38.038 [AsyncHttpClient-1-5] DEBUG org.asynchttpclient.netty.handler.HttpHandler - 

Request DefaultFullHttpRequest(decodeResult: success, version: HTTP/1.1, content: EmptyByteBufBE)
GET /session/093dacd7b42fd302b93dc2486ac53ba8/url HTTP/1.1
User-Agent: selenium/4.8.1 (java windows)
Cache-Control: no-cache
Content-Type: application/json; charset=utf-8
host: localhost:47468
accept: */*

Response DefaultHttpResponse(decodeResult: success, version: HTTP/1.1)
HTTP/1.1 200 OK
Content-Length: 36
Content-Type: application/json; charset=utf-8
cache-control: no-cache

12:03:38.038 [AsyncHttpClient-1-5] DEBUG org.asynchttpclient.netty.channel.ChannelManager - Adding key: http://localhost:47468 for channel [id: 0x13dea5aa, L:/127.0.0.1:62864 - R:localhost/127.0.0.1:47468]
12:03:38.041 [main] DEBUG net.thucydides.core.steps.StepInterceptor - STARTING STEP: LoginSteps.onTheLoginPage - validateOnTheLoginPage
12:03:38.042 [Forwarding findElement on session 093dacd7b42fd302b93dc2486ac53ba8 to remote] DEBUG org.asynchttpclient.netty.request.NettyRequestSender - Using pooled Channel '[id: 0x13dea5aa, L:/127.0.0.1:62864 - R:localhost/127.0.0.1:47468]' for 'POST' to 'http://localhost:47468/session/093dacd7b42fd302b93dc2486ac53ba8/element'
12:03:38.042 [Forwarding findElement on session 093dacd7b42fd302b93dc2486ac53ba8 to remote] DEBUG org.asynchttpclient.netty.request.NettyRequestSender - Using open Channel [id: 0x13dea5aa, L:/127.0.0.1:62864 - R:localhost/127.0.0.1:47468] for POST '/session/093dacd7b42fd302b93dc2486ac53ba8/element'
12:03:38.054 [AsyncHttpClient-1-5] DEBUG org.asynchttpclient.netty.handler.HttpHandler - 

Request DefaultHttpRequest(decodeResult: success, version: HTTP/1.1)
POST /session/093dacd7b42fd302b93dc2486ac53ba8/element HTTP/1.1
User-Agent: selenium/4.8.1 (java windows)
Content-Length: 63
Content-Type: application/json; charset=utf-8
host: localhost:47468
accept: */*

Response DefaultHttpResponse(decodeResult: success, version: HTTP/1.1)
HTTP/1.1 200 OK
Content-Length: 88
Content-Type: application/json; charset=utf-8
cache-control: no-cache

12:03:38.055 [AsyncHttpClient-1-5] DEBUG org.asynchttpclient.netty.channel.ChannelManager - Adding key: http://localhost:47468 for channel [id: 0x13dea5aa, L:/127.0.0.1:62864 - R:localhost/127.0.0.1:47468]
12:03:38.057 [Forwarding isElementDisplayed on session 093dacd7b42fd302b93dc2486ac53ba8 to remote] DEBUG org.asynchttpclient.netty.request.NettyRequestSender - Using pooled Channel '[id: 0x13dea5aa, L:/127.0.0.1:62864 - R:localhost/127.0.0.1:47468]' for 'POST' to 'http://localhost:47468/session/093dacd7b42fd302b93dc2486ac53ba8/execute/sync'
12:03:38.057 [Forwarding isElementDisplayed on session 093dacd7b42fd302b93dc2486ac53ba8 to remote] DEBUG org.asynchttpclient.netty.request.NettyRequestSender - Using open Channel [id: 0x13dea5aa, L:/127.0.0.1:62864 - R:localhost/127.0.0.1:47468] for POST '/session/093dacd7b42fd302b93dc2486ac53ba8/execute/sync'
12:03:38.070 [AsyncHttpClient-1-5] DEBUG org.asynchttpclient.netty.handler.HttpHandler - 

Request DefaultHttpRequest(decodeResult: success, version: HTTP/1.1)
POST /session/093dacd7b42fd302b93dc2486ac53ba8/execute/sync HTTP/1.1
User-Agent: selenium/4.8.1 (java windows)
Content-Length: 48807
Content-Type: application/json; charset=utf-8
host: localhost:47468
accept: */*

Response DefaultHttpResponse(decodeResult: success, version: HTTP/1.1)
HTTP/1.1 200 OK
Content-Length: 14
Content-Type: application/json; charset=utf-8
cache-control: no-cache

12:03:38.070 [AsyncHttpClient-1-5] DEBUG org.asynchttpclient.netty.channel.ChannelManager - Adding key: http://localhost:47468 for channel [id: 0x13dea5aa, L:/127.0.0.1:62864 - R:localhost/127.0.0.1:47468]
12:03:38.077 [Forwarding getAlertText on session 093dacd7b42fd302b93dc2486ac53ba8 to remote] DEBUG org.asynchttpclient.netty.request.NettyRequestSender - Using pooled Channel '[id: 0x13dea5aa, L:/127.0.0.1:62864 - R:localhost/127.0.0.1:47468]' for 'GET' to 'http://localhost:47468/session/093dacd7b42fd302b93dc2486ac53ba8/alert/text'
12:03:38.077 [Forwarding getAlertText on session 093dacd7b42fd302b93dc2486ac53ba8 to remote] DEBUG org.asynchttpclient.netty.request.NettyRequestSender - Using open Channel [id: 0x13dea5aa, L:/127.0.0.1:62864 - R:localhost/127.0.0.1:47468] for GET '/session/093dacd7b42fd302b93dc2486ac53ba8/alert/text'
12:03:38.079 [AsyncHttpClient-1-5] DEBUG org.asynchttpclient.netty.handler.HttpHandler - 

Request DefaultFullHttpRequest(decodeResult: success, version: HTTP/1.1, content: EmptyByteBufBE)
GET /session/093dacd7b42fd302b93dc2486ac53ba8/alert/text HTTP/1.1
User-Agent: selenium/4.8.1 (java windows)
Cache-Control: no-cache
Content-Type: application/json; charset=utf-8
host: localhost:47468
accept: */*

Response DefaultHttpResponse(decodeResult: success, version: HTTP/1.1)
HTTP/1.1 404 Not Found
Content-Length: 821
Content-Type: application/json; charset=utf-8
cache-control: no-cache

12:03:38.080 [AsyncHttpClient-1-5] DEBUG org.asynchttpclient.netty.channel.ChannelManager - Adding key: http://localhost:47468 for channel [id: 0x13dea5aa, L:/127.0.0.1:62864 - R:localhost/127.0.0.1:47468]
12:03:38.081 [Forwarding getCurrentUrl on session 093dacd7b42fd302b93dc2486ac53ba8 to remote] DEBUG org.asynchttpclient.netty.request.NettyRequestSender - Using pooled Channel '[id: 0x13dea5aa, L:/127.0.0.1:62864 - R:localhost/127.0.0.1:47468]' for 'GET' to 'http://localhost:47468/session/093dacd7b42fd302b93dc2486ac53ba8/url'
12:03:38.081 [Forwarding getCurrentUrl on session 093dacd7b42fd302b93dc2486ac53ba8 to remote] DEBUG org.asynchttpclient.netty.request.NettyRequestSender - Using open Channel [id: 0x13dea5aa, L:/127.0.0.1:62864 - R:localhost/127.0.0.1:47468] for GET '/session/093dacd7b42fd302b93dc2486ac53ba8/url'
12:03:38.086 [AsyncHttpClient-1-5] DEBUG org.asynchttpclient.netty.handler.HttpHandler - 

Request DefaultFullHttpRequest(decodeResult: success, version: HTTP/1.1, content: EmptyByteBufBE)
GET /session/093dacd7b42fd302b93dc2486ac53ba8/url HTTP/1.1
User-Agent: selenium/4.8.1 (java windows)
Cache-Control: no-cache
Content-Type: application/json; charset=utf-8
host: localhost:47468
accept: */*

Response DefaultHttpResponse(decodeResult: success, version: HTTP/1.1)
HTTP/1.1 200 OK
Content-Length: 36
Content-Type: application/json; charset=utf-8
cache-control: no-cache

12:03:38.086 [AsyncHttpClient-1-5] DEBUG org.asynchttpclient.netty.channel.ChannelManager - Adding key: http://localhost:47468 for channel [id: 0x13dea5aa, L:/127.0.0.1:62864 - R:localhost/127.0.0.1:47468]
12:03:38.087 [Forwarding screenshot on session 093dacd7b42fd302b93dc2486ac53ba8 to remote] DEBUG org.asynchttpclient.netty.request.NettyRequestSender - Using pooled Channel '[id: 0x13dea5aa, L:/127.0.0.1:62864 - R:localhost/127.0.0.1:47468]' for 'GET' to 'http://localhost:47468/session/093dacd7b42fd302b93dc2486ac53ba8/screenshot'
12:03:38.087 [Forwarding screenshot on session 093dacd7b42fd302b93dc2486ac53ba8 to remote] DEBUG org.asynchttpclient.netty.request.NettyRequestSender - Using open Channel [id: 0x13dea5aa, L:/127.0.0.1:62864 - R:localhost/127.0.0.1:47468] for GET '/session/093dacd7b42fd302b93dc2486ac53ba8/screenshot'
12:03:38.222 [AsyncHttpClient-1-5] DEBUG org.asynchttpclient.netty.handler.HttpHandler - 

Request DefaultFullHttpRequest(decodeResult: success, version: HTTP/1.1, content: EmptyByteBufBE)
GET /session/093dacd7b42fd302b93dc2486ac53ba8/screenshot HTTP/1.1
User-Agent: selenium/4.8.1 (java windows)
Cache-Control: no-cache
Content-Type: application/json; charset=utf-8
host: localhost:47468
accept: */*

Response DefaultHttpResponse(decodeResult: success, version: HTTP/1.1)
HTTP/1.1 200 OK
Content-Length: 369120
Content-Type: application/json; charset=utf-8
cache-control: no-cache

12:03:38.224 [AsyncHttpClient-1-5] DEBUG org.asynchttpclient.netty.channel.ChannelManager - Adding key: http://localhost:47468 for channel [id: 0x13dea5aa, L:/127.0.0.1:62864 - R:localhost/127.0.0.1:47468]
12:03:38.230 [main] DEBUG net.serenitybdd.core.photography.Darkroom - Send negative for processing for target\site\serenity\8c230bb6a25a5b7726ed4fb047f964aeed79359b86308e4d62870cc5f53f89f6.png
12:03:38.230 [main] DEBUG net.thucydides.core.steps.StepInterceptor - STEP DONE: validateOnTheLoginPage
  &amp#27;[32mGiven &amp#27;[0m&amp#27;[32mI am on the login page&amp#27;[0m                                                                                                     &amp#27;[90m# starter.stepdefinitions.LoginSteps.onTheLoginPage()&amp#27;[0m
12:03:38.238 [Forwarding getPageSource on session 093dacd7b42fd302b93dc2486ac53ba8 to remote] DEBUG org.asynchttpclient.netty.request.NettyRequestSender - Using pooled Channel '[id: 0x13dea5aa, L:/127.0.0.1:62864 - R:localhost/127.0.0.1:47468]' for 'POST' to 'http://localhost:47468/session/093dacd7b42fd302b93dc2486ac53ba8/execute/sync'
12:03:38.238 [Forwarding getPageSource on session 093dacd7b42fd302b93dc2486ac53ba8 to remote] DEBUG org.asynchttpclient.netty.request.NettyRequestSender - Using open Channel [id: 0x13dea5aa, L:/127.0.0.1:62864 - R:localhost/127.0.0.1:47468] for POST '/session/093dacd7b42fd302b93dc2486ac53ba8/execute/sync'
12:03:38.256 [AsyncHttpClient-1-5] DEBUG org.asynchttpclient.netty.handler.HttpHandler - 

Request DefaultHttpRequest(decodeResult: success, version: HTTP/1.1)
POST /session/093dacd7b42fd302b93dc2486ac53ba8/execute/sync HTTP/1.1
User-Agent: selenium/4.8.1 (java windows)
Content-Length: 176
Content-Type: application/json; charset=utf-8
host: localhost:47468
accept: */*

Response DefaultHttpResponse(decodeResult: success, version: HTTP/1.1)
HTTP/1.1 200 OK
Content-Length: 176993
Content-Type: application/json; charset=utf-8
cache-control: no-cache

12:03:38.257 [AsyncHttpClient-1-5] DEBUG org.asynchttpclient.netty.channel.ChannelManager - Adding key: http://localhost:47468 for channel [id: 0x13dea5aa, L:/127.0.0.1:62864 - R:localhost/127.0.0.1:47468]
12:03:38.266 [Forwarding getCurrentUrl on session 093dacd7b42fd302b93dc2486ac53ba8 to remote] DEBUG org.asynchttpclient.netty.request.NettyRequestSender - Using pooled Channel '[id: 0x13dea5aa, L:/127.0.0.1:62864 - R:localhost/127.0.0.1:47468]' for 'GET' to 'http://localhost:47468/session/093dacd7b42fd302b93dc2486ac53ba8/url'
12:03:38.266 [Forwarding getCurrentUrl on session 093dacd7b42fd302b93dc2486ac53ba8 to remote] DEBUG org.asynchttpclient.netty.request.NettyRequestSender - Using open Channel [id: 0x13dea5aa, L:/127.0.0.1:62864 - R:localhost/127.0.0.1:47468] for GET '/session/093dacd7b42fd302b93dc2486ac53ba8/url'
12:03:38.272 [AsyncHttpClient-1-5] DEBUG org.asynchttpclient.netty.handler.HttpHandler - 

Request DefaultFullHttpRequest(decodeResult: success, version: HTTP/1.1, content: EmptyByteBufBE)
GET /session/093dacd7b42fd302b93dc2486ac53ba8/url HTTP/1.1
User-Agent: selenium/4.8.1 (java windows)
Cache-Control: no-cache
Content-Type: application/json; charset=utf-8
host: localhost:47468
accept: */*

Response DefaultHttpResponse(decodeResult: success, version: HTTP/1.1)
HTTP/1.1 200 OK
Content-Length: 36
Content-Type: application/json; charset=utf-8
cache-control: no-cache

12:03:38.272 [AsyncHttpClient-1-5] DEBUG org.asynchttpclient.netty.channel.ChannelManager - Adding key: http://localhost:47468 for channel [id: 0x13dea5aa, L:/127.0.0.1:62864 - R:localhost/127.0.0.1:47468]
12:03:38.282 [Forwarding getAlertText on session 093dacd7b42fd302b93dc2486ac53ba8 to remote] DEBUG org.asynchttpclient.netty.request.NettyRequestSender - Using pooled Channel '[id: 0x13dea5aa, L:/127.0.0.1:62864 - R:localhost/127.0.0.1:47468]' for 'GET' to 'http://localhost:47468/session/093dacd7b42fd302b93dc2486ac53ba8/alert/text'
12:03:38.282 [Forwarding getAlertText on session 093dacd7b42fd302b93dc2486ac53ba8 to remote] DEBUG org.asynchttpclient.netty.request.NettyRequestSender - Using open Channel [id: 0x13dea5aa, L:/127.0.0.1:62864 - R:localhost/127.0.0.1:47468] for GET '/session/093dacd7b42fd302b93dc2486ac53ba8/alert/text'
12:03:38.284 [AsyncHttpClient-1-5] DEBUG org.asynchttpclient.netty.handler.HttpHandler - 

Request DefaultFullHttpRequest(decodeResult: success, version: HTTP/1.1, content: EmptyByteBufBE)
GET /session/093dacd7b42fd302b93dc2486ac53ba8/alert/text HTTP/1.1
User-Agent: selenium/4.8.1 (java windows)
Cache-Control: no-cache
Content-Type: application/json; charset=utf-8
host: localhost:47468
accept: */*

Response DefaultHttpResponse(decodeResult: success, version: HTTP/1.1)
HTTP/1.1 404 Not Found
Content-Length: 821
Content-Type: application/json; charset=utf-8
cache-control: no-cache

12:03:38.284 [AsyncHttpClient-1-5] DEBUG org.asynchttpclient.netty.channel.ChannelManager - Adding key: http://localhost:47468 for channel [id: 0x13dea5aa, L:/127.0.0.1:62864 - R:localhost/127.0.0.1:47468]
12:03:38.285 [Forwarding getCurrentUrl on session 093dacd7b42fd302b93dc2486ac53ba8 to remote] DEBUG org.asynchttpclient.netty.request.NettyRequestSender - Using pooled Channel '[id: 0x13dea5aa, L:/127.0.0.1:62864 - R:localhost/127.0.0.1:47468]' for 'GET' to 'http://localhost:47468/session/093dacd7b42fd302b93dc2486ac53ba8/url'
12:03:38.285 [Forwarding getCurrentUrl on session 093dacd7b42fd302b93dc2486ac53ba8 to remote] DEBUG org.asynchttpclient.netty.request.NettyRequestSender - Using open Channel [id: 0x13dea5aa, L:/127.0.0.1:62864 - R:localhost/127.0.0.1:47468] for GET '/session/093dacd7b42fd302b93dc2486ac53ba8/url'
12:03:38.290 [AsyncHttpClient-1-5] DEBUG org.asynchttpclient.netty.handler.HttpHandler - 

Request DefaultFullHttpRequest(decodeResult: success, version: HTTP/1.1, content: EmptyByteBufBE)
GET /session/093dacd7b42fd302b93dc2486ac53ba8/url HTTP/1.1
User-Agent: selenium/4.8.1 (java windows)
Cache-Control: no-cache
Content-Type: application/json; charset=utf-8
host: localhost:47468
accept: */*

Response DefaultHttpResponse(decodeResult: success, version: HTTP/1.1)
HTTP/1.1 200 OK
Content-Length: 36
Content-Type: application/json; charset=utf-8
cache-control: no-cache

12:03:38.290 [AsyncHttpClient-1-5] DEBUG org.asynchttpclient.netty.channel.ChannelManager - Adding key: http://localhost:47468 for channel [id: 0x13dea5aa, L:/127.0.0.1:62864 - R:localhost/127.0.0.1:47468]
12:03:38.290 [Forwarding screenshot on session 093dacd7b42fd302b93dc2486ac53ba8 to remote] DEBUG org.asynchttpclient.netty.request.NettyRequestSender - Using pooled Channel '[id: 0x13dea5aa, L:/127.0.0.1:62864 - R:localhost/127.0.0.1:47468]' for 'GET' to 'http://localhost:47468/session/093dacd7b42fd302b93dc2486ac53ba8/screenshot'
12:03:38.290 [Forwarding screenshot on session 093dacd7b42fd302b93dc2486ac53ba8 to remote] DEBUG org.asynchttpclient.netty.request.NettyRequestSender - Using open Channel [id: 0x13dea5aa, L:/127.0.0.1:62864 - R:localhost/127.0.0.1:47468] for GET '/session/093dacd7b42fd302b93dc2486ac53ba8/screenshot'
12:03:38.438 [AsyncHttpClient-1-5] DEBUG org.asynchttpclient.netty.handler.HttpHandler - 

Request DefaultFullHttpRequest(decodeResult: success, version: HTTP/1.1, content: EmptyByteBufBE)
GET /session/093dacd7b42fd302b93dc2486ac53ba8/screenshot HTTP/1.1
User-Agent: selenium/4.8.1 (java windows)
Cache-Control: no-cache
Content-Type: application/json; charset=utf-8
host: localhost:47468
accept: */*

Response DefaultHttpResponse(decodeResult: success, version: HTTP/1.1)
HTTP/1.1 200 OK
Content-Length: 369120
Content-Type: application/json; charset=utf-8
cache-control: no-cache

12:03:38.440 [AsyncHttpClient-1-5] DEBUG org.asynchttpclient.netty.channel.ChannelManager - Adding key: http://localhost:47468 for channel [id: 0x13dea5aa, L:/127.0.0.1:62864 - R:localhost/127.0.0.1:47468]
12:03:38.453 [main] DEBUG net.serenitybdd.core.photography.Darkroom - Send negative for processing for target\site\serenity\8c230bb6a25a5b7726ed4fb047f964aeed79359b86308e4d62870cc5f53f89f6.png
12:03:38.454 [Forwarding getPageSource on session 093dacd7b42fd302b93dc2486ac53ba8 to remote] DEBUG org.asynchttpclient.netty.request.NettyRequestSender - Using pooled Channel '[id: 0x13dea5aa, L:/127.0.0.1:62864 - R:localhost/127.0.0.1:47468]' for 'POST' to 'http://localhost:47468/session/093dacd7b42fd302b93dc2486ac53ba8/execute/sync'
12:03:38.455 [Forwarding getPageSource on session 093dacd7b42fd302b93dc2486ac53ba8 to remote] DEBUG org.asynchttpclient.netty.request.NettyRequestSender - Using open Channel [id: 0x13dea5aa, L:/127.0.0.1:62864 - R:localhost/127.0.0.1:47468] for POST '/session/093dacd7b42fd302b93dc2486ac53ba8/execute/sync'
12:03:38.475 [AsyncHttpClient-1-5] DEBUG org.asynchttpclient.netty.handler.HttpHandler - 

Request DefaultHttpRequest(decodeResult: success, version: HTTP/1.1)
POST /session/093dacd7b42fd302b93dc2486ac53ba8/execute/sync HTTP/1.1
User-Agent: selenium/4.8.1 (java windows)
Content-Length: 176
Content-Type: application/json; charset=utf-8
host: localhost:47468
accept: */*

Response DefaultHttpResponse(decodeResult: success, version: HTTP/1.1)
HTTP/1.1 200 OK
Content-Length: 176993
Content-Type: application/json; charset=utf-8
cache-control: no-cache

12:03:38.477 [AsyncHttpClient-1-5] DEBUG org.asynchttpclient.netty.channel.ChannelManager - Adding key: http://localhost:47468 for channel [id: 0x13dea5aa, L:/127.0.0.1:62864 - R:localhost/127.0.0.1:47468]
12:03:38.496 [Forwarding getCurrentUrl on session 093dacd7b42fd302b93dc2486ac53ba8 to remote] DEBUG org.asynchttpclient.netty.request.NettyRequestSender - Using pooled Channel '[id: 0x13dea5aa, L:/127.0.0.1:62864 - R:localhost/127.0.0.1:47468]' for 'GET' to 'http://localhost:47468/session/093dacd7b42fd302b93dc2486ac53ba8/url'
12:03:38.496 [Forwarding getCurrentUrl on session 093dacd7b42fd302b93dc2486ac53ba8 to remote] DEBUG org.asynchttpclient.netty.request.NettyRequestSender - Using open Channel [id: 0x13dea5aa, L:/127.0.0.1:62864 - R:localhost/127.0.0.1:47468] for GET '/session/093dacd7b42fd302b93dc2486ac53ba8/url'
12:03:38.502 [AsyncHttpClient-1-5] DEBUG org.asynchttpclient.netty.handler.HttpHandler - 

Request DefaultFullHttpRequest(decodeResult: success, version: HTTP/1.1, content: EmptyByteBufBE)
GET /session/093dacd7b42fd302b93dc2486ac53ba8/url HTTP/1.1
User-Agent: selenium/4.8.1 (java windows)
Cache-Control: no-cache
Content-Type: application/json; charset=utf-8
host: localhost:47468
accept: */*

Response DefaultHttpResponse(decodeResult: success, version: HTTP/1.1)
HTTP/1.1 200 OK
Content-Length: 36
Content-Type: application/json; charset=utf-8
cache-control: no-cache

12:03:38.502 [AsyncHttpClient-1-5] DEBUG org.asynchttpclient.netty.channel.ChannelManager - Adding key: http://localhost:47468 for channel [id: 0x13dea5aa, L:/127.0.0.1:62864 - R:localhost/127.0.0.1:47468]
12:03:38.505 [main] DEBUG net.thucydides.core.steps.StepInterceptor - STARTING STEP: LoginSteps.doClickMasukButton - clickMasukLogin
12:03:38.511 [Forwarding findElement on session 093dacd7b42fd302b93dc2486ac53ba8 to remote] DEBUG org.asynchttpclient.netty.request.NettyRequestSender - Using pooled Channel '[id: 0x13dea5aa, L:/127.0.0.1:62864 - R:localhost/127.0.0.1:47468]' for 'POST' to 'http://localhost:47468/session/093dacd7b42fd302b93dc2486ac53ba8/element'
12:03:38.511 [Forwarding findElement on session 093dacd7b42fd302b93dc2486ac53ba8 to remote] DEBUG org.asynchttpclient.netty.request.NettyRequestSender - Using open Channel [id: 0x13dea5aa, L:/127.0.0.1:62864 - R:localhost/127.0.0.1:47468] for POST '/session/093dacd7b42fd302b93dc2486ac53ba8/element'
12:03:38.519 [AsyncHttpClient-1-5] DEBUG org.asynchttpclient.netty.handler.HttpHandler - 

Request DefaultHttpRequest(decodeResult: success, version: HTTP/1.1)
POST /session/093dacd7b42fd302b93dc2486ac53ba8/element HTTP/1.1
User-Agent: selenium/4.8.1 (java windows)
Content-Length: 63
Content-Type: application/json; charset=utf-8
host: localhost:47468
accept: */*

Response DefaultHttpResponse(decodeResult: success, version: HTTP/1.1)
HTTP/1.1 200 OK
Content-Length: 88
Content-Type: application/json; charset=utf-8
cache-control: no-cache

12:03:38.520 [AsyncHttpClient-1-5] DEBUG org.asynchttpclient.netty.channel.ChannelManager - Adding key: http://localhost:47468 for channel [id: 0x13dea5aa, L:/127.0.0.1:62864 - R:localhost/127.0.0.1:47468]
12:03:38.522 [Forwarding getElementTagName on session 093dacd7b42fd302b93dc2486ac53ba8 to remote] DEBUG org.asynchttpclient.netty.request.NettyRequestSender - Using pooled Channel '[id: 0x13dea5aa, L:/127.0.0.1:62864 - R:localhost/127.0.0.1:47468]' for 'GET' to 'http://localhost:47468/session/093dacd7b42fd302b93dc2486ac53ba8/element/6893adcf-feb9-4d10-8a90-a56e0262915d/name'
12:03:38.522 [Forwarding getElementTagName on session 093dacd7b42fd302b93dc2486ac53ba8 to remote] DEBUG org.asynchttpclient.netty.request.NettyRequestSender - Using open Channel [id: 0x13dea5aa, L:/127.0.0.1:62864 - R:localhost/127.0.0.1:47468] for GET '/session/093dacd7b42fd302b93dc2486ac53ba8/element/6893adcf-feb9-4d10-8a90-a56e0262915d/name'
12:03:38.529 [AsyncHttpClient-1-5] DEBUG org.asynchttpclient.netty.handler.HttpHandler - 

Request DefaultFullHttpRequest(decodeResult: success, version: HTTP/1.1, content: EmptyByteBufBE)
GET /session/093dacd7b42fd302b93dc2486ac53ba8/element/6893adcf-feb9-4d10-8a90-a56e0262915d/name HTTP/1.1
User-Agent: selenium/4.8.1 (java windows)
Cache-Control: no-cache
Content-Type: application/json; charset=utf-8
host: localhost:47468
accept: */*

Response DefaultHttpResponse(decodeResult: success, version: HTTP/1.1)
HTTP/1.1 200 OK
Content-Length: 18
Content-Type: application/json; charset=utf-8
cache-control: no-cache

12:03:38.529 [AsyncHttpClient-1-5] DEBUG org.asynchttpclient.netty.channel.ChannelManager - Adding key: http://localhost:47468 for channel [id: 0x13dea5aa, L:/127.0.0.1:62864 - R:localhost/127.0.0.1:47468]
12:03:38.531 [Forwarding getElementTagName on session 093dacd7b42fd302b93dc2486ac53ba8 to remote] DEBUG org.asynchttpclient.netty.request.NettyRequestSender - Using pooled Channel '[id: 0x13dea5aa, L:/127.0.0.1:62864 - R:localhost/127.0.0.1:47468]' for 'GET' to 'http://localhost:47468/session/093dacd7b42fd302b93dc2486ac53ba8/element/6893adcf-feb9-4d10-8a90-a56e0262915d/name'
12:03:38.531 [Forwarding getElementTagName on session 093dacd7b42fd302b93dc2486ac53ba8 to remote] DEBUG org.asynchttpclient.netty.request.NettyRequestSender - Using open Channel [id: 0x13dea5aa, L:/127.0.0.1:62864 - R:localhost/127.0.0.1:47468] for GET '/session/093dacd7b42fd302b93dc2486ac53ba8/element/6893adcf-feb9-4d10-8a90-a56e0262915d/name'
12:03:38.535 [AsyncHttpClient-1-5] DEBUG org.asynchttpclient.netty.handler.HttpHandler - 

Request DefaultFullHttpRequest(decodeResult: success, version: HTTP/1.1, content: EmptyByteBufBE)
GET /session/093dacd7b42fd302b93dc2486ac53ba8/element/6893adcf-feb9-4d10-8a90-a56e0262915d/name HTTP/1.1
User-Agent: selenium/4.8.1 (java windows)
Cache-Control: no-cache
Content-Type: application/json; charset=utf-8
host: localhost:47468
accept: */*

Response DefaultHttpResponse(decodeResult: success, version: HTTP/1.1)
HTTP/1.1 200 OK
Content-Length: 18
Content-Type: application/json; charset=utf-8
cache-control: no-cache

12:03:38.536 [AsyncHttpClient-1-5] DEBUG org.asynchttpclient.netty.channel.ChannelManager - Adding key: http://localhost:47468 for channel [id: 0x13dea5aa, L:/127.0.0.1:62864 - R:localhost/127.0.0.1:47468]
12:03:38.539 [Forwarding isElementEnabled on session 093dacd7b42fd302b93dc2486ac53ba8 to remote] DEBUG org.asynchttpclient.netty.request.NettyRequestSender - Using pooled Channel '[id: 0x13dea5aa, L:/127.0.0.1:62864 - R:localhost/127.0.0.1:47468]' for 'GET' to 'http://localhost:47468/session/093dacd7b42fd302b93dc2486ac53ba8/element/6893adcf-feb9-4d10-8a90-a56e0262915d/enabled'
12:03:38.539 [Forwarding isElementEnabled on session 093dacd7b42fd302b93dc2486ac53ba8 to remote] DEBUG org.asynchttpclient.netty.request.NettyRequestSender - Using open Channel [id: 0x13dea5aa, L:/127.0.0.1:62864 - R:localhost/127.0.0.1:47468] for GET '/session/093dacd7b42fd302b93dc2486ac53ba8/element/6893adcf-feb9-4d10-8a90-a56e0262915d/enabled'
12:03:38.549 [AsyncHttpClient-1-5] DEBUG org.asynchttpclient.netty.handler.HttpHandler - 

Request DefaultFullHttpRequest(decodeResult: success, version: HTTP/1.1, content: EmptyByteBufBE)
GET /session/093dacd7b42fd302b93dc2486ac53ba8/element/6893adcf-feb9-4d10-8a90-a56e0262915d/enabled HTTP/1.1
User-Agent: selenium/4.8.1 (java windows)
Cache-Control: no-cache
Content-Type: application/json; charset=utf-8
host: localhost:47468
accept: */*

Response DefaultHttpResponse(decodeResult: success, version: HTTP/1.1)
HTTP/1.1 200 OK
Content-Length: 14
Content-Type: application/json; charset=utf-8
cache-control: no-cache

12:03:38.549 [AsyncHttpClient-1-5] DEBUG org.asynchttpclient.netty.channel.ChannelManager - Adding key: http://localhost:47468 for channel [id: 0x13dea5aa, L:/127.0.0.1:62864 - R:localhost/127.0.0.1:47468]
12:03:38.550 [Forwarding isElementEnabled on session 093dacd7b42fd302b93dc2486ac53ba8 to remote] DEBUG org.asynchttpclient.netty.request.NettyRequestSender - Using pooled Channel '[id: 0x13dea5aa, L:/127.0.0.1:62864 - R:localhost/127.0.0.1:47468]' for 'GET' to 'http://localhost:47468/session/093dacd7b42fd302b93dc2486ac53ba8/element/6893adcf-feb9-4d10-8a90-a56e0262915d/enabled'
12:03:38.550 [Forwarding isElementEnabled on session 093dacd7b42fd302b93dc2486ac53ba8 to remote] DEBUG org.asynchttpclient.netty.request.NettyRequestSender - Using open Channel [id: 0x13dea5aa, L:/127.0.0.1:62864 - R:localhost/127.0.0.1:47468] for GET '/session/093dacd7b42fd302b93dc2486ac53ba8/element/6893adcf-feb9-4d10-8a90-a56e0262915d/enabled'
12:03:38.556 [AsyncHttpClient-1-5] DEBUG org.asynchttpclient.netty.handler.HttpHandler - 

Request DefaultFullHttpRequest(decodeResult: success, version: HTTP/1.1, content: EmptyByteBufBE)
GET /session/093dacd7b42fd302b93dc2486ac53ba8/element/6893adcf-feb9-4d10-8a90-a56e0262915d/enabled HTTP/1.1
User-Agent: selenium/4.8.1 (java windows)
Cache-Control: no-cache
Content-Type: application/json; charset=utf-8
host: localhost:47468
accept: */*

Response DefaultHttpResponse(decodeResult: success, version: HTTP/1.1)
HTTP/1.1 200 OK
Content-Length: 14
Content-Type: application/json; charset=utf-8
cache-control: no-cache

12:03:38.556 [AsyncHttpClient-1-5] DEBUG org.asynchttpclient.netty.channel.ChannelManager - Adding key: http://localhost:47468 for channel [id: 0x13dea5aa, L:/127.0.0.1:62864 - R:localhost/127.0.0.1:47468]
12:03:38.558 [Forwarding findElement on session 093dacd7b42fd302b93dc2486ac53ba8 to remote] DEBUG org.asynchttpclient.netty.request.NettyRequestSender - Using pooled Channel '[id: 0x13dea5aa, L:/127.0.0.1:62864 - R:localhost/127.0.0.1:47468]' for 'POST' to 'http://localhost:47468/session/093dacd7b42fd302b93dc2486ac53ba8/element'
12:03:38.558 [Forwarding findElement on session 093dacd7b42fd302b93dc2486ac53ba8 to remote] DEBUG org.asynchttpclient.netty.request.NettyRequestSender - Using open Channel [id: 0x13dea5aa, L:/127.0.0.1:62864 - R:localhost/127.0.0.1:47468] for POST '/session/093dacd7b42fd302b93dc2486ac53ba8/element'
12:03:38.567 [AsyncHttpClient-1-5] DEBUG org.asynchttpclient.netty.handler.HttpHandler - 

Request DefaultHttpRequest(decodeResult: success, version: HTTP/1.1)
POST /session/093dacd7b42fd302b93dc2486ac53ba8/element HTTP/1.1
User-Agent: selenium/4.8.1 (java windows)
Content-Length: 63
Content-Type: application/json; charset=utf-8
host: localhost:47468
accept: */*

Response DefaultHttpResponse(decodeResult: success, version: HTTP/1.1)
HTTP/1.1 200 OK
Content-Length: 88
Content-Type: application/json; charset=utf-8
cache-control: no-cache

12:03:38.567 [AsyncHttpClient-1-5] DEBUG org.asynchttpclient.netty.channel.ChannelManager - Adding key: http://localhost:47468 for channel [id: 0x13dea5aa, L:/127.0.0.1:62864 - R:localhost/127.0.0.1:47468]
12:03:38.568 [Forwarding clickElement on session 093dacd7b42fd302b93dc2486ac53ba8 to remote] DEBUG org.asynchttpclient.netty.request.NettyRequestSender - Using pooled Channel '[id: 0x13dea5aa, L:/127.0.0.1:62864 - R:localhost/127.0.0.1:47468]' for 'POST' to 'http://localhost:47468/session/093dacd7b42fd302b93dc2486ac53ba8/element/6893adcf-feb9-4d10-8a90-a56e0262915d/click'
12:03:38.568 [Forwarding clickElement on session 093dacd7b42fd302b93dc2486ac53ba8 to remote] DEBUG org.asynchttpclient.netty.request.NettyRequestSender - Using open Channel [id: 0x13dea5aa, L:/127.0.0.1:62864 - R:localhost/127.0.0.1:47468] for POST '/session/093dacd7b42fd302b93dc2486ac53ba8/element/6893adcf-feb9-4d10-8a90-a56e0262915d/click'
12:03:38.660 [AsyncHttpClient-1-1] DEBUG org.asynchttpclient.netty.channel.DefaultChannelPool - Entry count for : http://localhost:62866 : 1
12:03:39.663 [AsyncHttpClient-1-5] DEBUG org.asynchttpclient.netty.handler.HttpHandler - 

Request DefaultHttpRequest(decodeResult: success, version: HTTP/1.1)
POST /session/093dacd7b42fd302b93dc2486ac53ba8/element/6893adcf-feb9-4d10-8a90-a56e0262915d/click HTTP/1.1
User-Agent: selenium/4.8.1 (java windows)
Content-Length: 50
Content-Type: application/json; charset=utf-8
host: localhost:47468
accept: */*

Response DefaultHttpResponse(decodeResult: success, version: HTTP/1.1)
HTTP/1.1 400 Bad Request
Content-Length: 1375
Content-Type: application/json; charset=utf-8
cache-control: no-cache

12:03:39.664 [AsyncHttpClient-1-5] DEBUG org.asynchttpclient.netty.channel.ChannelManager - Adding key: http://localhost:47468 for channel [id: 0x13dea5aa, L:/127.0.0.1:62864 - R:localhost/127.0.0.1:47468]
12:03:39.753 [AsyncHttpClient-1-1] DEBUG org.asynchttpclient.netty.channel.DefaultChannelPool - Entry count for : http://localhost:62866 : 1
12:03:39.753 [AsyncHttpClient-1-1] DEBUG org.asynchttpclient.netty.channel.DefaultChannelPool - Entry count for : http://localhost:47468 : 1
12:03:39.928 [Forwarding clickElement on session 093dacd7b42fd302b93dc2486ac53ba8 to remote] DEBUG org.asynchttpclient.netty.request.NettyRequestSender - Using pooled Channel '[id: 0x13dea5aa, L:/127.0.0.1:62864 - R:localhost/127.0.0.1:47468]' for 'POST' to 'http://localhost:47468/session/093dacd7b42fd302b93dc2486ac53ba8/element/6893adcf-feb9-4d10-8a90-a56e0262915d/click'
12:03:39.928 [Forwarding clickElement on session 093dacd7b42fd302b93dc2486ac53ba8 to remote] DEBUG org.asynchttpclient.netty.request.NettyRequestSender - Using open Channel [id: 0x13dea5aa, L:/127.0.0.1:62864 - R:localhost/127.0.0.1:47468] for POST '/session/093dacd7b42fd302b93dc2486ac53ba8/element/6893adcf-feb9-4d10-8a90-a56e0262915d/click'
12:03:40.047 [AsyncHttpClient-1-5] DEBUG org.asynchttpclient.netty.handler.HttpHandler - 

Request DefaultHttpRequest(decodeResult: success, version: HTTP/1.1)
POST /session/093dacd7b42fd302b93dc2486ac53ba8/element/6893adcf-feb9-4d10-8a90-a56e0262915d/click HTTP/1.1
User-Agent: selenium/4.8.1 (java windows)
Content-Length: 50
Content-Type: application/json; charset=utf-8
host: localhost:47468
accept: */*

Response DefaultHttpResponse(decodeResult: success, version: HTTP/1.1)
HTTP/1.1 200 OK
Content-Length: 14
Content-Type: application/json; charset=utf-8
cache-control: no-cache

12:03:40.047 [AsyncHttpClient-1-5] DEBUG org.asynchttpclient.netty.channel.ChannelManager - Adding key: http://localhost:47468 for channel [id: 0x13dea5aa, L:/127.0.0.1:62864 - R:localhost/127.0.0.1:47468]
12:03:40.059 [Forwarding getAlertText on session 093dacd7b42fd302b93dc2486ac53ba8 to remote] DEBUG org.asynchttpclient.netty.request.NettyRequestSender - Using pooled Channel '[id: 0x13dea5aa, L:/127.0.0.1:62864 - R:localhost/127.0.0.1:47468]' for 'GET' to 'http://localhost:47468/session/093dacd7b42fd302b93dc2486ac53ba8/alert/text'
12:03:40.059 [Forwarding getAlertText on session 093dacd7b42fd302b93dc2486ac53ba8 to remote] DEBUG org.asynchttpclient.netty.request.NettyRequestSender - Using open Channel [id: 0x13dea5aa, L:/127.0.0.1:62864 - R:localhost/127.0.0.1:47468] for GET '/session/093dacd7b42fd302b93dc2486ac53ba8/alert/text'
12:03:40.121 [AsyncHttpClient-1-5] DEBUG org.asynchttpclient.netty.handler.HttpHandler - 

Request DefaultFullHttpRequest(decodeResult: success, version: HTTP/1.1, content: EmptyByteBufBE)
GET /session/093dacd7b42fd302b93dc2486ac53ba8/alert/text HTTP/1.1
User-Agent: selenium/4.8.1 (java windows)
Cache-Control: no-cache
Content-Type: application/json; charset=utf-8
host: localhost:47468
accept: */*

Response DefaultHttpResponse(decodeResult: success, version: HTTP/1.1)
HTTP/1.1 404 Not Found
Content-Length: 821
Content-Type: application/json; charset=utf-8
cache-control: no-cache

12:03:40.121 [AsyncHttpClient-1-5] DEBUG org.asynchttpclient.netty.channel.ChannelManager - Adding key: http://localhost:47468 for channel [id: 0x13dea5aa, L:/127.0.0.1:62864 - R:localhost/127.0.0.1:47468]
12:03:40.125 [Forwarding getCurrentUrl on session 093dacd7b42fd302b93dc2486ac53ba8 to remote] DEBUG org.asynchttpclient.netty.request.NettyRequestSender - Using pooled Channel '[id: 0x13dea5aa, L:/127.0.0.1:62864 - R:localhost/127.0.0.1:47468]' for 'GET' to 'http://localhost:47468/session/093dacd7b42fd302b93dc2486ac53ba8/url'
12:03:40.125 [Forwarding getCurrentUrl on session 093dacd7b42fd302b93dc2486ac53ba8 to remote] DEBUG org.asynchttpclient.netty.request.NettyRequestSender - Using open Channel [id: 0x13dea5aa, L:/127.0.0.1:62864 - R:localhost/127.0.0.1:47468] for GET '/session/093dacd7b42fd302b93dc2486ac53ba8/url'
12:03:40.133 [AsyncHttpClient-1-5] DEBUG org.asynchttpclient.netty.handler.HttpHandler - 

Request DefaultFullHttpRequest(decodeResult: success, version: HTTP/1.1, content: EmptyByteBufBE)
GET /session/093dacd7b42fd302b93dc2486ac53ba8/url HTTP/1.1
User-Agent: selenium/4.8.1 (java windows)
Cache-Control: no-cache
Content-Type: application/json; charset=utf-8
host: localhost:47468
accept: */*

Response DefaultHttpResponse(decodeResult: success, version: HTTP/1.1)
HTTP/1.1 200 OK
Content-Length: 42
Content-Type: application/json; charset=utf-8
cache-control: no-cache

12:03:40.133 [AsyncHttpClient-1-5] DEBUG org.asynchttpclient.netty.channel.ChannelManager - Adding key: http://localhost:47468 for channel [id: 0x13dea5aa, L:/127.0.0.1:62864 - R:localhost/127.0.0.1:47468]
12:03:40.134 [Forwarding screenshot on session 093dacd7b42fd302b93dc2486ac53ba8 to remote] DEBUG org.asynchttpclient.netty.request.NettyRequestSender - Using pooled Channel '[id: 0x13dea5aa, L:/127.0.0.1:62864 - R:localhost/127.0.0.1:47468]' for 'GET' to 'http://localhost:47468/session/093dacd7b42fd302b93dc2486ac53ba8/screenshot'
12:03:40.135 [Forwarding screenshot on session 093dacd7b42fd302b93dc2486ac53ba8 to remote] DEBUG org.asynchttpclient.netty.request.NettyRequestSender - Using open Channel [id: 0x13dea5aa, L:/127.0.0.1:62864 - R:localhost/127.0.0.1:47468] for GET '/session/093dacd7b42fd302b93dc2486ac53ba8/screenshot'
12:03:40.434 [AsyncHttpClient-1-5] DEBUG org.asynchttpclient.netty.handler.HttpHandler - 

Request DefaultFullHttpRequest(decodeResult: success, version: HTTP/1.1, content: EmptyByteBufBE)
GET /session/093dacd7b42fd302b93dc2486ac53ba8/screenshot HTTP/1.1
User-Agent: selenium/4.8.1 (java windows)
Cache-Control: no-cache
Content-Type: application/json; charset=utf-8
host: localhost:47468
accept: */*

Response DefaultHttpResponse(decodeResult: success, version: HTTP/1.1)
HTTP/1.1 200 OK
Content-Length: 287008
Content-Type: application/json; charset=utf-8
cache-control: no-cache

12:03:40.436 [AsyncHttpClient-1-5] DEBUG org.asynchttpclient.netty.channel.ChannelManager - Adding key: http://localhost:47468 for channel [id: 0x13dea5aa, L:/127.0.0.1:62864 - R:localhost/127.0.0.1:47468]
12:03:40.447 [main] DEBUG net.serenitybdd.core.photography.Darkroom - Send negative for processing for target\site\serenity\32e4debd43964f3866e3b3f083749d8d6a0dfad098ac8fb84740f13f69094dd7.png
12:03:40.447 [main] DEBUG net.thucydides.core.steps.StepInterceptor - STEP DONE: clickMasukLogin
  &amp#27;[32mWhen &amp#27;[0m&amp#27;[32mI clicked the enter button&amp#27;[0m                                                                                                  &amp#27;[90m# starter.stepdefinitions.LoginSteps.doClickMasukButton()&amp#27;[0m
12:03:40.457 [Forwarding getPageSource on session 093dacd7b42fd302b93dc2486ac53ba8 to remote] DEBUG org.asynchttpclient.netty.request.NettyRequestSender - Using pooled Channel '[id: 0x13dea5aa, L:/127.0.0.1:62864 - R:localhost/127.0.0.1:47468]' for 'POST' to 'http://localhost:47468/session/093dacd7b42fd302b93dc2486ac53ba8/execute/sync'
12:03:40.457 [Forwarding getPageSource on session 093dacd7b42fd302b93dc2486ac53ba8 to remote] DEBUG org.asynchttpclient.netty.request.NettyRequestSender - Using open Channel [id: 0x13dea5aa, L:/127.0.0.1:62864 - R:localhost/127.0.0.1:47468] for POST '/session/093dacd7b42fd302b93dc2486ac53ba8/execute/sync'
12:03:40.468 [AsyncHttpClient-1-5] DEBUG org.asynchttpclient.netty.handler.HttpHandler - 

Request DefaultHttpRequest(decodeResult: success, version: HTTP/1.1)
POST /session/093dacd7b42fd302b93dc2486ac53ba8/execute/sync HTTP/1.1
User-Agent: selenium/4.8.1 (java windows)
Content-Length: 176
Content-Type: application/json; charset=utf-8
host: localhost:47468
accept: */*

Response DefaultHttpResponse(decodeResult: success, version: HTTP/1.1)
HTTP/1.1 200 OK
Content-Length: 96996
Content-Type: application/json; charset=utf-8
cache-control: no-cache

12:03:40.468 [AsyncHttpClient-1-5] DEBUG org.asynchttpclient.netty.channel.ChannelManager - Adding key: http://localhost:47468 for channel [id: 0x13dea5aa, L:/127.0.0.1:62864 - R:localhost/127.0.0.1:47468]
12:03:40.474 [Forwarding getCurrentUrl on session 093dacd7b42fd302b93dc2486ac53ba8 to remote] DEBUG org.asynchttpclient.netty.request.NettyRequestSender - Using pooled Channel '[id: 0x13dea5aa, L:/127.0.0.1:62864 - R:localhost/127.0.0.1:47468]' for 'GET' to 'http://localhost:47468/session/093dacd7b42fd302b93dc2486ac53ba8/url'
12:03:40.474 [Forwarding getCurrentUrl on session 093dacd7b42fd302b93dc2486ac53ba8 to remote] DEBUG org.asynchttpclient.netty.request.NettyRequestSender - Using open Channel [id: 0x13dea5aa, L:/127.0.0.1:62864 - R:localhost/127.0.0.1:47468] for GET '/session/093dacd7b42fd302b93dc2486ac53ba8/url'
12:03:40.480 [AsyncHttpClient-1-5] DEBUG org.asynchttpclient.netty.handler.HttpHandler - 

Request DefaultFullHttpRequest(decodeResult: success, version: HTTP/1.1, content: EmptyByteBufBE)
GET /session/093dacd7b42fd302b93dc2486ac53ba8/url HTTP/1.1
User-Agent: selenium/4.8.1 (java windows)
Cache-Control: no-cache
Content-Type: application/json; charset=utf-8
host: localhost:47468
accept: */*

Response DefaultHttpResponse(decodeResult: success, version: HTTP/1.1)
HTTP/1.1 200 OK
Content-Length: 42
Content-Type: application/json; charset=utf-8
cache-control: no-cache

12:03:40.480 [AsyncHttpClient-1-5] DEBUG org.asynchttpclient.netty.channel.ChannelManager - Adding key: http://localhost:47468 for channel [id: 0x13dea5aa, L:/127.0.0.1:62864 - R:localhost/127.0.0.1:47468]
12:03:40.494 [Forwarding getPageSource on session 093dacd7b42fd302b93dc2486ac53ba8 to remote] DEBUG org.asynchttpclient.netty.request.NettyRequestSender - Using pooled Channel '[id: 0x13dea5aa, L:/127.0.0.1:62864 - R:localhost/127.0.0.1:47468]' for 'POST' to 'http://localhost:47468/session/093dacd7b42fd302b93dc2486ac53ba8/execute/sync'
12:03:40.495 [Forwarding getPageSource on session 093dacd7b42fd302b93dc2486ac53ba8 to remote] DEBUG org.asynchttpclient.netty.request.NettyRequestSender - Using open Channel [id: 0x13dea5aa, L:/127.0.0.1:62864 - R:localhost/127.0.0.1:47468] for POST '/session/093dacd7b42fd302b93dc2486ac53ba8/execute/sync'
12:03:40.508 [AsyncHttpClient-1-5] DEBUG org.asynchttpclient.netty.handler.HttpHandler - 

Request DefaultHttpRequest(decodeResult: success, version: HTTP/1.1)
POST /session/093dacd7b42fd302b93dc2486ac53ba8/execute/sync HTTP/1.1
User-Agent: selenium/4.8.1 (java windows)
Content-Length: 176
Content-Type: application/json; charset=utf-8
host: localhost:47468
accept: */*

Response DefaultHttpResponse(decodeResult: success, version: HTTP/1.1)
HTTP/1.1 200 OK
Content-Length: 96996
Content-Type: application/json; charset=utf-8
cache-control: no-cache

12:03:40.508 [AsyncHttpClient-1-5] DEBUG org.asynchttpclient.netty.channel.ChannelManager - Adding key: http://localhost:47468 for channel [id: 0x13dea5aa, L:/127.0.0.1:62864 - R:localhost/127.0.0.1:47468]
12:03:40.515 [Forwarding getCurrentUrl on session 093dacd7b42fd302b93dc2486ac53ba8 to remote] DEBUG org.asynchttpclient.netty.request.NettyRequestSender - Using pooled Channel '[id: 0x13dea5aa, L:/127.0.0.1:62864 - R:localhost/127.0.0.1:47468]' for 'GET' to 'http://localhost:47468/session/093dacd7b42fd302b93dc2486ac53ba8/url'
12:03:40.515 [Forwarding getCurrentUrl on session 093dacd7b42fd302b93dc2486ac53ba8 to remote] DEBUG org.asynchttpclient.netty.request.NettyRequestSender - Using open Channel [id: 0x13dea5aa, L:/127.0.0.1:62864 - R:localhost/127.0.0.1:47468] for GET '/session/093dacd7b42fd302b93dc2486ac53ba8/url'
12:03:40.520 [AsyncHttpClient-1-5] DEBUG org.asynchttpclient.netty.handler.HttpHandler - 

Request DefaultFullHttpRequest(decodeResult: success, version: HTTP/1.1, content: EmptyByteBufBE)
GET /session/093dacd7b42fd302b93dc2486ac53ba8/url HTTP/1.1
User-Agent: selenium/4.8.1 (java windows)
Cache-Control: no-cache
Content-Type: application/json; charset=utf-8
host: localhost:47468
accept: */*

Response DefaultHttpResponse(decodeResult: success, version: HTTP/1.1)
HTTP/1.1 200 OK
Content-Length: 42
Content-Type: application/json; charset=utf-8
cache-control: no-cache

12:03:40.520 [AsyncHttpClient-1-5] DEBUG org.asynchttpclient.netty.channel.ChannelManager - Adding key: http://localhost:47468 for channel [id: 0x13dea5aa, L:/127.0.0.1:62864 - R:localhost/127.0.0.1:47468]
12:03:40.522 [main] DEBUG net.thucydides.core.steps.StepInterceptor - STARTING STEP: LoginSteps.doEnterInValidEmail - inputEmail
12:03:40.529 [Forwarding findElement on session 093dacd7b42fd302b93dc2486ac53ba8 to remote] DEBUG org.asynchttpclient.netty.request.NettyRequestSender - Using pooled Channel '[id: 0x13dea5aa, L:/127.0.0.1:62864 - R:localhost/127.0.0.1:47468]' for 'POST' to 'http://localhost:47468/session/093dacd7b42fd302b93dc2486ac53ba8/element'
12:03:40.529 [Forwarding findElement on session 093dacd7b42fd302b93dc2486ac53ba8 to remote] DEBUG org.asynchttpclient.netty.request.NettyRequestSender - Using open Channel [id: 0x13dea5aa, L:/127.0.0.1:62864 - R:localhost/127.0.0.1:47468] for POST '/session/093dacd7b42fd302b93dc2486ac53ba8/element'
12:03:40.542 [AsyncHttpClient-1-5] DEBUG org.asynchttpclient.netty.handler.HttpHandler - 

Request DefaultHttpRequest(decodeResult: success, version: HTTP/1.1)
POST /session/093dacd7b42fd302b93dc2486ac53ba8/element HTTP/1.1
User-Agent: selenium/4.8.1 (java windows)
Content-Length: 50
Content-Type: application/json; charset=utf-8
host: localhost:47468
accept: */*

Response DefaultHttpResponse(decodeResult: success, version: HTTP/1.1)
HTTP/1.1 200 OK
Content-Length: 88
Content-Type: application/json; charset=utf-8
cache-control: no-cache

12:03:40.542 [AsyncHttpClient-1-5] DEBUG org.asynchttpclient.netty.channel.ChannelManager - Adding key: http://localhost:47468 for channel [id: 0x13dea5aa, L:/127.0.0.1:62864 - R:localhost/127.0.0.1:47468]
12:03:40.544 [Forwarding clearElement on session 093dacd7b42fd302b93dc2486ac53ba8 to remote] DEBUG org.asynchttpclient.netty.request.NettyRequestSender - Using pooled Channel '[id: 0x13dea5aa, L:/127.0.0.1:62864 - R:localhost/127.0.0.1:47468]' for 'POST' to 'http://localhost:47468/session/093dacd7b42fd302b93dc2486ac53ba8/element/336597bb-fce9-47f9-a7db-22a9b11eb9bb/clear'
12:03:40.544 [Forwarding clearElement on session 093dacd7b42fd302b93dc2486ac53ba8 to remote] DEBUG org.asynchttpclient.netty.request.NettyRequestSender - Using open Channel [id: 0x13dea5aa, L:/127.0.0.1:62864 - R:localhost/127.0.0.1:47468] for POST '/session/093dacd7b42fd302b93dc2486ac53ba8/element/336597bb-fce9-47f9-a7db-22a9b11eb9bb/clear'
12:03:40.580 [AsyncHttpClient-1-5] DEBUG org.asynchttpclient.netty.handler.HttpHandler - 

Request DefaultHttpRequest(decodeResult: success, version: HTTP/1.1)
POST /session/093dacd7b42fd302b93dc2486ac53ba8/element/336597bb-fce9-47f9-a7db-22a9b11eb9bb/clear HTTP/1.1
User-Agent: selenium/4.8.1 (java windows)
Content-Length: 50
Content-Type: application/json; charset=utf-8
host: localhost:47468
accept: */*

Response DefaultHttpResponse(decodeResult: success, version: HTTP/1.1)
HTTP/1.1 200 OK
Content-Length: 14
Content-Type: application/json; charset=utf-8
cache-control: no-cache

12:03:40.580 [AsyncHttpClient-1-5] DEBUG org.asynchttpclient.netty.channel.ChannelManager - Adding key: http://localhost:47468 for channel [id: 0x13dea5aa, L:/127.0.0.1:62864 - R:localhost/127.0.0.1:47468]
12:03:40.582 [Forwarding sendKeysToElement on session 093dacd7b42fd302b93dc2486ac53ba8 to remote] DEBUG org.asynchttpclient.netty.request.NettyRequestSender - Using pooled Channel '[id: 0x13dea5aa, L:/127.0.0.1:62864 - R:localhost/127.0.0.1:47468]' for 'POST' to 'http://localhost:47468/session/093dacd7b42fd302b93dc2486ac53ba8/element/336597bb-fce9-47f9-a7db-22a9b11eb9bb/value'
12:03:40.583 [Forwarding sendKeysToElement on session 093dacd7b42fd302b93dc2486ac53ba8 to remote] DEBUG org.asynchttpclient.netty.request.NettyRequestSender - Using open Channel [id: 0x13dea5aa, L:/127.0.0.1:62864 - R:localhost/127.0.0.1:47468] for POST '/session/093dacd7b42fd302b93dc2486ac53ba8/element/336597bb-fce9-47f9-a7db-22a9b11eb9bb/value'
12:03:40.732 [AsyncHttpClient-1-5] DEBUG org.asynchttpclient.netty.handler.HttpHandler - 

Request DefaultHttpRequest(decodeResult: success, version: HTTP/1.1)
POST /session/093dacd7b42fd302b93dc2486ac53ba8/element/336597bb-fce9-47f9-a7db-22a9b11eb9bb/value HTTP/1.1
User-Agent: selenium/4.8.1 (java windows)
Content-Length: 221
Content-Type: application/json; charset=utf-8
host: localhost:47468
accept: */*

Response DefaultHttpResponse(decodeResult: success, version: HTTP/1.1)
HTTP/1.1 200 OK
Content-Length: 14
Content-Type: application/json; charset=utf-8
cache-control: no-cache

12:03:40.732 [AsyncHttpClient-1-5] DEBUG org.asynchttpclient.netty.channel.ChannelManager - Adding key: http://localhost:47468 for channel [id: 0x13dea5aa, L:/127.0.0.1:62864 - R:localhost/127.0.0.1:47468]
12:03:40.739 [Forwarding getAlertText on session 093dacd7b42fd302b93dc2486ac53ba8 to remote] DEBUG org.asynchttpclient.netty.request.NettyRequestSender - Using pooled Channel '[id: 0x13dea5aa, L:/127.0.0.1:62864 - R:localhost/127.0.0.1:47468]' for 'GET' to 'http://localhost:47468/session/093dacd7b42fd302b93dc2486ac53ba8/alert/text'
12:03:40.739 [Forwarding getAlertText on session 093dacd7b42fd302b93dc2486ac53ba8 to remote] DEBUG org.asynchttpclient.netty.request.NettyRequestSender - Using open Channel [id: 0x13dea5aa, L:/127.0.0.1:62864 - R:localhost/127.0.0.1:47468] for GET '/session/093dacd7b42fd302b93dc2486ac53ba8/alert/text'
12:03:40.742 [AsyncHttpClient-1-5] DEBUG org.asynchttpclient.netty.handler.HttpHandler - 

Request DefaultFullHttpRequest(decodeResult: success, version: HTTP/1.1, content: EmptyByteBufBE)
GET /session/093dacd7b42fd302b93dc2486ac53ba8/alert/text HTTP/1.1
User-Agent: selenium/4.8.1 (java windows)
Cache-Control: no-cache
Content-Type: application/json; charset=utf-8
host: localhost:47468
accept: */*

Response DefaultHttpResponse(decodeResult: success, version: HTTP/1.1)
HTTP/1.1 404 Not Found
Content-Length: 821
Content-Type: application/json; charset=utf-8
cache-control: no-cache

12:03:40.742 [AsyncHttpClient-1-5] DEBUG org.asynchttpclient.netty.channel.ChannelManager - Adding key: http://localhost:47468 for channel [id: 0x13dea5aa, L:/127.0.0.1:62864 - R:localhost/127.0.0.1:47468]
12:03:40.743 [Forwarding getCurrentUrl on session 093dacd7b42fd302b93dc2486ac53ba8 to remote] DEBUG org.asynchttpclient.netty.request.NettyRequestSender - Using pooled Channel '[id: 0x13dea5aa, L:/127.0.0.1:62864 - R:localhost/127.0.0.1:47468]' for 'GET' to 'http://localhost:47468/session/093dacd7b42fd302b93dc2486ac53ba8/url'
12:03:40.744 [Forwarding getCurrentUrl on session 093dacd7b42fd302b93dc2486ac53ba8 to remote] DEBUG org.asynchttpclient.netty.request.NettyRequestSender - Using open Channel [id: 0x13dea5aa, L:/127.0.0.1:62864 - R:localhost/127.0.0.1:47468] for GET '/session/093dacd7b42fd302b93dc2486ac53ba8/url'
12:03:40.748 [AsyncHttpClient-1-5] DEBUG org.asynchttpclient.netty.handler.HttpHandler - 

Request DefaultFullHttpRequest(decodeResult: success, version: HTTP/1.1, content: EmptyByteBufBE)
GET /session/093dacd7b42fd302b93dc2486ac53ba8/url HTTP/1.1
User-Agent: selenium/4.8.1 (java windows)
Cache-Control: no-cache
Content-Type: application/json; charset=utf-8
host: localhost:47468
accept: */*

Response DefaultHttpResponse(decodeResult: success, version: HTTP/1.1)
HTTP/1.1 200 OK
Content-Length: 42
Content-Type: application/json; charset=utf-8
cache-control: no-cache

12:03:40.748 [AsyncHttpClient-1-5] DEBUG org.asynchttpclient.netty.channel.ChannelManager - Adding key: http://localhost:47468 for channel [id: 0x13dea5aa, L:/127.0.0.1:62864 - R:localhost/127.0.0.1:47468]
12:03:40.749 [Forwarding screenshot on session 093dacd7b42fd302b93dc2486ac53ba8 to remote] DEBUG org.asynchttpclient.netty.request.NettyRequestSender - Using pooled Channel '[id: 0x13dea5aa, L:/127.0.0.1:62864 - R:localhost/127.0.0.1:47468]' for 'GET' to 'http://localhost:47468/session/093dacd7b42fd302b93dc2486ac53ba8/screenshot'
12:03:40.749 [Forwarding screenshot on session 093dacd7b42fd302b93dc2486ac53ba8 to remote] DEBUG org.asynchttpclient.netty.request.NettyRequestSender - Using open Channel [id: 0x13dea5aa, L:/127.0.0.1:62864 - R:localhost/127.0.0.1:47468] for GET '/session/093dacd7b42fd302b93dc2486ac53ba8/screenshot'
12:03:40.863 [AsyncHttpClient-1-1] DEBUG org.asynchttpclient.netty.channel.DefaultChannelPool - Entry count for : http://localhost:62866 : 1
12:03:40.974 [AsyncHttpClient-1-5] DEBUG org.asynchttpclient.netty.handler.HttpHandler - 

Request DefaultFullHttpRequest(decodeResult: success, version: HTTP/1.1, content: EmptyByteBufBE)
GET /session/093dacd7b42fd302b93dc2486ac53ba8/screenshot HTTP/1.1
User-Agent: selenium/4.8.1 (java windows)
Cache-Control: no-cache
Content-Type: application/json; charset=utf-8
host: localhost:47468
accept: */*

Response DefaultHttpResponse(decodeResult: success, version: HTTP/1.1)
HTTP/1.1 200 OK
Content-Length: 290128
Content-Type: application/json; charset=utf-8
cache-control: no-cache

12:03:40.975 [AsyncHttpClient-1-5] DEBUG org.asynchttpclient.netty.channel.ChannelManager - Adding key: http://localhost:47468 for channel [id: 0x13dea5aa, L:/127.0.0.1:62864 - R:localhost/127.0.0.1:47468]
12:03:40.983 [main] DEBUG net.serenitybdd.core.photography.Darkroom - Send negative for processing for target\site\serenity\492cf4d9aa6fd5f1683afabf20ea868b6e6ec405bc916a8cbf0a37b1fedf06db.png
12:03:40.983 [main] DEBUG net.thucydides.core.steps.StepInterceptor - STEP DONE: inputEmail
12:03:40.983 [Darkroom Processing Line] DEBUG net.serenitybdd.core.photography.DarkroomProcessingLine - Processing screenshot image in /var/screenshots/screenshot-762009969268007202
12:03:40.983 [Darkroom Processing Line] DEBUG net.serenitybdd.core.photography.DarkroomProcessingLine - Saving screenshot to target\site\serenity\492cf4d9aa6fd5f1683afabf20ea868b6e6ec405bc916a8cbf0a37b1fedf06db.png
  &amp#27;[32mAnd &amp#27;[0m&amp#27;[32mI enter invalid Email&amp#27;[0m                                                                                                        &amp#27;[90m# starter.stepdefinitions.LoginSteps.doEnterInValidEmail()&amp#27;[0m
12:03:40.991 [Forwarding getPageSource on session 093dacd7b42fd302b93dc2486ac53ba8 to remote] DEBUG org.asynchttpclient.netty.request.NettyRequestSender - Using pooled Channel '[id: 0x13dea5aa, L:/127.0.0.1:62864 - R:localhost/127.0.0.1:47468]' for 'POST' to 'http://localhost:47468/session/093dacd7b42fd302b93dc2486ac53ba8/execute/sync'
12:03:40.991 [Forwarding getPageSource on session 093dacd7b42fd302b93dc2486ac53ba8 to remote] DEBUG org.asynchttpclient.netty.request.NettyRequestSender - Using open Channel [id: 0x13dea5aa, L:/127.0.0.1:62864 - R:localhost/127.0.0.1:47468] for POST '/session/093dacd7b42fd302b93dc2486ac53ba8/execute/sync'
12:03:41.002 [AsyncHttpClient-1-5] DEBUG org.asynchttpclient.netty.handler.HttpHandler - 

Request DefaultHttpRequest(decodeResult: success, version: HTTP/1.1)
POST /session/093dacd7b42fd302b93dc2486ac53ba8/execute/sync HTTP/1.1
User-Agent: selenium/4.8.1 (java windows)
Content-Length: 176
Content-Type: application/json; charset=utf-8
host: localhost:47468
accept: */*

Response DefaultHttpResponse(decodeResult: success, version: HTTP/1.1)
HTTP/1.1 200 OK
Content-Length: 97034
Content-Type: application/json; charset=utf-8
cache-control: no-cache

12:03:41.003 [AsyncHttpClient-1-5] DEBUG org.asynchttpclient.netty.channel.ChannelManager - Adding key: http://localhost:47468 for channel [id: 0x13dea5aa, L:/127.0.0.1:62864 - R:localhost/127.0.0.1:47468]
12:03:41.010 [Forwarding getCurrentUrl on session 093dacd7b42fd302b93dc2486ac53ba8 to remote] DEBUG org.asynchttpclient.netty.request.NettyRequestSender - Using pooled Channel '[id: 0x13dea5aa, L:/127.0.0.1:62864 - R:localhost/127.0.0.1:47468]' for 'GET' to 'http://localhost:47468/session/093dacd7b42fd302b93dc2486ac53ba8/url'
12:03:41.010 [Forwarding getCurrentUrl on session 093dacd7b42fd302b93dc2486ac53ba8 to remote] DEBUG org.asynchttpclient.netty.request.NettyRequestSender - Using open Channel [id: 0x13dea5aa, L:/127.0.0.1:62864 - R:localhost/127.0.0.1:47468] for GET '/session/093dacd7b42fd302b93dc2486ac53ba8/url'
12:03:41.014 [AsyncHttpClient-1-5] DEBUG org.asynchttpclient.netty.handler.HttpHandler - 

Request DefaultFullHttpRequest(decodeResult: success, version: HTTP/1.1, content: EmptyByteBufBE)
GET /session/093dacd7b42fd302b93dc2486ac53ba8/url HTTP/1.1
User-Agent: selenium/4.8.1 (java windows)
Cache-Control: no-cache
Content-Type: application/json; charset=utf-8
host: localhost:47468
accept: */*

Response DefaultHttpResponse(decodeResult: success, version: HTTP/1.1)
HTTP/1.1 200 OK
Content-Length: 42
Content-Type: application/json; charset=utf-8
cache-control: no-cache

12:03:41.014 [AsyncHttpClient-1-5] DEBUG org.asynchttpclient.netty.channel.ChannelManager - Adding key: http://localhost:47468 for channel [id: 0x13dea5aa, L:/127.0.0.1:62864 - R:localhost/127.0.0.1:47468]
12:03:41.024 [Forwarding getPageSource on session 093dacd7b42fd302b93dc2486ac53ba8 to remote] DEBUG org.asynchttpclient.netty.request.NettyRequestSender - Using pooled Channel '[id: 0x13dea5aa, L:/127.0.0.1:62864 - R:localhost/127.0.0.1:47468]' for 'POST' to 'http://localhost:47468/session/093dacd7b42fd302b93dc2486ac53ba8/execute/sync'
12:03:41.025 [Forwarding getPageSource on session 093dacd7b42fd302b93dc2486ac53ba8 to remote] DEBUG org.asynchttpclient.netty.request.NettyRequestSender - Using open Channel [id: 0x13dea5aa, L:/127.0.0.1:62864 - R:localhost/127.0.0.1:47468] for POST '/session/093dacd7b42fd302b93dc2486ac53ba8/execute/sync'
12:03:41.037 [AsyncHttpClient-1-5] DEBUG org.asynchttpclient.netty.handler.HttpHandler - 

Request DefaultHttpRequest(decodeResult: success, version: HTTP/1.1)
POST /session/093dacd7b42fd302b93dc2486ac53ba8/execute/sync HTTP/1.1
User-Agent: selenium/4.8.1 (java windows)
Content-Length: 176
Content-Type: application/json; charset=utf-8
host: localhost:47468
accept: */*

Response DefaultHttpResponse(decodeResult: success, version: HTTP/1.1)
HTTP/1.1 200 OK
Content-Length: 97034
Content-Type: application/json; charset=utf-8
cache-control: no-cache

12:03:41.037 [AsyncHttpClient-1-5] DEBUG org.asynchttpclient.netty.channel.ChannelManager - Adding key: http://localhost:47468 for channel [id: 0x13dea5aa, L:/127.0.0.1:62864 - R:localhost/127.0.0.1:47468]
12:03:41.043 [Forwarding getCurrentUrl on session 093dacd7b42fd302b93dc2486ac53ba8 to remote] DEBUG org.asynchttpclient.netty.request.NettyRequestSender - Using pooled Channel '[id: 0x13dea5aa, L:/127.0.0.1:62864 - R:localhost/127.0.0.1:47468]' for 'GET' to 'http://localhost:47468/session/093dacd7b42fd302b93dc2486ac53ba8/url'
12:03:41.043 [Forwarding getCurrentUrl on session 093dacd7b42fd302b93dc2486ac53ba8 to remote] DEBUG org.asynchttpclient.netty.request.NettyRequestSender - Using open Channel [id: 0x13dea5aa, L:/127.0.0.1:62864 - R:localhost/127.0.0.1:47468] for GET '/session/093dacd7b42fd302b93dc2486ac53ba8/url'
12:03:41.048 [AsyncHttpClient-1-5] DEBUG org.asynchttpclient.netty.handler.HttpHandler - 

Request DefaultFullHttpRequest(decodeResult: success, version: HTTP/1.1, content: EmptyByteBufBE)
GET /session/093dacd7b42fd302b93dc2486ac53ba8/url HTTP/1.1
User-Agent: selenium/4.8.1 (java windows)
Cache-Control: no-cache
Content-Type: application/json; charset=utf-8
host: localhost:47468
accept: */*

Response DefaultHttpResponse(decodeResult: success, version: HTTP/1.1)
HTTP/1.1 200 OK
Content-Length: 42
Content-Type: application/json; charset=utf-8
cache-control: no-cache

12:03:41.048 [AsyncHttpClient-1-5] DEBUG org.asynchttpclient.netty.channel.ChannelManager - Adding key: http://localhost:47468 for channel [id: 0x13dea5aa, L:/127.0.0.1:62864 - R:localhost/127.0.0.1:47468]
12:03:41.051 [main] DEBUG net.thucydides.core.steps.StepInterceptor - STARTING STEP: LoginSteps.doEnterInValidPassword - inputPassword
12:03:41.053 [Forwarding findElement on session 093dacd7b42fd302b93dc2486ac53ba8 to remote] DEBUG org.asynchttpclient.netty.request.NettyRequestSender - Using pooled Channel '[id: 0x13dea5aa, L:/127.0.0.1:62864 - R:localhost/127.0.0.1:47468]' for 'POST' to 'http://localhost:47468/session/093dacd7b42fd302b93dc2486ac53ba8/element'
12:03:41.053 [Forwarding findElement on session 093dacd7b42fd302b93dc2486ac53ba8 to remote] DEBUG org.asynchttpclient.netty.request.NettyRequestSender - Using open Channel [id: 0x13dea5aa, L:/127.0.0.1:62864 - R:localhost/127.0.0.1:47468] for POST '/session/093dacd7b42fd302b93dc2486ac53ba8/element'
12:03:41.080 [AsyncHttpClient-1-5] DEBUG org.asynchttpclient.netty.handler.HttpHandler - 

Request DefaultHttpRequest(decodeResult: success, version: HTTP/1.1)
POST /session/093dacd7b42fd302b93dc2486ac53ba8/element HTTP/1.1
User-Agent: selenium/4.8.1 (java windows)
Content-Length: 53
Content-Type: application/json; charset=utf-8
host: localhost:47468
accept: */*

Response DefaultHttpResponse(decodeResult: success, version: HTTP/1.1)
HTTP/1.1 200 OK
Content-Length: 88
Content-Type: application/json; charset=utf-8
cache-control: no-cache

12:03:41.081 [AsyncHttpClient-1-5] DEBUG org.asynchttpclient.netty.channel.ChannelManager - Adding key: http://localhost:47468 for channel [id: 0x13dea5aa, L:/127.0.0.1:62864 - R:localhost/127.0.0.1:47468]
12:03:41.082 [Forwarding clearElement on session 093dacd7b42fd302b93dc2486ac53ba8 to remote] DEBUG org.asynchttpclient.netty.request.NettyRequestSender - Using pooled Channel '[id: 0x13dea5aa, L:/127.0.0.1:62864 - R:localhost/127.0.0.1:47468]' for 'POST' to 'http://localhost:47468/session/093dacd7b42fd302b93dc2486ac53ba8/element/7c815ba8-9539-4384-a042-fe70342c801e/clear'
12:03:41.083 [Forwarding clearElement on session 093dacd7b42fd302b93dc2486ac53ba8 to remote] DEBUG org.asynchttpclient.netty.request.NettyRequestSender - Using open Channel [id: 0x13dea5aa, L:/127.0.0.1:62864 - R:localhost/127.0.0.1:47468] for POST '/session/093dacd7b42fd302b93dc2486ac53ba8/element/7c815ba8-9539-4384-a042-fe70342c801e/clear'
12:03:41.121 [AsyncHttpClient-1-5] DEBUG org.asynchttpclient.netty.handler.HttpHandler - 

Request DefaultHttpRequest(decodeResult: success, version: HTTP/1.1)
POST /session/093dacd7b42fd302b93dc2486ac53ba8/element/7c815ba8-9539-4384-a042-fe70342c801e/clear HTTP/1.1
User-Agent: selenium/4.8.1 (java windows)
Content-Length: 50
Content-Type: application/json; charset=utf-8
host: localhost:47468
accept: */*

Response DefaultHttpResponse(decodeResult: success, version: HTTP/1.1)
HTTP/1.1 200 OK
Content-Length: 14
Content-Type: application/json; charset=utf-8
cache-control: no-cache

12:03:41.122 [AsyncHttpClient-1-5] DEBUG org.asynchttpclient.netty.channel.ChannelManager - Adding key: http://localhost:47468 for channel [id: 0x13dea5aa, L:/127.0.0.1:62864 - R:localhost/127.0.0.1:47468]
12:03:41.124 [Forwarding sendKeysToElement on session 093dacd7b42fd302b93dc2486ac53ba8 to remote] DEBUG org.asynchttpclient.netty.request.NettyRequestSender - Using pooled Channel '[id: 0x13dea5aa, L:/127.0.0.1:62864 - R:localhost/127.0.0.1:47468]' for 'POST' to 'http://localhost:47468/session/093dacd7b42fd302b93dc2486ac53ba8/element/7c815ba8-9539-4384-a042-fe70342c801e/value'
12:03:41.124 [Forwarding sendKeysToElement on session 093dacd7b42fd302b93dc2486ac53ba8 to remote] DEBUG org.asynchttpclient.netty.request.NettyRequestSender - Using open Channel [id: 0x13dea5aa, L:/127.0.0.1:62864 - R:localhost/127.0.0.1:47468] for POST '/session/093dacd7b42fd302b93dc2486ac53ba8/element/7c815ba8-9539-4384-a042-fe70342c801e/value'
12:03:41.248 [AsyncHttpClient-1-5] DEBUG org.asynchttpclient.netty.handler.HttpHandler - 

Request DefaultHttpRequest(decodeResult: success, version: HTTP/1.1)
POST /session/093dacd7b42fd302b93dc2486ac53ba8/element/7c815ba8-9539-4384-a042-fe70342c801e/value HTTP/1.1
User-Agent: selenium/4.8.1 (java windows)
Content-Length: 231
Content-Type: application/json; charset=utf-8
host: localhost:47468
accept: */*

Response DefaultHttpResponse(decodeResult: success, version: HTTP/1.1)
HTTP/1.1 200 OK
Content-Length: 14
Content-Type: application/json; charset=utf-8
cache-control: no-cache

12:03:41.248 [AsyncHttpClient-1-5] DEBUG org.asynchttpclient.netty.channel.ChannelManager - Adding key: http://localhost:47468 for channel [id: 0x13dea5aa, L:/127.0.0.1:62864 - R:localhost/127.0.0.1:47468]
12:03:41.256 [Forwarding getAlertText on session 093dacd7b42fd302b93dc2486ac53ba8 to remote] DEBUG org.asynchttpclient.netty.request.NettyRequestSender - Using pooled Channel '[id: 0x13dea5aa, L:/127.0.0.1:62864 - R:localhost/127.0.0.1:47468]' for 'GET' to 'http://localhost:47468/session/093dacd7b42fd302b93dc2486ac53ba8/alert/text'
12:03:41.256 [Forwarding getAlertText on session 093dacd7b42fd302b93dc2486ac53ba8 to remote] DEBUG org.asynchttpclient.netty.request.NettyRequestSender - Using open Channel [id: 0x13dea5aa, L:/127.0.0.1:62864 - R:localhost/127.0.0.1:47468] for GET '/session/093dacd7b42fd302b93dc2486ac53ba8/alert/text'
12:03:41.260 [AsyncHttpClient-1-5] DEBUG org.asynchttpclient.netty.handler.HttpHandler - 

Request DefaultFullHttpRequest(decodeResult: success, version: HTTP/1.1, content: EmptyByteBufBE)
GET /session/093dacd7b42fd302b93dc2486ac53ba8/alert/text HTTP/1.1
User-Agent: selenium/4.8.1 (java windows)
Cache-Control: no-cache
Content-Type: application/json; charset=utf-8
host: localhost:47468
accept: */*

Response DefaultHttpResponse(decodeResult: success, version: HTTP/1.1)
HTTP/1.1 404 Not Found
Content-Length: 821
Content-Type: application/json; charset=utf-8
cache-control: no-cache

12:03:41.260 [AsyncHttpClient-1-5] DEBUG org.asynchttpclient.netty.channel.ChannelManager - Adding key: http://localhost:47468 for channel [id: 0x13dea5aa, L:/127.0.0.1:62864 - R:localhost/127.0.0.1:47468]
12:03:41.262 [Forwarding getCurrentUrl on session 093dacd7b42fd302b93dc2486ac53ba8 to remote] DEBUG org.asynchttpclient.netty.request.NettyRequestSender - Using pooled Channel '[id: 0x13dea5aa, L:/127.0.0.1:62864 - R:localhost/127.0.0.1:47468]' for 'GET' to 'http://localhost:47468/session/093dacd7b42fd302b93dc2486ac53ba8/url'
12:03:41.262 [Forwarding getCurrentUrl on session 093dacd7b42fd302b93dc2486ac53ba8 to remote] DEBUG org.asynchttpclient.netty.request.NettyRequestSender - Using open Channel [id: 0x13dea5aa, L:/127.0.0.1:62864 - R:localhost/127.0.0.1:47468] for GET '/session/093dacd7b42fd302b93dc2486ac53ba8/url'
12:03:41.267 [AsyncHttpClient-1-5] DEBUG org.asynchttpclient.netty.handler.HttpHandler - 

Request DefaultFullHttpRequest(decodeResult: success, version: HTTP/1.1, content: EmptyByteBufBE)
GET /session/093dacd7b42fd302b93dc2486ac53ba8/url HTTP/1.1
User-Agent: selenium/4.8.1 (java windows)
Cache-Control: no-cache
Content-Type: application/json; charset=utf-8
host: localhost:47468
accept: */*

Response DefaultHttpResponse(decodeResult: success, version: HTTP/1.1)
HTTP/1.1 200 OK
Content-Length: 42
Content-Type: application/json; charset=utf-8
cache-control: no-cache

12:03:41.267 [AsyncHttpClient-1-5] DEBUG org.asynchttpclient.netty.channel.ChannelManager - Adding key: http://localhost:47468 for channel [id: 0x13dea5aa, L:/127.0.0.1:62864 - R:localhost/127.0.0.1:47468]
12:03:41.268 [Forwarding screenshot on session 093dacd7b42fd302b93dc2486ac53ba8 to remote] DEBUG org.asynchttpclient.netty.request.NettyRequestSender - Using pooled Channel '[id: 0x13dea5aa, L:/127.0.0.1:62864 - R:localhost/127.0.0.1:47468]' for 'GET' to 'http://localhost:47468/session/093dacd7b42fd302b93dc2486ac53ba8/screenshot'
12:03:41.268 [Forwarding screenshot on session 093dacd7b42fd302b93dc2486ac53ba8 to remote] DEBUG org.asynchttpclient.netty.request.NettyRequestSender - Using open Channel [id: 0x13dea5aa, L:/127.0.0.1:62864 - R:localhost/127.0.0.1:47468] for GET '/session/093dacd7b42fd302b93dc2486ac53ba8/screenshot'
12:03:41.496 [AsyncHttpClient-1-5] DEBUG org.asynchttpclient.netty.handler.HttpHandler - 

Request DefaultFullHttpRequest(decodeResult: success, version: HTTP/1.1, content: EmptyByteBufBE)
GET /session/093dacd7b42fd302b93dc2486ac53ba8/screenshot HTTP/1.1
User-Agent: selenium/4.8.1 (java windows)
Cache-Control: no-cache
Content-Type: application/json; charset=utf-8
host: localhost:47468
accept: */*

Response DefaultHttpResponse(decodeResult: success, version: HTTP/1.1)
HTTP/1.1 200 OK
Content-Length: 288264
Content-Type: application/json; charset=utf-8
cache-control: no-cache

12:03:41.498 [AsyncHttpClient-1-5] DEBUG org.asynchttpclient.netty.channel.ChannelManager - Adding key: http://localhost:47468 for channel [id: 0x13dea5aa, L:/127.0.0.1:62864 - R:localhost/127.0.0.1:47468]
12:03:41.504 [main] DEBUG net.serenitybdd.core.photography.Darkroom - Send negative for processing for target\site\serenity\47bde51a23f44432190b508b49f733466b079d92591632790f65711c9895dff1.png
12:03:41.504 [main] DEBUG net.thucydides.core.steps.StepInterceptor - STEP DONE: inputPassword
12:03:41.504 [Darkroom Processing Line] DEBUG net.serenitybdd.core.photography.DarkroomProcessingLine - Processing screenshot image in /var/screenshots/screenshot-3424592488435107772
12:03:41.504 [Darkroom Processing Line] DEBUG net.serenitybdd.core.photography.DarkroomProcessingLine - Saving screenshot to target\site\serenity\47bde51a23f44432190b508b49f733466b079d92591632790f65711c9895dff1.png
  &amp#27;[32mAnd &amp#27;[0m&amp#27;[32mI enter invalid Password&amp#27;[0m                                                                                                     &amp#27;[90m# starter.stepdefinitions.LoginSteps.doEnterInValidPassword()&amp#27;[0m
12:03:41.517 [Forwarding getPageSource on session 093dacd7b42fd302b93dc2486ac53ba8 to remote] DEBUG org.asynchttpclient.netty.request.NettyRequestSender - Using pooled Channel '[id: 0x13dea5aa, L:/127.0.0.1:62864 - R:localhost/127.0.0.1:47468]' for 'POST' to 'http://localhost:47468/session/093dacd7b42fd302b93dc2486ac53ba8/execute/sync'
12:03:41.517 [Forwarding getPageSource on session 093dacd7b42fd302b93dc2486ac53ba8 to remote] DEBUG org.asynchttpclient.netty.request.NettyRequestSender - Using open Channel [id: 0x13dea5aa, L:/127.0.0.1:62864 - R:localhost/127.0.0.1:47468] for POST '/session/093dacd7b42fd302b93dc2486ac53ba8/execute/sync'
12:03:41.528 [AsyncHttpClient-1-5] DEBUG org.asynchttpclient.netty.handler.HttpHandler - 

Request DefaultHttpRequest(decodeResult: success, version: HTTP/1.1)
POST /session/093dacd7b42fd302b93dc2486ac53ba8/execute/sync HTTP/1.1
User-Agent: selenium/4.8.1 (java windows)
Content-Length: 176
Content-Type: application/json; charset=utf-8
host: localhost:47468
accept: */*

Response DefaultHttpResponse(decodeResult: success, version: HTTP/1.1)
HTTP/1.1 200 OK
Content-Length: 97054
Content-Type: application/json; charset=utf-8
cache-control: no-cache

12:03:41.529 [AsyncHttpClient-1-5] DEBUG org.asynchttpclient.netty.channel.ChannelManager - Adding key: http://localhost:47468 for channel [id: 0x13dea5aa, L:/127.0.0.1:62864 - R:localhost/127.0.0.1:47468]
12:03:41.537 [Forwarding getCurrentUrl on session 093dacd7b42fd302b93dc2486ac53ba8 to remote] DEBUG org.asynchttpclient.netty.request.NettyRequestSender - Using pooled Channel '[id: 0x13dea5aa, L:/127.0.0.1:62864 - R:localhost/127.0.0.1:47468]' for 'GET' to 'http://localhost:47468/session/093dacd7b42fd302b93dc2486ac53ba8/url'
12:03:41.537 [Forwarding getCurrentUrl on session 093dacd7b42fd302b93dc2486ac53ba8 to remote] DEBUG org.asynchttpclient.netty.request.NettyRequestSender - Using open Channel [id: 0x13dea5aa, L:/127.0.0.1:62864 - R:localhost/127.0.0.1:47468] for GET '/session/093dacd7b42fd302b93dc2486ac53ba8/url'
12:03:41.542 [AsyncHttpClient-1-5] DEBUG org.asynchttpclient.netty.handler.HttpHandler - 

Request DefaultFullHttpRequest(decodeResult: success, version: HTTP/1.1, content: EmptyByteBufBE)
GET /session/093dacd7b42fd302b93dc2486ac53ba8/url HTTP/1.1
User-Agent: selenium/4.8.1 (java windows)
Cache-Control: no-cache
Content-Type: application/json; charset=utf-8
host: localhost:47468
accept: */*

Response DefaultHttpResponse(decodeResult: success, version: HTTP/1.1)
HTTP/1.1 200 OK
Content-Length: 42
Content-Type: application/json; charset=utf-8
cache-control: no-cache

12:03:41.542 [AsyncHttpClient-1-5] DEBUG org.asynchttpclient.netty.channel.ChannelManager - Adding key: http://localhost:47468 for channel [id: 0x13dea5aa, L:/127.0.0.1:62864 - R:localhost/127.0.0.1:47468]
12:03:41.552 [Forwarding getPageSource on session 093dacd7b42fd302b93dc2486ac53ba8 to remote] DEBUG org.asynchttpclient.netty.request.NettyRequestSender - Using pooled Channel '[id: 0x13dea5aa, L:/127.0.0.1:62864 - R:localhost/127.0.0.1:47468]' for 'POST' to 'http://localhost:47468/session/093dacd7b42fd302b93dc2486ac53ba8/execute/sync'
12:03:41.552 [Forwarding getPageSource on session 093dacd7b42fd302b93dc2486ac53ba8 to remote] DEBUG org.asynchttpclient.netty.request.NettyRequestSender - Using open Channel [id: 0x13dea5aa, L:/127.0.0.1:62864 - R:localhost/127.0.0.1:47468] for POST '/session/093dacd7b42fd302b93dc2486ac53ba8/execute/sync'
12:03:41.561 [AsyncHttpClient-1-5] DEBUG org.asynchttpclient.netty.handler.HttpHandler - 

Request DefaultHttpRequest(decodeResult: success, version: HTTP/1.1)
POST /session/093dacd7b42fd302b93dc2486ac53ba8/execute/sync HTTP/1.1
User-Agent: selenium/4.8.1 (java windows)
Content-Length: 176
Content-Type: application/json; charset=utf-8
host: localhost:47468
accept: */*

Response DefaultHttpResponse(decodeResult: success, version: HTTP/1.1)
HTTP/1.1 200 OK
Content-Length: 97054
Content-Type: application/json; charset=utf-8
cache-control: no-cache

12:03:41.562 [AsyncHttpClient-1-5] DEBUG org.asynchttpclient.netty.channel.ChannelManager - Adding key: http://localhost:47468 for channel [id: 0x13dea5aa, L:/127.0.0.1:62864 - R:localhost/127.0.0.1:47468]
12:03:41.569 [Forwarding getCurrentUrl on session 093dacd7b42fd302b93dc2486ac53ba8 to remote] DEBUG org.asynchttpclient.netty.request.NettyRequestSender - Using pooled Channel '[id: 0x13dea5aa, L:/127.0.0.1:62864 - R:localhost/127.0.0.1:47468]' for 'GET' to 'http://localhost:47468/session/093dacd7b42fd302b93dc2486ac53ba8/url'
12:03:41.569 [Forwarding getCurrentUrl on session 093dacd7b42fd302b93dc2486ac53ba8 to remote] DEBUG org.asynchttpclient.netty.request.NettyRequestSender - Using open Channel [id: 0x13dea5aa, L:/127.0.0.1:62864 - R:localhost/127.0.0.1:47468] for GET '/session/093dacd7b42fd302b93dc2486ac53ba8/url'
12:03:41.574 [AsyncHttpClient-1-5] DEBUG org.asynchttpclient.netty.handler.HttpHandler - 

Request DefaultFullHttpRequest(decodeResult: success, version: HTTP/1.1, content: EmptyByteBufBE)
GET /session/093dacd7b42fd302b93dc2486ac53ba8/url HTTP/1.1
User-Agent: selenium/4.8.1 (java windows)
Cache-Control: no-cache
Content-Type: application/json; charset=utf-8
host: localhost:47468
accept: */*

Response DefaultHttpResponse(decodeResult: success, version: HTTP/1.1)
HTTP/1.1 200 OK
Content-Length: 42
Content-Type: application/json; charset=utf-8
cache-control: no-cache

12:03:41.574 [AsyncHttpClient-1-5] DEBUG org.asynchttpclient.netty.channel.ChannelManager - Adding key: http://localhost:47468 for channel [id: 0x13dea5aa, L:/127.0.0.1:62864 - R:localhost/127.0.0.1:47468]
12:03:41.576 [main] DEBUG net.thucydides.core.steps.StepInterceptor - STARTING STEP: LoginSteps.doClickLoginButton - clickButtonLogin
12:03:41.579 [Forwarding findElement on session 093dacd7b42fd302b93dc2486ac53ba8 to remote] DEBUG org.asynchttpclient.netty.request.NettyRequestSender - Using pooled Channel '[id: 0x13dea5aa, L:/127.0.0.1:62864 - R:localhost/127.0.0.1:47468]' for 'POST' to 'http://localhost:47468/session/093dacd7b42fd302b93dc2486ac53ba8/element'
12:03:41.579 [Forwarding findElement on session 093dacd7b42fd302b93dc2486ac53ba8 to remote] DEBUG org.asynchttpclient.netty.request.NettyRequestSender - Using open Channel [id: 0x13dea5aa, L:/127.0.0.1:62864 - R:localhost/127.0.0.1:47468] for POST '/session/093dacd7b42fd302b93dc2486ac53ba8/element'
12:03:41.590 [AsyncHttpClient-1-5] DEBUG org.asynchttpclient.netty.handler.HttpHandler - 

Request DefaultHttpRequest(decodeResult: success, version: HTTP/1.1)
POST /session/093dacd7b42fd302b93dc2486ac53ba8/element HTTP/1.1
User-Agent: selenium/4.8.1 (java windows)
Content-Length: 57
Content-Type: application/json; charset=utf-8
host: localhost:47468
accept: */*

Response DefaultHttpResponse(decodeResult: success, version: HTTP/1.1)
HTTP/1.1 200 OK
Content-Length: 88
Content-Type: application/json; charset=utf-8
cache-control: no-cache

12:03:41.590 [AsyncHttpClient-1-5] DEBUG org.asynchttpclient.netty.channel.ChannelManager - Adding key: http://localhost:47468 for channel [id: 0x13dea5aa, L:/127.0.0.1:62864 - R:localhost/127.0.0.1:47468]
12:03:41.592 [Forwarding getElementTagName on session 093dacd7b42fd302b93dc2486ac53ba8 to remote] DEBUG org.asynchttpclient.netty.request.NettyRequestSender - Using pooled Channel '[id: 0x13dea5aa, L:/127.0.0.1:62864 - R:localhost/127.0.0.1:47468]' for 'GET' to 'http://localhost:47468/session/093dacd7b42fd302b93dc2486ac53ba8/element/62ffe452-c659-40f9-a0f2-c0b8b27a8d0b/name'
12:03:41.592 [Forwarding getElementTagName on session 093dacd7b42fd302b93dc2486ac53ba8 to remote] DEBUG org.asynchttpclient.netty.request.NettyRequestSender - Using open Channel [id: 0x13dea5aa, L:/127.0.0.1:62864 - R:localhost/127.0.0.1:47468] for GET '/session/093dacd7b42fd302b93dc2486ac53ba8/element/62ffe452-c659-40f9-a0f2-c0b8b27a8d0b/name'
12:03:41.597 [AsyncHttpClient-1-5] DEBUG org.asynchttpclient.netty.handler.HttpHandler - 

Request DefaultFullHttpRequest(decodeResult: success, version: HTTP/1.1, content: EmptyByteBufBE)
GET /session/093dacd7b42fd302b93dc2486ac53ba8/element/62ffe452-c659-40f9-a0f2-c0b8b27a8d0b/name HTTP/1.1
User-Agent: selenium/4.8.1 (java windows)
Cache-Control: no-cache
Content-Type: application/json; charset=utf-8
host: localhost:47468
accept: */*

Response DefaultHttpResponse(decodeResult: success, version: HTTP/1.1)
HTTP/1.1 200 OK
Content-Length: 18
Content-Type: application/json; charset=utf-8
cache-control: no-cache

12:03:41.598 [AsyncHttpClient-1-5] DEBUG org.asynchttpclient.netty.channel.ChannelManager - Adding key: http://localhost:47468 for channel [id: 0x13dea5aa, L:/127.0.0.1:62864 - R:localhost/127.0.0.1:47468]
12:03:41.599 [Forwarding getElementTagName on session 093dacd7b42fd302b93dc2486ac53ba8 to remote] DEBUG org.asynchttpclient.netty.request.NettyRequestSender - Using pooled Channel '[id: 0x13dea5aa, L:/127.0.0.1:62864 - R:localhost/127.0.0.1:47468]' for 'GET' to 'http://localhost:47468/session/093dacd7b42fd302b93dc2486ac53ba8/element/62ffe452-c659-40f9-a0f2-c0b8b27a8d0b/name'
12:03:41.599 [Forwarding getElementTagName on session 093dacd7b42fd302b93dc2486ac53ba8 to remote] DEBUG org.asynchttpclient.netty.request.NettyRequestSender - Using open Channel [id: 0x13dea5aa, L:/127.0.0.1:62864 - R:localhost/127.0.0.1:47468] for GET '/session/093dacd7b42fd302b93dc2486ac53ba8/element/62ffe452-c659-40f9-a0f2-c0b8b27a8d0b/name'
12:03:41.603 [AsyncHttpClient-1-5] DEBUG org.asynchttpclient.netty.handler.HttpHandler - 

Request DefaultFullHttpRequest(decodeResult: success, version: HTTP/1.1, content: EmptyByteBufBE)
GET /session/093dacd7b42fd302b93dc2486ac53ba8/element/62ffe452-c659-40f9-a0f2-c0b8b27a8d0b/name HTTP/1.1
User-Agent: selenium/4.8.1 (java windows)
Cache-Control: no-cache
Content-Type: application/json; charset=utf-8
host: localhost:47468
accept: */*

Response DefaultHttpResponse(decodeResult: success, version: HTTP/1.1)
HTTP/1.1 200 OK
Content-Length: 18
Content-Type: application/json; charset=utf-8
cache-control: no-cache

12:03:41.603 [AsyncHttpClient-1-5] DEBUG org.asynchttpclient.netty.channel.ChannelManager - Adding key: http://localhost:47468 for channel [id: 0x13dea5aa, L:/127.0.0.1:62864 - R:localhost/127.0.0.1:47468]
12:03:41.605 [Forwarding isElementEnabled on session 093dacd7b42fd302b93dc2486ac53ba8 to remote] DEBUG org.asynchttpclient.netty.request.NettyRequestSender - Using pooled Channel '[id: 0x13dea5aa, L:/127.0.0.1:62864 - R:localhost/127.0.0.1:47468]' for 'GET' to 'http://localhost:47468/session/093dacd7b42fd302b93dc2486ac53ba8/element/62ffe452-c659-40f9-a0f2-c0b8b27a8d0b/enabled'
12:03:41.605 [Forwarding isElementEnabled on session 093dacd7b42fd302b93dc2486ac53ba8 to remote] DEBUG org.asynchttpclient.netty.request.NettyRequestSender - Using open Channel [id: 0x13dea5aa, L:/127.0.0.1:62864 - R:localhost/127.0.0.1:47468] for GET '/session/093dacd7b42fd302b93dc2486ac53ba8/element/62ffe452-c659-40f9-a0f2-c0b8b27a8d0b/enabled'
12:03:41.612 [AsyncHttpClient-1-5] DEBUG org.asynchttpclient.netty.handler.HttpHandler - 

Request DefaultFullHttpRequest(decodeResult: success, version: HTTP/1.1, content: EmptyByteBufBE)
GET /session/093dacd7b42fd302b93dc2486ac53ba8/element/62ffe452-c659-40f9-a0f2-c0b8b27a8d0b/enabled HTTP/1.1
User-Agent: selenium/4.8.1 (java windows)
Cache-Control: no-cache
Content-Type: application/json; charset=utf-8
host: localhost:47468
accept: */*

Response DefaultHttpResponse(decodeResult: success, version: HTTP/1.1)
HTTP/1.1 200 OK
Content-Length: 14
Content-Type: application/json; charset=utf-8
cache-control: no-cache

12:03:41.612 [AsyncHttpClient-1-5] DEBUG org.asynchttpclient.netty.channel.ChannelManager - Adding key: http://localhost:47468 for channel [id: 0x13dea5aa, L:/127.0.0.1:62864 - R:localhost/127.0.0.1:47468]
12:03:41.613 [Forwarding isElementEnabled on session 093dacd7b42fd302b93dc2486ac53ba8 to remote] DEBUG org.asynchttpclient.netty.request.NettyRequestSender - Using pooled Channel '[id: 0x13dea5aa, L:/127.0.0.1:62864 - R:localhost/127.0.0.1:47468]' for 'GET' to 'http://localhost:47468/session/093dacd7b42fd302b93dc2486ac53ba8/element/62ffe452-c659-40f9-a0f2-c0b8b27a8d0b/enabled'
12:03:41.613 [Forwarding isElementEnabled on session 093dacd7b42fd302b93dc2486ac53ba8 to remote] DEBUG org.asynchttpclient.netty.request.NettyRequestSender - Using open Channel [id: 0x13dea5aa, L:/127.0.0.1:62864 - R:localhost/127.0.0.1:47468] for GET '/session/093dacd7b42fd302b93dc2486ac53ba8/element/62ffe452-c659-40f9-a0f2-c0b8b27a8d0b/enabled'
12:03:41.618 [AsyncHttpClient-1-5] DEBUG org.asynchttpclient.netty.handler.HttpHandler - 

Request DefaultFullHttpRequest(decodeResult: success, version: HTTP/1.1, content: EmptyByteBufBE)
GET /session/093dacd7b42fd302b93dc2486ac53ba8/element/62ffe452-c659-40f9-a0f2-c0b8b27a8d0b/enabled HTTP/1.1
User-Agent: selenium/4.8.1 (java windows)
Cache-Control: no-cache
Content-Type: application/json; charset=utf-8
host: localhost:47468
accept: */*

Response DefaultHttpResponse(decodeResult: success, version: HTTP/1.1)
HTTP/1.1 200 OK
Content-Length: 14
Content-Type: application/json; charset=utf-8
cache-control: no-cache

12:03:41.618 [AsyncHttpClient-1-5] DEBUG org.asynchttpclient.netty.channel.ChannelManager - Adding key: http://localhost:47468 for channel [id: 0x13dea5aa, L:/127.0.0.1:62864 - R:localhost/127.0.0.1:47468]
12:03:41.620 [Forwarding findElement on session 093dacd7b42fd302b93dc2486ac53ba8 to remote] DEBUG org.asynchttpclient.netty.request.NettyRequestSender - Using pooled Channel '[id: 0x13dea5aa, L:/127.0.0.1:62864 - R:localhost/127.0.0.1:47468]' for 'POST' to 'http://localhost:47468/session/093dacd7b42fd302b93dc2486ac53ba8/element'
12:03:41.620 [Forwarding findElement on session 093dacd7b42fd302b93dc2486ac53ba8 to remote] DEBUG org.asynchttpclient.netty.request.NettyRequestSender - Using open Channel [id: 0x13dea5aa, L:/127.0.0.1:62864 - R:localhost/127.0.0.1:47468] for POST '/session/093dacd7b42fd302b93dc2486ac53ba8/element'
12:03:41.627 [AsyncHttpClient-1-5] DEBUG org.asynchttpclient.netty.handler.HttpHandler - 

Request DefaultHttpRequest(decodeResult: success, version: HTTP/1.1)
POST /session/093dacd7b42fd302b93dc2486ac53ba8/element HTTP/1.1
User-Agent: selenium/4.8.1 (java windows)
Content-Length: 57
Content-Type: application/json; charset=utf-8
host: localhost:47468
accept: */*

Response DefaultHttpResponse(decodeResult: success, version: HTTP/1.1)
HTTP/1.1 200 OK
Content-Length: 88
Content-Type: application/json; charset=utf-8
cache-control: no-cache

12:03:41.627 [AsyncHttpClient-1-5] DEBUG org.asynchttpclient.netty.channel.ChannelManager - Adding key: http://localhost:47468 for channel [id: 0x13dea5aa, L:/127.0.0.1:62864 - R:localhost/127.0.0.1:47468]
12:03:41.628 [Forwarding clickElement on session 093dacd7b42fd302b93dc2486ac53ba8 to remote] DEBUG org.asynchttpclient.netty.request.NettyRequestSender - Using pooled Channel '[id: 0x13dea5aa, L:/127.0.0.1:62864 - R:localhost/127.0.0.1:47468]' for 'POST' to 'http://localhost:47468/session/093dacd7b42fd302b93dc2486ac53ba8/element/62ffe452-c659-40f9-a0f2-c0b8b27a8d0b/click'
12:03:41.628 [Forwarding clickElement on session 093dacd7b42fd302b93dc2486ac53ba8 to remote] DEBUG org.asynchttpclient.netty.request.NettyRequestSender - Using open Channel [id: 0x13dea5aa, L:/127.0.0.1:62864 - R:localhost/127.0.0.1:47468] for POST '/session/093dacd7b42fd302b93dc2486ac53ba8/element/62ffe452-c659-40f9-a0f2-c0b8b27a8d0b/click'
12:03:41.704 [AsyncHttpClient-1-5] DEBUG org.asynchttpclient.netty.handler.HttpHandler - 

Request DefaultHttpRequest(decodeResult: success, version: HTTP/1.1)
POST /session/093dacd7b42fd302b93dc2486ac53ba8/element/62ffe452-c659-40f9-a0f2-c0b8b27a8d0b/click HTTP/1.1
User-Agent: selenium/4.8.1 (java windows)
Content-Length: 50
Content-Type: application/json; charset=utf-8
host: localhost:47468
accept: */*

Response DefaultHttpResponse(decodeResult: success, version: HTTP/1.1)
HTTP/1.1 200 OK
Content-Length: 14
Content-Type: application/json; charset=utf-8
cache-control: no-cache

12:03:41.704 [AsyncHttpClient-1-5] DEBUG org.asynchttpclient.netty.channel.ChannelManager - Adding key: http://localhost:47468 for channel [id: 0x13dea5aa, L:/127.0.0.1:62864 - R:localhost/127.0.0.1:47468]
12:03:41.711 [Forwarding getAlertText on session 093dacd7b42fd302b93dc2486ac53ba8 to remote] DEBUG org.asynchttpclient.netty.request.NettyRequestSender - Using pooled Channel '[id: 0x13dea5aa, L:/127.0.0.1:62864 - R:localhost/127.0.0.1:47468]' for 'GET' to 'http://localhost:47468/session/093dacd7b42fd302b93dc2486ac53ba8/alert/text'
12:03:41.711 [Forwarding getAlertText on session 093dacd7b42fd302b93dc2486ac53ba8 to remote] DEBUG org.asynchttpclient.netty.request.NettyRequestSender - Using open Channel [id: 0x13dea5aa, L:/127.0.0.1:62864 - R:localhost/127.0.0.1:47468] for GET '/session/093dacd7b42fd302b93dc2486ac53ba8/alert/text'
12:03:41.713 [AsyncHttpClient-1-5] DEBUG org.asynchttpclient.netty.handler.HttpHandler - 

Request DefaultFullHttpRequest(decodeResult: success, version: HTTP/1.1, content: EmptyByteBufBE)
GET /session/093dacd7b42fd302b93dc2486ac53ba8/alert/text HTTP/1.1
User-Agent: selenium/4.8.1 (java windows)
Cache-Control: no-cache
Content-Type: application/json; charset=utf-8
host: localhost:47468
accept: */*

Response DefaultHttpResponse(decodeResult: success, version: HTTP/1.1)
HTTP/1.1 404 Not Found
Content-Length: 821
Content-Type: application/json; charset=utf-8
cache-control: no-cache

12:03:41.713 [AsyncHttpClient-1-5] DEBUG org.asynchttpclient.netty.channel.ChannelManager - Adding key: http://localhost:47468 for channel [id: 0x13dea5aa, L:/127.0.0.1:62864 - R:localhost/127.0.0.1:47468]
12:03:41.715 [Forwarding getCurrentUrl on session 093dacd7b42fd302b93dc2486ac53ba8 to remote] DEBUG org.asynchttpclient.netty.request.NettyRequestSender - Using pooled Channel '[id: 0x13dea5aa, L:/127.0.0.1:62864 - R:localhost/127.0.0.1:47468]' for 'GET' to 'http://localhost:47468/session/093dacd7b42fd302b93dc2486ac53ba8/url'
12:03:41.715 [Forwarding getCurrentUrl on session 093dacd7b42fd302b93dc2486ac53ba8 to remote] DEBUG org.asynchttpclient.netty.request.NettyRequestSender - Using open Channel [id: 0x13dea5aa, L:/127.0.0.1:62864 - R:localhost/127.0.0.1:47468] for GET '/session/093dacd7b42fd302b93dc2486ac53ba8/url'
12:03:41.719 [AsyncHttpClient-1-5] DEBUG org.asynchttpclient.netty.handler.HttpHandler - 

Request DefaultFullHttpRequest(decodeResult: success, version: HTTP/1.1, content: EmptyByteBufBE)
GET /session/093dacd7b42fd302b93dc2486ac53ba8/url HTTP/1.1
User-Agent: selenium/4.8.1 (java windows)
Cache-Control: no-cache
Content-Type: application/json; charset=utf-8
host: localhost:47468
accept: */*

Response DefaultHttpResponse(decodeResult: success, version: HTTP/1.1)
HTTP/1.1 200 OK
Content-Length: 42
Content-Type: application/json; charset=utf-8
cache-control: no-cache

12:03:41.720 [AsyncHttpClient-1-5] DEBUG org.asynchttpclient.netty.channel.ChannelManager - Adding key: http://localhost:47468 for channel [id: 0x13dea5aa, L:/127.0.0.1:62864 - R:localhost/127.0.0.1:47468]
12:03:41.720 [Forwarding screenshot on session 093dacd7b42fd302b93dc2486ac53ba8 to remote] DEBUG org.asynchttpclient.netty.request.NettyRequestSender - Using pooled Channel '[id: 0x13dea5aa, L:/127.0.0.1:62864 - R:localhost/127.0.0.1:47468]' for 'GET' to 'http://localhost:47468/session/093dacd7b42fd302b93dc2486ac53ba8/screenshot'
12:03:41.720 [Forwarding screenshot on session 093dacd7b42fd302b93dc2486ac53ba8 to remote] DEBUG org.asynchttpclient.netty.request.NettyRequestSender - Using open Channel [id: 0x13dea5aa, L:/127.0.0.1:62864 - R:localhost/127.0.0.1:47468] for GET '/session/093dacd7b42fd302b93dc2486ac53ba8/screenshot'
12:03:41.908 [AsyncHttpClient-1-5] DEBUG org.asynchttpclient.netty.handler.HttpHandler - 

Request DefaultFullHttpRequest(decodeResult: success, version: HTTP/1.1, content: EmptyByteBufBE)
GET /session/093dacd7b42fd302b93dc2486ac53ba8/screenshot HTTP/1.1
User-Agent: selenium/4.8.1 (java windows)
Cache-Control: no-cache
Content-Type: application/json; charset=utf-8
host: localhost:47468
accept: */*

Response DefaultHttpResponse(decodeResult: success, version: HTTP/1.1)
HTTP/1.1 200 OK
Content-Length: 152552
Content-Type: application/json; charset=utf-8
cache-control: no-cache

12:03:41.909 [AsyncHttpClient-1-5] DEBUG org.asynchttpclient.netty.channel.ChannelManager - Adding key: http://localhost:47468 for channel [id: 0x13dea5aa, L:/127.0.0.1:62864 - R:localhost/127.0.0.1:47468]
12:03:41.915 [main] DEBUG net.serenitybdd.core.photography.Darkroom - Send negative for processing for target\site\serenity\bf22da3e66c0fecee44cbe12705842bd338921b6c1da8eb28c03586e5c91a8c8.png
12:03:41.916 [main] DEBUG net.thucydides.core.steps.StepInterceptor - STEP DONE: clickButtonLogin
12:03:41.916 [Darkroom Processing Line] DEBUG net.serenitybdd.core.photography.DarkroomProcessingLine - Processing screenshot image in /var/screenshots/screenshot-6185774242181083581
12:03:41.916 [Darkroom Processing Line] DEBUG net.serenitybdd.core.photography.DarkroomProcessingLine - Saving screenshot to target\site\serenity\bf22da3e66c0fecee44cbe12705842bd338921b6c1da8eb28c03586e5c91a8c8.png
  &amp#27;[32mAnd &amp#27;[0m&amp#27;[32mI clicked the enter login&amp#27;[0m                                                                                                    &amp#27;[90m# starter.stepdefinitions.LoginSteps.doClickLoginButton()&amp#27;[0m
12:03:41.929 [Forwarding getPageSource on session 093dacd7b42fd302b93dc2486ac53ba8 to remote] DEBUG org.asynchttpclient.netty.request.NettyRequestSender - Using pooled Channel '[id: 0x13dea5aa, L:/127.0.0.1:62864 - R:localhost/127.0.0.1:47468]' for 'POST' to 'http://localhost:47468/session/093dacd7b42fd302b93dc2486ac53ba8/execute/sync'
12:03:41.929 [Forwarding getPageSource on session 093dacd7b42fd302b93dc2486ac53ba8 to remote] DEBUG org.asynchttpclient.netty.request.NettyRequestSender - Using open Channel [id: 0x13dea5aa, L:/127.0.0.1:62864 - R:localhost/127.0.0.1:47468] for POST '/session/093dacd7b42fd302b93dc2486ac53ba8/execute/sync'
12:03:41.944 [AsyncHttpClient-1-5] DEBUG org.asynchttpclient.netty.handler.HttpHandler - 

Request DefaultHttpRequest(decodeResult: success, version: HTTP/1.1)
POST /session/093dacd7b42fd302b93dc2486ac53ba8/execute/sync HTTP/1.1
User-Agent: selenium/4.8.1 (java windows)
Content-Length: 176
Content-Type: application/json; charset=utf-8
host: localhost:47468
accept: */*

Response DefaultHttpResponse(decodeResult: success, version: HTTP/1.1)
HTTP/1.1 200 OK
Content-Length: 103519
Content-Type: application/json; charset=utf-8
cache-control: no-cache

12:03:41.945 [AsyncHttpClient-1-5] DEBUG org.asynchttpclient.netty.channel.ChannelManager - Adding key: http://localhost:47468 for channel [id: 0x13dea5aa, L:/127.0.0.1:62864 - R:localhost/127.0.0.1:47468]
12:03:41.952 [Forwarding getCurrentUrl on session 093dacd7b42fd302b93dc2486ac53ba8 to remote] DEBUG org.asynchttpclient.netty.request.NettyRequestSender - Using pooled Channel '[id: 0x13dea5aa, L:/127.0.0.1:62864 - R:localhost/127.0.0.1:47468]' for 'GET' to 'http://localhost:47468/session/093dacd7b42fd302b93dc2486ac53ba8/url'
12:03:41.952 [Forwarding getCurrentUrl on session 093dacd7b42fd302b93dc2486ac53ba8 to remote] DEBUG org.asynchttpclient.netty.request.NettyRequestSender - Using open Channel [id: 0x13dea5aa, L:/127.0.0.1:62864 - R:localhost/127.0.0.1:47468] for GET '/session/093dacd7b42fd302b93dc2486ac53ba8/url'
12:03:41.956 [AsyncHttpClient-1-5] DEBUG org.asynchttpclient.netty.handler.HttpHandler - 

Request DefaultFullHttpRequest(decodeResult: success, version: HTTP/1.1, content: EmptyByteBufBE)
GET /session/093dacd7b42fd302b93dc2486ac53ba8/url HTTP/1.1
User-Agent: selenium/4.8.1 (java windows)
Cache-Control: no-cache
Content-Type: application/json; charset=utf-8
host: localhost:47468
accept: */*

Response DefaultHttpResponse(decodeResult: success, version: HTTP/1.1)
HTTP/1.1 200 OK
Content-Length: 42
Content-Type: application/json; charset=utf-8
cache-control: no-cache

12:03:41.957 [AsyncHttpClient-1-5] DEBUG org.asynchttpclient.netty.channel.ChannelManager - Adding key: http://localhost:47468 for channel [id: 0x13dea5aa, L:/127.0.0.1:62864 - R:localhost/127.0.0.1:47468]
12:03:41.960 [AsyncHttpClient-1-1] DEBUG org.asynchttpclient.netty.channel.DefaultChannelPool - Entry count for : http://localhost:62866 : 1
12:03:41.960 [AsyncHttpClient-1-1] DEBUG org.asynchttpclient.netty.channel.DefaultChannelPool - Entry count for : http://localhost:47468 : 1
12:03:41.970 [Forwarding getAlertText on session 093dacd7b42fd302b93dc2486ac53ba8 to remote] DEBUG org.asynchttpclient.netty.request.NettyRequestSender - Using pooled Channel '[id: 0x13dea5aa, L:/127.0.0.1:62864 - R:localhost/127.0.0.1:47468]' for 'GET' to 'http://localhost:47468/session/093dacd7b42fd302b93dc2486ac53ba8/alert/text'
12:03:41.970 [Forwarding getAlertText on session 093dacd7b42fd302b93dc2486ac53ba8 to remote] DEBUG org.asynchttpclient.netty.request.NettyRequestSender - Using open Channel [id: 0x13dea5aa, L:/127.0.0.1:62864 - R:localhost/127.0.0.1:47468] for GET '/session/093dacd7b42fd302b93dc2486ac53ba8/alert/text'
12:03:41.971 [AsyncHttpClient-1-5] DEBUG org.asynchttpclient.netty.handler.HttpHandler - 

Request DefaultFullHttpRequest(decodeResult: success, version: HTTP/1.1, content: EmptyByteBufBE)
GET /session/093dacd7b42fd302b93dc2486ac53ba8/alert/text HTTP/1.1
User-Agent: selenium/4.8.1 (java windows)
Cache-Control: no-cache
Content-Type: application/json; charset=utf-8
host: localhost:47468
accept: */*

Response DefaultHttpResponse(decodeResult: success, version: HTTP/1.1)
HTTP/1.1 404 Not Found
Content-Length: 821
Content-Type: application/json; charset=utf-8
cache-control: no-cache

12:03:41.972 [AsyncHttpClient-1-5] DEBUG org.asynchttpclient.netty.channel.ChannelManager - Adding key: http://localhost:47468 for channel [id: 0x13dea5aa, L:/127.0.0.1:62864 - R:localhost/127.0.0.1:47468]
12:03:41.973 [Forwarding getCurrentUrl on session 093dacd7b42fd302b93dc2486ac53ba8 to remote] DEBUG org.asynchttpclient.netty.request.NettyRequestSender - Using pooled Channel '[id: 0x13dea5aa, L:/127.0.0.1:62864 - R:localhost/127.0.0.1:47468]' for 'GET' to 'http://localhost:47468/session/093dacd7b42fd302b93dc2486ac53ba8/url'
12:03:41.974 [Forwarding getCurrentUrl on session 093dacd7b42fd302b93dc2486ac53ba8 to remote] DEBUG org.asynchttpclient.netty.request.NettyRequestSender - Using open Channel [id: 0x13dea5aa, L:/127.0.0.1:62864 - R:localhost/127.0.0.1:47468] for GET '/session/093dacd7b42fd302b93dc2486ac53ba8/url'
12:03:41.981 [AsyncHttpClient-1-5] DEBUG org.asynchttpclient.netty.handler.HttpHandler - 

Request DefaultFullHttpRequest(decodeResult: success, version: HTTP/1.1, content: EmptyByteBufBE)
GET /session/093dacd7b42fd302b93dc2486ac53ba8/url HTTP/1.1
User-Agent: selenium/4.8.1 (java windows)
Cache-Control: no-cache
Content-Type: application/json; charset=utf-8
host: localhost:47468
accept: */*

Response DefaultHttpResponse(decodeResult: success, version: HTTP/1.1)
HTTP/1.1 200 OK
Content-Length: 42
Content-Type: application/json; charset=utf-8
cache-control: no-cache

12:03:41.982 [AsyncHttpClient-1-5] DEBUG org.asynchttpclient.netty.channel.ChannelManager - Adding key: http://localhost:47468 for channel [id: 0x13dea5aa, L:/127.0.0.1:62864 - R:localhost/127.0.0.1:47468]
12:03:41.983 [Forwarding screenshot on session 093dacd7b42fd302b93dc2486ac53ba8 to remote] DEBUG org.asynchttpclient.netty.request.NettyRequestSender - Using pooled Channel '[id: 0x13dea5aa, L:/127.0.0.1:62864 - R:localhost/127.0.0.1:47468]' for 'GET' to 'http://localhost:47468/session/093dacd7b42fd302b93dc2486ac53ba8/screenshot'
12:03:41.983 [Forwarding screenshot on session 093dacd7b42fd302b93dc2486ac53ba8 to remote] DEBUG org.asynchttpclient.netty.request.NettyRequestSender - Using open Channel [id: 0x13dea5aa, L:/127.0.0.1:62864 - R:localhost/127.0.0.1:47468] for GET '/session/093dacd7b42fd302b93dc2486ac53ba8/screenshot'
12:03:42.157 [AsyncHttpClient-1-5] DEBUG org.asynchttpclient.netty.handler.HttpHandler - 

Request DefaultFullHttpRequest(decodeResult: success, version: HTTP/1.1, content: EmptyByteBufBE)
GET /session/093dacd7b42fd302b93dc2486ac53ba8/screenshot HTTP/1.1
User-Agent: selenium/4.8.1 (java windows)
Cache-Control: no-cache
Content-Type: application/json; charset=utf-8
host: localhost:47468
accept: */*

Response DefaultHttpResponse(decodeResult: success, version: HTTP/1.1)
HTTP/1.1 200 OK
Content-Length: 152872
Content-Type: application/json; charset=utf-8
cache-control: no-cache

12:03:42.158 [AsyncHttpClient-1-5] DEBUG org.asynchttpclient.netty.channel.ChannelManager - Adding key: http://localhost:47468 for channel [id: 0x13dea5aa, L:/127.0.0.1:62864 - R:localhost/127.0.0.1:47468]
12:03:42.164 [main] DEBUG net.serenitybdd.core.photography.Darkroom - Send negative for processing for target\site\serenity\ecb0b4152addc4bb08f59c164abd185e658564767ddcc64623d924da016ffbf6.png
12:03:42.165 [Darkroom Processing Line] DEBUG net.serenitybdd.core.photography.DarkroomProcessingLine - Processing screenshot image in /var/screenshots/screenshot-10945051059749069975
12:03:42.165 [Darkroom Processing Line] DEBUG net.serenitybdd.core.photography.DarkroomProcessingLine - Saving screenshot to target\site\serenity\ecb0b4152addc4bb08f59c164abd185e658564767ddcc64623d924da016ffbf6.png
12:03:42.167 [Forwarding getPageSource on session 093dacd7b42fd302b93dc2486ac53ba8 to remote] DEBUG org.asynchttpclient.netty.request.NettyRequestSender - Using pooled Channel '[id: 0x13dea5aa, L:/127.0.0.1:62864 - R:localhost/127.0.0.1:47468]' for 'POST' to 'http://localhost:47468/session/093dacd7b42fd302b93dc2486ac53ba8/execute/sync'
12:03:42.167 [Forwarding getPageSource on session 093dacd7b42fd302b93dc2486ac53ba8 to remote] DEBUG org.asynchttpclient.netty.request.NettyRequestSender - Using open Channel [id: 0x13dea5aa, L:/127.0.0.1:62864 - R:localhost/127.0.0.1:47468] for POST '/session/093dacd7b42fd302b93dc2486ac53ba8/execute/sync'
12:03:42.182 [AsyncHttpClient-1-5] DEBUG org.asynchttpclient.netty.handler.HttpHandler - 

Request DefaultHttpRequest(decodeResult: success, version: HTTP/1.1)
POST /session/093dacd7b42fd302b93dc2486ac53ba8/execute/sync HTTP/1.1
User-Agent: selenium/4.8.1 (java windows)
Content-Length: 176
Content-Type: application/json; charset=utf-8
host: localhost:47468
accept: */*

Response DefaultHttpResponse(decodeResult: success, version: HTTP/1.1)
HTTP/1.1 200 OK
Content-Length: 104151
Content-Type: application/json; charset=utf-8
cache-control: no-cache

12:03:42.183 [AsyncHttpClient-1-5] DEBUG org.asynchttpclient.netty.channel.ChannelManager - Adding key: http://localhost:47468 for channel [id: 0x13dea5aa, L:/127.0.0.1:62864 - R:localhost/127.0.0.1:47468]
12:03:42.191 [Forwarding getCurrentUrl on session 093dacd7b42fd302b93dc2486ac53ba8 to remote] DEBUG org.asynchttpclient.netty.request.NettyRequestSender - Using pooled Channel '[id: 0x13dea5aa, L:/127.0.0.1:62864 - R:localhost/127.0.0.1:47468]' for 'GET' to 'http://localhost:47468/session/093dacd7b42fd302b93dc2486ac53ba8/url'
12:03:42.191 [Forwarding getCurrentUrl on session 093dacd7b42fd302b93dc2486ac53ba8 to remote] DEBUG org.asynchttpclient.netty.request.NettyRequestSender - Using open Channel [id: 0x13dea5aa, L:/127.0.0.1:62864 - R:localhost/127.0.0.1:47468] for GET '/session/093dacd7b42fd302b93dc2486ac53ba8/url'
12:03:42.195 [AsyncHttpClient-1-5] DEBUG org.asynchttpclient.netty.handler.HttpHandler - 

Request DefaultFullHttpRequest(decodeResult: success, version: HTTP/1.1, content: EmptyByteBufBE)
GET /session/093dacd7b42fd302b93dc2486ac53ba8/url HTTP/1.1
User-Agent: selenium/4.8.1 (java windows)
Cache-Control: no-cache
Content-Type: application/json; charset=utf-8
host: localhost:47468
accept: */*

Response DefaultHttpResponse(decodeResult: success, version: HTTP/1.1)
HTTP/1.1 200 OK
Content-Length: 42
Content-Type: application/json; charset=utf-8
cache-control: no-cache

12:03:42.196 [AsyncHttpClient-1-5] DEBUG org.asynchttpclient.netty.channel.ChannelManager - Adding key: http://localhost:47468 for channel [id: 0x13dea5aa, L:/127.0.0.1:62864 - R:localhost/127.0.0.1:47468]
12:03:42.198 [main] DEBUG net.thucydides.core.steps.StepInterceptor - STARTING STEP: LoginSteps.doSeeErrorMessage - validateErrorMessageDisplayed
12:03:42.202 [Forwarding findElement on session 093dacd7b42fd302b93dc2486ac53ba8 to remote] DEBUG org.asynchttpclient.netty.request.NettyRequestSender - Using pooled Channel '[id: 0x13dea5aa, L:/127.0.0.1:62864 - R:localhost/127.0.0.1:47468]' for 'POST' to 'http://localhost:47468/session/093dacd7b42fd302b93dc2486ac53ba8/element'
12:03:42.202 [Forwarding findElement on session 093dacd7b42fd302b93dc2486ac53ba8 to remote] DEBUG org.asynchttpclient.netty.request.NettyRequestSender - Using open Channel [id: 0x13dea5aa, L:/127.0.0.1:62864 - R:localhost/127.0.0.1:47468] for POST '/session/093dacd7b42fd302b93dc2486ac53ba8/element'
12:03:43.057 [AsyncHttpClient-1-1] DEBUG org.asynchttpclient.netty.channel.DefaultChannelPool - Entry count for : http://localhost:62866 : 1
12:03:43.686 [AsyncHttpClient-1-5] DEBUG org.asynchttpclient.netty.handler.HttpHandler - 

Request DefaultHttpRequest(decodeResult: success, version: HTTP/1.1)
POST /session/093dacd7b42fd302b93dc2486ac53ba8/element HTTP/1.1
User-Agent: selenium/4.8.1 (java windows)
Content-Length: 62
Content-Type: application/json; charset=utf-8
host: localhost:47468
accept: */*

Response DefaultHttpResponse(decodeResult: success, version: HTTP/1.1)
HTTP/1.1 200 OK
Content-Length: 88
Content-Type: application/json; charset=utf-8
cache-control: no-cache

12:03:43.686 [AsyncHttpClient-1-5] DEBUG org.asynchttpclient.netty.channel.ChannelManager - Adding key: http://localhost:47468 for channel [id: 0x13dea5aa, L:/127.0.0.1:62864 - R:localhost/127.0.0.1:47468]
12:03:43.688 [Forwarding isElementDisplayed on session 093dacd7b42fd302b93dc2486ac53ba8 to remote] DEBUG org.asynchttpclient.netty.request.NettyRequestSender - Using pooled Channel '[id: 0x13dea5aa, L:/127.0.0.1:62864 - R:localhost/127.0.0.1:47468]' for 'POST' to 'http://localhost:47468/session/093dacd7b42fd302b93dc2486ac53ba8/execute/sync'
12:03:43.688 [Forwarding isElementDisplayed on session 093dacd7b42fd302b93dc2486ac53ba8 to remote] DEBUG org.asynchttpclient.netty.request.NettyRequestSender - Using open Channel [id: 0x13dea5aa, L:/127.0.0.1:62864 - R:localhost/127.0.0.1:47468] for POST '/session/093dacd7b42fd302b93dc2486ac53ba8/execute/sync'
12:03:43.703 [AsyncHttpClient-1-5] DEBUG org.asynchttpclient.netty.handler.HttpHandler - 

Request DefaultHttpRequest(decodeResult: success, version: HTTP/1.1)
POST /session/093dacd7b42fd302b93dc2486ac53ba8/execute/sync HTTP/1.1
User-Agent: selenium/4.8.1 (java windows)
Content-Length: 48807
Content-Type: application/json; charset=utf-8
host: localhost:47468
accept: */*

Response DefaultHttpResponse(decodeResult: success, version: HTTP/1.1)
HTTP/1.1 200 OK
Content-Length: 14
Content-Type: application/json; charset=utf-8
cache-control: no-cache

12:03:43.703 [AsyncHttpClient-1-5] DEBUG org.asynchttpclient.netty.channel.ChannelManager - Adding key: http://localhost:47468 for channel [id: 0x13dea5aa, L:/127.0.0.1:62864 - R:localhost/127.0.0.1:47468]
12:03:43.709 [Forwarding getAlertText on session 093dacd7b42fd302b93dc2486ac53ba8 to remote] DEBUG org.asynchttpclient.netty.request.NettyRequestSender - Using pooled Channel '[id: 0x13dea5aa, L:/127.0.0.1:62864 - R:localhost/127.0.0.1:47468]' for 'GET' to 'http://localhost:47468/session/093dacd7b42fd302b93dc2486ac53ba8/alert/text'
12:03:43.709 [Forwarding getAlertText on session 093dacd7b42fd302b93dc2486ac53ba8 to remote] DEBUG org.asynchttpclient.netty.request.NettyRequestSender - Using open Channel [id: 0x13dea5aa, L:/127.0.0.1:62864 - R:localhost/127.0.0.1:47468] for GET '/session/093dacd7b42fd302b93dc2486ac53ba8/alert/text'
12:03:43.711 [AsyncHttpClient-1-5] DEBUG org.asynchttpclient.netty.handler.HttpHandler - 

Request DefaultFullHttpRequest(decodeResult: success, version: HTTP/1.1, content: EmptyByteBufBE)
GET /session/093dacd7b42fd302b93dc2486ac53ba8/alert/text HTTP/1.1
User-Agent: selenium/4.8.1 (java windows)
Cache-Control: no-cache
Content-Type: application/json; charset=utf-8
host: localhost:47468
accept: */*

Response DefaultHttpResponse(decodeResult: success, version: HTTP/1.1)
HTTP/1.1 404 Not Found
Content-Length: 821
Content-Type: application/json; charset=utf-8
cache-control: no-cache

12:03:43.711 [AsyncHttpClient-1-5] DEBUG org.asynchttpclient.netty.channel.ChannelManager - Adding key: http://localhost:47468 for channel [id: 0x13dea5aa, L:/127.0.0.1:62864 - R:localhost/127.0.0.1:47468]
12:03:43.714 [Forwarding getCurrentUrl on session 093dacd7b42fd302b93dc2486ac53ba8 to remote] DEBUG org.asynchttpclient.netty.request.NettyRequestSender - Using pooled Channel '[id: 0x13dea5aa, L:/127.0.0.1:62864 - R:localhost/127.0.0.1:47468]' for 'GET' to 'http://localhost:47468/session/093dacd7b42fd302b93dc2486ac53ba8/url'
12:03:43.714 [Forwarding getCurrentUrl on session 093dacd7b42fd302b93dc2486ac53ba8 to remote] DEBUG org.asynchttpclient.netty.request.NettyRequestSender - Using open Channel [id: 0x13dea5aa, L:/127.0.0.1:62864 - R:localhost/127.0.0.1:47468] for GET '/session/093dacd7b42fd302b93dc2486ac53ba8/url'
12:03:43.719 [AsyncHttpClient-1-5] DEBUG org.asynchttpclient.netty.handler.HttpHandler - 

Request DefaultFullHttpRequest(decodeResult: success, version: HTTP/1.1, content: EmptyByteBufBE)
GET /session/093dacd7b42fd302b93dc2486ac53ba8/url HTTP/1.1
User-Agent: selenium/4.8.1 (java windows)
Cache-Control: no-cache
Content-Type: application/json; charset=utf-8
host: localhost:47468
accept: */*

Response DefaultHttpResponse(decodeResult: success, version: HTTP/1.1)
HTTP/1.1 200 OK
Content-Length: 42
Content-Type: application/json; charset=utf-8
cache-control: no-cache

12:03:43.720 [AsyncHttpClient-1-5] DEBUG org.asynchttpclient.netty.channel.ChannelManager - Adding key: http://localhost:47468 for channel [id: 0x13dea5aa, L:/127.0.0.1:62864 - R:localhost/127.0.0.1:47468]
12:03:43.720 [Forwarding screenshot on session 093dacd7b42fd302b93dc2486ac53ba8 to remote] DEBUG org.asynchttpclient.netty.request.NettyRequestSender - Using pooled Channel '[id: 0x13dea5aa, L:/127.0.0.1:62864 - R:localhost/127.0.0.1:47468]' for 'GET' to 'http://localhost:47468/session/093dacd7b42fd302b93dc2486ac53ba8/screenshot'
12:03:43.721 [Forwarding screenshot on session 093dacd7b42fd302b93dc2486ac53ba8 to remote] DEBUG org.asynchttpclient.netty.request.NettyRequestSender - Using open Channel [id: 0x13dea5aa, L:/127.0.0.1:62864 - R:localhost/127.0.0.1:47468] for GET '/session/093dacd7b42fd302b93dc2486ac53ba8/screenshot'
12:03:43.890 [AsyncHttpClient-1-5] DEBUG org.asynchttpclient.netty.handler.HttpHandler - 

Request DefaultFullHttpRequest(decodeResult: success, version: HTTP/1.1, content: EmptyByteBufBE)
GET /session/093dacd7b42fd302b93dc2486ac53ba8/screenshot HTTP/1.1
User-Agent: selenium/4.8.1 (java windows)
Cache-Control: no-cache
Content-Type: application/json; charset=utf-8
host: localhost:47468
accept: */*

Response DefaultHttpResponse(decodeResult: success, version: HTTP/1.1)
HTTP/1.1 200 OK
Content-Length: 294640
Content-Type: application/json; charset=utf-8
cache-control: no-cache

12:03:43.893 [AsyncHttpClient-1-5] DEBUG org.asynchttpclient.netty.channel.ChannelManager - Adding key: http://localhost:47468 for channel [id: 0x13dea5aa, L:/127.0.0.1:62864 - R:localhost/127.0.0.1:47468]
12:03:43.899 [main] DEBUG net.serenitybdd.core.photography.Darkroom - Send negative for processing for target\site\serenity\459c1223ca979d9cacf25489f36d3f49ab15a704d40c72114b1f8752a6644854.png
12:03:43.899 [main] DEBUG net.thucydides.core.steps.StepInterceptor - STEP DONE: validateErrorMessageDisplayed
12:03:43.899 [Darkroom Processing Line] DEBUG net.serenitybdd.core.photography.DarkroomProcessingLine - Processing screenshot image in /var/screenshots/screenshot-10262845893702346422
12:03:43.899 [Darkroom Processing Line] DEBUG net.serenitybdd.core.photography.DarkroomProcessingLine - Saving screenshot to target\site\serenity\459c1223ca979d9cacf25489f36d3f49ab15a704d40c72114b1f8752a6644854.png
12:03:43.907 [Forwarding getPageSource on session 093dacd7b42fd302b93dc2486ac53ba8 to remote] DEBUG org.asynchttpclient.netty.request.NettyRequestSender - Using pooled Channel '[id: 0x13dea5aa, L:/127.0.0.1:62864 - R:localhost/127.0.0.1:47468]' for 'POST' to 'http://localhost:47468/session/093dacd7b42fd302b93dc2486ac53ba8/execute/sync'
12:03:43.907 [Forwarding getPageSource on session 093dacd7b42fd302b93dc2486ac53ba8 to remote] DEBUG org.asynchttpclient.netty.request.NettyRequestSender - Using open Channel [id: 0x13dea5aa, L:/127.0.0.1:62864 - R:localhost/127.0.0.1:47468] for POST '/session/093dacd7b42fd302b93dc2486ac53ba8/execute/sync'
12:03:43.917 [AsyncHttpClient-1-5] DEBUG org.asynchttpclient.netty.handler.HttpHandler - 

Request DefaultHttpRequest(decodeResult: success, version: HTTP/1.1)
POST /session/093dacd7b42fd302b93dc2486ac53ba8/execute/sync HTTP/1.1
User-Agent: selenium/4.8.1 (java windows)
Content-Length: 176
Content-Type: application/json; charset=utf-8
host: localhost:47468
accept: */*

Response DefaultHttpResponse(decodeResult: success, version: HTTP/1.1)
HTTP/1.1 200 OK
Content-Length: 100786
Content-Type: application/json; charset=utf-8
cache-control: no-cache

12:03:43.918 [AsyncHttpClient-1-5] DEBUG org.asynchttpclient.netty.channel.ChannelManager - Adding key: http://localhost:47468 for channel [id: 0x13dea5aa, L:/127.0.0.1:62864 - R:localhost/127.0.0.1:47468]
12:03:43.923 [Forwarding getCurrentUrl on session 093dacd7b42fd302b93dc2486ac53ba8 to remote] DEBUG org.asynchttpclient.netty.request.NettyRequestSender - Using pooled Channel '[id: 0x13dea5aa, L:/127.0.0.1:62864 - R:localhost/127.0.0.1:47468]' for 'GET' to 'http://localhost:47468/session/093dacd7b42fd302b93dc2486ac53ba8/url'
12:03:43.923 [Forwarding getCurrentUrl on session 093dacd7b42fd302b93dc2486ac53ba8 to remote] DEBUG org.asynchttpclient.netty.request.NettyRequestSender - Using open Channel [id: 0x13dea5aa, L:/127.0.0.1:62864 - R:localhost/127.0.0.1:47468] for GET '/session/093dacd7b42fd302b93dc2486ac53ba8/url'
12:03:43.930 [AsyncHttpClient-1-5] DEBUG org.asynchttpclient.netty.handler.HttpHandler - 

Request DefaultFullHttpRequest(decodeResult: success, version: HTTP/1.1, content: EmptyByteBufBE)
GET /session/093dacd7b42fd302b93dc2486ac53ba8/url HTTP/1.1
User-Agent: selenium/4.8.1 (java windows)
Cache-Control: no-cache
Content-Type: application/json; charset=utf-8
host: localhost:47468
accept: */*

Response DefaultHttpResponse(decodeResult: success, version: HTTP/1.1)
HTTP/1.1 200 OK
Content-Length: 42
Content-Type: application/json; charset=utf-8
cache-control: no-cache

12:03:43.930 [AsyncHttpClient-1-5] DEBUG org.asynchttpclient.netty.channel.ChannelManager - Adding key: http://localhost:47468 for channel [id: 0x13dea5aa, L:/127.0.0.1:62864 - R:localhost/127.0.0.1:47468]
12:03:43.932 [main] DEBUG net.thucydides.core.steps.StepInterceptor - STARTING STEP: LoginSteps.doSeeErrorMessage - validateEqualErrorMessage
12:03:43.935 [Forwarding findElement on session 093dacd7b42fd302b93dc2486ac53ba8 to remote] DEBUG org.asynchttpclient.netty.request.NettyRequestSender - Using pooled Channel '[id: 0x13dea5aa, L:/127.0.0.1:62864 - R:localhost/127.0.0.1:47468]' for 'POST' to 'http://localhost:47468/session/093dacd7b42fd302b93dc2486ac53ba8/element'
12:03:43.935 [Forwarding findElement on session 093dacd7b42fd302b93dc2486ac53ba8 to remote] DEBUG org.asynchttpclient.netty.request.NettyRequestSender - Using open Channel [id: 0x13dea5aa, L:/127.0.0.1:62864 - R:localhost/127.0.0.1:47468] for POST '/session/093dacd7b42fd302b93dc2486ac53ba8/element'
12:03:43.943 [AsyncHttpClient-1-5] DEBUG org.asynchttpclient.netty.handler.HttpHandler - 

Request DefaultHttpRequest(decodeResult: success, version: HTTP/1.1)
POST /session/093dacd7b42fd302b93dc2486ac53ba8/element HTTP/1.1
User-Agent: selenium/4.8.1 (java windows)
Content-Length: 62
Content-Type: application/json; charset=utf-8
host: localhost:47468
accept: */*

Response DefaultHttpResponse(decodeResult: success, version: HTTP/1.1)
HTTP/1.1 200 OK
Content-Length: 88
Content-Type: application/json; charset=utf-8
cache-control: no-cache

12:03:43.943 [AsyncHttpClient-1-5] DEBUG org.asynchttpclient.netty.channel.ChannelManager - Adding key: http://localhost:47468 for channel [id: 0x13dea5aa, L:/127.0.0.1:62864 - R:localhost/127.0.0.1:47468]
12:03:43.944 [Forwarding getElementText on session 093dacd7b42fd302b93dc2486ac53ba8 to remote] DEBUG org.asynchttpclient.netty.request.NettyRequestSender - Using pooled Channel '[id: 0x13dea5aa, L:/127.0.0.1:62864 - R:localhost/127.0.0.1:47468]' for 'GET' to 'http://localhost:47468/session/093dacd7b42fd302b93dc2486ac53ba8/element/931ec3e4-5fd5-40d5-a41f-6ba1658aee76/text'
12:03:43.944 [Forwarding getElementText on session 093dacd7b42fd302b93dc2486ac53ba8 to remote] DEBUG org.asynchttpclient.netty.request.NettyRequestSender - Using open Channel [id: 0x13dea5aa, L:/127.0.0.1:62864 - R:localhost/127.0.0.1:47468] for GET '/session/093dacd7b42fd302b93dc2486ac53ba8/element/931ec3e4-5fd5-40d5-a41f-6ba1658aee76/text'
12:03:43.960 [AsyncHttpClient-1-5] DEBUG org.asynchttpclient.netty.handler.HttpHandler - 

Request DefaultFullHttpRequest(decodeResult: success, version: HTTP/1.1, content: EmptyByteBufBE)
GET /session/093dacd7b42fd302b93dc2486ac53ba8/element/931ec3e4-5fd5-40d5-a41f-6ba1658aee76/text HTTP/1.1
User-Agent: selenium/4.8.1 (java windows)
Cache-Control: no-cache
Content-Type: application/json; charset=utf-8
host: localhost:47468
accept: */*

Response DefaultHttpResponse(decodeResult: success, version: HTTP/1.1)
HTTP/1.1 200 OK
Content-Length: 109
Content-Type: application/json; charset=utf-8
cache-control: no-cache

12:03:43.960 [AsyncHttpClient-1-5] DEBUG org.asynchttpclient.netty.channel.ChannelManager - Adding key: http://localhost:47468 for channel [id: 0x13dea5aa, L:/127.0.0.1:62864 - R:localhost/127.0.0.1:47468]
12:03:43.965 [Forwarding getAlertText on session 093dacd7b42fd302b93dc2486ac53ba8 to remote] DEBUG org.asynchttpclient.netty.request.NettyRequestSender - Using pooled Channel '[id: 0x13dea5aa, L:/127.0.0.1:62864 - R:localhost/127.0.0.1:47468]' for 'GET' to 'http://localhost:47468/session/093dacd7b42fd302b93dc2486ac53ba8/alert/text'
12:03:43.965 [Forwarding getAlertText on session 093dacd7b42fd302b93dc2486ac53ba8 to remote] DEBUG org.asynchttpclient.netty.request.NettyRequestSender - Using open Channel [id: 0x13dea5aa, L:/127.0.0.1:62864 - R:localhost/127.0.0.1:47468] for GET '/session/093dacd7b42fd302b93dc2486ac53ba8/alert/text'
12:03:43.967 [AsyncHttpClient-1-5] DEBUG org.asynchttpclient.netty.handler.HttpHandler - 

Request DefaultFullHttpRequest(decodeResult: success, version: HTTP/1.1, content: EmptyByteBufBE)
GET /session/093dacd7b42fd302b93dc2486ac53ba8/alert/text HTTP/1.1
User-Agent: selenium/4.8.1 (java windows)
Cache-Control: no-cache
Content-Type: application/json; charset=utf-8
host: localhost:47468
accept: */*

Response DefaultHttpResponse(decodeResult: success, version: HTTP/1.1)
HTTP/1.1 404 Not Found
Content-Length: 821
Content-Type: application/json; charset=utf-8
cache-control: no-cache

12:03:43.967 [AsyncHttpClient-1-5] DEBUG org.asynchttpclient.netty.channel.ChannelManager - Adding key: http://localhost:47468 for channel [id: 0x13dea5aa, L:/127.0.0.1:62864 - R:localhost/127.0.0.1:47468]
12:03:43.968 [Forwarding getCurrentUrl on session 093dacd7b42fd302b93dc2486ac53ba8 to remote] DEBUG org.asynchttpclient.netty.request.NettyRequestSender - Using pooled Channel '[id: 0x13dea5aa, L:/127.0.0.1:62864 - R:localhost/127.0.0.1:47468]' for 'GET' to 'http://localhost:47468/session/093dacd7b42fd302b93dc2486ac53ba8/url'
12:03:43.968 [Forwarding getCurrentUrl on session 093dacd7b42fd302b93dc2486ac53ba8 to remote] DEBUG org.asynchttpclient.netty.request.NettyRequestSender - Using open Channel [id: 0x13dea5aa, L:/127.0.0.1:62864 - R:localhost/127.0.0.1:47468] for GET '/session/093dacd7b42fd302b93dc2486ac53ba8/url'
12:03:43.972 [AsyncHttpClient-1-5] DEBUG org.asynchttpclient.netty.handler.HttpHandler - 

Request DefaultFullHttpRequest(decodeResult: success, version: HTTP/1.1, content: EmptyByteBufBE)
GET /session/093dacd7b42fd302b93dc2486ac53ba8/url HTTP/1.1
User-Agent: selenium/4.8.1 (java windows)
Cache-Control: no-cache
Content-Type: application/json; charset=utf-8
host: localhost:47468
accept: */*

Response DefaultHttpResponse(decodeResult: success, version: HTTP/1.1)
HTTP/1.1 200 OK
Content-Length: 42
Content-Type: application/json; charset=utf-8
cache-control: no-cache

12:03:43.972 [AsyncHttpClient-1-5] DEBUG org.asynchttpclient.netty.channel.ChannelManager - Adding key: http://localhost:47468 for channel [id: 0x13dea5aa, L:/127.0.0.1:62864 - R:localhost/127.0.0.1:47468]
12:03:43.972 [Forwarding screenshot on session 093dacd7b42fd302b93dc2486ac53ba8 to remote] DEBUG org.asynchttpclient.netty.request.NettyRequestSender - Using pooled Channel '[id: 0x13dea5aa, L:/127.0.0.1:62864 - R:localhost/127.0.0.1:47468]' for 'GET' to 'http://localhost:47468/session/093dacd7b42fd302b93dc2486ac53ba8/screenshot'
12:03:43.972 [Forwarding screenshot on session 093dacd7b42fd302b93dc2486ac53ba8 to remote] DEBUG org.asynchttpclient.netty.request.NettyRequestSender - Using open Channel [id: 0x13dea5aa, L:/127.0.0.1:62864 - R:localhost/127.0.0.1:47468] for GET '/session/093dacd7b42fd302b93dc2486ac53ba8/screenshot'
12:03:44.126 [AsyncHttpClient-1-5] DEBUG org.asynchttpclient.netty.handler.HttpHandler - 

Request DefaultFullHttpRequest(decodeResult: success, version: HTTP/1.1, content: EmptyByteBufBE)
GET /session/093dacd7b42fd302b93dc2486ac53ba8/screenshot HTTP/1.1
User-Agent: selenium/4.8.1 (java windows)
Cache-Control: no-cache
Content-Type: application/json; charset=utf-8
host: localhost:47468
accept: */*

Response DefaultHttpResponse(decodeResult: success, version: HTTP/1.1)
HTTP/1.1 200 OK
Content-Length: 294640
Content-Type: application/json; charset=utf-8
cache-control: no-cache

12:03:44.127 [AsyncHttpClient-1-5] DEBUG org.asynchttpclient.netty.channel.ChannelManager - Adding key: http://localhost:47468 for channel [id: 0x13dea5aa, L:/127.0.0.1:62864 - R:localhost/127.0.0.1:47468]
12:03:44.134 [main] DEBUG net.serenitybdd.core.photography.Darkroom - Send negative for processing for target\site\serenity\459c1223ca979d9cacf25489f36d3f49ab15a704d40c72114b1f8752a6644854.png
12:03:44.134 [main] DEBUG net.thucydides.core.steps.StepInterceptor - STEP DONE: validateEqualErrorMessage
  &amp#27;[32mThen &amp#27;[0m&amp#27;[32mI can see error message &amp#27;[0m&amp#27;[32m&amp#27;[1m"Coba ingat-ingat lagi alamat e-mail/ nomor handphone dan password kamu. Masih ada yang salah nih."&amp#27;[0m &amp#27;[90m# starter.stepdefinitions.LoginSteps.doSeeErrorMessage(java.lang.String)&amp#27;[0m
12:03:44.139 [main] INFO  - 
  _____   ___   ___   _____     ___     _     ___   ___   ___   ___  
 |_   _| | __| / __| |_   _|   | _ \   /_\   / __| / __| | __| |   \ 
   | |   | _|  \__ \   | |     |  _/  / _ \  \__ \ \__ \ | _|  | |) |
   |_|   |___| |___/   |_|     |_|   /_/ \_\ |___/ |___/ |___| |___/ 

As a user I can't login successfully
----------------------------------------------------------------------
12:03:44.141 [Driver Command Executor] DEBUG org.asynchttpclient.netty.request.NettyRequestSender - Using pooled Channel '[id: 0x13dea5aa, L:/127.0.0.1:62864 - R:localhost/127.0.0.1:47468]' for 'DELETE' to 'http://localhost:47468/session/093dacd7b42fd302b93dc2486ac53ba8'
12:03:44.141 [Driver Command Executor] DEBUG org.asynchttpclient.netty.request.NettyRequestSender - Using open Channel [id: 0x13dea5aa, L:/127.0.0.1:62864 - R:localhost/127.0.0.1:47468] for DELETE '/session/093dacd7b42fd302b93dc2486ac53ba8'
12:03:44.141 [AsyncHttpClient-1-7] DEBUG org.asynchttpclient.netty.handler.WebSocketHandler - Channel Closed: [id: 0x5c966acb, L:/127.0.0.1:62874 ! R:localhost/127.0.0.1:62866] with attribute NettyResponseFuture{currentRetry=0,
	isDone=1,
	isCancelled=0,
	asyncHandler=org.asynchttpclient.ws.WebSocketUpgradeHandler@3a7079c9,
	nettyRequest=org.asynchttpclient.netty.request.NettyRequest@7f72f0e3,
	future=java.util.concurrent.CompletableFuture@f9f386e[Completed normally],
	uri=ws://localhost:62866/devtools/browser/4f5417a3-221c-4412-bb60-abbc7303712b,
	keepAlive=true,
	redirectCount=0,
	timeoutsHolder=null,
	inAuth=0,
	touch=1683263015833}
12:03:44.141 [AsyncHttpClient-1-7] DEBUG org.asynchttpclient.netty.channel.ChannelManager - Closing Channel [id: 0x5c966acb, L:/127.0.0.1:62874 ! R:localhost/127.0.0.1:62866] 
12:03:44.153 [AsyncHttpClient-1-1] DEBUG org.asynchttpclient.netty.channel.DefaultChannelPool - Entry count for : http://localhost:62866 : 1
12:03:44.190 [AsyncHttpClient-1-6] DEBUG org.asynchttpclient.netty.handler.HttpHandler - Unexpected I/O exception on channel [id: 0xe669f0c4, L:/127.0.0.1:62873 - R:localhost/127.0.0.1:62866]
java.net.SocketException: Connection reset
	at java.base/sun.nio.ch.SocketChannelImpl.throwConnectionReset(SocketChannelImpl.java:401)
	at java.base/sun.nio.ch.SocketChannelImpl.read(SocketChannelImpl.java:434)
	at io.netty.buffer.PooledByteBuf.setBytes(PooledByteBuf.java:259)
	at io.netty.buffer.AbstractByteBuf.writeBytes(AbstractByteBuf.java:1132)
	at io.netty.channel.socket.nio.NioSocketChannel.doReadBytes(NioSocketChannel.java:357)
	at io.netty.channel.nio.AbstractNioByteChannel$NioByteUnsafe.read(AbstractNioByteChannel.java:151)
	at io.netty.channel.nio.NioEventLoop.processSelectedKey(NioEventLoop.java:788)
	at io.netty.channel.nio.NioEventLoop.processSelectedKeysOptimized(NioEventLoop.java:724)
	at io.netty.channel.nio.NioEventLoop.processSelectedKeys(NioEventLoop.java:650)
	at io.netty.channel.nio.NioEventLoop.run(NioEventLoop.java:562)
	at io.netty.util.concurrent.SingleThreadEventExecutor$4.run(SingleThreadEventExecutor.java:997)
	at io.netty.util.internal.ThreadExecutorMap$2.run(ThreadExecutorMap.java:74)
	at io.netty.util.concurrent.FastThreadLocalRunnable.run(FastThreadLocalRunnable.java:30)
	at java.base/java.lang.Thread.run(Thread.java:1589)
12:03:44.192 [AsyncHttpClient-1-6] DEBUG org.asynchttpclient.netty.channel.ChannelManager - Closing Channel [id: 0xe669f0c4, L:/127.0.0.1:62873 - R:localhost/127.0.0.1:62866] 
12:03:44.192 [AsyncHttpClient-1-6] DEBUG org.asynchttpclient.netty.handler.HttpHandler - Channel Closed: [id: 0xe669f0c4, L:/127.0.0.1:62873 ! R:localhost/127.0.0.1:62866] with attribute DISCARD
12:03:44.218 [AsyncHttpClient-1-5] DEBUG org.asynchttpclient.netty.handler.HttpHandler - 

Request DefaultFullHttpRequest(decodeResult: success, version: HTTP/1.1, content: EmptyByteBufBE)
DELETE /session/093dacd7b42fd302b93dc2486ac53ba8 HTTP/1.1
User-Agent: selenium/4.8.1 (java windows)
Content-Type: application/json; charset=utf-8
host: localhost:47468
accept: */*

Response DefaultHttpResponse(decodeResult: success, version: HTTP/1.1)
HTTP/1.1 200 OK
Content-Length: 14
Content-Type: application/json; charset=utf-8
cache-control: no-cache

12:03:44.218 [AsyncHttpClient-1-5] DEBUG org.asynchttpclient.netty.channel.ChannelManager - Adding key: http://localhost:47468 for channel [id: 0x13dea5aa, L:/127.0.0.1:62864 - R:localhost/127.0.0.1:47468]
12:03:44.296 [AsyncHttpClient-1-5] DEBUG org.asynchttpclient.netty.handler.HttpHandler - Channel Closed: [id: 0x13dea5aa, L:/127.0.0.1:62864 ! R:localhost/127.0.0.1:47468] with attribute DISCARD
]]></system-out>
    <system-err><![CDATA[Starting ChromeDriver 112.0.5615.49 (bd2a7bcb881c11e8cfe3078709382934e3916914-refs/branch-heads/5615@{#936}) on port 47468
Only local connections are allowed.
Please see https://chromedriver.chromium.org/security-considerations for suggestions on keeping ChromeDriver safe.
ChromeDriver was started successfully.
May 05, 2023 12:03:35 PM org.openqa.selenium.devtools.CdpVersionFinder findNearestMatch
WARNING: Unable to find an exact match for CDP version 112, so returning the closest version found: 110
]]></system-err>
  </testcase>
  <testcase name="as a user I can do payment" classname="login sepulsa #2" time="13.169">
    <error type="org.openqa.selenium.StaleElementReferenceException"><![CDATA[org.openqa.selenium.StaleElementReferenceException: 
stale element reference: element is not attached to the page document
  (Session info: chrome=112.0.5615.139)
For documentation on this error, please visit: https://selenium.dev/exceptions/#stale_element_reference
Build info: version: '4.8.1', revision: '8ebccac989'
System info: os.name: 'Windows 11', os.arch: 'amd64', os.version: '10.0', java.version: '19'
Driver info: org.openqa.selenium.chrome.ChromeDriver
Command: [d281158bd6d51ff66f8960879be9bf76, isElementDisplayed {id=9297b59d-2474-4d28-b43c-f69f0b31b351}]
Capabilities {acceptInsecureCerts: false, browserName: chrome, browserVersion: 112.0.5615.139, chrome: {chromedriverVersion: 112.0.5615.49 (bd2a7bcb881c..., userDataDir: C:\Users\WINDOW~1\AppData\L...}, goog:chromeOptions: {debuggerAddress: localhost:62910}, networkConnectionEnabled: false, pageLoadStrategy: normal, platformName: WINDOWS, proxy: Proxy(), se:cdp: ws://localhost:62910/devtoo..., se:cdpVersion: 112.0.5615.139, setWindowRect: true, strictFileInteractability: false, timeouts: {implicit: 0, pageLoad: 300000, script: 30000}, unhandledPromptBehavior: dismiss and notify, webauthn:extension:credBlob: true, webauthn:extension:largeBlob: true, webauthn:extension:minPinLength: true, webauthn:extension:prf: true, webauthn:virtualAuthenticators: true}
Element: [[ChromeDriver: chrome on WINDOWS (d281158bd6d51ff66f8960879be9bf76)] -> class name: App]
Session ID: d281158bd6d51ff66f8960879be9bf76
]]></error>
    <system-out><![CDATA[12:03:44.325 [main] DEBUG io.cucumber.core.plugin.SerenityReporter - Running feature from file:///C:/Users/WINDOWS%2011/IdeaProjects/Prioritas2-Web-Test/src/test/resources/features/payment.feature
12:03:44.328 [main] DEBUG net.thucydides.core.steps.StepEventBus - Test suite started for story net.thucydides.core.model.Story@717a10cf
12:03:44.329 [main] INFO  - Test Suite Started: login sepulsa

@payment @UserD
Scenario: as a user I can do payment         &amp#27;[90m# src/test/resources/features/payment.feature:4&amp#27;[0m
12:03:44.336 [main] DEBUG io.cucumber.core.plugin.SerenityReporter - Running feature from file:///C:/Users/WINDOWS%2011/IdeaProjects/Prioritas2-Web-Test/src/test/resources/features/payment.feature
12:03:44.339 [main] INFO  - 
  _____   ___   ___   _____     ___   _____     _     ___   _____   ___   ___  
 |_   _| | __| / __| |_   _|   / __| |_   _|   /_\   | _ \ |_   _| | __| |   \ 
   | |   | _|  \__ \   | |     \__ \   | |    / _ \  |   /   | |   | _|  | |) |
   |_|   |___| |___/   |_|     |___/   |_|   /_/ \_\ |_|_\   |_|   |___| |___/ 

as a user I can do payment(login-sepulsa;as-a-user-i-can-do-payment)
--------------------------------------------------------------------------------
12:03:44.434 [main] INFO net.serenitybdd.core.webdriver.driverproviders.ChromeDriverProvider - Starting Chrome driver instance with capabilities:
12:03:44.434 [main] INFO net.serenitybdd.core.webdriver.driverproviders.ChromeDriverProvider - Capabilities {acceptInsecureCerts: false, browserName: chrome, goog:chromeOptions: {args: [remote-allow-origins=*], extensions: []}}
12:03:44.519 [AsyncHttpClient-1-8] DEBUG org.asynchttpclient.netty.channel.NettyConnectListener - Using new Channel '[id: 0xc7aa666f, L:/127.0.0.1:62909 - R:localhost/127.0.0.1:42207]' for 'POST' to '/session'
12:03:45.259 [AsyncHttpClient-1-1] DEBUG org.asynchttpclient.netty.channel.DefaultChannelPool - Entry count for : http://localhost:62866 : 1
12:03:45.259 [AsyncHttpClient-1-1] DEBUG org.asynchttpclient.netty.channel.DefaultChannelPool - Entry count for : http://localhost:47468 : 1
12:03:45.259 [AsyncHttpClient-1-1] DEBUG org.asynchttpclient.netty.channel.DefaultChannelPool - Adding Candidate expired Channel [id: 0xe669f0c4, L:/127.0.0.1:62873 ! R:localhost/127.0.0.1:62866] isIdleTimeoutExpired=false isRemotelyClosed=true isTtlExpired=false
12:03:45.259 [AsyncHttpClient-1-1] DEBUG org.asynchttpclient.netty.channel.DefaultChannelPool - Closing Idle Channel [id: 0xe669f0c4, L:/127.0.0.1:62873 ! R:localhost/127.0.0.1:62866]
12:03:45.259 [AsyncHttpClient-1-1] DEBUG org.asynchttpclient.netty.channel.DefaultChannelPool - Adding Candidate expired Channel [id: 0x13dea5aa, L:/127.0.0.1:62864 ! R:localhost/127.0.0.1:47468] isIdleTimeoutExpired=false isRemotelyClosed=true isTtlExpired=false
12:03:45.259 [AsyncHttpClient-1-1] DEBUG org.asynchttpclient.netty.channel.DefaultChannelPool - Closing Idle Channel [id: 0x13dea5aa, L:/127.0.0.1:62864 ! R:localhost/127.0.0.1:47468]
12:03:45.259 [AsyncHttpClient-1-1] DEBUG org.asynchttpclient.netty.channel.DefaultChannelPool - Closed 2 connections out of 2 in 0 ms
12:03:45.354 [AsyncHttpClient-1-8] DEBUG org.asynchttpclient.netty.handler.HttpHandler - 

Request DefaultHttpRequest(decodeResult: success, version: HTTP/1.1)
POST /session HTTP/1.1
User-Agent: selenium/4.8.1 (java windows)
Content-Length: 507
Content-Type: application/json; charset=utf-8
host: localhost:42207
accept: */*

Response DefaultHttpResponse(decodeResult: success, version: HTTP/1.1)
HTTP/1.1 200 OK
Content-Length: 863
Content-Type: application/json; charset=utf-8
cache-control: no-cache

12:03:45.354 [AsyncHttpClient-1-8] DEBUG org.asynchttpclient.netty.channel.ChannelManager - Adding key: http://localhost:42207 for channel [id: 0xc7aa666f, L:/127.0.0.1:62909 - R:localhost/127.0.0.1:42207]
12:03:45.366 [AsyncHttpClient-1-9] DEBUG org.asynchttpclient.netty.channel.NettyConnectListener - Using new Channel '[id: 0xb61a6be3, L:/127.0.0.1:62916 - R:localhost/127.0.0.1:62910]' for 'GET' to '/json/version'
12:03:45.370 [AsyncHttpClient-1-9] DEBUG org.asynchttpclient.netty.handler.HttpHandler - 

Request DefaultFullHttpRequest(decodeResult: success, version: HTTP/1.1, content: EmptyByteBufBE)
GET /json/version HTTP/1.1
User-Agent: selenium/4.8.1 (java windows)
host: localhost:62910
accept: */*

Response DefaultHttpResponse(decodeResult: success, version: HTTP/1.1)
HTTP/1.1 200 OK
Content-Security-Policy: frame-ancestors 'none'
Content-Length: 424
Content-Type: application/json; charset=UTF-8

12:03:45.371 [AsyncHttpClient-1-9] DEBUG org.asynchttpclient.netty.channel.ChannelManager - Adding key: http://localhost:62910 for channel [id: 0xb61a6be3, L:/127.0.0.1:62916 - R:localhost/127.0.0.1:62910]
12:03:45.402 [AsyncHttpClient-1-10] DEBUG org.asynchttpclient.netty.channel.NettyConnectListener - Using new Channel '[id: 0x2d8a0126, L:/127.0.0.1:62918 - R:localhost/127.0.0.1:62910]' for 'GET' to '/devtools/browser/9d823f05-917d-421a-8bd2-b94b0b4d5260'
12:03:45.409 [AsyncHttpClient-1-10] DEBUG org.asynchttpclient.netty.handler.WebSocketHandler - 

Request DefaultFullHttpRequest(decodeResult: success, version: HTTP/1.1, content: EmptyByteBufBE)
GET /devtools/browser/9d823f05-917d-421a-8bd2-b94b0b4d5260 HTTP/1.1
upgrade: websocket
connection: upgrade
sec-websocket-key: TsWsdwjF3zMvdcYDDMT2Sg==
sec-websocket-version: 13
origin: http://localhost:62910
host: localhost:62910
accept: */*
user-agent: AHC/2.1

Response DefaultHttpResponse(decodeResult: success, version: HTTP/1.1)
HTTP/1.1 101 WebSocket Protocol Handshake
Upgrade: WebSocket
Connection: Upgrade
Sec-WebSocket-Accept: jpfc3v5D5w2CYyZMBcFhO97CBKs=

12:03:45.415 [Forwarding get on session d281158bd6d51ff66f8960879be9bf76 to remote] DEBUG org.asynchttpclient.netty.request.NettyRequestSender - Using pooled Channel '[id: 0xc7aa666f, L:/127.0.0.1:62909 - R:localhost/127.0.0.1:42207]' for 'POST' to 'http://localhost:42207/session/d281158bd6d51ff66f8960879be9bf76/url'
12:03:45.415 [Forwarding get on session d281158bd6d51ff66f8960879be9bf76 to remote] DEBUG org.asynchttpclient.netty.request.NettyRequestSender - Using open Channel [id: 0xc7aa666f, L:/127.0.0.1:62909 - R:localhost/127.0.0.1:42207] for POST '/session/d281158bd6d51ff66f8960879be9bf76/url'
12:03:46.354 [AsyncHttpClient-1-1] DEBUG org.asynchttpclient.netty.channel.DefaultChannelPool - Entry count for : http://localhost:62910 : 1
12:03:47.458 [AsyncHttpClient-1-1] DEBUG org.asynchttpclient.netty.channel.DefaultChannelPool - Entry count for : http://localhost:62910 : 1
12:03:47.537 [AsyncHttpClient-1-8] DEBUG org.asynchttpclient.netty.handler.HttpHandler - 

Request DefaultHttpRequest(decodeResult: success, version: HTTP/1.1)
POST /session/d281158bd6d51ff66f8960879be9bf76/url HTTP/1.1
User-Agent: selenium/4.8.1 (java windows)
Content-Length: 54
Content-Type: application/json; charset=utf-8
host: localhost:42207
accept: */*

Response DefaultHttpResponse(decodeResult: success, version: HTTP/1.1)
HTTP/1.1 200 OK
Content-Length: 14
Content-Type: application/json; charset=utf-8
cache-control: no-cache

12:03:47.537 [AsyncHttpClient-1-8] DEBUG org.asynchttpclient.netty.channel.ChannelManager - Adding key: http://localhost:42207 for channel [id: 0xc7aa666f, L:/127.0.0.1:62909 - R:localhost/127.0.0.1:42207]
12:03:47.540 [Forwarding setTimeout on session d281158bd6d51ff66f8960879be9bf76 to remote] DEBUG org.asynchttpclient.netty.request.NettyRequestSender - Using pooled Channel '[id: 0xc7aa666f, L:/127.0.0.1:62909 - R:localhost/127.0.0.1:42207]' for 'POST' to 'http://localhost:42207/session/d281158bd6d51ff66f8960879be9bf76/timeouts'
12:03:47.540 [Forwarding setTimeout on session d281158bd6d51ff66f8960879be9bf76 to remote] DEBUG org.asynchttpclient.netty.request.NettyRequestSender - Using open Channel [id: 0xc7aa666f, L:/127.0.0.1:62909 - R:localhost/127.0.0.1:42207] for POST '/session/d281158bd6d51ff66f8960879be9bf76/timeouts'
12:03:47.542 [AsyncHttpClient-1-8] DEBUG org.asynchttpclient.netty.handler.HttpHandler - 

Request DefaultHttpRequest(decodeResult: success, version: HTTP/1.1)
POST /session/d281158bd6d51ff66f8960879be9bf76/timeouts HTTP/1.1
User-Agent: selenium/4.8.1 (java windows)
Content-Length: 22
Content-Type: application/json; charset=utf-8
host: localhost:42207
accept: */*

Response DefaultHttpResponse(decodeResult: success, version: HTTP/1.1)
HTTP/1.1 200 OK
Content-Length: 14
Content-Type: application/json; charset=utf-8
cache-control: no-cache

12:03:47.542 [AsyncHttpClient-1-8] DEBUG org.asynchttpclient.netty.channel.ChannelManager - Adding key: http://localhost:42207 for channel [id: 0xc7aa666f, L:/127.0.0.1:62909 - R:localhost/127.0.0.1:42207]
12:03:47.551 [main] DEBUG net.serenitybdd.core.photography.Darkroom - Opening darkroom
12:03:47.552 [Darkroom Processing Line] DEBUG net.serenitybdd.core.photography.DarkroomProcessingLine - Darkroom processing line starting up
12:03:47.553 [Forwarding getAlertText on session d281158bd6d51ff66f8960879be9bf76 to remote] DEBUG org.asynchttpclient.netty.request.NettyRequestSender - Using pooled Channel '[id: 0xc7aa666f, L:/127.0.0.1:62909 - R:localhost/127.0.0.1:42207]' for 'GET' to 'http://localhost:42207/session/d281158bd6d51ff66f8960879be9bf76/alert/text'
12:03:47.553 [Forwarding getAlertText on session d281158bd6d51ff66f8960879be9bf76 to remote] DEBUG org.asynchttpclient.netty.request.NettyRequestSender - Using open Channel [id: 0xc7aa666f, L:/127.0.0.1:62909 - R:localhost/127.0.0.1:42207] for GET '/session/d281158bd6d51ff66f8960879be9bf76/alert/text'
12:03:47.555 [AsyncHttpClient-1-8] DEBUG org.asynchttpclient.netty.handler.HttpHandler - 

Request DefaultFullHttpRequest(decodeResult: success, version: HTTP/1.1, content: EmptyByteBufBE)
GET /session/d281158bd6d51ff66f8960879be9bf76/alert/text HTTP/1.1
User-Agent: selenium/4.8.1 (java windows)
Cache-Control: no-cache
Content-Type: application/json; charset=utf-8
host: localhost:42207
accept: */*

Response DefaultHttpResponse(decodeResult: success, version: HTTP/1.1)
HTTP/1.1 404 Not Found
Content-Length: 821
Content-Type: application/json; charset=utf-8
cache-control: no-cache

12:03:47.555 [AsyncHttpClient-1-8] DEBUG org.asynchttpclient.netty.channel.ChannelManager - Adding key: http://localhost:42207 for channel [id: 0xc7aa666f, L:/127.0.0.1:62909 - R:localhost/127.0.0.1:42207]
12:03:47.557 [Forwarding getCurrentUrl on session d281158bd6d51ff66f8960879be9bf76 to remote] DEBUG org.asynchttpclient.netty.request.NettyRequestSender - Using pooled Channel '[id: 0xc7aa666f, L:/127.0.0.1:62909 - R:localhost/127.0.0.1:42207]' for 'GET' to 'http://localhost:42207/session/d281158bd6d51ff66f8960879be9bf76/url'
12:03:47.557 [Forwarding getCurrentUrl on session d281158bd6d51ff66f8960879be9bf76 to remote] DEBUG org.asynchttpclient.netty.request.NettyRequestSender - Using open Channel [id: 0xc7aa666f, L:/127.0.0.1:62909 - R:localhost/127.0.0.1:42207] for GET '/session/d281158bd6d51ff66f8960879be9bf76/url'
12:03:47.564 [AsyncHttpClient-1-8] DEBUG org.asynchttpclient.netty.handler.HttpHandler - 

Request DefaultFullHttpRequest(decodeResult: success, version: HTTP/1.1, content: EmptyByteBufBE)
GET /session/d281158bd6d51ff66f8960879be9bf76/url HTTP/1.1
User-Agent: selenium/4.8.1 (java windows)
Cache-Control: no-cache
Content-Type: application/json; charset=utf-8
host: localhost:42207
accept: */*

Response DefaultHttpResponse(decodeResult: success, version: HTTP/1.1)
HTTP/1.1 200 OK
Content-Length: 36
Content-Type: application/json; charset=utf-8
cache-control: no-cache

12:03:47.564 [AsyncHttpClient-1-8] DEBUG org.asynchttpclient.netty.channel.ChannelManager - Adding key: http://localhost:42207 for channel [id: 0xc7aa666f, L:/127.0.0.1:62909 - R:localhost/127.0.0.1:42207]
12:03:47.565 [Forwarding screenshot on session d281158bd6d51ff66f8960879be9bf76 to remote] DEBUG org.asynchttpclient.netty.request.NettyRequestSender - Using pooled Channel '[id: 0xc7aa666f, L:/127.0.0.1:62909 - R:localhost/127.0.0.1:42207]' for 'GET' to 'http://localhost:42207/session/d281158bd6d51ff66f8960879be9bf76/screenshot'
12:03:47.565 [Forwarding screenshot on session d281158bd6d51ff66f8960879be9bf76 to remote] DEBUG org.asynchttpclient.netty.request.NettyRequestSender - Using open Channel [id: 0xc7aa666f, L:/127.0.0.1:62909 - R:localhost/127.0.0.1:42207] for GET '/session/d281158bd6d51ff66f8960879be9bf76/screenshot'
12:03:47.707 [AsyncHttpClient-1-8] DEBUG org.asynchttpclient.netty.handler.HttpHandler - 

Request DefaultFullHttpRequest(decodeResult: success, version: HTTP/1.1, content: EmptyByteBufBE)
GET /session/d281158bd6d51ff66f8960879be9bf76/screenshot HTTP/1.1
User-Agent: selenium/4.8.1 (java windows)
Cache-Control: no-cache
Content-Type: application/json; charset=utf-8
host: localhost:42207
accept: */*

Response DefaultHttpResponse(decodeResult: success, version: HTTP/1.1)
HTTP/1.1 200 OK
Content-Length: 369120
Content-Type: application/json; charset=utf-8
cache-control: no-cache

12:03:47.709 [AsyncHttpClient-1-8] DEBUG org.asynchttpclient.netty.channel.ChannelManager - Adding key: http://localhost:42207 for channel [id: 0xc7aa666f, L:/127.0.0.1:62909 - R:localhost/127.0.0.1:42207]
12:03:47.715 [main] DEBUG net.serenitybdd.core.photography.Darkroom - Send negative for processing for target\site\serenity\8c230bb6a25a5b7726ed4fb047f964aeed79359b86308e4d62870cc5f53f89f6.png
12:03:47.716 [Forwarding getPageSource on session d281158bd6d51ff66f8960879be9bf76 to remote] DEBUG org.asynchttpclient.netty.request.NettyRequestSender - Using pooled Channel '[id: 0xc7aa666f, L:/127.0.0.1:62909 - R:localhost/127.0.0.1:42207]' for 'POST' to 'http://localhost:42207/session/d281158bd6d51ff66f8960879be9bf76/execute/sync'
12:03:47.716 [Forwarding getPageSource on session d281158bd6d51ff66f8960879be9bf76 to remote] DEBUG org.asynchttpclient.netty.request.NettyRequestSender - Using open Channel [id: 0xc7aa666f, L:/127.0.0.1:62909 - R:localhost/127.0.0.1:42207] for POST '/session/d281158bd6d51ff66f8960879be9bf76/execute/sync'
12:03:47.737 [AsyncHttpClient-1-8] DEBUG org.asynchttpclient.netty.handler.HttpHandler - 

Request DefaultHttpRequest(decodeResult: success, version: HTTP/1.1)
POST /session/d281158bd6d51ff66f8960879be9bf76/execute/sync HTTP/1.1
User-Agent: selenium/4.8.1 (java windows)
Content-Length: 176
Content-Type: application/json; charset=utf-8
host: localhost:42207
accept: */*

Response DefaultHttpResponse(decodeResult: success, version: HTTP/1.1)
HTTP/1.1 200 OK
Content-Length: 176993
Content-Type: application/json; charset=utf-8
cache-control: no-cache

12:03:47.738 [AsyncHttpClient-1-8] DEBUG org.asynchttpclient.netty.channel.ChannelManager - Adding key: http://localhost:42207 for channel [id: 0xc7aa666f, L:/127.0.0.1:62909 - R:localhost/127.0.0.1:42207]
12:03:47.754 [Forwarding getCurrentUrl on session d281158bd6d51ff66f8960879be9bf76 to remote] DEBUG org.asynchttpclient.netty.request.NettyRequestSender - Using pooled Channel '[id: 0xc7aa666f, L:/127.0.0.1:62909 - R:localhost/127.0.0.1:42207]' for 'GET' to 'http://localhost:42207/session/d281158bd6d51ff66f8960879be9bf76/url'
12:03:47.754 [Forwarding getCurrentUrl on session d281158bd6d51ff66f8960879be9bf76 to remote] DEBUG org.asynchttpclient.netty.request.NettyRequestSender - Using open Channel [id: 0xc7aa666f, L:/127.0.0.1:62909 - R:localhost/127.0.0.1:42207] for GET '/session/d281158bd6d51ff66f8960879be9bf76/url'
12:03:47.759 [AsyncHttpClient-1-8] DEBUG org.asynchttpclient.netty.handler.HttpHandler - 

Request DefaultFullHttpRequest(decodeResult: success, version: HTTP/1.1, content: EmptyByteBufBE)
GET /session/d281158bd6d51ff66f8960879be9bf76/url HTTP/1.1
User-Agent: selenium/4.8.1 (java windows)
Cache-Control: no-cache
Content-Type: application/json; charset=utf-8
host: localhost:42207
accept: */*

Response DefaultHttpResponse(decodeResult: success, version: HTTP/1.1)
HTTP/1.1 200 OK
Content-Length: 36
Content-Type: application/json; charset=utf-8
cache-control: no-cache

12:03:47.759 [AsyncHttpClient-1-8] DEBUG org.asynchttpclient.netty.channel.ChannelManager - Adding key: http://localhost:42207 for channel [id: 0xc7aa666f, L:/127.0.0.1:62909 - R:localhost/127.0.0.1:42207]
12:03:47.762 [main] DEBUG net.thucydides.core.steps.StepInterceptor - STARTING STEP: LoginSteps.onTheLoginPage - validateOnTheLoginPage
12:03:47.764 [Forwarding findElement on session d281158bd6d51ff66f8960879be9bf76 to remote] DEBUG org.asynchttpclient.netty.request.NettyRequestSender - Using pooled Channel '[id: 0xc7aa666f, L:/127.0.0.1:62909 - R:localhost/127.0.0.1:42207]' for 'POST' to 'http://localhost:42207/session/d281158bd6d51ff66f8960879be9bf76/element'
12:03:47.764 [Forwarding findElement on session d281158bd6d51ff66f8960879be9bf76 to remote] DEBUG org.asynchttpclient.netty.request.NettyRequestSender - Using open Channel [id: 0xc7aa666f, L:/127.0.0.1:62909 - R:localhost/127.0.0.1:42207] for POST '/session/d281158bd6d51ff66f8960879be9bf76/element'
12:03:47.777 [AsyncHttpClient-1-8] DEBUG org.asynchttpclient.netty.handler.HttpHandler - 

Request DefaultHttpRequest(decodeResult: success, version: HTTP/1.1)
POST /session/d281158bd6d51ff66f8960879be9bf76/element HTTP/1.1
User-Agent: selenium/4.8.1 (java windows)
Content-Length: 63
Content-Type: application/json; charset=utf-8
host: localhost:42207
accept: */*

Response DefaultHttpResponse(decodeResult: success, version: HTTP/1.1)
HTTP/1.1 200 OK
Content-Length: 88
Content-Type: application/json; charset=utf-8
cache-control: no-cache

12:03:47.777 [AsyncHttpClient-1-8] DEBUG org.asynchttpclient.netty.channel.ChannelManager - Adding key: http://localhost:42207 for channel [id: 0xc7aa666f, L:/127.0.0.1:62909 - R:localhost/127.0.0.1:42207]
12:03:47.780 [Forwarding isElementDisplayed on session d281158bd6d51ff66f8960879be9bf76 to remote] DEBUG org.asynchttpclient.netty.request.NettyRequestSender - Using pooled Channel '[id: 0xc7aa666f, L:/127.0.0.1:62909 - R:localhost/127.0.0.1:42207]' for 'POST' to 'http://localhost:42207/session/d281158bd6d51ff66f8960879be9bf76/execute/sync'
12:03:47.780 [Forwarding isElementDisplayed on session d281158bd6d51ff66f8960879be9bf76 to remote] DEBUG org.asynchttpclient.netty.request.NettyRequestSender - Using open Channel [id: 0xc7aa666f, L:/127.0.0.1:62909 - R:localhost/127.0.0.1:42207] for POST '/session/d281158bd6d51ff66f8960879be9bf76/execute/sync'
12:03:47.797 [AsyncHttpClient-1-8] DEBUG org.asynchttpclient.netty.handler.HttpHandler - 

Request DefaultHttpRequest(decodeResult: success, version: HTTP/1.1)
POST /session/d281158bd6d51ff66f8960879be9bf76/execute/sync HTTP/1.1
User-Agent: selenium/4.8.1 (java windows)
Content-Length: 48807
Content-Type: application/json; charset=utf-8
host: localhost:42207
accept: */*

Response DefaultHttpResponse(decodeResult: success, version: HTTP/1.1)
HTTP/1.1 200 OK
Content-Length: 14
Content-Type: application/json; charset=utf-8
cache-control: no-cache

12:03:47.797 [AsyncHttpClient-1-8] DEBUG org.asynchttpclient.netty.channel.ChannelManager - Adding key: http://localhost:42207 for channel [id: 0xc7aa666f, L:/127.0.0.1:62909 - R:localhost/127.0.0.1:42207]
12:03:47.802 [Forwarding getAlertText on session d281158bd6d51ff66f8960879be9bf76 to remote] DEBUG org.asynchttpclient.netty.request.NettyRequestSender - Using pooled Channel '[id: 0xc7aa666f, L:/127.0.0.1:62909 - R:localhost/127.0.0.1:42207]' for 'GET' to 'http://localhost:42207/session/d281158bd6d51ff66f8960879be9bf76/alert/text'
12:03:47.802 [Forwarding getAlertText on session d281158bd6d51ff66f8960879be9bf76 to remote] DEBUG org.asynchttpclient.netty.request.NettyRequestSender - Using open Channel [id: 0xc7aa666f, L:/127.0.0.1:62909 - R:localhost/127.0.0.1:42207] for GET '/session/d281158bd6d51ff66f8960879be9bf76/alert/text'
12:03:47.804 [AsyncHttpClient-1-8] DEBUG org.asynchttpclient.netty.handler.HttpHandler - 

Request DefaultFullHttpRequest(decodeResult: success, version: HTTP/1.1, content: EmptyByteBufBE)
GET /session/d281158bd6d51ff66f8960879be9bf76/alert/text HTTP/1.1
User-Agent: selenium/4.8.1 (java windows)
Cache-Control: no-cache
Content-Type: application/json; charset=utf-8
host: localhost:42207
accept: */*

Response DefaultHttpResponse(decodeResult: success, version: HTTP/1.1)
HTTP/1.1 404 Not Found
Content-Length: 821
Content-Type: application/json; charset=utf-8
cache-control: no-cache

12:03:47.804 [AsyncHttpClient-1-8] DEBUG org.asynchttpclient.netty.channel.ChannelManager - Adding key: http://localhost:42207 for channel [id: 0xc7aa666f, L:/127.0.0.1:62909 - R:localhost/127.0.0.1:42207]
12:03:47.805 [Forwarding getCurrentUrl on session d281158bd6d51ff66f8960879be9bf76 to remote] DEBUG org.asynchttpclient.netty.request.NettyRequestSender - Using pooled Channel '[id: 0xc7aa666f, L:/127.0.0.1:62909 - R:localhost/127.0.0.1:42207]' for 'GET' to 'http://localhost:42207/session/d281158bd6d51ff66f8960879be9bf76/url'
12:03:47.805 [Forwarding getCurrentUrl on session d281158bd6d51ff66f8960879be9bf76 to remote] DEBUG org.asynchttpclient.netty.request.NettyRequestSender - Using open Channel [id: 0xc7aa666f, L:/127.0.0.1:62909 - R:localhost/127.0.0.1:42207] for GET '/session/d281158bd6d51ff66f8960879be9bf76/url'
12:03:47.809 [AsyncHttpClient-1-8] DEBUG org.asynchttpclient.netty.handler.HttpHandler - 

Request DefaultFullHttpRequest(decodeResult: success, version: HTTP/1.1, content: EmptyByteBufBE)
GET /session/d281158bd6d51ff66f8960879be9bf76/url HTTP/1.1
User-Agent: selenium/4.8.1 (java windows)
Cache-Control: no-cache
Content-Type: application/json; charset=utf-8
host: localhost:42207
accept: */*

Response DefaultHttpResponse(decodeResult: success, version: HTTP/1.1)
HTTP/1.1 200 OK
Content-Length: 36
Content-Type: application/json; charset=utf-8
cache-control: no-cache

12:03:47.809 [AsyncHttpClient-1-8] DEBUG org.asynchttpclient.netty.channel.ChannelManager - Adding key: http://localhost:42207 for channel [id: 0xc7aa666f, L:/127.0.0.1:62909 - R:localhost/127.0.0.1:42207]
12:03:47.810 [Forwarding screenshot on session d281158bd6d51ff66f8960879be9bf76 to remote] DEBUG org.asynchttpclient.netty.request.NettyRequestSender - Using pooled Channel '[id: 0xc7aa666f, L:/127.0.0.1:62909 - R:localhost/127.0.0.1:42207]' for 'GET' to 'http://localhost:42207/session/d281158bd6d51ff66f8960879be9bf76/screenshot'
12:03:47.810 [Forwarding screenshot on session d281158bd6d51ff66f8960879be9bf76 to remote] DEBUG org.asynchttpclient.netty.request.NettyRequestSender - Using open Channel [id: 0xc7aa666f, L:/127.0.0.1:62909 - R:localhost/127.0.0.1:42207] for GET '/session/d281158bd6d51ff66f8960879be9bf76/screenshot'
12:03:48.558 [AsyncHttpClient-1-1] DEBUG org.asynchttpclient.netty.channel.DefaultChannelPool - Entry count for : http://localhost:62910 : 1
12:03:49.061 [AsyncHttpClient-1-8] DEBUG org.asynchttpclient.netty.handler.HttpHandler - 

Request DefaultFullHttpRequest(decodeResult: success, version: HTTP/1.1, content: EmptyByteBufBE)
GET /session/d281158bd6d51ff66f8960879be9bf76/screenshot HTTP/1.1
User-Agent: selenium/4.8.1 (java windows)
Cache-Control: no-cache
Content-Type: application/json; charset=utf-8
host: localhost:42207
accept: */*

Response DefaultHttpResponse(decodeResult: success, version: HTTP/1.1)
HTTP/1.1 200 OK
Content-Length: 369120
Content-Type: application/json; charset=utf-8
cache-control: no-cache

12:03:49.062 [AsyncHttpClient-1-8] DEBUG org.asynchttpclient.netty.channel.ChannelManager - Adding key: http://localhost:42207 for channel [id: 0xc7aa666f, L:/127.0.0.1:62909 - R:localhost/127.0.0.1:42207]
12:03:49.073 [main] DEBUG net.serenitybdd.core.photography.Darkroom - Send negative for processing for target\site\serenity\8c230bb6a25a5b7726ed4fb047f964aeed79359b86308e4d62870cc5f53f89f6.png
12:03:49.074 [main] DEBUG net.thucydides.core.steps.StepInterceptor - STEP DONE: validateOnTheLoginPage
  &amp#27;[32mGiven &amp#27;[0m&amp#27;[32mI am on the login page&amp#27;[0m               &amp#27;[90m# starter.stepdefinitions.LoginSteps.onTheLoginPage()&amp#27;[0m
12:03:49.089 [Forwarding getPageSource on session d281158bd6d51ff66f8960879be9bf76 to remote] DEBUG org.asynchttpclient.netty.request.NettyRequestSender - Using pooled Channel '[id: 0xc7aa666f, L:/127.0.0.1:62909 - R:localhost/127.0.0.1:42207]' for 'POST' to 'http://localhost:42207/session/d281158bd6d51ff66f8960879be9bf76/execute/sync'
12:03:49.090 [Forwarding getPageSource on session d281158bd6d51ff66f8960879be9bf76 to remote] DEBUG org.asynchttpclient.netty.request.NettyRequestSender - Using open Channel [id: 0xc7aa666f, L:/127.0.0.1:62909 - R:localhost/127.0.0.1:42207] for POST '/session/d281158bd6d51ff66f8960879be9bf76/execute/sync'
12:03:49.207 [AsyncHttpClient-1-8] DEBUG org.asynchttpclient.netty.handler.HttpHandler - 

Request DefaultHttpRequest(decodeResult: success, version: HTTP/1.1)
POST /session/d281158bd6d51ff66f8960879be9bf76/execute/sync HTTP/1.1
User-Agent: selenium/4.8.1 (java windows)
Content-Length: 176
Content-Type: application/json; charset=utf-8
host: localhost:42207
accept: */*

Response DefaultHttpResponse(decodeResult: success, version: HTTP/1.1)
HTTP/1.1 200 OK
Content-Length: 176993
Content-Type: application/json; charset=utf-8
cache-control: no-cache

12:03:49.208 [AsyncHttpClient-1-8] DEBUG org.asynchttpclient.netty.channel.ChannelManager - Adding key: http://localhost:42207 for channel [id: 0xc7aa666f, L:/127.0.0.1:62909 - R:localhost/127.0.0.1:42207]
12:03:49.224 [Forwarding getCurrentUrl on session d281158bd6d51ff66f8960879be9bf76 to remote] DEBUG org.asynchttpclient.netty.request.NettyRequestSender - Using pooled Channel '[id: 0xc7aa666f, L:/127.0.0.1:62909 - R:localhost/127.0.0.1:42207]' for 'GET' to 'http://localhost:42207/session/d281158bd6d51ff66f8960879be9bf76/url'
12:03:49.224 [Forwarding getCurrentUrl on session d281158bd6d51ff66f8960879be9bf76 to remote] DEBUG org.asynchttpclient.netty.request.NettyRequestSender - Using open Channel [id: 0xc7aa666f, L:/127.0.0.1:62909 - R:localhost/127.0.0.1:42207] for GET '/session/d281158bd6d51ff66f8960879be9bf76/url'
12:03:49.343 [AsyncHttpClient-1-8] DEBUG org.asynchttpclient.netty.handler.HttpHandler - 

Request DefaultFullHttpRequest(decodeResult: success, version: HTTP/1.1, content: EmptyByteBufBE)
GET /session/d281158bd6d51ff66f8960879be9bf76/url HTTP/1.1
User-Agent: selenium/4.8.1 (java windows)
Cache-Control: no-cache
Content-Type: application/json; charset=utf-8
host: localhost:42207
accept: */*

Response DefaultHttpResponse(decodeResult: success, version: HTTP/1.1)
HTTP/1.1 200 OK
Content-Length: 36
Content-Type: application/json; charset=utf-8
cache-control: no-cache

12:03:49.344 [AsyncHttpClient-1-8] DEBUG org.asynchttpclient.netty.channel.ChannelManager - Adding key: http://localhost:42207 for channel [id: 0xc7aa666f, L:/127.0.0.1:62909 - R:localhost/127.0.0.1:42207]
12:03:49.377 [Forwarding getAlertText on session d281158bd6d51ff66f8960879be9bf76 to remote] DEBUG org.asynchttpclient.netty.request.NettyRequestSender - Using pooled Channel '[id: 0xc7aa666f, L:/127.0.0.1:62909 - R:localhost/127.0.0.1:42207]' for 'GET' to 'http://localhost:42207/session/d281158bd6d51ff66f8960879be9bf76/alert/text'
12:03:49.377 [Forwarding getAlertText on session d281158bd6d51ff66f8960879be9bf76 to remote] DEBUG org.asynchttpclient.netty.request.NettyRequestSender - Using open Channel [id: 0xc7aa666f, L:/127.0.0.1:62909 - R:localhost/127.0.0.1:42207] for GET '/session/d281158bd6d51ff66f8960879be9bf76/alert/text'
12:03:49.385 [AsyncHttpClient-1-8] DEBUG org.asynchttpclient.netty.handler.HttpHandler - 

Request DefaultFullHttpRequest(decodeResult: success, version: HTTP/1.1, content: EmptyByteBufBE)
GET /session/d281158bd6d51ff66f8960879be9bf76/alert/text HTTP/1.1
User-Agent: selenium/4.8.1 (java windows)
Cache-Control: no-cache
Content-Type: application/json; charset=utf-8
host: localhost:42207
accept: */*

Response DefaultHttpResponse(decodeResult: success, version: HTTP/1.1)
HTTP/1.1 404 Not Found
Content-Length: 821
Content-Type: application/json; charset=utf-8
cache-control: no-cache

12:03:49.385 [AsyncHttpClient-1-8] DEBUG org.asynchttpclient.netty.channel.ChannelManager - Adding key: http://localhost:42207 for channel [id: 0xc7aa666f, L:/127.0.0.1:62909 - R:localhost/127.0.0.1:42207]
12:03:49.387 [Forwarding getCurrentUrl on session d281158bd6d51ff66f8960879be9bf76 to remote] DEBUG org.asynchttpclient.netty.request.NettyRequestSender - Using pooled Channel '[id: 0xc7aa666f, L:/127.0.0.1:62909 - R:localhost/127.0.0.1:42207]' for 'GET' to 'http://localhost:42207/session/d281158bd6d51ff66f8960879be9bf76/url'
12:03:49.387 [Forwarding getCurrentUrl on session d281158bd6d51ff66f8960879be9bf76 to remote] DEBUG org.asynchttpclient.netty.request.NettyRequestSender - Using open Channel [id: 0xc7aa666f, L:/127.0.0.1:62909 - R:localhost/127.0.0.1:42207] for GET '/session/d281158bd6d51ff66f8960879be9bf76/url'
12:03:49.401 [AsyncHttpClient-1-8] DEBUG org.asynchttpclient.netty.handler.HttpHandler - 

Request DefaultFullHttpRequest(decodeResult: success, version: HTTP/1.1, content: EmptyByteBufBE)
GET /session/d281158bd6d51ff66f8960879be9bf76/url HTTP/1.1
User-Agent: selenium/4.8.1 (java windows)
Cache-Control: no-cache
Content-Type: application/json; charset=utf-8
host: localhost:42207
accept: */*

Response DefaultHttpResponse(decodeResult: success, version: HTTP/1.1)
HTTP/1.1 200 OK
Content-Length: 36
Content-Type: application/json; charset=utf-8
cache-control: no-cache

12:03:49.401 [AsyncHttpClient-1-8] DEBUG org.asynchttpclient.netty.channel.ChannelManager - Adding key: http://localhost:42207 for channel [id: 0xc7aa666f, L:/127.0.0.1:62909 - R:localhost/127.0.0.1:42207]
12:03:49.402 [Forwarding screenshot on session d281158bd6d51ff66f8960879be9bf76 to remote] DEBUG org.asynchttpclient.netty.request.NettyRequestSender - Using pooled Channel '[id: 0xc7aa666f, L:/127.0.0.1:62909 - R:localhost/127.0.0.1:42207]' for 'GET' to 'http://localhost:42207/session/d281158bd6d51ff66f8960879be9bf76/screenshot'
12:03:49.402 [Forwarding screenshot on session d281158bd6d51ff66f8960879be9bf76 to remote] DEBUG org.asynchttpclient.netty.request.NettyRequestSender - Using open Channel [id: 0xc7aa666f, L:/127.0.0.1:62909 - R:localhost/127.0.0.1:42207] for GET '/session/d281158bd6d51ff66f8960879be9bf76/screenshot'
12:03:49.642 [AsyncHttpClient-1-8] DEBUG org.asynchttpclient.netty.handler.HttpHandler - 

Request DefaultFullHttpRequest(decodeResult: success, version: HTTP/1.1, content: EmptyByteBufBE)
GET /session/d281158bd6d51ff66f8960879be9bf76/screenshot HTTP/1.1
User-Agent: selenium/4.8.1 (java windows)
Cache-Control: no-cache
Content-Type: application/json; charset=utf-8
host: localhost:42207
accept: */*

Response DefaultHttpResponse(decodeResult: success, version: HTTP/1.1)
HTTP/1.1 200 OK
Content-Length: 369120
Content-Type: application/json; charset=utf-8
cache-control: no-cache

12:03:49.645 [AsyncHttpClient-1-8] DEBUG org.asynchttpclient.netty.channel.ChannelManager - Adding key: http://localhost:42207 for channel [id: 0xc7aa666f, L:/127.0.0.1:62909 - R:localhost/127.0.0.1:42207]
12:03:49.654 [AsyncHttpClient-1-1] DEBUG org.asynchttpclient.netty.channel.DefaultChannelPool - Entry count for : http://localhost:42207 : 1
12:03:49.654 [AsyncHttpClient-1-1] DEBUG org.asynchttpclient.netty.channel.DefaultChannelPool - Entry count for : http://localhost:62910 : 1
12:03:49.660 [main] DEBUG net.serenitybdd.core.photography.Darkroom - Send negative for processing for target\site\serenity\8c230bb6a25a5b7726ed4fb047f964aeed79359b86308e4d62870cc5f53f89f6.png
12:03:49.663 [Forwarding getPageSource on session d281158bd6d51ff66f8960879be9bf76 to remote] DEBUG org.asynchttpclient.netty.request.NettyRequestSender - Using pooled Channel '[id: 0xc7aa666f, L:/127.0.0.1:62909 - R:localhost/127.0.0.1:42207]' for 'POST' to 'http://localhost:42207/session/d281158bd6d51ff66f8960879be9bf76/execute/sync'
12:03:49.663 [Forwarding getPageSource on session d281158bd6d51ff66f8960879be9bf76 to remote] DEBUG org.asynchttpclient.netty.request.NettyRequestSender - Using open Channel [id: 0xc7aa666f, L:/127.0.0.1:62909 - R:localhost/127.0.0.1:42207] for POST '/session/d281158bd6d51ff66f8960879be9bf76/execute/sync'
12:03:49.690 [AsyncHttpClient-1-8] DEBUG org.asynchttpclient.netty.handler.HttpHandler - 

Request DefaultHttpRequest(decodeResult: success, version: HTTP/1.1)
POST /session/d281158bd6d51ff66f8960879be9bf76/execute/sync HTTP/1.1
User-Agent: selenium/4.8.1 (java windows)
Content-Length: 176
Content-Type: application/json; charset=utf-8
host: localhost:42207
accept: */*

Response DefaultHttpResponse(decodeResult: success, version: HTTP/1.1)
HTTP/1.1 200 OK
Content-Length: 176993
Content-Type: application/json; charset=utf-8
cache-control: no-cache

12:03:49.690 [AsyncHttpClient-1-8] DEBUG org.asynchttpclient.netty.channel.ChannelManager - Adding key: http://localhost:42207 for channel [id: 0xc7aa666f, L:/127.0.0.1:62909 - R:localhost/127.0.0.1:42207]
12:03:49.708 [Forwarding getCurrentUrl on session d281158bd6d51ff66f8960879be9bf76 to remote] DEBUG org.asynchttpclient.netty.request.NettyRequestSender - Using pooled Channel '[id: 0xc7aa666f, L:/127.0.0.1:62909 - R:localhost/127.0.0.1:42207]' for 'GET' to 'http://localhost:42207/session/d281158bd6d51ff66f8960879be9bf76/url'
12:03:49.708 [Forwarding getCurrentUrl on session d281158bd6d51ff66f8960879be9bf76 to remote] DEBUG org.asynchttpclient.netty.request.NettyRequestSender - Using open Channel [id: 0xc7aa666f, L:/127.0.0.1:62909 - R:localhost/127.0.0.1:42207] for GET '/session/d281158bd6d51ff66f8960879be9bf76/url'
12:03:49.725 [AsyncHttpClient-1-8] DEBUG org.asynchttpclient.netty.handler.HttpHandler - 

Request DefaultFullHttpRequest(decodeResult: success, version: HTTP/1.1, content: EmptyByteBufBE)
GET /session/d281158bd6d51ff66f8960879be9bf76/url HTTP/1.1
User-Agent: selenium/4.8.1 (java windows)
Cache-Control: no-cache
Content-Type: application/json; charset=utf-8
host: localhost:42207
accept: */*

Response DefaultHttpResponse(decodeResult: success, version: HTTP/1.1)
HTTP/1.1 200 OK
Content-Length: 36
Content-Type: application/json; charset=utf-8
cache-control: no-cache

12:03:49.725 [AsyncHttpClient-1-8] DEBUG org.asynchttpclient.netty.channel.ChannelManager - Adding key: http://localhost:42207 for channel [id: 0xc7aa666f, L:/127.0.0.1:62909 - R:localhost/127.0.0.1:42207]
12:03:49.729 [main] DEBUG net.thucydides.core.steps.StepInterceptor - STARTING STEP: LoginSteps.doClickMasukButton - clickMasukLogin
12:03:49.734 [Forwarding findElement on session d281158bd6d51ff66f8960879be9bf76 to remote] DEBUG org.asynchttpclient.netty.request.NettyRequestSender - Using pooled Channel '[id: 0xc7aa666f, L:/127.0.0.1:62909 - R:localhost/127.0.0.1:42207]' for 'POST' to 'http://localhost:42207/session/d281158bd6d51ff66f8960879be9bf76/element'
12:03:49.734 [Forwarding findElement on session d281158bd6d51ff66f8960879be9bf76 to remote] DEBUG org.asynchttpclient.netty.request.NettyRequestSender - Using open Channel [id: 0xc7aa666f, L:/127.0.0.1:62909 - R:localhost/127.0.0.1:42207] for POST '/session/d281158bd6d51ff66f8960879be9bf76/element'
12:03:49.744 [AsyncHttpClient-1-8] DEBUG org.asynchttpclient.netty.handler.HttpHandler - 

Request DefaultHttpRequest(decodeResult: success, version: HTTP/1.1)
POST /session/d281158bd6d51ff66f8960879be9bf76/element HTTP/1.1
User-Agent: selenium/4.8.1 (java windows)
Content-Length: 63
Content-Type: application/json; charset=utf-8
host: localhost:42207
accept: */*

Response DefaultHttpResponse(decodeResult: success, version: HTTP/1.1)
HTTP/1.1 200 OK
Content-Length: 88
Content-Type: application/json; charset=utf-8
cache-control: no-cache

12:03:49.745 [AsyncHttpClient-1-8] DEBUG org.asynchttpclient.netty.channel.ChannelManager - Adding key: http://localhost:42207 for channel [id: 0xc7aa666f, L:/127.0.0.1:62909 - R:localhost/127.0.0.1:42207]
12:03:49.747 [Forwarding getElementTagName on session d281158bd6d51ff66f8960879be9bf76 to remote] DEBUG org.asynchttpclient.netty.request.NettyRequestSender - Using pooled Channel '[id: 0xc7aa666f, L:/127.0.0.1:62909 - R:localhost/127.0.0.1:42207]' for 'GET' to 'http://localhost:42207/session/d281158bd6d51ff66f8960879be9bf76/element/5b3bc4bc-994c-418b-990d-89946b981ad7/name'
12:03:49.747 [Forwarding getElementTagName on session d281158bd6d51ff66f8960879be9bf76 to remote] DEBUG org.asynchttpclient.netty.request.NettyRequestSender - Using open Channel [id: 0xc7aa666f, L:/127.0.0.1:62909 - R:localhost/127.0.0.1:42207] for GET '/session/d281158bd6d51ff66f8960879be9bf76/element/5b3bc4bc-994c-418b-990d-89946b981ad7/name'
12:03:49.752 [AsyncHttpClient-1-8] DEBUG org.asynchttpclient.netty.handler.HttpHandler - 

Request DefaultFullHttpRequest(decodeResult: success, version: HTTP/1.1, content: EmptyByteBufBE)
GET /session/d281158bd6d51ff66f8960879be9bf76/element/5b3bc4bc-994c-418b-990d-89946b981ad7/name HTTP/1.1
User-Agent: selenium/4.8.1 (java windows)
Cache-Control: no-cache
Content-Type: application/json; charset=utf-8
host: localhost:42207
accept: */*

Response DefaultHttpResponse(decodeResult: success, version: HTTP/1.1)
HTTP/1.1 200 OK
Content-Length: 18
Content-Type: application/json; charset=utf-8
cache-control: no-cache

12:03:49.752 [AsyncHttpClient-1-8] DEBUG org.asynchttpclient.netty.channel.ChannelManager - Adding key: http://localhost:42207 for channel [id: 0xc7aa666f, L:/127.0.0.1:62909 - R:localhost/127.0.0.1:42207]
12:03:49.752 [Forwarding getElementTagName on session d281158bd6d51ff66f8960879be9bf76 to remote] DEBUG org.asynchttpclient.netty.request.NettyRequestSender - Using pooled Channel '[id: 0xc7aa666f, L:/127.0.0.1:62909 - R:localhost/127.0.0.1:42207]' for 'GET' to 'http://localhost:42207/session/d281158bd6d51ff66f8960879be9bf76/element/5b3bc4bc-994c-418b-990d-89946b981ad7/name'
12:03:49.752 [Forwarding getElementTagName on session d281158bd6d51ff66f8960879be9bf76 to remote] DEBUG org.asynchttpclient.netty.request.NettyRequestSender - Using open Channel [id: 0xc7aa666f, L:/127.0.0.1:62909 - R:localhost/127.0.0.1:42207] for GET '/session/d281158bd6d51ff66f8960879be9bf76/element/5b3bc4bc-994c-418b-990d-89946b981ad7/name'
12:03:49.757 [AsyncHttpClient-1-8] DEBUG org.asynchttpclient.netty.handler.HttpHandler - 

Request DefaultFullHttpRequest(decodeResult: success, version: HTTP/1.1, content: EmptyByteBufBE)
GET /session/d281158bd6d51ff66f8960879be9bf76/element/5b3bc4bc-994c-418b-990d-89946b981ad7/name HTTP/1.1
User-Agent: selenium/4.8.1 (java windows)
Cache-Control: no-cache
Content-Type: application/json; charset=utf-8
host: localhost:42207
accept: */*

Response DefaultHttpResponse(decodeResult: success, version: HTTP/1.1)
HTTP/1.1 200 OK
Content-Length: 18
Content-Type: application/json; charset=utf-8
cache-control: no-cache

12:03:49.757 [AsyncHttpClient-1-8] DEBUG org.asynchttpclient.netty.channel.ChannelManager - Adding key: http://localhost:42207 for channel [id: 0xc7aa666f, L:/127.0.0.1:62909 - R:localhost/127.0.0.1:42207]
12:03:49.759 [Forwarding isElementEnabled on session d281158bd6d51ff66f8960879be9bf76 to remote] DEBUG org.asynchttpclient.netty.request.NettyRequestSender - Using pooled Channel '[id: 0xc7aa666f, L:/127.0.0.1:62909 - R:localhost/127.0.0.1:42207]' for 'GET' to 'http://localhost:42207/session/d281158bd6d51ff66f8960879be9bf76/element/5b3bc4bc-994c-418b-990d-89946b981ad7/enabled'
12:03:49.759 [Forwarding isElementEnabled on session d281158bd6d51ff66f8960879be9bf76 to remote] DEBUG org.asynchttpclient.netty.request.NettyRequestSender - Using open Channel [id: 0xc7aa666f, L:/127.0.0.1:62909 - R:localhost/127.0.0.1:42207] for GET '/session/d281158bd6d51ff66f8960879be9bf76/element/5b3bc4bc-994c-418b-990d-89946b981ad7/enabled'
12:03:49.775 [AsyncHttpClient-1-8] DEBUG org.asynchttpclient.netty.handler.HttpHandler - 

Request DefaultFullHttpRequest(decodeResult: success, version: HTTP/1.1, content: EmptyByteBufBE)
GET /session/d281158bd6d51ff66f8960879be9bf76/element/5b3bc4bc-994c-418b-990d-89946b981ad7/enabled HTTP/1.1
User-Agent: selenium/4.8.1 (java windows)
Cache-Control: no-cache
Content-Type: application/json; charset=utf-8
host: localhost:42207
accept: */*

Response DefaultHttpResponse(decodeResult: success, version: HTTP/1.1)
HTTP/1.1 200 OK
Content-Length: 14
Content-Type: application/json; charset=utf-8
cache-control: no-cache

12:03:49.775 [AsyncHttpClient-1-8] DEBUG org.asynchttpclient.netty.channel.ChannelManager - Adding key: http://localhost:42207 for channel [id: 0xc7aa666f, L:/127.0.0.1:62909 - R:localhost/127.0.0.1:42207]
12:03:49.777 [Forwarding isElementEnabled on session d281158bd6d51ff66f8960879be9bf76 to remote] DEBUG org.asynchttpclient.netty.request.NettyRequestSender - Using pooled Channel '[id: 0xc7aa666f, L:/127.0.0.1:62909 - R:localhost/127.0.0.1:42207]' for 'GET' to 'http://localhost:42207/session/d281158bd6d51ff66f8960879be9bf76/element/5b3bc4bc-994c-418b-990d-89946b981ad7/enabled'
12:03:49.777 [Forwarding isElementEnabled on session d281158bd6d51ff66f8960879be9bf76 to remote] DEBUG org.asynchttpclient.netty.request.NettyRequestSender - Using open Channel [id: 0xc7aa666f, L:/127.0.0.1:62909 - R:localhost/127.0.0.1:42207] for GET '/session/d281158bd6d51ff66f8960879be9bf76/element/5b3bc4bc-994c-418b-990d-89946b981ad7/enabled'
12:03:49.785 [AsyncHttpClient-1-8] DEBUG org.asynchttpclient.netty.handler.HttpHandler - 

Request DefaultFullHttpRequest(decodeResult: success, version: HTTP/1.1, content: EmptyByteBufBE)
GET /session/d281158bd6d51ff66f8960879be9bf76/element/5b3bc4bc-994c-418b-990d-89946b981ad7/enabled HTTP/1.1
User-Agent: selenium/4.8.1 (java windows)
Cache-Control: no-cache
Content-Type: application/json; charset=utf-8
host: localhost:42207
accept: */*

Response DefaultHttpResponse(decodeResult: success, version: HTTP/1.1)
HTTP/1.1 200 OK
Content-Length: 14
Content-Type: application/json; charset=utf-8
cache-control: no-cache

12:03:49.785 [AsyncHttpClient-1-8] DEBUG org.asynchttpclient.netty.channel.ChannelManager - Adding key: http://localhost:42207 for channel [id: 0xc7aa666f, L:/127.0.0.1:62909 - R:localhost/127.0.0.1:42207]
12:03:49.787 [Forwarding findElement on session d281158bd6d51ff66f8960879be9bf76 to remote] DEBUG org.asynchttpclient.netty.request.NettyRequestSender - Using pooled Channel '[id: 0xc7aa666f, L:/127.0.0.1:62909 - R:localhost/127.0.0.1:42207]' for 'POST' to 'http://localhost:42207/session/d281158bd6d51ff66f8960879be9bf76/element'
12:03:49.787 [Forwarding findElement on session d281158bd6d51ff66f8960879be9bf76 to remote] DEBUG org.asynchttpclient.netty.request.NettyRequestSender - Using open Channel [id: 0xc7aa666f, L:/127.0.0.1:62909 - R:localhost/127.0.0.1:42207] for POST '/session/d281158bd6d51ff66f8960879be9bf76/element'
12:03:49.797 [AsyncHttpClient-1-8] DEBUG org.asynchttpclient.netty.handler.HttpHandler - 

Request DefaultHttpRequest(decodeResult: success, version: HTTP/1.1)
POST /session/d281158bd6d51ff66f8960879be9bf76/element HTTP/1.1
User-Agent: selenium/4.8.1 (java windows)
Content-Length: 63
Content-Type: application/json; charset=utf-8
host: localhost:42207
accept: */*

Response DefaultHttpResponse(decodeResult: success, version: HTTP/1.1)
HTTP/1.1 200 OK
Content-Length: 88
Content-Type: application/json; charset=utf-8
cache-control: no-cache

12:03:49.798 [AsyncHttpClient-1-8] DEBUG org.asynchttpclient.netty.channel.ChannelManager - Adding key: http://localhost:42207 for channel [id: 0xc7aa666f, L:/127.0.0.1:62909 - R:localhost/127.0.0.1:42207]
12:03:49.799 [Forwarding clickElement on session d281158bd6d51ff66f8960879be9bf76 to remote] DEBUG org.asynchttpclient.netty.request.NettyRequestSender - Using pooled Channel '[id: 0xc7aa666f, L:/127.0.0.1:62909 - R:localhost/127.0.0.1:42207]' for 'POST' to 'http://localhost:42207/session/d281158bd6d51ff66f8960879be9bf76/element/5b3bc4bc-994c-418b-990d-89946b981ad7/click'
12:03:49.799 [Forwarding clickElement on session d281158bd6d51ff66f8960879be9bf76 to remote] DEBUG org.asynchttpclient.netty.request.NettyRequestSender - Using open Channel [id: 0xc7aa666f, L:/127.0.0.1:62909 - R:localhost/127.0.0.1:42207] for POST '/session/d281158bd6d51ff66f8960879be9bf76/element/5b3bc4bc-994c-418b-990d-89946b981ad7/click'
12:03:49.879 [AsyncHttpClient-1-8] DEBUG org.asynchttpclient.netty.handler.HttpHandler - 

Request DefaultHttpRequest(decodeResult: success, version: HTTP/1.1)
POST /session/d281158bd6d51ff66f8960879be9bf76/element/5b3bc4bc-994c-418b-990d-89946b981ad7/click HTTP/1.1
User-Agent: selenium/4.8.1 (java windows)
Content-Length: 50
Content-Type: application/json; charset=utf-8
host: localhost:42207
accept: */*

Response DefaultHttpResponse(decodeResult: success, version: HTTP/1.1)
HTTP/1.1 200 OK
Content-Length: 14
Content-Type: application/json; charset=utf-8
cache-control: no-cache

12:03:49.879 [AsyncHttpClient-1-8] DEBUG org.asynchttpclient.netty.channel.ChannelManager - Adding key: http://localhost:42207 for channel [id: 0xc7aa666f, L:/127.0.0.1:62909 - R:localhost/127.0.0.1:42207]
12:03:49.897 [Forwarding getAlertText on session d281158bd6d51ff66f8960879be9bf76 to remote] DEBUG org.asynchttpclient.netty.request.NettyRequestSender - Using pooled Channel '[id: 0xc7aa666f, L:/127.0.0.1:62909 - R:localhost/127.0.0.1:42207]' for 'GET' to 'http://localhost:42207/session/d281158bd6d51ff66f8960879be9bf76/alert/text'
12:03:49.897 [Forwarding getAlertText on session d281158bd6d51ff66f8960879be9bf76 to remote] DEBUG org.asynchttpclient.netty.request.NettyRequestSender - Using open Channel [id: 0xc7aa666f, L:/127.0.0.1:62909 - R:localhost/127.0.0.1:42207] for GET '/session/d281158bd6d51ff66f8960879be9bf76/alert/text'
12:03:49.953 [AsyncHttpClient-1-8] DEBUG org.asynchttpclient.netty.handler.HttpHandler - 

Request DefaultFullHttpRequest(decodeResult: success, version: HTTP/1.1, content: EmptyByteBufBE)
GET /session/d281158bd6d51ff66f8960879be9bf76/alert/text HTTP/1.1
User-Agent: selenium/4.8.1 (java windows)
Cache-Control: no-cache
Content-Type: application/json; charset=utf-8
host: localhost:42207
accept: */*

Response DefaultHttpResponse(decodeResult: success, version: HTTP/1.1)
HTTP/1.1 404 Not Found
Content-Length: 821
Content-Type: application/json; charset=utf-8
cache-control: no-cache

12:03:49.954 [AsyncHttpClient-1-8] DEBUG org.asynchttpclient.netty.channel.ChannelManager - Adding key: http://localhost:42207 for channel [id: 0xc7aa666f, L:/127.0.0.1:62909 - R:localhost/127.0.0.1:42207]
12:03:49.955 [Forwarding getCurrentUrl on session d281158bd6d51ff66f8960879be9bf76 to remote] DEBUG org.asynchttpclient.netty.request.NettyRequestSender - Using pooled Channel '[id: 0xc7aa666f, L:/127.0.0.1:62909 - R:localhost/127.0.0.1:42207]' for 'GET' to 'http://localhost:42207/session/d281158bd6d51ff66f8960879be9bf76/url'
12:03:49.956 [Forwarding getCurrentUrl on session d281158bd6d51ff66f8960879be9bf76 to remote] DEBUG org.asynchttpclient.netty.request.NettyRequestSender - Using open Channel [id: 0xc7aa666f, L:/127.0.0.1:62909 - R:localhost/127.0.0.1:42207] for GET '/session/d281158bd6d51ff66f8960879be9bf76/url'
12:03:49.974 [AsyncHttpClient-1-8] DEBUG org.asynchttpclient.netty.handler.HttpHandler - 

Request DefaultFullHttpRequest(decodeResult: success, version: HTTP/1.1, content: EmptyByteBufBE)
GET /session/d281158bd6d51ff66f8960879be9bf76/url HTTP/1.1
User-Agent: selenium/4.8.1 (java windows)
Cache-Control: no-cache
Content-Type: application/json; charset=utf-8
host: localhost:42207
accept: */*

Response DefaultHttpResponse(decodeResult: success, version: HTTP/1.1)
HTTP/1.1 200 OK
Content-Length: 42
Content-Type: application/json; charset=utf-8
cache-control: no-cache

12:03:49.975 [AsyncHttpClient-1-8] DEBUG org.asynchttpclient.netty.channel.ChannelManager - Adding key: http://localhost:42207 for channel [id: 0xc7aa666f, L:/127.0.0.1:62909 - R:localhost/127.0.0.1:42207]
12:03:49.976 [Forwarding screenshot on session d281158bd6d51ff66f8960879be9bf76 to remote] DEBUG org.asynchttpclient.netty.request.NettyRequestSender - Using pooled Channel '[id: 0xc7aa666f, L:/127.0.0.1:62909 - R:localhost/127.0.0.1:42207]' for 'GET' to 'http://localhost:42207/session/d281158bd6d51ff66f8960879be9bf76/screenshot'
12:03:49.976 [Forwarding screenshot on session d281158bd6d51ff66f8960879be9bf76 to remote] DEBUG org.asynchttpclient.netty.request.NettyRequestSender - Using open Channel [id: 0xc7aa666f, L:/127.0.0.1:62909 - R:localhost/127.0.0.1:42207] for GET '/session/d281158bd6d51ff66f8960879be9bf76/screenshot'
12:03:50.311 [AsyncHttpClient-1-8] DEBUG org.asynchttpclient.netty.handler.HttpHandler - 

Request DefaultFullHttpRequest(decodeResult: success, version: HTTP/1.1, content: EmptyByteBufBE)
GET /session/d281158bd6d51ff66f8960879be9bf76/screenshot HTTP/1.1
User-Agent: selenium/4.8.1 (java windows)
Cache-Control: no-cache
Content-Type: application/json; charset=utf-8
host: localhost:42207
accept: */*

Response DefaultHttpResponse(decodeResult: success, version: HTTP/1.1)
HTTP/1.1 200 OK
Content-Length: 287008
Content-Type: application/json; charset=utf-8
cache-control: no-cache

12:03:50.312 [AsyncHttpClient-1-8] DEBUG org.asynchttpclient.netty.channel.ChannelManager - Adding key: http://localhost:42207 for channel [id: 0xc7aa666f, L:/127.0.0.1:62909 - R:localhost/127.0.0.1:42207]
12:03:50.323 [main] DEBUG net.serenitybdd.core.photography.Darkroom - Send negative for processing for target\site\serenity\32e4debd43964f3866e3b3f083749d8d6a0dfad098ac8fb84740f13f69094dd7.png
12:03:50.324 [main] DEBUG net.thucydides.core.steps.StepInterceptor - STEP DONE: clickMasukLogin
  &amp#27;[32mWhen &amp#27;[0m&amp#27;[32mI clicked the enter button&amp#27;[0m            &amp#27;[90m# starter.stepdefinitions.LoginSteps.doClickMasukButton()&amp#27;[0m
12:03:50.334 [Forwarding getPageSource on session d281158bd6d51ff66f8960879be9bf76 to remote] DEBUG org.asynchttpclient.netty.request.NettyRequestSender - Using pooled Channel '[id: 0xc7aa666f, L:/127.0.0.1:62909 - R:localhost/127.0.0.1:42207]' for 'POST' to 'http://localhost:42207/session/d281158bd6d51ff66f8960879be9bf76/execute/sync'
12:03:50.334 [Forwarding getPageSource on session d281158bd6d51ff66f8960879be9bf76 to remote] DEBUG org.asynchttpclient.netty.request.NettyRequestSender - Using open Channel [id: 0xc7aa666f, L:/127.0.0.1:62909 - R:localhost/127.0.0.1:42207] for POST '/session/d281158bd6d51ff66f8960879be9bf76/execute/sync'
12:03:50.342 [AsyncHttpClient-1-8] DEBUG org.asynchttpclient.netty.handler.HttpHandler - 

Request DefaultHttpRequest(decodeResult: success, version: HTTP/1.1)
POST /session/d281158bd6d51ff66f8960879be9bf76/execute/sync HTTP/1.1
User-Agent: selenium/4.8.1 (java windows)
Content-Length: 176
Content-Type: application/json; charset=utf-8
host: localhost:42207
accept: */*

Response DefaultHttpResponse(decodeResult: success, version: HTTP/1.1)
HTTP/1.1 200 OK
Content-Length: 96996
Content-Type: application/json; charset=utf-8
cache-control: no-cache

12:03:50.343 [AsyncHttpClient-1-8] DEBUG org.asynchttpclient.netty.channel.ChannelManager - Adding key: http://localhost:42207 for channel [id: 0xc7aa666f, L:/127.0.0.1:62909 - R:localhost/127.0.0.1:42207]
12:03:50.349 [Forwarding getCurrentUrl on session d281158bd6d51ff66f8960879be9bf76 to remote] DEBUG org.asynchttpclient.netty.request.NettyRequestSender - Using pooled Channel '[id: 0xc7aa666f, L:/127.0.0.1:62909 - R:localhost/127.0.0.1:42207]' for 'GET' to 'http://localhost:42207/session/d281158bd6d51ff66f8960879be9bf76/url'
12:03:50.349 [Forwarding getCurrentUrl on session d281158bd6d51ff66f8960879be9bf76 to remote] DEBUG org.asynchttpclient.netty.request.NettyRequestSender - Using open Channel [id: 0xc7aa666f, L:/127.0.0.1:62909 - R:localhost/127.0.0.1:42207] for GET '/session/d281158bd6d51ff66f8960879be9bf76/url'
12:03:50.352 [AsyncHttpClient-1-8] DEBUG org.asynchttpclient.netty.handler.HttpHandler - 

Request DefaultFullHttpRequest(decodeResult: success, version: HTTP/1.1, content: EmptyByteBufBE)
GET /session/d281158bd6d51ff66f8960879be9bf76/url HTTP/1.1
User-Agent: selenium/4.8.1 (java windows)
Cache-Control: no-cache
Content-Type: application/json; charset=utf-8
host: localhost:42207
accept: */*

Response DefaultHttpResponse(decodeResult: success, version: HTTP/1.1)
HTTP/1.1 200 OK
Content-Length: 42
Content-Type: application/json; charset=utf-8
cache-control: no-cache

12:03:50.353 [AsyncHttpClient-1-8] DEBUG org.asynchttpclient.netty.channel.ChannelManager - Adding key: http://localhost:42207 for channel [id: 0xc7aa666f, L:/127.0.0.1:62909 - R:localhost/127.0.0.1:42207]
12:03:50.362 [Forwarding getPageSource on session d281158bd6d51ff66f8960879be9bf76 to remote] DEBUG org.asynchttpclient.netty.request.NettyRequestSender - Using pooled Channel '[id: 0xc7aa666f, L:/127.0.0.1:62909 - R:localhost/127.0.0.1:42207]' for 'POST' to 'http://localhost:42207/session/d281158bd6d51ff66f8960879be9bf76/execute/sync'
12:03:50.362 [Forwarding getPageSource on session d281158bd6d51ff66f8960879be9bf76 to remote] DEBUG org.asynchttpclient.netty.request.NettyRequestSender - Using open Channel [id: 0xc7aa666f, L:/127.0.0.1:62909 - R:localhost/127.0.0.1:42207] for POST '/session/d281158bd6d51ff66f8960879be9bf76/execute/sync'
12:03:50.373 [AsyncHttpClient-1-8] DEBUG org.asynchttpclient.netty.handler.HttpHandler - 

Request DefaultHttpRequest(decodeResult: success, version: HTTP/1.1)
POST /session/d281158bd6d51ff66f8960879be9bf76/execute/sync HTTP/1.1
User-Agent: selenium/4.8.1 (java windows)
Content-Length: 176
Content-Type: application/json; charset=utf-8
host: localhost:42207
accept: */*

Response DefaultHttpResponse(decodeResult: success, version: HTTP/1.1)
HTTP/1.1 200 OK
Content-Length: 96996
Content-Type: application/json; charset=utf-8
cache-control: no-cache

12:03:50.373 [AsyncHttpClient-1-8] DEBUG org.asynchttpclient.netty.channel.ChannelManager - Adding key: http://localhost:42207 for channel [id: 0xc7aa666f, L:/127.0.0.1:62909 - R:localhost/127.0.0.1:42207]
12:03:50.379 [Forwarding getCurrentUrl on session d281158bd6d51ff66f8960879be9bf76 to remote] DEBUG org.asynchttpclient.netty.request.NettyRequestSender - Using pooled Channel '[id: 0xc7aa666f, L:/127.0.0.1:62909 - R:localhost/127.0.0.1:42207]' for 'GET' to 'http://localhost:42207/session/d281158bd6d51ff66f8960879be9bf76/url'
12:03:50.379 [Forwarding getCurrentUrl on session d281158bd6d51ff66f8960879be9bf76 to remote] DEBUG org.asynchttpclient.netty.request.NettyRequestSender - Using open Channel [id: 0xc7aa666f, L:/127.0.0.1:62909 - R:localhost/127.0.0.1:42207] for GET '/session/d281158bd6d51ff66f8960879be9bf76/url'
12:03:50.383 [AsyncHttpClient-1-8] DEBUG org.asynchttpclient.netty.handler.HttpHandler - 

Request DefaultFullHttpRequest(decodeResult: success, version: HTTP/1.1, content: EmptyByteBufBE)
GET /session/d281158bd6d51ff66f8960879be9bf76/url HTTP/1.1
User-Agent: selenium/4.8.1 (java windows)
Cache-Control: no-cache
Content-Type: application/json; charset=utf-8
host: localhost:42207
accept: */*

Response DefaultHttpResponse(decodeResult: success, version: HTTP/1.1)
HTTP/1.1 200 OK
Content-Length: 42
Content-Type: application/json; charset=utf-8
cache-control: no-cache

12:03:50.383 [AsyncHttpClient-1-8] DEBUG org.asynchttpclient.netty.channel.ChannelManager - Adding key: http://localhost:42207 for channel [id: 0xc7aa666f, L:/127.0.0.1:62909 - R:localhost/127.0.0.1:42207]
12:03:50.386 [main] DEBUG net.thucydides.core.steps.StepInterceptor - STARTING STEP: LoginSteps.doEnterValidEmail - inputEmail
12:03:50.388 [Forwarding findElement on session d281158bd6d51ff66f8960879be9bf76 to remote] DEBUG org.asynchttpclient.netty.request.NettyRequestSender - Using pooled Channel '[id: 0xc7aa666f, L:/127.0.0.1:62909 - R:localhost/127.0.0.1:42207]' for 'POST' to 'http://localhost:42207/session/d281158bd6d51ff66f8960879be9bf76/element'
12:03:50.388 [Forwarding findElement on session d281158bd6d51ff66f8960879be9bf76 to remote] DEBUG org.asynchttpclient.netty.request.NettyRequestSender - Using open Channel [id: 0xc7aa666f, L:/127.0.0.1:62909 - R:localhost/127.0.0.1:42207] for POST '/session/d281158bd6d51ff66f8960879be9bf76/element'
12:03:50.401 [AsyncHttpClient-1-8] DEBUG org.asynchttpclient.netty.handler.HttpHandler - 

Request DefaultHttpRequest(decodeResult: success, version: HTTP/1.1)
POST /session/d281158bd6d51ff66f8960879be9bf76/element HTTP/1.1
User-Agent: selenium/4.8.1 (java windows)
Content-Length: 50
Content-Type: application/json; charset=utf-8
host: localhost:42207
accept: */*

Response DefaultHttpResponse(decodeResult: success, version: HTTP/1.1)
HTTP/1.1 200 OK
Content-Length: 88
Content-Type: application/json; charset=utf-8
cache-control: no-cache

12:03:50.402 [AsyncHttpClient-1-8] DEBUG org.asynchttpclient.netty.channel.ChannelManager - Adding key: http://localhost:42207 for channel [id: 0xc7aa666f, L:/127.0.0.1:62909 - R:localhost/127.0.0.1:42207]
12:03:50.403 [Forwarding clearElement on session d281158bd6d51ff66f8960879be9bf76 to remote] DEBUG org.asynchttpclient.netty.request.NettyRequestSender - Using pooled Channel '[id: 0xc7aa666f, L:/127.0.0.1:62909 - R:localhost/127.0.0.1:42207]' for 'POST' to 'http://localhost:42207/session/d281158bd6d51ff66f8960879be9bf76/element/5363aa73-5ac7-4ea3-ad2c-3a9ea099aa35/clear'
12:03:50.403 [Forwarding clearElement on session d281158bd6d51ff66f8960879be9bf76 to remote] DEBUG org.asynchttpclient.netty.request.NettyRequestSender - Using open Channel [id: 0xc7aa666f, L:/127.0.0.1:62909 - R:localhost/127.0.0.1:42207] for POST '/session/d281158bd6d51ff66f8960879be9bf76/element/5363aa73-5ac7-4ea3-ad2c-3a9ea099aa35/clear'
12:03:50.438 [AsyncHttpClient-1-8] DEBUG org.asynchttpclient.netty.handler.HttpHandler - 

Request DefaultHttpRequest(decodeResult: success, version: HTTP/1.1)
POST /session/d281158bd6d51ff66f8960879be9bf76/element/5363aa73-5ac7-4ea3-ad2c-3a9ea099aa35/clear HTTP/1.1
User-Agent: selenium/4.8.1 (java windows)
Content-Length: 50
Content-Type: application/json; charset=utf-8
host: localhost:42207
accept: */*

Response DefaultHttpResponse(decodeResult: success, version: HTTP/1.1)
HTTP/1.1 200 OK
Content-Length: 14
Content-Type: application/json; charset=utf-8
cache-control: no-cache

12:03:50.438 [AsyncHttpClient-1-8] DEBUG org.asynchttpclient.netty.channel.ChannelManager - Adding key: http://localhost:42207 for channel [id: 0xc7aa666f, L:/127.0.0.1:62909 - R:localhost/127.0.0.1:42207]
12:03:50.439 [Forwarding sendKeysToElement on session d281158bd6d51ff66f8960879be9bf76 to remote] DEBUG org.asynchttpclient.netty.request.NettyRequestSender - Using pooled Channel '[id: 0xc7aa666f, L:/127.0.0.1:62909 - R:localhost/127.0.0.1:42207]' for 'POST' to 'http://localhost:42207/session/d281158bd6d51ff66f8960879be9bf76/element/5363aa73-5ac7-4ea3-ad2c-3a9ea099aa35/value'
12:03:50.439 [Forwarding sendKeysToElement on session d281158bd6d51ff66f8960879be9bf76 to remote] DEBUG org.asynchttpclient.netty.request.NettyRequestSender - Using open Channel [id: 0xc7aa666f, L:/127.0.0.1:62909 - R:localhost/127.0.0.1:42207] for POST '/session/d281158bd6d51ff66f8960879be9bf76/element/5363aa73-5ac7-4ea3-ad2c-3a9ea099aa35/value'
12:03:50.665 [AsyncHttpClient-1-8] DEBUG org.asynchttpclient.netty.handler.HttpHandler - 

Request DefaultHttpRequest(decodeResult: success, version: HTTP/1.1)
POST /session/d281158bd6d51ff66f8960879be9bf76/element/5363aa73-5ac7-4ea3-ad2c-3a9ea099aa35/value HTTP/1.1
User-Agent: selenium/4.8.1 (java windows)
Content-Length: 411
Content-Type: application/json; charset=utf-8
host: localhost:42207
accept: */*

Response DefaultHttpResponse(decodeResult: success, version: HTTP/1.1)
HTTP/1.1 200 OK
Content-Length: 14
Content-Type: application/json; charset=utf-8
cache-control: no-cache

12:03:50.665 [AsyncHttpClient-1-8] DEBUG org.asynchttpclient.netty.channel.ChannelManager - Adding key: http://localhost:42207 for channel [id: 0xc7aa666f, L:/127.0.0.1:62909 - R:localhost/127.0.0.1:42207]
12:03:50.671 [Forwarding getAlertText on session d281158bd6d51ff66f8960879be9bf76 to remote] DEBUG org.asynchttpclient.netty.request.NettyRequestSender - Using pooled Channel '[id: 0xc7aa666f, L:/127.0.0.1:62909 - R:localhost/127.0.0.1:42207]' for 'GET' to 'http://localhost:42207/session/d281158bd6d51ff66f8960879be9bf76/alert/text'
12:03:50.671 [Forwarding getAlertText on session d281158bd6d51ff66f8960879be9bf76 to remote] DEBUG org.asynchttpclient.netty.request.NettyRequestSender - Using open Channel [id: 0xc7aa666f, L:/127.0.0.1:62909 - R:localhost/127.0.0.1:42207] for GET '/session/d281158bd6d51ff66f8960879be9bf76/alert/text'
12:03:50.673 [AsyncHttpClient-1-8] DEBUG org.asynchttpclient.netty.handler.HttpHandler - 

Request DefaultFullHttpRequest(decodeResult: success, version: HTTP/1.1, content: EmptyByteBufBE)
GET /session/d281158bd6d51ff66f8960879be9bf76/alert/text HTTP/1.1
User-Agent: selenium/4.8.1 (java windows)
Cache-Control: no-cache
Content-Type: application/json; charset=utf-8
host: localhost:42207
accept: */*

Response DefaultHttpResponse(decodeResult: success, version: HTTP/1.1)
HTTP/1.1 404 Not Found
Content-Length: 821
Content-Type: application/json; charset=utf-8
cache-control: no-cache

12:03:50.673 [AsyncHttpClient-1-8] DEBUG org.asynchttpclient.netty.channel.ChannelManager - Adding key: http://localhost:42207 for channel [id: 0xc7aa666f, L:/127.0.0.1:62909 - R:localhost/127.0.0.1:42207]
12:03:50.674 [Forwarding getCurrentUrl on session d281158bd6d51ff66f8960879be9bf76 to remote] DEBUG org.asynchttpclient.netty.request.NettyRequestSender - Using pooled Channel '[id: 0xc7aa666f, L:/127.0.0.1:62909 - R:localhost/127.0.0.1:42207]' for 'GET' to 'http://localhost:42207/session/d281158bd6d51ff66f8960879be9bf76/url'
12:03:50.674 [Forwarding getCurrentUrl on session d281158bd6d51ff66f8960879be9bf76 to remote] DEBUG org.asynchttpclient.netty.request.NettyRequestSender - Using open Channel [id: 0xc7aa666f, L:/127.0.0.1:62909 - R:localhost/127.0.0.1:42207] for GET '/session/d281158bd6d51ff66f8960879be9bf76/url'
12:03:50.678 [AsyncHttpClient-1-8] DEBUG org.asynchttpclient.netty.handler.HttpHandler - 

Request DefaultFullHttpRequest(decodeResult: success, version: HTTP/1.1, content: EmptyByteBufBE)
GET /session/d281158bd6d51ff66f8960879be9bf76/url HTTP/1.1
User-Agent: selenium/4.8.1 (java windows)
Cache-Control: no-cache
Content-Type: application/json; charset=utf-8
host: localhost:42207
accept: */*

Response DefaultHttpResponse(decodeResult: success, version: HTTP/1.1)
HTTP/1.1 200 OK
Content-Length: 42
Content-Type: application/json; charset=utf-8
cache-control: no-cache

12:03:50.678 [AsyncHttpClient-1-8] DEBUG org.asynchttpclient.netty.channel.ChannelManager - Adding key: http://localhost:42207 for channel [id: 0xc7aa666f, L:/127.0.0.1:62909 - R:localhost/127.0.0.1:42207]
12:03:50.679 [Forwarding screenshot on session d281158bd6d51ff66f8960879be9bf76 to remote] DEBUG org.asynchttpclient.netty.request.NettyRequestSender - Using pooled Channel '[id: 0xc7aa666f, L:/127.0.0.1:62909 - R:localhost/127.0.0.1:42207]' for 'GET' to 'http://localhost:42207/session/d281158bd6d51ff66f8960879be9bf76/screenshot'
12:03:50.679 [Forwarding screenshot on session d281158bd6d51ff66f8960879be9bf76 to remote] DEBUG org.asynchttpclient.netty.request.NettyRequestSender - Using open Channel [id: 0xc7aa666f, L:/127.0.0.1:62909 - R:localhost/127.0.0.1:42207] for GET '/session/d281158bd6d51ff66f8960879be9bf76/screenshot'
12:03:50.754 [AsyncHttpClient-1-1] DEBUG org.asynchttpclient.netty.channel.DefaultChannelPool - Entry count for : http://localhost:62910 : 1
12:03:50.886 [AsyncHttpClient-1-8] DEBUG org.asynchttpclient.netty.handler.HttpHandler - 

Request DefaultFullHttpRequest(decodeResult: success, version: HTTP/1.1, content: EmptyByteBufBE)
GET /session/d281158bd6d51ff66f8960879be9bf76/screenshot HTTP/1.1
User-Agent: selenium/4.8.1 (java windows)
Cache-Control: no-cache
Content-Type: application/json; charset=utf-8
host: localhost:42207
accept: */*

Response DefaultHttpResponse(decodeResult: success, version: HTTP/1.1)
HTTP/1.1 200 OK
Content-Length: 293472
Content-Type: application/json; charset=utf-8
cache-control: no-cache

12:03:50.887 [AsyncHttpClient-1-8] DEBUG org.asynchttpclient.netty.channel.ChannelManager - Adding key: http://localhost:42207 for channel [id: 0xc7aa666f, L:/127.0.0.1:62909 - R:localhost/127.0.0.1:42207]
12:03:50.895 [main] DEBUG net.serenitybdd.core.photography.Darkroom - Send negative for processing for target\site\serenity\e5bb3233c34171a8ee05c0712c878025818ffefacf4b6bccc2288ff0605e6323.png
12:03:50.896 [main] DEBUG net.thucydides.core.steps.StepInterceptor - STEP DONE: inputEmail
  &amp#27;[32mAnd &amp#27;[0m&amp#27;[32mI enter valid Email&amp#27;[0m                    &amp#27;[90m# starter.stepdefinitions.LoginSteps.doEnterValidEmail()&amp#27;[0m
12:03:50.909 [Forwarding getPageSource on session d281158bd6d51ff66f8960879be9bf76 to remote] DEBUG org.asynchttpclient.netty.request.NettyRequestSender - Using pooled Channel '[id: 0xc7aa666f, L:/127.0.0.1:62909 - R:localhost/127.0.0.1:42207]' for 'POST' to 'http://localhost:42207/session/d281158bd6d51ff66f8960879be9bf76/execute/sync'
12:03:50.909 [Forwarding getPageSource on session d281158bd6d51ff66f8960879be9bf76 to remote] DEBUG org.asynchttpclient.netty.request.NettyRequestSender - Using open Channel [id: 0xc7aa666f, L:/127.0.0.1:62909 - R:localhost/127.0.0.1:42207] for POST '/session/d281158bd6d51ff66f8960879be9bf76/execute/sync'
12:03:50.932 [AsyncHttpClient-1-8] DEBUG org.asynchttpclient.netty.handler.HttpHandler - 

Request DefaultHttpRequest(decodeResult: success, version: HTTP/1.1)
POST /session/d281158bd6d51ff66f8960879be9bf76/execute/sync HTTP/1.1
User-Agent: selenium/4.8.1 (java windows)
Content-Length: 176
Content-Type: application/json; charset=utf-8
host: localhost:42207
accept: */*

Response DefaultHttpResponse(decodeResult: success, version: HTTP/1.1)
HTTP/1.1 200 OK
Content-Length: 97053
Content-Type: application/json; charset=utf-8
cache-control: no-cache

12:03:50.933 [AsyncHttpClient-1-8] DEBUG org.asynchttpclient.netty.channel.ChannelManager - Adding key: http://localhost:42207 for channel [id: 0xc7aa666f, L:/127.0.0.1:62909 - R:localhost/127.0.0.1:42207]
12:03:50.938 [Forwarding getCurrentUrl on session d281158bd6d51ff66f8960879be9bf76 to remote] DEBUG org.asynchttpclient.netty.request.NettyRequestSender - Using pooled Channel '[id: 0xc7aa666f, L:/127.0.0.1:62909 - R:localhost/127.0.0.1:42207]' for 'GET' to 'http://localhost:42207/session/d281158bd6d51ff66f8960879be9bf76/url'
12:03:50.938 [Forwarding getCurrentUrl on session d281158bd6d51ff66f8960879be9bf76 to remote] DEBUG org.asynchttpclient.netty.request.NettyRequestSender - Using open Channel [id: 0xc7aa666f, L:/127.0.0.1:62909 - R:localhost/127.0.0.1:42207] for GET '/session/d281158bd6d51ff66f8960879be9bf76/url'
12:03:50.943 [AsyncHttpClient-1-8] DEBUG org.asynchttpclient.netty.handler.HttpHandler - 

Request DefaultFullHttpRequest(decodeResult: success, version: HTTP/1.1, content: EmptyByteBufBE)
GET /session/d281158bd6d51ff66f8960879be9bf76/url HTTP/1.1
User-Agent: selenium/4.8.1 (java windows)
Cache-Control: no-cache
Content-Type: application/json; charset=utf-8
host: localhost:42207
accept: */*

Response DefaultHttpResponse(decodeResult: success, version: HTTP/1.1)
HTTP/1.1 200 OK
Content-Length: 42
Content-Type: application/json; charset=utf-8
cache-control: no-cache

12:03:50.943 [AsyncHttpClient-1-8] DEBUG org.asynchttpclient.netty.channel.ChannelManager - Adding key: http://localhost:42207 for channel [id: 0xc7aa666f, L:/127.0.0.1:62909 - R:localhost/127.0.0.1:42207]
12:03:50.951 [Forwarding getAlertText on session d281158bd6d51ff66f8960879be9bf76 to remote] DEBUG org.asynchttpclient.netty.request.NettyRequestSender - Using pooled Channel '[id: 0xc7aa666f, L:/127.0.0.1:62909 - R:localhost/127.0.0.1:42207]' for 'GET' to 'http://localhost:42207/session/d281158bd6d51ff66f8960879be9bf76/alert/text'
12:03:50.951 [Forwarding getAlertText on session d281158bd6d51ff66f8960879be9bf76 to remote] DEBUG org.asynchttpclient.netty.request.NettyRequestSender - Using open Channel [id: 0xc7aa666f, L:/127.0.0.1:62909 - R:localhost/127.0.0.1:42207] for GET '/session/d281158bd6d51ff66f8960879be9bf76/alert/text'
12:03:50.953 [AsyncHttpClient-1-8] DEBUG org.asynchttpclient.netty.handler.HttpHandler - 

Request DefaultFullHttpRequest(decodeResult: success, version: HTTP/1.1, content: EmptyByteBufBE)
GET /session/d281158bd6d51ff66f8960879be9bf76/alert/text HTTP/1.1
User-Agent: selenium/4.8.1 (java windows)
Cache-Control: no-cache
Content-Type: application/json; charset=utf-8
host: localhost:42207
accept: */*

Response DefaultHttpResponse(decodeResult: success, version: HTTP/1.1)
HTTP/1.1 404 Not Found
Content-Length: 821
Content-Type: application/json; charset=utf-8
cache-control: no-cache

12:03:50.953 [AsyncHttpClient-1-8] DEBUG org.asynchttpclient.netty.channel.ChannelManager - Adding key: http://localhost:42207 for channel [id: 0xc7aa666f, L:/127.0.0.1:62909 - R:localhost/127.0.0.1:42207]
12:03:50.954 [Forwarding getCurrentUrl on session d281158bd6d51ff66f8960879be9bf76 to remote] DEBUG org.asynchttpclient.netty.request.NettyRequestSender - Using pooled Channel '[id: 0xc7aa666f, L:/127.0.0.1:62909 - R:localhost/127.0.0.1:42207]' for 'GET' to 'http://localhost:42207/session/d281158bd6d51ff66f8960879be9bf76/url'
12:03:50.954 [Forwarding getCurrentUrl on session d281158bd6d51ff66f8960879be9bf76 to remote] DEBUG org.asynchttpclient.netty.request.NettyRequestSender - Using open Channel [id: 0xc7aa666f, L:/127.0.0.1:62909 - R:localhost/127.0.0.1:42207] for GET '/session/d281158bd6d51ff66f8960879be9bf76/url'
12:03:50.958 [AsyncHttpClient-1-8] DEBUG org.asynchttpclient.netty.handler.HttpHandler - 

Request DefaultFullHttpRequest(decodeResult: success, version: HTTP/1.1, content: EmptyByteBufBE)
GET /session/d281158bd6d51ff66f8960879be9bf76/url HTTP/1.1
User-Agent: selenium/4.8.1 (java windows)
Cache-Control: no-cache
Content-Type: application/json; charset=utf-8
host: localhost:42207
accept: */*

Response DefaultHttpResponse(decodeResult: success, version: HTTP/1.1)
HTTP/1.1 200 OK
Content-Length: 42
Content-Type: application/json; charset=utf-8
cache-control: no-cache

12:03:50.958 [AsyncHttpClient-1-8] DEBUG org.asynchttpclient.netty.channel.ChannelManager - Adding key: http://localhost:42207 for channel [id: 0xc7aa666f, L:/127.0.0.1:62909 - R:localhost/127.0.0.1:42207]
12:03:50.959 [Forwarding screenshot on session d281158bd6d51ff66f8960879be9bf76 to remote] DEBUG org.asynchttpclient.netty.request.NettyRequestSender - Using pooled Channel '[id: 0xc7aa666f, L:/127.0.0.1:62909 - R:localhost/127.0.0.1:42207]' for 'GET' to 'http://localhost:42207/session/d281158bd6d51ff66f8960879be9bf76/screenshot'
12:03:50.959 [Forwarding screenshot on session d281158bd6d51ff66f8960879be9bf76 to remote] DEBUG org.asynchttpclient.netty.request.NettyRequestSender - Using open Channel [id: 0xc7aa666f, L:/127.0.0.1:62909 - R:localhost/127.0.0.1:42207] for GET '/session/d281158bd6d51ff66f8960879be9bf76/screenshot'
12:03:51.118 [AsyncHttpClient-1-8] DEBUG org.asynchttpclient.netty.handler.HttpHandler - 

Request DefaultFullHttpRequest(decodeResult: success, version: HTTP/1.1, content: EmptyByteBufBE)
GET /session/d281158bd6d51ff66f8960879be9bf76/screenshot HTTP/1.1
User-Agent: selenium/4.8.1 (java windows)
Cache-Control: no-cache
Content-Type: application/json; charset=utf-8
host: localhost:42207
accept: */*

Response DefaultHttpResponse(decodeResult: success, version: HTTP/1.1)
HTTP/1.1 200 OK
Content-Length: 293472
Content-Type: application/json; charset=utf-8
cache-control: no-cache

12:03:51.119 [AsyncHttpClient-1-8] DEBUG org.asynchttpclient.netty.channel.ChannelManager - Adding key: http://localhost:42207 for channel [id: 0xc7aa666f, L:/127.0.0.1:62909 - R:localhost/127.0.0.1:42207]
12:03:51.126 [main] DEBUG net.serenitybdd.core.photography.Darkroom - Send negative for processing for target\site\serenity\e5bb3233c34171a8ee05c0712c878025818ffefacf4b6bccc2288ff0605e6323.png
12:03:51.127 [Forwarding getPageSource on session d281158bd6d51ff66f8960879be9bf76 to remote] DEBUG org.asynchttpclient.netty.request.NettyRequestSender - Using pooled Channel '[id: 0xc7aa666f, L:/127.0.0.1:62909 - R:localhost/127.0.0.1:42207]' for 'POST' to 'http://localhost:42207/session/d281158bd6d51ff66f8960879be9bf76/execute/sync'
12:03:51.127 [Forwarding getPageSource on session d281158bd6d51ff66f8960879be9bf76 to remote] DEBUG org.asynchttpclient.netty.request.NettyRequestSender - Using open Channel [id: 0xc7aa666f, L:/127.0.0.1:62909 - R:localhost/127.0.0.1:42207] for POST '/session/d281158bd6d51ff66f8960879be9bf76/execute/sync'
12:03:51.137 [AsyncHttpClient-1-8] DEBUG org.asynchttpclient.netty.handler.HttpHandler - 

Request DefaultHttpRequest(decodeResult: success, version: HTTP/1.1)
POST /session/d281158bd6d51ff66f8960879be9bf76/execute/sync HTTP/1.1
User-Agent: selenium/4.8.1 (java windows)
Content-Length: 176
Content-Type: application/json; charset=utf-8
host: localhost:42207
accept: */*

Response DefaultHttpResponse(decodeResult: success, version: HTTP/1.1)
HTTP/1.1 200 OK
Content-Length: 97053
Content-Type: application/json; charset=utf-8
cache-control: no-cache

12:03:51.138 [AsyncHttpClient-1-8] DEBUG org.asynchttpclient.netty.channel.ChannelManager - Adding key: http://localhost:42207 for channel [id: 0xc7aa666f, L:/127.0.0.1:62909 - R:localhost/127.0.0.1:42207]
12:03:51.143 [Forwarding getCurrentUrl on session d281158bd6d51ff66f8960879be9bf76 to remote] DEBUG org.asynchttpclient.netty.request.NettyRequestSender - Using pooled Channel '[id: 0xc7aa666f, L:/127.0.0.1:62909 - R:localhost/127.0.0.1:42207]' for 'GET' to 'http://localhost:42207/session/d281158bd6d51ff66f8960879be9bf76/url'
12:03:51.143 [Forwarding getCurrentUrl on session d281158bd6d51ff66f8960879be9bf76 to remote] DEBUG org.asynchttpclient.netty.request.NettyRequestSender - Using open Channel [id: 0xc7aa666f, L:/127.0.0.1:62909 - R:localhost/127.0.0.1:42207] for GET '/session/d281158bd6d51ff66f8960879be9bf76/url'
12:03:51.148 [AsyncHttpClient-1-8] DEBUG org.asynchttpclient.netty.handler.HttpHandler - 

Request DefaultFullHttpRequest(decodeResult: success, version: HTTP/1.1, content: EmptyByteBufBE)
GET /session/d281158bd6d51ff66f8960879be9bf76/url HTTP/1.1
User-Agent: selenium/4.8.1 (java windows)
Cache-Control: no-cache
Content-Type: application/json; charset=utf-8
host: localhost:42207
accept: */*

Response DefaultHttpResponse(decodeResult: success, version: HTTP/1.1)
HTTP/1.1 200 OK
Content-Length: 42
Content-Type: application/json; charset=utf-8
cache-control: no-cache

12:03:51.148 [AsyncHttpClient-1-8] DEBUG org.asynchttpclient.netty.channel.ChannelManager - Adding key: http://localhost:42207 for channel [id: 0xc7aa666f, L:/127.0.0.1:62909 - R:localhost/127.0.0.1:42207]
12:03:51.150 [main] DEBUG net.thucydides.core.steps.StepInterceptor - STARTING STEP: LoginSteps.doEnterValidPassword - inputPassword
12:03:51.152 [Forwarding findElement on session d281158bd6d51ff66f8960879be9bf76 to remote] DEBUG org.asynchttpclient.netty.request.NettyRequestSender - Using pooled Channel '[id: 0xc7aa666f, L:/127.0.0.1:62909 - R:localhost/127.0.0.1:42207]' for 'POST' to 'http://localhost:42207/session/d281158bd6d51ff66f8960879be9bf76/element'
12:03:51.153 [Forwarding findElement on session d281158bd6d51ff66f8960879be9bf76 to remote] DEBUG org.asynchttpclient.netty.request.NettyRequestSender - Using open Channel [id: 0xc7aa666f, L:/127.0.0.1:62909 - R:localhost/127.0.0.1:42207] for POST '/session/d281158bd6d51ff66f8960879be9bf76/element'
12:03:51.165 [AsyncHttpClient-1-8] DEBUG org.asynchttpclient.netty.handler.HttpHandler - 

Request DefaultHttpRequest(decodeResult: success, version: HTTP/1.1)
POST /session/d281158bd6d51ff66f8960879be9bf76/element HTTP/1.1
User-Agent: selenium/4.8.1 (java windows)
Content-Length: 53
Content-Type: application/json; charset=utf-8
host: localhost:42207
accept: */*

Response DefaultHttpResponse(decodeResult: success, version: HTTP/1.1)
HTTP/1.1 200 OK
Content-Length: 88
Content-Type: application/json; charset=utf-8
cache-control: no-cache

12:03:51.165 [AsyncHttpClient-1-8] DEBUG org.asynchttpclient.netty.channel.ChannelManager - Adding key: http://localhost:42207 for channel [id: 0xc7aa666f, L:/127.0.0.1:62909 - R:localhost/127.0.0.1:42207]
12:03:51.166 [Forwarding clearElement on session d281158bd6d51ff66f8960879be9bf76 to remote] DEBUG org.asynchttpclient.netty.request.NettyRequestSender - Using pooled Channel '[id: 0xc7aa666f, L:/127.0.0.1:62909 - R:localhost/127.0.0.1:42207]' for 'POST' to 'http://localhost:42207/session/d281158bd6d51ff66f8960879be9bf76/element/b1814900-30f2-4918-b1c4-9b38fcc66761/clear'
12:03:51.166 [Forwarding clearElement on session d281158bd6d51ff66f8960879be9bf76 to remote] DEBUG org.asynchttpclient.netty.request.NettyRequestSender - Using open Channel [id: 0xc7aa666f, L:/127.0.0.1:62909 - R:localhost/127.0.0.1:42207] for POST '/session/d281158bd6d51ff66f8960879be9bf76/element/b1814900-30f2-4918-b1c4-9b38fcc66761/clear'
12:03:51.207 [AsyncHttpClient-1-8] DEBUG org.asynchttpclient.netty.handler.HttpHandler - 

Request DefaultHttpRequest(decodeResult: success, version: HTTP/1.1)
POST /session/d281158bd6d51ff66f8960879be9bf76/element/b1814900-30f2-4918-b1c4-9b38fcc66761/clear HTTP/1.1
User-Agent: selenium/4.8.1 (java windows)
Content-Length: 50
Content-Type: application/json; charset=utf-8
host: localhost:42207
accept: */*

Response DefaultHttpResponse(decodeResult: success, version: HTTP/1.1)
HTTP/1.1 200 OK
Content-Length: 14
Content-Type: application/json; charset=utf-8
cache-control: no-cache

12:03:51.208 [AsyncHttpClient-1-8] DEBUG org.asynchttpclient.netty.channel.ChannelManager - Adding key: http://localhost:42207 for channel [id: 0xc7aa666f, L:/127.0.0.1:62909 - R:localhost/127.0.0.1:42207]
12:03:51.210 [Forwarding sendKeysToElement on session d281158bd6d51ff66f8960879be9bf76 to remote] DEBUG org.asynchttpclient.netty.request.NettyRequestSender - Using pooled Channel '[id: 0xc7aa666f, L:/127.0.0.1:62909 - R:localhost/127.0.0.1:42207]' for 'POST' to 'http://localhost:42207/session/d281158bd6d51ff66f8960879be9bf76/element/b1814900-30f2-4918-b1c4-9b38fcc66761/value'
12:03:51.210 [Forwarding sendKeysToElement on session d281158bd6d51ff66f8960879be9bf76 to remote] DEBUG org.asynchttpclient.netty.request.NettyRequestSender - Using open Channel [id: 0xc7aa666f, L:/127.0.0.1:62909 - R:localhost/127.0.0.1:42207] for POST '/session/d281158bd6d51ff66f8960879be9bf76/element/b1814900-30f2-4918-b1c4-9b38fcc66761/value'
12:03:51.319 [AsyncHttpClient-1-8] DEBUG org.asynchttpclient.netty.handler.HttpHandler - 

Request DefaultHttpRequest(decodeResult: success, version: HTTP/1.1)
POST /session/d281158bd6d51ff66f8960879be9bf76/element/b1814900-30f2-4918-b1c4-9b38fcc66761/value HTTP/1.1
User-Agent: selenium/4.8.1 (java windows)
Content-Length: 231
Content-Type: application/json; charset=utf-8
host: localhost:42207
accept: */*

Response DefaultHttpResponse(decodeResult: success, version: HTTP/1.1)
HTTP/1.1 200 OK
Content-Length: 14
Content-Type: application/json; charset=utf-8
cache-control: no-cache

12:03:51.319 [AsyncHttpClient-1-8] DEBUG org.asynchttpclient.netty.channel.ChannelManager - Adding key: http://localhost:42207 for channel [id: 0xc7aa666f, L:/127.0.0.1:62909 - R:localhost/127.0.0.1:42207]
12:03:51.327 [Forwarding getAlertText on session d281158bd6d51ff66f8960879be9bf76 to remote] DEBUG org.asynchttpclient.netty.request.NettyRequestSender - Using pooled Channel '[id: 0xc7aa666f, L:/127.0.0.1:62909 - R:localhost/127.0.0.1:42207]' for 'GET' to 'http://localhost:42207/session/d281158bd6d51ff66f8960879be9bf76/alert/text'
12:03:51.327 [Forwarding getAlertText on session d281158bd6d51ff66f8960879be9bf76 to remote] DEBUG org.asynchttpclient.netty.request.NettyRequestSender - Using open Channel [id: 0xc7aa666f, L:/127.0.0.1:62909 - R:localhost/127.0.0.1:42207] for GET '/session/d281158bd6d51ff66f8960879be9bf76/alert/text'
12:03:51.329 [AsyncHttpClient-1-8] DEBUG org.asynchttpclient.netty.handler.HttpHandler - 

Request DefaultFullHttpRequest(decodeResult: success, version: HTTP/1.1, content: EmptyByteBufBE)
GET /session/d281158bd6d51ff66f8960879be9bf76/alert/text HTTP/1.1
User-Agent: selenium/4.8.1 (java windows)
Cache-Control: no-cache
Content-Type: application/json; charset=utf-8
host: localhost:42207
accept: */*

Response DefaultHttpResponse(decodeResult: success, version: HTTP/1.1)
HTTP/1.1 404 Not Found
Content-Length: 821
Content-Type: application/json; charset=utf-8
cache-control: no-cache

12:03:51.329 [AsyncHttpClient-1-8] DEBUG org.asynchttpclient.netty.channel.ChannelManager - Adding key: http://localhost:42207 for channel [id: 0xc7aa666f, L:/127.0.0.1:62909 - R:localhost/127.0.0.1:42207]
12:03:51.330 [Forwarding getCurrentUrl on session d281158bd6d51ff66f8960879be9bf76 to remote] DEBUG org.asynchttpclient.netty.request.NettyRequestSender - Using pooled Channel '[id: 0xc7aa666f, L:/127.0.0.1:62909 - R:localhost/127.0.0.1:42207]' for 'GET' to 'http://localhost:42207/session/d281158bd6d51ff66f8960879be9bf76/url'
12:03:51.330 [Forwarding getCurrentUrl on session d281158bd6d51ff66f8960879be9bf76 to remote] DEBUG org.asynchttpclient.netty.request.NettyRequestSender - Using open Channel [id: 0xc7aa666f, L:/127.0.0.1:62909 - R:localhost/127.0.0.1:42207] for GET '/session/d281158bd6d51ff66f8960879be9bf76/url'
12:03:51.336 [AsyncHttpClient-1-8] DEBUG org.asynchttpclient.netty.handler.HttpHandler - 

Request DefaultFullHttpRequest(decodeResult: success, version: HTTP/1.1, content: EmptyByteBufBE)
GET /session/d281158bd6d51ff66f8960879be9bf76/url HTTP/1.1
User-Agent: selenium/4.8.1 (java windows)
Cache-Control: no-cache
Content-Type: application/json; charset=utf-8
host: localhost:42207
accept: */*

Response DefaultHttpResponse(decodeResult: success, version: HTTP/1.1)
HTTP/1.1 200 OK
Content-Length: 42
Content-Type: application/json; charset=utf-8
cache-control: no-cache

12:03:51.336 [AsyncHttpClient-1-8] DEBUG org.asynchttpclient.netty.channel.ChannelManager - Adding key: http://localhost:42207 for channel [id: 0xc7aa666f, L:/127.0.0.1:62909 - R:localhost/127.0.0.1:42207]
12:03:51.337 [Forwarding screenshot on session d281158bd6d51ff66f8960879be9bf76 to remote] DEBUG org.asynchttpclient.netty.request.NettyRequestSender - Using pooled Channel '[id: 0xc7aa666f, L:/127.0.0.1:62909 - R:localhost/127.0.0.1:42207]' for 'GET' to 'http://localhost:42207/session/d281158bd6d51ff66f8960879be9bf76/screenshot'
12:03:51.337 [Forwarding screenshot on session d281158bd6d51ff66f8960879be9bf76 to remote] DEBUG org.asynchttpclient.netty.request.NettyRequestSender - Using open Channel [id: 0xc7aa666f, L:/127.0.0.1:62909 - R:localhost/127.0.0.1:42207] for GET '/session/d281158bd6d51ff66f8960879be9bf76/screenshot'
12:03:51.560 [AsyncHttpClient-1-8] DEBUG org.asynchttpclient.netty.handler.HttpHandler - 

Request DefaultFullHttpRequest(decodeResult: success, version: HTTP/1.1, content: EmptyByteBufBE)
GET /session/d281158bd6d51ff66f8960879be9bf76/screenshot HTTP/1.1
User-Agent: selenium/4.8.1 (java windows)
Cache-Control: no-cache
Content-Type: application/json; charset=utf-8
host: localhost:42207
accept: */*

Response DefaultHttpResponse(decodeResult: success, version: HTTP/1.1)
HTTP/1.1 200 OK
Content-Length: 293600
Content-Type: application/json; charset=utf-8
cache-control: no-cache

12:03:51.561 [AsyncHttpClient-1-8] DEBUG org.asynchttpclient.netty.channel.ChannelManager - Adding key: http://localhost:42207 for channel [id: 0xc7aa666f, L:/127.0.0.1:62909 - R:localhost/127.0.0.1:42207]
12:03:51.570 [main] DEBUG net.serenitybdd.core.photography.Darkroom - Send negative for processing for target\site\serenity\b21010c86a97029bc04d11edfeeadf7242d137b5b13e4f0ccde44b8ca1725ccb.png
12:03:51.570 [main] DEBUG net.thucydides.core.steps.StepInterceptor - STEP DONE: inputPassword
12:03:51.570 [Darkroom Processing Line] DEBUG net.serenitybdd.core.photography.DarkroomProcessingLine - Processing screenshot image in /var/screenshots/screenshot-14337946871071786345
12:03:51.570 [Darkroom Processing Line] DEBUG net.serenitybdd.core.photography.DarkroomProcessingLine - Saving screenshot to target\site\serenity\b21010c86a97029bc04d11edfeeadf7242d137b5b13e4f0ccde44b8ca1725ccb.png
  &amp#27;[32mAnd &amp#27;[0m&amp#27;[32mI enter valid Password&amp#27;[0m                 &amp#27;[90m# starter.stepdefinitions.LoginSteps.doEnterValidPassword()&amp#27;[0m
12:03:51.582 [Forwarding getPageSource on session d281158bd6d51ff66f8960879be9bf76 to remote] DEBUG org.asynchttpclient.netty.request.NettyRequestSender - Using pooled Channel '[id: 0xc7aa666f, L:/127.0.0.1:62909 - R:localhost/127.0.0.1:42207]' for 'POST' to 'http://localhost:42207/session/d281158bd6d51ff66f8960879be9bf76/execute/sync'
12:03:51.582 [Forwarding getPageSource on session d281158bd6d51ff66f8960879be9bf76 to remote] DEBUG org.asynchttpclient.netty.request.NettyRequestSender - Using open Channel [id: 0xc7aa666f, L:/127.0.0.1:62909 - R:localhost/127.0.0.1:42207] for POST '/session/d281158bd6d51ff66f8960879be9bf76/execute/sync'
12:03:51.594 [AsyncHttpClient-1-8] DEBUG org.asynchttpclient.netty.handler.HttpHandler - 

Request DefaultHttpRequest(decodeResult: success, version: HTTP/1.1)
POST /session/d281158bd6d51ff66f8960879be9bf76/execute/sync HTTP/1.1
User-Agent: selenium/4.8.1 (java windows)
Content-Length: 176
Content-Type: application/json; charset=utf-8
host: localhost:42207
accept: */*

Response DefaultHttpResponse(decodeResult: success, version: HTTP/1.1)
HTTP/1.1 200 OK
Content-Length: 97073
Content-Type: application/json; charset=utf-8
cache-control: no-cache

12:03:51.595 [AsyncHttpClient-1-8] DEBUG org.asynchttpclient.netty.channel.ChannelManager - Adding key: http://localhost:42207 for channel [id: 0xc7aa666f, L:/127.0.0.1:62909 - R:localhost/127.0.0.1:42207]
12:03:51.604 [Forwarding getCurrentUrl on session d281158bd6d51ff66f8960879be9bf76 to remote] DEBUG org.asynchttpclient.netty.request.NettyRequestSender - Using pooled Channel '[id: 0xc7aa666f, L:/127.0.0.1:62909 - R:localhost/127.0.0.1:42207]' for 'GET' to 'http://localhost:42207/session/d281158bd6d51ff66f8960879be9bf76/url'
12:03:51.604 [Forwarding getCurrentUrl on session d281158bd6d51ff66f8960879be9bf76 to remote] DEBUG org.asynchttpclient.netty.request.NettyRequestSender - Using open Channel [id: 0xc7aa666f, L:/127.0.0.1:62909 - R:localhost/127.0.0.1:42207] for GET '/session/d281158bd6d51ff66f8960879be9bf76/url'
12:03:51.609 [AsyncHttpClient-1-8] DEBUG org.asynchttpclient.netty.handler.HttpHandler - 

Request DefaultFullHttpRequest(decodeResult: success, version: HTTP/1.1, content: EmptyByteBufBE)
GET /session/d281158bd6d51ff66f8960879be9bf76/url HTTP/1.1
User-Agent: selenium/4.8.1 (java windows)
Cache-Control: no-cache
Content-Type: application/json; charset=utf-8
host: localhost:42207
accept: */*

Response DefaultHttpResponse(decodeResult: success, version: HTTP/1.1)
HTTP/1.1 200 OK
Content-Length: 42
Content-Type: application/json; charset=utf-8
cache-control: no-cache

12:03:51.609 [AsyncHttpClient-1-8] DEBUG org.asynchttpclient.netty.channel.ChannelManager - Adding key: http://localhost:42207 for channel [id: 0xc7aa666f, L:/127.0.0.1:62909 - R:localhost/127.0.0.1:42207]
12:03:51.619 [Forwarding getPageSource on session d281158bd6d51ff66f8960879be9bf76 to remote] DEBUG org.asynchttpclient.netty.request.NettyRequestSender - Using pooled Channel '[id: 0xc7aa666f, L:/127.0.0.1:62909 - R:localhost/127.0.0.1:42207]' for 'POST' to 'http://localhost:42207/session/d281158bd6d51ff66f8960879be9bf76/execute/sync'
12:03:51.619 [Forwarding getPageSource on session d281158bd6d51ff66f8960879be9bf76 to remote] DEBUG org.asynchttpclient.netty.request.NettyRequestSender - Using open Channel [id: 0xc7aa666f, L:/127.0.0.1:62909 - R:localhost/127.0.0.1:42207] for POST '/session/d281158bd6d51ff66f8960879be9bf76/execute/sync'
12:03:51.629 [AsyncHttpClient-1-8] DEBUG org.asynchttpclient.netty.handler.HttpHandler - 

Request DefaultHttpRequest(decodeResult: success, version: HTTP/1.1)
POST /session/d281158bd6d51ff66f8960879be9bf76/execute/sync HTTP/1.1
User-Agent: selenium/4.8.1 (java windows)
Content-Length: 176
Content-Type: application/json; charset=utf-8
host: localhost:42207
accept: */*

Response DefaultHttpResponse(decodeResult: success, version: HTTP/1.1)
HTTP/1.1 200 OK
Content-Length: 97073
Content-Type: application/json; charset=utf-8
cache-control: no-cache

12:03:51.630 [AsyncHttpClient-1-8] DEBUG org.asynchttpclient.netty.channel.ChannelManager - Adding key: http://localhost:42207 for channel [id: 0xc7aa666f, L:/127.0.0.1:62909 - R:localhost/127.0.0.1:42207]
12:03:51.638 [Forwarding getCurrentUrl on session d281158bd6d51ff66f8960879be9bf76 to remote] DEBUG org.asynchttpclient.netty.request.NettyRequestSender - Using pooled Channel '[id: 0xc7aa666f, L:/127.0.0.1:62909 - R:localhost/127.0.0.1:42207]' for 'GET' to 'http://localhost:42207/session/d281158bd6d51ff66f8960879be9bf76/url'
12:03:51.638 [Forwarding getCurrentUrl on session d281158bd6d51ff66f8960879be9bf76 to remote] DEBUG org.asynchttpclient.netty.request.NettyRequestSender - Using open Channel [id: 0xc7aa666f, L:/127.0.0.1:62909 - R:localhost/127.0.0.1:42207] for GET '/session/d281158bd6d51ff66f8960879be9bf76/url'
12:03:51.643 [AsyncHttpClient-1-8] DEBUG org.asynchttpclient.netty.handler.HttpHandler - 

Request DefaultFullHttpRequest(decodeResult: success, version: HTTP/1.1, content: EmptyByteBufBE)
GET /session/d281158bd6d51ff66f8960879be9bf76/url HTTP/1.1
User-Agent: selenium/4.8.1 (java windows)
Cache-Control: no-cache
Content-Type: application/json; charset=utf-8
host: localhost:42207
accept: */*

Response DefaultHttpResponse(decodeResult: success, version: HTTP/1.1)
HTTP/1.1 200 OK
Content-Length: 42
Content-Type: application/json; charset=utf-8
cache-control: no-cache

12:03:51.643 [AsyncHttpClient-1-8] DEBUG org.asynchttpclient.netty.channel.ChannelManager - Adding key: http://localhost:42207 for channel [id: 0xc7aa666f, L:/127.0.0.1:62909 - R:localhost/127.0.0.1:42207]
12:03:51.646 [main] DEBUG net.thucydides.core.steps.StepInterceptor - STARTING STEP: LoginSteps.doClickLoginButton - clickButtonLogin
12:03:51.649 [Forwarding findElement on session d281158bd6d51ff66f8960879be9bf76 to remote] DEBUG org.asynchttpclient.netty.request.NettyRequestSender - Using pooled Channel '[id: 0xc7aa666f, L:/127.0.0.1:62909 - R:localhost/127.0.0.1:42207]' for 'POST' to 'http://localhost:42207/session/d281158bd6d51ff66f8960879be9bf76/element'
12:03:51.650 [Forwarding findElement on session d281158bd6d51ff66f8960879be9bf76 to remote] DEBUG org.asynchttpclient.netty.request.NettyRequestSender - Using open Channel [id: 0xc7aa666f, L:/127.0.0.1:62909 - R:localhost/127.0.0.1:42207] for POST '/session/d281158bd6d51ff66f8960879be9bf76/element'
12:03:51.663 [AsyncHttpClient-1-8] DEBUG org.asynchttpclient.netty.handler.HttpHandler - 

Request DefaultHttpRequest(decodeResult: success, version: HTTP/1.1)
POST /session/d281158bd6d51ff66f8960879be9bf76/element HTTP/1.1
User-Agent: selenium/4.8.1 (java windows)
Content-Length: 57
Content-Type: application/json; charset=utf-8
host: localhost:42207
accept: */*

Response DefaultHttpResponse(decodeResult: success, version: HTTP/1.1)
HTTP/1.1 200 OK
Content-Length: 88
Content-Type: application/json; charset=utf-8
cache-control: no-cache

12:03:51.663 [AsyncHttpClient-1-8] DEBUG org.asynchttpclient.netty.channel.ChannelManager - Adding key: http://localhost:42207 for channel [id: 0xc7aa666f, L:/127.0.0.1:62909 - R:localhost/127.0.0.1:42207]
12:03:51.665 [Forwarding getElementTagName on session d281158bd6d51ff66f8960879be9bf76 to remote] DEBUG org.asynchttpclient.netty.request.NettyRequestSender - Using pooled Channel '[id: 0xc7aa666f, L:/127.0.0.1:62909 - R:localhost/127.0.0.1:42207]' for 'GET' to 'http://localhost:42207/session/d281158bd6d51ff66f8960879be9bf76/element/2dfe6e70-dcc6-4752-9ef8-50e973aa8e44/name'
12:03:51.665 [Forwarding getElementTagName on session d281158bd6d51ff66f8960879be9bf76 to remote] DEBUG org.asynchttpclient.netty.request.NettyRequestSender - Using open Channel [id: 0xc7aa666f, L:/127.0.0.1:62909 - R:localhost/127.0.0.1:42207] for GET '/session/d281158bd6d51ff66f8960879be9bf76/element/2dfe6e70-dcc6-4752-9ef8-50e973aa8e44/name'
12:03:51.671 [AsyncHttpClient-1-8] DEBUG org.asynchttpclient.netty.handler.HttpHandler - 

Request DefaultFullHttpRequest(decodeResult: success, version: HTTP/1.1, content: EmptyByteBufBE)
GET /session/d281158bd6d51ff66f8960879be9bf76/element/2dfe6e70-dcc6-4752-9ef8-50e973aa8e44/name HTTP/1.1
User-Agent: selenium/4.8.1 (java windows)
Cache-Control: no-cache
Content-Type: application/json; charset=utf-8
host: localhost:42207
accept: */*

Response DefaultHttpResponse(decodeResult: success, version: HTTP/1.1)
HTTP/1.1 200 OK
Content-Length: 18
Content-Type: application/json; charset=utf-8
cache-control: no-cache

12:03:51.671 [AsyncHttpClient-1-8] DEBUG org.asynchttpclient.netty.channel.ChannelManager - Adding key: http://localhost:42207 for channel [id: 0xc7aa666f, L:/127.0.0.1:62909 - R:localhost/127.0.0.1:42207]
12:03:51.671 [Forwarding getElementTagName on session d281158bd6d51ff66f8960879be9bf76 to remote] DEBUG org.asynchttpclient.netty.request.NettyRequestSender - Using pooled Channel '[id: 0xc7aa666f, L:/127.0.0.1:62909 - R:localhost/127.0.0.1:42207]' for 'GET' to 'http://localhost:42207/session/d281158bd6d51ff66f8960879be9bf76/element/2dfe6e70-dcc6-4752-9ef8-50e973aa8e44/name'
12:03:51.671 [Forwarding getElementTagName on session d281158bd6d51ff66f8960879be9bf76 to remote] DEBUG org.asynchttpclient.netty.request.NettyRequestSender - Using open Channel [id: 0xc7aa666f, L:/127.0.0.1:62909 - R:localhost/127.0.0.1:42207] for GET '/session/d281158bd6d51ff66f8960879be9bf76/element/2dfe6e70-dcc6-4752-9ef8-50e973aa8e44/name'
12:03:51.676 [AsyncHttpClient-1-8] DEBUG org.asynchttpclient.netty.handler.HttpHandler - 

Request DefaultFullHttpRequest(decodeResult: success, version: HTTP/1.1, content: EmptyByteBufBE)
GET /session/d281158bd6d51ff66f8960879be9bf76/element/2dfe6e70-dcc6-4752-9ef8-50e973aa8e44/name HTTP/1.1
User-Agent: selenium/4.8.1 (java windows)
Cache-Control: no-cache
Content-Type: application/json; charset=utf-8
host: localhost:42207
accept: */*

Response DefaultHttpResponse(decodeResult: success, version: HTTP/1.1)
HTTP/1.1 200 OK
Content-Length: 18
Content-Type: application/json; charset=utf-8
cache-control: no-cache

12:03:51.676 [AsyncHttpClient-1-8] DEBUG org.asynchttpclient.netty.channel.ChannelManager - Adding key: http://localhost:42207 for channel [id: 0xc7aa666f, L:/127.0.0.1:62909 - R:localhost/127.0.0.1:42207]
12:03:51.677 [Forwarding isElementEnabled on session d281158bd6d51ff66f8960879be9bf76 to remote] DEBUG org.asynchttpclient.netty.request.NettyRequestSender - Using pooled Channel '[id: 0xc7aa666f, L:/127.0.0.1:62909 - R:localhost/127.0.0.1:42207]' for 'GET' to 'http://localhost:42207/session/d281158bd6d51ff66f8960879be9bf76/element/2dfe6e70-dcc6-4752-9ef8-50e973aa8e44/enabled'
12:03:51.677 [Forwarding isElementEnabled on session d281158bd6d51ff66f8960879be9bf76 to remote] DEBUG org.asynchttpclient.netty.request.NettyRequestSender - Using open Channel [id: 0xc7aa666f, L:/127.0.0.1:62909 - R:localhost/127.0.0.1:42207] for GET '/session/d281158bd6d51ff66f8960879be9bf76/element/2dfe6e70-dcc6-4752-9ef8-50e973aa8e44/enabled'
12:03:51.686 [AsyncHttpClient-1-8] DEBUG org.asynchttpclient.netty.handler.HttpHandler - 

Request DefaultFullHttpRequest(decodeResult: success, version: HTTP/1.1, content: EmptyByteBufBE)
GET /session/d281158bd6d51ff66f8960879be9bf76/element/2dfe6e70-dcc6-4752-9ef8-50e973aa8e44/enabled HTTP/1.1
User-Agent: selenium/4.8.1 (java windows)
Cache-Control: no-cache
Content-Type: application/json; charset=utf-8
host: localhost:42207
accept: */*

Response DefaultHttpResponse(decodeResult: success, version: HTTP/1.1)
HTTP/1.1 200 OK
Content-Length: 14
Content-Type: application/json; charset=utf-8
cache-control: no-cache

12:03:51.686 [AsyncHttpClient-1-8] DEBUG org.asynchttpclient.netty.channel.ChannelManager - Adding key: http://localhost:42207 for channel [id: 0xc7aa666f, L:/127.0.0.1:62909 - R:localhost/127.0.0.1:42207]
12:03:51.687 [Forwarding isElementEnabled on session d281158bd6d51ff66f8960879be9bf76 to remote] DEBUG org.asynchttpclient.netty.request.NettyRequestSender - Using pooled Channel '[id: 0xc7aa666f, L:/127.0.0.1:62909 - R:localhost/127.0.0.1:42207]' for 'GET' to 'http://localhost:42207/session/d281158bd6d51ff66f8960879be9bf76/element/2dfe6e70-dcc6-4752-9ef8-50e973aa8e44/enabled'
12:03:51.687 [Forwarding isElementEnabled on session d281158bd6d51ff66f8960879be9bf76 to remote] DEBUG org.asynchttpclient.netty.request.NettyRequestSender - Using open Channel [id: 0xc7aa666f, L:/127.0.0.1:62909 - R:localhost/127.0.0.1:42207] for GET '/session/d281158bd6d51ff66f8960879be9bf76/element/2dfe6e70-dcc6-4752-9ef8-50e973aa8e44/enabled'
12:03:51.692 [AsyncHttpClient-1-8] DEBUG org.asynchttpclient.netty.handler.HttpHandler - 

Request DefaultFullHttpRequest(decodeResult: success, version: HTTP/1.1, content: EmptyByteBufBE)
GET /session/d281158bd6d51ff66f8960879be9bf76/element/2dfe6e70-dcc6-4752-9ef8-50e973aa8e44/enabled HTTP/1.1
User-Agent: selenium/4.8.1 (java windows)
Cache-Control: no-cache
Content-Type: application/json; charset=utf-8
host: localhost:42207
accept: */*

Response DefaultHttpResponse(decodeResult: success, version: HTTP/1.1)
HTTP/1.1 200 OK
Content-Length: 14
Content-Type: application/json; charset=utf-8
cache-control: no-cache

12:03:51.692 [AsyncHttpClient-1-8] DEBUG org.asynchttpclient.netty.channel.ChannelManager - Adding key: http://localhost:42207 for channel [id: 0xc7aa666f, L:/127.0.0.1:62909 - R:localhost/127.0.0.1:42207]
12:03:51.694 [Forwarding findElement on session d281158bd6d51ff66f8960879be9bf76 to remote] DEBUG org.asynchttpclient.netty.request.NettyRequestSender - Using pooled Channel '[id: 0xc7aa666f, L:/127.0.0.1:62909 - R:localhost/127.0.0.1:42207]' for 'POST' to 'http://localhost:42207/session/d281158bd6d51ff66f8960879be9bf76/element'
12:03:51.694 [Forwarding findElement on session d281158bd6d51ff66f8960879be9bf76 to remote] DEBUG org.asynchttpclient.netty.request.NettyRequestSender - Using open Channel [id: 0xc7aa666f, L:/127.0.0.1:62909 - R:localhost/127.0.0.1:42207] for POST '/session/d281158bd6d51ff66f8960879be9bf76/element'
12:03:51.703 [AsyncHttpClient-1-8] DEBUG org.asynchttpclient.netty.handler.HttpHandler - 

Request DefaultHttpRequest(decodeResult: success, version: HTTP/1.1)
POST /session/d281158bd6d51ff66f8960879be9bf76/element HTTP/1.1
User-Agent: selenium/4.8.1 (java windows)
Content-Length: 57
Content-Type: application/json; charset=utf-8
host: localhost:42207
accept: */*

Response DefaultHttpResponse(decodeResult: success, version: HTTP/1.1)
HTTP/1.1 200 OK
Content-Length: 88
Content-Type: application/json; charset=utf-8
cache-control: no-cache

12:03:51.703 [AsyncHttpClient-1-8] DEBUG org.asynchttpclient.netty.channel.ChannelManager - Adding key: http://localhost:42207 for channel [id: 0xc7aa666f, L:/127.0.0.1:62909 - R:localhost/127.0.0.1:42207]
12:03:51.704 [Forwarding clickElement on session d281158bd6d51ff66f8960879be9bf76 to remote] DEBUG org.asynchttpclient.netty.request.NettyRequestSender - Using pooled Channel '[id: 0xc7aa666f, L:/127.0.0.1:62909 - R:localhost/127.0.0.1:42207]' for 'POST' to 'http://localhost:42207/session/d281158bd6d51ff66f8960879be9bf76/element/2dfe6e70-dcc6-4752-9ef8-50e973aa8e44/click'
12:03:51.704 [Forwarding clickElement on session d281158bd6d51ff66f8960879be9bf76 to remote] DEBUG org.asynchttpclient.netty.request.NettyRequestSender - Using open Channel [id: 0xc7aa666f, L:/127.0.0.1:62909 - R:localhost/127.0.0.1:42207] for POST '/session/d281158bd6d51ff66f8960879be9bf76/element/2dfe6e70-dcc6-4752-9ef8-50e973aa8e44/click'
12:03:51.776 [AsyncHttpClient-1-8] DEBUG org.asynchttpclient.netty.handler.HttpHandler - 

Request DefaultHttpRequest(decodeResult: success, version: HTTP/1.1)
POST /session/d281158bd6d51ff66f8960879be9bf76/element/2dfe6e70-dcc6-4752-9ef8-50e973aa8e44/click HTTP/1.1
User-Agent: selenium/4.8.1 (java windows)
Content-Length: 50
Content-Type: application/json; charset=utf-8
host: localhost:42207
accept: */*

Response DefaultHttpResponse(decodeResult: success, version: HTTP/1.1)
HTTP/1.1 200 OK
Content-Length: 14
Content-Type: application/json; charset=utf-8
cache-control: no-cache

12:03:51.776 [AsyncHttpClient-1-8] DEBUG org.asynchttpclient.netty.channel.ChannelManager - Adding key: http://localhost:42207 for channel [id: 0xc7aa666f, L:/127.0.0.1:62909 - R:localhost/127.0.0.1:42207]
12:03:51.783 [Forwarding getAlertText on session d281158bd6d51ff66f8960879be9bf76 to remote] DEBUG org.asynchttpclient.netty.request.NettyRequestSender - Using pooled Channel '[id: 0xc7aa666f, L:/127.0.0.1:62909 - R:localhost/127.0.0.1:42207]' for 'GET' to 'http://localhost:42207/session/d281158bd6d51ff66f8960879be9bf76/alert/text'
12:03:51.783 [Forwarding getAlertText on session d281158bd6d51ff66f8960879be9bf76 to remote] DEBUG org.asynchttpclient.netty.request.NettyRequestSender - Using open Channel [id: 0xc7aa666f, L:/127.0.0.1:62909 - R:localhost/127.0.0.1:42207] for GET '/session/d281158bd6d51ff66f8960879be9bf76/alert/text'
12:03:51.784 [AsyncHttpClient-1-8] DEBUG org.asynchttpclient.netty.handler.HttpHandler - 

Request DefaultFullHttpRequest(decodeResult: success, version: HTTP/1.1, content: EmptyByteBufBE)
GET /session/d281158bd6d51ff66f8960879be9bf76/alert/text HTTP/1.1
User-Agent: selenium/4.8.1 (java windows)
Cache-Control: no-cache
Content-Type: application/json; charset=utf-8
host: localhost:42207
accept: */*

Response DefaultHttpResponse(decodeResult: success, version: HTTP/1.1)
HTTP/1.1 404 Not Found
Content-Length: 821
Content-Type: application/json; charset=utf-8
cache-control: no-cache

12:03:51.785 [AsyncHttpClient-1-8] DEBUG org.asynchttpclient.netty.channel.ChannelManager - Adding key: http://localhost:42207 for channel [id: 0xc7aa666f, L:/127.0.0.1:62909 - R:localhost/127.0.0.1:42207]
12:03:51.786 [Forwarding getCurrentUrl on session d281158bd6d51ff66f8960879be9bf76 to remote] DEBUG org.asynchttpclient.netty.request.NettyRequestSender - Using pooled Channel '[id: 0xc7aa666f, L:/127.0.0.1:62909 - R:localhost/127.0.0.1:42207]' for 'GET' to 'http://localhost:42207/session/d281158bd6d51ff66f8960879be9bf76/url'
12:03:51.786 [Forwarding getCurrentUrl on session d281158bd6d51ff66f8960879be9bf76 to remote] DEBUG org.asynchttpclient.netty.request.NettyRequestSender - Using open Channel [id: 0xc7aa666f, L:/127.0.0.1:62909 - R:localhost/127.0.0.1:42207] for GET '/session/d281158bd6d51ff66f8960879be9bf76/url'
12:03:51.791 [AsyncHttpClient-1-8] DEBUG org.asynchttpclient.netty.handler.HttpHandler - 

Request DefaultFullHttpRequest(decodeResult: success, version: HTTP/1.1, content: EmptyByteBufBE)
GET /session/d281158bd6d51ff66f8960879be9bf76/url HTTP/1.1
User-Agent: selenium/4.8.1 (java windows)
Cache-Control: no-cache
Content-Type: application/json; charset=utf-8
host: localhost:42207
accept: */*

Response DefaultHttpResponse(decodeResult: success, version: HTTP/1.1)
HTTP/1.1 200 OK
Content-Length: 42
Content-Type: application/json; charset=utf-8
cache-control: no-cache

12:03:51.791 [AsyncHttpClient-1-8] DEBUG org.asynchttpclient.netty.channel.ChannelManager - Adding key: http://localhost:42207 for channel [id: 0xc7aa666f, L:/127.0.0.1:62909 - R:localhost/127.0.0.1:42207]
12:03:51.792 [Forwarding screenshot on session d281158bd6d51ff66f8960879be9bf76 to remote] DEBUG org.asynchttpclient.netty.request.NettyRequestSender - Using pooled Channel '[id: 0xc7aa666f, L:/127.0.0.1:62909 - R:localhost/127.0.0.1:42207]' for 'GET' to 'http://localhost:42207/session/d281158bd6d51ff66f8960879be9bf76/screenshot'
12:03:51.792 [Forwarding screenshot on session d281158bd6d51ff66f8960879be9bf76 to remote] DEBUG org.asynchttpclient.netty.request.NettyRequestSender - Using open Channel [id: 0xc7aa666f, L:/127.0.0.1:62909 - R:localhost/127.0.0.1:42207] for GET '/session/d281158bd6d51ff66f8960879be9bf76/screenshot'
12:03:51.860 [AsyncHttpClient-1-1] DEBUG org.asynchttpclient.netty.channel.DefaultChannelPool - Entry count for : http://localhost:62910 : 1
12:03:51.992 [AsyncHttpClient-1-8] DEBUG org.asynchttpclient.netty.handler.HttpHandler - 

Request DefaultFullHttpRequest(decodeResult: success, version: HTTP/1.1, content: EmptyByteBufBE)
GET /session/d281158bd6d51ff66f8960879be9bf76/screenshot HTTP/1.1
User-Agent: selenium/4.8.1 (java windows)
Cache-Control: no-cache
Content-Type: application/json; charset=utf-8
host: localhost:42207
accept: */*

Response DefaultHttpResponse(decodeResult: success, version: HTTP/1.1)
HTTP/1.1 200 OK
Content-Length: 155280
Content-Type: application/json; charset=utf-8
cache-control: no-cache

12:03:51.992 [AsyncHttpClient-1-8] DEBUG org.asynchttpclient.netty.channel.ChannelManager - Adding key: http://localhost:42207 for channel [id: 0xc7aa666f, L:/127.0.0.1:62909 - R:localhost/127.0.0.1:42207]
12:03:51.997 [main] DEBUG net.serenitybdd.core.photography.Darkroom - Send negative for processing for target\site\serenity\841484f37335b30717acd90d2c7b486443ee5740620ef2f00d4628bf8c8c89a6.png
12:03:51.998 [main] DEBUG net.thucydides.core.steps.StepInterceptor - STEP DONE: clickButtonLogin
12:03:51.998 [Darkroom Processing Line] DEBUG net.serenitybdd.core.photography.DarkroomProcessingLine - Processing screenshot image in /var/screenshots/screenshot-5264992503893630878
12:03:51.998 [Darkroom Processing Line] DEBUG net.serenitybdd.core.photography.DarkroomProcessingLine - Saving screenshot to target\site\serenity\841484f37335b30717acd90d2c7b486443ee5740620ef2f00d4628bf8c8c89a6.png
  &amp#27;[32mAnd &amp#27;[0m&amp#27;[32mI clicked the enter login&amp#27;[0m              &amp#27;[90m# starter.stepdefinitions.LoginSteps.doClickLoginButton()&amp#27;[0m
12:03:52.010 [Forwarding getPageSource on session d281158bd6d51ff66f8960879be9bf76 to remote] DEBUG org.asynchttpclient.netty.request.NettyRequestSender - Using pooled Channel '[id: 0xc7aa666f, L:/127.0.0.1:62909 - R:localhost/127.0.0.1:42207]' for 'POST' to 'http://localhost:42207/session/d281158bd6d51ff66f8960879be9bf76/execute/sync'
12:03:52.010 [Forwarding getPageSource on session d281158bd6d51ff66f8960879be9bf76 to remote] DEBUG org.asynchttpclient.netty.request.NettyRequestSender - Using open Channel [id: 0xc7aa666f, L:/127.0.0.1:62909 - R:localhost/127.0.0.1:42207] for POST '/session/d281158bd6d51ff66f8960879be9bf76/execute/sync'
12:03:52.022 [AsyncHttpClient-1-8] DEBUG org.asynchttpclient.netty.handler.HttpHandler - 

Request DefaultHttpRequest(decodeResult: success, version: HTTP/1.1)
POST /session/d281158bd6d51ff66f8960879be9bf76/execute/sync HTTP/1.1
User-Agent: selenium/4.8.1 (java windows)
Content-Length: 176
Content-Type: application/json; charset=utf-8
host: localhost:42207
accept: */*

Response DefaultHttpResponse(decodeResult: success, version: HTTP/1.1)
HTTP/1.1 200 OK
Content-Length: 103539
Content-Type: application/json; charset=utf-8
cache-control: no-cache

12:03:52.022 [AsyncHttpClient-1-8] DEBUG org.asynchttpclient.netty.channel.ChannelManager - Adding key: http://localhost:42207 for channel [id: 0xc7aa666f, L:/127.0.0.1:62909 - R:localhost/127.0.0.1:42207]
12:03:52.030 [Forwarding getCurrentUrl on session d281158bd6d51ff66f8960879be9bf76 to remote] DEBUG org.asynchttpclient.netty.request.NettyRequestSender - Using pooled Channel '[id: 0xc7aa666f, L:/127.0.0.1:62909 - R:localhost/127.0.0.1:42207]' for 'GET' to 'http://localhost:42207/session/d281158bd6d51ff66f8960879be9bf76/url'
12:03:52.030 [Forwarding getCurrentUrl on session d281158bd6d51ff66f8960879be9bf76 to remote] DEBUG org.asynchttpclient.netty.request.NettyRequestSender - Using open Channel [id: 0xc7aa666f, L:/127.0.0.1:62909 - R:localhost/127.0.0.1:42207] for GET '/session/d281158bd6d51ff66f8960879be9bf76/url'
12:03:52.035 [AsyncHttpClient-1-8] DEBUG org.asynchttpclient.netty.handler.HttpHandler - 

Request DefaultFullHttpRequest(decodeResult: success, version: HTTP/1.1, content: EmptyByteBufBE)
GET /session/d281158bd6d51ff66f8960879be9bf76/url HTTP/1.1
User-Agent: selenium/4.8.1 (java windows)
Cache-Control: no-cache
Content-Type: application/json; charset=utf-8
host: localhost:42207
accept: */*

Response DefaultHttpResponse(decodeResult: success, version: HTTP/1.1)
HTTP/1.1 200 OK
Content-Length: 42
Content-Type: application/json; charset=utf-8
cache-control: no-cache

12:03:52.035 [AsyncHttpClient-1-8] DEBUG org.asynchttpclient.netty.channel.ChannelManager - Adding key: http://localhost:42207 for channel [id: 0xc7aa666f, L:/127.0.0.1:62909 - R:localhost/127.0.0.1:42207]
12:03:52.048 [Forwarding getPageSource on session d281158bd6d51ff66f8960879be9bf76 to remote] DEBUG org.asynchttpclient.netty.request.NettyRequestSender - Using pooled Channel '[id: 0xc7aa666f, L:/127.0.0.1:62909 - R:localhost/127.0.0.1:42207]' for 'POST' to 'http://localhost:42207/session/d281158bd6d51ff66f8960879be9bf76/execute/sync'
12:03:52.048 [Forwarding getPageSource on session d281158bd6d51ff66f8960879be9bf76 to remote] DEBUG org.asynchttpclient.netty.request.NettyRequestSender - Using open Channel [id: 0xc7aa666f, L:/127.0.0.1:62909 - R:localhost/127.0.0.1:42207] for POST '/session/d281158bd6d51ff66f8960879be9bf76/execute/sync'
12:03:52.060 [AsyncHttpClient-1-8] DEBUG org.asynchttpclient.netty.handler.HttpHandler - 

Request DefaultHttpRequest(decodeResult: success, version: HTTP/1.1)
POST /session/d281158bd6d51ff66f8960879be9bf76/execute/sync HTTP/1.1
User-Agent: selenium/4.8.1 (java windows)
Content-Length: 176
Content-Type: application/json; charset=utf-8
host: localhost:42207
accept: */*

Response DefaultHttpResponse(decodeResult: success, version: HTTP/1.1)
HTTP/1.1 200 OK
Content-Length: 103539
Content-Type: application/json; charset=utf-8
cache-control: no-cache

12:03:52.061 [AsyncHttpClient-1-8] DEBUG org.asynchttpclient.netty.channel.ChannelManager - Adding key: http://localhost:42207 for channel [id: 0xc7aa666f, L:/127.0.0.1:62909 - R:localhost/127.0.0.1:42207]
12:03:52.068 [Forwarding getCurrentUrl on session d281158bd6d51ff66f8960879be9bf76 to remote] DEBUG org.asynchttpclient.netty.request.NettyRequestSender - Using pooled Channel '[id: 0xc7aa666f, L:/127.0.0.1:62909 - R:localhost/127.0.0.1:42207]' for 'GET' to 'http://localhost:42207/session/d281158bd6d51ff66f8960879be9bf76/url'
12:03:52.068 [Forwarding getCurrentUrl on session d281158bd6d51ff66f8960879be9bf76 to remote] DEBUG org.asynchttpclient.netty.request.NettyRequestSender - Using open Channel [id: 0xc7aa666f, L:/127.0.0.1:62909 - R:localhost/127.0.0.1:42207] for GET '/session/d281158bd6d51ff66f8960879be9bf76/url'
12:03:52.072 [AsyncHttpClient-1-8] DEBUG org.asynchttpclient.netty.handler.HttpHandler - 

Request DefaultFullHttpRequest(decodeResult: success, version: HTTP/1.1, content: EmptyByteBufBE)
GET /session/d281158bd6d51ff66f8960879be9bf76/url HTTP/1.1
User-Agent: selenium/4.8.1 (java windows)
Cache-Control: no-cache
Content-Type: application/json; charset=utf-8
host: localhost:42207
accept: */*

Response DefaultHttpResponse(decodeResult: success, version: HTTP/1.1)
HTTP/1.1 200 OK
Content-Length: 42
Content-Type: application/json; charset=utf-8
cache-control: no-cache

12:03:52.072 [AsyncHttpClient-1-8] DEBUG org.asynchttpclient.netty.channel.ChannelManager - Adding key: http://localhost:42207 for channel [id: 0xc7aa666f, L:/127.0.0.1:62909 - R:localhost/127.0.0.1:42207]
12:03:52.075 [main] DEBUG net.thucydides.core.steps.StepInterceptor - STARTING STEP: LoginSteps.onTheHomePage - validateOnTheHomePage
12:03:52.076 [Forwarding findElement on session d281158bd6d51ff66f8960879be9bf76 to remote] DEBUG org.asynchttpclient.netty.request.NettyRequestSender - Using pooled Channel '[id: 0xc7aa666f, L:/127.0.0.1:62909 - R:localhost/127.0.0.1:42207]' for 'POST' to 'http://localhost:42207/session/d281158bd6d51ff66f8960879be9bf76/element'
12:03:52.076 [Forwarding findElement on session d281158bd6d51ff66f8960879be9bf76 to remote] DEBUG org.asynchttpclient.netty.request.NettyRequestSender - Using open Channel [id: 0xc7aa666f, L:/127.0.0.1:62909 - R:localhost/127.0.0.1:42207] for POST '/session/d281158bd6d51ff66f8960879be9bf76/element'
12:03:52.090 [AsyncHttpClient-1-8] DEBUG org.asynchttpclient.netty.handler.HttpHandler - 

Request DefaultHttpRequest(decodeResult: success, version: HTTP/1.1)
POST /session/d281158bd6d51ff66f8960879be9bf76/element HTTP/1.1
User-Agent: selenium/4.8.1 (java windows)
Content-Length: 54
Content-Type: application/json; charset=utf-8
host: localhost:42207
accept: */*

Response DefaultHttpResponse(decodeResult: success, version: HTTP/1.1)
HTTP/1.1 200 OK
Content-Length: 88
Content-Type: application/json; charset=utf-8
cache-control: no-cache

12:03:52.090 [AsyncHttpClient-1-8] DEBUG org.asynchttpclient.netty.channel.ChannelManager - Adding key: http://localhost:42207 for channel [id: 0xc7aa666f, L:/127.0.0.1:62909 - R:localhost/127.0.0.1:42207]
12:03:52.096 [Forwarding isElementDisplayed on session d281158bd6d51ff66f8960879be9bf76 to remote] DEBUG org.asynchttpclient.netty.request.NettyRequestSender - Using pooled Channel '[id: 0xc7aa666f, L:/127.0.0.1:62909 - R:localhost/127.0.0.1:42207]' for 'POST' to 'http://localhost:42207/session/d281158bd6d51ff66f8960879be9bf76/execute/sync'
12:03:52.096 [Forwarding isElementDisplayed on session d281158bd6d51ff66f8960879be9bf76 to remote] DEBUG org.asynchttpclient.netty.request.NettyRequestSender - Using open Channel [id: 0xc7aa666f, L:/127.0.0.1:62909 - R:localhost/127.0.0.1:42207] for POST '/session/d281158bd6d51ff66f8960879be9bf76/execute/sync'
12:03:52.110 [AsyncHttpClient-1-8] DEBUG org.asynchttpclient.netty.handler.HttpHandler - 

Request DefaultHttpRequest(decodeResult: success, version: HTTP/1.1)
POST /session/d281158bd6d51ff66f8960879be9bf76/execute/sync HTTP/1.1
User-Agent: selenium/4.8.1 (java windows)
Content-Length: 48807
Content-Type: application/json; charset=utf-8
host: localhost:42207
accept: */*

Response DefaultHttpResponse(decodeResult: success, version: HTTP/1.1)
HTTP/1.1 200 OK
Content-Length: 14
Content-Type: application/json; charset=utf-8
cache-control: no-cache

12:03:52.110 [AsyncHttpClient-1-8] DEBUG org.asynchttpclient.netty.channel.ChannelManager - Adding key: http://localhost:42207 for channel [id: 0xc7aa666f, L:/127.0.0.1:62909 - R:localhost/127.0.0.1:42207]
12:03:52.119 [Forwarding getAlertText on session d281158bd6d51ff66f8960879be9bf76 to remote] DEBUG org.asynchttpclient.netty.request.NettyRequestSender - Using pooled Channel '[id: 0xc7aa666f, L:/127.0.0.1:62909 - R:localhost/127.0.0.1:42207]' for 'GET' to 'http://localhost:42207/session/d281158bd6d51ff66f8960879be9bf76/alert/text'
12:03:52.119 [Forwarding getAlertText on session d281158bd6d51ff66f8960879be9bf76 to remote] DEBUG org.asynchttpclient.netty.request.NettyRequestSender - Using open Channel [id: 0xc7aa666f, L:/127.0.0.1:62909 - R:localhost/127.0.0.1:42207] for GET '/session/d281158bd6d51ff66f8960879be9bf76/alert/text'
12:03:52.122 [AsyncHttpClient-1-8] DEBUG org.asynchttpclient.netty.handler.HttpHandler - 

Request DefaultFullHttpRequest(decodeResult: success, version: HTTP/1.1, content: EmptyByteBufBE)
GET /session/d281158bd6d51ff66f8960879be9bf76/alert/text HTTP/1.1
User-Agent: selenium/4.8.1 (java windows)
Cache-Control: no-cache
Content-Type: application/json; charset=utf-8
host: localhost:42207
accept: */*

Response DefaultHttpResponse(decodeResult: success, version: HTTP/1.1)
HTTP/1.1 404 Not Found
Content-Length: 821
Content-Type: application/json; charset=utf-8
cache-control: no-cache

12:03:52.122 [AsyncHttpClient-1-8] DEBUG org.asynchttpclient.netty.channel.ChannelManager - Adding key: http://localhost:42207 for channel [id: 0xc7aa666f, L:/127.0.0.1:62909 - R:localhost/127.0.0.1:42207]
12:03:52.123 [Forwarding getCurrentUrl on session d281158bd6d51ff66f8960879be9bf76 to remote] DEBUG org.asynchttpclient.netty.request.NettyRequestSender - Using pooled Channel '[id: 0xc7aa666f, L:/127.0.0.1:62909 - R:localhost/127.0.0.1:42207]' for 'GET' to 'http://localhost:42207/session/d281158bd6d51ff66f8960879be9bf76/url'
12:03:52.123 [Forwarding getCurrentUrl on session d281158bd6d51ff66f8960879be9bf76 to remote] DEBUG org.asynchttpclient.netty.request.NettyRequestSender - Using open Channel [id: 0xc7aa666f, L:/127.0.0.1:62909 - R:localhost/127.0.0.1:42207] for GET '/session/d281158bd6d51ff66f8960879be9bf76/url'
12:03:52.127 [AsyncHttpClient-1-8] DEBUG org.asynchttpclient.netty.handler.HttpHandler - 

Request DefaultFullHttpRequest(decodeResult: success, version: HTTP/1.1, content: EmptyByteBufBE)
GET /session/d281158bd6d51ff66f8960879be9bf76/url HTTP/1.1
User-Agent: selenium/4.8.1 (java windows)
Cache-Control: no-cache
Content-Type: application/json; charset=utf-8
host: localhost:42207
accept: */*

Response DefaultHttpResponse(decodeResult: success, version: HTTP/1.1)
HTTP/1.1 200 OK
Content-Length: 42
Content-Type: application/json; charset=utf-8
cache-control: no-cache

12:03:52.127 [AsyncHttpClient-1-8] DEBUG org.asynchttpclient.netty.channel.ChannelManager - Adding key: http://localhost:42207 for channel [id: 0xc7aa666f, L:/127.0.0.1:62909 - R:localhost/127.0.0.1:42207]
12:03:52.130 [Forwarding screenshot on session d281158bd6d51ff66f8960879be9bf76 to remote] DEBUG org.asynchttpclient.netty.request.NettyRequestSender - Using pooled Channel '[id: 0xc7aa666f, L:/127.0.0.1:62909 - R:localhost/127.0.0.1:42207]' for 'GET' to 'http://localhost:42207/session/d281158bd6d51ff66f8960879be9bf76/screenshot'
12:03:52.130 [Forwarding screenshot on session d281158bd6d51ff66f8960879be9bf76 to remote] DEBUG org.asynchttpclient.netty.request.NettyRequestSender - Using open Channel [id: 0xc7aa666f, L:/127.0.0.1:62909 - R:localhost/127.0.0.1:42207] for GET '/session/d281158bd6d51ff66f8960879be9bf76/screenshot'
12:03:52.344 [AsyncHttpClient-1-8] DEBUG org.asynchttpclient.netty.handler.HttpHandler - 

Request DefaultFullHttpRequest(decodeResult: success, version: HTTP/1.1, content: EmptyByteBufBE)
GET /session/d281158bd6d51ff66f8960879be9bf76/screenshot HTTP/1.1
User-Agent: selenium/4.8.1 (java windows)
Cache-Control: no-cache
Content-Type: application/json; charset=utf-8
host: localhost:42207
accept: */*

Response DefaultHttpResponse(decodeResult: success, version: HTTP/1.1)
HTTP/1.1 200 OK
Content-Length: 155556
Content-Type: application/json; charset=utf-8
cache-control: no-cache

12:03:52.345 [AsyncHttpClient-1-8] DEBUG org.asynchttpclient.netty.channel.ChannelManager - Adding key: http://localhost:42207 for channel [id: 0xc7aa666f, L:/127.0.0.1:62909 - R:localhost/127.0.0.1:42207]
12:03:52.349 [main] DEBUG net.serenitybdd.core.photography.Darkroom - Send negative for processing for target\site\serenity\10e9c6f6296679ddade9fbb0fa0feee51bcb2a11aec18d23ea90287fa8763902.png
12:03:52.350 [main] DEBUG net.thucydides.core.steps.StepInterceptor - STEP DONE: validateOnTheHomePage
  &amp#27;[32mThen &amp#27;[0m&amp#27;[32mi am on the home page&amp#27;[0m                 &amp#27;[90m# starter.stepdefinitions.LoginSteps.onTheHomePage()&amp#27;[0m
12:03:52.361 [Forwarding getPageSource on session d281158bd6d51ff66f8960879be9bf76 to remote] DEBUG org.asynchttpclient.netty.request.NettyRequestSender - Using pooled Channel '[id: 0xc7aa666f, L:/127.0.0.1:62909 - R:localhost/127.0.0.1:42207]' for 'POST' to 'http://localhost:42207/session/d281158bd6d51ff66f8960879be9bf76/execute/sync'
12:03:52.362 [Forwarding getPageSource on session d281158bd6d51ff66f8960879be9bf76 to remote] DEBUG org.asynchttpclient.netty.request.NettyRequestSender - Using open Channel [id: 0xc7aa666f, L:/127.0.0.1:62909 - R:localhost/127.0.0.1:42207] for POST '/session/d281158bd6d51ff66f8960879be9bf76/execute/sync'
12:03:52.375 [AsyncHttpClient-1-8] DEBUG org.asynchttpclient.netty.handler.HttpHandler - 

Request DefaultHttpRequest(decodeResult: success, version: HTTP/1.1)
POST /session/d281158bd6d51ff66f8960879be9bf76/execute/sync HTTP/1.1
User-Agent: selenium/4.8.1 (java windows)
Content-Length: 176
Content-Type: application/json; charset=utf-8
host: localhost:42207
accept: */*

Response DefaultHttpResponse(decodeResult: success, version: HTTP/1.1)
HTTP/1.1 200 OK
Content-Length: 103918
Content-Type: application/json; charset=utf-8
cache-control: no-cache

12:03:52.375 [AsyncHttpClient-1-8] DEBUG org.asynchttpclient.netty.channel.ChannelManager - Adding key: http://localhost:42207 for channel [id: 0xc7aa666f, L:/127.0.0.1:62909 - R:localhost/127.0.0.1:42207]
12:03:52.382 [Forwarding getCurrentUrl on session d281158bd6d51ff66f8960879be9bf76 to remote] DEBUG org.asynchttpclient.netty.request.NettyRequestSender - Using pooled Channel '[id: 0xc7aa666f, L:/127.0.0.1:62909 - R:localhost/127.0.0.1:42207]' for 'GET' to 'http://localhost:42207/session/d281158bd6d51ff66f8960879be9bf76/url'
12:03:52.382 [Forwarding getCurrentUrl on session d281158bd6d51ff66f8960879be9bf76 to remote] DEBUG org.asynchttpclient.netty.request.NettyRequestSender - Using open Channel [id: 0xc7aa666f, L:/127.0.0.1:62909 - R:localhost/127.0.0.1:42207] for GET '/session/d281158bd6d51ff66f8960879be9bf76/url'
12:03:52.388 [AsyncHttpClient-1-8] DEBUG org.asynchttpclient.netty.handler.HttpHandler - 

Request DefaultFullHttpRequest(decodeResult: success, version: HTTP/1.1, content: EmptyByteBufBE)
GET /session/d281158bd6d51ff66f8960879be9bf76/url HTTP/1.1
User-Agent: selenium/4.8.1 (java windows)
Cache-Control: no-cache
Content-Type: application/json; charset=utf-8
host: localhost:42207
accept: */*

Response DefaultHttpResponse(decodeResult: success, version: HTTP/1.1)
HTTP/1.1 200 OK
Content-Length: 42
Content-Type: application/json; charset=utf-8
cache-control: no-cache

12:03:52.388 [AsyncHttpClient-1-8] DEBUG org.asynchttpclient.netty.channel.ChannelManager - Adding key: http://localhost:42207 for channel [id: 0xc7aa666f, L:/127.0.0.1:62909 - R:localhost/127.0.0.1:42207]
12:03:52.404 [Forwarding getAlertText on session d281158bd6d51ff66f8960879be9bf76 to remote] DEBUG org.asynchttpclient.netty.request.NettyRequestSender - Using pooled Channel '[id: 0xc7aa666f, L:/127.0.0.1:62909 - R:localhost/127.0.0.1:42207]' for 'GET' to 'http://localhost:42207/session/d281158bd6d51ff66f8960879be9bf76/alert/text'
12:03:52.404 [Forwarding getAlertText on session d281158bd6d51ff66f8960879be9bf76 to remote] DEBUG org.asynchttpclient.netty.request.NettyRequestSender - Using open Channel [id: 0xc7aa666f, L:/127.0.0.1:62909 - R:localhost/127.0.0.1:42207] for GET '/session/d281158bd6d51ff66f8960879be9bf76/alert/text'
12:03:52.408 [AsyncHttpClient-1-8] DEBUG org.asynchttpclient.netty.handler.HttpHandler - 

Request DefaultFullHttpRequest(decodeResult: success, version: HTTP/1.1, content: EmptyByteBufBE)
GET /session/d281158bd6d51ff66f8960879be9bf76/alert/text HTTP/1.1
User-Agent: selenium/4.8.1 (java windows)
Cache-Control: no-cache
Content-Type: application/json; charset=utf-8
host: localhost:42207
accept: */*

Response DefaultHttpResponse(decodeResult: success, version: HTTP/1.1)
HTTP/1.1 404 Not Found
Content-Length: 821
Content-Type: application/json; charset=utf-8
cache-control: no-cache

12:03:52.408 [AsyncHttpClient-1-8] DEBUG org.asynchttpclient.netty.channel.ChannelManager - Adding key: http://localhost:42207 for channel [id: 0xc7aa666f, L:/127.0.0.1:62909 - R:localhost/127.0.0.1:42207]
12:03:52.410 [Forwarding getCurrentUrl on session d281158bd6d51ff66f8960879be9bf76 to remote] DEBUG org.asynchttpclient.netty.request.NettyRequestSender - Using pooled Channel '[id: 0xc7aa666f, L:/127.0.0.1:62909 - R:localhost/127.0.0.1:42207]' for 'GET' to 'http://localhost:42207/session/d281158bd6d51ff66f8960879be9bf76/url'
12:03:52.410 [Forwarding getCurrentUrl on session d281158bd6d51ff66f8960879be9bf76 to remote] DEBUG org.asynchttpclient.netty.request.NettyRequestSender - Using open Channel [id: 0xc7aa666f, L:/127.0.0.1:62909 - R:localhost/127.0.0.1:42207] for GET '/session/d281158bd6d51ff66f8960879be9bf76/url'
12:03:52.416 [AsyncHttpClient-1-8] DEBUG org.asynchttpclient.netty.handler.HttpHandler - 

Request DefaultFullHttpRequest(decodeResult: success, version: HTTP/1.1, content: EmptyByteBufBE)
GET /session/d281158bd6d51ff66f8960879be9bf76/url HTTP/1.1
User-Agent: selenium/4.8.1 (java windows)
Cache-Control: no-cache
Content-Type: application/json; charset=utf-8
host: localhost:42207
accept: */*

Response DefaultHttpResponse(decodeResult: success, version: HTTP/1.1)
HTTP/1.1 200 OK
Content-Length: 42
Content-Type: application/json; charset=utf-8
cache-control: no-cache

12:03:52.416 [AsyncHttpClient-1-8] DEBUG org.asynchttpclient.netty.channel.ChannelManager - Adding key: http://localhost:42207 for channel [id: 0xc7aa666f, L:/127.0.0.1:62909 - R:localhost/127.0.0.1:42207]
12:03:52.417 [Forwarding screenshot on session d281158bd6d51ff66f8960879be9bf76 to remote] DEBUG org.asynchttpclient.netty.request.NettyRequestSender - Using pooled Channel '[id: 0xc7aa666f, L:/127.0.0.1:62909 - R:localhost/127.0.0.1:42207]' for 'GET' to 'http://localhost:42207/session/d281158bd6d51ff66f8960879be9bf76/screenshot'
12:03:52.417 [Forwarding screenshot on session d281158bd6d51ff66f8960879be9bf76 to remote] DEBUG org.asynchttpclient.netty.request.NettyRequestSender - Using open Channel [id: 0xc7aa666f, L:/127.0.0.1:62909 - R:localhost/127.0.0.1:42207] for GET '/session/d281158bd6d51ff66f8960879be9bf76/screenshot'
12:03:52.610 [AsyncHttpClient-1-8] DEBUG org.asynchttpclient.netty.handler.HttpHandler - 

Request DefaultFullHttpRequest(decodeResult: success, version: HTTP/1.1, content: EmptyByteBufBE)
GET /session/d281158bd6d51ff66f8960879be9bf76/screenshot HTTP/1.1
User-Agent: selenium/4.8.1 (java windows)
Cache-Control: no-cache
Content-Type: application/json; charset=utf-8
host: localhost:42207
accept: */*

Response DefaultHttpResponse(decodeResult: success, version: HTTP/1.1)
HTTP/1.1 200 OK
Content-Length: 156416
Content-Type: application/json; charset=utf-8
cache-control: no-cache

12:03:52.611 [AsyncHttpClient-1-8] DEBUG org.asynchttpclient.netty.channel.ChannelManager - Adding key: http://localhost:42207 for channel [id: 0xc7aa666f, L:/127.0.0.1:62909 - R:localhost/127.0.0.1:42207]
12:03:52.617 [main] DEBUG net.serenitybdd.core.photography.Darkroom - Send negative for processing for target\site\serenity\29b69c797a207431a879aedef7e2dd930b3eab2935186703c5a0deebc1c31955.png
12:03:52.617 [Darkroom Processing Line] DEBUG net.serenitybdd.core.photography.DarkroomProcessingLine - Processing screenshot image in /var/screenshots/screenshot-1795210363167589911
12:03:52.617 [Darkroom Processing Line] DEBUG net.serenitybdd.core.photography.DarkroomProcessingLine - Saving screenshot to target\site\serenity\29b69c797a207431a879aedef7e2dd930b3eab2935186703c5a0deebc1c31955.png
12:03:52.618 [Forwarding getPageSource on session d281158bd6d51ff66f8960879be9bf76 to remote] DEBUG org.asynchttpclient.netty.request.NettyRequestSender - Using pooled Channel '[id: 0xc7aa666f, L:/127.0.0.1:62909 - R:localhost/127.0.0.1:42207]' for 'POST' to 'http://localhost:42207/session/d281158bd6d51ff66f8960879be9bf76/execute/sync'
12:03:52.618 [Forwarding getPageSource on session d281158bd6d51ff66f8960879be9bf76 to remote] DEBUG org.asynchttpclient.netty.request.NettyRequestSender - Using open Channel [id: 0xc7aa666f, L:/127.0.0.1:62909 - R:localhost/127.0.0.1:42207] for POST '/session/d281158bd6d51ff66f8960879be9bf76/execute/sync'
12:03:52.632 [AsyncHttpClient-1-8] DEBUG org.asynchttpclient.netty.handler.HttpHandler - 

Request DefaultHttpRequest(decodeResult: success, version: HTTP/1.1)
POST /session/d281158bd6d51ff66f8960879be9bf76/execute/sync HTTP/1.1
User-Agent: selenium/4.8.1 (java windows)
Content-Length: 176
Content-Type: application/json; charset=utf-8
host: localhost:42207
accept: */*

Response DefaultHttpResponse(decodeResult: success, version: HTTP/1.1)
HTTP/1.1 200 OK
Content-Length: 103863
Content-Type: application/json; charset=utf-8
cache-control: no-cache

12:03:52.632 [AsyncHttpClient-1-8] DEBUG org.asynchttpclient.netty.channel.ChannelManager - Adding key: http://localhost:42207 for channel [id: 0xc7aa666f, L:/127.0.0.1:62909 - R:localhost/127.0.0.1:42207]
12:03:52.639 [Forwarding getCurrentUrl on session d281158bd6d51ff66f8960879be9bf76 to remote] DEBUG org.asynchttpclient.netty.request.NettyRequestSender - Using pooled Channel '[id: 0xc7aa666f, L:/127.0.0.1:62909 - R:localhost/127.0.0.1:42207]' for 'GET' to 'http://localhost:42207/session/d281158bd6d51ff66f8960879be9bf76/url'
12:03:52.639 [Forwarding getCurrentUrl on session d281158bd6d51ff66f8960879be9bf76 to remote] DEBUG org.asynchttpclient.netty.request.NettyRequestSender - Using open Channel [id: 0xc7aa666f, L:/127.0.0.1:62909 - R:localhost/127.0.0.1:42207] for GET '/session/d281158bd6d51ff66f8960879be9bf76/url'
12:03:52.645 [AsyncHttpClient-1-8] DEBUG org.asynchttpclient.netty.handler.HttpHandler - 

Request DefaultFullHttpRequest(decodeResult: success, version: HTTP/1.1, content: EmptyByteBufBE)
GET /session/d281158bd6d51ff66f8960879be9bf76/url HTTP/1.1
User-Agent: selenium/4.8.1 (java windows)
Cache-Control: no-cache
Content-Type: application/json; charset=utf-8
host: localhost:42207
accept: */*

Response DefaultHttpResponse(decodeResult: success, version: HTTP/1.1)
HTTP/1.1 200 OK
Content-Length: 42
Content-Type: application/json; charset=utf-8
cache-control: no-cache

12:03:52.645 [AsyncHttpClient-1-8] DEBUG org.asynchttpclient.netty.channel.ChannelManager - Adding key: http://localhost:42207 for channel [id: 0xc7aa666f, L:/127.0.0.1:62909 - R:localhost/127.0.0.1:42207]
12:03:52.647 [main] DEBUG net.thucydides.core.steps.StepInterceptor - STARTING STEP: LoginSteps.iconProduct - clickIconProduct
12:03:52.652 [Forwarding findElement on session d281158bd6d51ff66f8960879be9bf76 to remote] DEBUG org.asynchttpclient.netty.request.NettyRequestSender - Using pooled Channel '[id: 0xc7aa666f, L:/127.0.0.1:62909 - R:localhost/127.0.0.1:42207]' for 'POST' to 'http://localhost:42207/session/d281158bd6d51ff66f8960879be9bf76/element'
12:03:52.652 [Forwarding findElement on session d281158bd6d51ff66f8960879be9bf76 to remote] DEBUG org.asynchttpclient.netty.request.NettyRequestSender - Using open Channel [id: 0xc7aa666f, L:/127.0.0.1:62909 - R:localhost/127.0.0.1:42207] for POST '/session/d281158bd6d51ff66f8960879be9bf76/element'
12:03:52.953 [AsyncHttpClient-1-1] DEBUG org.asynchttpclient.netty.channel.DefaultChannelPool - Entry count for : http://localhost:62910 : 1
12:03:54.057 [AsyncHttpClient-1-1] DEBUG org.asynchttpclient.netty.channel.DefaultChannelPool - Entry count for : http://localhost:62910 : 1
12:03:54.675 [AsyncHttpClient-1-8] DEBUG org.asynchttpclient.netty.handler.HttpHandler - 

Request DefaultHttpRequest(decodeResult: success, version: HTTP/1.1)
POST /session/d281158bd6d51ff66f8960879be9bf76/element HTTP/1.1
User-Agent: selenium/4.8.1 (java windows)
Content-Length: 59
Content-Type: application/json; charset=utf-8
host: localhost:42207
accept: */*

Response DefaultHttpResponse(decodeResult: success, version: HTTP/1.1)
HTTP/1.1 404 Not Found
Content-Length: 943
Content-Type: application/json; charset=utf-8
cache-control: no-cache

12:03:54.675 [AsyncHttpClient-1-8] DEBUG org.asynchttpclient.netty.channel.ChannelManager - Adding key: http://localhost:42207 for channel [id: 0xc7aa666f, L:/127.0.0.1:62909 - R:localhost/127.0.0.1:42207]
12:03:54.779 [Forwarding findElement on session d281158bd6d51ff66f8960879be9bf76 to remote] DEBUG org.asynchttpclient.netty.request.NettyRequestSender - Using pooled Channel '[id: 0xc7aa666f, L:/127.0.0.1:62909 - R:localhost/127.0.0.1:42207]' for 'POST' to 'http://localhost:42207/session/d281158bd6d51ff66f8960879be9bf76/element'
12:03:54.779 [Forwarding findElement on session d281158bd6d51ff66f8960879be9bf76 to remote] DEBUG org.asynchttpclient.netty.request.NettyRequestSender - Using open Channel [id: 0xc7aa666f, L:/127.0.0.1:62909 - R:localhost/127.0.0.1:42207] for POST '/session/d281158bd6d51ff66f8960879be9bf76/element'
12:03:54.867 [AsyncHttpClient-1-8] DEBUG org.asynchttpclient.netty.handler.HttpHandler - 

Request DefaultHttpRequest(decodeResult: success, version: HTTP/1.1)
POST /session/d281158bd6d51ff66f8960879be9bf76/element HTTP/1.1
User-Agent: selenium/4.8.1 (java windows)
Content-Length: 59
Content-Type: application/json; charset=utf-8
host: localhost:42207
accept: */*

Response DefaultHttpResponse(decodeResult: success, version: HTTP/1.1)
HTTP/1.1 200 OK
Content-Length: 88
Content-Type: application/json; charset=utf-8
cache-control: no-cache

12:03:54.867 [AsyncHttpClient-1-8] DEBUG org.asynchttpclient.netty.channel.ChannelManager - Adding key: http://localhost:42207 for channel [id: 0xc7aa666f, L:/127.0.0.1:62909 - R:localhost/127.0.0.1:42207]
12:03:54.868 [Forwarding getElementTagName on session d281158bd6d51ff66f8960879be9bf76 to remote] DEBUG org.asynchttpclient.netty.request.NettyRequestSender - Using pooled Channel '[id: 0xc7aa666f, L:/127.0.0.1:62909 - R:localhost/127.0.0.1:42207]' for 'GET' to 'http://localhost:42207/session/d281158bd6d51ff66f8960879be9bf76/element/535f2d0d-0370-4da2-906a-53fe9d7a0d3a/name'
12:03:54.868 [Forwarding getElementTagName on session d281158bd6d51ff66f8960879be9bf76 to remote] DEBUG org.asynchttpclient.netty.request.NettyRequestSender - Using open Channel [id: 0xc7aa666f, L:/127.0.0.1:62909 - R:localhost/127.0.0.1:42207] for GET '/session/d281158bd6d51ff66f8960879be9bf76/element/535f2d0d-0370-4da2-906a-53fe9d7a0d3a/name'
12:03:54.882 [AsyncHttpClient-1-8] DEBUG org.asynchttpclient.netty.handler.HttpHandler - 

Request DefaultFullHttpRequest(decodeResult: success, version: HTTP/1.1, content: EmptyByteBufBE)
GET /session/d281158bd6d51ff66f8960879be9bf76/element/535f2d0d-0370-4da2-906a-53fe9d7a0d3a/name HTTP/1.1
User-Agent: selenium/4.8.1 (java windows)
Cache-Control: no-cache
Content-Type: application/json; charset=utf-8
host: localhost:42207
accept: */*

Response DefaultHttpResponse(decodeResult: success, version: HTTP/1.1)
HTTP/1.1 200 OK
Content-Length: 15
Content-Type: application/json; charset=utf-8
cache-control: no-cache

12:03:54.882 [AsyncHttpClient-1-8] DEBUG org.asynchttpclient.netty.channel.ChannelManager - Adding key: http://localhost:42207 for channel [id: 0xc7aa666f, L:/127.0.0.1:62909 - R:localhost/127.0.0.1:42207]
12:03:54.883 [Forwarding getElementTagName on session d281158bd6d51ff66f8960879be9bf76 to remote] DEBUG org.asynchttpclient.netty.request.NettyRequestSender - Using pooled Channel '[id: 0xc7aa666f, L:/127.0.0.1:62909 - R:localhost/127.0.0.1:42207]' for 'GET' to 'http://localhost:42207/session/d281158bd6d51ff66f8960879be9bf76/element/535f2d0d-0370-4da2-906a-53fe9d7a0d3a/name'
12:03:54.883 [Forwarding getElementTagName on session d281158bd6d51ff66f8960879be9bf76 to remote] DEBUG org.asynchttpclient.netty.request.NettyRequestSender - Using open Channel [id: 0xc7aa666f, L:/127.0.0.1:62909 - R:localhost/127.0.0.1:42207] for GET '/session/d281158bd6d51ff66f8960879be9bf76/element/535f2d0d-0370-4da2-906a-53fe9d7a0d3a/name'
12:03:54.895 [AsyncHttpClient-1-8] DEBUG org.asynchttpclient.netty.handler.HttpHandler - 

Request DefaultFullHttpRequest(decodeResult: success, version: HTTP/1.1, content: EmptyByteBufBE)
GET /session/d281158bd6d51ff66f8960879be9bf76/element/535f2d0d-0370-4da2-906a-53fe9d7a0d3a/name HTTP/1.1
User-Agent: selenium/4.8.1 (java windows)
Cache-Control: no-cache
Content-Type: application/json; charset=utf-8
host: localhost:42207
accept: */*

Response DefaultHttpResponse(decodeResult: success, version: HTTP/1.1)
HTTP/1.1 200 OK
Content-Length: 15
Content-Type: application/json; charset=utf-8
cache-control: no-cache

12:03:54.895 [AsyncHttpClient-1-8] DEBUG org.asynchttpclient.netty.channel.ChannelManager - Adding key: http://localhost:42207 for channel [id: 0xc7aa666f, L:/127.0.0.1:62909 - R:localhost/127.0.0.1:42207]
12:03:54.897 [Forwarding findElement on session d281158bd6d51ff66f8960879be9bf76 to remote] DEBUG org.asynchttpclient.netty.request.NettyRequestSender - Using pooled Channel '[id: 0xc7aa666f, L:/127.0.0.1:62909 - R:localhost/127.0.0.1:42207]' for 'POST' to 'http://localhost:42207/session/d281158bd6d51ff66f8960879be9bf76/element'
12:03:54.897 [Forwarding findElement on session d281158bd6d51ff66f8960879be9bf76 to remote] DEBUG org.asynchttpclient.netty.request.NettyRequestSender - Using open Channel [id: 0xc7aa666f, L:/127.0.0.1:62909 - R:localhost/127.0.0.1:42207] for POST '/session/d281158bd6d51ff66f8960879be9bf76/element'
12:03:54.904 [AsyncHttpClient-1-8] DEBUG org.asynchttpclient.netty.handler.HttpHandler - 

Request DefaultHttpRequest(decodeResult: success, version: HTTP/1.1)
POST /session/d281158bd6d51ff66f8960879be9bf76/element HTTP/1.1
User-Agent: selenium/4.8.1 (java windows)
Content-Length: 59
Content-Type: application/json; charset=utf-8
host: localhost:42207
accept: */*

Response DefaultHttpResponse(decodeResult: success, version: HTTP/1.1)
HTTP/1.1 200 OK
Content-Length: 88
Content-Type: application/json; charset=utf-8
cache-control: no-cache

12:03:54.904 [AsyncHttpClient-1-8] DEBUG org.asynchttpclient.netty.channel.ChannelManager - Adding key: http://localhost:42207 for channel [id: 0xc7aa666f, L:/127.0.0.1:62909 - R:localhost/127.0.0.1:42207]
12:03:54.907 [Forwarding clickElement on session d281158bd6d51ff66f8960879be9bf76 to remote] DEBUG org.asynchttpclient.netty.request.NettyRequestSender - Using pooled Channel '[id: 0xc7aa666f, L:/127.0.0.1:62909 - R:localhost/127.0.0.1:42207]' for 'POST' to 'http://localhost:42207/session/d281158bd6d51ff66f8960879be9bf76/element/535f2d0d-0370-4da2-906a-53fe9d7a0d3a/click'
12:03:54.907 [Forwarding clickElement on session d281158bd6d51ff66f8960879be9bf76 to remote] DEBUG org.asynchttpclient.netty.request.NettyRequestSender - Using open Channel [id: 0xc7aa666f, L:/127.0.0.1:62909 - R:localhost/127.0.0.1:42207] for POST '/session/d281158bd6d51ff66f8960879be9bf76/element/535f2d0d-0370-4da2-906a-53fe9d7a0d3a/click'
12:03:54.958 [AsyncHttpClient-1-8] DEBUG org.asynchttpclient.netty.handler.HttpHandler - 

Request DefaultHttpRequest(decodeResult: success, version: HTTP/1.1)
POST /session/d281158bd6d51ff66f8960879be9bf76/element/535f2d0d-0370-4da2-906a-53fe9d7a0d3a/click HTTP/1.1
User-Agent: selenium/4.8.1 (java windows)
Content-Length: 50
Content-Type: application/json; charset=utf-8
host: localhost:42207
accept: */*

Response DefaultHttpResponse(decodeResult: success, version: HTTP/1.1)
HTTP/1.1 200 OK
Content-Length: 14
Content-Type: application/json; charset=utf-8
cache-control: no-cache

12:03:54.958 [AsyncHttpClient-1-8] DEBUG org.asynchttpclient.netty.channel.ChannelManager - Adding key: http://localhost:42207 for channel [id: 0xc7aa666f, L:/127.0.0.1:62909 - R:localhost/127.0.0.1:42207]
12:03:54.970 [Forwarding getAlertText on session d281158bd6d51ff66f8960879be9bf76 to remote] DEBUG org.asynchttpclient.netty.request.NettyRequestSender - Using pooled Channel '[id: 0xc7aa666f, L:/127.0.0.1:62909 - R:localhost/127.0.0.1:42207]' for 'GET' to 'http://localhost:42207/session/d281158bd6d51ff66f8960879be9bf76/alert/text'
12:03:54.970 [Forwarding getAlertText on session d281158bd6d51ff66f8960879be9bf76 to remote] DEBUG org.asynchttpclient.netty.request.NettyRequestSender - Using open Channel [id: 0xc7aa666f, L:/127.0.0.1:62909 - R:localhost/127.0.0.1:42207] for GET '/session/d281158bd6d51ff66f8960879be9bf76/alert/text'
12:03:55.036 [AsyncHttpClient-1-8] DEBUG org.asynchttpclient.netty.handler.HttpHandler - 

Request DefaultFullHttpRequest(decodeResult: success, version: HTTP/1.1, content: EmptyByteBufBE)
GET /session/d281158bd6d51ff66f8960879be9bf76/alert/text HTTP/1.1
User-Agent: selenium/4.8.1 (java windows)
Cache-Control: no-cache
Content-Type: application/json; charset=utf-8
host: localhost:42207
accept: */*

Response DefaultHttpResponse(decodeResult: success, version: HTTP/1.1)
HTTP/1.1 404 Not Found
Content-Length: 821
Content-Type: application/json; charset=utf-8
cache-control: no-cache

12:03:55.037 [AsyncHttpClient-1-8] DEBUG org.asynchttpclient.netty.channel.ChannelManager - Adding key: http://localhost:42207 for channel [id: 0xc7aa666f, L:/127.0.0.1:62909 - R:localhost/127.0.0.1:42207]
12:03:55.039 [Forwarding getCurrentUrl on session d281158bd6d51ff66f8960879be9bf76 to remote] DEBUG org.asynchttpclient.netty.request.NettyRequestSender - Using pooled Channel '[id: 0xc7aa666f, L:/127.0.0.1:62909 - R:localhost/127.0.0.1:42207]' for 'GET' to 'http://localhost:42207/session/d281158bd6d51ff66f8960879be9bf76/url'
12:03:55.040 [Forwarding getCurrentUrl on session d281158bd6d51ff66f8960879be9bf76 to remote] DEBUG org.asynchttpclient.netty.request.NettyRequestSender - Using open Channel [id: 0xc7aa666f, L:/127.0.0.1:62909 - R:localhost/127.0.0.1:42207] for GET '/session/d281158bd6d51ff66f8960879be9bf76/url'
12:03:55.044 [AsyncHttpClient-1-8] DEBUG org.asynchttpclient.netty.handler.HttpHandler - 

Request DefaultFullHttpRequest(decodeResult: success, version: HTTP/1.1, content: EmptyByteBufBE)
GET /session/d281158bd6d51ff66f8960879be9bf76/url HTTP/1.1
User-Agent: selenium/4.8.1 (java windows)
Cache-Control: no-cache
Content-Type: application/json; charset=utf-8
host: localhost:42207
accept: */*

Response DefaultHttpResponse(decodeResult: success, version: HTTP/1.1)
HTTP/1.1 200 OK
Content-Length: 53
Content-Type: application/json; charset=utf-8
cache-control: no-cache

12:03:55.045 [AsyncHttpClient-1-8] DEBUG org.asynchttpclient.netty.channel.ChannelManager - Adding key: http://localhost:42207 for channel [id: 0xc7aa666f, L:/127.0.0.1:62909 - R:localhost/127.0.0.1:42207]
12:03:55.046 [Forwarding screenshot on session d281158bd6d51ff66f8960879be9bf76 to remote] DEBUG org.asynchttpclient.netty.request.NettyRequestSender - Using pooled Channel '[id: 0xc7aa666f, L:/127.0.0.1:62909 - R:localhost/127.0.0.1:42207]' for 'GET' to 'http://localhost:42207/session/d281158bd6d51ff66f8960879be9bf76/screenshot'
12:03:55.046 [Forwarding screenshot on session d281158bd6d51ff66f8960879be9bf76 to remote] DEBUG org.asynchttpclient.netty.request.NettyRequestSender - Using open Channel [id: 0xc7aa666f, L:/127.0.0.1:62909 - R:localhost/127.0.0.1:42207] for GET '/session/d281158bd6d51ff66f8960879be9bf76/screenshot'
12:03:55.154 [AsyncHttpClient-1-1] DEBUG org.asynchttpclient.netty.channel.DefaultChannelPool - Entry count for : http://localhost:62910 : 1
12:03:55.330 [AsyncHttpClient-1-8] DEBUG org.asynchttpclient.netty.handler.HttpHandler - 

Request DefaultFullHttpRequest(decodeResult: success, version: HTTP/1.1, content: EmptyByteBufBE)
GET /session/d281158bd6d51ff66f8960879be9bf76/screenshot HTTP/1.1
User-Agent: selenium/4.8.1 (java windows)
Cache-Control: no-cache
Content-Type: application/json; charset=utf-8
host: localhost:42207
accept: */*

Response DefaultHttpResponse(decodeResult: success, version: HTTP/1.1)
HTTP/1.1 200 OK
Content-Length: 249132
Content-Type: application/json; charset=utf-8
cache-control: no-cache

12:03:55.332 [AsyncHttpClient-1-8] DEBUG org.asynchttpclient.netty.channel.ChannelManager - Adding key: http://localhost:42207 for channel [id: 0xc7aa666f, L:/127.0.0.1:62909 - R:localhost/127.0.0.1:42207]
12:03:55.338 [main] DEBUG net.serenitybdd.core.photography.Darkroom - Send negative for processing for target\site\serenity\2da0fd3ef1ed74f45d24bb8c06982bed3a218d717318892022de91d6c89f9238.png
12:03:55.338 [main] DEBUG net.thucydides.core.steps.StepInterceptor - STEP DONE: clickIconProduct
12:03:55.338 [Darkroom Processing Line] DEBUG net.serenitybdd.core.photography.DarkroomProcessingLine - Processing screenshot image in /var/screenshots/screenshot-581490605528571194
12:03:55.338 [Darkroom Processing Line] DEBUG net.serenitybdd.core.photography.DarkroomProcessingLine - Saving screenshot to target\site\serenity\2da0fd3ef1ed74f45d24bb8c06982bed3a218d717318892022de91d6c89f9238.png
  &amp#27;[32mWhen &amp#27;[0m&amp#27;[32mI click icon product pulsa&amp#27;[0m            &amp#27;[90m# starter.stepdefinitions.LoginSteps.iconProduct()&amp#27;[0m
12:03:55.347 [Forwarding getPageSource on session d281158bd6d51ff66f8960879be9bf76 to remote] DEBUG org.asynchttpclient.netty.request.NettyRequestSender - Using pooled Channel '[id: 0xc7aa666f, L:/127.0.0.1:62909 - R:localhost/127.0.0.1:42207]' for 'POST' to 'http://localhost:42207/session/d281158bd6d51ff66f8960879be9bf76/execute/sync'
12:03:55.347 [Forwarding getPageSource on session d281158bd6d51ff66f8960879be9bf76 to remote] DEBUG org.asynchttpclient.netty.request.NettyRequestSender - Using open Channel [id: 0xc7aa666f, L:/127.0.0.1:62909 - R:localhost/127.0.0.1:42207] for POST '/session/d281158bd6d51ff66f8960879be9bf76/execute/sync'
12:03:55.365 [AsyncHttpClient-1-8] DEBUG org.asynchttpclient.netty.handler.HttpHandler - 

Request DefaultHttpRequest(decodeResult: success, version: HTTP/1.1)
POST /session/d281158bd6d51ff66f8960879be9bf76/execute/sync HTTP/1.1
User-Agent: selenium/4.8.1 (java windows)
Content-Length: 176
Content-Type: application/json; charset=utf-8
host: localhost:42207
accept: */*

Response DefaultHttpResponse(decodeResult: success, version: HTTP/1.1)
HTTP/1.1 200 OK
Content-Length: 213959
Content-Type: application/json; charset=utf-8
cache-control: no-cache

12:03:55.365 [AsyncHttpClient-1-8] DEBUG org.asynchttpclient.netty.channel.ChannelManager - Adding key: http://localhost:42207 for channel [id: 0xc7aa666f, L:/127.0.0.1:62909 - R:localhost/127.0.0.1:42207]
12:03:55.397 [Forwarding getCurrentUrl on session d281158bd6d51ff66f8960879be9bf76 to remote] DEBUG org.asynchttpclient.netty.request.NettyRequestSender - Using pooled Channel '[id: 0xc7aa666f, L:/127.0.0.1:62909 - R:localhost/127.0.0.1:42207]' for 'GET' to 'http://localhost:42207/session/d281158bd6d51ff66f8960879be9bf76/url'
12:03:55.397 [Forwarding getCurrentUrl on session d281158bd6d51ff66f8960879be9bf76 to remote] DEBUG org.asynchttpclient.netty.request.NettyRequestSender - Using open Channel [id: 0xc7aa666f, L:/127.0.0.1:62909 - R:localhost/127.0.0.1:42207] for GET '/session/d281158bd6d51ff66f8960879be9bf76/url'
12:03:55.402 [AsyncHttpClient-1-8] DEBUG org.asynchttpclient.netty.handler.HttpHandler - 

Request DefaultFullHttpRequest(decodeResult: success, version: HTTP/1.1, content: EmptyByteBufBE)
GET /session/d281158bd6d51ff66f8960879be9bf76/url HTTP/1.1
User-Agent: selenium/4.8.1 (java windows)
Cache-Control: no-cache
Content-Type: application/json; charset=utf-8
host: localhost:42207
accept: */*

Response DefaultHttpResponse(decodeResult: success, version: HTTP/1.1)
HTTP/1.1 200 OK
Content-Length: 53
Content-Type: application/json; charset=utf-8
cache-control: no-cache

12:03:55.402 [AsyncHttpClient-1-8] DEBUG org.asynchttpclient.netty.channel.ChannelManager - Adding key: http://localhost:42207 for channel [id: 0xc7aa666f, L:/127.0.0.1:62909 - R:localhost/127.0.0.1:42207]
12:03:55.412 [Forwarding getAlertText on session d281158bd6d51ff66f8960879be9bf76 to remote] DEBUG org.asynchttpclient.netty.request.NettyRequestSender - Using pooled Channel '[id: 0xc7aa666f, L:/127.0.0.1:62909 - R:localhost/127.0.0.1:42207]' for 'GET' to 'http://localhost:42207/session/d281158bd6d51ff66f8960879be9bf76/alert/text'
12:03:55.412 [Forwarding getAlertText on session d281158bd6d51ff66f8960879be9bf76 to remote] DEBUG org.asynchttpclient.netty.request.NettyRequestSender - Using open Channel [id: 0xc7aa666f, L:/127.0.0.1:62909 - R:localhost/127.0.0.1:42207] for GET '/session/d281158bd6d51ff66f8960879be9bf76/alert/text'
12:03:55.414 [AsyncHttpClient-1-8] DEBUG org.asynchttpclient.netty.handler.HttpHandler - 

Request DefaultFullHttpRequest(decodeResult: success, version: HTTP/1.1, content: EmptyByteBufBE)
GET /session/d281158bd6d51ff66f8960879be9bf76/alert/text HTTP/1.1
User-Agent: selenium/4.8.1 (java windows)
Cache-Control: no-cache
Content-Type: application/json; charset=utf-8
host: localhost:42207
accept: */*

Response DefaultHttpResponse(decodeResult: success, version: HTTP/1.1)
HTTP/1.1 404 Not Found
Content-Length: 821
Content-Type: application/json; charset=utf-8
cache-control: no-cache

12:03:55.414 [AsyncHttpClient-1-8] DEBUG org.asynchttpclient.netty.channel.ChannelManager - Adding key: http://localhost:42207 for channel [id: 0xc7aa666f, L:/127.0.0.1:62909 - R:localhost/127.0.0.1:42207]
12:03:55.415 [Forwarding getCurrentUrl on session d281158bd6d51ff66f8960879be9bf76 to remote] DEBUG org.asynchttpclient.netty.request.NettyRequestSender - Using pooled Channel '[id: 0xc7aa666f, L:/127.0.0.1:62909 - R:localhost/127.0.0.1:42207]' for 'GET' to 'http://localhost:42207/session/d281158bd6d51ff66f8960879be9bf76/url'
12:03:55.415 [Forwarding getCurrentUrl on session d281158bd6d51ff66f8960879be9bf76 to remote] DEBUG org.asynchttpclient.netty.request.NettyRequestSender - Using open Channel [id: 0xc7aa666f, L:/127.0.0.1:62909 - R:localhost/127.0.0.1:42207] for GET '/session/d281158bd6d51ff66f8960879be9bf76/url'
12:03:55.418 [AsyncHttpClient-1-8] DEBUG org.asynchttpclient.netty.handler.HttpHandler - 

Request DefaultFullHttpRequest(decodeResult: success, version: HTTP/1.1, content: EmptyByteBufBE)
GET /session/d281158bd6d51ff66f8960879be9bf76/url HTTP/1.1
User-Agent: selenium/4.8.1 (java windows)
Cache-Control: no-cache
Content-Type: application/json; charset=utf-8
host: localhost:42207
accept: */*

Response DefaultHttpResponse(decodeResult: success, version: HTTP/1.1)
HTTP/1.1 200 OK
Content-Length: 53
Content-Type: application/json; charset=utf-8
cache-control: no-cache

12:03:55.418 [AsyncHttpClient-1-8] DEBUG org.asynchttpclient.netty.channel.ChannelManager - Adding key: http://localhost:42207 for channel [id: 0xc7aa666f, L:/127.0.0.1:62909 - R:localhost/127.0.0.1:42207]
12:03:55.420 [Forwarding screenshot on session d281158bd6d51ff66f8960879be9bf76 to remote] DEBUG org.asynchttpclient.netty.request.NettyRequestSender - Using pooled Channel '[id: 0xc7aa666f, L:/127.0.0.1:62909 - R:localhost/127.0.0.1:42207]' for 'GET' to 'http://localhost:42207/session/d281158bd6d51ff66f8960879be9bf76/screenshot'
12:03:55.420 [Forwarding screenshot on session d281158bd6d51ff66f8960879be9bf76 to remote] DEBUG org.asynchttpclient.netty.request.NettyRequestSender - Using open Channel [id: 0xc7aa666f, L:/127.0.0.1:62909 - R:localhost/127.0.0.1:42207] for GET '/session/d281158bd6d51ff66f8960879be9bf76/screenshot'
12:03:55.554 [AsyncHttpClient-1-8] DEBUG org.asynchttpclient.netty.handler.HttpHandler - 

Request DefaultFullHttpRequest(decodeResult: success, version: HTTP/1.1, content: EmptyByteBufBE)
GET /session/d281158bd6d51ff66f8960879be9bf76/screenshot HTTP/1.1
User-Agent: selenium/4.8.1 (java windows)
Cache-Control: no-cache
Content-Type: application/json; charset=utf-8
host: localhost:42207
accept: */*

Response DefaultHttpResponse(decodeResult: success, version: HTTP/1.1)
HTTP/1.1 200 OK
Content-Length: 249132
Content-Type: application/json; charset=utf-8
cache-control: no-cache

12:03:55.555 [AsyncHttpClient-1-8] DEBUG org.asynchttpclient.netty.channel.ChannelManager - Adding key: http://localhost:42207 for channel [id: 0xc7aa666f, L:/127.0.0.1:62909 - R:localhost/127.0.0.1:42207]
12:03:55.561 [main] DEBUG net.serenitybdd.core.photography.Darkroom - Send negative for processing for target\site\serenity\2da0fd3ef1ed74f45d24bb8c06982bed3a218d717318892022de91d6c89f9238.png
12:03:55.563 [Forwarding getPageSource on session d281158bd6d51ff66f8960879be9bf76 to remote] DEBUG org.asynchttpclient.netty.request.NettyRequestSender - Using pooled Channel '[id: 0xc7aa666f, L:/127.0.0.1:62909 - R:localhost/127.0.0.1:42207]' for 'POST' to 'http://localhost:42207/session/d281158bd6d51ff66f8960879be9bf76/execute/sync'
12:03:55.563 [Forwarding getPageSource on session d281158bd6d51ff66f8960879be9bf76 to remote] DEBUG org.asynchttpclient.netty.request.NettyRequestSender - Using open Channel [id: 0xc7aa666f, L:/127.0.0.1:62909 - R:localhost/127.0.0.1:42207] for POST '/session/d281158bd6d51ff66f8960879be9bf76/execute/sync'
12:03:55.580 [AsyncHttpClient-1-8] DEBUG org.asynchttpclient.netty.handler.HttpHandler - 

Request DefaultHttpRequest(decodeResult: success, version: HTTP/1.1)
POST /session/d281158bd6d51ff66f8960879be9bf76/execute/sync HTTP/1.1
User-Agent: selenium/4.8.1 (java windows)
Content-Length: 176
Content-Type: application/json; charset=utf-8
host: localhost:42207
accept: */*

Response DefaultHttpResponse(decodeResult: success, version: HTTP/1.1)
HTTP/1.1 200 OK
Content-Length: 213959
Content-Type: application/json; charset=utf-8
cache-control: no-cache

12:03:55.582 [AsyncHttpClient-1-8] DEBUG org.asynchttpclient.netty.channel.ChannelManager - Adding key: http://localhost:42207 for channel [id: 0xc7aa666f, L:/127.0.0.1:62909 - R:localhost/127.0.0.1:42207]
12:03:55.595 [Forwarding getCurrentUrl on session d281158bd6d51ff66f8960879be9bf76 to remote] DEBUG org.asynchttpclient.netty.request.NettyRequestSender - Using pooled Channel '[id: 0xc7aa666f, L:/127.0.0.1:62909 - R:localhost/127.0.0.1:42207]' for 'GET' to 'http://localhost:42207/session/d281158bd6d51ff66f8960879be9bf76/url'
12:03:55.596 [Forwarding getCurrentUrl on session d281158bd6d51ff66f8960879be9bf76 to remote] DEBUG org.asynchttpclient.netty.request.NettyRequestSender - Using open Channel [id: 0xc7aa666f, L:/127.0.0.1:62909 - R:localhost/127.0.0.1:42207] for GET '/session/d281158bd6d51ff66f8960879be9bf76/url'
12:03:55.600 [AsyncHttpClient-1-8] DEBUG org.asynchttpclient.netty.handler.HttpHandler - 

Request DefaultFullHttpRequest(decodeResult: success, version: HTTP/1.1, content: EmptyByteBufBE)
GET /session/d281158bd6d51ff66f8960879be9bf76/url HTTP/1.1
User-Agent: selenium/4.8.1 (java windows)
Cache-Control: no-cache
Content-Type: application/json; charset=utf-8
host: localhost:42207
accept: */*

Response DefaultHttpResponse(decodeResult: success, version: HTTP/1.1)
HTTP/1.1 200 OK
Content-Length: 53
Content-Type: application/json; charset=utf-8
cache-control: no-cache

12:03:55.600 [AsyncHttpClient-1-8] DEBUG org.asynchttpclient.netty.channel.ChannelManager - Adding key: http://localhost:42207 for channel [id: 0xc7aa666f, L:/127.0.0.1:62909 - R:localhost/127.0.0.1:42207]
12:03:55.602 [main] DEBUG net.thucydides.core.steps.StepInterceptor - STARTING STEP: LoginSteps.doEnterNumber - inputNumber
12:03:55.604 [Forwarding findElement on session d281158bd6d51ff66f8960879be9bf76 to remote] DEBUG org.asynchttpclient.netty.request.NettyRequestSender - Using pooled Channel '[id: 0xc7aa666f, L:/127.0.0.1:62909 - R:localhost/127.0.0.1:42207]' for 'POST' to 'http://localhost:42207/session/d281158bd6d51ff66f8960879be9bf76/element'
12:03:55.604 [Forwarding findElement on session d281158bd6d51ff66f8960879be9bf76 to remote] DEBUG org.asynchttpclient.netty.request.NettyRequestSender - Using open Channel [id: 0xc7aa666f, L:/127.0.0.1:62909 - R:localhost/127.0.0.1:42207] for POST '/session/d281158bd6d51ff66f8960879be9bf76/element'
12:03:55.614 [AsyncHttpClient-1-8] DEBUG org.asynchttpclient.netty.handler.HttpHandler - 

Request DefaultHttpRequest(decodeResult: success, version: HTTP/1.1)
POST /session/d281158bd6d51ff66f8960879be9bf76/element HTTP/1.1
User-Agent: selenium/4.8.1 (java windows)
Content-Length: 57
Content-Type: application/json; charset=utf-8
host: localhost:42207
accept: */*

Response DefaultHttpResponse(decodeResult: success, version: HTTP/1.1)
HTTP/1.1 200 OK
Content-Length: 88
Content-Type: application/json; charset=utf-8
cache-control: no-cache

12:03:55.615 [AsyncHttpClient-1-8] DEBUG org.asynchttpclient.netty.channel.ChannelManager - Adding key: http://localhost:42207 for channel [id: 0xc7aa666f, L:/127.0.0.1:62909 - R:localhost/127.0.0.1:42207]
12:03:55.616 [Forwarding clearElement on session d281158bd6d51ff66f8960879be9bf76 to remote] DEBUG org.asynchttpclient.netty.request.NettyRequestSender - Using pooled Channel '[id: 0xc7aa666f, L:/127.0.0.1:62909 - R:localhost/127.0.0.1:42207]' for 'POST' to 'http://localhost:42207/session/d281158bd6d51ff66f8960879be9bf76/element/7e7f6df1-932a-4289-81f7-edf33b99b907/clear'
12:03:55.616 [Forwarding clearElement on session d281158bd6d51ff66f8960879be9bf76 to remote] DEBUG org.asynchttpclient.netty.request.NettyRequestSender - Using open Channel [id: 0xc7aa666f, L:/127.0.0.1:62909 - R:localhost/127.0.0.1:42207] for POST '/session/d281158bd6d51ff66f8960879be9bf76/element/7e7f6df1-932a-4289-81f7-edf33b99b907/clear'
12:03:55.650 [AsyncHttpClient-1-8] DEBUG org.asynchttpclient.netty.handler.HttpHandler - 

Request DefaultHttpRequest(decodeResult: success, version: HTTP/1.1)
POST /session/d281158bd6d51ff66f8960879be9bf76/element/7e7f6df1-932a-4289-81f7-edf33b99b907/clear HTTP/1.1
User-Agent: selenium/4.8.1 (java windows)
Content-Length: 50
Content-Type: application/json; charset=utf-8
host: localhost:42207
accept: */*

Response DefaultHttpResponse(decodeResult: success, version: HTTP/1.1)
HTTP/1.1 200 OK
Content-Length: 14
Content-Type: application/json; charset=utf-8
cache-control: no-cache

12:03:55.650 [AsyncHttpClient-1-8] DEBUG org.asynchttpclient.netty.channel.ChannelManager - Adding key: http://localhost:42207 for channel [id: 0xc7aa666f, L:/127.0.0.1:62909 - R:localhost/127.0.0.1:42207]
12:03:55.650 [Forwarding sendKeysToElement on session d281158bd6d51ff66f8960879be9bf76 to remote] DEBUG org.asynchttpclient.netty.request.NettyRequestSender - Using pooled Channel '[id: 0xc7aa666f, L:/127.0.0.1:62909 - R:localhost/127.0.0.1:42207]' for 'POST' to 'http://localhost:42207/session/d281158bd6d51ff66f8960879be9bf76/element/7e7f6df1-932a-4289-81f7-edf33b99b907/value'
12:03:55.650 [Forwarding sendKeysToElement on session d281158bd6d51ff66f8960879be9bf76 to remote] DEBUG org.asynchttpclient.netty.request.NettyRequestSender - Using open Channel [id: 0xc7aa666f, L:/127.0.0.1:62909 - R:localhost/127.0.0.1:42207] for POST '/session/d281158bd6d51ff66f8960879be9bf76/element/7e7f6df1-932a-4289-81f7-edf33b99b907/value'
12:03:55.881 [AsyncHttpClient-1-8] DEBUG org.asynchttpclient.netty.handler.HttpHandler - 

Request DefaultHttpRequest(decodeResult: success, version: HTTP/1.1)
POST /session/d281158bd6d51ff66f8960879be9bf76/element/7e7f6df1-932a-4289-81f7-edf33b99b907/value HTTP/1.1
User-Agent: selenium/4.8.1 (java windows)
Content-Length: 201
Content-Type: application/json; charset=utf-8
host: localhost:42207
accept: */*

Response DefaultHttpResponse(decodeResult: success, version: HTTP/1.1)
HTTP/1.1 200 OK
Content-Length: 14
Content-Type: application/json; charset=utf-8
cache-control: no-cache

12:03:55.881 [AsyncHttpClient-1-8] DEBUG org.asynchttpclient.netty.channel.ChannelManager - Adding key: http://localhost:42207 for channel [id: 0xc7aa666f, L:/127.0.0.1:62909 - R:localhost/127.0.0.1:42207]
12:03:55.890 [Forwarding getAlertText on session d281158bd6d51ff66f8960879be9bf76 to remote] DEBUG org.asynchttpclient.netty.request.NettyRequestSender - Using pooled Channel '[id: 0xc7aa666f, L:/127.0.0.1:62909 - R:localhost/127.0.0.1:42207]' for 'GET' to 'http://localhost:42207/session/d281158bd6d51ff66f8960879be9bf76/alert/text'
12:03:55.890 [Forwarding getAlertText on session d281158bd6d51ff66f8960879be9bf76 to remote] DEBUG org.asynchttpclient.netty.request.NettyRequestSender - Using open Channel [id: 0xc7aa666f, L:/127.0.0.1:62909 - R:localhost/127.0.0.1:42207] for GET '/session/d281158bd6d51ff66f8960879be9bf76/alert/text'
12:03:55.891 [AsyncHttpClient-1-8] DEBUG org.asynchttpclient.netty.handler.HttpHandler - 

Request DefaultFullHttpRequest(decodeResult: success, version: HTTP/1.1, content: EmptyByteBufBE)
GET /session/d281158bd6d51ff66f8960879be9bf76/alert/text HTTP/1.1
User-Agent: selenium/4.8.1 (java windows)
Cache-Control: no-cache
Content-Type: application/json; charset=utf-8
host: localhost:42207
accept: */*

Response DefaultHttpResponse(decodeResult: success, version: HTTP/1.1)
HTTP/1.1 404 Not Found
Content-Length: 821
Content-Type: application/json; charset=utf-8
cache-control: no-cache

12:03:55.892 [AsyncHttpClient-1-8] DEBUG org.asynchttpclient.netty.channel.ChannelManager - Adding key: http://localhost:42207 for channel [id: 0xc7aa666f, L:/127.0.0.1:62909 - R:localhost/127.0.0.1:42207]
12:03:55.893 [Forwarding getCurrentUrl on session d281158bd6d51ff66f8960879be9bf76 to remote] DEBUG org.asynchttpclient.netty.request.NettyRequestSender - Using pooled Channel '[id: 0xc7aa666f, L:/127.0.0.1:62909 - R:localhost/127.0.0.1:42207]' for 'GET' to 'http://localhost:42207/session/d281158bd6d51ff66f8960879be9bf76/url'
12:03:55.893 [Forwarding getCurrentUrl on session d281158bd6d51ff66f8960879be9bf76 to remote] DEBUG org.asynchttpclient.netty.request.NettyRequestSender - Using open Channel [id: 0xc7aa666f, L:/127.0.0.1:62909 - R:localhost/127.0.0.1:42207] for GET '/session/d281158bd6d51ff66f8960879be9bf76/url'
12:03:55.898 [AsyncHttpClient-1-8] DEBUG org.asynchttpclient.netty.handler.HttpHandler - 

Request DefaultFullHttpRequest(decodeResult: success, version: HTTP/1.1, content: EmptyByteBufBE)
GET /session/d281158bd6d51ff66f8960879be9bf76/url HTTP/1.1
User-Agent: selenium/4.8.1 (java windows)
Cache-Control: no-cache
Content-Type: application/json; charset=utf-8
host: localhost:42207
accept: */*

Response DefaultHttpResponse(decodeResult: success, version: HTTP/1.1)
HTTP/1.1 200 OK
Content-Length: 53
Content-Type: application/json; charset=utf-8
cache-control: no-cache

12:03:55.898 [AsyncHttpClient-1-8] DEBUG org.asynchttpclient.netty.channel.ChannelManager - Adding key: http://localhost:42207 for channel [id: 0xc7aa666f, L:/127.0.0.1:62909 - R:localhost/127.0.0.1:42207]
12:03:55.900 [Forwarding screenshot on session d281158bd6d51ff66f8960879be9bf76 to remote] DEBUG org.asynchttpclient.netty.request.NettyRequestSender - Using pooled Channel '[id: 0xc7aa666f, L:/127.0.0.1:62909 - R:localhost/127.0.0.1:42207]' for 'GET' to 'http://localhost:42207/session/d281158bd6d51ff66f8960879be9bf76/screenshot'
12:03:55.900 [Forwarding screenshot on session d281158bd6d51ff66f8960879be9bf76 to remote] DEBUG org.asynchttpclient.netty.request.NettyRequestSender - Using open Channel [id: 0xc7aa666f, L:/127.0.0.1:62909 - R:localhost/127.0.0.1:42207] for GET '/session/d281158bd6d51ff66f8960879be9bf76/screenshot'
12:03:56.183 [AsyncHttpClient-1-8] DEBUG org.asynchttpclient.netty.handler.HttpHandler - 

Request DefaultFullHttpRequest(decodeResult: success, version: HTTP/1.1, content: EmptyByteBufBE)
GET /session/d281158bd6d51ff66f8960879be9bf76/screenshot HTTP/1.1
User-Agent: selenium/4.8.1 (java windows)
Cache-Control: no-cache
Content-Type: application/json; charset=utf-8
host: localhost:42207
accept: */*

Response DefaultHttpResponse(decodeResult: success, version: HTTP/1.1)
HTTP/1.1 200 OK
Content-Length: 204860
Content-Type: application/json; charset=utf-8
cache-control: no-cache

12:03:56.184 [AsyncHttpClient-1-8] DEBUG org.asynchttpclient.netty.channel.ChannelManager - Adding key: http://localhost:42207 for channel [id: 0xc7aa666f, L:/127.0.0.1:62909 - R:localhost/127.0.0.1:42207]
12:03:56.187 [main] DEBUG net.serenitybdd.core.photography.Darkroom - Send negative for processing for target\site\serenity\da58fec4bec83c7851946b2d6abdbf3a6041861b5324dd6b59c64053bba4b24e.png
12:03:56.189 [main] DEBUG net.thucydides.core.steps.StepInterceptor - STEP DONE: inputNumber
12:03:56.189 [Darkroom Processing Line] DEBUG net.serenitybdd.core.photography.DarkroomProcessingLine - Processing screenshot image in /var/screenshots/screenshot-9341082268977856795
12:03:56.189 [Darkroom Processing Line] DEBUG net.serenitybdd.core.photography.DarkroomProcessingLine - Saving screenshot to target\site\serenity\da58fec4bec83c7851946b2d6abdbf3a6041861b5324dd6b59c64053bba4b24e.png
  &amp#27;[32mAnd &amp#27;[0m&amp#27;[32mI enter number phone&amp#27;[0m                   &amp#27;[90m# starter.stepdefinitions.LoginSteps.doEnterNumber()&amp#27;[0m
12:03:56.196 [Forwarding getPageSource on session d281158bd6d51ff66f8960879be9bf76 to remote] DEBUG org.asynchttpclient.netty.request.NettyRequestSender - Using pooled Channel '[id: 0xc7aa666f, L:/127.0.0.1:62909 - R:localhost/127.0.0.1:42207]' for 'POST' to 'http://localhost:42207/session/d281158bd6d51ff66f8960879be9bf76/execute/sync'
12:03:56.196 [Forwarding getPageSource on session d281158bd6d51ff66f8960879be9bf76 to remote] DEBUG org.asynchttpclient.netty.request.NettyRequestSender - Using open Channel [id: 0xc7aa666f, L:/127.0.0.1:62909 - R:localhost/127.0.0.1:42207] for POST '/session/d281158bd6d51ff66f8960879be9bf76/execute/sync'
12:03:56.210 [AsyncHttpClient-1-8] DEBUG org.asynchttpclient.netty.handler.HttpHandler - 

Request DefaultHttpRequest(decodeResult: success, version: HTTP/1.1)
POST /session/d281158bd6d51ff66f8960879be9bf76/execute/sync HTTP/1.1
User-Agent: selenium/4.8.1 (java windows)
Content-Length: 176
Content-Type: application/json; charset=utf-8
host: localhost:42207
accept: */*

Response DefaultHttpResponse(decodeResult: success, version: HTTP/1.1)
HTTP/1.1 200 OK
Content-Length: 155007
Content-Type: application/json; charset=utf-8
cache-control: no-cache

12:03:56.210 [AsyncHttpClient-1-8] DEBUG org.asynchttpclient.netty.channel.ChannelManager - Adding key: http://localhost:42207 for channel [id: 0xc7aa666f, L:/127.0.0.1:62909 - R:localhost/127.0.0.1:42207]
12:03:56.222 [Forwarding getCurrentUrl on session d281158bd6d51ff66f8960879be9bf76 to remote] DEBUG org.asynchttpclient.netty.request.NettyRequestSender - Using pooled Channel '[id: 0xc7aa666f, L:/127.0.0.1:62909 - R:localhost/127.0.0.1:42207]' for 'GET' to 'http://localhost:42207/session/d281158bd6d51ff66f8960879be9bf76/url'
12:03:56.222 [Forwarding getCurrentUrl on session d281158bd6d51ff66f8960879be9bf76 to remote] DEBUG org.asynchttpclient.netty.request.NettyRequestSender - Using open Channel [id: 0xc7aa666f, L:/127.0.0.1:62909 - R:localhost/127.0.0.1:42207] for GET '/session/d281158bd6d51ff66f8960879be9bf76/url'
12:03:56.227 [AsyncHttpClient-1-8] DEBUG org.asynchttpclient.netty.handler.HttpHandler - 

Request DefaultFullHttpRequest(decodeResult: success, version: HTTP/1.1, content: EmptyByteBufBE)
GET /session/d281158bd6d51ff66f8960879be9bf76/url HTTP/1.1
User-Agent: selenium/4.8.1 (java windows)
Cache-Control: no-cache
Content-Type: application/json; charset=utf-8
host: localhost:42207
accept: */*

Response DefaultHttpResponse(decodeResult: success, version: HTTP/1.1)
HTTP/1.1 200 OK
Content-Length: 53
Content-Type: application/json; charset=utf-8
cache-control: no-cache

12:03:56.227 [AsyncHttpClient-1-8] DEBUG org.asynchttpclient.netty.channel.ChannelManager - Adding key: http://localhost:42207 for channel [id: 0xc7aa666f, L:/127.0.0.1:62909 - R:localhost/127.0.0.1:42207]
12:03:56.237 [Forwarding getPageSource on session d281158bd6d51ff66f8960879be9bf76 to remote] DEBUG org.asynchttpclient.netty.request.NettyRequestSender - Using pooled Channel '[id: 0xc7aa666f, L:/127.0.0.1:62909 - R:localhost/127.0.0.1:42207]' for 'POST' to 'http://localhost:42207/session/d281158bd6d51ff66f8960879be9bf76/execute/sync'
12:03:56.237 [Forwarding getPageSource on session d281158bd6d51ff66f8960879be9bf76 to remote] DEBUG org.asynchttpclient.netty.request.NettyRequestSender - Using open Channel [id: 0xc7aa666f, L:/127.0.0.1:62909 - R:localhost/127.0.0.1:42207] for POST '/session/d281158bd6d51ff66f8960879be9bf76/execute/sync'
12:03:56.259 [AsyncHttpClient-1-1] DEBUG org.asynchttpclient.netty.channel.DefaultChannelPool - Entry count for : http://localhost:62910 : 1
12:03:56.262 [AsyncHttpClient-1-8] DEBUG org.asynchttpclient.netty.handler.HttpHandler - 

Request DefaultHttpRequest(decodeResult: success, version: HTTP/1.1)
POST /session/d281158bd6d51ff66f8960879be9bf76/execute/sync HTTP/1.1
User-Agent: selenium/4.8.1 (java windows)
Content-Length: 176
Content-Type: application/json; charset=utf-8
host: localhost:42207
accept: */*

Response DefaultHttpResponse(decodeResult: success, version: HTTP/1.1)
HTTP/1.1 200 OK
Content-Length: 155007
Content-Type: application/json; charset=utf-8
cache-control: no-cache

12:03:56.263 [AsyncHttpClient-1-8] DEBUG org.asynchttpclient.netty.channel.ChannelManager - Adding key: http://localhost:42207 for channel [id: 0xc7aa666f, L:/127.0.0.1:62909 - R:localhost/127.0.0.1:42207]
12:03:56.272 [Forwarding getCurrentUrl on session d281158bd6d51ff66f8960879be9bf76 to remote] DEBUG org.asynchttpclient.netty.request.NettyRequestSender - Using pooled Channel '[id: 0xc7aa666f, L:/127.0.0.1:62909 - R:localhost/127.0.0.1:42207]' for 'GET' to 'http://localhost:42207/session/d281158bd6d51ff66f8960879be9bf76/url'
12:03:56.272 [Forwarding getCurrentUrl on session d281158bd6d51ff66f8960879be9bf76 to remote] DEBUG org.asynchttpclient.netty.request.NettyRequestSender - Using open Channel [id: 0xc7aa666f, L:/127.0.0.1:62909 - R:localhost/127.0.0.1:42207] for GET '/session/d281158bd6d51ff66f8960879be9bf76/url'
12:03:56.275 [AsyncHttpClient-1-8] DEBUG org.asynchttpclient.netty.handler.HttpHandler - 

Request DefaultFullHttpRequest(decodeResult: success, version: HTTP/1.1, content: EmptyByteBufBE)
GET /session/d281158bd6d51ff66f8960879be9bf76/url HTTP/1.1
User-Agent: selenium/4.8.1 (java windows)
Cache-Control: no-cache
Content-Type: application/json; charset=utf-8
host: localhost:42207
accept: */*

Response DefaultHttpResponse(decodeResult: success, version: HTTP/1.1)
HTTP/1.1 200 OK
Content-Length: 53
Content-Type: application/json; charset=utf-8
cache-control: no-cache

12:03:56.275 [AsyncHttpClient-1-8] DEBUG org.asynchttpclient.netty.channel.ChannelManager - Adding key: http://localhost:42207 for channel [id: 0xc7aa666f, L:/127.0.0.1:62909 - R:localhost/127.0.0.1:42207]
12:03:56.278 [main] DEBUG net.thucydides.core.steps.StepInterceptor - STARTING STEP: LoginSteps.clickNominal - clickNominal
12:03:56.280 [Forwarding findElement on session d281158bd6d51ff66f8960879be9bf76 to remote] DEBUG org.asynchttpclient.netty.request.NettyRequestSender - Using pooled Channel '[id: 0xc7aa666f, L:/127.0.0.1:62909 - R:localhost/127.0.0.1:42207]' for 'POST' to 'http://localhost:42207/session/d281158bd6d51ff66f8960879be9bf76/element'
12:03:56.280 [Forwarding findElement on session d281158bd6d51ff66f8960879be9bf76 to remote] DEBUG org.asynchttpclient.netty.request.NettyRequestSender - Using open Channel [id: 0xc7aa666f, L:/127.0.0.1:62909 - R:localhost/127.0.0.1:42207] for POST '/session/d281158bd6d51ff66f8960879be9bf76/element'
12:03:56.292 [AsyncHttpClient-1-8] DEBUG org.asynchttpclient.netty.handler.HttpHandler - 

Request DefaultHttpRequest(decodeResult: success, version: HTTP/1.1)
POST /session/d281158bd6d51ff66f8960879be9bf76/element HTTP/1.1
User-Agent: selenium/4.8.1 (java windows)
Content-Length: 66
Content-Type: application/json; charset=utf-8
host: localhost:42207
accept: */*

Response DefaultHttpResponse(decodeResult: success, version: HTTP/1.1)
HTTP/1.1 200 OK
Content-Length: 88
Content-Type: application/json; charset=utf-8
cache-control: no-cache

12:03:56.292 [AsyncHttpClient-1-8] DEBUG org.asynchttpclient.netty.channel.ChannelManager - Adding key: http://localhost:42207 for channel [id: 0xc7aa666f, L:/127.0.0.1:62909 - R:localhost/127.0.0.1:42207]
12:03:56.293 [Forwarding getElementTagName on session d281158bd6d51ff66f8960879be9bf76 to remote] DEBUG org.asynchttpclient.netty.request.NettyRequestSender - Using pooled Channel '[id: 0xc7aa666f, L:/127.0.0.1:62909 - R:localhost/127.0.0.1:42207]' for 'GET' to 'http://localhost:42207/session/d281158bd6d51ff66f8960879be9bf76/element/6caccd97-b276-44e4-a599-15eb687d6cfc/name'
12:03:56.293 [Forwarding getElementTagName on session d281158bd6d51ff66f8960879be9bf76 to remote] DEBUG org.asynchttpclient.netty.request.NettyRequestSender - Using open Channel [id: 0xc7aa666f, L:/127.0.0.1:62909 - R:localhost/127.0.0.1:42207] for GET '/session/d281158bd6d51ff66f8960879be9bf76/element/6caccd97-b276-44e4-a599-15eb687d6cfc/name'
12:03:56.298 [AsyncHttpClient-1-8] DEBUG org.asynchttpclient.netty.handler.HttpHandler - 

Request DefaultFullHttpRequest(decodeResult: success, version: HTTP/1.1, content: EmptyByteBufBE)
GET /session/d281158bd6d51ff66f8960879be9bf76/element/6caccd97-b276-44e4-a599-15eb687d6cfc/name HTTP/1.1
User-Agent: selenium/4.8.1 (java windows)
Cache-Control: no-cache
Content-Type: application/json; charset=utf-8
host: localhost:42207
accept: */*

Response DefaultHttpResponse(decodeResult: success, version: HTTP/1.1)
HTTP/1.1 200 OK
Content-Length: 15
Content-Type: application/json; charset=utf-8
cache-control: no-cache

12:03:56.298 [AsyncHttpClient-1-8] DEBUG org.asynchttpclient.netty.channel.ChannelManager - Adding key: http://localhost:42207 for channel [id: 0xc7aa666f, L:/127.0.0.1:62909 - R:localhost/127.0.0.1:42207]
12:03:56.299 [Forwarding getElementTagName on session d281158bd6d51ff66f8960879be9bf76 to remote] DEBUG org.asynchttpclient.netty.request.NettyRequestSender - Using pooled Channel '[id: 0xc7aa666f, L:/127.0.0.1:62909 - R:localhost/127.0.0.1:42207]' for 'GET' to 'http://localhost:42207/session/d281158bd6d51ff66f8960879be9bf76/element/6caccd97-b276-44e4-a599-15eb687d6cfc/name'
12:03:56.299 [Forwarding getElementTagName on session d281158bd6d51ff66f8960879be9bf76 to remote] DEBUG org.asynchttpclient.netty.request.NettyRequestSender - Using open Channel [id: 0xc7aa666f, L:/127.0.0.1:62909 - R:localhost/127.0.0.1:42207] for GET '/session/d281158bd6d51ff66f8960879be9bf76/element/6caccd97-b276-44e4-a599-15eb687d6cfc/name'
12:03:56.303 [AsyncHttpClient-1-8] DEBUG org.asynchttpclient.netty.handler.HttpHandler - 

Request DefaultFullHttpRequest(decodeResult: success, version: HTTP/1.1, content: EmptyByteBufBE)
GET /session/d281158bd6d51ff66f8960879be9bf76/element/6caccd97-b276-44e4-a599-15eb687d6cfc/name HTTP/1.1
User-Agent: selenium/4.8.1 (java windows)
Cache-Control: no-cache
Content-Type: application/json; charset=utf-8
host: localhost:42207
accept: */*

Response DefaultHttpResponse(decodeResult: success, version: HTTP/1.1)
HTTP/1.1 200 OK
Content-Length: 15
Content-Type: application/json; charset=utf-8
cache-control: no-cache

12:03:56.303 [AsyncHttpClient-1-8] DEBUG org.asynchttpclient.netty.channel.ChannelManager - Adding key: http://localhost:42207 for channel [id: 0xc7aa666f, L:/127.0.0.1:62909 - R:localhost/127.0.0.1:42207]
12:03:56.305 [Forwarding findElement on session d281158bd6d51ff66f8960879be9bf76 to remote] DEBUG org.asynchttpclient.netty.request.NettyRequestSender - Using pooled Channel '[id: 0xc7aa666f, L:/127.0.0.1:62909 - R:localhost/127.0.0.1:42207]' for 'POST' to 'http://localhost:42207/session/d281158bd6d51ff66f8960879be9bf76/element'
12:03:56.305 [Forwarding findElement on session d281158bd6d51ff66f8960879be9bf76 to remote] DEBUG org.asynchttpclient.netty.request.NettyRequestSender - Using open Channel [id: 0xc7aa666f, L:/127.0.0.1:62909 - R:localhost/127.0.0.1:42207] for POST '/session/d281158bd6d51ff66f8960879be9bf76/element'
12:03:56.310 [AsyncHttpClient-1-8] DEBUG org.asynchttpclient.netty.handler.HttpHandler - 

Request DefaultHttpRequest(decodeResult: success, version: HTTP/1.1)
POST /session/d281158bd6d51ff66f8960879be9bf76/element HTTP/1.1
User-Agent: selenium/4.8.1 (java windows)
Content-Length: 66
Content-Type: application/json; charset=utf-8
host: localhost:42207
accept: */*

Response DefaultHttpResponse(decodeResult: success, version: HTTP/1.1)
HTTP/1.1 200 OK
Content-Length: 88
Content-Type: application/json; charset=utf-8
cache-control: no-cache

12:03:56.310 [AsyncHttpClient-1-8] DEBUG org.asynchttpclient.netty.channel.ChannelManager - Adding key: http://localhost:42207 for channel [id: 0xc7aa666f, L:/127.0.0.1:62909 - R:localhost/127.0.0.1:42207]
12:03:56.312 [Forwarding clickElement on session d281158bd6d51ff66f8960879be9bf76 to remote] DEBUG org.asynchttpclient.netty.request.NettyRequestSender - Using pooled Channel '[id: 0xc7aa666f, L:/127.0.0.1:62909 - R:localhost/127.0.0.1:42207]' for 'POST' to 'http://localhost:42207/session/d281158bd6d51ff66f8960879be9bf76/element/6caccd97-b276-44e4-a599-15eb687d6cfc/click'
12:03:56.312 [Forwarding clickElement on session d281158bd6d51ff66f8960879be9bf76 to remote] DEBUG org.asynchttpclient.netty.request.NettyRequestSender - Using open Channel [id: 0xc7aa666f, L:/127.0.0.1:62909 - R:localhost/127.0.0.1:42207] for POST '/session/d281158bd6d51ff66f8960879be9bf76/element/6caccd97-b276-44e4-a599-15eb687d6cfc/click'
12:03:56.370 [AsyncHttpClient-1-8] DEBUG org.asynchttpclient.netty.handler.HttpHandler - 

Request DefaultHttpRequest(decodeResult: success, version: HTTP/1.1)
POST /session/d281158bd6d51ff66f8960879be9bf76/element/6caccd97-b276-44e4-a599-15eb687d6cfc/click HTTP/1.1
User-Agent: selenium/4.8.1 (java windows)
Content-Length: 50
Content-Type: application/json; charset=utf-8
host: localhost:42207
accept: */*

Response DefaultHttpResponse(decodeResult: success, version: HTTP/1.1)
HTTP/1.1 200 OK
Content-Length: 14
Content-Type: application/json; charset=utf-8
cache-control: no-cache

12:03:56.370 [AsyncHttpClient-1-8] DEBUG org.asynchttpclient.netty.channel.ChannelManager - Adding key: http://localhost:42207 for channel [id: 0xc7aa666f, L:/127.0.0.1:62909 - R:localhost/127.0.0.1:42207]
12:03:56.380 [Forwarding getAlertText on session d281158bd6d51ff66f8960879be9bf76 to remote] DEBUG org.asynchttpclient.netty.request.NettyRequestSender - Using pooled Channel '[id: 0xc7aa666f, L:/127.0.0.1:62909 - R:localhost/127.0.0.1:42207]' for 'GET' to 'http://localhost:42207/session/d281158bd6d51ff66f8960879be9bf76/alert/text'
12:03:56.380 [Forwarding getAlertText on session d281158bd6d51ff66f8960879be9bf76 to remote] DEBUG org.asynchttpclient.netty.request.NettyRequestSender - Using open Channel [id: 0xc7aa666f, L:/127.0.0.1:62909 - R:localhost/127.0.0.1:42207] for GET '/session/d281158bd6d51ff66f8960879be9bf76/alert/text'
12:03:56.388 [AsyncHttpClient-1-8] DEBUG org.asynchttpclient.netty.handler.HttpHandler - 

Request DefaultFullHttpRequest(decodeResult: success, version: HTTP/1.1, content: EmptyByteBufBE)
GET /session/d281158bd6d51ff66f8960879be9bf76/alert/text HTTP/1.1
User-Agent: selenium/4.8.1 (java windows)
Cache-Control: no-cache
Content-Type: application/json; charset=utf-8
host: localhost:42207
accept: */*

Response DefaultHttpResponse(decodeResult: success, version: HTTP/1.1)
HTTP/1.1 404 Not Found
Content-Length: 821
Content-Type: application/json; charset=utf-8
cache-control: no-cache

12:03:56.388 [AsyncHttpClient-1-8] DEBUG org.asynchttpclient.netty.channel.ChannelManager - Adding key: http://localhost:42207 for channel [id: 0xc7aa666f, L:/127.0.0.1:62909 - R:localhost/127.0.0.1:42207]
12:03:56.389 [Forwarding getCurrentUrl on session d281158bd6d51ff66f8960879be9bf76 to remote] DEBUG org.asynchttpclient.netty.request.NettyRequestSender - Using pooled Channel '[id: 0xc7aa666f, L:/127.0.0.1:62909 - R:localhost/127.0.0.1:42207]' for 'GET' to 'http://localhost:42207/session/d281158bd6d51ff66f8960879be9bf76/url'
12:03:56.389 [Forwarding getCurrentUrl on session d281158bd6d51ff66f8960879be9bf76 to remote] DEBUG org.asynchttpclient.netty.request.NettyRequestSender - Using open Channel [id: 0xc7aa666f, L:/127.0.0.1:62909 - R:localhost/127.0.0.1:42207] for GET '/session/d281158bd6d51ff66f8960879be9bf76/url'
12:03:56.393 [AsyncHttpClient-1-8] DEBUG org.asynchttpclient.netty.handler.HttpHandler - 

Request DefaultFullHttpRequest(decodeResult: success, version: HTTP/1.1, content: EmptyByteBufBE)
GET /session/d281158bd6d51ff66f8960879be9bf76/url HTTP/1.1
User-Agent: selenium/4.8.1 (java windows)
Cache-Control: no-cache
Content-Type: application/json; charset=utf-8
host: localhost:42207
accept: */*

Response DefaultHttpResponse(decodeResult: success, version: HTTP/1.1)
HTTP/1.1 200 OK
Content-Length: 53
Content-Type: application/json; charset=utf-8
cache-control: no-cache

12:03:56.393 [AsyncHttpClient-1-8] DEBUG org.asynchttpclient.netty.channel.ChannelManager - Adding key: http://localhost:42207 for channel [id: 0xc7aa666f, L:/127.0.0.1:62909 - R:localhost/127.0.0.1:42207]
12:03:56.394 [Forwarding screenshot on session d281158bd6d51ff66f8960879be9bf76 to remote] DEBUG org.asynchttpclient.netty.request.NettyRequestSender - Using pooled Channel '[id: 0xc7aa666f, L:/127.0.0.1:62909 - R:localhost/127.0.0.1:42207]' for 'GET' to 'http://localhost:42207/session/d281158bd6d51ff66f8960879be9bf76/screenshot'
12:03:56.394 [Forwarding screenshot on session d281158bd6d51ff66f8960879be9bf76 to remote] DEBUG org.asynchttpclient.netty.request.NettyRequestSender - Using open Channel [id: 0xc7aa666f, L:/127.0.0.1:62909 - R:localhost/127.0.0.1:42207] for GET '/session/d281158bd6d51ff66f8960879be9bf76/screenshot'
12:03:56.570 [AsyncHttpClient-1-8] DEBUG org.asynchttpclient.netty.handler.HttpHandler - 

Request DefaultFullHttpRequest(decodeResult: success, version: HTTP/1.1, content: EmptyByteBufBE)
GET /session/d281158bd6d51ff66f8960879be9bf76/screenshot HTTP/1.1
User-Agent: selenium/4.8.1 (java windows)
Cache-Control: no-cache
Content-Type: application/json; charset=utf-8
host: localhost:42207
accept: */*

Response DefaultHttpResponse(decodeResult: success, version: HTTP/1.1)
HTTP/1.1 200 OK
Content-Length: 133852
Content-Type: application/json; charset=utf-8
cache-control: no-cache

12:03:56.570 [AsyncHttpClient-1-8] DEBUG org.asynchttpclient.netty.channel.ChannelManager - Adding key: http://localhost:42207 for channel [id: 0xc7aa666f, L:/127.0.0.1:62909 - R:localhost/127.0.0.1:42207]
12:03:56.577 [main] DEBUG net.serenitybdd.core.photography.Darkroom - Send negative for processing for target\site\serenity\fac3def53b80460b6a8d4bd8312b834f0300d038736dd4cf56e77eab0e0b7515.png
12:03:56.577 [Darkroom Processing Line] DEBUG net.serenitybdd.core.photography.DarkroomProcessingLine - Processing screenshot image in /var/screenshots/screenshot-15537991429584407624
12:03:56.577 [main] DEBUG net.thucydides.core.steps.StepInterceptor - STEP DONE: clickNominal
12:03:56.577 [Darkroom Processing Line] DEBUG net.serenitybdd.core.photography.DarkroomProcessingLine - Saving screenshot to target\site\serenity\fac3def53b80460b6a8d4bd8312b834f0300d038736dd4cf56e77eab0e0b7515.png
  &amp#27;[32mAnd &amp#27;[0m&amp#27;[32mI click the nominal&amp#27;[0m                    &amp#27;[90m# starter.stepdefinitions.LoginSteps.clickNominal()&amp#27;[0m
12:03:56.592 [Forwarding getPageSource on session d281158bd6d51ff66f8960879be9bf76 to remote] DEBUG org.asynchttpclient.netty.request.NettyRequestSender - Using pooled Channel '[id: 0xc7aa666f, L:/127.0.0.1:62909 - R:localhost/127.0.0.1:42207]' for 'POST' to 'http://localhost:42207/session/d281158bd6d51ff66f8960879be9bf76/execute/sync'
12:03:56.592 [Forwarding getPageSource on session d281158bd6d51ff66f8960879be9bf76 to remote] DEBUG org.asynchttpclient.netty.request.NettyRequestSender - Using open Channel [id: 0xc7aa666f, L:/127.0.0.1:62909 - R:localhost/127.0.0.1:42207] for POST '/session/d281158bd6d51ff66f8960879be9bf76/execute/sync'
12:03:56.610 [AsyncHttpClient-1-8] DEBUG org.asynchttpclient.netty.handler.HttpHandler - 

Request DefaultHttpRequest(decodeResult: success, version: HTTP/1.1)
POST /session/d281158bd6d51ff66f8960879be9bf76/execute/sync HTTP/1.1
User-Agent: selenium/4.8.1 (java windows)
Content-Length: 176
Content-Type: application/json; charset=utf-8
host: localhost:42207
accept: */*

Response DefaultHttpResponse(decodeResult: success, version: HTTP/1.1)
HTTP/1.1 200 OK
Content-Length: 159206
Content-Type: application/json; charset=utf-8
cache-control: no-cache

12:03:56.612 [AsyncHttpClient-1-8] DEBUG org.asynchttpclient.netty.channel.ChannelManager - Adding key: http://localhost:42207 for channel [id: 0xc7aa666f, L:/127.0.0.1:62909 - R:localhost/127.0.0.1:42207]
12:03:56.624 [Forwarding getCurrentUrl on session d281158bd6d51ff66f8960879be9bf76 to remote] DEBUG org.asynchttpclient.netty.request.NettyRequestSender - Using pooled Channel '[id: 0xc7aa666f, L:/127.0.0.1:62909 - R:localhost/127.0.0.1:42207]' for 'GET' to 'http://localhost:42207/session/d281158bd6d51ff66f8960879be9bf76/url'
12:03:56.624 [Forwarding getCurrentUrl on session d281158bd6d51ff66f8960879be9bf76 to remote] DEBUG org.asynchttpclient.netty.request.NettyRequestSender - Using open Channel [id: 0xc7aa666f, L:/127.0.0.1:62909 - R:localhost/127.0.0.1:42207] for GET '/session/d281158bd6d51ff66f8960879be9bf76/url'
12:03:56.629 [AsyncHttpClient-1-8] DEBUG org.asynchttpclient.netty.handler.HttpHandler - 

Request DefaultFullHttpRequest(decodeResult: success, version: HTTP/1.1, content: EmptyByteBufBE)
GET /session/d281158bd6d51ff66f8960879be9bf76/url HTTP/1.1
User-Agent: selenium/4.8.1 (java windows)
Cache-Control: no-cache
Content-Type: application/json; charset=utf-8
host: localhost:42207
accept: */*

Response DefaultHttpResponse(decodeResult: success, version: HTTP/1.1)
HTTP/1.1 200 OK
Content-Length: 53
Content-Type: application/json; charset=utf-8
cache-control: no-cache

12:03:56.629 [AsyncHttpClient-1-8] DEBUG org.asynchttpclient.netty.channel.ChannelManager - Adding key: http://localhost:42207 for channel [id: 0xc7aa666f, L:/127.0.0.1:62909 - R:localhost/127.0.0.1:42207]
12:03:56.642 [Forwarding getAlertText on session d281158bd6d51ff66f8960879be9bf76 to remote] DEBUG org.asynchttpclient.netty.request.NettyRequestSender - Using pooled Channel '[id: 0xc7aa666f, L:/127.0.0.1:62909 - R:localhost/127.0.0.1:42207]' for 'GET' to 'http://localhost:42207/session/d281158bd6d51ff66f8960879be9bf76/alert/text'
12:03:56.642 [Forwarding getAlertText on session d281158bd6d51ff66f8960879be9bf76 to remote] DEBUG org.asynchttpclient.netty.request.NettyRequestSender - Using open Channel [id: 0xc7aa666f, L:/127.0.0.1:62909 - R:localhost/127.0.0.1:42207] for GET '/session/d281158bd6d51ff66f8960879be9bf76/alert/text'
12:03:56.644 [AsyncHttpClient-1-8] DEBUG org.asynchttpclient.netty.handler.HttpHandler - 

Request DefaultFullHttpRequest(decodeResult: success, version: HTTP/1.1, content: EmptyByteBufBE)
GET /session/d281158bd6d51ff66f8960879be9bf76/alert/text HTTP/1.1
User-Agent: selenium/4.8.1 (java windows)
Cache-Control: no-cache
Content-Type: application/json; charset=utf-8
host: localhost:42207
accept: */*

Response DefaultHttpResponse(decodeResult: success, version: HTTP/1.1)
HTTP/1.1 404 Not Found
Content-Length: 821
Content-Type: application/json; charset=utf-8
cache-control: no-cache

12:03:56.644 [AsyncHttpClient-1-8] DEBUG org.asynchttpclient.netty.channel.ChannelManager - Adding key: http://localhost:42207 for channel [id: 0xc7aa666f, L:/127.0.0.1:62909 - R:localhost/127.0.0.1:42207]
12:03:56.646 [Forwarding getCurrentUrl on session d281158bd6d51ff66f8960879be9bf76 to remote] DEBUG org.asynchttpclient.netty.request.NettyRequestSender - Using pooled Channel '[id: 0xc7aa666f, L:/127.0.0.1:62909 - R:localhost/127.0.0.1:42207]' for 'GET' to 'http://localhost:42207/session/d281158bd6d51ff66f8960879be9bf76/url'
12:03:56.646 [Forwarding getCurrentUrl on session d281158bd6d51ff66f8960879be9bf76 to remote] DEBUG org.asynchttpclient.netty.request.NettyRequestSender - Using open Channel [id: 0xc7aa666f, L:/127.0.0.1:62909 - R:localhost/127.0.0.1:42207] for GET '/session/d281158bd6d51ff66f8960879be9bf76/url'
12:03:56.654 [AsyncHttpClient-1-8] DEBUG org.asynchttpclient.netty.handler.HttpHandler - 

Request DefaultFullHttpRequest(decodeResult: success, version: HTTP/1.1, content: EmptyByteBufBE)
GET /session/d281158bd6d51ff66f8960879be9bf76/url HTTP/1.1
User-Agent: selenium/4.8.1 (java windows)
Cache-Control: no-cache
Content-Type: application/json; charset=utf-8
host: localhost:42207
accept: */*

Response DefaultHttpResponse(decodeResult: success, version: HTTP/1.1)
HTTP/1.1 200 OK
Content-Length: 53
Content-Type: application/json; charset=utf-8
cache-control: no-cache

12:03:56.654 [AsyncHttpClient-1-8] DEBUG org.asynchttpclient.netty.channel.ChannelManager - Adding key: http://localhost:42207 for channel [id: 0xc7aa666f, L:/127.0.0.1:62909 - R:localhost/127.0.0.1:42207]
12:03:56.655 [Forwarding screenshot on session d281158bd6d51ff66f8960879be9bf76 to remote] DEBUG org.asynchttpclient.netty.request.NettyRequestSender - Using pooled Channel '[id: 0xc7aa666f, L:/127.0.0.1:62909 - R:localhost/127.0.0.1:42207]' for 'GET' to 'http://localhost:42207/session/d281158bd6d51ff66f8960879be9bf76/screenshot'
12:03:56.655 [Forwarding screenshot on session d281158bd6d51ff66f8960879be9bf76 to remote] DEBUG org.asynchttpclient.netty.request.NettyRequestSender - Using open Channel [id: 0xc7aa666f, L:/127.0.0.1:62909 - R:localhost/127.0.0.1:42207] for GET '/session/d281158bd6d51ff66f8960879be9bf76/screenshot'
12:03:56.809 [AsyncHttpClient-1-8] DEBUG org.asynchttpclient.netty.handler.HttpHandler - 

Request DefaultFullHttpRequest(decodeResult: success, version: HTTP/1.1, content: EmptyByteBufBE)
GET /session/d281158bd6d51ff66f8960879be9bf76/screenshot HTTP/1.1
User-Agent: selenium/4.8.1 (java windows)
Cache-Control: no-cache
Content-Type: application/json; charset=utf-8
host: localhost:42207
accept: */*

Response DefaultHttpResponse(decodeResult: success, version: HTTP/1.1)
HTTP/1.1 200 OK
Content-Length: 134308
Content-Type: application/json; charset=utf-8
cache-control: no-cache

12:03:56.810 [AsyncHttpClient-1-8] DEBUG org.asynchttpclient.netty.channel.ChannelManager - Adding key: http://localhost:42207 for channel [id: 0xc7aa666f, L:/127.0.0.1:62909 - R:localhost/127.0.0.1:42207]
12:03:56.813 [main] DEBUG net.serenitybdd.core.photography.Darkroom - Send negative for processing for target\site\serenity\e180b21be2a633ad5b8569819a3626994bc88dfdbed5f1ef9b0a8b77d2f45b44.png
12:03:56.814 [Darkroom Processing Line] DEBUG net.serenitybdd.core.photography.DarkroomProcessingLine - Processing screenshot image in /var/screenshots/screenshot-171665651281556371
12:03:56.814 [Darkroom Processing Line] DEBUG net.serenitybdd.core.photography.DarkroomProcessingLine - Saving screenshot to target\site\serenity\e180b21be2a633ad5b8569819a3626994bc88dfdbed5f1ef9b0a8b77d2f45b44.png
12:03:56.815 [Forwarding getPageSource on session d281158bd6d51ff66f8960879be9bf76 to remote] DEBUG org.asynchttpclient.netty.request.NettyRequestSender - Using pooled Channel '[id: 0xc7aa666f, L:/127.0.0.1:62909 - R:localhost/127.0.0.1:42207]' for 'POST' to 'http://localhost:42207/session/d281158bd6d51ff66f8960879be9bf76/execute/sync'
12:03:56.815 [Forwarding getPageSource on session d281158bd6d51ff66f8960879be9bf76 to remote] DEBUG org.asynchttpclient.netty.request.NettyRequestSender - Using open Channel [id: 0xc7aa666f, L:/127.0.0.1:62909 - R:localhost/127.0.0.1:42207] for POST '/session/d281158bd6d51ff66f8960879be9bf76/execute/sync'
12:03:56.828 [AsyncHttpClient-1-8] DEBUG org.asynchttpclient.netty.handler.HttpHandler - 

Request DefaultHttpRequest(decodeResult: success, version: HTTP/1.1)
POST /session/d281158bd6d51ff66f8960879be9bf76/execute/sync HTTP/1.1
User-Agent: selenium/4.8.1 (java windows)
Content-Length: 176
Content-Type: application/json; charset=utf-8
host: localhost:42207
accept: */*

Response DefaultHttpResponse(decodeResult: success, version: HTTP/1.1)
HTTP/1.1 200 OK
Content-Length: 155090
Content-Type: application/json; charset=utf-8
cache-control: no-cache

12:03:56.828 [AsyncHttpClient-1-8] DEBUG org.asynchttpclient.netty.channel.ChannelManager - Adding key: http://localhost:42207 for channel [id: 0xc7aa666f, L:/127.0.0.1:62909 - R:localhost/127.0.0.1:42207]
12:03:56.836 [Forwarding getCurrentUrl on session d281158bd6d51ff66f8960879be9bf76 to remote] DEBUG org.asynchttpclient.netty.request.NettyRequestSender - Using pooled Channel '[id: 0xc7aa666f, L:/127.0.0.1:62909 - R:localhost/127.0.0.1:42207]' for 'GET' to 'http://localhost:42207/session/d281158bd6d51ff66f8960879be9bf76/url'
12:03:56.836 [Forwarding getCurrentUrl on session d281158bd6d51ff66f8960879be9bf76 to remote] DEBUG org.asynchttpclient.netty.request.NettyRequestSender - Using open Channel [id: 0xc7aa666f, L:/127.0.0.1:62909 - R:localhost/127.0.0.1:42207] for GET '/session/d281158bd6d51ff66f8960879be9bf76/url'
12:03:56.840 [AsyncHttpClient-1-8] DEBUG org.asynchttpclient.netty.handler.HttpHandler - 

Request DefaultFullHttpRequest(decodeResult: success, version: HTTP/1.1, content: EmptyByteBufBE)
GET /session/d281158bd6d51ff66f8960879be9bf76/url HTTP/1.1
User-Agent: selenium/4.8.1 (java windows)
Cache-Control: no-cache
Content-Type: application/json; charset=utf-8
host: localhost:42207
accept: */*

Response DefaultHttpResponse(decodeResult: success, version: HTTP/1.1)
HTTP/1.1 200 OK
Content-Length: 53
Content-Type: application/json; charset=utf-8
cache-control: no-cache

12:03:56.840 [AsyncHttpClient-1-8] DEBUG org.asynchttpclient.netty.channel.ChannelManager - Adding key: http://localhost:42207 for channel [id: 0xc7aa666f, L:/127.0.0.1:62909 - R:localhost/127.0.0.1:42207]
12:03:56.843 [main] DEBUG net.thucydides.core.steps.StepInterceptor - STARTING STEP: LoginSteps.validateOnThePaymentPage - validateOnThePaymentPage
12:03:56.845 [Forwarding findElement on session d281158bd6d51ff66f8960879be9bf76 to remote] DEBUG org.asynchttpclient.netty.request.NettyRequestSender - Using pooled Channel '[id: 0xc7aa666f, L:/127.0.0.1:62909 - R:localhost/127.0.0.1:42207]' for 'POST' to 'http://localhost:42207/session/d281158bd6d51ff66f8960879be9bf76/element'
12:03:56.845 [Forwarding findElement on session d281158bd6d51ff66f8960879be9bf76 to remote] DEBUG org.asynchttpclient.netty.request.NettyRequestSender - Using open Channel [id: 0xc7aa666f, L:/127.0.0.1:62909 - R:localhost/127.0.0.1:42207] for POST '/session/d281158bd6d51ff66f8960879be9bf76/element'
12:03:56.856 [AsyncHttpClient-1-8] DEBUG org.asynchttpclient.netty.handler.HttpHandler - 

Request DefaultHttpRequest(decodeResult: success, version: HTTP/1.1)
POST /session/d281158bd6d51ff66f8960879be9bf76/element HTTP/1.1
User-Agent: selenium/4.8.1 (java windows)
Content-Length: 48
Content-Type: application/json; charset=utf-8
host: localhost:42207
accept: */*

Response DefaultHttpResponse(decodeResult: success, version: HTTP/1.1)
HTTP/1.1 200 OK
Content-Length: 88
Content-Type: application/json; charset=utf-8
cache-control: no-cache

12:03:56.856 [AsyncHttpClient-1-8] DEBUG org.asynchttpclient.netty.channel.ChannelManager - Adding key: http://localhost:42207 for channel [id: 0xc7aa666f, L:/127.0.0.1:62909 - R:localhost/127.0.0.1:42207]
12:03:56.860 [Forwarding isElementDisplayed on session d281158bd6d51ff66f8960879be9bf76 to remote] DEBUG org.asynchttpclient.netty.request.NettyRequestSender - Using pooled Channel '[id: 0xc7aa666f, L:/127.0.0.1:62909 - R:localhost/127.0.0.1:42207]' for 'POST' to 'http://localhost:42207/session/d281158bd6d51ff66f8960879be9bf76/execute/sync'
12:03:56.860 [Forwarding isElementDisplayed on session d281158bd6d51ff66f8960879be9bf76 to remote] DEBUG org.asynchttpclient.netty.request.NettyRequestSender - Using open Channel [id: 0xc7aa666f, L:/127.0.0.1:62909 - R:localhost/127.0.0.1:42207] for POST '/session/d281158bd6d51ff66f8960879be9bf76/execute/sync'
12:03:56.884 [AsyncHttpClient-1-8] DEBUG org.asynchttpclient.netty.handler.HttpHandler - 

Request DefaultHttpRequest(decodeResult: success, version: HTTP/1.1)
POST /session/d281158bd6d51ff66f8960879be9bf76/execute/sync HTTP/1.1
User-Agent: selenium/4.8.1 (java windows)
Content-Length: 48807
Content-Type: application/json; charset=utf-8
host: localhost:42207
accept: */*

Response DefaultHttpResponse(decodeResult: success, version: HTTP/1.1)
HTTP/1.1 404 Not Found
Content-Length: 943
Content-Type: application/json; charset=utf-8
cache-control: no-cache

12:03:56.885 [AsyncHttpClient-1-8] DEBUG org.asynchttpclient.netty.channel.ChannelManager - Adding key: http://localhost:42207 for channel [id: 0xc7aa666f, L:/127.0.0.1:62909 - R:localhost/127.0.0.1:42207]
12:03:56.896 [Forwarding getAlertText on session d281158bd6d51ff66f8960879be9bf76 to remote] DEBUG org.asynchttpclient.netty.request.NettyRequestSender - Using pooled Channel '[id: 0xc7aa666f, L:/127.0.0.1:62909 - R:localhost/127.0.0.1:42207]' for 'GET' to 'http://localhost:42207/session/d281158bd6d51ff66f8960879be9bf76/alert/text'
12:03:56.896 [Forwarding getAlertText on session d281158bd6d51ff66f8960879be9bf76 to remote] DEBUG org.asynchttpclient.netty.request.NettyRequestSender - Using open Channel [id: 0xc7aa666f, L:/127.0.0.1:62909 - R:localhost/127.0.0.1:42207] for GET '/session/d281158bd6d51ff66f8960879be9bf76/alert/text'
12:03:56.897 [AsyncHttpClient-1-8] DEBUG org.asynchttpclient.netty.handler.HttpHandler - 

Request DefaultFullHttpRequest(decodeResult: success, version: HTTP/1.1, content: EmptyByteBufBE)
GET /session/d281158bd6d51ff66f8960879be9bf76/alert/text HTTP/1.1
User-Agent: selenium/4.8.1 (java windows)
Cache-Control: no-cache
Content-Type: application/json; charset=utf-8
host: localhost:42207
accept: */*

Response DefaultHttpResponse(decodeResult: success, version: HTTP/1.1)
HTTP/1.1 404 Not Found
Content-Length: 821
Content-Type: application/json; charset=utf-8
cache-control: no-cache

12:03:56.897 [AsyncHttpClient-1-8] DEBUG org.asynchttpclient.netty.channel.ChannelManager - Adding key: http://localhost:42207 for channel [id: 0xc7aa666f, L:/127.0.0.1:62909 - R:localhost/127.0.0.1:42207]
12:03:56.898 [Forwarding getCurrentUrl on session d281158bd6d51ff66f8960879be9bf76 to remote] DEBUG org.asynchttpclient.netty.request.NettyRequestSender - Using pooled Channel '[id: 0xc7aa666f, L:/127.0.0.1:62909 - R:localhost/127.0.0.1:42207]' for 'GET' to 'http://localhost:42207/session/d281158bd6d51ff66f8960879be9bf76/url'
12:03:56.898 [Forwarding getCurrentUrl on session d281158bd6d51ff66f8960879be9bf76 to remote] DEBUG org.asynchttpclient.netty.request.NettyRequestSender - Using open Channel [id: 0xc7aa666f, L:/127.0.0.1:62909 - R:localhost/127.0.0.1:42207] for GET '/session/d281158bd6d51ff66f8960879be9bf76/url'
12:03:56.903 [AsyncHttpClient-1-8] DEBUG org.asynchttpclient.netty.handler.HttpHandler - 

Request DefaultFullHttpRequest(decodeResult: success, version: HTTP/1.1, content: EmptyByteBufBE)
GET /session/d281158bd6d51ff66f8960879be9bf76/url HTTP/1.1
User-Agent: selenium/4.8.1 (java windows)
Cache-Control: no-cache
Content-Type: application/json; charset=utf-8
host: localhost:42207
accept: */*

Response DefaultHttpResponse(decodeResult: success, version: HTTP/1.1)
HTTP/1.1 200 OK
Content-Length: 56
Content-Type: application/json; charset=utf-8
cache-control: no-cache

12:03:56.903 [AsyncHttpClient-1-8] DEBUG org.asynchttpclient.netty.channel.ChannelManager - Adding key: http://localhost:42207 for channel [id: 0xc7aa666f, L:/127.0.0.1:62909 - R:localhost/127.0.0.1:42207]
12:03:56.904 [Forwarding screenshot on session d281158bd6d51ff66f8960879be9bf76 to remote] DEBUG org.asynchttpclient.netty.request.NettyRequestSender - Using pooled Channel '[id: 0xc7aa666f, L:/127.0.0.1:62909 - R:localhost/127.0.0.1:42207]' for 'GET' to 'http://localhost:42207/session/d281158bd6d51ff66f8960879be9bf76/screenshot'
12:03:56.904 [Forwarding screenshot on session d281158bd6d51ff66f8960879be9bf76 to remote] DEBUG org.asynchttpclient.netty.request.NettyRequestSender - Using open Channel [id: 0xc7aa666f, L:/127.0.0.1:62909 - R:localhost/127.0.0.1:42207] for GET '/session/d281158bd6d51ff66f8960879be9bf76/screenshot'
12:03:57.079 [AsyncHttpClient-1-8] DEBUG org.asynchttpclient.netty.handler.HttpHandler - 

Request DefaultFullHttpRequest(decodeResult: success, version: HTTP/1.1, content: EmptyByteBufBE)
GET /session/d281158bd6d51ff66f8960879be9bf76/screenshot HTTP/1.1
User-Agent: selenium/4.8.1 (java windows)
Cache-Control: no-cache
Content-Type: application/json; charset=utf-8
host: localhost:42207
accept: */*

Response DefaultHttpResponse(decodeResult: success, version: HTTP/1.1)
HTTP/1.1 200 OK
Content-Length: 201116
Content-Type: application/json; charset=utf-8
cache-control: no-cache

12:03:57.080 [AsyncHttpClient-1-8] DEBUG org.asynchttpclient.netty.channel.ChannelManager - Adding key: http://localhost:42207 for channel [id: 0xc7aa666f, L:/127.0.0.1:62909 - R:localhost/127.0.0.1:42207]
12:03:57.089 [main] DEBUG net.serenitybdd.core.photography.Darkroom - Send negative for processing for target\site\serenity\17ee24fcebfbaf598adc0efa3a0fef342686528f5db001877eef6ce388951dc4.png
12:03:57.089 [Darkroom Processing Line] DEBUG net.serenitybdd.core.photography.DarkroomProcessingLine - Processing screenshot image in /var/screenshots/screenshot-12665424483476467353
12:03:57.090 [Darkroom Processing Line] DEBUG net.serenitybdd.core.photography.DarkroomProcessingLine - Saving screenshot to target\site\serenity\17ee24fcebfbaf598adc0efa3a0fef342686528f5db001877eef6ce388951dc4.png
12:03:57.090 [Forwarding getPageSource on session d281158bd6d51ff66f8960879be9bf76 to remote] DEBUG org.asynchttpclient.netty.request.NettyRequestSender - Using pooled Channel '[id: 0xc7aa666f, L:/127.0.0.1:62909 - R:localhost/127.0.0.1:42207]' for 'POST' to 'http://localhost:42207/session/d281158bd6d51ff66f8960879be9bf76/execute/sync'
12:03:57.090 [Forwarding getPageSource on session d281158bd6d51ff66f8960879be9bf76 to remote] DEBUG org.asynchttpclient.netty.request.NettyRequestSender - Using open Channel [id: 0xc7aa666f, L:/127.0.0.1:62909 - R:localhost/127.0.0.1:42207] for POST '/session/d281158bd6d51ff66f8960879be9bf76/execute/sync'
12:03:57.101 [AsyncHttpClient-1-8] DEBUG org.asynchttpclient.netty.handler.HttpHandler - 

Request DefaultHttpRequest(decodeResult: success, version: HTTP/1.1)
POST /session/d281158bd6d51ff66f8960879be9bf76/execute/sync HTTP/1.1
User-Agent: selenium/4.8.1 (java windows)
Content-Length: 176
Content-Type: application/json; charset=utf-8
host: localhost:42207
accept: */*

Response DefaultHttpResponse(decodeResult: success, version: HTTP/1.1)
HTTP/1.1 200 OK
Content-Length: 68563
Content-Type: application/json; charset=utf-8
cache-control: no-cache

12:03:57.101 [AsyncHttpClient-1-8] DEBUG org.asynchttpclient.netty.channel.ChannelManager - Adding key: http://localhost:42207 for channel [id: 0xc7aa666f, L:/127.0.0.1:62909 - R:localhost/127.0.0.1:42207]
12:03:57.109 [Forwarding getCurrentUrl on session d281158bd6d51ff66f8960879be9bf76 to remote] DEBUG org.asynchttpclient.netty.request.NettyRequestSender - Using pooled Channel '[id: 0xc7aa666f, L:/127.0.0.1:62909 - R:localhost/127.0.0.1:42207]' for 'GET' to 'http://localhost:42207/session/d281158bd6d51ff66f8960879be9bf76/url'
12:03:57.109 [Forwarding getCurrentUrl on session d281158bd6d51ff66f8960879be9bf76 to remote] DEBUG org.asynchttpclient.netty.request.NettyRequestSender - Using open Channel [id: 0xc7aa666f, L:/127.0.0.1:62909 - R:localhost/127.0.0.1:42207] for GET '/session/d281158bd6d51ff66f8960879be9bf76/url'
12:03:57.114 [AsyncHttpClient-1-8] DEBUG org.asynchttpclient.netty.handler.HttpHandler - 

Request DefaultFullHttpRequest(decodeResult: success, version: HTTP/1.1, content: EmptyByteBufBE)
GET /session/d281158bd6d51ff66f8960879be9bf76/url HTTP/1.1
User-Agent: selenium/4.8.1 (java windows)
Cache-Control: no-cache
Content-Type: application/json; charset=utf-8
host: localhost:42207
accept: */*

Response DefaultHttpResponse(decodeResult: success, version: HTTP/1.1)
HTTP/1.1 200 OK
Content-Length: 56
Content-Type: application/json; charset=utf-8
cache-control: no-cache

12:03:57.114 [AsyncHttpClient-1-8] DEBUG org.asynchttpclient.netty.channel.ChannelManager - Adding key: http://localhost:42207 for channel [id: 0xc7aa666f, L:/127.0.0.1:62909 - R:localhost/127.0.0.1:42207]
  &amp#27;[31mThen &amp#27;[0m&amp#27;[31mI am on the payment page&amp#27;[0m              &amp#27;[90m# starter.stepdefinitions.LoginSteps.validateOnThePaymentPage()&amp#27;[0m
      &amp#27;[31morg.openqa.selenium.StaleElementReferenceException: stale element reference: element is not attached to the page document
  (Session info: chrome=112.0.5615.139)
For documentation on this error, please visit: https://selenium.dev/exceptions/#stale_element_reference
Build info: version: '4.8.1', revision: '8ebccac989'
System info: os.name: 'Windows 11', os.arch: 'amd64', os.version: '10.0', java.version: '19'
Driver info: org.openqa.selenium.chrome.ChromeDriver
Command: [d281158bd6d51ff66f8960879be9bf76, isElementDisplayed {id=9297b59d-2474-4d28-b43c-f69f0b31b351}]
Capabilities {acceptInsecureCerts: false, browserName: chrome, browserVersion: 112.0.5615.139, chrome: {chromedriverVersion: 112.0.5615.49 (bd2a7bcb881c..., userDataDir: C:\Users\WINDOW~1\AppData\L...}, goog:chromeOptions: {debuggerAddress: localhost:62910}, networkConnectionEnabled: false, pageLoadStrategy: normal, platformName: WINDOWS, proxy: Proxy(), se:cdp: ws://localhost:62910/devtoo..., se:cdpVersion: 112.0.5615.139, setWindowRect: true, strictFileInteractability: false, timeouts: {implicit: 0, pageLoad: 300000, script: 30000}, unhandledPromptBehavior: dismiss and notify, webauthn:extension:credBlob: true, webauthn:extension:largeBlob: true, webauthn:extension:minPinLength: true, webauthn:extension:prf: true, webauthn:virtualAuthenticators: true}
Element: [[ChromeDriver: chrome on WINDOWS (d281158bd6d51ff66f8960879be9bf76)] -> class name: App]
Session ID: d281158bd6d51ff66f8960879be9bf76
	at java.base/jdk.internal.reflect.DirectConstructorHandleAccessor.newInstance(DirectConstructorHandleAccessor.java:67)
	at java.base/java.lang.reflect.Constructor.newInstanceWithCaller(Constructor.java:500)
	at java.base/java.lang.reflect.Constructor.newInstance(Constructor.java:484)
	at org.openqa.selenium.remote.codec.w3c.W3CHttpResponseCodec.createException(W3CHttpResponseCodec.java:200)
	at org.openqa.selenium.remote.codec.w3c.W3CHttpResponseCodec.decode(W3CHttpResponseCodec.java:133)
	at org.openqa.selenium.remote.codec.w3c.W3CHttpResponseCodec.decode(W3CHttpResponseCodec.java:53)
	at org.openqa.selenium.remote.HttpCommandExecutor.execute(HttpCommandExecutor.java:184)
	at org.openqa.selenium.remote.service.DriverCommandExecutor.invokeExecute(DriverCommandExecutor.java:167)
	at org.openqa.selenium.remote.service.DriverCommandExecutor.execute(DriverCommandExecutor.java:142)
	at org.openqa.selenium.remote.RemoteWebDriver.execute(RemoteWebDriver.java:543)
	at org.openqa.selenium.remote.RemoteWebElement.execute(RemoteWebElement.java:257)
	at org.openqa.selenium.remote.RemoteWebElement.isDisplayed(RemoteWebElement.java:313)
	at net.serenitybdd.core.pages.WebElementFacadeImpl.isDisplayed(WebElementFacadeImpl.java:1321)
	at Prioritas2.Web.Test@1.0-SNAPSHOT/starter.login.Payment.validateOnThePaymentPage(Payment.java:23)
	at Prioritas2.Web.Test@1.0-SNAPSHOT/starter.login.Payment$ByteBuddy$blGOz9Di.validateOnThePaymentPage$accessor$cfP4jw68(Unknown Source)
	at java.base/jdk.internal.reflect.DirectMethodHandleAccessor.invoke(DirectMethodHandleAccessor.java:104)
	at java.base/java.lang.reflect.Method.invoke(Method.java:578)
	at net.thucydides.core.steps.StepInterceptor.invokeMethod(StepInterceptor.java:518)
	at net.thucydides.core.steps.StepInterceptor.executeTestStepMethod(StepInterceptor.java:498)
	at net.thucydides.core.steps.StepInterceptor.runTestStep(StepInterceptor.java:472)
	at net.thucydides.core.steps.StepInterceptor.runOrSkipMethod(StepInterceptor.java:211)
	at net.thucydides.core.steps.StepInterceptor.testStepResult(StepInterceptor.java:198)
	at net.thucydides.core.steps.StepInterceptor.intercept(StepInterceptor.java:86)
	at net.thucydides.core.steps.ProxyConfiguration$InterceptorDispatcher.intercept(ProxyConfiguration.java:51)
	at Prioritas2.Web.Test@1.0-SNAPSHOT/starter.login.Payment$ByteBuddy$blGOz9Di.validateOnThePaymentPage(Unknown Source)
	at Prioritas2.Web.Test@1.0-SNAPSHOT/starter.stepdefinitions.LoginSteps.validateOnThePaymentPage(LoginSteps.java:59)
	at ✽.I am on the payment page(file:///C:/Users/WINDOWS%2011/IdeaProjects/Prioritas2-Web-Test/src/test/resources/features/payment.feature:14)
&amp#27;[0m
  &amp#27;[36mWhen &amp#27;[0m&amp#27;[36mI am choose and click payment method&amp#27;[0m  &amp#27;[90m# starter.stepdefinitions.LoginSteps.clickMethodPayment()&amp#27;[0m
  &amp#27;[36mAnd &amp#27;[0m&amp#27;[36mI click payment button&amp#27;[0m                 &amp#27;[90m# starter.stepdefinitions.LoginSteps.clickPaymentButton()&amp#27;[0m
  &amp#27;[36mThen &amp#27;[0m&amp#27;[36mI am on the scan barcode payment page&amp#27;[0m &amp#27;[90m# starter.stepdefinitions.LoginSteps.onTheBarcodePayment()&amp#27;[0m
12:03:57.242 [main] ERROR  - 
  _____   ___   ___   _____     ___   ___   ___    ___    ___ 
 |_   _| | __| / __| |_   _|   | __| | _ \ | _ \  / _ \  | _ \
   | |   | _|  \__ \   | |     | _|  |   / |   / | (_) | |   /
   |_|   |___| |___/   |_|     |___| |_|_\ |_|_\  \___/  |_|_\

as a user I can do payment
---------------------------------------------------------------
12:03:57.245 [main] DEBUG  - RELATED ISSUES: 
12:03:57.248 [main] ERROR  -     Test failed at step: Validate on the payment page
12:03:57.249 [main] ERROR  -     stale element reference: element is not attached to the page document
12:03:57.255 [AsyncHttpClient-1-10] DEBUG org.asynchttpclient.netty.handler.WebSocketHandler - Channel Closed: [id: 0x2d8a0126, L:/127.0.0.1:62918 ! R:localhost/127.0.0.1:62910] with attribute NettyResponseFuture{currentRetry=0,
	isDone=1,
	isCancelled=0,
	asyncHandler=org.asynchttpclient.ws.WebSocketUpgradeHandler@4638ee82,
	nettyRequest=org.asynchttpclient.netty.request.NettyRequest@33a6821,
	future=java.util.concurrent.CompletableFuture@4b1d92a1[Completed normally],
	uri=ws://localhost:62910/devtools/browser/9d823f05-917d-421a-8bd2-b94b0b4d5260,
	keepAlive=true,
	redirectCount=0,
	timeoutsHolder=null,
	inAuth=0,
	touch=1683263025409}
12:03:57.255 [AsyncHttpClient-1-10] DEBUG org.asynchttpclient.netty.channel.ChannelManager - Closing Channel [id: 0x2d8a0126, L:/127.0.0.1:62918 ! R:localhost/127.0.0.1:62910] 
12:03:57.256 [Driver Command Executor] DEBUG org.asynchttpclient.netty.request.NettyRequestSender - Using pooled Channel '[id: 0xc7aa666f, L:/127.0.0.1:62909 - R:localhost/127.0.0.1:42207]' for 'DELETE' to 'http://localhost:42207/session/d281158bd6d51ff66f8960879be9bf76'
12:03:57.256 [Driver Command Executor] DEBUG org.asynchttpclient.netty.request.NettyRequestSender - Using open Channel [id: 0xc7aa666f, L:/127.0.0.1:62909 - R:localhost/127.0.0.1:42207] for DELETE '/session/d281158bd6d51ff66f8960879be9bf76'
12:03:57.342 [AsyncHttpClient-1-9] DEBUG org.asynchttpclient.netty.handler.HttpHandler - Unexpected I/O exception on channel [id: 0xb61a6be3, L:/127.0.0.1:62916 - R:localhost/127.0.0.1:62910]
java.net.SocketException: Connection reset
	at java.base/sun.nio.ch.SocketChannelImpl.throwConnectionReset(SocketChannelImpl.java:401)
	at java.base/sun.nio.ch.SocketChannelImpl.read(SocketChannelImpl.java:434)
	at io.netty.buffer.PooledByteBuf.setBytes(PooledByteBuf.java:259)
	at io.netty.buffer.AbstractByteBuf.writeBytes(AbstractByteBuf.java:1132)
	at io.netty.channel.socket.nio.NioSocketChannel.doReadBytes(NioSocketChannel.java:357)
	at io.netty.channel.nio.AbstractNioByteChannel$NioByteUnsafe.read(AbstractNioByteChannel.java:151)
	at io.netty.channel.nio.NioEventLoop.processSelectedKey(NioEventLoop.java:788)
	at io.netty.channel.nio.NioEventLoop.processSelectedKeysOptimized(NioEventLoop.java:724)
	at io.netty.channel.nio.NioEventLoop.processSelectedKeys(NioEventLoop.java:650)
	at io.netty.channel.nio.NioEventLoop.run(NioEventLoop.java:562)
	at io.netty.util.concurrent.SingleThreadEventExecutor$4.run(SingleThreadEventExecutor.java:997)
	at io.netty.util.internal.ThreadExecutorMap$2.run(ThreadExecutorMap.java:74)
	at io.netty.util.concurrent.FastThreadLocalRunnable.run(FastThreadLocalRunnable.java:30)
	at java.base/java.lang.Thread.run(Thread.java:1589)
12:03:57.342 [AsyncHttpClient-1-9] DEBUG org.asynchttpclient.netty.channel.ChannelManager - Closing Channel [id: 0xb61a6be3, L:/127.0.0.1:62916 - R:localhost/127.0.0.1:62910] 
12:03:57.342 [AsyncHttpClient-1-9] DEBUG org.asynchttpclient.netty.handler.HttpHandler - Channel Closed: [id: 0xb61a6be3, L:/127.0.0.1:62916 ! R:localhost/127.0.0.1:62910] with attribute DISCARD
12:03:57.359 [AsyncHttpClient-1-1] DEBUG org.asynchttpclient.netty.channel.DefaultChannelPool - Entry count for : http://localhost:62910 : 1
12:03:57.359 [AsyncHttpClient-1-1] DEBUG org.asynchttpclient.netty.channel.DefaultChannelPool - Adding Candidate expired Channel [id: 0xb61a6be3, L:/127.0.0.1:62916 ! R:localhost/127.0.0.1:62910] isIdleTimeoutExpired=false isRemotelyClosed=true isTtlExpired=false
12:03:57.359 [AsyncHttpClient-1-1] DEBUG org.asynchttpclient.netty.channel.DefaultChannelPool - Closing Idle Channel [id: 0xb61a6be3, L:/127.0.0.1:62916 ! R:localhost/127.0.0.1:62910]
12:03:57.359 [AsyncHttpClient-1-1] DEBUG org.asynchttpclient.netty.channel.DefaultChannelPool - Closed 1 connections out of 1 in 0 ms
12:03:57.365 [AsyncHttpClient-1-8] DEBUG org.asynchttpclient.netty.handler.HttpHandler - 

Request DefaultFullHttpRequest(decodeResult: success, version: HTTP/1.1, content: EmptyByteBufBE)
DELETE /session/d281158bd6d51ff66f8960879be9bf76 HTTP/1.1
User-Agent: selenium/4.8.1 (java windows)
Content-Type: application/json; charset=utf-8
host: localhost:42207
accept: */*

Response DefaultHttpResponse(decodeResult: success, version: HTTP/1.1)
HTTP/1.1 200 OK
Content-Length: 14
Content-Type: application/json; charset=utf-8
cache-control: no-cache

12:03:57.366 [AsyncHttpClient-1-8] DEBUG org.asynchttpclient.netty.channel.ChannelManager - Adding key: http://localhost:42207 for channel [id: 0xc7aa666f, L:/127.0.0.1:62909 - R:localhost/127.0.0.1:42207]
12:03:57.453 [AsyncHttpClient-1-8] DEBUG org.asynchttpclient.netty.handler.HttpHandler - Channel Closed: [id: 0xc7aa666f, L:/127.0.0.1:62909 ! R:localhost/127.0.0.1:42207] with attribute DISCARD
]]></system-out>
    <system-err><![CDATA[Starting ChromeDriver 112.0.5615.49 (bd2a7bcb881c11e8cfe3078709382934e3916914-refs/branch-heads/5615@{#936}) on port 42207
Only local connections are allowed.
Please see https://chromedriver.chromium.org/security-considerations for suggestions on keeping ChromeDriver safe.
ChromeDriver was started successfully.
May 05, 2023 12:03:45 PM org.openqa.selenium.devtools.CdpVersionFinder findNearestMatch
WARNING: Unable to find an exact match for CDP version 112, so returning the closest version found: 110
]]></system-err>
  </testcase>
  <testcase name="as a user I can buy the product" classname="login sepulsa #3" time="15.235">
    <error type="net.thucydides.core.webdriver.exceptions.ElementShouldBeEnabledException"><![CDATA[net.thucydides.core.webdriver.exceptions.ElementShouldBeEnabledException: Expected enabled element was not enabled
Caused by: org.openqa.selenium.TimeoutException: Expected condition failed: waiting for By.id: product_type_0 to be enabled (tried for 5 second(s) with 100 milliseconds interval)
Caused by: org.openqa.selenium.NoSuchElementException: 
no such element: Unable to locate element: {"method":"css selector","selector":"#product_type_0"}
  (Session info: chrome=112.0.5615.139)
For documentation on this error, please visit: https://selenium.dev/exceptions/#no_such_element
Build info: version: '4.8.1', revision: '8ebccac989'
System info: os.name: 'Windows 11', os.arch: 'amd64', os.version: '10.0', java.version: '19'
Driver info: org.openqa.selenium.chrome.ChromeDriver
Command: [53c39b7a80434c88722bbb78bdefedc4, findElement {using=id, value=product_type_0}]
Capabilities {acceptInsecureCerts: false, browserName: chrome, browserVersion: 112.0.5615.139, chrome: {chromedriverVersion: 112.0.5615.49 (bd2a7bcb881c..., userDataDir: C:\Users\WINDOW~1\AppData\L...}, goog:chromeOptions: {debuggerAddress: localhost:62954}, networkConnectionEnabled: false, pageLoadStrategy: normal, platformName: WINDOWS, proxy: Proxy(), se:cdp: ws://localhost:62954/devtoo..., se:cdpVersion: 112.0.5615.139, setWindowRect: true, strictFileInteractability: false, timeouts: {implicit: 0, pageLoad: 300000, script: 30000}, unhandledPromptBehavior: dismiss and notify, webauthn:extension:credBlob: true, webauthn:extension:largeBlob: true, webauthn:extension:minPinLength: true, webauthn:extension:prf: true, webauthn:virtualAuthenticators: true}
Session ID: 53c39b7a80434c88722bbb78bdefedc4
]]></error>
    <system-out><![CDATA[12:03:57.505 [main] DEBUG io.cucumber.core.plugin.SerenityReporter - Running feature from file:///C:/Users/WINDOWS%2011/IdeaProjects/Prioritas2-Web-Test/src/test/resources/features/product.feature
12:03:57.508 [main] DEBUG net.thucydides.core.steps.StepEventBus - Test suite started for story net.thucydides.core.model.Story@a9fab2b8
12:03:57.509 [main] INFO  - Test Suite Started: login sepulsa

@product @userC
Scenario: as a user I can buy the product &amp#27;[90m# src/test/resources/features/product.feature:4&amp#27;[0m
12:03:57.513 [main] DEBUG io.cucumber.core.plugin.SerenityReporter - Running feature from file:///C:/Users/WINDOWS%2011/IdeaProjects/Prioritas2-Web-Test/src/test/resources/features/product.feature
12:03:57.515 [main] INFO  - 
  _____   ___   ___   _____     ___   _____     _     ___   _____   ___   ___  
 |_   _| | __| / __| |_   _|   / __| |_   _|   /_\   | _ \ |_   _| | __| |   \ 
   | |   | _|  \__ \   | |     \__ \   | |    / _ \  |   /   | |   | _|  | |) |
   |_|   |___| |___/   |_|     |___/   |_|   /_/ \_\ |_|_\   |_|   |___| |___/ 

as a user I can buy the product(login-sepulsa;as-a-user-i-can-buy-the-product)
--------------------------------------------------------------------------------
12:03:57.607 [main] INFO net.serenitybdd.core.webdriver.driverproviders.ChromeDriverProvider - Starting Chrome driver instance with capabilities:
12:03:57.607 [main] INFO net.serenitybdd.core.webdriver.driverproviders.ChromeDriverProvider - Capabilities {acceptInsecureCerts: false, browserName: chrome, goog:chromeOptions: {args: [remote-allow-origins=*], extensions: []}}
12:03:57.700 [AsyncHttpClient-1-11] DEBUG org.asynchttpclient.netty.channel.NettyConnectListener - Using new Channel '[id: 0xf5df20d2, L:/127.0.0.1:62952 - R:localhost/127.0.0.1:33318]' for 'POST' to '/session'
12:03:58.475 [AsyncHttpClient-1-1] DEBUG org.asynchttpclient.netty.channel.DefaultChannelPool - Entry count for : http://localhost:42207 : 1
12:03:58.475 [AsyncHttpClient-1-1] DEBUG org.asynchttpclient.netty.channel.DefaultChannelPool - Adding Candidate expired Channel [id: 0xc7aa666f, L:/127.0.0.1:62909 ! R:localhost/127.0.0.1:42207] isIdleTimeoutExpired=false isRemotelyClosed=true isTtlExpired=false
12:03:58.475 [AsyncHttpClient-1-1] DEBUG org.asynchttpclient.netty.channel.DefaultChannelPool - Closing Idle Channel [id: 0xc7aa666f, L:/127.0.0.1:62909 ! R:localhost/127.0.0.1:42207]
12:03:58.475 [AsyncHttpClient-1-1] DEBUG org.asynchttpclient.netty.channel.DefaultChannelPool - Closed 1 connections out of 1 in 0 ms
12:03:59.415 [AsyncHttpClient-1-11] DEBUG org.asynchttpclient.netty.handler.HttpHandler - 

Request DefaultHttpRequest(decodeResult: success, version: HTTP/1.1)
POST /session HTTP/1.1
User-Agent: selenium/4.8.1 (java windows)
Content-Length: 507
Content-Type: application/json; charset=utf-8
host: localhost:33318
accept: */*

Response DefaultHttpResponse(decodeResult: success, version: HTTP/1.1)
HTTP/1.1 200 OK
Content-Length: 862
Content-Type: application/json; charset=utf-8
cache-control: no-cache

12:03:59.415 [AsyncHttpClient-1-11] DEBUG org.asynchttpclient.netty.channel.ChannelManager - Adding key: http://localhost:33318 for channel [id: 0xf5df20d2, L:/127.0.0.1:62952 - R:localhost/127.0.0.1:33318]
12:03:59.424 [AsyncHttpClient-1-12] DEBUG org.asynchttpclient.netty.channel.NettyConnectListener - Using new Channel '[id: 0xa3090f58, L:/127.0.0.1:62962 - R:localhost/127.0.0.1:62954]' for 'GET' to '/json/version'
12:03:59.427 [AsyncHttpClient-1-12] DEBUG org.asynchttpclient.netty.handler.HttpHandler - 

Request DefaultFullHttpRequest(decodeResult: success, version: HTTP/1.1, content: EmptyByteBufBE)
GET /json/version HTTP/1.1
User-Agent: selenium/4.8.1 (java windows)
host: localhost:62954
accept: */*

Response DefaultHttpResponse(decodeResult: success, version: HTTP/1.1)
HTTP/1.1 200 OK
Content-Security-Policy: frame-ancestors 'none'
Content-Length: 424
Content-Type: application/json; charset=UTF-8

12:03:59.427 [AsyncHttpClient-1-12] DEBUG org.asynchttpclient.netty.channel.ChannelManager - Adding key: http://localhost:62954 for channel [id: 0xa3090f58, L:/127.0.0.1:62962 - R:localhost/127.0.0.1:62954]
12:03:59.431 [AsyncHttpClient-1-13] DEBUG org.asynchttpclient.netty.channel.NettyConnectListener - Using new Channel '[id: 0x86b77a7d, L:/127.0.0.1:62963 - R:localhost/127.0.0.1:62954]' for 'GET' to '/devtools/browser/d9255c76-161b-4896-8001-c14cf7d8e646'
12:03:59.433 [AsyncHttpClient-1-13] DEBUG org.asynchttpclient.netty.handler.WebSocketHandler - 

Request DefaultFullHttpRequest(decodeResult: success, version: HTTP/1.1, content: EmptyByteBufBE)
GET /devtools/browser/d9255c76-161b-4896-8001-c14cf7d8e646 HTTP/1.1
upgrade: websocket
connection: upgrade
sec-websocket-key: OndQKITJkECSDGQTqmgHKg==
sec-websocket-version: 13
origin: http://localhost:62954
host: localhost:62954
accept: */*
user-agent: AHC/2.1

Response DefaultHttpResponse(decodeResult: success, version: HTTP/1.1)
HTTP/1.1 101 WebSocket Protocol Handshake
Upgrade: WebSocket
Connection: Upgrade
Sec-WebSocket-Accept: tCirP5CvFY/0bDhwKX+a+dYxtcI=

12:03:59.438 [Forwarding get on session 53c39b7a80434c88722bbb78bdefedc4 to remote] DEBUG org.asynchttpclient.netty.request.NettyRequestSender - Using pooled Channel '[id: 0xf5df20d2, L:/127.0.0.1:62952 - R:localhost/127.0.0.1:33318]' for 'POST' to 'http://localhost:33318/session/53c39b7a80434c88722bbb78bdefedc4/url'
12:03:59.438 [Forwarding get on session 53c39b7a80434c88722bbb78bdefedc4 to remote] DEBUG org.asynchttpclient.netty.request.NettyRequestSender - Using open Channel [id: 0xf5df20d2, L:/127.0.0.1:62952 - R:localhost/127.0.0.1:33318] for POST '/session/53c39b7a80434c88722bbb78bdefedc4/url'
12:03:59.557 [AsyncHttpClient-1-1] DEBUG org.asynchttpclient.netty.channel.DefaultChannelPool - Entry count for : http://localhost:62954 : 1
12:04:00.661 [AsyncHttpClient-1-1] DEBUG org.asynchttpclient.netty.channel.DefaultChannelPool - Entry count for : http://localhost:62954 : 1
12:04:01.293 [AsyncHttpClient-1-11] DEBUG org.asynchttpclient.netty.handler.HttpHandler - 

Request DefaultHttpRequest(decodeResult: success, version: HTTP/1.1)
POST /session/53c39b7a80434c88722bbb78bdefedc4/url HTTP/1.1
User-Agent: selenium/4.8.1 (java windows)
Content-Length: 54
Content-Type: application/json; charset=utf-8
host: localhost:33318
accept: */*

Response DefaultHttpResponse(decodeResult: success, version: HTTP/1.1)
HTTP/1.1 200 OK
Content-Length: 14
Content-Type: application/json; charset=utf-8
cache-control: no-cache

12:04:01.294 [AsyncHttpClient-1-11] DEBUG org.asynchttpclient.netty.channel.ChannelManager - Adding key: http://localhost:33318 for channel [id: 0xf5df20d2, L:/127.0.0.1:62952 - R:localhost/127.0.0.1:33318]
12:04:01.296 [Forwarding setTimeout on session 53c39b7a80434c88722bbb78bdefedc4 to remote] DEBUG org.asynchttpclient.netty.request.NettyRequestSender - Using pooled Channel '[id: 0xf5df20d2, L:/127.0.0.1:62952 - R:localhost/127.0.0.1:33318]' for 'POST' to 'http://localhost:33318/session/53c39b7a80434c88722bbb78bdefedc4/timeouts'
12:04:01.296 [Forwarding setTimeout on session 53c39b7a80434c88722bbb78bdefedc4 to remote] DEBUG org.asynchttpclient.netty.request.NettyRequestSender - Using open Channel [id: 0xf5df20d2, L:/127.0.0.1:62952 - R:localhost/127.0.0.1:33318] for POST '/session/53c39b7a80434c88722bbb78bdefedc4/timeouts'
12:04:01.298 [AsyncHttpClient-1-11] DEBUG org.asynchttpclient.netty.handler.HttpHandler - 

Request DefaultHttpRequest(decodeResult: success, version: HTTP/1.1)
POST /session/53c39b7a80434c88722bbb78bdefedc4/timeouts HTTP/1.1
User-Agent: selenium/4.8.1 (java windows)
Content-Length: 22
Content-Type: application/json; charset=utf-8
host: localhost:33318
accept: */*

Response DefaultHttpResponse(decodeResult: success, version: HTTP/1.1)
HTTP/1.1 200 OK
Content-Length: 14
Content-Type: application/json; charset=utf-8
cache-control: no-cache

12:04:01.299 [AsyncHttpClient-1-11] DEBUG org.asynchttpclient.netty.channel.ChannelManager - Adding key: http://localhost:33318 for channel [id: 0xf5df20d2, L:/127.0.0.1:62952 - R:localhost/127.0.0.1:33318]
12:04:01.308 [main] DEBUG net.serenitybdd.core.photography.Darkroom - Opening darkroom
12:04:01.308 [Darkroom Processing Line] DEBUG net.serenitybdd.core.photography.DarkroomProcessingLine - Darkroom processing line starting up
12:04:01.309 [Forwarding getAlertText on session 53c39b7a80434c88722bbb78bdefedc4 to remote] DEBUG org.asynchttpclient.netty.request.NettyRequestSender - Using pooled Channel '[id: 0xf5df20d2, L:/127.0.0.1:62952 - R:localhost/127.0.0.1:33318]' for 'GET' to 'http://localhost:33318/session/53c39b7a80434c88722bbb78bdefedc4/alert/text'
12:04:01.309 [Forwarding getAlertText on session 53c39b7a80434c88722bbb78bdefedc4 to remote] DEBUG org.asynchttpclient.netty.request.NettyRequestSender - Using open Channel [id: 0xf5df20d2, L:/127.0.0.1:62952 - R:localhost/127.0.0.1:33318] for GET '/session/53c39b7a80434c88722bbb78bdefedc4/alert/text'
12:04:01.311 [AsyncHttpClient-1-11] DEBUG org.asynchttpclient.netty.handler.HttpHandler - 

Request DefaultFullHttpRequest(decodeResult: success, version: HTTP/1.1, content: EmptyByteBufBE)
GET /session/53c39b7a80434c88722bbb78bdefedc4/alert/text HTTP/1.1
User-Agent: selenium/4.8.1 (java windows)
Cache-Control: no-cache
Content-Type: application/json; charset=utf-8
host: localhost:33318
accept: */*

Response DefaultHttpResponse(decodeResult: success, version: HTTP/1.1)
HTTP/1.1 404 Not Found
Content-Length: 821
Content-Type: application/json; charset=utf-8
cache-control: no-cache

12:04:01.311 [AsyncHttpClient-1-11] DEBUG org.asynchttpclient.netty.channel.ChannelManager - Adding key: http://localhost:33318 for channel [id: 0xf5df20d2, L:/127.0.0.1:62952 - R:localhost/127.0.0.1:33318]
12:04:01.312 [Forwarding getCurrentUrl on session 53c39b7a80434c88722bbb78bdefedc4 to remote] DEBUG org.asynchttpclient.netty.request.NettyRequestSender - Using pooled Channel '[id: 0xf5df20d2, L:/127.0.0.1:62952 - R:localhost/127.0.0.1:33318]' for 'GET' to 'http://localhost:33318/session/53c39b7a80434c88722bbb78bdefedc4/url'
12:04:01.312 [Forwarding getCurrentUrl on session 53c39b7a80434c88722bbb78bdefedc4 to remote] DEBUG org.asynchttpclient.netty.request.NettyRequestSender - Using open Channel [id: 0xf5df20d2, L:/127.0.0.1:62952 - R:localhost/127.0.0.1:33318] for GET '/session/53c39b7a80434c88722bbb78bdefedc4/url'
12:04:01.318 [AsyncHttpClient-1-11] DEBUG org.asynchttpclient.netty.handler.HttpHandler - 

Request DefaultFullHttpRequest(decodeResult: success, version: HTTP/1.1, content: EmptyByteBufBE)
GET /session/53c39b7a80434c88722bbb78bdefedc4/url HTTP/1.1
User-Agent: selenium/4.8.1 (java windows)
Cache-Control: no-cache
Content-Type: application/json; charset=utf-8
host: localhost:33318
accept: */*

Response DefaultHttpResponse(decodeResult: success, version: HTTP/1.1)
HTTP/1.1 200 OK
Content-Length: 36
Content-Type: application/json; charset=utf-8
cache-control: no-cache

12:04:01.318 [AsyncHttpClient-1-11] DEBUG org.asynchttpclient.netty.channel.ChannelManager - Adding key: http://localhost:33318 for channel [id: 0xf5df20d2, L:/127.0.0.1:62952 - R:localhost/127.0.0.1:33318]
12:04:01.319 [Forwarding screenshot on session 53c39b7a80434c88722bbb78bdefedc4 to remote] DEBUG org.asynchttpclient.netty.request.NettyRequestSender - Using pooled Channel '[id: 0xf5df20d2, L:/127.0.0.1:62952 - R:localhost/127.0.0.1:33318]' for 'GET' to 'http://localhost:33318/session/53c39b7a80434c88722bbb78bdefedc4/screenshot'
12:04:01.319 [Forwarding screenshot on session 53c39b7a80434c88722bbb78bdefedc4 to remote] DEBUG org.asynchttpclient.netty.request.NettyRequestSender - Using open Channel [id: 0xf5df20d2, L:/127.0.0.1:62952 - R:localhost/127.0.0.1:33318] for GET '/session/53c39b7a80434c88722bbb78bdefedc4/screenshot'
12:04:01.463 [AsyncHttpClient-1-11] DEBUG org.asynchttpclient.netty.handler.HttpHandler - 

Request DefaultFullHttpRequest(decodeResult: success, version: HTTP/1.1, content: EmptyByteBufBE)
GET /session/53c39b7a80434c88722bbb78bdefedc4/screenshot HTTP/1.1
User-Agent: selenium/4.8.1 (java windows)
Cache-Control: no-cache
Content-Type: application/json; charset=utf-8
host: localhost:33318
accept: */*

Response DefaultHttpResponse(decodeResult: success, version: HTTP/1.1)
HTTP/1.1 200 OK
Content-Length: 369120
Content-Type: application/json; charset=utf-8
cache-control: no-cache

12:04:01.464 [AsyncHttpClient-1-11] DEBUG org.asynchttpclient.netty.channel.ChannelManager - Adding key: http://localhost:33318 for channel [id: 0xf5df20d2, L:/127.0.0.1:62952 - R:localhost/127.0.0.1:33318]
12:04:01.471 [main] DEBUG net.serenitybdd.core.photography.Darkroom - Send negative for processing for target\site\serenity\8c230bb6a25a5b7726ed4fb047f964aeed79359b86308e4d62870cc5f53f89f6.png
12:04:01.473 [Forwarding getPageSource on session 53c39b7a80434c88722bbb78bdefedc4 to remote] DEBUG org.asynchttpclient.netty.request.NettyRequestSender - Using pooled Channel '[id: 0xf5df20d2, L:/127.0.0.1:62952 - R:localhost/127.0.0.1:33318]' for 'POST' to 'http://localhost:33318/session/53c39b7a80434c88722bbb78bdefedc4/execute/sync'
12:04:01.473 [Forwarding getPageSource on session 53c39b7a80434c88722bbb78bdefedc4 to remote] DEBUG org.asynchttpclient.netty.request.NettyRequestSender - Using open Channel [id: 0xf5df20d2, L:/127.0.0.1:62952 - R:localhost/127.0.0.1:33318] for POST '/session/53c39b7a80434c88722bbb78bdefedc4/execute/sync'
12:04:01.489 [AsyncHttpClient-1-11] DEBUG org.asynchttpclient.netty.handler.HttpHandler - 

Request DefaultHttpRequest(decodeResult: success, version: HTTP/1.1)
POST /session/53c39b7a80434c88722bbb78bdefedc4/execute/sync HTTP/1.1
User-Agent: selenium/4.8.1 (java windows)
Content-Length: 176
Content-Type: application/json; charset=utf-8
host: localhost:33318
accept: */*

Response DefaultHttpResponse(decodeResult: success, version: HTTP/1.1)
HTTP/1.1 200 OK
Content-Length: 176993
Content-Type: application/json; charset=utf-8
cache-control: no-cache

12:04:01.490 [AsyncHttpClient-1-11] DEBUG org.asynchttpclient.netty.channel.ChannelManager - Adding key: http://localhost:33318 for channel [id: 0xf5df20d2, L:/127.0.0.1:62952 - R:localhost/127.0.0.1:33318]
12:04:01.505 [Forwarding getCurrentUrl on session 53c39b7a80434c88722bbb78bdefedc4 to remote] DEBUG org.asynchttpclient.netty.request.NettyRequestSender - Using pooled Channel '[id: 0xf5df20d2, L:/127.0.0.1:62952 - R:localhost/127.0.0.1:33318]' for 'GET' to 'http://localhost:33318/session/53c39b7a80434c88722bbb78bdefedc4/url'
12:04:01.505 [Forwarding getCurrentUrl on session 53c39b7a80434c88722bbb78bdefedc4 to remote] DEBUG org.asynchttpclient.netty.request.NettyRequestSender - Using open Channel [id: 0xf5df20d2, L:/127.0.0.1:62952 - R:localhost/127.0.0.1:33318] for GET '/session/53c39b7a80434c88722bbb78bdefedc4/url'
12:04:01.511 [AsyncHttpClient-1-11] DEBUG org.asynchttpclient.netty.handler.HttpHandler - 

Request DefaultFullHttpRequest(decodeResult: success, version: HTTP/1.1, content: EmptyByteBufBE)
GET /session/53c39b7a80434c88722bbb78bdefedc4/url HTTP/1.1
User-Agent: selenium/4.8.1 (java windows)
Cache-Control: no-cache
Content-Type: application/json; charset=utf-8
host: localhost:33318
accept: */*

Response DefaultHttpResponse(decodeResult: success, version: HTTP/1.1)
HTTP/1.1 200 OK
Content-Length: 36
Content-Type: application/json; charset=utf-8
cache-control: no-cache

12:04:01.511 [AsyncHttpClient-1-11] DEBUG org.asynchttpclient.netty.channel.ChannelManager - Adding key: http://localhost:33318 for channel [id: 0xf5df20d2, L:/127.0.0.1:62952 - R:localhost/127.0.0.1:33318]
12:04:01.513 [main] DEBUG net.thucydides.core.steps.StepInterceptor - STARTING STEP: LoginSteps.onTheLoginPage - validateOnTheLoginPage
12:04:01.515 [Forwarding findElement on session 53c39b7a80434c88722bbb78bdefedc4 to remote] DEBUG org.asynchttpclient.netty.request.NettyRequestSender - Using pooled Channel '[id: 0xf5df20d2, L:/127.0.0.1:62952 - R:localhost/127.0.0.1:33318]' for 'POST' to 'http://localhost:33318/session/53c39b7a80434c88722bbb78bdefedc4/element'
12:04:01.515 [Forwarding findElement on session 53c39b7a80434c88722bbb78bdefedc4 to remote] DEBUG org.asynchttpclient.netty.request.NettyRequestSender - Using open Channel [id: 0xf5df20d2, L:/127.0.0.1:62952 - R:localhost/127.0.0.1:33318] for POST '/session/53c39b7a80434c88722bbb78bdefedc4/element'
12:04:01.529 [AsyncHttpClient-1-11] DEBUG org.asynchttpclient.netty.handler.HttpHandler - 

Request DefaultHttpRequest(decodeResult: success, version: HTTP/1.1)
POST /session/53c39b7a80434c88722bbb78bdefedc4/element HTTP/1.1
User-Agent: selenium/4.8.1 (java windows)
Content-Length: 63
Content-Type: application/json; charset=utf-8
host: localhost:33318
accept: */*

Response DefaultHttpResponse(decodeResult: success, version: HTTP/1.1)
HTTP/1.1 200 OK
Content-Length: 88
Content-Type: application/json; charset=utf-8
cache-control: no-cache

12:04:01.530 [AsyncHttpClient-1-11] DEBUG org.asynchttpclient.netty.channel.ChannelManager - Adding key: http://localhost:33318 for channel [id: 0xf5df20d2, L:/127.0.0.1:62952 - R:localhost/127.0.0.1:33318]
12:04:01.532 [Forwarding isElementDisplayed on session 53c39b7a80434c88722bbb78bdefedc4 to remote] DEBUG org.asynchttpclient.netty.request.NettyRequestSender - Using pooled Channel '[id: 0xf5df20d2, L:/127.0.0.1:62952 - R:localhost/127.0.0.1:33318]' for 'POST' to 'http://localhost:33318/session/53c39b7a80434c88722bbb78bdefedc4/execute/sync'
12:04:01.532 [Forwarding isElementDisplayed on session 53c39b7a80434c88722bbb78bdefedc4 to remote] DEBUG org.asynchttpclient.netty.request.NettyRequestSender - Using open Channel [id: 0xf5df20d2, L:/127.0.0.1:62952 - R:localhost/127.0.0.1:33318] for POST '/session/53c39b7a80434c88722bbb78bdefedc4/execute/sync'
12:04:01.547 [AsyncHttpClient-1-11] DEBUG org.asynchttpclient.netty.handler.HttpHandler - 

Request DefaultHttpRequest(decodeResult: success, version: HTTP/1.1)
POST /session/53c39b7a80434c88722bbb78bdefedc4/execute/sync HTTP/1.1
User-Agent: selenium/4.8.1 (java windows)
Content-Length: 48807
Content-Type: application/json; charset=utf-8
host: localhost:33318
accept: */*

Response DefaultHttpResponse(decodeResult: success, version: HTTP/1.1)
HTTP/1.1 200 OK
Content-Length: 14
Content-Type: application/json; charset=utf-8
cache-control: no-cache

12:04:01.547 [AsyncHttpClient-1-11] DEBUG org.asynchttpclient.netty.channel.ChannelManager - Adding key: http://localhost:33318 for channel [id: 0xf5df20d2, L:/127.0.0.1:62952 - R:localhost/127.0.0.1:33318]
12:04:01.551 [Forwarding getAlertText on session 53c39b7a80434c88722bbb78bdefedc4 to remote] DEBUG org.asynchttpclient.netty.request.NettyRequestSender - Using pooled Channel '[id: 0xf5df20d2, L:/127.0.0.1:62952 - R:localhost/127.0.0.1:33318]' for 'GET' to 'http://localhost:33318/session/53c39b7a80434c88722bbb78bdefedc4/alert/text'
12:04:01.551 [Forwarding getAlertText on session 53c39b7a80434c88722bbb78bdefedc4 to remote] DEBUG org.asynchttpclient.netty.request.NettyRequestSender - Using open Channel [id: 0xf5df20d2, L:/127.0.0.1:62952 - R:localhost/127.0.0.1:33318] for GET '/session/53c39b7a80434c88722bbb78bdefedc4/alert/text'
12:04:01.553 [AsyncHttpClient-1-11] DEBUG org.asynchttpclient.netty.handler.HttpHandler - 

Request DefaultFullHttpRequest(decodeResult: success, version: HTTP/1.1, content: EmptyByteBufBE)
GET /session/53c39b7a80434c88722bbb78bdefedc4/alert/text HTTP/1.1
User-Agent: selenium/4.8.1 (java windows)
Cache-Control: no-cache
Content-Type: application/json; charset=utf-8
host: localhost:33318
accept: */*

Response DefaultHttpResponse(decodeResult: success, version: HTTP/1.1)
HTTP/1.1 404 Not Found
Content-Length: 821
Content-Type: application/json; charset=utf-8
cache-control: no-cache

12:04:01.554 [AsyncHttpClient-1-11] DEBUG org.asynchttpclient.netty.channel.ChannelManager - Adding key: http://localhost:33318 for channel [id: 0xf5df20d2, L:/127.0.0.1:62952 - R:localhost/127.0.0.1:33318]
12:04:01.555 [Forwarding getCurrentUrl on session 53c39b7a80434c88722bbb78bdefedc4 to remote] DEBUG org.asynchttpclient.netty.request.NettyRequestSender - Using pooled Channel '[id: 0xf5df20d2, L:/127.0.0.1:62952 - R:localhost/127.0.0.1:33318]' for 'GET' to 'http://localhost:33318/session/53c39b7a80434c88722bbb78bdefedc4/url'
12:04:01.555 [Forwarding getCurrentUrl on session 53c39b7a80434c88722bbb78bdefedc4 to remote] DEBUG org.asynchttpclient.netty.request.NettyRequestSender - Using open Channel [id: 0xf5df20d2, L:/127.0.0.1:62952 - R:localhost/127.0.0.1:33318] for GET '/session/53c39b7a80434c88722bbb78bdefedc4/url'
12:04:01.559 [AsyncHttpClient-1-11] DEBUG org.asynchttpclient.netty.handler.HttpHandler - 

Request DefaultFullHttpRequest(decodeResult: success, version: HTTP/1.1, content: EmptyByteBufBE)
GET /session/53c39b7a80434c88722bbb78bdefedc4/url HTTP/1.1
User-Agent: selenium/4.8.1 (java windows)
Cache-Control: no-cache
Content-Type: application/json; charset=utf-8
host: localhost:33318
accept: */*

Response DefaultHttpResponse(decodeResult: success, version: HTTP/1.1)
HTTP/1.1 200 OK
Content-Length: 36
Content-Type: application/json; charset=utf-8
cache-control: no-cache

12:04:01.559 [AsyncHttpClient-1-11] DEBUG org.asynchttpclient.netty.channel.ChannelManager - Adding key: http://localhost:33318 for channel [id: 0xf5df20d2, L:/127.0.0.1:62952 - R:localhost/127.0.0.1:33318]
12:04:01.560 [Forwarding screenshot on session 53c39b7a80434c88722bbb78bdefedc4 to remote] DEBUG org.asynchttpclient.netty.request.NettyRequestSender - Using pooled Channel '[id: 0xf5df20d2, L:/127.0.0.1:62952 - R:localhost/127.0.0.1:33318]' for 'GET' to 'http://localhost:33318/session/53c39b7a80434c88722bbb78bdefedc4/screenshot'
12:04:01.560 [Forwarding screenshot on session 53c39b7a80434c88722bbb78bdefedc4 to remote] DEBUG org.asynchttpclient.netty.request.NettyRequestSender - Using open Channel [id: 0xf5df20d2, L:/127.0.0.1:62952 - R:localhost/127.0.0.1:33318] for GET '/session/53c39b7a80434c88722bbb78bdefedc4/screenshot'
12:04:01.704 [AsyncHttpClient-1-11] DEBUG org.asynchttpclient.netty.handler.HttpHandler - 

Request DefaultFullHttpRequest(decodeResult: success, version: HTTP/1.1, content: EmptyByteBufBE)
GET /session/53c39b7a80434c88722bbb78bdefedc4/screenshot HTTP/1.1
User-Agent: selenium/4.8.1 (java windows)
Cache-Control: no-cache
Content-Type: application/json; charset=utf-8
host: localhost:33318
accept: */*

Response DefaultHttpResponse(decodeResult: success, version: HTTP/1.1)
HTTP/1.1 200 OK
Content-Length: 369120
Content-Type: application/json; charset=utf-8
cache-control: no-cache

12:04:01.705 [AsyncHttpClient-1-11] DEBUG org.asynchttpclient.netty.channel.ChannelManager - Adding key: http://localhost:33318 for channel [id: 0xf5df20d2, L:/127.0.0.1:62952 - R:localhost/127.0.0.1:33318]
12:04:01.712 [main] DEBUG net.serenitybdd.core.photography.Darkroom - Send negative for processing for target\site\serenity\8c230bb6a25a5b7726ed4fb047f964aeed79359b86308e4d62870cc5f53f89f6.png
12:04:01.712 [main] DEBUG net.thucydides.core.steps.StepInterceptor - STEP DONE: validateOnTheLoginPage
  &amp#27;[32mGiven &amp#27;[0m&amp#27;[32mI am on the login page&amp#27;[0m            &amp#27;[90m# starter.stepdefinitions.LoginSteps.onTheLoginPage()&amp#27;[0m
12:04:01.720 [Forwarding getPageSource on session 53c39b7a80434c88722bbb78bdefedc4 to remote] DEBUG org.asynchttpclient.netty.request.NettyRequestSender - Using pooled Channel '[id: 0xf5df20d2, L:/127.0.0.1:62952 - R:localhost/127.0.0.1:33318]' for 'POST' to 'http://localhost:33318/session/53c39b7a80434c88722bbb78bdefedc4/execute/sync'
12:04:01.720 [Forwarding getPageSource on session 53c39b7a80434c88722bbb78bdefedc4 to remote] DEBUG org.asynchttpclient.netty.request.NettyRequestSender - Using open Channel [id: 0xf5df20d2, L:/127.0.0.1:62952 - R:localhost/127.0.0.1:33318] for POST '/session/53c39b7a80434c88722bbb78bdefedc4/execute/sync'
12:04:01.738 [AsyncHttpClient-1-11] DEBUG org.asynchttpclient.netty.handler.HttpHandler - 

Request DefaultHttpRequest(decodeResult: success, version: HTTP/1.1)
POST /session/53c39b7a80434c88722bbb78bdefedc4/execute/sync HTTP/1.1
User-Agent: selenium/4.8.1 (java windows)
Content-Length: 176
Content-Type: application/json; charset=utf-8
host: localhost:33318
accept: */*

Response DefaultHttpResponse(decodeResult: success, version: HTTP/1.1)
HTTP/1.1 200 OK
Content-Length: 176993
Content-Type: application/json; charset=utf-8
cache-control: no-cache

12:04:01.738 [AsyncHttpClient-1-11] DEBUG org.asynchttpclient.netty.channel.ChannelManager - Adding key: http://localhost:33318 for channel [id: 0xf5df20d2, L:/127.0.0.1:62952 - R:localhost/127.0.0.1:33318]
12:04:01.750 [Forwarding getCurrentUrl on session 53c39b7a80434c88722bbb78bdefedc4 to remote] DEBUG org.asynchttpclient.netty.request.NettyRequestSender - Using pooled Channel '[id: 0xf5df20d2, L:/127.0.0.1:62952 - R:localhost/127.0.0.1:33318]' for 'GET' to 'http://localhost:33318/session/53c39b7a80434c88722bbb78bdefedc4/url'
12:04:01.750 [Forwarding getCurrentUrl on session 53c39b7a80434c88722bbb78bdefedc4 to remote] DEBUG org.asynchttpclient.netty.request.NettyRequestSender - Using open Channel [id: 0xf5df20d2, L:/127.0.0.1:62952 - R:localhost/127.0.0.1:33318] for GET '/session/53c39b7a80434c88722bbb78bdefedc4/url'
12:04:01.755 [AsyncHttpClient-1-1] DEBUG org.asynchttpclient.netty.channel.DefaultChannelPool - Entry count for : http://localhost:62954 : 1
12:04:01.757 [AsyncHttpClient-1-11] DEBUG org.asynchttpclient.netty.handler.HttpHandler - 

Request DefaultFullHttpRequest(decodeResult: success, version: HTTP/1.1, content: EmptyByteBufBE)
GET /session/53c39b7a80434c88722bbb78bdefedc4/url HTTP/1.1
User-Agent: selenium/4.8.1 (java windows)
Cache-Control: no-cache
Content-Type: application/json; charset=utf-8
host: localhost:33318
accept: */*

Response DefaultHttpResponse(decodeResult: success, version: HTTP/1.1)
HTTP/1.1 200 OK
Content-Length: 36
Content-Type: application/json; charset=utf-8
cache-control: no-cache

12:04:01.758 [AsyncHttpClient-1-11] DEBUG org.asynchttpclient.netty.channel.ChannelManager - Adding key: http://localhost:33318 for channel [id: 0xf5df20d2, L:/127.0.0.1:62952 - R:localhost/127.0.0.1:33318]
12:04:01.766 [Forwarding getAlertText on session 53c39b7a80434c88722bbb78bdefedc4 to remote] DEBUG org.asynchttpclient.netty.request.NettyRequestSender - Using pooled Channel '[id: 0xf5df20d2, L:/127.0.0.1:62952 - R:localhost/127.0.0.1:33318]' for 'GET' to 'http://localhost:33318/session/53c39b7a80434c88722bbb78bdefedc4/alert/text'
12:04:01.766 [Forwarding getAlertText on session 53c39b7a80434c88722bbb78bdefedc4 to remote] DEBUG org.asynchttpclient.netty.request.NettyRequestSender - Using open Channel [id: 0xf5df20d2, L:/127.0.0.1:62952 - R:localhost/127.0.0.1:33318] for GET '/session/53c39b7a80434c88722bbb78bdefedc4/alert/text'
12:04:01.769 [AsyncHttpClient-1-11] DEBUG org.asynchttpclient.netty.handler.HttpHandler - 

Request DefaultFullHttpRequest(decodeResult: success, version: HTTP/1.1, content: EmptyByteBufBE)
GET /session/53c39b7a80434c88722bbb78bdefedc4/alert/text HTTP/1.1
User-Agent: selenium/4.8.1 (java windows)
Cache-Control: no-cache
Content-Type: application/json; charset=utf-8
host: localhost:33318
accept: */*

Response DefaultHttpResponse(decodeResult: success, version: HTTP/1.1)
HTTP/1.1 404 Not Found
Content-Length: 821
Content-Type: application/json; charset=utf-8
cache-control: no-cache

12:04:01.769 [AsyncHttpClient-1-11] DEBUG org.asynchttpclient.netty.channel.ChannelManager - Adding key: http://localhost:33318 for channel [id: 0xf5df20d2, L:/127.0.0.1:62952 - R:localhost/127.0.0.1:33318]
12:04:01.770 [Forwarding getCurrentUrl on session 53c39b7a80434c88722bbb78bdefedc4 to remote] DEBUG org.asynchttpclient.netty.request.NettyRequestSender - Using pooled Channel '[id: 0xf5df20d2, L:/127.0.0.1:62952 - R:localhost/127.0.0.1:33318]' for 'GET' to 'http://localhost:33318/session/53c39b7a80434c88722bbb78bdefedc4/url'
12:04:01.770 [Forwarding getCurrentUrl on session 53c39b7a80434c88722bbb78bdefedc4 to remote] DEBUG org.asynchttpclient.netty.request.NettyRequestSender - Using open Channel [id: 0xf5df20d2, L:/127.0.0.1:62952 - R:localhost/127.0.0.1:33318] for GET '/session/53c39b7a80434c88722bbb78bdefedc4/url'
12:04:01.775 [AsyncHttpClient-1-11] DEBUG org.asynchttpclient.netty.handler.HttpHandler - 

Request DefaultFullHttpRequest(decodeResult: success, version: HTTP/1.1, content: EmptyByteBufBE)
GET /session/53c39b7a80434c88722bbb78bdefedc4/url HTTP/1.1
User-Agent: selenium/4.8.1 (java windows)
Cache-Control: no-cache
Content-Type: application/json; charset=utf-8
host: localhost:33318
accept: */*

Response DefaultHttpResponse(decodeResult: success, version: HTTP/1.1)
HTTP/1.1 200 OK
Content-Length: 36
Content-Type: application/json; charset=utf-8
cache-control: no-cache

12:04:01.775 [AsyncHttpClient-1-11] DEBUG org.asynchttpclient.netty.channel.ChannelManager - Adding key: http://localhost:33318 for channel [id: 0xf5df20d2, L:/127.0.0.1:62952 - R:localhost/127.0.0.1:33318]
12:04:01.776 [Forwarding screenshot on session 53c39b7a80434c88722bbb78bdefedc4 to remote] DEBUG org.asynchttpclient.netty.request.NettyRequestSender - Using pooled Channel '[id: 0xf5df20d2, L:/127.0.0.1:62952 - R:localhost/127.0.0.1:33318]' for 'GET' to 'http://localhost:33318/session/53c39b7a80434c88722bbb78bdefedc4/screenshot'
12:04:01.776 [Forwarding screenshot on session 53c39b7a80434c88722bbb78bdefedc4 to remote] DEBUG org.asynchttpclient.netty.request.NettyRequestSender - Using open Channel [id: 0xf5df20d2, L:/127.0.0.1:62952 - R:localhost/127.0.0.1:33318] for GET '/session/53c39b7a80434c88722bbb78bdefedc4/screenshot'
12:04:01.925 [AsyncHttpClient-1-11] DEBUG org.asynchttpclient.netty.handler.HttpHandler - 

Request DefaultFullHttpRequest(decodeResult: success, version: HTTP/1.1, content: EmptyByteBufBE)
GET /session/53c39b7a80434c88722bbb78bdefedc4/screenshot HTTP/1.1
User-Agent: selenium/4.8.1 (java windows)
Cache-Control: no-cache
Content-Type: application/json; charset=utf-8
host: localhost:33318
accept: */*

Response DefaultHttpResponse(decodeResult: success, version: HTTP/1.1)
HTTP/1.1 200 OK
Content-Length: 369120
Content-Type: application/json; charset=utf-8
cache-control: no-cache

12:04:01.926 [AsyncHttpClient-1-11] DEBUG org.asynchttpclient.netty.channel.ChannelManager - Adding key: http://localhost:33318 for channel [id: 0xf5df20d2, L:/127.0.0.1:62952 - R:localhost/127.0.0.1:33318]
12:04:01.936 [main] DEBUG net.serenitybdd.core.photography.Darkroom - Send negative for processing for target\site\serenity\8c230bb6a25a5b7726ed4fb047f964aeed79359b86308e4d62870cc5f53f89f6.png
12:04:01.937 [Forwarding getPageSource on session 53c39b7a80434c88722bbb78bdefedc4 to remote] DEBUG org.asynchttpclient.netty.request.NettyRequestSender - Using pooled Channel '[id: 0xf5df20d2, L:/127.0.0.1:62952 - R:localhost/127.0.0.1:33318]' for 'POST' to 'http://localhost:33318/session/53c39b7a80434c88722bbb78bdefedc4/execute/sync'
12:04:01.937 [Forwarding getPageSource on session 53c39b7a80434c88722bbb78bdefedc4 to remote] DEBUG org.asynchttpclient.netty.request.NettyRequestSender - Using open Channel [id: 0xf5df20d2, L:/127.0.0.1:62952 - R:localhost/127.0.0.1:33318] for POST '/session/53c39b7a80434c88722bbb78bdefedc4/execute/sync'
12:04:01.959 [AsyncHttpClient-1-11] DEBUG org.asynchttpclient.netty.handler.HttpHandler - 

Request DefaultHttpRequest(decodeResult: success, version: HTTP/1.1)
POST /session/53c39b7a80434c88722bbb78bdefedc4/execute/sync HTTP/1.1
User-Agent: selenium/4.8.1 (java windows)
Content-Length: 176
Content-Type: application/json; charset=utf-8
host: localhost:33318
accept: */*

Response DefaultHttpResponse(decodeResult: success, version: HTTP/1.1)
HTTP/1.1 200 OK
Content-Length: 176993
Content-Type: application/json; charset=utf-8
cache-control: no-cache

12:04:01.960 [AsyncHttpClient-1-11] DEBUG org.asynchttpclient.netty.channel.ChannelManager - Adding key: http://localhost:33318 for channel [id: 0xf5df20d2, L:/127.0.0.1:62952 - R:localhost/127.0.0.1:33318]
12:04:01.970 [Forwarding getCurrentUrl on session 53c39b7a80434c88722bbb78bdefedc4 to remote] DEBUG org.asynchttpclient.netty.request.NettyRequestSender - Using pooled Channel '[id: 0xf5df20d2, L:/127.0.0.1:62952 - R:localhost/127.0.0.1:33318]' for 'GET' to 'http://localhost:33318/session/53c39b7a80434c88722bbb78bdefedc4/url'
12:04:01.972 [Forwarding getCurrentUrl on session 53c39b7a80434c88722bbb78bdefedc4 to remote] DEBUG org.asynchttpclient.netty.request.NettyRequestSender - Using open Channel [id: 0xf5df20d2, L:/127.0.0.1:62952 - R:localhost/127.0.0.1:33318] for GET '/session/53c39b7a80434c88722bbb78bdefedc4/url'
12:04:01.976 [AsyncHttpClient-1-11] DEBUG org.asynchttpclient.netty.handler.HttpHandler - 

Request DefaultFullHttpRequest(decodeResult: success, version: HTTP/1.1, content: EmptyByteBufBE)
GET /session/53c39b7a80434c88722bbb78bdefedc4/url HTTP/1.1
User-Agent: selenium/4.8.1 (java windows)
Cache-Control: no-cache
Content-Type: application/json; charset=utf-8
host: localhost:33318
accept: */*

Response DefaultHttpResponse(decodeResult: success, version: HTTP/1.1)
HTTP/1.1 200 OK
Content-Length: 36
Content-Type: application/json; charset=utf-8
cache-control: no-cache

12:04:01.976 [AsyncHttpClient-1-11] DEBUG org.asynchttpclient.netty.channel.ChannelManager - Adding key: http://localhost:33318 for channel [id: 0xf5df20d2, L:/127.0.0.1:62952 - R:localhost/127.0.0.1:33318]
12:04:01.978 [main] DEBUG net.thucydides.core.steps.StepInterceptor - STARTING STEP: LoginSteps.doClickMasukButton - clickMasukLogin
12:04:01.980 [Forwarding findElement on session 53c39b7a80434c88722bbb78bdefedc4 to remote] DEBUG org.asynchttpclient.netty.request.NettyRequestSender - Using pooled Channel '[id: 0xf5df20d2, L:/127.0.0.1:62952 - R:localhost/127.0.0.1:33318]' for 'POST' to 'http://localhost:33318/session/53c39b7a80434c88722bbb78bdefedc4/element'
12:04:01.980 [Forwarding findElement on session 53c39b7a80434c88722bbb78bdefedc4 to remote] DEBUG org.asynchttpclient.netty.request.NettyRequestSender - Using open Channel [id: 0xf5df20d2, L:/127.0.0.1:62952 - R:localhost/127.0.0.1:33318] for POST '/session/53c39b7a80434c88722bbb78bdefedc4/element'
12:04:01.988 [AsyncHttpClient-1-11] DEBUG org.asynchttpclient.netty.handler.HttpHandler - 

Request DefaultHttpRequest(decodeResult: success, version: HTTP/1.1)
POST /session/53c39b7a80434c88722bbb78bdefedc4/element HTTP/1.1
User-Agent: selenium/4.8.1 (java windows)
Content-Length: 63
Content-Type: application/json; charset=utf-8
host: localhost:33318
accept: */*

Response DefaultHttpResponse(decodeResult: success, version: HTTP/1.1)
HTTP/1.1 200 OK
Content-Length: 88
Content-Type: application/json; charset=utf-8
cache-control: no-cache

12:04:01.988 [AsyncHttpClient-1-11] DEBUG org.asynchttpclient.netty.channel.ChannelManager - Adding key: http://localhost:33318 for channel [id: 0xf5df20d2, L:/127.0.0.1:62952 - R:localhost/127.0.0.1:33318]
12:04:01.990 [Forwarding getElementTagName on session 53c39b7a80434c88722bbb78bdefedc4 to remote] DEBUG org.asynchttpclient.netty.request.NettyRequestSender - Using pooled Channel '[id: 0xf5df20d2, L:/127.0.0.1:62952 - R:localhost/127.0.0.1:33318]' for 'GET' to 'http://localhost:33318/session/53c39b7a80434c88722bbb78bdefedc4/element/92310a5c-11cb-4c85-80d4-a4bb4416829a/name'
12:04:01.990 [Forwarding getElementTagName on session 53c39b7a80434c88722bbb78bdefedc4 to remote] DEBUG org.asynchttpclient.netty.request.NettyRequestSender - Using open Channel [id: 0xf5df20d2, L:/127.0.0.1:62952 - R:localhost/127.0.0.1:33318] for GET '/session/53c39b7a80434c88722bbb78bdefedc4/element/92310a5c-11cb-4c85-80d4-a4bb4416829a/name'
12:04:01.996 [AsyncHttpClient-1-11] DEBUG org.asynchttpclient.netty.handler.HttpHandler - 

Request DefaultFullHttpRequest(decodeResult: success, version: HTTP/1.1, content: EmptyByteBufBE)
GET /session/53c39b7a80434c88722bbb78bdefedc4/element/92310a5c-11cb-4c85-80d4-a4bb4416829a/name HTTP/1.1
User-Agent: selenium/4.8.1 (java windows)
Cache-Control: no-cache
Content-Type: application/json; charset=utf-8
host: localhost:33318
accept: */*

Response DefaultHttpResponse(decodeResult: success, version: HTTP/1.1)
HTTP/1.1 200 OK
Content-Length: 18
Content-Type: application/json; charset=utf-8
cache-control: no-cache

12:04:01.996 [AsyncHttpClient-1-11] DEBUG org.asynchttpclient.netty.channel.ChannelManager - Adding key: http://localhost:33318 for channel [id: 0xf5df20d2, L:/127.0.0.1:62952 - R:localhost/127.0.0.1:33318]
12:04:01.997 [Forwarding getElementTagName on session 53c39b7a80434c88722bbb78bdefedc4 to remote] DEBUG org.asynchttpclient.netty.request.NettyRequestSender - Using pooled Channel '[id: 0xf5df20d2, L:/127.0.0.1:62952 - R:localhost/127.0.0.1:33318]' for 'GET' to 'http://localhost:33318/session/53c39b7a80434c88722bbb78bdefedc4/element/92310a5c-11cb-4c85-80d4-a4bb4416829a/name'
12:04:01.997 [Forwarding getElementTagName on session 53c39b7a80434c88722bbb78bdefedc4 to remote] DEBUG org.asynchttpclient.netty.request.NettyRequestSender - Using open Channel [id: 0xf5df20d2, L:/127.0.0.1:62952 - R:localhost/127.0.0.1:33318] for GET '/session/53c39b7a80434c88722bbb78bdefedc4/element/92310a5c-11cb-4c85-80d4-a4bb4416829a/name'
12:04:02.002 [AsyncHttpClient-1-11] DEBUG org.asynchttpclient.netty.handler.HttpHandler - 

Request DefaultFullHttpRequest(decodeResult: success, version: HTTP/1.1, content: EmptyByteBufBE)
GET /session/53c39b7a80434c88722bbb78bdefedc4/element/92310a5c-11cb-4c85-80d4-a4bb4416829a/name HTTP/1.1
User-Agent: selenium/4.8.1 (java windows)
Cache-Control: no-cache
Content-Type: application/json; charset=utf-8
host: localhost:33318
accept: */*

Response DefaultHttpResponse(decodeResult: success, version: HTTP/1.1)
HTTP/1.1 200 OK
Content-Length: 18
Content-Type: application/json; charset=utf-8
cache-control: no-cache

12:04:02.002 [AsyncHttpClient-1-11] DEBUG org.asynchttpclient.netty.channel.ChannelManager - Adding key: http://localhost:33318 for channel [id: 0xf5df20d2, L:/127.0.0.1:62952 - R:localhost/127.0.0.1:33318]
12:04:02.004 [Forwarding isElementEnabled on session 53c39b7a80434c88722bbb78bdefedc4 to remote] DEBUG org.asynchttpclient.netty.request.NettyRequestSender - Using pooled Channel '[id: 0xf5df20d2, L:/127.0.0.1:62952 - R:localhost/127.0.0.1:33318]' for 'GET' to 'http://localhost:33318/session/53c39b7a80434c88722bbb78bdefedc4/element/92310a5c-11cb-4c85-80d4-a4bb4416829a/enabled'
12:04:02.004 [Forwarding isElementEnabled on session 53c39b7a80434c88722bbb78bdefedc4 to remote] DEBUG org.asynchttpclient.netty.request.NettyRequestSender - Using open Channel [id: 0xf5df20d2, L:/127.0.0.1:62952 - R:localhost/127.0.0.1:33318] for GET '/session/53c39b7a80434c88722bbb78bdefedc4/element/92310a5c-11cb-4c85-80d4-a4bb4416829a/enabled'
12:04:02.014 [AsyncHttpClient-1-11] DEBUG org.asynchttpclient.netty.handler.HttpHandler - 

Request DefaultFullHttpRequest(decodeResult: success, version: HTTP/1.1, content: EmptyByteBufBE)
GET /session/53c39b7a80434c88722bbb78bdefedc4/element/92310a5c-11cb-4c85-80d4-a4bb4416829a/enabled HTTP/1.1
User-Agent: selenium/4.8.1 (java windows)
Cache-Control: no-cache
Content-Type: application/json; charset=utf-8
host: localhost:33318
accept: */*

Response DefaultHttpResponse(decodeResult: success, version: HTTP/1.1)
HTTP/1.1 200 OK
Content-Length: 14
Content-Type: application/json; charset=utf-8
cache-control: no-cache

12:04:02.015 [AsyncHttpClient-1-11] DEBUG org.asynchttpclient.netty.channel.ChannelManager - Adding key: http://localhost:33318 for channel [id: 0xf5df20d2, L:/127.0.0.1:62952 - R:localhost/127.0.0.1:33318]
12:04:02.015 [Forwarding isElementEnabled on session 53c39b7a80434c88722bbb78bdefedc4 to remote] DEBUG org.asynchttpclient.netty.request.NettyRequestSender - Using pooled Channel '[id: 0xf5df20d2, L:/127.0.0.1:62952 - R:localhost/127.0.0.1:33318]' for 'GET' to 'http://localhost:33318/session/53c39b7a80434c88722bbb78bdefedc4/element/92310a5c-11cb-4c85-80d4-a4bb4416829a/enabled'
12:04:02.015 [Forwarding isElementEnabled on session 53c39b7a80434c88722bbb78bdefedc4 to remote] DEBUG org.asynchttpclient.netty.request.NettyRequestSender - Using open Channel [id: 0xf5df20d2, L:/127.0.0.1:62952 - R:localhost/127.0.0.1:33318] for GET '/session/53c39b7a80434c88722bbb78bdefedc4/element/92310a5c-11cb-4c85-80d4-a4bb4416829a/enabled'
12:04:02.021 [AsyncHttpClient-1-11] DEBUG org.asynchttpclient.netty.handler.HttpHandler - 

Request DefaultFullHttpRequest(decodeResult: success, version: HTTP/1.1, content: EmptyByteBufBE)
GET /session/53c39b7a80434c88722bbb78bdefedc4/element/92310a5c-11cb-4c85-80d4-a4bb4416829a/enabled HTTP/1.1
User-Agent: selenium/4.8.1 (java windows)
Cache-Control: no-cache
Content-Type: application/json; charset=utf-8
host: localhost:33318
accept: */*

Response DefaultHttpResponse(decodeResult: success, version: HTTP/1.1)
HTTP/1.1 200 OK
Content-Length: 14
Content-Type: application/json; charset=utf-8
cache-control: no-cache

12:04:02.021 [AsyncHttpClient-1-11] DEBUG org.asynchttpclient.netty.channel.ChannelManager - Adding key: http://localhost:33318 for channel [id: 0xf5df20d2, L:/127.0.0.1:62952 - R:localhost/127.0.0.1:33318]
12:04:02.023 [Forwarding findElement on session 53c39b7a80434c88722bbb78bdefedc4 to remote] DEBUG org.asynchttpclient.netty.request.NettyRequestSender - Using pooled Channel '[id: 0xf5df20d2, L:/127.0.0.1:62952 - R:localhost/127.0.0.1:33318]' for 'POST' to 'http://localhost:33318/session/53c39b7a80434c88722bbb78bdefedc4/element'
12:04:02.023 [Forwarding findElement on session 53c39b7a80434c88722bbb78bdefedc4 to remote] DEBUG org.asynchttpclient.netty.request.NettyRequestSender - Using open Channel [id: 0xf5df20d2, L:/127.0.0.1:62952 - R:localhost/127.0.0.1:33318] for POST '/session/53c39b7a80434c88722bbb78bdefedc4/element'
12:04:02.029 [AsyncHttpClient-1-11] DEBUG org.asynchttpclient.netty.handler.HttpHandler - 

Request DefaultHttpRequest(decodeResult: success, version: HTTP/1.1)
POST /session/53c39b7a80434c88722bbb78bdefedc4/element HTTP/1.1
User-Agent: selenium/4.8.1 (java windows)
Content-Length: 63
Content-Type: application/json; charset=utf-8
host: localhost:33318
accept: */*

Response DefaultHttpResponse(decodeResult: success, version: HTTP/1.1)
HTTP/1.1 200 OK
Content-Length: 88
Content-Type: application/json; charset=utf-8
cache-control: no-cache

12:04:02.029 [AsyncHttpClient-1-11] DEBUG org.asynchttpclient.netty.channel.ChannelManager - Adding key: http://localhost:33318 for channel [id: 0xf5df20d2, L:/127.0.0.1:62952 - R:localhost/127.0.0.1:33318]
12:04:02.030 [Forwarding clickElement on session 53c39b7a80434c88722bbb78bdefedc4 to remote] DEBUG org.asynchttpclient.netty.request.NettyRequestSender - Using pooled Channel '[id: 0xf5df20d2, L:/127.0.0.1:62952 - R:localhost/127.0.0.1:33318]' for 'POST' to 'http://localhost:33318/session/53c39b7a80434c88722bbb78bdefedc4/element/92310a5c-11cb-4c85-80d4-a4bb4416829a/click'
12:04:02.030 [Forwarding clickElement on session 53c39b7a80434c88722bbb78bdefedc4 to remote] DEBUG org.asynchttpclient.netty.request.NettyRequestSender - Using open Channel [id: 0xf5df20d2, L:/127.0.0.1:62952 - R:localhost/127.0.0.1:33318] for POST '/session/53c39b7a80434c88722bbb78bdefedc4/element/92310a5c-11cb-4c85-80d4-a4bb4416829a/click'
12:04:02.860 [AsyncHttpClient-1-1] DEBUG org.asynchttpclient.netty.channel.DefaultChannelPool - Entry count for : http://localhost:62954 : 1
12:04:03.066 [AsyncHttpClient-1-11] DEBUG org.asynchttpclient.netty.handler.HttpHandler - 

Request DefaultHttpRequest(decodeResult: success, version: HTTP/1.1)
POST /session/53c39b7a80434c88722bbb78bdefedc4/element/92310a5c-11cb-4c85-80d4-a4bb4416829a/click HTTP/1.1
User-Agent: selenium/4.8.1 (java windows)
Content-Length: 50
Content-Type: application/json; charset=utf-8
host: localhost:33318
accept: */*

Response DefaultHttpResponse(decodeResult: success, version: HTTP/1.1)
HTTP/1.1 400 Bad Request
Content-Length: 1375
Content-Type: application/json; charset=utf-8
cache-control: no-cache

12:04:03.066 [AsyncHttpClient-1-11] DEBUG org.asynchttpclient.netty.channel.ChannelManager - Adding key: http://localhost:33318 for channel [id: 0xf5df20d2, L:/127.0.0.1:62952 - R:localhost/127.0.0.1:33318]
12:04:03.329 [Forwarding clickElement on session 53c39b7a80434c88722bbb78bdefedc4 to remote] DEBUG org.asynchttpclient.netty.request.NettyRequestSender - Using pooled Channel '[id: 0xf5df20d2, L:/127.0.0.1:62952 - R:localhost/127.0.0.1:33318]' for 'POST' to 'http://localhost:33318/session/53c39b7a80434c88722bbb78bdefedc4/element/92310a5c-11cb-4c85-80d4-a4bb4416829a/click'
12:04:03.329 [Forwarding clickElement on session 53c39b7a80434c88722bbb78bdefedc4 to remote] DEBUG org.asynchttpclient.netty.request.NettyRequestSender - Using open Channel [id: 0xf5df20d2, L:/127.0.0.1:62952 - R:localhost/127.0.0.1:33318] for POST '/session/53c39b7a80434c88722bbb78bdefedc4/element/92310a5c-11cb-4c85-80d4-a4bb4416829a/click'
12:04:03.492 [AsyncHttpClient-1-11] DEBUG org.asynchttpclient.netty.handler.HttpHandler - 

Request DefaultHttpRequest(decodeResult: success, version: HTTP/1.1)
POST /session/53c39b7a80434c88722bbb78bdefedc4/element/92310a5c-11cb-4c85-80d4-a4bb4416829a/click HTTP/1.1
User-Agent: selenium/4.8.1 (java windows)
Content-Length: 50
Content-Type: application/json; charset=utf-8
host: localhost:33318
accept: */*

Response DefaultHttpResponse(decodeResult: success, version: HTTP/1.1)
HTTP/1.1 200 OK
Content-Length: 14
Content-Type: application/json; charset=utf-8
cache-control: no-cache

12:04:03.492 [AsyncHttpClient-1-11] DEBUG org.asynchttpclient.netty.channel.ChannelManager - Adding key: http://localhost:33318 for channel [id: 0xf5df20d2, L:/127.0.0.1:62952 - R:localhost/127.0.0.1:33318]
12:04:03.507 [Forwarding getAlertText on session 53c39b7a80434c88722bbb78bdefedc4 to remote] DEBUG org.asynchttpclient.netty.request.NettyRequestSender - Using pooled Channel '[id: 0xf5df20d2, L:/127.0.0.1:62952 - R:localhost/127.0.0.1:33318]' for 'GET' to 'http://localhost:33318/session/53c39b7a80434c88722bbb78bdefedc4/alert/text'
12:04:03.507 [Forwarding getAlertText on session 53c39b7a80434c88722bbb78bdefedc4 to remote] DEBUG org.asynchttpclient.netty.request.NettyRequestSender - Using open Channel [id: 0xf5df20d2, L:/127.0.0.1:62952 - R:localhost/127.0.0.1:33318] for GET '/session/53c39b7a80434c88722bbb78bdefedc4/alert/text'
12:04:03.558 [AsyncHttpClient-1-11] DEBUG org.asynchttpclient.netty.handler.HttpHandler - 

Request DefaultFullHttpRequest(decodeResult: success, version: HTTP/1.1, content: EmptyByteBufBE)
GET /session/53c39b7a80434c88722bbb78bdefedc4/alert/text HTTP/1.1
User-Agent: selenium/4.8.1 (java windows)
Cache-Control: no-cache
Content-Type: application/json; charset=utf-8
host: localhost:33318
accept: */*

Response DefaultHttpResponse(decodeResult: success, version: HTTP/1.1)
HTTP/1.1 404 Not Found
Content-Length: 821
Content-Type: application/json; charset=utf-8
cache-control: no-cache

12:04:03.558 [AsyncHttpClient-1-11] DEBUG org.asynchttpclient.netty.channel.ChannelManager - Adding key: http://localhost:33318 for channel [id: 0xf5df20d2, L:/127.0.0.1:62952 - R:localhost/127.0.0.1:33318]
12:04:03.559 [Forwarding getCurrentUrl on session 53c39b7a80434c88722bbb78bdefedc4 to remote] DEBUG org.asynchttpclient.netty.request.NettyRequestSender - Using pooled Channel '[id: 0xf5df20d2, L:/127.0.0.1:62952 - R:localhost/127.0.0.1:33318]' for 'GET' to 'http://localhost:33318/session/53c39b7a80434c88722bbb78bdefedc4/url'
12:04:03.560 [Forwarding getCurrentUrl on session 53c39b7a80434c88722bbb78bdefedc4 to remote] DEBUG org.asynchttpclient.netty.request.NettyRequestSender - Using open Channel [id: 0xf5df20d2, L:/127.0.0.1:62952 - R:localhost/127.0.0.1:33318] for GET '/session/53c39b7a80434c88722bbb78bdefedc4/url'
12:04:03.567 [AsyncHttpClient-1-11] DEBUG org.asynchttpclient.netty.handler.HttpHandler - 

Request DefaultFullHttpRequest(decodeResult: success, version: HTTP/1.1, content: EmptyByteBufBE)
GET /session/53c39b7a80434c88722bbb78bdefedc4/url HTTP/1.1
User-Agent: selenium/4.8.1 (java windows)
Cache-Control: no-cache
Content-Type: application/json; charset=utf-8
host: localhost:33318
accept: */*

Response DefaultHttpResponse(decodeResult: success, version: HTTP/1.1)
HTTP/1.1 200 OK
Content-Length: 42
Content-Type: application/json; charset=utf-8
cache-control: no-cache

12:04:03.567 [AsyncHttpClient-1-11] DEBUG org.asynchttpclient.netty.channel.ChannelManager - Adding key: http://localhost:33318 for channel [id: 0xf5df20d2, L:/127.0.0.1:62952 - R:localhost/127.0.0.1:33318]
12:04:03.568 [Forwarding screenshot on session 53c39b7a80434c88722bbb78bdefedc4 to remote] DEBUG org.asynchttpclient.netty.request.NettyRequestSender - Using pooled Channel '[id: 0xf5df20d2, L:/127.0.0.1:62952 - R:localhost/127.0.0.1:33318]' for 'GET' to 'http://localhost:33318/session/53c39b7a80434c88722bbb78bdefedc4/screenshot'
12:04:03.568 [Forwarding screenshot on session 53c39b7a80434c88722bbb78bdefedc4 to remote] DEBUG org.asynchttpclient.netty.request.NettyRequestSender - Using open Channel [id: 0xf5df20d2, L:/127.0.0.1:62952 - R:localhost/127.0.0.1:33318] for GET '/session/53c39b7a80434c88722bbb78bdefedc4/screenshot'
12:04:03.889 [AsyncHttpClient-1-11] DEBUG org.asynchttpclient.netty.handler.HttpHandler - 

Request DefaultFullHttpRequest(decodeResult: success, version: HTTP/1.1, content: EmptyByteBufBE)
GET /session/53c39b7a80434c88722bbb78bdefedc4/screenshot HTTP/1.1
User-Agent: selenium/4.8.1 (java windows)
Cache-Control: no-cache
Content-Type: application/json; charset=utf-8
host: localhost:33318
accept: */*

Response DefaultHttpResponse(decodeResult: success, version: HTTP/1.1)
HTTP/1.1 200 OK
Content-Length: 287008
Content-Type: application/json; charset=utf-8
cache-control: no-cache

12:04:03.890 [AsyncHttpClient-1-11] DEBUG org.asynchttpclient.netty.channel.ChannelManager - Adding key: http://localhost:33318 for channel [id: 0xf5df20d2, L:/127.0.0.1:62952 - R:localhost/127.0.0.1:33318]
12:04:03.896 [main] DEBUG net.serenitybdd.core.photography.Darkroom - Send negative for processing for target\site\serenity\32e4debd43964f3866e3b3f083749d8d6a0dfad098ac8fb84740f13f69094dd7.png
12:04:03.897 [main] DEBUG net.thucydides.core.steps.StepInterceptor - STEP DONE: clickMasukLogin
  &amp#27;[32mWhen &amp#27;[0m&amp#27;[32mI clicked the enter button&amp#27;[0m         &amp#27;[90m# starter.stepdefinitions.LoginSteps.doClickMasukButton()&amp#27;[0m
12:04:03.905 [Forwarding getPageSource on session 53c39b7a80434c88722bbb78bdefedc4 to remote] DEBUG org.asynchttpclient.netty.request.NettyRequestSender - Using pooled Channel '[id: 0xf5df20d2, L:/127.0.0.1:62952 - R:localhost/127.0.0.1:33318]' for 'POST' to 'http://localhost:33318/session/53c39b7a80434c88722bbb78bdefedc4/execute/sync'
12:04:03.905 [Forwarding getPageSource on session 53c39b7a80434c88722bbb78bdefedc4 to remote] DEBUG org.asynchttpclient.netty.request.NettyRequestSender - Using open Channel [id: 0xf5df20d2, L:/127.0.0.1:62952 - R:localhost/127.0.0.1:33318] for POST '/session/53c39b7a80434c88722bbb78bdefedc4/execute/sync'
12:04:03.916 [AsyncHttpClient-1-11] DEBUG org.asynchttpclient.netty.handler.HttpHandler - 

Request DefaultHttpRequest(decodeResult: success, version: HTTP/1.1)
POST /session/53c39b7a80434c88722bbb78bdefedc4/execute/sync HTTP/1.1
User-Agent: selenium/4.8.1 (java windows)
Content-Length: 176
Content-Type: application/json; charset=utf-8
host: localhost:33318
accept: */*

Response DefaultHttpResponse(decodeResult: success, version: HTTP/1.1)
HTTP/1.1 200 OK
Content-Length: 96996
Content-Type: application/json; charset=utf-8
cache-control: no-cache

12:04:03.917 [AsyncHttpClient-1-11] DEBUG org.asynchttpclient.netty.channel.ChannelManager - Adding key: http://localhost:33318 for channel [id: 0xf5df20d2, L:/127.0.0.1:62952 - R:localhost/127.0.0.1:33318]
12:04:03.920 [Forwarding getCurrentUrl on session 53c39b7a80434c88722bbb78bdefedc4 to remote] DEBUG org.asynchttpclient.netty.request.NettyRequestSender - Using pooled Channel '[id: 0xf5df20d2, L:/127.0.0.1:62952 - R:localhost/127.0.0.1:33318]' for 'GET' to 'http://localhost:33318/session/53c39b7a80434c88722bbb78bdefedc4/url'
12:04:03.920 [Forwarding getCurrentUrl on session 53c39b7a80434c88722bbb78bdefedc4 to remote] DEBUG org.asynchttpclient.netty.request.NettyRequestSender - Using open Channel [id: 0xf5df20d2, L:/127.0.0.1:62952 - R:localhost/127.0.0.1:33318] for GET '/session/53c39b7a80434c88722bbb78bdefedc4/url'
12:04:03.927 [AsyncHttpClient-1-11] DEBUG org.asynchttpclient.netty.handler.HttpHandler - 

Request DefaultFullHttpRequest(decodeResult: success, version: HTTP/1.1, content: EmptyByteBufBE)
GET /session/53c39b7a80434c88722bbb78bdefedc4/url HTTP/1.1
User-Agent: selenium/4.8.1 (java windows)
Cache-Control: no-cache
Content-Type: application/json; charset=utf-8
host: localhost:33318
accept: */*

Response DefaultHttpResponse(decodeResult: success, version: HTTP/1.1)
HTTP/1.1 200 OK
Content-Length: 42
Content-Type: application/json; charset=utf-8
cache-control: no-cache

12:04:03.927 [AsyncHttpClient-1-11] DEBUG org.asynchttpclient.netty.channel.ChannelManager - Adding key: http://localhost:33318 for channel [id: 0xf5df20d2, L:/127.0.0.1:62952 - R:localhost/127.0.0.1:33318]
12:04:03.937 [Forwarding getPageSource on session 53c39b7a80434c88722bbb78bdefedc4 to remote] DEBUG org.asynchttpclient.netty.request.NettyRequestSender - Using pooled Channel '[id: 0xf5df20d2, L:/127.0.0.1:62952 - R:localhost/127.0.0.1:33318]' for 'POST' to 'http://localhost:33318/session/53c39b7a80434c88722bbb78bdefedc4/execute/sync'
12:04:03.937 [Forwarding getPageSource on session 53c39b7a80434c88722bbb78bdefedc4 to remote] DEBUG org.asynchttpclient.netty.request.NettyRequestSender - Using open Channel [id: 0xf5df20d2, L:/127.0.0.1:62952 - R:localhost/127.0.0.1:33318] for POST '/session/53c39b7a80434c88722bbb78bdefedc4/execute/sync'
12:04:03.948 [AsyncHttpClient-1-11] DEBUG org.asynchttpclient.netty.handler.HttpHandler - 

Request DefaultHttpRequest(decodeResult: success, version: HTTP/1.1)
POST /session/53c39b7a80434c88722bbb78bdefedc4/execute/sync HTTP/1.1
User-Agent: selenium/4.8.1 (java windows)
Content-Length: 176
Content-Type: application/json; charset=utf-8
host: localhost:33318
accept: */*

Response DefaultHttpResponse(decodeResult: success, version: HTTP/1.1)
HTTP/1.1 200 OK
Content-Length: 96996
Content-Type: application/json; charset=utf-8
cache-control: no-cache

12:04:03.948 [AsyncHttpClient-1-11] DEBUG org.asynchttpclient.netty.channel.ChannelManager - Adding key: http://localhost:33318 for channel [id: 0xf5df20d2, L:/127.0.0.1:62952 - R:localhost/127.0.0.1:33318]
12:04:03.955 [AsyncHttpClient-1-1] DEBUG org.asynchttpclient.netty.channel.DefaultChannelPool - Entry count for : http://localhost:33318 : 1
12:04:03.955 [AsyncHttpClient-1-1] DEBUG org.asynchttpclient.netty.channel.DefaultChannelPool - Entry count for : http://localhost:62954 : 1
12:04:03.956 [Forwarding getCurrentUrl on session 53c39b7a80434c88722bbb78bdefedc4 to remote] DEBUG org.asynchttpclient.netty.request.NettyRequestSender - Using pooled Channel '[id: 0xf5df20d2, L:/127.0.0.1:62952 - R:localhost/127.0.0.1:33318]' for 'GET' to 'http://localhost:33318/session/53c39b7a80434c88722bbb78bdefedc4/url'
12:04:03.956 [Forwarding getCurrentUrl on session 53c39b7a80434c88722bbb78bdefedc4 to remote] DEBUG org.asynchttpclient.netty.request.NettyRequestSender - Using open Channel [id: 0xf5df20d2, L:/127.0.0.1:62952 - R:localhost/127.0.0.1:33318] for GET '/session/53c39b7a80434c88722bbb78bdefedc4/url'
12:04:03.960 [AsyncHttpClient-1-11] DEBUG org.asynchttpclient.netty.handler.HttpHandler - 

Request DefaultFullHttpRequest(decodeResult: success, version: HTTP/1.1, content: EmptyByteBufBE)
GET /session/53c39b7a80434c88722bbb78bdefedc4/url HTTP/1.1
User-Agent: selenium/4.8.1 (java windows)
Cache-Control: no-cache
Content-Type: application/json; charset=utf-8
host: localhost:33318
accept: */*

Response DefaultHttpResponse(decodeResult: success, version: HTTP/1.1)
HTTP/1.1 200 OK
Content-Length: 42
Content-Type: application/json; charset=utf-8
cache-control: no-cache

12:04:03.960 [AsyncHttpClient-1-11] DEBUG org.asynchttpclient.netty.channel.ChannelManager - Adding key: http://localhost:33318 for channel [id: 0xf5df20d2, L:/127.0.0.1:62952 - R:localhost/127.0.0.1:33318]
12:04:03.964 [main] DEBUG net.thucydides.core.steps.StepInterceptor - STARTING STEP: LoginSteps.doEnterValidEmail - inputEmail
12:04:03.967 [Forwarding findElement on session 53c39b7a80434c88722bbb78bdefedc4 to remote] DEBUG org.asynchttpclient.netty.request.NettyRequestSender - Using pooled Channel '[id: 0xf5df20d2, L:/127.0.0.1:62952 - R:localhost/127.0.0.1:33318]' for 'POST' to 'http://localhost:33318/session/53c39b7a80434c88722bbb78bdefedc4/element'
12:04:03.967 [Forwarding findElement on session 53c39b7a80434c88722bbb78bdefedc4 to remote] DEBUG org.asynchttpclient.netty.request.NettyRequestSender - Using open Channel [id: 0xf5df20d2, L:/127.0.0.1:62952 - R:localhost/127.0.0.1:33318] for POST '/session/53c39b7a80434c88722bbb78bdefedc4/element'
12:04:03.980 [AsyncHttpClient-1-11] DEBUG org.asynchttpclient.netty.handler.HttpHandler - 

Request DefaultHttpRequest(decodeResult: success, version: HTTP/1.1)
POST /session/53c39b7a80434c88722bbb78bdefedc4/element HTTP/1.1
User-Agent: selenium/4.8.1 (java windows)
Content-Length: 50
Content-Type: application/json; charset=utf-8
host: localhost:33318
accept: */*

Response DefaultHttpResponse(decodeResult: success, version: HTTP/1.1)
HTTP/1.1 200 OK
Content-Length: 88
Content-Type: application/json; charset=utf-8
cache-control: no-cache

12:04:03.980 [AsyncHttpClient-1-11] DEBUG org.asynchttpclient.netty.channel.ChannelManager - Adding key: http://localhost:33318 for channel [id: 0xf5df20d2, L:/127.0.0.1:62952 - R:localhost/127.0.0.1:33318]
12:04:03.983 [Forwarding clearElement on session 53c39b7a80434c88722bbb78bdefedc4 to remote] DEBUG org.asynchttpclient.netty.request.NettyRequestSender - Using pooled Channel '[id: 0xf5df20d2, L:/127.0.0.1:62952 - R:localhost/127.0.0.1:33318]' for 'POST' to 'http://localhost:33318/session/53c39b7a80434c88722bbb78bdefedc4/element/49e3af0c-6d09-4f30-a8df-5ebf21c8b50d/clear'
12:04:03.983 [Forwarding clearElement on session 53c39b7a80434c88722bbb78bdefedc4 to remote] DEBUG org.asynchttpclient.netty.request.NettyRequestSender - Using open Channel [id: 0xf5df20d2, L:/127.0.0.1:62952 - R:localhost/127.0.0.1:33318] for POST '/session/53c39b7a80434c88722bbb78bdefedc4/element/49e3af0c-6d09-4f30-a8df-5ebf21c8b50d/clear'
12:04:04.017 [AsyncHttpClient-1-11] DEBUG org.asynchttpclient.netty.handler.HttpHandler - 

Request DefaultHttpRequest(decodeResult: success, version: HTTP/1.1)
POST /session/53c39b7a80434c88722bbb78bdefedc4/element/49e3af0c-6d09-4f30-a8df-5ebf21c8b50d/clear HTTP/1.1
User-Agent: selenium/4.8.1 (java windows)
Content-Length: 50
Content-Type: application/json; charset=utf-8
host: localhost:33318
accept: */*

Response DefaultHttpResponse(decodeResult: success, version: HTTP/1.1)
HTTP/1.1 200 OK
Content-Length: 14
Content-Type: application/json; charset=utf-8
cache-control: no-cache

12:04:04.018 [AsyncHttpClient-1-11] DEBUG org.asynchttpclient.netty.channel.ChannelManager - Adding key: http://localhost:33318 for channel [id: 0xf5df20d2, L:/127.0.0.1:62952 - R:localhost/127.0.0.1:33318]
12:04:04.019 [Forwarding sendKeysToElement on session 53c39b7a80434c88722bbb78bdefedc4 to remote] DEBUG org.asynchttpclient.netty.request.NettyRequestSender - Using pooled Channel '[id: 0xf5df20d2, L:/127.0.0.1:62952 - R:localhost/127.0.0.1:33318]' for 'POST' to 'http://localhost:33318/session/53c39b7a80434c88722bbb78bdefedc4/element/49e3af0c-6d09-4f30-a8df-5ebf21c8b50d/value'
12:04:04.019 [Forwarding sendKeysToElement on session 53c39b7a80434c88722bbb78bdefedc4 to remote] DEBUG org.asynchttpclient.netty.request.NettyRequestSender - Using open Channel [id: 0xf5df20d2, L:/127.0.0.1:62952 - R:localhost/127.0.0.1:33318] for POST '/session/53c39b7a80434c88722bbb78bdefedc4/element/49e3af0c-6d09-4f30-a8df-5ebf21c8b50d/value'
12:04:04.248 [AsyncHttpClient-1-11] DEBUG org.asynchttpclient.netty.handler.HttpHandler - 

Request DefaultHttpRequest(decodeResult: success, version: HTTP/1.1)
POST /session/53c39b7a80434c88722bbb78bdefedc4/element/49e3af0c-6d09-4f30-a8df-5ebf21c8b50d/value HTTP/1.1
User-Agent: selenium/4.8.1 (java windows)
Content-Length: 411
Content-Type: application/json; charset=utf-8
host: localhost:33318
accept: */*

Response DefaultHttpResponse(decodeResult: success, version: HTTP/1.1)
HTTP/1.1 200 OK
Content-Length: 14
Content-Type: application/json; charset=utf-8
cache-control: no-cache

12:04:04.249 [AsyncHttpClient-1-11] DEBUG org.asynchttpclient.netty.channel.ChannelManager - Adding key: http://localhost:33318 for channel [id: 0xf5df20d2, L:/127.0.0.1:62952 - R:localhost/127.0.0.1:33318]
12:04:04.254 [Forwarding getAlertText on session 53c39b7a80434c88722bbb78bdefedc4 to remote] DEBUG org.asynchttpclient.netty.request.NettyRequestSender - Using pooled Channel '[id: 0xf5df20d2, L:/127.0.0.1:62952 - R:localhost/127.0.0.1:33318]' for 'GET' to 'http://localhost:33318/session/53c39b7a80434c88722bbb78bdefedc4/alert/text'
12:04:04.254 [Forwarding getAlertText on session 53c39b7a80434c88722bbb78bdefedc4 to remote] DEBUG org.asynchttpclient.netty.request.NettyRequestSender - Using open Channel [id: 0xf5df20d2, L:/127.0.0.1:62952 - R:localhost/127.0.0.1:33318] for GET '/session/53c39b7a80434c88722bbb78bdefedc4/alert/text'
12:04:04.257 [AsyncHttpClient-1-11] DEBUG org.asynchttpclient.netty.handler.HttpHandler - 

Request DefaultFullHttpRequest(decodeResult: success, version: HTTP/1.1, content: EmptyByteBufBE)
GET /session/53c39b7a80434c88722bbb78bdefedc4/alert/text HTTP/1.1
User-Agent: selenium/4.8.1 (java windows)
Cache-Control: no-cache
Content-Type: application/json; charset=utf-8
host: localhost:33318
accept: */*

Response DefaultHttpResponse(decodeResult: success, version: HTTP/1.1)
HTTP/1.1 404 Not Found
Content-Length: 821
Content-Type: application/json; charset=utf-8
cache-control: no-cache

12:04:04.257 [AsyncHttpClient-1-11] DEBUG org.asynchttpclient.netty.channel.ChannelManager - Adding key: http://localhost:33318 for channel [id: 0xf5df20d2, L:/127.0.0.1:62952 - R:localhost/127.0.0.1:33318]
12:04:04.258 [Forwarding getCurrentUrl on session 53c39b7a80434c88722bbb78bdefedc4 to remote] DEBUG org.asynchttpclient.netty.request.NettyRequestSender - Using pooled Channel '[id: 0xf5df20d2, L:/127.0.0.1:62952 - R:localhost/127.0.0.1:33318]' for 'GET' to 'http://localhost:33318/session/53c39b7a80434c88722bbb78bdefedc4/url'
12:04:04.258 [Forwarding getCurrentUrl on session 53c39b7a80434c88722bbb78bdefedc4 to remote] DEBUG org.asynchttpclient.netty.request.NettyRequestSender - Using open Channel [id: 0xf5df20d2, L:/127.0.0.1:62952 - R:localhost/127.0.0.1:33318] for GET '/session/53c39b7a80434c88722bbb78bdefedc4/url'
12:04:04.262 [AsyncHttpClient-1-11] DEBUG org.asynchttpclient.netty.handler.HttpHandler - 

Request DefaultFullHttpRequest(decodeResult: success, version: HTTP/1.1, content: EmptyByteBufBE)
GET /session/53c39b7a80434c88722bbb78bdefedc4/url HTTP/1.1
User-Agent: selenium/4.8.1 (java windows)
Cache-Control: no-cache
Content-Type: application/json; charset=utf-8
host: localhost:33318
accept: */*

Response DefaultHttpResponse(decodeResult: success, version: HTTP/1.1)
HTTP/1.1 200 OK
Content-Length: 42
Content-Type: application/json; charset=utf-8
cache-control: no-cache

12:04:04.262 [AsyncHttpClient-1-11] DEBUG org.asynchttpclient.netty.channel.ChannelManager - Adding key: http://localhost:33318 for channel [id: 0xf5df20d2, L:/127.0.0.1:62952 - R:localhost/127.0.0.1:33318]
12:04:04.264 [Forwarding screenshot on session 53c39b7a80434c88722bbb78bdefedc4 to remote] DEBUG org.asynchttpclient.netty.request.NettyRequestSender - Using pooled Channel '[id: 0xf5df20d2, L:/127.0.0.1:62952 - R:localhost/127.0.0.1:33318]' for 'GET' to 'http://localhost:33318/session/53c39b7a80434c88722bbb78bdefedc4/screenshot'
12:04:04.264 [Forwarding screenshot on session 53c39b7a80434c88722bbb78bdefedc4 to remote] DEBUG org.asynchttpclient.netty.request.NettyRequestSender - Using open Channel [id: 0xf5df20d2, L:/127.0.0.1:62952 - R:localhost/127.0.0.1:33318] for GET '/session/53c39b7a80434c88722bbb78bdefedc4/screenshot'
12:04:04.438 [AsyncHttpClient-1-11] DEBUG org.asynchttpclient.netty.handler.HttpHandler - 

Request DefaultFullHttpRequest(decodeResult: success, version: HTTP/1.1, content: EmptyByteBufBE)
GET /session/53c39b7a80434c88722bbb78bdefedc4/screenshot HTTP/1.1
User-Agent: selenium/4.8.1 (java windows)
Cache-Control: no-cache
Content-Type: application/json; charset=utf-8
host: localhost:33318
accept: */*

Response DefaultHttpResponse(decodeResult: success, version: HTTP/1.1)
HTTP/1.1 200 OK
Content-Length: 293472
Content-Type: application/json; charset=utf-8
cache-control: no-cache

12:04:04.438 [AsyncHttpClient-1-11] DEBUG org.asynchttpclient.netty.channel.ChannelManager - Adding key: http://localhost:33318 for channel [id: 0xf5df20d2, L:/127.0.0.1:62952 - R:localhost/127.0.0.1:33318]
12:04:04.444 [main] DEBUG net.serenitybdd.core.photography.Darkroom - Send negative for processing for target\site\serenity\e5bb3233c34171a8ee05c0712c878025818ffefacf4b6bccc2288ff0605e6323.png
12:04:04.445 [main] DEBUG net.thucydides.core.steps.StepInterceptor - STEP DONE: inputEmail
  &amp#27;[32mAnd &amp#27;[0m&amp#27;[32mI enter valid Email&amp#27;[0m                 &amp#27;[90m# starter.stepdefinitions.LoginSteps.doEnterValidEmail()&amp#27;[0m
12:04:04.456 [Forwarding getPageSource on session 53c39b7a80434c88722bbb78bdefedc4 to remote] DEBUG org.asynchttpclient.netty.request.NettyRequestSender - Using pooled Channel '[id: 0xf5df20d2, L:/127.0.0.1:62952 - R:localhost/127.0.0.1:33318]' for 'POST' to 'http://localhost:33318/session/53c39b7a80434c88722bbb78bdefedc4/execute/sync'
12:04:04.456 [Forwarding getPageSource on session 53c39b7a80434c88722bbb78bdefedc4 to remote] DEBUG org.asynchttpclient.netty.request.NettyRequestSender - Using open Channel [id: 0xf5df20d2, L:/127.0.0.1:62952 - R:localhost/127.0.0.1:33318] for POST '/session/53c39b7a80434c88722bbb78bdefedc4/execute/sync'
12:04:04.466 [AsyncHttpClient-1-11] DEBUG org.asynchttpclient.netty.handler.HttpHandler - 

Request DefaultHttpRequest(decodeResult: success, version: HTTP/1.1)
POST /session/53c39b7a80434c88722bbb78bdefedc4/execute/sync HTTP/1.1
User-Agent: selenium/4.8.1 (java windows)
Content-Length: 176
Content-Type: application/json; charset=utf-8
host: localhost:33318
accept: */*

Response DefaultHttpResponse(decodeResult: success, version: HTTP/1.1)
HTTP/1.1 200 OK
Content-Length: 97053
Content-Type: application/json; charset=utf-8
cache-control: no-cache

12:04:04.466 [AsyncHttpClient-1-11] DEBUG org.asynchttpclient.netty.channel.ChannelManager - Adding key: http://localhost:33318 for channel [id: 0xf5df20d2, L:/127.0.0.1:62952 - R:localhost/127.0.0.1:33318]
12:04:04.474 [Forwarding getCurrentUrl on session 53c39b7a80434c88722bbb78bdefedc4 to remote] DEBUG org.asynchttpclient.netty.request.NettyRequestSender - Using pooled Channel '[id: 0xf5df20d2, L:/127.0.0.1:62952 - R:localhost/127.0.0.1:33318]' for 'GET' to 'http://localhost:33318/session/53c39b7a80434c88722bbb78bdefedc4/url'
12:04:04.474 [Forwarding getCurrentUrl on session 53c39b7a80434c88722bbb78bdefedc4 to remote] DEBUG org.asynchttpclient.netty.request.NettyRequestSender - Using open Channel [id: 0xf5df20d2, L:/127.0.0.1:62952 - R:localhost/127.0.0.1:33318] for GET '/session/53c39b7a80434c88722bbb78bdefedc4/url'
12:04:04.478 [AsyncHttpClient-1-11] DEBUG org.asynchttpclient.netty.handler.HttpHandler - 

Request DefaultFullHttpRequest(decodeResult: success, version: HTTP/1.1, content: EmptyByteBufBE)
GET /session/53c39b7a80434c88722bbb78bdefedc4/url HTTP/1.1
User-Agent: selenium/4.8.1 (java windows)
Cache-Control: no-cache
Content-Type: application/json; charset=utf-8
host: localhost:33318
accept: */*

Response DefaultHttpResponse(decodeResult: success, version: HTTP/1.1)
HTTP/1.1 200 OK
Content-Length: 42
Content-Type: application/json; charset=utf-8
cache-control: no-cache

12:04:04.479 [AsyncHttpClient-1-11] DEBUG org.asynchttpclient.netty.channel.ChannelManager - Adding key: http://localhost:33318 for channel [id: 0xf5df20d2, L:/127.0.0.1:62952 - R:localhost/127.0.0.1:33318]
12:04:04.489 [Forwarding getPageSource on session 53c39b7a80434c88722bbb78bdefedc4 to remote] DEBUG org.asynchttpclient.netty.request.NettyRequestSender - Using pooled Channel '[id: 0xf5df20d2, L:/127.0.0.1:62952 - R:localhost/127.0.0.1:33318]' for 'POST' to 'http://localhost:33318/session/53c39b7a80434c88722bbb78bdefedc4/execute/sync'
12:04:04.489 [Forwarding getPageSource on session 53c39b7a80434c88722bbb78bdefedc4 to remote] DEBUG org.asynchttpclient.netty.request.NettyRequestSender - Using open Channel [id: 0xf5df20d2, L:/127.0.0.1:62952 - R:localhost/127.0.0.1:33318] for POST '/session/53c39b7a80434c88722bbb78bdefedc4/execute/sync'
12:04:04.500 [AsyncHttpClient-1-11] DEBUG org.asynchttpclient.netty.handler.HttpHandler - 

Request DefaultHttpRequest(decodeResult: success, version: HTTP/1.1)
POST /session/53c39b7a80434c88722bbb78bdefedc4/execute/sync HTTP/1.1
User-Agent: selenium/4.8.1 (java windows)
Content-Length: 176
Content-Type: application/json; charset=utf-8
host: localhost:33318
accept: */*

Response DefaultHttpResponse(decodeResult: success, version: HTTP/1.1)
HTTP/1.1 200 OK
Content-Length: 97053
Content-Type: application/json; charset=utf-8
cache-control: no-cache

12:04:04.500 [AsyncHttpClient-1-11] DEBUG org.asynchttpclient.netty.channel.ChannelManager - Adding key: http://localhost:33318 for channel [id: 0xf5df20d2, L:/127.0.0.1:62952 - R:localhost/127.0.0.1:33318]
12:04:04.506 [Forwarding getCurrentUrl on session 53c39b7a80434c88722bbb78bdefedc4 to remote] DEBUG org.asynchttpclient.netty.request.NettyRequestSender - Using pooled Channel '[id: 0xf5df20d2, L:/127.0.0.1:62952 - R:localhost/127.0.0.1:33318]' for 'GET' to 'http://localhost:33318/session/53c39b7a80434c88722bbb78bdefedc4/url'
12:04:04.506 [Forwarding getCurrentUrl on session 53c39b7a80434c88722bbb78bdefedc4 to remote] DEBUG org.asynchttpclient.netty.request.NettyRequestSender - Using open Channel [id: 0xf5df20d2, L:/127.0.0.1:62952 - R:localhost/127.0.0.1:33318] for GET '/session/53c39b7a80434c88722bbb78bdefedc4/url'
12:04:04.511 [AsyncHttpClient-1-11] DEBUG org.asynchttpclient.netty.handler.HttpHandler - 

Request DefaultFullHttpRequest(decodeResult: success, version: HTTP/1.1, content: EmptyByteBufBE)
GET /session/53c39b7a80434c88722bbb78bdefedc4/url HTTP/1.1
User-Agent: selenium/4.8.1 (java windows)
Cache-Control: no-cache
Content-Type: application/json; charset=utf-8
host: localhost:33318
accept: */*

Response DefaultHttpResponse(decodeResult: success, version: HTTP/1.1)
HTTP/1.1 200 OK
Content-Length: 42
Content-Type: application/json; charset=utf-8
cache-control: no-cache

12:04:04.511 [AsyncHttpClient-1-11] DEBUG org.asynchttpclient.netty.channel.ChannelManager - Adding key: http://localhost:33318 for channel [id: 0xf5df20d2, L:/127.0.0.1:62952 - R:localhost/127.0.0.1:33318]
12:04:04.513 [main] DEBUG net.thucydides.core.steps.StepInterceptor - STARTING STEP: LoginSteps.doEnterValidPassword - inputPassword
12:04:04.516 [Forwarding findElement on session 53c39b7a80434c88722bbb78bdefedc4 to remote] DEBUG org.asynchttpclient.netty.request.NettyRequestSender - Using pooled Channel '[id: 0xf5df20d2, L:/127.0.0.1:62952 - R:localhost/127.0.0.1:33318]' for 'POST' to 'http://localhost:33318/session/53c39b7a80434c88722bbb78bdefedc4/element'
12:04:04.516 [Forwarding findElement on session 53c39b7a80434c88722bbb78bdefedc4 to remote] DEBUG org.asynchttpclient.netty.request.NettyRequestSender - Using open Channel [id: 0xf5df20d2, L:/127.0.0.1:62952 - R:localhost/127.0.0.1:33318] for POST '/session/53c39b7a80434c88722bbb78bdefedc4/element'
12:04:04.546 [AsyncHttpClient-1-11] DEBUG org.asynchttpclient.netty.handler.HttpHandler - 

Request DefaultHttpRequest(decodeResult: success, version: HTTP/1.1)
POST /session/53c39b7a80434c88722bbb78bdefedc4/element HTTP/1.1
User-Agent: selenium/4.8.1 (java windows)
Content-Length: 53
Content-Type: application/json; charset=utf-8
host: localhost:33318
accept: */*

Response DefaultHttpResponse(decodeResult: success, version: HTTP/1.1)
HTTP/1.1 200 OK
Content-Length: 88
Content-Type: application/json; charset=utf-8
cache-control: no-cache

12:04:04.546 [AsyncHttpClient-1-11] DEBUG org.asynchttpclient.netty.channel.ChannelManager - Adding key: http://localhost:33318 for channel [id: 0xf5df20d2, L:/127.0.0.1:62952 - R:localhost/127.0.0.1:33318]
12:04:04.547 [Forwarding clearElement on session 53c39b7a80434c88722bbb78bdefedc4 to remote] DEBUG org.asynchttpclient.netty.request.NettyRequestSender - Using pooled Channel '[id: 0xf5df20d2, L:/127.0.0.1:62952 - R:localhost/127.0.0.1:33318]' for 'POST' to 'http://localhost:33318/session/53c39b7a80434c88722bbb78bdefedc4/element/3b59ce3e-8014-48d8-b06e-b67ba24c6372/clear'
12:04:04.547 [Forwarding clearElement on session 53c39b7a80434c88722bbb78bdefedc4 to remote] DEBUG org.asynchttpclient.netty.request.NettyRequestSender - Using open Channel [id: 0xf5df20d2, L:/127.0.0.1:62952 - R:localhost/127.0.0.1:33318] for POST '/session/53c39b7a80434c88722bbb78bdefedc4/element/3b59ce3e-8014-48d8-b06e-b67ba24c6372/clear'
12:04:04.584 [AsyncHttpClient-1-11] DEBUG org.asynchttpclient.netty.handler.HttpHandler - 

Request DefaultHttpRequest(decodeResult: success, version: HTTP/1.1)
POST /session/53c39b7a80434c88722bbb78bdefedc4/element/3b59ce3e-8014-48d8-b06e-b67ba24c6372/clear HTTP/1.1
User-Agent: selenium/4.8.1 (java windows)
Content-Length: 50
Content-Type: application/json; charset=utf-8
host: localhost:33318
accept: */*

Response DefaultHttpResponse(decodeResult: success, version: HTTP/1.1)
HTTP/1.1 200 OK
Content-Length: 14
Content-Type: application/json; charset=utf-8
cache-control: no-cache

12:04:04.584 [AsyncHttpClient-1-11] DEBUG org.asynchttpclient.netty.channel.ChannelManager - Adding key: http://localhost:33318 for channel [id: 0xf5df20d2, L:/127.0.0.1:62952 - R:localhost/127.0.0.1:33318]
12:04:04.586 [Forwarding sendKeysToElement on session 53c39b7a80434c88722bbb78bdefedc4 to remote] DEBUG org.asynchttpclient.netty.request.NettyRequestSender - Using pooled Channel '[id: 0xf5df20d2, L:/127.0.0.1:62952 - R:localhost/127.0.0.1:33318]' for 'POST' to 'http://localhost:33318/session/53c39b7a80434c88722bbb78bdefedc4/element/3b59ce3e-8014-48d8-b06e-b67ba24c6372/value'
12:04:04.586 [Forwarding sendKeysToElement on session 53c39b7a80434c88722bbb78bdefedc4 to remote] DEBUG org.asynchttpclient.netty.request.NettyRequestSender - Using open Channel [id: 0xf5df20d2, L:/127.0.0.1:62952 - R:localhost/127.0.0.1:33318] for POST '/session/53c39b7a80434c88722bbb78bdefedc4/element/3b59ce3e-8014-48d8-b06e-b67ba24c6372/value'
12:04:04.709 [AsyncHttpClient-1-11] DEBUG org.asynchttpclient.netty.handler.HttpHandler - 

Request DefaultHttpRequest(decodeResult: success, version: HTTP/1.1)
POST /session/53c39b7a80434c88722bbb78bdefedc4/element/3b59ce3e-8014-48d8-b06e-b67ba24c6372/value HTTP/1.1
User-Agent: selenium/4.8.1 (java windows)
Content-Length: 231
Content-Type: application/json; charset=utf-8
host: localhost:33318
accept: */*

Response DefaultHttpResponse(decodeResult: success, version: HTTP/1.1)
HTTP/1.1 200 OK
Content-Length: 14
Content-Type: application/json; charset=utf-8
cache-control: no-cache

12:04:04.709 [AsyncHttpClient-1-11] DEBUG org.asynchttpclient.netty.channel.ChannelManager - Adding key: http://localhost:33318 for channel [id: 0xf5df20d2, L:/127.0.0.1:62952 - R:localhost/127.0.0.1:33318]
12:04:04.716 [Forwarding getAlertText on session 53c39b7a80434c88722bbb78bdefedc4 to remote] DEBUG org.asynchttpclient.netty.request.NettyRequestSender - Using pooled Channel '[id: 0xf5df20d2, L:/127.0.0.1:62952 - R:localhost/127.0.0.1:33318]' for 'GET' to 'http://localhost:33318/session/53c39b7a80434c88722bbb78bdefedc4/alert/text'
12:04:04.716 [Forwarding getAlertText on session 53c39b7a80434c88722bbb78bdefedc4 to remote] DEBUG org.asynchttpclient.netty.request.NettyRequestSender - Using open Channel [id: 0xf5df20d2, L:/127.0.0.1:62952 - R:localhost/127.0.0.1:33318] for GET '/session/53c39b7a80434c88722bbb78bdefedc4/alert/text'
12:04:04.718 [AsyncHttpClient-1-11] DEBUG org.asynchttpclient.netty.handler.HttpHandler - 

Request DefaultFullHttpRequest(decodeResult: success, version: HTTP/1.1, content: EmptyByteBufBE)
GET /session/53c39b7a80434c88722bbb78bdefedc4/alert/text HTTP/1.1
User-Agent: selenium/4.8.1 (java windows)
Cache-Control: no-cache
Content-Type: application/json; charset=utf-8
host: localhost:33318
accept: */*

Response DefaultHttpResponse(decodeResult: success, version: HTTP/1.1)
HTTP/1.1 404 Not Found
Content-Length: 821
Content-Type: application/json; charset=utf-8
cache-control: no-cache

12:04:04.718 [AsyncHttpClient-1-11] DEBUG org.asynchttpclient.netty.channel.ChannelManager - Adding key: http://localhost:33318 for channel [id: 0xf5df20d2, L:/127.0.0.1:62952 - R:localhost/127.0.0.1:33318]
12:04:04.719 [Forwarding getCurrentUrl on session 53c39b7a80434c88722bbb78bdefedc4 to remote] DEBUG org.asynchttpclient.netty.request.NettyRequestSender - Using pooled Channel '[id: 0xf5df20d2, L:/127.0.0.1:62952 - R:localhost/127.0.0.1:33318]' for 'GET' to 'http://localhost:33318/session/53c39b7a80434c88722bbb78bdefedc4/url'
12:04:04.719 [Forwarding getCurrentUrl on session 53c39b7a80434c88722bbb78bdefedc4 to remote] DEBUG org.asynchttpclient.netty.request.NettyRequestSender - Using open Channel [id: 0xf5df20d2, L:/127.0.0.1:62952 - R:localhost/127.0.0.1:33318] for GET '/session/53c39b7a80434c88722bbb78bdefedc4/url'
12:04:04.723 [AsyncHttpClient-1-11] DEBUG org.asynchttpclient.netty.handler.HttpHandler - 

Request DefaultFullHttpRequest(decodeResult: success, version: HTTP/1.1, content: EmptyByteBufBE)
GET /session/53c39b7a80434c88722bbb78bdefedc4/url HTTP/1.1
User-Agent: selenium/4.8.1 (java windows)
Cache-Control: no-cache
Content-Type: application/json; charset=utf-8
host: localhost:33318
accept: */*

Response DefaultHttpResponse(decodeResult: success, version: HTTP/1.1)
HTTP/1.1 200 OK
Content-Length: 42
Content-Type: application/json; charset=utf-8
cache-control: no-cache

12:04:04.724 [AsyncHttpClient-1-11] DEBUG org.asynchttpclient.netty.channel.ChannelManager - Adding key: http://localhost:33318 for channel [id: 0xf5df20d2, L:/127.0.0.1:62952 - R:localhost/127.0.0.1:33318]
12:04:04.724 [Forwarding screenshot on session 53c39b7a80434c88722bbb78bdefedc4 to remote] DEBUG org.asynchttpclient.netty.request.NettyRequestSender - Using pooled Channel '[id: 0xf5df20d2, L:/127.0.0.1:62952 - R:localhost/127.0.0.1:33318]' for 'GET' to 'http://localhost:33318/session/53c39b7a80434c88722bbb78bdefedc4/screenshot'
12:04:04.724 [Forwarding screenshot on session 53c39b7a80434c88722bbb78bdefedc4 to remote] DEBUG org.asynchttpclient.netty.request.NettyRequestSender - Using open Channel [id: 0xf5df20d2, L:/127.0.0.1:62952 - R:localhost/127.0.0.1:33318] for GET '/session/53c39b7a80434c88722bbb78bdefedc4/screenshot'
12:04:04.943 [AsyncHttpClient-1-11] DEBUG org.asynchttpclient.netty.handler.HttpHandler - 

Request DefaultFullHttpRequest(decodeResult: success, version: HTTP/1.1, content: EmptyByteBufBE)
GET /session/53c39b7a80434c88722bbb78bdefedc4/screenshot HTTP/1.1
User-Agent: selenium/4.8.1 (java windows)
Cache-Control: no-cache
Content-Type: application/json; charset=utf-8
host: localhost:33318
accept: */*

Response DefaultHttpResponse(decodeResult: success, version: HTTP/1.1)
HTTP/1.1 200 OK
Content-Length: 294068
Content-Type: application/json; charset=utf-8
cache-control: no-cache

12:04:04.943 [AsyncHttpClient-1-11] DEBUG org.asynchttpclient.netty.channel.ChannelManager - Adding key: http://localhost:33318 for channel [id: 0xf5df20d2, L:/127.0.0.1:62952 - R:localhost/127.0.0.1:33318]
12:04:04.957 [main] DEBUG net.serenitybdd.core.photography.Darkroom - Send negative for processing for target\site\serenity\aead4dfbb5390b52348afec03f3a6cdcc1fd1c93ef3f382a101f1f77af66a186.png
12:04:04.957 [main] DEBUG net.thucydides.core.steps.StepInterceptor - STEP DONE: inputPassword
12:04:04.957 [Darkroom Processing Line] DEBUG net.serenitybdd.core.photography.DarkroomProcessingLine - Processing screenshot image in /var/screenshots/screenshot-9685605553766557636
12:04:04.957 [Darkroom Processing Line] DEBUG net.serenitybdd.core.photography.DarkroomProcessingLine - Saving screenshot to target\site\serenity\aead4dfbb5390b52348afec03f3a6cdcc1fd1c93ef3f382a101f1f77af66a186.png
  &amp#27;[32mAnd &amp#27;[0m&amp#27;[32mI enter valid Password&amp#27;[0m              &amp#27;[90m# starter.stepdefinitions.LoginSteps.doEnterValidPassword()&amp#27;[0m
12:04:04.966 [Forwarding getPageSource on session 53c39b7a80434c88722bbb78bdefedc4 to remote] DEBUG org.asynchttpclient.netty.request.NettyRequestSender - Using pooled Channel '[id: 0xf5df20d2, L:/127.0.0.1:62952 - R:localhost/127.0.0.1:33318]' for 'POST' to 'http://localhost:33318/session/53c39b7a80434c88722bbb78bdefedc4/execute/sync'
12:04:04.966 [Forwarding getPageSource on session 53c39b7a80434c88722bbb78bdefedc4 to remote] DEBUG org.asynchttpclient.netty.request.NettyRequestSender - Using open Channel [id: 0xf5df20d2, L:/127.0.0.1:62952 - R:localhost/127.0.0.1:33318] for POST '/session/53c39b7a80434c88722bbb78bdefedc4/execute/sync'
12:04:04.977 [AsyncHttpClient-1-11] DEBUG org.asynchttpclient.netty.handler.HttpHandler - 

Request DefaultHttpRequest(decodeResult: success, version: HTTP/1.1)
POST /session/53c39b7a80434c88722bbb78bdefedc4/execute/sync HTTP/1.1
User-Agent: selenium/4.8.1 (java windows)
Content-Length: 176
Content-Type: application/json; charset=utf-8
host: localhost:33318
accept: */*

Response DefaultHttpResponse(decodeResult: success, version: HTTP/1.1)
HTTP/1.1 200 OK
Content-Length: 97073
Content-Type: application/json; charset=utf-8
cache-control: no-cache

12:04:04.977 [AsyncHttpClient-1-11] DEBUG org.asynchttpclient.netty.channel.ChannelManager - Adding key: http://localhost:33318 for channel [id: 0xf5df20d2, L:/127.0.0.1:62952 - R:localhost/127.0.0.1:33318]
12:04:04.982 [Forwarding getCurrentUrl on session 53c39b7a80434c88722bbb78bdefedc4 to remote] DEBUG org.asynchttpclient.netty.request.NettyRequestSender - Using pooled Channel '[id: 0xf5df20d2, L:/127.0.0.1:62952 - R:localhost/127.0.0.1:33318]' for 'GET' to 'http://localhost:33318/session/53c39b7a80434c88722bbb78bdefedc4/url'
12:04:04.982 [Forwarding getCurrentUrl on session 53c39b7a80434c88722bbb78bdefedc4 to remote] DEBUG org.asynchttpclient.netty.request.NettyRequestSender - Using open Channel [id: 0xf5df20d2, L:/127.0.0.1:62952 - R:localhost/127.0.0.1:33318] for GET '/session/53c39b7a80434c88722bbb78bdefedc4/url'
12:04:04.987 [AsyncHttpClient-1-11] DEBUG org.asynchttpclient.netty.handler.HttpHandler - 

Request DefaultFullHttpRequest(decodeResult: success, version: HTTP/1.1, content: EmptyByteBufBE)
GET /session/53c39b7a80434c88722bbb78bdefedc4/url HTTP/1.1
User-Agent: selenium/4.8.1 (java windows)
Cache-Control: no-cache
Content-Type: application/json; charset=utf-8
host: localhost:33318
accept: */*

Response DefaultHttpResponse(decodeResult: success, version: HTTP/1.1)
HTTP/1.1 200 OK
Content-Length: 42
Content-Type: application/json; charset=utf-8
cache-control: no-cache

12:04:04.987 [AsyncHttpClient-1-11] DEBUG org.asynchttpclient.netty.channel.ChannelManager - Adding key: http://localhost:33318 for channel [id: 0xf5df20d2, L:/127.0.0.1:62952 - R:localhost/127.0.0.1:33318]
12:04:04.996 [Forwarding getPageSource on session 53c39b7a80434c88722bbb78bdefedc4 to remote] DEBUG org.asynchttpclient.netty.request.NettyRequestSender - Using pooled Channel '[id: 0xf5df20d2, L:/127.0.0.1:62952 - R:localhost/127.0.0.1:33318]' for 'POST' to 'http://localhost:33318/session/53c39b7a80434c88722bbb78bdefedc4/execute/sync'
12:04:04.996 [Forwarding getPageSource on session 53c39b7a80434c88722bbb78bdefedc4 to remote] DEBUG org.asynchttpclient.netty.request.NettyRequestSender - Using open Channel [id: 0xf5df20d2, L:/127.0.0.1:62952 - R:localhost/127.0.0.1:33318] for POST '/session/53c39b7a80434c88722bbb78bdefedc4/execute/sync'
12:04:05.006 [AsyncHttpClient-1-11] DEBUG org.asynchttpclient.netty.handler.HttpHandler - 

Request DefaultHttpRequest(decodeResult: success, version: HTTP/1.1)
POST /session/53c39b7a80434c88722bbb78bdefedc4/execute/sync HTTP/1.1
User-Agent: selenium/4.8.1 (java windows)
Content-Length: 176
Content-Type: application/json; charset=utf-8
host: localhost:33318
accept: */*

Response DefaultHttpResponse(decodeResult: success, version: HTTP/1.1)
HTTP/1.1 200 OK
Content-Length: 97073
Content-Type: application/json; charset=utf-8
cache-control: no-cache

12:04:05.007 [AsyncHttpClient-1-11] DEBUG org.asynchttpclient.netty.channel.ChannelManager - Adding key: http://localhost:33318 for channel [id: 0xf5df20d2, L:/127.0.0.1:62952 - R:localhost/127.0.0.1:33318]
12:04:05.012 [Forwarding getCurrentUrl on session 53c39b7a80434c88722bbb78bdefedc4 to remote] DEBUG org.asynchttpclient.netty.request.NettyRequestSender - Using pooled Channel '[id: 0xf5df20d2, L:/127.0.0.1:62952 - R:localhost/127.0.0.1:33318]' for 'GET' to 'http://localhost:33318/session/53c39b7a80434c88722bbb78bdefedc4/url'
12:04:05.012 [Forwarding getCurrentUrl on session 53c39b7a80434c88722bbb78bdefedc4 to remote] DEBUG org.asynchttpclient.netty.request.NettyRequestSender - Using open Channel [id: 0xf5df20d2, L:/127.0.0.1:62952 - R:localhost/127.0.0.1:33318] for GET '/session/53c39b7a80434c88722bbb78bdefedc4/url'
12:04:05.017 [AsyncHttpClient-1-11] DEBUG org.asynchttpclient.netty.handler.HttpHandler - 

Request DefaultFullHttpRequest(decodeResult: success, version: HTTP/1.1, content: EmptyByteBufBE)
GET /session/53c39b7a80434c88722bbb78bdefedc4/url HTTP/1.1
User-Agent: selenium/4.8.1 (java windows)
Cache-Control: no-cache
Content-Type: application/json; charset=utf-8
host: localhost:33318
accept: */*

Response DefaultHttpResponse(decodeResult: success, version: HTTP/1.1)
HTTP/1.1 200 OK
Content-Length: 42
Content-Type: application/json; charset=utf-8
cache-control: no-cache

12:04:05.017 [AsyncHttpClient-1-11] DEBUG org.asynchttpclient.netty.channel.ChannelManager - Adding key: http://localhost:33318 for channel [id: 0xf5df20d2, L:/127.0.0.1:62952 - R:localhost/127.0.0.1:33318]
12:04:05.019 [main] DEBUG net.thucydides.core.steps.StepInterceptor - STARTING STEP: LoginSteps.doClickLoginButton - clickButtonLogin
12:04:05.021 [Forwarding findElement on session 53c39b7a80434c88722bbb78bdefedc4 to remote] DEBUG org.asynchttpclient.netty.request.NettyRequestSender - Using pooled Channel '[id: 0xf5df20d2, L:/127.0.0.1:62952 - R:localhost/127.0.0.1:33318]' for 'POST' to 'http://localhost:33318/session/53c39b7a80434c88722bbb78bdefedc4/element'
12:04:05.021 [Forwarding findElement on session 53c39b7a80434c88722bbb78bdefedc4 to remote] DEBUG org.asynchttpclient.netty.request.NettyRequestSender - Using open Channel [id: 0xf5df20d2, L:/127.0.0.1:62952 - R:localhost/127.0.0.1:33318] for POST '/session/53c39b7a80434c88722bbb78bdefedc4/element'
12:04:05.034 [AsyncHttpClient-1-11] DEBUG org.asynchttpclient.netty.handler.HttpHandler - 

Request DefaultHttpRequest(decodeResult: success, version: HTTP/1.1)
POST /session/53c39b7a80434c88722bbb78bdefedc4/element HTTP/1.1
User-Agent: selenium/4.8.1 (java windows)
Content-Length: 57
Content-Type: application/json; charset=utf-8
host: localhost:33318
accept: */*

Response DefaultHttpResponse(decodeResult: success, version: HTTP/1.1)
HTTP/1.1 200 OK
Content-Length: 88
Content-Type: application/json; charset=utf-8
cache-control: no-cache

12:04:05.034 [AsyncHttpClient-1-11] DEBUG org.asynchttpclient.netty.channel.ChannelManager - Adding key: http://localhost:33318 for channel [id: 0xf5df20d2, L:/127.0.0.1:62952 - R:localhost/127.0.0.1:33318]
12:04:05.035 [Forwarding getElementTagName on session 53c39b7a80434c88722bbb78bdefedc4 to remote] DEBUG org.asynchttpclient.netty.request.NettyRequestSender - Using pooled Channel '[id: 0xf5df20d2, L:/127.0.0.1:62952 - R:localhost/127.0.0.1:33318]' for 'GET' to 'http://localhost:33318/session/53c39b7a80434c88722bbb78bdefedc4/element/9ea911b9-4cdd-429c-8480-ac15137c9c0e/name'
12:04:05.035 [Forwarding getElementTagName on session 53c39b7a80434c88722bbb78bdefedc4 to remote] DEBUG org.asynchttpclient.netty.request.NettyRequestSender - Using open Channel [id: 0xf5df20d2, L:/127.0.0.1:62952 - R:localhost/127.0.0.1:33318] for GET '/session/53c39b7a80434c88722bbb78bdefedc4/element/9ea911b9-4cdd-429c-8480-ac15137c9c0e/name'
12:04:05.040 [AsyncHttpClient-1-11] DEBUG org.asynchttpclient.netty.handler.HttpHandler - 

Request DefaultFullHttpRequest(decodeResult: success, version: HTTP/1.1, content: EmptyByteBufBE)
GET /session/53c39b7a80434c88722bbb78bdefedc4/element/9ea911b9-4cdd-429c-8480-ac15137c9c0e/name HTTP/1.1
User-Agent: selenium/4.8.1 (java windows)
Cache-Control: no-cache
Content-Type: application/json; charset=utf-8
host: localhost:33318
accept: */*

Response DefaultHttpResponse(decodeResult: success, version: HTTP/1.1)
HTTP/1.1 200 OK
Content-Length: 18
Content-Type: application/json; charset=utf-8
cache-control: no-cache

12:04:05.040 [AsyncHttpClient-1-11] DEBUG org.asynchttpclient.netty.channel.ChannelManager - Adding key: http://localhost:33318 for channel [id: 0xf5df20d2, L:/127.0.0.1:62952 - R:localhost/127.0.0.1:33318]
12:04:05.041 [Forwarding getElementTagName on session 53c39b7a80434c88722bbb78bdefedc4 to remote] DEBUG org.asynchttpclient.netty.request.NettyRequestSender - Using pooled Channel '[id: 0xf5df20d2, L:/127.0.0.1:62952 - R:localhost/127.0.0.1:33318]' for 'GET' to 'http://localhost:33318/session/53c39b7a80434c88722bbb78bdefedc4/element/9ea911b9-4cdd-429c-8480-ac15137c9c0e/name'
12:04:05.041 [Forwarding getElementTagName on session 53c39b7a80434c88722bbb78bdefedc4 to remote] DEBUG org.asynchttpclient.netty.request.NettyRequestSender - Using open Channel [id: 0xf5df20d2, L:/127.0.0.1:62952 - R:localhost/127.0.0.1:33318] for GET '/session/53c39b7a80434c88722bbb78bdefedc4/element/9ea911b9-4cdd-429c-8480-ac15137c9c0e/name'
12:04:05.045 [AsyncHttpClient-1-11] DEBUG org.asynchttpclient.netty.handler.HttpHandler - 

Request DefaultFullHttpRequest(decodeResult: success, version: HTTP/1.1, content: EmptyByteBufBE)
GET /session/53c39b7a80434c88722bbb78bdefedc4/element/9ea911b9-4cdd-429c-8480-ac15137c9c0e/name HTTP/1.1
User-Agent: selenium/4.8.1 (java windows)
Cache-Control: no-cache
Content-Type: application/json; charset=utf-8
host: localhost:33318
accept: */*

Response DefaultHttpResponse(decodeResult: success, version: HTTP/1.1)
HTTP/1.1 200 OK
Content-Length: 18
Content-Type: application/json; charset=utf-8
cache-control: no-cache

12:04:05.045 [AsyncHttpClient-1-11] DEBUG org.asynchttpclient.netty.channel.ChannelManager - Adding key: http://localhost:33318 for channel [id: 0xf5df20d2, L:/127.0.0.1:62952 - R:localhost/127.0.0.1:33318]
12:04:05.047 [Forwarding isElementEnabled on session 53c39b7a80434c88722bbb78bdefedc4 to remote] DEBUG org.asynchttpclient.netty.request.NettyRequestSender - Using pooled Channel '[id: 0xf5df20d2, L:/127.0.0.1:62952 - R:localhost/127.0.0.1:33318]' for 'GET' to 'http://localhost:33318/session/53c39b7a80434c88722bbb78bdefedc4/element/9ea911b9-4cdd-429c-8480-ac15137c9c0e/enabled'
12:04:05.047 [Forwarding isElementEnabled on session 53c39b7a80434c88722bbb78bdefedc4 to remote] DEBUG org.asynchttpclient.netty.request.NettyRequestSender - Using open Channel [id: 0xf5df20d2, L:/127.0.0.1:62952 - R:localhost/127.0.0.1:33318] for GET '/session/53c39b7a80434c88722bbb78bdefedc4/element/9ea911b9-4cdd-429c-8480-ac15137c9c0e/enabled'
12:04:05.056 [AsyncHttpClient-1-11] DEBUG org.asynchttpclient.netty.handler.HttpHandler - 

Request DefaultFullHttpRequest(decodeResult: success, version: HTTP/1.1, content: EmptyByteBufBE)
GET /session/53c39b7a80434c88722bbb78bdefedc4/element/9ea911b9-4cdd-429c-8480-ac15137c9c0e/enabled HTTP/1.1
User-Agent: selenium/4.8.1 (java windows)
Cache-Control: no-cache
Content-Type: application/json; charset=utf-8
host: localhost:33318
accept: */*

Response DefaultHttpResponse(decodeResult: success, version: HTTP/1.1)
HTTP/1.1 200 OK
Content-Length: 14
Content-Type: application/json; charset=utf-8
cache-control: no-cache

12:04:05.056 [AsyncHttpClient-1-11] DEBUG org.asynchttpclient.netty.channel.ChannelManager - Adding key: http://localhost:33318 for channel [id: 0xf5df20d2, L:/127.0.0.1:62952 - R:localhost/127.0.0.1:33318]
12:04:05.057 [Forwarding isElementEnabled on session 53c39b7a80434c88722bbb78bdefedc4 to remote] DEBUG org.asynchttpclient.netty.request.NettyRequestSender - Using pooled Channel '[id: 0xf5df20d2, L:/127.0.0.1:62952 - R:localhost/127.0.0.1:33318]' for 'GET' to 'http://localhost:33318/session/53c39b7a80434c88722bbb78bdefedc4/element/9ea911b9-4cdd-429c-8480-ac15137c9c0e/enabled'
12:04:05.057 [Forwarding isElementEnabled on session 53c39b7a80434c88722bbb78bdefedc4 to remote] DEBUG org.asynchttpclient.netty.request.NettyRequestSender - Using open Channel [id: 0xf5df20d2, L:/127.0.0.1:62952 - R:localhost/127.0.0.1:33318] for GET '/session/53c39b7a80434c88722bbb78bdefedc4/element/9ea911b9-4cdd-429c-8480-ac15137c9c0e/enabled'
12:04:05.061 [AsyncHttpClient-1-1] DEBUG org.asynchttpclient.netty.channel.DefaultChannelPool - Entry count for : http://localhost:62954 : 1
12:04:05.062 [AsyncHttpClient-1-11] DEBUG org.asynchttpclient.netty.handler.HttpHandler - 

Request DefaultFullHttpRequest(decodeResult: success, version: HTTP/1.1, content: EmptyByteBufBE)
GET /session/53c39b7a80434c88722bbb78bdefedc4/element/9ea911b9-4cdd-429c-8480-ac15137c9c0e/enabled HTTP/1.1
User-Agent: selenium/4.8.1 (java windows)
Cache-Control: no-cache
Content-Type: application/json; charset=utf-8
host: localhost:33318
accept: */*

Response DefaultHttpResponse(decodeResult: success, version: HTTP/1.1)
HTTP/1.1 200 OK
Content-Length: 14
Content-Type: application/json; charset=utf-8
cache-control: no-cache

12:04:05.062 [AsyncHttpClient-1-11] DEBUG org.asynchttpclient.netty.channel.ChannelManager - Adding key: http://localhost:33318 for channel [id: 0xf5df20d2, L:/127.0.0.1:62952 - R:localhost/127.0.0.1:33318]
12:04:05.064 [Forwarding findElement on session 53c39b7a80434c88722bbb78bdefedc4 to remote] DEBUG org.asynchttpclient.netty.request.NettyRequestSender - Using pooled Channel '[id: 0xf5df20d2, L:/127.0.0.1:62952 - R:localhost/127.0.0.1:33318]' for 'POST' to 'http://localhost:33318/session/53c39b7a80434c88722bbb78bdefedc4/element'
12:04:05.064 [Forwarding findElement on session 53c39b7a80434c88722bbb78bdefedc4 to remote] DEBUG org.asynchttpclient.netty.request.NettyRequestSender - Using open Channel [id: 0xf5df20d2, L:/127.0.0.1:62952 - R:localhost/127.0.0.1:33318] for POST '/session/53c39b7a80434c88722bbb78bdefedc4/element'
12:04:05.070 [AsyncHttpClient-1-11] DEBUG org.asynchttpclient.netty.handler.HttpHandler - 

Request DefaultHttpRequest(decodeResult: success, version: HTTP/1.1)
POST /session/53c39b7a80434c88722bbb78bdefedc4/element HTTP/1.1
User-Agent: selenium/4.8.1 (java windows)
Content-Length: 57
Content-Type: application/json; charset=utf-8
host: localhost:33318
accept: */*

Response DefaultHttpResponse(decodeResult: success, version: HTTP/1.1)
HTTP/1.1 200 OK
Content-Length: 88
Content-Type: application/json; charset=utf-8
cache-control: no-cache

12:04:05.070 [AsyncHttpClient-1-11] DEBUG org.asynchttpclient.netty.channel.ChannelManager - Adding key: http://localhost:33318 for channel [id: 0xf5df20d2, L:/127.0.0.1:62952 - R:localhost/127.0.0.1:33318]
12:04:05.071 [Forwarding clickElement on session 53c39b7a80434c88722bbb78bdefedc4 to remote] DEBUG org.asynchttpclient.netty.request.NettyRequestSender - Using pooled Channel '[id: 0xf5df20d2, L:/127.0.0.1:62952 - R:localhost/127.0.0.1:33318]' for 'POST' to 'http://localhost:33318/session/53c39b7a80434c88722bbb78bdefedc4/element/9ea911b9-4cdd-429c-8480-ac15137c9c0e/click'
12:04:05.071 [Forwarding clickElement on session 53c39b7a80434c88722bbb78bdefedc4 to remote] DEBUG org.asynchttpclient.netty.request.NettyRequestSender - Using open Channel [id: 0xf5df20d2, L:/127.0.0.1:62952 - R:localhost/127.0.0.1:33318] for POST '/session/53c39b7a80434c88722bbb78bdefedc4/element/9ea911b9-4cdd-429c-8480-ac15137c9c0e/click'
12:04:05.153 [AsyncHttpClient-1-11] DEBUG org.asynchttpclient.netty.handler.HttpHandler - 

Request DefaultHttpRequest(decodeResult: success, version: HTTP/1.1)
POST /session/53c39b7a80434c88722bbb78bdefedc4/element/9ea911b9-4cdd-429c-8480-ac15137c9c0e/click HTTP/1.1
User-Agent: selenium/4.8.1 (java windows)
Content-Length: 50
Content-Type: application/json; charset=utf-8
host: localhost:33318
accept: */*

Response DefaultHttpResponse(decodeResult: success, version: HTTP/1.1)
HTTP/1.1 200 OK
Content-Length: 14
Content-Type: application/json; charset=utf-8
cache-control: no-cache

12:04:05.154 [AsyncHttpClient-1-11] DEBUG org.asynchttpclient.netty.channel.ChannelManager - Adding key: http://localhost:33318 for channel [id: 0xf5df20d2, L:/127.0.0.1:62952 - R:localhost/127.0.0.1:33318]
12:04:05.161 [Forwarding getAlertText on session 53c39b7a80434c88722bbb78bdefedc4 to remote] DEBUG org.asynchttpclient.netty.request.NettyRequestSender - Using pooled Channel '[id: 0xf5df20d2, L:/127.0.0.1:62952 - R:localhost/127.0.0.1:33318]' for 'GET' to 'http://localhost:33318/session/53c39b7a80434c88722bbb78bdefedc4/alert/text'
12:04:05.161 [Forwarding getAlertText on session 53c39b7a80434c88722bbb78bdefedc4 to remote] DEBUG org.asynchttpclient.netty.request.NettyRequestSender - Using open Channel [id: 0xf5df20d2, L:/127.0.0.1:62952 - R:localhost/127.0.0.1:33318] for GET '/session/53c39b7a80434c88722bbb78bdefedc4/alert/text'
12:04:05.163 [AsyncHttpClient-1-11] DEBUG org.asynchttpclient.netty.handler.HttpHandler - 

Request DefaultFullHttpRequest(decodeResult: success, version: HTTP/1.1, content: EmptyByteBufBE)
GET /session/53c39b7a80434c88722bbb78bdefedc4/alert/text HTTP/1.1
User-Agent: selenium/4.8.1 (java windows)
Cache-Control: no-cache
Content-Type: application/json; charset=utf-8
host: localhost:33318
accept: */*

Response DefaultHttpResponse(decodeResult: success, version: HTTP/1.1)
HTTP/1.1 404 Not Found
Content-Length: 821
Content-Type: application/json; charset=utf-8
cache-control: no-cache

12:04:05.163 [AsyncHttpClient-1-11] DEBUG org.asynchttpclient.netty.channel.ChannelManager - Adding key: http://localhost:33318 for channel [id: 0xf5df20d2, L:/127.0.0.1:62952 - R:localhost/127.0.0.1:33318]
12:04:05.164 [Forwarding getCurrentUrl on session 53c39b7a80434c88722bbb78bdefedc4 to remote] DEBUG org.asynchttpclient.netty.request.NettyRequestSender - Using pooled Channel '[id: 0xf5df20d2, L:/127.0.0.1:62952 - R:localhost/127.0.0.1:33318]' for 'GET' to 'http://localhost:33318/session/53c39b7a80434c88722bbb78bdefedc4/url'
12:04:05.164 [Forwarding getCurrentUrl on session 53c39b7a80434c88722bbb78bdefedc4 to remote] DEBUG org.asynchttpclient.netty.request.NettyRequestSender - Using open Channel [id: 0xf5df20d2, L:/127.0.0.1:62952 - R:localhost/127.0.0.1:33318] for GET '/session/53c39b7a80434c88722bbb78bdefedc4/url'
12:04:05.168 [AsyncHttpClient-1-11] DEBUG org.asynchttpclient.netty.handler.HttpHandler - 

Request DefaultFullHttpRequest(decodeResult: success, version: HTTP/1.1, content: EmptyByteBufBE)
GET /session/53c39b7a80434c88722bbb78bdefedc4/url HTTP/1.1
User-Agent: selenium/4.8.1 (java windows)
Cache-Control: no-cache
Content-Type: application/json; charset=utf-8
host: localhost:33318
accept: */*

Response DefaultHttpResponse(decodeResult: success, version: HTTP/1.1)
HTTP/1.1 200 OK
Content-Length: 42
Content-Type: application/json; charset=utf-8
cache-control: no-cache

12:04:05.168 [AsyncHttpClient-1-11] DEBUG org.asynchttpclient.netty.channel.ChannelManager - Adding key: http://localhost:33318 for channel [id: 0xf5df20d2, L:/127.0.0.1:62952 - R:localhost/127.0.0.1:33318]
12:04:05.169 [Forwarding screenshot on session 53c39b7a80434c88722bbb78bdefedc4 to remote] DEBUG org.asynchttpclient.netty.request.NettyRequestSender - Using pooled Channel '[id: 0xf5df20d2, L:/127.0.0.1:62952 - R:localhost/127.0.0.1:33318]' for 'GET' to 'http://localhost:33318/session/53c39b7a80434c88722bbb78bdefedc4/screenshot'
12:04:05.169 [Forwarding screenshot on session 53c39b7a80434c88722bbb78bdefedc4 to remote] DEBUG org.asynchttpclient.netty.request.NettyRequestSender - Using open Channel [id: 0xf5df20d2, L:/127.0.0.1:62952 - R:localhost/127.0.0.1:33318] for GET '/session/53c39b7a80434c88722bbb78bdefedc4/screenshot'
12:04:05.364 [AsyncHttpClient-1-11] DEBUG org.asynchttpclient.netty.handler.HttpHandler - 

Request DefaultFullHttpRequest(decodeResult: success, version: HTTP/1.1, content: EmptyByteBufBE)
GET /session/53c39b7a80434c88722bbb78bdefedc4/screenshot HTTP/1.1
User-Agent: selenium/4.8.1 (java windows)
Cache-Control: no-cache
Content-Type: application/json; charset=utf-8
host: localhost:33318
accept: */*

Response DefaultHttpResponse(decodeResult: success, version: HTTP/1.1)
HTTP/1.1 200 OK
Content-Length: 155348
Content-Type: application/json; charset=utf-8
cache-control: no-cache

12:04:05.364 [AsyncHttpClient-1-11] DEBUG org.asynchttpclient.netty.channel.ChannelManager - Adding key: http://localhost:33318 for channel [id: 0xf5df20d2, L:/127.0.0.1:62952 - R:localhost/127.0.0.1:33318]
12:04:05.370 [main] DEBUG net.serenitybdd.core.photography.Darkroom - Send negative for processing for target\site\serenity\396f0c13708b22d93eff111d4bc069a46b90f6502bb72618df8335a02bf2c09e.png
12:04:05.370 [main] DEBUG net.thucydides.core.steps.StepInterceptor - STEP DONE: clickButtonLogin
12:04:05.370 [Darkroom Processing Line] DEBUG net.serenitybdd.core.photography.DarkroomProcessingLine - Processing screenshot image in /var/screenshots/screenshot-6260954848649088302
  &amp#27;[32mAnd &amp#27;[0m&amp#27;[32mI clicked the enter login&amp#27;[0m           &amp#27;[90m# starter.stepdefinitions.LoginSteps.doClickLoginButton()&amp#27;[0m
12:04:05.370 [Darkroom Processing Line] DEBUG net.serenitybdd.core.photography.DarkroomProcessingLine - Saving screenshot to target\site\serenity\396f0c13708b22d93eff111d4bc069a46b90f6502bb72618df8335a02bf2c09e.png
12:04:05.383 [Forwarding getPageSource on session 53c39b7a80434c88722bbb78bdefedc4 to remote] DEBUG org.asynchttpclient.netty.request.NettyRequestSender - Using pooled Channel '[id: 0xf5df20d2, L:/127.0.0.1:62952 - R:localhost/127.0.0.1:33318]' for 'POST' to 'http://localhost:33318/session/53c39b7a80434c88722bbb78bdefedc4/execute/sync'
12:04:05.383 [Forwarding getPageSource on session 53c39b7a80434c88722bbb78bdefedc4 to remote] DEBUG org.asynchttpclient.netty.request.NettyRequestSender - Using open Channel [id: 0xf5df20d2, L:/127.0.0.1:62952 - R:localhost/127.0.0.1:33318] for POST '/session/53c39b7a80434c88722bbb78bdefedc4/execute/sync'
12:04:05.405 [AsyncHttpClient-1-11] DEBUG org.asynchttpclient.netty.handler.HttpHandler - 

Request DefaultHttpRequest(decodeResult: success, version: HTTP/1.1)
POST /session/53c39b7a80434c88722bbb78bdefedc4/execute/sync HTTP/1.1
User-Agent: selenium/4.8.1 (java windows)
Content-Length: 176
Content-Type: application/json; charset=utf-8
host: localhost:33318
accept: */*

Response DefaultHttpResponse(decodeResult: success, version: HTTP/1.1)
HTTP/1.1 200 OK
Content-Length: 103539
Content-Type: application/json; charset=utf-8
cache-control: no-cache

12:04:05.405 [AsyncHttpClient-1-11] DEBUG org.asynchttpclient.netty.channel.ChannelManager - Adding key: http://localhost:33318 for channel [id: 0xf5df20d2, L:/127.0.0.1:62952 - R:localhost/127.0.0.1:33318]
12:04:05.411 [Forwarding getCurrentUrl on session 53c39b7a80434c88722bbb78bdefedc4 to remote] DEBUG org.asynchttpclient.netty.request.NettyRequestSender - Using pooled Channel '[id: 0xf5df20d2, L:/127.0.0.1:62952 - R:localhost/127.0.0.1:33318]' for 'GET' to 'http://localhost:33318/session/53c39b7a80434c88722bbb78bdefedc4/url'
12:04:05.411 [Forwarding getCurrentUrl on session 53c39b7a80434c88722bbb78bdefedc4 to remote] DEBUG org.asynchttpclient.netty.request.NettyRequestSender - Using open Channel [id: 0xf5df20d2, L:/127.0.0.1:62952 - R:localhost/127.0.0.1:33318] for GET '/session/53c39b7a80434c88722bbb78bdefedc4/url'
12:04:05.416 [AsyncHttpClient-1-11] DEBUG org.asynchttpclient.netty.handler.HttpHandler - 

Request DefaultFullHttpRequest(decodeResult: success, version: HTTP/1.1, content: EmptyByteBufBE)
GET /session/53c39b7a80434c88722bbb78bdefedc4/url HTTP/1.1
User-Agent: selenium/4.8.1 (java windows)
Cache-Control: no-cache
Content-Type: application/json; charset=utf-8
host: localhost:33318
accept: */*

Response DefaultHttpResponse(decodeResult: success, version: HTTP/1.1)
HTTP/1.1 200 OK
Content-Length: 42
Content-Type: application/json; charset=utf-8
cache-control: no-cache

12:04:05.417 [AsyncHttpClient-1-11] DEBUG org.asynchttpclient.netty.channel.ChannelManager - Adding key: http://localhost:33318 for channel [id: 0xf5df20d2, L:/127.0.0.1:62952 - R:localhost/127.0.0.1:33318]
12:04:05.432 [Forwarding getAlertText on session 53c39b7a80434c88722bbb78bdefedc4 to remote] DEBUG org.asynchttpclient.netty.request.NettyRequestSender - Using pooled Channel '[id: 0xf5df20d2, L:/127.0.0.1:62952 - R:localhost/127.0.0.1:33318]' for 'GET' to 'http://localhost:33318/session/53c39b7a80434c88722bbb78bdefedc4/alert/text'
12:04:05.432 [Forwarding getAlertText on session 53c39b7a80434c88722bbb78bdefedc4 to remote] DEBUG org.asynchttpclient.netty.request.NettyRequestSender - Using open Channel [id: 0xf5df20d2, L:/127.0.0.1:62952 - R:localhost/127.0.0.1:33318] for GET '/session/53c39b7a80434c88722bbb78bdefedc4/alert/text'
12:04:05.437 [AsyncHttpClient-1-11] DEBUG org.asynchttpclient.netty.handler.HttpHandler - 

Request DefaultFullHttpRequest(decodeResult: success, version: HTTP/1.1, content: EmptyByteBufBE)
GET /session/53c39b7a80434c88722bbb78bdefedc4/alert/text HTTP/1.1
User-Agent: selenium/4.8.1 (java windows)
Cache-Control: no-cache
Content-Type: application/json; charset=utf-8
host: localhost:33318
accept: */*

Response DefaultHttpResponse(decodeResult: success, version: HTTP/1.1)
HTTP/1.1 404 Not Found
Content-Length: 821
Content-Type: application/json; charset=utf-8
cache-control: no-cache

12:04:05.437 [AsyncHttpClient-1-11] DEBUG org.asynchttpclient.netty.channel.ChannelManager - Adding key: http://localhost:33318 for channel [id: 0xf5df20d2, L:/127.0.0.1:62952 - R:localhost/127.0.0.1:33318]
12:04:05.438 [Forwarding getCurrentUrl on session 53c39b7a80434c88722bbb78bdefedc4 to remote] DEBUG org.asynchttpclient.netty.request.NettyRequestSender - Using pooled Channel '[id: 0xf5df20d2, L:/127.0.0.1:62952 - R:localhost/127.0.0.1:33318]' for 'GET' to 'http://localhost:33318/session/53c39b7a80434c88722bbb78bdefedc4/url'
12:04:05.438 [Forwarding getCurrentUrl on session 53c39b7a80434c88722bbb78bdefedc4 to remote] DEBUG org.asynchttpclient.netty.request.NettyRequestSender - Using open Channel [id: 0xf5df20d2, L:/127.0.0.1:62952 - R:localhost/127.0.0.1:33318] for GET '/session/53c39b7a80434c88722bbb78bdefedc4/url'
12:04:05.444 [AsyncHttpClient-1-11] DEBUG org.asynchttpclient.netty.handler.HttpHandler - 

Request DefaultFullHttpRequest(decodeResult: success, version: HTTP/1.1, content: EmptyByteBufBE)
GET /session/53c39b7a80434c88722bbb78bdefedc4/url HTTP/1.1
User-Agent: selenium/4.8.1 (java windows)
Cache-Control: no-cache
Content-Type: application/json; charset=utf-8
host: localhost:33318
accept: */*

Response DefaultHttpResponse(decodeResult: success, version: HTTP/1.1)
HTTP/1.1 200 OK
Content-Length: 42
Content-Type: application/json; charset=utf-8
cache-control: no-cache

12:04:05.445 [AsyncHttpClient-1-11] DEBUG org.asynchttpclient.netty.channel.ChannelManager - Adding key: http://localhost:33318 for channel [id: 0xf5df20d2, L:/127.0.0.1:62952 - R:localhost/127.0.0.1:33318]
12:04:05.445 [Forwarding screenshot on session 53c39b7a80434c88722bbb78bdefedc4 to remote] DEBUG org.asynchttpclient.netty.request.NettyRequestSender - Using pooled Channel '[id: 0xf5df20d2, L:/127.0.0.1:62952 - R:localhost/127.0.0.1:33318]' for 'GET' to 'http://localhost:33318/session/53c39b7a80434c88722bbb78bdefedc4/screenshot'
12:04:05.445 [Forwarding screenshot on session 53c39b7a80434c88722bbb78bdefedc4 to remote] DEBUG org.asynchttpclient.netty.request.NettyRequestSender - Using open Channel [id: 0xf5df20d2, L:/127.0.0.1:62952 - R:localhost/127.0.0.1:33318] for GET '/session/53c39b7a80434c88722bbb78bdefedc4/screenshot'
12:04:05.649 [AsyncHttpClient-1-11] DEBUG org.asynchttpclient.netty.handler.HttpHandler - 

Request DefaultFullHttpRequest(decodeResult: success, version: HTTP/1.1, content: EmptyByteBufBE)
GET /session/53c39b7a80434c88722bbb78bdefedc4/screenshot HTTP/1.1
User-Agent: selenium/4.8.1 (java windows)
Cache-Control: no-cache
Content-Type: application/json; charset=utf-8
host: localhost:33318
accept: */*

Response DefaultHttpResponse(decodeResult: success, version: HTTP/1.1)
HTTP/1.1 200 OK
Content-Length: 155612
Content-Type: application/json; charset=utf-8
cache-control: no-cache

12:04:05.649 [AsyncHttpClient-1-11] DEBUG org.asynchttpclient.netty.channel.ChannelManager - Adding key: http://localhost:33318 for channel [id: 0xf5df20d2, L:/127.0.0.1:62952 - R:localhost/127.0.0.1:33318]
12:04:05.657 [main] DEBUG net.serenitybdd.core.photography.Darkroom - Send negative for processing for target\site\serenity\ae2316eb3a6cca42db00d1c9ece2d393030ab7f41c349703c725334c7840249e.png
12:04:05.657 [Darkroom Processing Line] DEBUG net.serenitybdd.core.photography.DarkroomProcessingLine - Processing screenshot image in /var/screenshots/screenshot-4839888435771598989
12:04:05.657 [Darkroom Processing Line] DEBUG net.serenitybdd.core.photography.DarkroomProcessingLine - Saving screenshot to target\site\serenity\ae2316eb3a6cca42db00d1c9ece2d393030ab7f41c349703c725334c7840249e.png
12:04:05.659 [Forwarding getPageSource on session 53c39b7a80434c88722bbb78bdefedc4 to remote] DEBUG org.asynchttpclient.netty.request.NettyRequestSender - Using pooled Channel '[id: 0xf5df20d2, L:/127.0.0.1:62952 - R:localhost/127.0.0.1:33318]' for 'POST' to 'http://localhost:33318/session/53c39b7a80434c88722bbb78bdefedc4/execute/sync'
12:04:05.659 [Forwarding getPageSource on session 53c39b7a80434c88722bbb78bdefedc4 to remote] DEBUG org.asynchttpclient.netty.request.NettyRequestSender - Using open Channel [id: 0xf5df20d2, L:/127.0.0.1:62952 - R:localhost/127.0.0.1:33318] for POST '/session/53c39b7a80434c88722bbb78bdefedc4/execute/sync'
12:04:05.670 [AsyncHttpClient-1-11] DEBUG org.asynchttpclient.netty.handler.HttpHandler - 

Request DefaultHttpRequest(decodeResult: success, version: HTTP/1.1)
POST /session/53c39b7a80434c88722bbb78bdefedc4/execute/sync HTTP/1.1
User-Agent: selenium/4.8.1 (java windows)
Content-Length: 176
Content-Type: application/json; charset=utf-8
host: localhost:33318
accept: */*

Response DefaultHttpResponse(decodeResult: success, version: HTTP/1.1)
HTTP/1.1 200 OK
Content-Length: 100805
Content-Type: application/json; charset=utf-8
cache-control: no-cache

12:04:05.671 [AsyncHttpClient-1-11] DEBUG org.asynchttpclient.netty.channel.ChannelManager - Adding key: http://localhost:33318 for channel [id: 0xf5df20d2, L:/127.0.0.1:62952 - R:localhost/127.0.0.1:33318]
12:04:05.677 [Forwarding getCurrentUrl on session 53c39b7a80434c88722bbb78bdefedc4 to remote] DEBUG org.asynchttpclient.netty.request.NettyRequestSender - Using pooled Channel '[id: 0xf5df20d2, L:/127.0.0.1:62952 - R:localhost/127.0.0.1:33318]' for 'GET' to 'http://localhost:33318/session/53c39b7a80434c88722bbb78bdefedc4/url'
12:04:05.677 [Forwarding getCurrentUrl on session 53c39b7a80434c88722bbb78bdefedc4 to remote] DEBUG org.asynchttpclient.netty.request.NettyRequestSender - Using open Channel [id: 0xf5df20d2, L:/127.0.0.1:62952 - R:localhost/127.0.0.1:33318] for GET '/session/53c39b7a80434c88722bbb78bdefedc4/url'
12:04:05.682 [AsyncHttpClient-1-11] DEBUG org.asynchttpclient.netty.handler.HttpHandler - 

Request DefaultFullHttpRequest(decodeResult: success, version: HTTP/1.1, content: EmptyByteBufBE)
GET /session/53c39b7a80434c88722bbb78bdefedc4/url HTTP/1.1
User-Agent: selenium/4.8.1 (java windows)
Cache-Control: no-cache
Content-Type: application/json; charset=utf-8
host: localhost:33318
accept: */*

Response DefaultHttpResponse(decodeResult: success, version: HTTP/1.1)
HTTP/1.1 200 OK
Content-Length: 42
Content-Type: application/json; charset=utf-8
cache-control: no-cache

12:04:05.682 [AsyncHttpClient-1-11] DEBUG org.asynchttpclient.netty.channel.ChannelManager - Adding key: http://localhost:33318 for channel [id: 0xf5df20d2, L:/127.0.0.1:62952 - R:localhost/127.0.0.1:33318]
12:04:05.684 [main] DEBUG net.thucydides.core.steps.StepInterceptor - STARTING STEP: LoginSteps.onTheHomePage - validateOnTheHomePage
12:04:05.686 [Forwarding findElement on session 53c39b7a80434c88722bbb78bdefedc4 to remote] DEBUG org.asynchttpclient.netty.request.NettyRequestSender - Using pooled Channel '[id: 0xf5df20d2, L:/127.0.0.1:62952 - R:localhost/127.0.0.1:33318]' for 'POST' to 'http://localhost:33318/session/53c39b7a80434c88722bbb78bdefedc4/element'
12:04:05.686 [Forwarding findElement on session 53c39b7a80434c88722bbb78bdefedc4 to remote] DEBUG org.asynchttpclient.netty.request.NettyRequestSender - Using open Channel [id: 0xf5df20d2, L:/127.0.0.1:62952 - R:localhost/127.0.0.1:33318] for POST '/session/53c39b7a80434c88722bbb78bdefedc4/element'
12:04:05.698 [AsyncHttpClient-1-11] DEBUG org.asynchttpclient.netty.handler.HttpHandler - 

Request DefaultHttpRequest(decodeResult: success, version: HTTP/1.1)
POST /session/53c39b7a80434c88722bbb78bdefedc4/element HTTP/1.1
User-Agent: selenium/4.8.1 (java windows)
Content-Length: 54
Content-Type: application/json; charset=utf-8
host: localhost:33318
accept: */*

Response DefaultHttpResponse(decodeResult: success, version: HTTP/1.1)
HTTP/1.1 200 OK
Content-Length: 88
Content-Type: application/json; charset=utf-8
cache-control: no-cache

12:04:05.698 [AsyncHttpClient-1-11] DEBUG org.asynchttpclient.netty.channel.ChannelManager - Adding key: http://localhost:33318 for channel [id: 0xf5df20d2, L:/127.0.0.1:62952 - R:localhost/127.0.0.1:33318]
12:04:05.700 [Forwarding isElementDisplayed on session 53c39b7a80434c88722bbb78bdefedc4 to remote] DEBUG org.asynchttpclient.netty.request.NettyRequestSender - Using pooled Channel '[id: 0xf5df20d2, L:/127.0.0.1:62952 - R:localhost/127.0.0.1:33318]' for 'POST' to 'http://localhost:33318/session/53c39b7a80434c88722bbb78bdefedc4/execute/sync'
12:04:05.700 [Forwarding isElementDisplayed on session 53c39b7a80434c88722bbb78bdefedc4 to remote] DEBUG org.asynchttpclient.netty.request.NettyRequestSender - Using open Channel [id: 0xf5df20d2, L:/127.0.0.1:62952 - R:localhost/127.0.0.1:33318] for POST '/session/53c39b7a80434c88722bbb78bdefedc4/execute/sync'
12:04:05.714 [AsyncHttpClient-1-11] DEBUG org.asynchttpclient.netty.handler.HttpHandler - 

Request DefaultHttpRequest(decodeResult: success, version: HTTP/1.1)
POST /session/53c39b7a80434c88722bbb78bdefedc4/execute/sync HTTP/1.1
User-Agent: selenium/4.8.1 (java windows)
Content-Length: 48807
Content-Type: application/json; charset=utf-8
host: localhost:33318
accept: */*

Response DefaultHttpResponse(decodeResult: success, version: HTTP/1.1)
HTTP/1.1 200 OK
Content-Length: 14
Content-Type: application/json; charset=utf-8
cache-control: no-cache

12:04:05.714 [AsyncHttpClient-1-11] DEBUG org.asynchttpclient.netty.channel.ChannelManager - Adding key: http://localhost:33318 for channel [id: 0xf5df20d2, L:/127.0.0.1:62952 - R:localhost/127.0.0.1:33318]
12:04:05.718 [Forwarding getAlertText on session 53c39b7a80434c88722bbb78bdefedc4 to remote] DEBUG org.asynchttpclient.netty.request.NettyRequestSender - Using pooled Channel '[id: 0xf5df20d2, L:/127.0.0.1:62952 - R:localhost/127.0.0.1:33318]' for 'GET' to 'http://localhost:33318/session/53c39b7a80434c88722bbb78bdefedc4/alert/text'
12:04:05.718 [Forwarding getAlertText on session 53c39b7a80434c88722bbb78bdefedc4 to remote] DEBUG org.asynchttpclient.netty.request.NettyRequestSender - Using open Channel [id: 0xf5df20d2, L:/127.0.0.1:62952 - R:localhost/127.0.0.1:33318] for GET '/session/53c39b7a80434c88722bbb78bdefedc4/alert/text'
12:04:05.720 [AsyncHttpClient-1-11] DEBUG org.asynchttpclient.netty.handler.HttpHandler - 

Request DefaultFullHttpRequest(decodeResult: success, version: HTTP/1.1, content: EmptyByteBufBE)
GET /session/53c39b7a80434c88722bbb78bdefedc4/alert/text HTTP/1.1
User-Agent: selenium/4.8.1 (java windows)
Cache-Control: no-cache
Content-Type: application/json; charset=utf-8
host: localhost:33318
accept: */*

Response DefaultHttpResponse(decodeResult: success, version: HTTP/1.1)
HTTP/1.1 404 Not Found
Content-Length: 821
Content-Type: application/json; charset=utf-8
cache-control: no-cache

12:04:05.720 [AsyncHttpClient-1-11] DEBUG org.asynchttpclient.netty.channel.ChannelManager - Adding key: http://localhost:33318 for channel [id: 0xf5df20d2, L:/127.0.0.1:62952 - R:localhost/127.0.0.1:33318]
12:04:05.722 [Forwarding getCurrentUrl on session 53c39b7a80434c88722bbb78bdefedc4 to remote] DEBUG org.asynchttpclient.netty.request.NettyRequestSender - Using pooled Channel '[id: 0xf5df20d2, L:/127.0.0.1:62952 - R:localhost/127.0.0.1:33318]' for 'GET' to 'http://localhost:33318/session/53c39b7a80434c88722bbb78bdefedc4/url'
12:04:05.722 [Forwarding getCurrentUrl on session 53c39b7a80434c88722bbb78bdefedc4 to remote] DEBUG org.asynchttpclient.netty.request.NettyRequestSender - Using open Channel [id: 0xf5df20d2, L:/127.0.0.1:62952 - R:localhost/127.0.0.1:33318] for GET '/session/53c39b7a80434c88722bbb78bdefedc4/url'
12:04:05.726 [AsyncHttpClient-1-11] DEBUG org.asynchttpclient.netty.handler.HttpHandler - 

Request DefaultFullHttpRequest(decodeResult: success, version: HTTP/1.1, content: EmptyByteBufBE)
GET /session/53c39b7a80434c88722bbb78bdefedc4/url HTTP/1.1
User-Agent: selenium/4.8.1 (java windows)
Cache-Control: no-cache
Content-Type: application/json; charset=utf-8
host: localhost:33318
accept: */*

Response DefaultHttpResponse(decodeResult: success, version: HTTP/1.1)
HTTP/1.1 200 OK
Content-Length: 42
Content-Type: application/json; charset=utf-8
cache-control: no-cache

12:04:05.727 [AsyncHttpClient-1-11] DEBUG org.asynchttpclient.netty.channel.ChannelManager - Adding key: http://localhost:33318 for channel [id: 0xf5df20d2, L:/127.0.0.1:62952 - R:localhost/127.0.0.1:33318]
12:04:05.728 [Forwarding screenshot on session 53c39b7a80434c88722bbb78bdefedc4 to remote] DEBUG org.asynchttpclient.netty.request.NettyRequestSender - Using pooled Channel '[id: 0xf5df20d2, L:/127.0.0.1:62952 - R:localhost/127.0.0.1:33318]' for 'GET' to 'http://localhost:33318/session/53c39b7a80434c88722bbb78bdefedc4/screenshot'
12:04:05.728 [Forwarding screenshot on session 53c39b7a80434c88722bbb78bdefedc4 to remote] DEBUG org.asynchttpclient.netty.request.NettyRequestSender - Using open Channel [id: 0xf5df20d2, L:/127.0.0.1:62952 - R:localhost/127.0.0.1:33318] for GET '/session/53c39b7a80434c88722bbb78bdefedc4/screenshot'
12:04:05.918 [AsyncHttpClient-1-11] DEBUG org.asynchttpclient.netty.handler.HttpHandler - 

Request DefaultFullHttpRequest(decodeResult: success, version: HTTP/1.1, content: EmptyByteBufBE)
GET /session/53c39b7a80434c88722bbb78bdefedc4/screenshot HTTP/1.1
User-Agent: selenium/4.8.1 (java windows)
Cache-Control: no-cache
Content-Type: application/json; charset=utf-8
host: localhost:33318
accept: */*

Response DefaultHttpResponse(decodeResult: success, version: HTTP/1.1)
HTTP/1.1 200 OK
Content-Length: 298012
Content-Type: application/json; charset=utf-8
cache-control: no-cache

12:04:05.919 [AsyncHttpClient-1-11] DEBUG org.asynchttpclient.netty.channel.ChannelManager - Adding key: http://localhost:33318 for channel [id: 0xf5df20d2, L:/127.0.0.1:62952 - R:localhost/127.0.0.1:33318]
12:04:05.927 [main] DEBUG net.serenitybdd.core.photography.Darkroom - Send negative for processing for target\site\serenity\795329911ef43b6eb99858fb14c2eb0137a0c52e495c05af14c0d207d7327c30.png
12:04:05.927 [main] DEBUG net.thucydides.core.steps.StepInterceptor - STEP DONE: validateOnTheHomePage
12:04:05.927 [Darkroom Processing Line] DEBUG net.serenitybdd.core.photography.DarkroomProcessingLine - Processing screenshot image in /var/screenshots/screenshot-3792241460501254338
12:04:05.927 [Darkroom Processing Line] DEBUG net.serenitybdd.core.photography.DarkroomProcessingLine - Saving screenshot to target\site\serenity\795329911ef43b6eb99858fb14c2eb0137a0c52e495c05af14c0d207d7327c30.png
  &amp#27;[32mThen &amp#27;[0m&amp#27;[32mi am on the home page&amp#27;[0m              &amp#27;[90m# starter.stepdefinitions.LoginSteps.onTheHomePage()&amp#27;[0m
12:04:05.935 [Forwarding getPageSource on session 53c39b7a80434c88722bbb78bdefedc4 to remote] DEBUG org.asynchttpclient.netty.request.NettyRequestSender - Using pooled Channel '[id: 0xf5df20d2, L:/127.0.0.1:62952 - R:localhost/127.0.0.1:33318]' for 'POST' to 'http://localhost:33318/session/53c39b7a80434c88722bbb78bdefedc4/execute/sync'
12:04:05.936 [Forwarding getPageSource on session 53c39b7a80434c88722bbb78bdefedc4 to remote] DEBUG org.asynchttpclient.netty.request.NettyRequestSender - Using open Channel [id: 0xf5df20d2, L:/127.0.0.1:62952 - R:localhost/127.0.0.1:33318] for POST '/session/53c39b7a80434c88722bbb78bdefedc4/execute/sync'
12:04:05.946 [AsyncHttpClient-1-11] DEBUG org.asynchttpclient.netty.handler.HttpHandler - 

Request DefaultHttpRequest(decodeResult: success, version: HTTP/1.1)
POST /session/53c39b7a80434c88722bbb78bdefedc4/execute/sync HTTP/1.1
User-Agent: selenium/4.8.1 (java windows)
Content-Length: 176
Content-Type: application/json; charset=utf-8
host: localhost:33318
accept: */*

Response DefaultHttpResponse(decodeResult: success, version: HTTP/1.1)
HTTP/1.1 200 OK
Content-Length: 100805
Content-Type: application/json; charset=utf-8
cache-control: no-cache

12:04:05.947 [AsyncHttpClient-1-11] DEBUG org.asynchttpclient.netty.channel.ChannelManager - Adding key: http://localhost:33318 for channel [id: 0xf5df20d2, L:/127.0.0.1:62952 - R:localhost/127.0.0.1:33318]
12:04:05.951 [Forwarding getCurrentUrl on session 53c39b7a80434c88722bbb78bdefedc4 to remote] DEBUG org.asynchttpclient.netty.request.NettyRequestSender - Using pooled Channel '[id: 0xf5df20d2, L:/127.0.0.1:62952 - R:localhost/127.0.0.1:33318]' for 'GET' to 'http://localhost:33318/session/53c39b7a80434c88722bbb78bdefedc4/url'
12:04:05.951 [Forwarding getCurrentUrl on session 53c39b7a80434c88722bbb78bdefedc4 to remote] DEBUG org.asynchttpclient.netty.request.NettyRequestSender - Using open Channel [id: 0xf5df20d2, L:/127.0.0.1:62952 - R:localhost/127.0.0.1:33318] for GET '/session/53c39b7a80434c88722bbb78bdefedc4/url'
12:04:05.956 [AsyncHttpClient-1-11] DEBUG org.asynchttpclient.netty.handler.HttpHandler - 

Request DefaultFullHttpRequest(decodeResult: success, version: HTTP/1.1, content: EmptyByteBufBE)
GET /session/53c39b7a80434c88722bbb78bdefedc4/url HTTP/1.1
User-Agent: selenium/4.8.1 (java windows)
Cache-Control: no-cache
Content-Type: application/json; charset=utf-8
host: localhost:33318
accept: */*

Response DefaultHttpResponse(decodeResult: success, version: HTTP/1.1)
HTTP/1.1 200 OK
Content-Length: 42
Content-Type: application/json; charset=utf-8
cache-control: no-cache

12:04:05.956 [AsyncHttpClient-1-11] DEBUG org.asynchttpclient.netty.channel.ChannelManager - Adding key: http://localhost:33318 for channel [id: 0xf5df20d2, L:/127.0.0.1:62952 - R:localhost/127.0.0.1:33318]
12:04:05.965 [Forwarding getPageSource on session 53c39b7a80434c88722bbb78bdefedc4 to remote] DEBUG org.asynchttpclient.netty.request.NettyRequestSender - Using pooled Channel '[id: 0xf5df20d2, L:/127.0.0.1:62952 - R:localhost/127.0.0.1:33318]' for 'POST' to 'http://localhost:33318/session/53c39b7a80434c88722bbb78bdefedc4/execute/sync'
12:04:05.965 [Forwarding getPageSource on session 53c39b7a80434c88722bbb78bdefedc4 to remote] DEBUG org.asynchttpclient.netty.request.NettyRequestSender - Using open Channel [id: 0xf5df20d2, L:/127.0.0.1:62952 - R:localhost/127.0.0.1:33318] for POST '/session/53c39b7a80434c88722bbb78bdefedc4/execute/sync'
12:04:05.974 [AsyncHttpClient-1-11] DEBUG org.asynchttpclient.netty.handler.HttpHandler - 

Request DefaultHttpRequest(decodeResult: success, version: HTTP/1.1)
POST /session/53c39b7a80434c88722bbb78bdefedc4/execute/sync HTTP/1.1
User-Agent: selenium/4.8.1 (java windows)
Content-Length: 176
Content-Type: application/json; charset=utf-8
host: localhost:33318
accept: */*

Response DefaultHttpResponse(decodeResult: success, version: HTTP/1.1)
HTTP/1.1 200 OK
Content-Length: 100805
Content-Type: application/json; charset=utf-8
cache-control: no-cache

12:04:05.975 [AsyncHttpClient-1-11] DEBUG org.asynchttpclient.netty.channel.ChannelManager - Adding key: http://localhost:33318 for channel [id: 0xf5df20d2, L:/127.0.0.1:62952 - R:localhost/127.0.0.1:33318]
12:04:05.981 [Forwarding getCurrentUrl on session 53c39b7a80434c88722bbb78bdefedc4 to remote] DEBUG org.asynchttpclient.netty.request.NettyRequestSender - Using pooled Channel '[id: 0xf5df20d2, L:/127.0.0.1:62952 - R:localhost/127.0.0.1:33318]' for 'GET' to 'http://localhost:33318/session/53c39b7a80434c88722bbb78bdefedc4/url'
12:04:05.981 [Forwarding getCurrentUrl on session 53c39b7a80434c88722bbb78bdefedc4 to remote] DEBUG org.asynchttpclient.netty.request.NettyRequestSender - Using open Channel [id: 0xf5df20d2, L:/127.0.0.1:62952 - R:localhost/127.0.0.1:33318] for GET '/session/53c39b7a80434c88722bbb78bdefedc4/url'
12:04:05.985 [AsyncHttpClient-1-11] DEBUG org.asynchttpclient.netty.handler.HttpHandler - 

Request DefaultFullHttpRequest(decodeResult: success, version: HTTP/1.1, content: EmptyByteBufBE)
GET /session/53c39b7a80434c88722bbb78bdefedc4/url HTTP/1.1
User-Agent: selenium/4.8.1 (java windows)
Cache-Control: no-cache
Content-Type: application/json; charset=utf-8
host: localhost:33318
accept: */*

Response DefaultHttpResponse(decodeResult: success, version: HTTP/1.1)
HTTP/1.1 200 OK
Content-Length: 42
Content-Type: application/json; charset=utf-8
cache-control: no-cache

12:04:05.985 [AsyncHttpClient-1-11] DEBUG org.asynchttpclient.netty.channel.ChannelManager - Adding key: http://localhost:33318 for channel [id: 0xf5df20d2, L:/127.0.0.1:62952 - R:localhost/127.0.0.1:33318]
12:04:05.987 [main] DEBUG net.thucydides.core.steps.StepInterceptor - STARTING STEP: LoginSteps.iconProduct - clickIconProduct
12:04:05.990 [Forwarding findElement on session 53c39b7a80434c88722bbb78bdefedc4 to remote] DEBUG org.asynchttpclient.netty.request.NettyRequestSender - Using pooled Channel '[id: 0xf5df20d2, L:/127.0.0.1:62952 - R:localhost/127.0.0.1:33318]' for 'POST' to 'http://localhost:33318/session/53c39b7a80434c88722bbb78bdefedc4/element'
12:04:05.990 [Forwarding findElement on session 53c39b7a80434c88722bbb78bdefedc4 to remote] DEBUG org.asynchttpclient.netty.request.NettyRequestSender - Using open Channel [id: 0xf5df20d2, L:/127.0.0.1:62952 - R:localhost/127.0.0.1:33318] for POST '/session/53c39b7a80434c88722bbb78bdefedc4/element'
12:04:06.155 [AsyncHttpClient-1-1] DEBUG org.asynchttpclient.netty.channel.DefaultChannelPool - Entry count for : http://localhost:62954 : 1
12:04:07.261 [AsyncHttpClient-1-1] DEBUG org.asynchttpclient.netty.channel.DefaultChannelPool - Entry count for : http://localhost:62954 : 1
12:04:08.018 [AsyncHttpClient-1-11] DEBUG org.asynchttpclient.netty.handler.HttpHandler - 

Request DefaultHttpRequest(decodeResult: success, version: HTTP/1.1)
POST /session/53c39b7a80434c88722bbb78bdefedc4/element HTTP/1.1
User-Agent: selenium/4.8.1 (java windows)
Content-Length: 59
Content-Type: application/json; charset=utf-8
host: localhost:33318
accept: */*

Response DefaultHttpResponse(decodeResult: success, version: HTTP/1.1)
HTTP/1.1 404 Not Found
Content-Length: 943
Content-Type: application/json; charset=utf-8
cache-control: no-cache

12:04:08.018 [AsyncHttpClient-1-11] DEBUG org.asynchttpclient.netty.channel.ChannelManager - Adding key: http://localhost:33318 for channel [id: 0xf5df20d2, L:/127.0.0.1:62952 - R:localhost/127.0.0.1:33318]
12:04:08.135 [Forwarding findElement on session 53c39b7a80434c88722bbb78bdefedc4 to remote] DEBUG org.asynchttpclient.netty.request.NettyRequestSender - Using pooled Channel '[id: 0xf5df20d2, L:/127.0.0.1:62952 - R:localhost/127.0.0.1:33318]' for 'POST' to 'http://localhost:33318/session/53c39b7a80434c88722bbb78bdefedc4/element'
12:04:08.135 [Forwarding findElement on session 53c39b7a80434c88722bbb78bdefedc4 to remote] DEBUG org.asynchttpclient.netty.request.NettyRequestSender - Using open Channel [id: 0xf5df20d2, L:/127.0.0.1:62952 - R:localhost/127.0.0.1:33318] for POST '/session/53c39b7a80434c88722bbb78bdefedc4/element'
12:04:08.354 [AsyncHttpClient-1-1] DEBUG org.asynchttpclient.netty.channel.DefaultChannelPool - Entry count for : http://localhost:62954 : 1
12:04:09.460 [AsyncHttpClient-1-1] DEBUG org.asynchttpclient.netty.channel.DefaultChannelPool - Entry count for : http://localhost:62954 : 1
12:04:10.196 [AsyncHttpClient-1-11] DEBUG org.asynchttpclient.netty.handler.HttpHandler - 

Request DefaultHttpRequest(decodeResult: success, version: HTTP/1.1)
POST /session/53c39b7a80434c88722bbb78bdefedc4/element HTTP/1.1
User-Agent: selenium/4.8.1 (java windows)
Content-Length: 59
Content-Type: application/json; charset=utf-8
host: localhost:33318
accept: */*

Response DefaultHttpResponse(decodeResult: success, version: HTTP/1.1)
HTTP/1.1 404 Not Found
Content-Length: 943
Content-Type: application/json; charset=utf-8
cache-control: no-cache

12:04:10.196 [AsyncHttpClient-1-11] DEBUG org.asynchttpclient.netty.channel.ChannelManager - Adding key: http://localhost:33318 for channel [id: 0xf5df20d2, L:/127.0.0.1:62952 - R:localhost/127.0.0.1:33318]
12:04:10.299 [Forwarding findElement on session 53c39b7a80434c88722bbb78bdefedc4 to remote] DEBUG org.asynchttpclient.netty.request.NettyRequestSender - Using pooled Channel '[id: 0xf5df20d2, L:/127.0.0.1:62952 - R:localhost/127.0.0.1:33318]' for 'POST' to 'http://localhost:33318/session/53c39b7a80434c88722bbb78bdefedc4/element'
12:04:10.299 [Forwarding findElement on session 53c39b7a80434c88722bbb78bdefedc4 to remote] DEBUG org.asynchttpclient.netty.request.NettyRequestSender - Using open Channel [id: 0xf5df20d2, L:/127.0.0.1:62952 - R:localhost/127.0.0.1:33318] for POST '/session/53c39b7a80434c88722bbb78bdefedc4/element'
12:04:10.562 [AsyncHttpClient-1-1] DEBUG org.asynchttpclient.netty.channel.DefaultChannelPool - Entry count for : http://localhost:62954 : 1
12:04:11.655 [AsyncHttpClient-1-1] DEBUG org.asynchttpclient.netty.channel.DefaultChannelPool - Entry count for : http://localhost:62954 : 1
12:04:12.360 [AsyncHttpClient-1-11] DEBUG org.asynchttpclient.netty.handler.HttpHandler - 

Request DefaultHttpRequest(decodeResult: success, version: HTTP/1.1)
POST /session/53c39b7a80434c88722bbb78bdefedc4/element HTTP/1.1
User-Agent: selenium/4.8.1 (java windows)
Content-Length: 59
Content-Type: application/json; charset=utf-8
host: localhost:33318
accept: */*

Response DefaultHttpResponse(decodeResult: success, version: HTTP/1.1)
HTTP/1.1 404 Not Found
Content-Length: 943
Content-Type: application/json; charset=utf-8
cache-control: no-cache

12:04:12.360 [AsyncHttpClient-1-11] DEBUG org.asynchttpclient.netty.channel.ChannelManager - Adding key: http://localhost:33318 for channel [id: 0xf5df20d2, L:/127.0.0.1:62952 - R:localhost/127.0.0.1:33318]
12:04:12.363 [Forwarding getAlertText on session 53c39b7a80434c88722bbb78bdefedc4 to remote] DEBUG org.asynchttpclient.netty.request.NettyRequestSender - Using pooled Channel '[id: 0xf5df20d2, L:/127.0.0.1:62952 - R:localhost/127.0.0.1:33318]' for 'GET' to 'http://localhost:33318/session/53c39b7a80434c88722bbb78bdefedc4/alert/text'
12:04:12.364 [Forwarding getAlertText on session 53c39b7a80434c88722bbb78bdefedc4 to remote] DEBUG org.asynchttpclient.netty.request.NettyRequestSender - Using open Channel [id: 0xf5df20d2, L:/127.0.0.1:62952 - R:localhost/127.0.0.1:33318] for GET '/session/53c39b7a80434c88722bbb78bdefedc4/alert/text'
12:04:12.366 [AsyncHttpClient-1-11] DEBUG org.asynchttpclient.netty.handler.HttpHandler - 

Request DefaultFullHttpRequest(decodeResult: success, version: HTTP/1.1, content: EmptyByteBufBE)
GET /session/53c39b7a80434c88722bbb78bdefedc4/alert/text HTTP/1.1
User-Agent: selenium/4.8.1 (java windows)
Cache-Control: no-cache
Content-Type: application/json; charset=utf-8
host: localhost:33318
accept: */*

Response DefaultHttpResponse(decodeResult: success, version: HTTP/1.1)
HTTP/1.1 404 Not Found
Content-Length: 821
Content-Type: application/json; charset=utf-8
cache-control: no-cache

12:04:12.366 [AsyncHttpClient-1-11] DEBUG org.asynchttpclient.netty.channel.ChannelManager - Adding key: http://localhost:33318 for channel [id: 0xf5df20d2, L:/127.0.0.1:62952 - R:localhost/127.0.0.1:33318]
12:04:12.366 [Forwarding getCurrentUrl on session 53c39b7a80434c88722bbb78bdefedc4 to remote] DEBUG org.asynchttpclient.netty.request.NettyRequestSender - Using pooled Channel '[id: 0xf5df20d2, L:/127.0.0.1:62952 - R:localhost/127.0.0.1:33318]' for 'GET' to 'http://localhost:33318/session/53c39b7a80434c88722bbb78bdefedc4/url'
12:04:12.366 [Forwarding getCurrentUrl on session 53c39b7a80434c88722bbb78bdefedc4 to remote] DEBUG org.asynchttpclient.netty.request.NettyRequestSender - Using open Channel [id: 0xf5df20d2, L:/127.0.0.1:62952 - R:localhost/127.0.0.1:33318] for GET '/session/53c39b7a80434c88722bbb78bdefedc4/url'
12:04:12.370 [AsyncHttpClient-1-11] DEBUG org.asynchttpclient.netty.handler.HttpHandler - 

Request DefaultFullHttpRequest(decodeResult: success, version: HTTP/1.1, content: EmptyByteBufBE)
GET /session/53c39b7a80434c88722bbb78bdefedc4/url HTTP/1.1
User-Agent: selenium/4.8.1 (java windows)
Cache-Control: no-cache
Content-Type: application/json; charset=utf-8
host: localhost:33318
accept: */*

Response DefaultHttpResponse(decodeResult: success, version: HTTP/1.1)
HTTP/1.1 200 OK
Content-Length: 42
Content-Type: application/json; charset=utf-8
cache-control: no-cache

12:04:12.370 [AsyncHttpClient-1-11] DEBUG org.asynchttpclient.netty.channel.ChannelManager - Adding key: http://localhost:33318 for channel [id: 0xf5df20d2, L:/127.0.0.1:62952 - R:localhost/127.0.0.1:33318]
12:04:12.372 [Forwarding screenshot on session 53c39b7a80434c88722bbb78bdefedc4 to remote] DEBUG org.asynchttpclient.netty.request.NettyRequestSender - Using pooled Channel '[id: 0xf5df20d2, L:/127.0.0.1:62952 - R:localhost/127.0.0.1:33318]' for 'GET' to 'http://localhost:33318/session/53c39b7a80434c88722bbb78bdefedc4/screenshot'
12:04:12.372 [Forwarding screenshot on session 53c39b7a80434c88722bbb78bdefedc4 to remote] DEBUG org.asynchttpclient.netty.request.NettyRequestSender - Using open Channel [id: 0xf5df20d2, L:/127.0.0.1:62952 - R:localhost/127.0.0.1:33318] for GET '/session/53c39b7a80434c88722bbb78bdefedc4/screenshot'
12:04:12.507 [AsyncHttpClient-1-11] DEBUG org.asynchttpclient.netty.handler.HttpHandler - 

Request DefaultFullHttpRequest(decodeResult: success, version: HTTP/1.1, content: EmptyByteBufBE)
GET /session/53c39b7a80434c88722bbb78bdefedc4/screenshot HTTP/1.1
User-Agent: selenium/4.8.1 (java windows)
Cache-Control: no-cache
Content-Type: application/json; charset=utf-8
host: localhost:33318
accept: */*

Response DefaultHttpResponse(decodeResult: success, version: HTTP/1.1)
HTTP/1.1 200 OK
Content-Length: 298012
Content-Type: application/json; charset=utf-8
cache-control: no-cache

12:04:12.507 [AsyncHttpClient-1-11] DEBUG org.asynchttpclient.netty.channel.ChannelManager - Adding key: http://localhost:33318 for channel [id: 0xf5df20d2, L:/127.0.0.1:62952 - R:localhost/127.0.0.1:33318]
12:04:12.517 [main] DEBUG net.serenitybdd.core.photography.Darkroom - Send negative for processing for target\site\serenity\795329911ef43b6eb99858fb14c2eb0137a0c52e495c05af14c0d207d7327c30.png
12:04:12.518 [Forwarding getPageSource on session 53c39b7a80434c88722bbb78bdefedc4 to remote] DEBUG org.asynchttpclient.netty.request.NettyRequestSender - Using pooled Channel '[id: 0xf5df20d2, L:/127.0.0.1:62952 - R:localhost/127.0.0.1:33318]' for 'POST' to 'http://localhost:33318/session/53c39b7a80434c88722bbb78bdefedc4/execute/sync'
12:04:12.518 [Forwarding getPageSource on session 53c39b7a80434c88722bbb78bdefedc4 to remote] DEBUG org.asynchttpclient.netty.request.NettyRequestSender - Using open Channel [id: 0xf5df20d2, L:/127.0.0.1:62952 - R:localhost/127.0.0.1:33318] for POST '/session/53c39b7a80434c88722bbb78bdefedc4/execute/sync'
12:04:12.529 [AsyncHttpClient-1-11] DEBUG org.asynchttpclient.netty.handler.HttpHandler - 

Request DefaultHttpRequest(decodeResult: success, version: HTTP/1.1)
POST /session/53c39b7a80434c88722bbb78bdefedc4/execute/sync HTTP/1.1
User-Agent: selenium/4.8.1 (java windows)
Content-Length: 176
Content-Type: application/json; charset=utf-8
host: localhost:33318
accept: */*

Response DefaultHttpResponse(decodeResult: success, version: HTTP/1.1)
HTTP/1.1 200 OK
Content-Length: 100805
Content-Type: application/json; charset=utf-8
cache-control: no-cache

12:04:12.530 [AsyncHttpClient-1-11] DEBUG org.asynchttpclient.netty.channel.ChannelManager - Adding key: http://localhost:33318 for channel [id: 0xf5df20d2, L:/127.0.0.1:62952 - R:localhost/127.0.0.1:33318]
12:04:12.534 [Forwarding getCurrentUrl on session 53c39b7a80434c88722bbb78bdefedc4 to remote] DEBUG org.asynchttpclient.netty.request.NettyRequestSender - Using pooled Channel '[id: 0xf5df20d2, L:/127.0.0.1:62952 - R:localhost/127.0.0.1:33318]' for 'GET' to 'http://localhost:33318/session/53c39b7a80434c88722bbb78bdefedc4/url'
12:04:12.534 [Forwarding getCurrentUrl on session 53c39b7a80434c88722bbb78bdefedc4 to remote] DEBUG org.asynchttpclient.netty.request.NettyRequestSender - Using open Channel [id: 0xf5df20d2, L:/127.0.0.1:62952 - R:localhost/127.0.0.1:33318] for GET '/session/53c39b7a80434c88722bbb78bdefedc4/url'
12:04:12.539 [AsyncHttpClient-1-11] DEBUG org.asynchttpclient.netty.handler.HttpHandler - 

Request DefaultFullHttpRequest(decodeResult: success, version: HTTP/1.1, content: EmptyByteBufBE)
GET /session/53c39b7a80434c88722bbb78bdefedc4/url HTTP/1.1
User-Agent: selenium/4.8.1 (java windows)
Cache-Control: no-cache
Content-Type: application/json; charset=utf-8
host: localhost:33318
accept: */*

Response DefaultHttpResponse(decodeResult: success, version: HTTP/1.1)
HTTP/1.1 200 OK
Content-Length: 42
Content-Type: application/json; charset=utf-8
cache-control: no-cache

12:04:12.539 [AsyncHttpClient-1-11] DEBUG org.asynchttpclient.netty.channel.ChannelManager - Adding key: http://localhost:33318 for channel [id: 0xf5df20d2, L:/127.0.0.1:62952 - R:localhost/127.0.0.1:33318]
  &amp#27;[31mWhen &amp#27;[0m&amp#27;[31mI click icon product pulsa&amp#27;[0m         &amp#27;[90m# starter.stepdefinitions.LoginSteps.iconProduct()&amp#27;[0m
      &amp#27;[31mnet.thucydides.core.webdriver.exceptions.ElementShouldBeEnabledException: Expected enabled element was not enabled
	at net.serenitybdd.core.pages.WebElementFacadeImpl.waitUntilEnabled(WebElementFacadeImpl.java:1122)
	at net.serenitybdd.core.pages.WebElementFacadeImpl.waitUntilElementAvailable(WebElementFacadeImpl.java:906)
	at net.serenitybdd.core.pages.WebElementFacadeImpl.click(WebElementFacadeImpl.java:1204)
	at net.serenitybdd.core.pages.WebElementFacadeImpl.click(WebElementFacadeImpl.java:1224)
	at Prioritas2.Web.Test@1.0-SNAPSHOT/starter.login.Product.clickIconProduct(Product.java:28)
	at Prioritas2.Web.Test@1.0-SNAPSHOT/starter.login.Product$ByteBuddy$FWWYxekV.clickIconProduct$accessor$IheHI4Gn(Unknown Source)
	at java.base/jdk.internal.reflect.DirectMethodHandleAccessor.invoke(DirectMethodHandleAccessor.java:104)
	at java.base/java.lang.reflect.Method.invoke(Method.java:578)
	at net.thucydides.core.steps.StepInterceptor.invokeMethod(StepInterceptor.java:518)
	at net.thucydides.core.steps.StepInterceptor.executeTestStepMethod(StepInterceptor.java:498)
	at net.thucydides.core.steps.StepInterceptor.runTestStep(StepInterceptor.java:472)
	at net.thucydides.core.steps.StepInterceptor.runOrSkipMethod(StepInterceptor.java:211)
	at net.thucydides.core.steps.StepInterceptor.testStepResult(StepInterceptor.java:198)
	at net.thucydides.core.steps.StepInterceptor.intercept(StepInterceptor.java:86)
	at net.thucydides.core.steps.ProxyConfiguration$InterceptorDispatcher.intercept(ProxyConfiguration.java:51)
	at Prioritas2.Web.Test@1.0-SNAPSHOT/starter.login.Product$ByteBuddy$FWWYxekV.clickIconProduct(Unknown Source)
	at Prioritas2.Web.Test@1.0-SNAPSHOT/starter.stepdefinitions.LoginSteps.iconProduct(LoginSteps.java:47)
	at ✽.I click icon product pulsa(file:///C:/Users/WINDOWS%2011/IdeaProjects/Prioritas2-Web-Test/src/test/resources/features/product.feature:11)
Caused by: org.openqa.selenium.TimeoutException: Expected condition failed: waiting for By.id: product_type_0 to be enabled (tried for 5 second(s) with 100 milliseconds interval)
	at org.openqa.selenium.support.ui.FluentWait.timeoutException(FluentWait.java:263)
	at org.openqa.selenium.support.ui.FluentWait.until(FluentWait.java:231)
	at net.serenitybdd.core.pages.WebElementFacadeImpl.waitUntilEnabled(WebElementFacadeImpl.java:1119)
	at net.serenitybdd.core.pages.WebElementFacadeImpl.waitUntilElementAvailable(WebElementFacadeImpl.java:906)
	at net.serenitybdd.core.pages.WebElementFacadeImpl.click(WebElementFacadeImpl.java:1204)
	at net.serenitybdd.core.pages.WebElementFacadeImpl.click(WebElementFacadeImpl.java:1224)
	at Prioritas2.Web.Test@1.0-SNAPSHOT/starter.login.Product.clickIconProduct(Product.java:28)
	at Prioritas2.Web.Test@1.0-SNAPSHOT/starter.login.Product$ByteBuddy$FWWYxekV.clickIconProduct$accessor$IheHI4Gn(Unknown Source)
	at java.base/jdk.internal.reflect.DirectMethodHandleAccessor.invoke(DirectMethodHandleAccessor.java:104)
	at java.base/java.lang.reflect.Method.invoke(Method.java:578)
	at net.thucydides.core.steps.StepInterceptor.invokeMethod(StepInterceptor.java:518)
	at net.thucydides.core.steps.StepInterceptor.executeTestStepMethod(StepInterceptor.java:498)
	at net.thucydides.core.steps.StepInterceptor.runTestStep(StepInterceptor.java:472)
	at net.thucydides.core.steps.StepInterceptor.runOrSkipMethod(StepInterceptor.java:211)
	at net.thucydides.core.steps.StepInterceptor.testStepResult(StepInterceptor.java:198)
	at net.thucydides.core.steps.StepInterceptor.intercept(StepInterceptor.java:86)
	at net.thucydides.core.steps.ProxyConfiguration$InterceptorDispatcher.intercept(ProxyConfiguration.java:51)
	at Prioritas2.Web.Test@1.0-SNAPSHOT/starter.login.Product$ByteBuddy$FWWYxekV.clickIconProduct(Unknown Source)
	at Prioritas2.Web.Test@1.0-SNAPSHOT/starter.stepdefinitions.LoginSteps.iconProduct(LoginSteps.java:47)
	at java.base/jdk.internal.reflect.DirectMethodHandleAccessor.invoke(DirectMethodHandleAccessor.java:104)
	at java.base/java.lang.reflect.Method.invoke(Method.java:578)
	at io.cucumber.java.Invoker.doInvoke(Invoker.java:66)
	at io.cucumber.java.Invoker.invoke(Invoker.java:24)
	at io.cucumber.java.AbstractGlueDefinition.invokeMethod(AbstractGlueDefinition.java:47)
	at io.cucumber.java.JavaStepDefinition.execute(JavaStepDefinition.java:29)
	at io.cucumber.core.runner.CoreStepDefinition.execute(CoreStepDefinition.java:66)
	at io.cucumber.core.runner.PickleStepDefinitionMatch.runStep(PickleStepDefinitionMatch.java:63)
	at io.cucumber.core.runner.ExecutionMode$1.execute(ExecutionMode.java:10)
	at io.cucumber.core.runner.TestStep.executeStep(TestStep.java:84)
	at io.cucumber.core.runner.TestStep.run(TestStep.java:56)
	at io.cucumber.core.runner.PickleStepTestStep.run(PickleStepTestStep.java:51)
	at io.cucumber.core.runner.TestCase.run(TestCase.java:84)
	at io.cucumber.core.runner.Runner.runPickle(Runner.java:75)
	at io.cucumber.junit.PickleRunners$NoStepDescriptions.lambda$run$0(PickleRunners.java:151)
	at io.cucumber.core.runtime.CucumberExecutionContext.lambda$runTestCase$5(CucumberExecutionContext.java:130)
	at io.cucumber.core.runtime.RethrowingThrowableCollector.executeAndThrow(RethrowingThrowableCollector.java:23)
	at io.cucumber.core.runtime.CucumberExecutionContext.runTestCase(CucumberExecutionContext.java:130)
	at io.cucumber.junit.PickleRunners$NoStepDescriptions.run(PickleRunners.java:148)
	at io.cucumber.junit.FeatureRunner.runChild(FeatureRunner.java:144)
	at io.cucumber.junit.FeatureRunner.runChild(FeatureRunner.java:28)
	at org.junit.runners.ParentRunner$4.run(ParentRunner.java:331)
	at org.junit.runners.ParentRunner$1.schedule(ParentRunner.java:79)
	at org.junit.runners.ParentRunner.runChildren(ParentRunner.java:329)
	at org.junit.runners.ParentRunner.access$100(ParentRunner.java:66)
	at org.junit.runners.ParentRunner$2.evaluate(ParentRunner.java:293)
	at org.junit.runners.ParentRunner$3.evaluate(ParentRunner.java:306)
	at org.junit.runners.ParentRunner.run(ParentRunner.java:413)
	at io.cucumber.junit.FeatureRunner.run(FeatureRunner.java:137)
	at io.cucumber.junit.CucumberSerenityBaseRunner.runChild(CucumberSerenityBaseRunner.java:330)
	at io.cucumber.junit.CucumberSerenityBaseRunner.runChild(CucumberSerenityBaseRunner.java:51)
	at org.junit.runners.ParentRunner$4.run(ParentRunner.java:331)
	at org.junit.runners.ParentRunner$1.schedule(ParentRunner.java:79)
	at org.junit.runners.ParentRunner.runChildren(ParentRunner.java:329)
	at org.junit.runners.ParentRunner.access$100(ParentRunner.java:66)
	at org.junit.runners.ParentRunner$2.evaluate(ParentRunner.java:293)
	at io.cucumber.junit.CucumberSerenityBaseRunner$RunCucumber.evaluate(CucumberSerenityBaseRunner.java:361)
	at org.junit.runners.ParentRunner$3.evaluate(ParentRunner.java:306)
	at org.junit.runners.ParentRunner.run(ParentRunner.java:413)
	at org.junit.runner.JUnitCore.run(JUnitCore.java:137)
	at org.junit.runner.JUnitCore.run(JUnitCore.java:115)
	at org.junit.vintage.engine.execution.RunnerExecutor.execute(RunnerExecutor.java:42)
	at org.junit.vintage.engine.VintageTestEngine.executeAllChildren(VintageTestEngine.java:80)
	at org.junit.vintage.engine.VintageTestEngine.execute(VintageTestEngine.java:72)
	at org.junit.platform.launcher.core.EngineExecutionOrchestrator.execute(EngineExecutionOrchestrator.java:107)
	at org.junit.platform.launcher.core.EngineExecutionOrchestrator.execute(EngineExecutionOrchestrator.java:88)
	at org.junit.platform.launcher.core.EngineExecutionOrchestrator.lambda$execute$0(EngineExecutionOrchestrator.java:54)
	at org.junit.platform.launcher.core.EngineExecutionOrchestrator.withInterceptedStreams(EngineExecutionOrchestrator.java:67)
	at org.junit.platform.launcher.core.EngineExecutionOrchestrator.execute(EngineExecutionOrchestrator.java:52)
	at org.junit.platform.launcher.core.DefaultLauncher.execute(DefaultLauncher.java:114)
	at org.junit.platform.launcher.core.DefaultLauncher.execute(DefaultLauncher.java:86)
	at org.junit.platform.launcher.core.DefaultLauncherSession$DelegatingLauncher.execute(DefaultLauncherSession.java:86)
	at org.junit.platform.launcher.core.SessionPerRequestLauncher.execute(SessionPerRequestLauncher.java:53)
	at org.apache.maven.surefire.junitplatform.JUnitPlatformProvider.execute(JUnitPlatformProvider.java:188)
	at org.apache.maven.surefire.junitplatform.JUnitPlatformProvider.invokeAllTests(JUnitPlatformProvider.java:154)
	at org.apache.maven.surefire.junitplatform.JUnitPlatformProvider.invoke(JUnitPlatformProvider.java:128)
	at org.apache.maven.surefire.booter.ForkedBooter.runSuitesInProcess(ForkedBooter.java:428)
	at org.apache.maven.surefire.booter.ForkedBooter.execute(ForkedBooter.java:162)
	at org.apache.maven.surefire.booter.ForkedBooter.run(ForkedBooter.java:562)
	at org.apache.maven.surefire.booter.ForkedBooter.main(ForkedBooter.java:548)
Caused by: org.openqa.selenium.NoSuchElementException: no such element: Unable to locate element: {"method":"css selector","selector":"#product_type_0"}
  (Session info: chrome=112.0.5615.139)
For documentation on this error, please visit: https://selenium.dev/exceptions/#no_such_element
Build info: version: '4.8.1', revision: '8ebccac989'
System info: os.name: 'Windows 11', os.arch: 'amd64', os.version: '10.0', java.version: '19'
Driver info: org.openqa.selenium.chrome.ChromeDriver
Command: [53c39b7a80434c88722bbb78bdefedc4, findElement {using=id, value=product_type_0}]
Capabilities {acceptInsecureCerts: false, browserName: chrome, browserVersion: 112.0.5615.139, chrome: {chromedriverVersion: 112.0.5615.49 (bd2a7bcb881c..., userDataDir: C:\Users\WINDOW~1\AppData\L...}, goog:chromeOptions: {debuggerAddress: localhost:62954}, networkConnectionEnabled: false, pageLoadStrategy: normal, platformName: WINDOWS, proxy: Proxy(), se:cdp: ws://localhost:62954/devtoo..., se:cdpVersion: 112.0.5615.139, setWindowRect: true, strictFileInteractability: false, timeouts: {implicit: 0, pageLoad: 300000, script: 30000}, unhandledPromptBehavior: dismiss and notify, webauthn:extension:credBlob: true, webauthn:extension:largeBlob: true, webauthn:extension:minPinLength: true, webauthn:extension:prf: true, webauthn:virtualAuthenticators: true}
Session ID: 53c39b7a80434c88722bbb78bdefedc4
	at java.base/jdk.internal.reflect.DirectConstructorHandleAccessor.newInstance(DirectConstructorHandleAccessor.java:67)
	at java.base/java.lang.reflect.Constructor.newInstanceWithCaller(Constructor.java:500)
	at java.base/java.lang.reflect.Constructor.newInstance(Constructor.java:484)
	at org.openqa.selenium.remote.codec.w3c.W3CHttpResponseCodec.createException(W3CHttpResponseCodec.java:200)
	at org.openqa.selenium.remote.codec.w3c.W3CHttpResponseCodec.decode(W3CHttpResponseCodec.java:133)
	at org.openqa.selenium.remote.codec.w3c.W3CHttpResponseCodec.decode(W3CHttpResponseCodec.java:53)
	at org.openqa.selenium.remote.HttpCommandExecutor.execute(HttpCommandExecutor.java:184)
	at org.openqa.selenium.remote.service.DriverCommandExecutor.invokeExecute(DriverCommandExecutor.java:167)
	at org.openqa.selenium.remote.service.DriverCommandExecutor.execute(DriverCommandExecutor.java:142)
	at org.openqa.selenium.remote.RemoteWebDriver.execute(RemoteWebDriver.java:543)
	at org.openqa.selenium.remote.ElementLocation$ElementFinder$2.findElement(ElementLocation.java:162)
	at org.openqa.selenium.remote.ElementLocation.findElement(ElementLocation.java:60)
	at org.openqa.selenium.remote.RemoteWebDriver.findElement(RemoteWebDriver.java:352)
	at org.openqa.selenium.remote.RemoteWebDriver.findElement(RemoteWebDriver.java:344)
	at net.thucydides.core.webdriver.WebDriverFacade.findElement(WebDriverFacade.java:242)
	at net.serenitybdd.core.pages.WebElementResolverByLocator.resolveForDriver(WebElementResolverByLocator.java:25)
	at net.serenitybdd.core.pages.WebElementFacadeImpl.getResolvedElement(WebElementFacadeImpl.java:189)
	at net.serenitybdd.core.pages.WebElementFacadeImpl.getElement(WebElementFacadeImpl.java:184)
	at net.serenitybdd.core.pages.WebElementExpectations$3.apply(WebElementExpectations.java:63)
	at net.serenitybdd.core.pages.WebElementExpectations$3.apply(WebElementExpectations.java:55)
	at org.openqa.selenium.support.ui.FluentWait.until(FluentWait.java:208)
	... 77 more
&amp#27;[0m
  &amp#27;[36mAnd &amp#27;[0m&amp#27;[36mI enter number phone&amp#27;[0m                &amp#27;[90m# starter.stepdefinitions.LoginSteps.doEnterNumber()&amp#27;[0m
  &amp#27;[36mAnd &amp#27;[0m&amp#27;[36mI click the nominal&amp#27;[0m                 &amp#27;[90m# starter.stepdefinitions.LoginSteps.clickNominal()&amp#27;[0m
  &amp#27;[36mThen &amp#27;[0m&amp#27;[36mI am on the payment page&amp#27;[0m           &amp#27;[90m# starter.stepdefinitions.LoginSteps.validateOnThePaymentPage()&amp#27;[0m
12:04:12.564 [main] ERROR  - 
  _____   ___   ___   _____     ___     _     ___   _      ___   ___  
 |_   _| | __| / __| |_   _|   | __|   /_\   |_ _| | |    | __| |   \ 
   | |   | _|  \__ \   | |     | _|   / _ \   | |  | |__  | _|  | |) |
   |_|   |___| |___/   |_|     |_|   /_/ \_\ |___| |____| |___| |___/ 

as a user I can buy the product
-----------------------------------------------------------------------
12:04:12.564 [main] DEBUG  - RELATED ISSUES: 
12:04:12.565 [main] ERROR  -     Test failed at step: Click icon product
12:04:12.565 [main] ERROR  -     Expected enabled element was not enabled
12:04:12.567 [Driver Command Executor] DEBUG org.asynchttpclient.netty.request.NettyRequestSender - Using pooled Channel '[id: 0xf5df20d2, L:/127.0.0.1:62952 - R:localhost/127.0.0.1:33318]' for 'DELETE' to 'http://localhost:33318/session/53c39b7a80434c88722bbb78bdefedc4'
12:04:12.567 [AsyncHttpClient-1-13] DEBUG org.asynchttpclient.netty.handler.WebSocketHandler - Channel Closed: [id: 0x86b77a7d, L:/127.0.0.1:62963 ! R:localhost/127.0.0.1:62954] with attribute NettyResponseFuture{currentRetry=0,
	isDone=1,
	isCancelled=0,
	asyncHandler=org.asynchttpclient.ws.WebSocketUpgradeHandler@55bc097,
	nettyRequest=org.asynchttpclient.netty.request.NettyRequest@40595e58,
	future=java.util.concurrent.CompletableFuture@52b72927[Completed normally],
	uri=ws://localhost:62954/devtools/browser/d9255c76-161b-4896-8001-c14cf7d8e646,
	keepAlive=true,
	redirectCount=0,
	timeoutsHolder=null,
	inAuth=0,
	touch=1683263039434}
12:04:12.567 [Driver Command Executor] DEBUG org.asynchttpclient.netty.request.NettyRequestSender - Using open Channel [id: 0xf5df20d2, L:/127.0.0.1:62952 - R:localhost/127.0.0.1:33318] for DELETE '/session/53c39b7a80434c88722bbb78bdefedc4'
12:04:12.567 [AsyncHttpClient-1-13] DEBUG org.asynchttpclient.netty.channel.ChannelManager - Closing Channel [id: 0x86b77a7d, L:/127.0.0.1:62963 ! R:localhost/127.0.0.1:62954] 
12:04:12.619 [AsyncHttpClient-1-12] DEBUG org.asynchttpclient.netty.handler.HttpHandler - Unexpected I/O exception on channel [id: 0xa3090f58, L:/127.0.0.1:62962 - R:localhost/127.0.0.1:62954]
java.net.SocketException: Connection reset
	at java.base/sun.nio.ch.SocketChannelImpl.throwConnectionReset(SocketChannelImpl.java:401)
	at java.base/sun.nio.ch.SocketChannelImpl.read(SocketChannelImpl.java:434)
	at io.netty.buffer.PooledByteBuf.setBytes(PooledByteBuf.java:259)
	at io.netty.buffer.AbstractByteBuf.writeBytes(AbstractByteBuf.java:1132)
	at io.netty.channel.socket.nio.NioSocketChannel.doReadBytes(NioSocketChannel.java:357)
	at io.netty.channel.nio.AbstractNioByteChannel$NioByteUnsafe.read(AbstractNioByteChannel.java:151)
	at io.netty.channel.nio.NioEventLoop.processSelectedKey(NioEventLoop.java:788)
	at io.netty.channel.nio.NioEventLoop.processSelectedKeysOptimized(NioEventLoop.java:724)
	at io.netty.channel.nio.NioEventLoop.processSelectedKeys(NioEventLoop.java:650)
	at io.netty.channel.nio.NioEventLoop.run(NioEventLoop.java:562)
	at io.netty.util.concurrent.SingleThreadEventExecutor$4.run(SingleThreadEventExecutor.java:997)
	at io.netty.util.internal.ThreadExecutorMap$2.run(ThreadExecutorMap.java:74)
	at io.netty.util.concurrent.FastThreadLocalRunnable.run(FastThreadLocalRunnable.java:30)
	at java.base/java.lang.Thread.run(Thread.java:1589)
12:04:12.620 [AsyncHttpClient-1-12] DEBUG org.asynchttpclient.netty.channel.ChannelManager - Closing Channel [id: 0xa3090f58, L:/127.0.0.1:62962 - R:localhost/127.0.0.1:62954] 
12:04:12.620 [AsyncHttpClient-1-12] DEBUG org.asynchttpclient.netty.handler.HttpHandler - Channel Closed: [id: 0xa3090f58, L:/127.0.0.1:62962 ! R:localhost/127.0.0.1:62954] with attribute DISCARD
12:04:12.639 [AsyncHttpClient-1-11] DEBUG org.asynchttpclient.netty.handler.HttpHandler - 

Request DefaultFullHttpRequest(decodeResult: success, version: HTTP/1.1, content: EmptyByteBufBE)
DELETE /session/53c39b7a80434c88722bbb78bdefedc4 HTTP/1.1
User-Agent: selenium/4.8.1 (java windows)
Content-Type: application/json; charset=utf-8
host: localhost:33318
accept: */*

Response DefaultHttpResponse(decodeResult: success, version: HTTP/1.1)
HTTP/1.1 200 OK
Content-Length: 14
Content-Type: application/json; charset=utf-8
cache-control: no-cache

12:04:12.640 [AsyncHttpClient-1-11] DEBUG org.asynchttpclient.netty.channel.ChannelManager - Adding key: http://localhost:33318 for channel [id: 0xf5df20d2, L:/127.0.0.1:62952 - R:localhost/127.0.0.1:33318]
12:04:12.720 [AsyncHttpClient-1-11] DEBUG org.asynchttpclient.netty.handler.HttpHandler - Channel Closed: [id: 0xf5df20d2, L:/127.0.0.1:62952 ! R:localhost/127.0.0.1:33318] with attribute DISCARD
]]></system-out>
    <system-err><![CDATA[Starting ChromeDriver 112.0.5615.49 (bd2a7bcb881c11e8cfe3078709382934e3916914-refs/branch-heads/5615@{#936}) on port 33318
Only local connections are allowed.
Please see https://chromedriver.chromium.org/security-considerations for suggestions on keeping ChromeDriver safe.
ChromeDriver was started successfully.
May 05, 2023 12:03:59 PM org.openqa.selenium.devtools.CdpVersionFinder findNearestMatch
WARNING: Unable to find an exact match for CDP version 112, so returning the closest version found: 110
]]></system-err>
  </testcase>
</testsuite>