<?xml version="1.0" encoding="UTF-8"?>
<testsuite xmlns:xsi="http://www.w3.org/2001/XMLSchema-instance" xsi:noNamespaceSchemaLocation="https://maven.apache.org/surefire/maven-failsafe-plugin/xsd/failsafe-test-report-3.0.xsd" version="3.0" name="CucumberTestSuite" time="11.766" tests="6" errors="0" skipped="0" failures="0">
  <properties>
    <property name="java.specification.version" value="19"/>
    <property name="sun.cpu.isalist" value="amd64"/>
    <property name="sun.jnu.encoding" value="Cp1252"/>
    <property name="java.class.path" value="C:\Users\WINDOWS 11\IdeaProjects\BDD-Prioritas1\target\test-classes;C:\Users\WINDOWS 11\.m2\repository\net\serenity-bdd\serenity-core\3.6.21\serenity-core-3.6.21.jar;C:\Users\WINDOWS 11\.m2\repository\net\serenity-bdd\serenity-model\3.6.21\serenity-model-3.6.21.jar;C:\Users\WINDOWS 11\.m2\repository\org\apache\commons\commons-text\1.10.0\commons-text-1.10.0.jar;C:\Users\WINDOWS 11\.m2\repository\commons-net\commons-net\3.9.0\commons-net-3.9.0.jar;C:\Users\WINDOWS 11\.m2\repository\com\google\guava\guava\31.1-jre\guava-31.1-jre.jar;C:\Users\WINDOWS 11\.m2\repository\com\google\guava\failureaccess\1.0.1\failureaccess-1.0.1.jar;C:\Users\WINDOWS 11\.m2\repository\com\google\guava\listenablefuture\9999.0-empty-to-avoid-conflict-with-guava\listenablefuture-9999.0-empty-to-avoid-conflict-with-guava.jar;C:\Users\WINDOWS 11\.m2\repository\com\google\code\findbugs\jsr305\3.0.2\jsr305-3.0.2.jar;C:\Users\WINDOWS 11\.m2\repository\org\checkerframework\checker-qual\3.12.0\checker-qual-3.12.0.jar;C:\Users\WINDOWS 11\.m2\repository\com\google\errorprone\error_prone_annotations\2.11.0\error_prone_annotations-2.11.0.jar;C:\Users\WINDOWS 11\.m2\repository\com\google\j2objc\j2objc-annotations\1.3\j2objc-annotations-1.3.jar;C:\Users\WINDOWS 11\.m2\repository\com\google\inject\guice\5.1.0\guice-5.1.0.jar;C:\Users\WINDOWS 11\.m2\repository\javax\inject\javax.inject\1\javax.inject-1.jar;C:\Users\WINDOWS 11\.m2\repository\aopalliance\aopalliance\1.0\aopalliance-1.0.jar;C:\Users\WINDOWS 11\.m2\repository\org\jsoup\jsoup\1.14.3\jsoup-1.14.3.jar;C:\Users\WINDOWS 11\.m2\repository\com\thoughtworks\xstream\xstream\1.4.20\xstream-1.4.20.jar;C:\Users\WINDOWS 11\.m2\repository\io\github\x-stream\mxparser\1.2.2\mxparser-1.2.2.jar;C:\Users\WINDOWS 11\.m2\repository\xmlpull\xmlpull\1.1.3.1\xmlpull-1.1.3.1.jar;C:\Users\WINDOWS 11\.m2\repository\com\typesafe\config\1.4.2\config-1.4.2.jar;C:\Users\WINDOWS 11\.m2\repository\org\imgscalr\imgscalr-lib\4.2\imgscalr-lib-4.2.jar;C:\Users\WINDOWS 11\.m2\repository\org\awaitility\awaitility\4.2.0\awaitility-4.2.0.jar;C:\Users\WINDOWS 11\.m2\repository\org\freemarker\freemarker\2.3.31\freemarker-2.3.31.jar;C:\Users\WINDOWS 11\.m2\repository\io\github\classgraph\classgraph\4.8.138\classgraph-4.8.138.jar;C:\Users\WINDOWS 11\.m2\repository\net\sourceforge\jexcelapi\jxl\2.6.12\jxl-2.6.12.jar;C:\Users\WINDOWS 11\.m2\repository\net\bytebuddy\byte-buddy-agent\1.14.2\byte-buddy-agent-1.14.2.jar;C:\Users\WINDOWS 11\.m2\repository\org\objenesis\objenesis\3.3\objenesis-3.3.jar;C:\Users\WINDOWS 11\.m2\repository\net\serenity-bdd\serenity-reports\3.6.21\serenity-reports-3.6.21.jar;C:\Users\WINDOWS 11\.m2\repository\net\serenity-bdd\serenity-stats\3.6.21\serenity-stats-3.6.21.jar;C:\Users\WINDOWS 11\.m2\repository\net\serenity-bdd\serenity-reports-configuration\3.6.21\serenity-reports-configuration-3.6.21.jar;C:\Users\WINDOWS 11\.m2\repository\com\vladsch\flexmark\flexmark-all\0.62.2\flexmark-all-0.62.2.jar;C:\Users\WINDOWS 11\.m2\repository\com\vladsch\flexmark\flexmark\0.62.2\flexmark-0.62.2.jar;C:\Users\WINDOWS 11\.m2\repository\com\vladsch\flexmark\flexmark-ext-abbreviation\0.62.2\flexmark-ext-abbreviation-0.62.2.jar;C:\Users\WINDOWS 11\.m2\repository\com\vladsch\flexmark\flexmark-util\0.62.2\flexmark-util-0.62.2.jar;C:\Users\WINDOWS 11\.m2\repository\com\vladsch\flexmark\flexmark-ext-admonition\0.62.2\flexmark-ext-admonition-0.62.2.jar;C:\Users\WINDOWS 11\.m2\repository\com\vladsch\flexmark\flexmark-ext-anchorlink\0.62.2\flexmark-ext-anchorlink-0.62.2.jar;C:\Users\WINDOWS 11\.m2\repository\com\vladsch\flexmark\flexmark-ext-aside\0.62.2\flexmark-ext-aside-0.62.2.jar;C:\Users\WINDOWS 11\.m2\repository\com\vladsch\flexmark\flexmark-ext-attributes\0.62.2\flexmark-ext-attributes-0.62.2.jar;C:\Users\WINDOWS 11\.m2\repository\com\vladsch\flexmark\flexmark-ext-autolink\0.62.2\flexmark-ext-autolink-0.62.2.jar;C:\Users\WINDOWS 11\.m2\repository\org\nibor\autolink\autolink\0.6.0\autolink-0.6.0.jar;C:\Users\WINDOWS 11\.m2\repository\com\vladsch\flexmark\flexmark-ext-definition\0.62.2\flexmark-ext-definition-0.62.2.jar;C:\Users\WINDOWS 11\.m2\repository\com\vladsch\flexmark\flexmark-ext-emoji\0.62.2\flexmark-ext-emoji-0.62.2.jar;C:\Users\WINDOWS 11\.m2\repository\com\vladsch\flexmark\flexmark-ext-enumerated-reference\0.62.2\flexmark-ext-enumerated-reference-0.62.2.jar;C:\Users\WINDOWS 11\.m2\repository\com\vladsch\flexmark\flexmark-ext-escaped-character\0.62.2\flexmark-ext-escaped-character-0.62.2.jar;C:\Users\WINDOWS 11\.m2\repository\com\vladsch\flexmark\flexmark-ext-footnotes\0.62.2\flexmark-ext-footnotes-0.62.2.jar;C:\Users\WINDOWS 11\.m2\repository\com\vladsch\flexmark\flexmark-ext-gfm-issues\0.62.2\flexmark-ext-gfm-issues-0.62.2.jar;C:\Users\WINDOWS 11\.m2\repository\com\vladsch\flexmark\flexmark-ext-gfm-strikethrough\0.62.2\flexmark-ext-gfm-strikethrough-0.62.2.jar;C:\Users\WINDOWS 11\.m2\repository\com\vladsch\flexmark\flexmark-ext-gfm-tasklist\0.62.2\flexmark-ext-gfm-tasklist-0.62.2.jar;C:\Users\WINDOWS 11\.m2\repository\com\vladsch\flexmark\flexmark-ext-gfm-users\0.62.2\flexmark-ext-gfm-users-0.62.2.jar;C:\Users\WINDOWS 11\.m2\repository\com\vladsch\flexmark\flexmark-ext-gitlab\0.62.2\flexmark-ext-gitlab-0.62.2.jar;C:\Users\WINDOWS 11\.m2\repository\com\vladsch\flexmark\flexmark-ext-jekyll-front-matter\0.62.2\flexmark-ext-jekyll-front-matter-0.62.2.jar;C:\Users\WINDOWS 11\.m2\repository\com\vladsch\flexmark\flexmark-ext-jekyll-tag\0.62.2\flexmark-ext-jekyll-tag-0.62.2.jar;C:\Users\WINDOWS 11\.m2\repository\com\vladsch\flexmark\flexmark-ext-media-tags\0.62.2\flexmark-ext-media-tags-0.62.2.jar;C:\Users\WINDOWS 11\.m2\repository\com\vladsch\flexmark\flexmark-ext-macros\0.62.2\flexmark-ext-macros-0.62.2.jar;C:\Users\WINDOWS 11\.m2\repository\com\vladsch\flexmark\flexmark-ext-ins\0.62.2\flexmark-ext-ins-0.62.2.jar;C:\Users\WINDOWS 11\.m2\repository\com\vladsch\flexmark\flexmark-ext-xwiki-macros\0.62.2\flexmark-ext-xwiki-macros-0.62.2.jar;C:\Users\WINDOWS 11\.m2\repository\com\vladsch\flexmark\flexmark-ext-superscript\0.62.2\flexmark-ext-superscript-0.62.2.jar;C:\Users\WINDOWS 11\.m2\repository\com\vladsch\flexmark\flexmark-ext-tables\0.62.2\flexmark-ext-tables-0.62.2.jar;C:\Users\WINDOWS 11\.m2\repository\com\vladsch\flexmark\flexmark-ext-toc\0.62.2\flexmark-ext-toc-0.62.2.jar;C:\Users\WINDOWS 11\.m2\repository\com\vladsch\flexmark\flexmark-ext-typographic\0.62.2\flexmark-ext-typographic-0.62.2.jar;C:\Users\WINDOWS 11\.m2\repository\com\vladsch\flexmark\flexmark-ext-wikilink\0.62.2\flexmark-ext-wikilink-0.62.2.jar;C:\Users\WINDOWS 11\.m2\repository\com\vladsch\flexmark\flexmark-ext-yaml-front-matter\0.62.2\flexmark-ext-yaml-front-matter-0.62.2.jar;C:\Users\WINDOWS 11\.m2\repository\com\vladsch\flexmark\flexmark-ext-youtube-embedded\0.62.2\flexmark-ext-youtube-embedded-0.62.2.jar;C:\Users\WINDOWS 11\.m2\repository\com\vladsch\flexmark\flexmark-html2md-converter\0.62.2\flexmark-html2md-converter-0.62.2.jar;C:\Users\WINDOWS 11\.m2\repository\com\vladsch\flexmark\flexmark-jira-converter\0.62.2\flexmark-jira-converter-0.62.2.jar;C:\Users\WINDOWS 11\.m2\repository\com\vladsch\flexmark\flexmark-pdf-converter\0.62.2\flexmark-pdf-converter-0.62.2.jar;C:\Users\WINDOWS 11\.m2\repository\com\openhtmltopdf\openhtmltopdf-core\1.0.0\openhtmltopdf-core-1.0.0.jar;C:\Users\WINDOWS 11\.m2\repository\com\openhtmltopdf\openhtmltopdf-pdfbox\1.0.0\openhtmltopdf-pdfbox-1.0.0.jar;C:\Users\WINDOWS 11\.m2\repository\org\apache\pdfbox\pdfbox\2.0.16\pdfbox-2.0.16.jar;C:\Users\WINDOWS 11\.m2\repository\org\apache\pdfbox\fontbox\2.0.16\fontbox-2.0.16.jar;C:\Users\WINDOWS 11\.m2\repository\org\apache\pdfbox\xmpbox\2.0.16\xmpbox-2.0.16.jar;C:\Users\WINDOWS 11\.m2\repository\de\rototor\pdfbox\graphics2d\0.24\graphics2d-0.24.jar;C:\Users\WINDOWS 11\.m2\repository\com\openhtmltopdf\openhtmltopdf-rtl-support\1.0.0\openhtmltopdf-rtl-support-1.0.0.jar;C:\Users\WINDOWS 11\.m2\repository\com\openhtmltopdf\openhtmltopdf-jsoup-dom-converter\1.0.0\openhtmltopdf-jsoup-dom-converter-1.0.0.jar;C:\Users\WINDOWS 11\.m2\repository\com\vladsch\flexmark\flexmark-profile-pegdown\0.62.2\flexmark-profile-pegdown-0.62.2.jar;C:\Users\WINDOWS 11\.m2\repository\com\vladsch\flexmark\flexmark-util-ast\0.62.2\flexmark-util-ast-0.62.2.jar;C:\Users\WINDOWS 11\.m2\repository\com\vladsch\flexmark\flexmark-util-builder\0.62.2\flexmark-util-builder-0.62.2.jar;C:\Users\WINDOWS 11\.m2\repository\com\vladsch\flexmark\flexmark-util-collection\0.62.2\flexmark-util-collection-0.62.2.jar;C:\Users\WINDOWS 11\.m2\repository\com\vladsch\flexmark\flexmark-util-data\0.62.2\flexmark-util-data-0.62.2.jar;C:\Users\WINDOWS 11\.m2\repository\com\vladsch\flexmark\flexmark-util-dependency\0.62.2\flexmark-util-dependency-0.62.2.jar;C:\Users\WINDOWS 11\.m2\repository\com\vladsch\flexmark\flexmark-util-format\0.62.2\flexmark-util-format-0.62.2.jar;C:\Users\WINDOWS 11\.m2\repository\com\vladsch\flexmark\flexmark-util-html\0.62.2\flexmark-util-html-0.62.2.jar;C:\Users\WINDOWS 11\.m2\repository\com\vladsch\flexmark\flexmark-util-misc\0.62.2\flexmark-util-misc-0.62.2.jar;C:\Users\WINDOWS 11\.m2\repository\com\vladsch\flexmark\flexmark-util-options\0.62.2\flexmark-util-options-0.62.2.jar;C:\Users\WINDOWS 11\.m2\repository\com\vladsch\flexmark\flexmark-util-sequence\0.62.2\flexmark-util-sequence-0.62.2.jar;C:\Users\WINDOWS 11\.m2\repository\com\vladsch\flexmark\flexmark-util-visitor\0.62.2\flexmark-util-visitor-0.62.2.jar;C:\Users\WINDOWS 11\.m2\repository\com\vladsch\flexmark\flexmark-youtrack-converter\0.62.2\flexmark-youtrack-converter-0.62.2.jar;C:\Users\WINDOWS 11\.m2\repository\com\ibm\icu\icu4j\72.1\icu4j-72.1.jar;C:\Users\WINDOWS 11\.m2\repository\es\nitaur\markdown\txtmark\0.16\txtmark-0.16.jar;C:\Users\WINDOWS 11\.m2\repository\net\serenity-bdd\serenity-report-resources\3.6.21\serenity-report-resources-3.6.21.jar;C:\Users\WINDOWS 11\.m2\repository\com\google\code\gson\gson\2.10.1\gson-2.10.1.jar;C:\Users\WINDOWS 11\.m2\repository\com\fasterxml\jackson\core\jackson-core\2.15.0-rc1\jackson-core-2.15.0-rc1.jar;C:\Users\WINDOWS 11\.m2\repository\com\fasterxml\jackson\core\jackson-databind\2.15.0-rc1\jackson-databind-2.15.0-rc1.jar;C:\Users\WINDOWS 11\.m2\repository\com\fasterxml\jackson\core\jackson-annotations\2.15.0-rc1\jackson-annotations-2.15.0-rc1.jar;C:\Users\WINDOWS 11\.m2\repository\commons-codec\commons-codec\1.15\commons-codec-1.15.jar;C:\Users\WINDOWS 11\.m2\repository\commons-io\commons-io\2.11.0\commons-io-2.11.0.jar;C:\Users\WINDOWS 11\.m2\repository\org\apache\httpcomponents\httpclient\4.5.13\httpclient-4.5.13.jar;C:\Users\WINDOWS 11\.m2\repository\org\apache\httpcomponents\httpcore\4.4.13\httpcore-4.4.13.jar;C:\Users\WINDOWS 11\.m2\repository\commons-logging\commons-logging\1.2\commons-logging-1.2.jar;C:\Users\WINDOWS 11\.m2\repository\org\seleniumhq\selenium\selenium-java\4.8.1\selenium-java-4.8.1.jar;C:\Users\WINDOWS 11\.m2\repository\org\seleniumhq\selenium\selenium-devtools-v108\4.8.1\selenium-devtools-v108-4.8.1.jar;C:\Users\WINDOWS 11\.m2\repository\org\seleniumhq\selenium\selenium-devtools-v109\4.8.1\selenium-devtools-v109-4.8.1.jar;C:\Users\WINDOWS 11\.m2\repository\org\seleniumhq\selenium\selenium-devtools-v110\4.8.1\selenium-devtools-v110-4.8.1.jar;C:\Users\WINDOWS 11\.m2\repository\org\seleniumhq\selenium\selenium-devtools-v85\4.8.1\selenium-devtools-v85-4.8.1.jar;C:\Users\WINDOWS 11\.m2\repository\org\seleniumhq\selenium\selenium-remote-driver\4.8.1\selenium-remote-driver-4.8.1.jar;C:\Users\WINDOWS 11\.m2\repository\com\beust\jcommander\1.82\jcommander-1.82.jar;C:\Users\WINDOWS 11\.m2\repository\io\netty\netty-buffer\4.1.87.Final\netty-buffer-4.1.87.Final.jar;C:\Users\WINDOWS 11\.m2\repository\io\netty\netty-codec-http\4.1.87.Final\netty-codec-http-4.1.87.Final.jar;C:\Users\WINDOWS 11\.m2\repository\io\netty\netty-codec\4.1.87.Final\netty-codec-4.1.87.Final.jar;C:\Users\WINDOWS 11\.m2\repository\io\netty\netty-handler\4.1.87.Final\netty-handler-4.1.87.Final.jar;C:\Users\WINDOWS 11\.m2\repository\io\netty\netty-common\4.1.87.Final\netty-common-4.1.87.Final.jar;C:\Users\WINDOWS 11\.m2\repository\io\netty\netty-transport-classes-epoll\4.1.87.Final\netty-transport-classes-epoll-4.1.87.Final.jar;C:\Users\WINDOWS 11\.m2\repository\io\netty\netty-transport-classes-kqueue\4.1.87.Final\netty-transport-classes-kqueue-4.1.87.Final.jar;C:\Users\WINDOWS 11\.m2\repository\io\netty\netty-transport-native-epoll\4.1.87.Final\netty-transport-native-epoll-4.1.87.Final.jar;C:\Users\WINDOWS 11\.m2\repository\io\netty\netty-transport-native-kqueue\4.1.87.Final\netty-transport-native-kqueue-4.1.87.Final.jar;C:\Users\WINDOWS 11\.m2\repository\io\netty\netty-transport-native-unix-common\4.1.87.Final\netty-transport-native-unix-common-4.1.87.Final.jar;C:\Users\WINDOWS 11\.m2\repository\io\netty\netty-transport\4.1.87.Final\netty-transport-4.1.87.Final.jar;C:\Users\WINDOWS 11\.m2\repository\io\netty\netty-resolver\4.1.87.Final\netty-resolver-4.1.87.Final.jar;C:\Users\WINDOWS 11\.m2\repository\io\opentelemetry\opentelemetry-api\1.22.0\opentelemetry-api-1.22.0.jar;C:\Users\WINDOWS 11\.m2\repository\io\opentelemetry\opentelemetry-context\1.22.0\opentelemetry-context-1.22.0.jar;C:\Users\WINDOWS 11\.m2\repository\io\opentelemetry\opentelemetry-exporter-logging\1.22.0\opentelemetry-exporter-logging-1.22.0.jar;C:\Users\WINDOWS 11\.m2\repository\io\opentelemetry\opentelemetry-sdk-metrics\1.22.0\opentelemetry-sdk-metrics-1.22.0.jar;C:\Users\WINDOWS 11\.m2\repository\io\opentelemetry\opentelemetry-sdk-logs\1.22.0-alpha\opentelemetry-sdk-logs-1.22.0-alpha.jar;C:\Users\WINDOWS 11\.m2\repository\io\opentelemetry\opentelemetry-api-logs\1.22.0-alpha\opentelemetry-api-logs-1.22.0-alpha.jar;C:\Users\WINDOWS 11\.m2\repository\io\opentelemetry\opentelemetry-sdk-common\1.22.0\opentelemetry-sdk-common-1.22.0.jar;C:\Users\WINDOWS 11\.m2\repository\io\opentelemetry\opentelemetry-sdk-extension-autoconfigure-spi\1.22.0\opentelemetry-sdk-extension-autoconfigure-spi-1.22.0.jar;C:\Users\WINDOWS 11\.m2\repository\io\opentelemetry\opentelemetry-sdk-extension-autoconfigure\1.22.0-alpha\opentelemetry-sdk-extension-autoconfigure-1.22.0-alpha.jar;C:\Users\WINDOWS 11\.m2\repository\io\opentelemetry\opentelemetry-sdk-trace\1.22.0\opentelemetry-sdk-trace-1.22.0.jar;C:\Users\WINDOWS 11\.m2\repository\io\opentelemetry\opentelemetry-sdk\1.22.0\opentelemetry-sdk-1.22.0.jar;C:\Users\WINDOWS 11\.m2\repository\io\opentelemetry\opentelemetry-semconv\1.22.0-alpha\opentelemetry-semconv-1.22.0-alpha.jar;C:\Users\WINDOWS 11\.m2\repository\io\ous\jtoml\2.0.0\jtoml-2.0.0.jar;C:\Users\WINDOWS 11\.m2\repository\org\apache\commons\commons-exec\1.3\commons-exec-1.3.jar;C:\Users\WINDOWS 11\.m2\repository\org\asynchttpclient\async-http-client\2.12.3\async-http-client-2.12.3.jar;C:\Users\WINDOWS 11\.m2\repository\org\asynchttpclient\async-http-client-netty-utils\2.12.3\async-http-client-netty-utils-2.12.3.jar;C:\Users\WINDOWS 11\.m2\repository\io\netty\netty-codec-socks\4.1.60.Final\netty-codec-socks-4.1.60.Final.jar;C:\Users\WINDOWS 11\.m2\repository\io\netty\netty-handler-proxy\4.1.60.Final\netty-handler-proxy-4.1.60.Final.jar;C:\Users\WINDOWS 11\.m2\repository\io\netty\netty-transport-native-epoll\4.1.60.Final\netty-transport-native-epoll-4.1.60.Final-linux-x86_64.jar;C:\Users\WINDOWS 11\.m2\repository\io\netty\netty-transport-native-kqueue\4.1.60.Final\netty-transport-native-kqueue-4.1.60.Final-osx-x86_64.jar;C:\Users\WINDOWS 11\.m2\repository\org\reactivestreams\reactive-streams\1.0.3\reactive-streams-1.0.3.jar;C:\Users\WINDOWS 11\.m2\repository\com\typesafe\netty\netty-reactive-streams\2.0.4\netty-reactive-streams-2.0.4.jar;C:\Users\WINDOWS 11\.m2\repository\org\seleniumhq\selenium\selenium-manager\4.8.1\selenium-manager-4.8.1.jar;C:\Users\WINDOWS 11\.m2\repository\org\seleniumhq\selenium\selenium-safari-driver\4.8.1\selenium-safari-driver-4.8.1.jar;C:\Users\WINDOWS 11\.m2\repository\org\seleniumhq\selenium\selenium-api\4.8.1\selenium-api-4.8.1.jar;C:\Users\WINDOWS 11\.m2\repository\org\seleniumhq\selenium\selenium-support\4.8.1\selenium-support-4.8.1.jar;C:\Users\WINDOWS 11\.m2\repository\com\google\auto\service\auto-service-annotations\1.0.1\auto-service-annotations-1.0.1.jar;C:\Users\WINDOWS 11\.m2\repository\com\google\auto\service\auto-service\1.0.1\auto-service-1.0.1.jar;C:\Users\WINDOWS 11\.m2\repository\com\google\auto\auto-common\1.2\auto-common-1.2.jar;C:\Users\WINDOWS 11\.m2\repository\org\seleniumhq\selenium\selenium-json\4.8.1\selenium-json-4.8.1.jar;C:\Users\WINDOWS 11\.m2\repository\org\seleniumhq\selenium\selenium-chrome-driver\4.8.1\selenium-chrome-driver-4.8.1.jar;C:\Users\WINDOWS 11\.m2\repository\org\seleniumhq\selenium\selenium-chromium-driver\4.8.1\selenium-chromium-driver-4.8.1.jar;C:\Users\WINDOWS 11\.m2\repository\org\seleniumhq\selenium\selenium-firefox-driver\4.8.1\selenium-firefox-driver-4.8.1.jar;C:\Users\WINDOWS 11\.m2\repository\org\seleniumhq\selenium\selenium-http\4.8.1\selenium-http-4.8.1.jar;C:\Users\WINDOWS 11\.m2\repository\dev\failsafe\failsafe\3.3.0\failsafe-3.3.0.jar;C:\Users\WINDOWS 11\.m2\repository\org\seleniumhq\selenium\selenium-edge-driver\4.8.1\selenium-edge-driver-4.8.1.jar;C:\Users\WINDOWS 11\.m2\repository\org\seleniumhq\selenium\selenium-ie-driver\4.8.1\selenium-ie-driver-4.8.1.jar;C:\Users\WINDOWS 11\.m2\repository\org\projectlombok\lombok\1.18.20\lombok-1.18.20.jar;C:\Users\WINDOWS 11\.m2\repository\io\appium\java-client\8.3.0\java-client-8.3.0.jar;C:\Users\WINDOWS 11\.m2\repository\commons-validator\commons-validator\1.7\commons-validator-1.7.jar;C:\Users\WINDOWS 11\.m2\repository\commons-digester\commons-digester\2.1\commons-digester-2.1.jar;C:\Users\WINDOWS 11\.m2\repository\org\apache\groovy\groovy\4.0.10\groovy-4.0.10.jar;C:\Users\WINDOWS 11\.m2\repository\net\sf\opencsv\opencsv\2.0\opencsv-2.0.jar;C:\Users\WINDOWS 11\.m2\repository\commons-beanutils\commons-beanutils\1.9.4\commons-beanutils-1.9.4.jar;C:\Users\WINDOWS 11\.m2\repository\org\apache\commons\commons-lang3\3.12.0\commons-lang3-3.12.0.jar;C:\Users\WINDOWS 11\.m2\repository\commons-collections\commons-collections\3.2.2\commons-collections-3.2.2.jar;C:\Users\WINDOWS 11\.m2\repository\org\fluentlenium\fluentlenium-core\0.10.2\fluentlenium-core-0.10.2.jar;C:\Users\WINDOWS 11\.m2\repository\io\github\bonigarcia\webdrivermanager\5.3.0\webdrivermanager-5.3.0.jar;C:\Users\WINDOWS 11\.m2\repository\com\github\docker-java\docker-java\3.2.13\docker-java-3.2.13.jar;C:\Users\WINDOWS 11\.m2\repository\com\github\docker-java\docker-java-core\3.2.13\docker-java-core-3.2.13.jar;C:\Users\WINDOWS 11\.m2\repository\com\github\docker-java\docker-java-api\3.2.13\docker-java-api-3.2.13.jar;C:\Users\WINDOWS 11\.m2\repository\org\apache\commons\commons-compress\1.21\commons-compress-1.21.jar;C:\Users\WINDOWS 11\.m2\repository\org\bouncycastle\bcpkix-jdk15on\1.64\bcpkix-jdk15on-1.64.jar;C:\Users\WINDOWS 11\.m2\repository\org\bouncycastle\bcprov-jdk15on\1.64\bcprov-jdk15on-1.64.jar;C:\Users\WINDOWS 11\.m2\repository\org\slf4j\jcl-over-slf4j\1.7.30\jcl-over-slf4j-1.7.30.jar;C:\Users\WINDOWS 11\.m2\repository\com\github\docker-java\docker-java-transport-httpclient5\3.2.13\docker-java-transport-httpclient5-3.2.13.jar;C:\Users\WINDOWS 11\.m2\repository\com\github\docker-java\docker-java-transport\3.2.13\docker-java-transport-3.2.13.jar;C:\Users\WINDOWS 11\.m2\repository\net\java\dev\jna\jna\5.8.0\jna-5.8.0.jar;C:\Users\WINDOWS 11\.m2\repository\org\brotli\dec\0.1.2\dec-0.1.2.jar;C:\Users\WINDOWS 11\.m2\repository\org\apache\httpcomponents\client5\httpclient5\5.1.3\httpclient5-5.1.3.jar;C:\Users\WINDOWS 11\.m2\repository\org\apache\httpcomponents\core5\httpcore5\5.1.3\httpcore5-5.1.3.jar;C:\Users\WINDOWS 11\.m2\repository\org\apache\httpcomponents\core5\httpcore5-h2\5.1.3\httpcore5-h2-5.1.3.jar;C:\Users\WINDOWS 11\.m2\repository\com\jhlabs\filters\2.0.235\filters-2.0.235.jar;C:\Users\WINDOWS 11\.m2\repository\com\paulhammant\ngwebdriver\1.1.6\ngwebdriver-1.1.6.jar;C:\Users\WINDOWS 11\.m2\repository\joda-time\joda-time\2.12.2\joda-time-2.12.2.jar;C:\Users\WINDOWS 11\.m2\repository\org\hamcrest\hamcrest\2.2\hamcrest-2.2.jar;C:\Users\WINDOWS 11\.m2\repository\com\google\jimfs\jimfs\1.2\jimfs-1.2.jar;C:\Users\WINDOWS 11\.m2\repository\org\mockito\mockito-core\3.3.3\mockito-core-3.3.3.jar;C:\Users\WINDOWS 11\.m2\repository\javax\xml\bind\jaxb-api\2.3.1\jaxb-api-2.3.1.jar;C:\Users\WINDOWS 11\.m2\repository\javax\activation\javax.activation-api\1.2.0\javax.activation-api-1.2.0.jar;C:\Users\WINDOWS 11\.m2\repository\com\sun\xml\bind\jaxb-core\2.3.0.1\jaxb-core-2.3.0.1.jar;C:\Users\WINDOWS 11\.m2\repository\com\sun\xml\bind\jaxb-impl\2.3.3\jaxb-impl-2.3.3.jar;C:\Users\WINDOWS 11\.m2\repository\jakarta\xml\bind\jakarta.xml.bind-api\2.3.3\jakarta.xml.bind-api-2.3.3.jar;C:\Users\WINDOWS 11\.m2\repository\com\sun\activation\jakarta.activation\1.2.2\jakarta.activation-1.2.2.jar;C:\Users\WINDOWS 11\.m2\repository\javax\activation\activation\1.1.1\activation-1.1.1.jar;C:\Users\WINDOWS 11\.m2\repository\net\serenity-bdd\serenity-cucumber\3.6.21\serenity-cucumber-3.6.21.jar;C:\Users\WINDOWS 11\.m2\repository\io\cucumber\cucumber-core\7.11.0\cucumber-core-7.11.0.jar;C:\Users\WINDOWS 11\.m2\repository\io\cucumber\cucumber-gherkin\7.11.0\cucumber-gherkin-7.11.0.jar;C:\Users\WINDOWS 11\.m2\repository\io\cucumber\cucumber-gherkin-messages\7.11.0\cucumber-gherkin-messages-7.11.0.jar;C:\Users\WINDOWS 11\.m2\repository\io\cucumber\gherkin\26.0.3\gherkin-26.0.3.jar;C:\Users\WINDOWS 11\.m2\repository\io\cucumber\messages\21.0.1\messages-21.0.1.jar;C:\Users\WINDOWS 11\.m2\repository\io\cucumber\tag-expressions\5.0.1\tag-expressions-5.0.1.jar;C:\Users\WINDOWS 11\.m2\repository\io\cucumber\cucumber-expressions\16.1.1\cucumber-expressions-16.1.1.jar;C:\Users\WINDOWS 11\.m2\repository\io\cucumber\datatable\7.11.0\datatable-7.11.0.jar;C:\Users\WINDOWS 11\.m2\repository\io\cucumber\cucumber-plugin\7.11.0\cucumber-plugin-7.11.0.jar;C:\Users\WINDOWS 11\.m2\repository\io\cucumber\docstring\7.11.0\docstring-7.11.0.jar;C:\Users\WINDOWS 11\.m2\repository\io\cucumber\html-formatter\20.2.1\html-formatter-20.2.1.jar;C:\Users\WINDOWS 11\.m2\repository\io\cucumber\junit-xml-formatter\0.1.0\junit-xml-formatter-0.1.0.jar;C:\Users\WINDOWS 11\.m2\repository\io\cucumber\ci-environment\9.1.0\ci-environment-9.1.0.jar;C:\Users\WINDOWS 11\.m2\repository\io\cucumber\cucumber-junit\7.11.0\cucumber-junit-7.11.0.jar;C:\Users\WINDOWS 11\.m2\repository\org\apache\commons\commons-csv\1.5\commons-csv-1.5.jar;C:\Users\WINDOWS 11\.m2\repository\net\serenity-bdd\serenity-screenplay\3.6.21\serenity-screenplay-3.6.21.jar;C:\Users\WINDOWS 11\.m2\repository\net\serenity-bdd\serenity-screenplay-webdriver\3.6.21\serenity-screenplay-webdriver-3.6.21.jar;C:\Users\WINDOWS 11\.m2\repository\net\serenity-bdd\serenity-ensure\3.6.21\serenity-ensure-3.6.21.jar;C:\Users\WINDOWS 11\.m2\repository\net\serenity-bdd\serenity-junit\3.6.21\serenity-junit-3.6.21.jar;C:\Users\WINDOWS 11\.m2\repository\org\jetbrains\kotlin\kotlin-stdlib\1.8.10\kotlin-stdlib-1.8.10.jar;C:\Users\WINDOWS 11\.m2\repository\org\jetbrains\kotlin\kotlin-stdlib-common\1.8.10\kotlin-stdlib-common-1.8.10.jar;C:\Users\WINDOWS 11\.m2\repository\org\jetbrains\annotations\13.0\annotations-13.0.jar;C:\Users\WINDOWS 11\.m2\repository\org\junit\platform\junit-platform-launcher\1.8.2\junit-platform-launcher-1.8.2.jar;C:\Users\WINDOWS 11\.m2\repository\org\junit\platform\junit-platform-engine\1.8.2\junit-platform-engine-1.8.2.jar;C:\Users\WINDOWS 11\.m2\repository\org\opentest4j\opentest4j\1.2.0\opentest4j-1.2.0.jar;C:\Users\WINDOWS 11\.m2\repository\org\junit\platform\junit-platform-commons\1.8.2\junit-platform-commons-1.8.2.jar;C:\Users\WINDOWS 11\.m2\repository\org\apiguardian\apiguardian-api\1.1.2\apiguardian-api-1.1.2.jar;C:\Users\WINDOWS 11\.m2\repository\org\junit\jupiter\junit-jupiter-engine\5.8.2\junit-jupiter-engine-5.8.2.jar;C:\Users\WINDOWS 11\.m2\repository\org\junit\jupiter\junit-jupiter-api\5.8.2\junit-jupiter-api-5.8.2.jar;C:\Users\WINDOWS 11\.m2\repository\org\junit\vintage\junit-vintage-engine\5.8.2\junit-vintage-engine-5.8.2.jar;C:\Users\WINDOWS 11\.m2\repository\junit\junit\4.13.2\junit-4.13.2.jar;C:\Users\WINDOWS 11\.m2\repository\org\hamcrest\hamcrest-core\1.3\hamcrest-core-1.3.jar;C:\Users\WINDOWS 11\.m2\repository\ch\qos\logback\logback-classic\1.2.10\logback-classic-1.2.10.jar;C:\Users\WINDOWS 11\.m2\repository\ch\qos\logback\logback-core\1.2.10\logback-core-1.2.10.jar;C:\Users\WINDOWS 11\.m2\repository\org\slf4j\slf4j-api\1.7.32\slf4j-api-1.7.32.jar;C:\Users\WINDOWS 11\.m2\repository\org\assertj\assertj-core\3.23.1\assertj-core-3.23.1.jar;C:\Users\WINDOWS 11\.m2\repository\net\bytebuddy\byte-buddy\1.12.10\byte-buddy-1.12.10.jar;C:\Users\WINDOWS 11\.m2\repository\io\cucumber\cucumber-java\7.11.0\cucumber-java-7.11.0.jar;"/>
    <property name="java.vm.vendor" value="Oracle Corporation"/>
    <property name="sun.arch.data.model" value="64"/>
    <property name="user.variant" value=""/>
    <property name="java.vendor.url" value="https://java.oracle.com/"/>
    <property name="user.timezone" value="Asia/Bangkok"/>
    <property name="os.name" value="Windows 11"/>
    <property name="java.vm.specification.version" value="19"/>
    <property name="sun.java.launcher" value="SUN_STANDARD"/>
    <property name="user.country" value="US"/>
    <property name="sun.boot.library.path" value="C:\Program Files\Java\jdk-19\bin"/>
    <property name="sun.java.command" value="org.apache.maven.surefire.booter.ForkedBooter C:\Users\WINDOWS 11\AppData\Local\Temp\surefire11766798162202105708 2023-04-18T18-01-56_557-jvmRun1 surefire15935582619957790591tmp surefire_01251056563847543618tmp"/>
    <property name="jdk.debug" value="release"/>
    <property name="surefire.test.class.path" value="C:\Users\WINDOWS 11\IdeaProjects\BDD-Prioritas1\target\test-classes;C:\Users\WINDOWS 11\.m2\repository\net\serenity-bdd\serenity-core\3.6.21\serenity-core-3.6.21.jar;C:\Users\WINDOWS 11\.m2\repository\net\serenity-bdd\serenity-model\3.6.21\serenity-model-3.6.21.jar;C:\Users\WINDOWS 11\.m2\repository\org\apache\commons\commons-text\1.10.0\commons-text-1.10.0.jar;C:\Users\WINDOWS 11\.m2\repository\commons-net\commons-net\3.9.0\commons-net-3.9.0.jar;C:\Users\WINDOWS 11\.m2\repository\com\google\guava\guava\31.1-jre\guava-31.1-jre.jar;C:\Users\WINDOWS 11\.m2\repository\com\google\guava\failureaccess\1.0.1\failureaccess-1.0.1.jar;C:\Users\WINDOWS 11\.m2\repository\com\google\guava\listenablefuture\9999.0-empty-to-avoid-conflict-with-guava\listenablefuture-9999.0-empty-to-avoid-conflict-with-guava.jar;C:\Users\WINDOWS 11\.m2\repository\com\google\code\findbugs\jsr305\3.0.2\jsr305-3.0.2.jar;C:\Users\WINDOWS 11\.m2\repository\org\checkerframework\checker-qual\3.12.0\checker-qual-3.12.0.jar;C:\Users\WINDOWS 11\.m2\repository\com\google\errorprone\error_prone_annotations\2.11.0\error_prone_annotations-2.11.0.jar;C:\Users\WINDOWS 11\.m2\repository\com\google\j2objc\j2objc-annotations\1.3\j2objc-annotations-1.3.jar;C:\Users\WINDOWS 11\.m2\repository\com\google\inject\guice\5.1.0\guice-5.1.0.jar;C:\Users\WINDOWS 11\.m2\repository\javax\inject\javax.inject\1\javax.inject-1.jar;C:\Users\WINDOWS 11\.m2\repository\aopalliance\aopalliance\1.0\aopalliance-1.0.jar;C:\Users\WINDOWS 11\.m2\repository\org\jsoup\jsoup\1.14.3\jsoup-1.14.3.jar;C:\Users\WINDOWS 11\.m2\repository\com\thoughtworks\xstream\xstream\1.4.20\xstream-1.4.20.jar;C:\Users\WINDOWS 11\.m2\repository\io\github\x-stream\mxparser\1.2.2\mxparser-1.2.2.jar;C:\Users\WINDOWS 11\.m2\repository\xmlpull\xmlpull\1.1.3.1\xmlpull-1.1.3.1.jar;C:\Users\WINDOWS 11\.m2\repository\com\typesafe\config\1.4.2\config-1.4.2.jar;C:\Users\WINDOWS 11\.m2\repository\org\imgscalr\imgscalr-lib\4.2\imgscalr-lib-4.2.jar;C:\Users\WINDOWS 11\.m2\repository\org\awaitility\awaitility\4.2.0\awaitility-4.2.0.jar;C:\Users\WINDOWS 11\.m2\repository\org\freemarker\freemarker\2.3.31\freemarker-2.3.31.jar;C:\Users\WINDOWS 11\.m2\repository\io\github\classgraph\classgraph\4.8.138\classgraph-4.8.138.jar;C:\Users\WINDOWS 11\.m2\repository\net\sourceforge\jexcelapi\jxl\2.6.12\jxl-2.6.12.jar;C:\Users\WINDOWS 11\.m2\repository\net\bytebuddy\byte-buddy-agent\1.14.2\byte-buddy-agent-1.14.2.jar;C:\Users\WINDOWS 11\.m2\repository\org\objenesis\objenesis\3.3\objenesis-3.3.jar;C:\Users\WINDOWS 11\.m2\repository\net\serenity-bdd\serenity-reports\3.6.21\serenity-reports-3.6.21.jar;C:\Users\WINDOWS 11\.m2\repository\net\serenity-bdd\serenity-stats\3.6.21\serenity-stats-3.6.21.jar;C:\Users\WINDOWS 11\.m2\repository\net\serenity-bdd\serenity-reports-configuration\3.6.21\serenity-reports-configuration-3.6.21.jar;C:\Users\WINDOWS 11\.m2\repository\com\vladsch\flexmark\flexmark-all\0.62.2\flexmark-all-0.62.2.jar;C:\Users\WINDOWS 11\.m2\repository\com\vladsch\flexmark\flexmark\0.62.2\flexmark-0.62.2.jar;C:\Users\WINDOWS 11\.m2\repository\com\vladsch\flexmark\flexmark-ext-abbreviation\0.62.2\flexmark-ext-abbreviation-0.62.2.jar;C:\Users\WINDOWS 11\.m2\repository\com\vladsch\flexmark\flexmark-util\0.62.2\flexmark-util-0.62.2.jar;C:\Users\WINDOWS 11\.m2\repository\com\vladsch\flexmark\flexmark-ext-admonition\0.62.2\flexmark-ext-admonition-0.62.2.jar;C:\Users\WINDOWS 11\.m2\repository\com\vladsch\flexmark\flexmark-ext-anchorlink\0.62.2\flexmark-ext-anchorlink-0.62.2.jar;C:\Users\WINDOWS 11\.m2\repository\com\vladsch\flexmark\flexmark-ext-aside\0.62.2\flexmark-ext-aside-0.62.2.jar;C:\Users\WINDOWS 11\.m2\repository\com\vladsch\flexmark\flexmark-ext-attributes\0.62.2\flexmark-ext-attributes-0.62.2.jar;C:\Users\WINDOWS 11\.m2\repository\com\vladsch\flexmark\flexmark-ext-autolink\0.62.2\flexmark-ext-autolink-0.62.2.jar;C:\Users\WINDOWS 11\.m2\repository\org\nibor\autolink\autolink\0.6.0\autolink-0.6.0.jar;C:\Users\WINDOWS 11\.m2\repository\com\vladsch\flexmark\flexmark-ext-definition\0.62.2\flexmark-ext-definition-0.62.2.jar;C:\Users\WINDOWS 11\.m2\repository\com\vladsch\flexmark\flexmark-ext-emoji\0.62.2\flexmark-ext-emoji-0.62.2.jar;C:\Users\WINDOWS 11\.m2\repository\com\vladsch\flexmark\flexmark-ext-enumerated-reference\0.62.2\flexmark-ext-enumerated-reference-0.62.2.jar;C:\Users\WINDOWS 11\.m2\repository\com\vladsch\flexmark\flexmark-ext-escaped-character\0.62.2\flexmark-ext-escaped-character-0.62.2.jar;C:\Users\WINDOWS 11\.m2\repository\com\vladsch\flexmark\flexmark-ext-footnotes\0.62.2\flexmark-ext-footnotes-0.62.2.jar;C:\Users\WINDOWS 11\.m2\repository\com\vladsch\flexmark\flexmark-ext-gfm-issues\0.62.2\flexmark-ext-gfm-issues-0.62.2.jar;C:\Users\WINDOWS 11\.m2\repository\com\vladsch\flexmark\flexmark-ext-gfm-strikethrough\0.62.2\flexmark-ext-gfm-strikethrough-0.62.2.jar;C:\Users\WINDOWS 11\.m2\repository\com\vladsch\flexmark\flexmark-ext-gfm-tasklist\0.62.2\flexmark-ext-gfm-tasklist-0.62.2.jar;C:\Users\WINDOWS 11\.m2\repository\com\vladsch\flexmark\flexmark-ext-gfm-users\0.62.2\flexmark-ext-gfm-users-0.62.2.jar;C:\Users\WINDOWS 11\.m2\repository\com\vladsch\flexmark\flexmark-ext-gitlab\0.62.2\flexmark-ext-gitlab-0.62.2.jar;C:\Users\WINDOWS 11\.m2\repository\com\vladsch\flexmark\flexmark-ext-jekyll-front-matter\0.62.2\flexmark-ext-jekyll-front-matter-0.62.2.jar;C:\Users\WINDOWS 11\.m2\repository\com\vladsch\flexmark\flexmark-ext-jekyll-tag\0.62.2\flexmark-ext-jekyll-tag-0.62.2.jar;C:\Users\WINDOWS 11\.m2\repository\com\vladsch\flexmark\flexmark-ext-media-tags\0.62.2\flexmark-ext-media-tags-0.62.2.jar;C:\Users\WINDOWS 11\.m2\repository\com\vladsch\flexmark\flexmark-ext-macros\0.62.2\flexmark-ext-macros-0.62.2.jar;C:\Users\WINDOWS 11\.m2\repository\com\vladsch\flexmark\flexmark-ext-ins\0.62.2\flexmark-ext-ins-0.62.2.jar;C:\Users\WINDOWS 11\.m2\repository\com\vladsch\flexmark\flexmark-ext-xwiki-macros\0.62.2\flexmark-ext-xwiki-macros-0.62.2.jar;C:\Users\WINDOWS 11\.m2\repository\com\vladsch\flexmark\flexmark-ext-superscript\0.62.2\flexmark-ext-superscript-0.62.2.jar;C:\Users\WINDOWS 11\.m2\repository\com\vladsch\flexmark\flexmark-ext-tables\0.62.2\flexmark-ext-tables-0.62.2.jar;C:\Users\WINDOWS 11\.m2\repository\com\vladsch\flexmark\flexmark-ext-toc\0.62.2\flexmark-ext-toc-0.62.2.jar;C:\Users\WINDOWS 11\.m2\repository\com\vladsch\flexmark\flexmark-ext-typographic\0.62.2\flexmark-ext-typographic-0.62.2.jar;C:\Users\WINDOWS 11\.m2\repository\com\vladsch\flexmark\flexmark-ext-wikilink\0.62.2\flexmark-ext-wikilink-0.62.2.jar;C:\Users\WINDOWS 11\.m2\repository\com\vladsch\flexmark\flexmark-ext-yaml-front-matter\0.62.2\flexmark-ext-yaml-front-matter-0.62.2.jar;C:\Users\WINDOWS 11\.m2\repository\com\vladsch\flexmark\flexmark-ext-youtube-embedded\0.62.2\flexmark-ext-youtube-embedded-0.62.2.jar;C:\Users\WINDOWS 11\.m2\repository\com\vladsch\flexmark\flexmark-html2md-converter\0.62.2\flexmark-html2md-converter-0.62.2.jar;C:\Users\WINDOWS 11\.m2\repository\com\vladsch\flexmark\flexmark-jira-converter\0.62.2\flexmark-jira-converter-0.62.2.jar;C:\Users\WINDOWS 11\.m2\repository\com\vladsch\flexmark\flexmark-pdf-converter\0.62.2\flexmark-pdf-converter-0.62.2.jar;C:\Users\WINDOWS 11\.m2\repository\com\openhtmltopdf\openhtmltopdf-core\1.0.0\openhtmltopdf-core-1.0.0.jar;C:\Users\WINDOWS 11\.m2\repository\com\openhtmltopdf\openhtmltopdf-pdfbox\1.0.0\openhtmltopdf-pdfbox-1.0.0.jar;C:\Users\WINDOWS 11\.m2\repository\org\apache\pdfbox\pdfbox\2.0.16\pdfbox-2.0.16.jar;C:\Users\WINDOWS 11\.m2\repository\org\apache\pdfbox\fontbox\2.0.16\fontbox-2.0.16.jar;C:\Users\WINDOWS 11\.m2\repository\org\apache\pdfbox\xmpbox\2.0.16\xmpbox-2.0.16.jar;C:\Users\WINDOWS 11\.m2\repository\de\rototor\pdfbox\graphics2d\0.24\graphics2d-0.24.jar;C:\Users\WINDOWS 11\.m2\repository\com\openhtmltopdf\openhtmltopdf-rtl-support\1.0.0\openhtmltopdf-rtl-support-1.0.0.jar;C:\Users\WINDOWS 11\.m2\repository\com\openhtmltopdf\openhtmltopdf-jsoup-dom-converter\1.0.0\openhtmltopdf-jsoup-dom-converter-1.0.0.jar;C:\Users\WINDOWS 11\.m2\repository\com\vladsch\flexmark\flexmark-profile-pegdown\0.62.2\flexmark-profile-pegdown-0.62.2.jar;C:\Users\WINDOWS 11\.m2\repository\com\vladsch\flexmark\flexmark-util-ast\0.62.2\flexmark-util-ast-0.62.2.jar;C:\Users\WINDOWS 11\.m2\repository\com\vladsch\flexmark\flexmark-util-builder\0.62.2\flexmark-util-builder-0.62.2.jar;C:\Users\WINDOWS 11\.m2\repository\com\vladsch\flexmark\flexmark-util-collection\0.62.2\flexmark-util-collection-0.62.2.jar;C:\Users\WINDOWS 11\.m2\repository\com\vladsch\flexmark\flexmark-util-data\0.62.2\flexmark-util-data-0.62.2.jar;C:\Users\WINDOWS 11\.m2\repository\com\vladsch\flexmark\flexmark-util-dependency\0.62.2\flexmark-util-dependency-0.62.2.jar;C:\Users\WINDOWS 11\.m2\repository\com\vladsch\flexmark\flexmark-util-format\0.62.2\flexmark-util-format-0.62.2.jar;C:\Users\WINDOWS 11\.m2\repository\com\vladsch\flexmark\flexmark-util-html\0.62.2\flexmark-util-html-0.62.2.jar;C:\Users\WINDOWS 11\.m2\repository\com\vladsch\flexmark\flexmark-util-misc\0.62.2\flexmark-util-misc-0.62.2.jar;C:\Users\WINDOWS 11\.m2\repository\com\vladsch\flexmark\flexmark-util-options\0.62.2\flexmark-util-options-0.62.2.jar;C:\Users\WINDOWS 11\.m2\repository\com\vladsch\flexmark\flexmark-util-sequence\0.62.2\flexmark-util-sequence-0.62.2.jar;C:\Users\WINDOWS 11\.m2\repository\com\vladsch\flexmark\flexmark-util-visitor\0.62.2\flexmark-util-visitor-0.62.2.jar;C:\Users\WINDOWS 11\.m2\repository\com\vladsch\flexmark\flexmark-youtrack-converter\0.62.2\flexmark-youtrack-converter-0.62.2.jar;C:\Users\WINDOWS 11\.m2\repository\com\ibm\icu\icu4j\72.1\icu4j-72.1.jar;C:\Users\WINDOWS 11\.m2\repository\es\nitaur\markdown\txtmark\0.16\txtmark-0.16.jar;C:\Users\WINDOWS 11\.m2\repository\net\serenity-bdd\serenity-report-resources\3.6.21\serenity-report-resources-3.6.21.jar;C:\Users\WINDOWS 11\.m2\repository\com\google\code\gson\gson\2.10.1\gson-2.10.1.jar;C:\Users\WINDOWS 11\.m2\repository\com\fasterxml\jackson\core\jackson-core\2.15.0-rc1\jackson-core-2.15.0-rc1.jar;C:\Users\WINDOWS 11\.m2\repository\com\fasterxml\jackson\core\jackson-databind\2.15.0-rc1\jackson-databind-2.15.0-rc1.jar;C:\Users\WINDOWS 11\.m2\repository\com\fasterxml\jackson\core\jackson-annotations\2.15.0-rc1\jackson-annotations-2.15.0-rc1.jar;C:\Users\WINDOWS 11\.m2\repository\commons-codec\commons-codec\1.15\commons-codec-1.15.jar;C:\Users\WINDOWS 11\.m2\repository\commons-io\commons-io\2.11.0\commons-io-2.11.0.jar;C:\Users\WINDOWS 11\.m2\repository\org\apache\httpcomponents\httpclient\4.5.13\httpclient-4.5.13.jar;C:\Users\WINDOWS 11\.m2\repository\org\apache\httpcomponents\httpcore\4.4.13\httpcore-4.4.13.jar;C:\Users\WINDOWS 11\.m2\repository\commons-logging\commons-logging\1.2\commons-logging-1.2.jar;C:\Users\WINDOWS 11\.m2\repository\org\seleniumhq\selenium\selenium-java\4.8.1\selenium-java-4.8.1.jar;C:\Users\WINDOWS 11\.m2\repository\org\seleniumhq\selenium\selenium-devtools-v108\4.8.1\selenium-devtools-v108-4.8.1.jar;C:\Users\WINDOWS 11\.m2\repository\org\seleniumhq\selenium\selenium-devtools-v109\4.8.1\selenium-devtools-v109-4.8.1.jar;C:\Users\WINDOWS 11\.m2\repository\org\seleniumhq\selenium\selenium-devtools-v110\4.8.1\selenium-devtools-v110-4.8.1.jar;C:\Users\WINDOWS 11\.m2\repository\org\seleniumhq\selenium\selenium-devtools-v85\4.8.1\selenium-devtools-v85-4.8.1.jar;C:\Users\WINDOWS 11\.m2\repository\org\seleniumhq\selenium\selenium-remote-driver\4.8.1\selenium-remote-driver-4.8.1.jar;C:\Users\WINDOWS 11\.m2\repository\com\beust\jcommander\1.82\jcommander-1.82.jar;C:\Users\WINDOWS 11\.m2\repository\io\netty\netty-buffer\4.1.87.Final\netty-buffer-4.1.87.Final.jar;C:\Users\WINDOWS 11\.m2\repository\io\netty\netty-codec-http\4.1.87.Final\netty-codec-http-4.1.87.Final.jar;C:\Users\WINDOWS 11\.m2\repository\io\netty\netty-codec\4.1.87.Final\netty-codec-4.1.87.Final.jar;C:\Users\WINDOWS 11\.m2\repository\io\netty\netty-handler\4.1.87.Final\netty-handler-4.1.87.Final.jar;C:\Users\WINDOWS 11\.m2\repository\io\netty\netty-common\4.1.87.Final\netty-common-4.1.87.Final.jar;C:\Users\WINDOWS 11\.m2\repository\io\netty\netty-transport-classes-epoll\4.1.87.Final\netty-transport-classes-epoll-4.1.87.Final.jar;C:\Users\WINDOWS 11\.m2\repository\io\netty\netty-transport-classes-kqueue\4.1.87.Final\netty-transport-classes-kqueue-4.1.87.Final.jar;C:\Users\WINDOWS 11\.m2\repository\io\netty\netty-transport-native-epoll\4.1.87.Final\netty-transport-native-epoll-4.1.87.Final.jar;C:\Users\WINDOWS 11\.m2\repository\io\netty\netty-transport-native-kqueue\4.1.87.Final\netty-transport-native-kqueue-4.1.87.Final.jar;C:\Users\WINDOWS 11\.m2\repository\io\netty\netty-transport-native-unix-common\4.1.87.Final\netty-transport-native-unix-common-4.1.87.Final.jar;C:\Users\WINDOWS 11\.m2\repository\io\netty\netty-transport\4.1.87.Final\netty-transport-4.1.87.Final.jar;C:\Users\WINDOWS 11\.m2\repository\io\netty\netty-resolver\4.1.87.Final\netty-resolver-4.1.87.Final.jar;C:\Users\WINDOWS 11\.m2\repository\io\opentelemetry\opentelemetry-api\1.22.0\opentelemetry-api-1.22.0.jar;C:\Users\WINDOWS 11\.m2\repository\io\opentelemetry\opentelemetry-context\1.22.0\opentelemetry-context-1.22.0.jar;C:\Users\WINDOWS 11\.m2\repository\io\opentelemetry\opentelemetry-exporter-logging\1.22.0\opentelemetry-exporter-logging-1.22.0.jar;C:\Users\WINDOWS 11\.m2\repository\io\opentelemetry\opentelemetry-sdk-metrics\1.22.0\opentelemetry-sdk-metrics-1.22.0.jar;C:\Users\WINDOWS 11\.m2\repository\io\opentelemetry\opentelemetry-sdk-logs\1.22.0-alpha\opentelemetry-sdk-logs-1.22.0-alpha.jar;C:\Users\WINDOWS 11\.m2\repository\io\opentelemetry\opentelemetry-api-logs\1.22.0-alpha\opentelemetry-api-logs-1.22.0-alpha.jar;C:\Users\WINDOWS 11\.m2\repository\io\opentelemetry\opentelemetry-sdk-common\1.22.0\opentelemetry-sdk-common-1.22.0.jar;C:\Users\WINDOWS 11\.m2\repository\io\opentelemetry\opentelemetry-sdk-extension-autoconfigure-spi\1.22.0\opentelemetry-sdk-extension-autoconfigure-spi-1.22.0.jar;C:\Users\WINDOWS 11\.m2\repository\io\opentelemetry\opentelemetry-sdk-extension-autoconfigure\1.22.0-alpha\opentelemetry-sdk-extension-autoconfigure-1.22.0-alpha.jar;C:\Users\WINDOWS 11\.m2\repository\io\opentelemetry\opentelemetry-sdk-trace\1.22.0\opentelemetry-sdk-trace-1.22.0.jar;C:\Users\WINDOWS 11\.m2\repository\io\opentelemetry\opentelemetry-sdk\1.22.0\opentelemetry-sdk-1.22.0.jar;C:\Users\WINDOWS 11\.m2\repository\io\opentelemetry\opentelemetry-semconv\1.22.0-alpha\opentelemetry-semconv-1.22.0-alpha.jar;C:\Users\WINDOWS 11\.m2\repository\io\ous\jtoml\2.0.0\jtoml-2.0.0.jar;C:\Users\WINDOWS 11\.m2\repository\org\apache\commons\commons-exec\1.3\commons-exec-1.3.jar;C:\Users\WINDOWS 11\.m2\repository\org\asynchttpclient\async-http-client\2.12.3\async-http-client-2.12.3.jar;C:\Users\WINDOWS 11\.m2\repository\org\asynchttpclient\async-http-client-netty-utils\2.12.3\async-http-client-netty-utils-2.12.3.jar;C:\Users\WINDOWS 11\.m2\repository\io\netty\netty-codec-socks\4.1.60.Final\netty-codec-socks-4.1.60.Final.jar;C:\Users\WINDOWS 11\.m2\repository\io\netty\netty-handler-proxy\4.1.60.Final\netty-handler-proxy-4.1.60.Final.jar;C:\Users\WINDOWS 11\.m2\repository\io\netty\netty-transport-native-epoll\4.1.60.Final\netty-transport-native-epoll-4.1.60.Final-linux-x86_64.jar;C:\Users\WINDOWS 11\.m2\repository\io\netty\netty-transport-native-kqueue\4.1.60.Final\netty-transport-native-kqueue-4.1.60.Final-osx-x86_64.jar;C:\Users\WINDOWS 11\.m2\repository\org\reactivestreams\reactive-streams\1.0.3\reactive-streams-1.0.3.jar;C:\Users\WINDOWS 11\.m2\repository\com\typesafe\netty\netty-reactive-streams\2.0.4\netty-reactive-streams-2.0.4.jar;C:\Users\WINDOWS 11\.m2\repository\org\seleniumhq\selenium\selenium-manager\4.8.1\selenium-manager-4.8.1.jar;C:\Users\WINDOWS 11\.m2\repository\org\seleniumhq\selenium\selenium-safari-driver\4.8.1\selenium-safari-driver-4.8.1.jar;C:\Users\WINDOWS 11\.m2\repository\org\seleniumhq\selenium\selenium-api\4.8.1\selenium-api-4.8.1.jar;C:\Users\WINDOWS 11\.m2\repository\org\seleniumhq\selenium\selenium-support\4.8.1\selenium-support-4.8.1.jar;C:\Users\WINDOWS 11\.m2\repository\com\google\auto\service\auto-service-annotations\1.0.1\auto-service-annotations-1.0.1.jar;C:\Users\WINDOWS 11\.m2\repository\com\google\auto\service\auto-service\1.0.1\auto-service-1.0.1.jar;C:\Users\WINDOWS 11\.m2\repository\com\google\auto\auto-common\1.2\auto-common-1.2.jar;C:\Users\WINDOWS 11\.m2\repository\org\seleniumhq\selenium\selenium-json\4.8.1\selenium-json-4.8.1.jar;C:\Users\WINDOWS 11\.m2\repository\org\seleniumhq\selenium\selenium-chrome-driver\4.8.1\selenium-chrome-driver-4.8.1.jar;C:\Users\WINDOWS 11\.m2\repository\org\seleniumhq\selenium\selenium-chromium-driver\4.8.1\selenium-chromium-driver-4.8.1.jar;C:\Users\WINDOWS 11\.m2\repository\org\seleniumhq\selenium\selenium-firefox-driver\4.8.1\selenium-firefox-driver-4.8.1.jar;C:\Users\WINDOWS 11\.m2\repository\org\seleniumhq\selenium\selenium-http\4.8.1\selenium-http-4.8.1.jar;C:\Users\WINDOWS 11\.m2\repository\dev\failsafe\failsafe\3.3.0\failsafe-3.3.0.jar;C:\Users\WINDOWS 11\.m2\repository\org\seleniumhq\selenium\selenium-edge-driver\4.8.1\selenium-edge-driver-4.8.1.jar;C:\Users\WINDOWS 11\.m2\repository\org\seleniumhq\selenium\selenium-ie-driver\4.8.1\selenium-ie-driver-4.8.1.jar;C:\Users\WINDOWS 11\.m2\repository\org\projectlombok\lombok\1.18.20\lombok-1.18.20.jar;C:\Users\WINDOWS 11\.m2\repository\io\appium\java-client\8.3.0\java-client-8.3.0.jar;C:\Users\WINDOWS 11\.m2\repository\commons-validator\commons-validator\1.7\commons-validator-1.7.jar;C:\Users\WINDOWS 11\.m2\repository\commons-digester\commons-digester\2.1\commons-digester-2.1.jar;C:\Users\WINDOWS 11\.m2\repository\org\apache\groovy\groovy\4.0.10\groovy-4.0.10.jar;C:\Users\WINDOWS 11\.m2\repository\net\sf\opencsv\opencsv\2.0\opencsv-2.0.jar;C:\Users\WINDOWS 11\.m2\repository\commons-beanutils\commons-beanutils\1.9.4\commons-beanutils-1.9.4.jar;C:\Users\WINDOWS 11\.m2\repository\org\apache\commons\commons-lang3\3.12.0\commons-lang3-3.12.0.jar;C:\Users\WINDOWS 11\.m2\repository\commons-collections\commons-collections\3.2.2\commons-collections-3.2.2.jar;C:\Users\WINDOWS 11\.m2\repository\org\fluentlenium\fluentlenium-core\0.10.2\fluentlenium-core-0.10.2.jar;C:\Users\WINDOWS 11\.m2\repository\io\github\bonigarcia\webdrivermanager\5.3.0\webdrivermanager-5.3.0.jar;C:\Users\WINDOWS 11\.m2\repository\com\github\docker-java\docker-java\3.2.13\docker-java-3.2.13.jar;C:\Users\WINDOWS 11\.m2\repository\com\github\docker-java\docker-java-core\3.2.13\docker-java-core-3.2.13.jar;C:\Users\WINDOWS 11\.m2\repository\com\github\docker-java\docker-java-api\3.2.13\docker-java-api-3.2.13.jar;C:\Users\WINDOWS 11\.m2\repository\org\apache\commons\commons-compress\1.21\commons-compress-1.21.jar;C:\Users\WINDOWS 11\.m2\repository\org\bouncycastle\bcpkix-jdk15on\1.64\bcpkix-jdk15on-1.64.jar;C:\Users\WINDOWS 11\.m2\repository\org\bouncycastle\bcprov-jdk15on\1.64\bcprov-jdk15on-1.64.jar;C:\Users\WINDOWS 11\.m2\repository\org\slf4j\jcl-over-slf4j\1.7.30\jcl-over-slf4j-1.7.30.jar;C:\Users\WINDOWS 11\.m2\repository\com\github\docker-java\docker-java-transport-httpclient5\3.2.13\docker-java-transport-httpclient5-3.2.13.jar;C:\Users\WINDOWS 11\.m2\repository\com\github\docker-java\docker-java-transport\3.2.13\docker-java-transport-3.2.13.jar;C:\Users\WINDOWS 11\.m2\repository\net\java\dev\jna\jna\5.8.0\jna-5.8.0.jar;C:\Users\WINDOWS 11\.m2\repository\org\brotli\dec\0.1.2\dec-0.1.2.jar;C:\Users\WINDOWS 11\.m2\repository\org\apache\httpcomponents\client5\httpclient5\5.1.3\httpclient5-5.1.3.jar;C:\Users\WINDOWS 11\.m2\repository\org\apache\httpcomponents\core5\httpcore5\5.1.3\httpcore5-5.1.3.jar;C:\Users\WINDOWS 11\.m2\repository\org\apache\httpcomponents\core5\httpcore5-h2\5.1.3\httpcore5-h2-5.1.3.jar;C:\Users\WINDOWS 11\.m2\repository\com\jhlabs\filters\2.0.235\filters-2.0.235.jar;C:\Users\WINDOWS 11\.m2\repository\com\paulhammant\ngwebdriver\1.1.6\ngwebdriver-1.1.6.jar;C:\Users\WINDOWS 11\.m2\repository\joda-time\joda-time\2.12.2\joda-time-2.12.2.jar;C:\Users\WINDOWS 11\.m2\repository\org\hamcrest\hamcrest\2.2\hamcrest-2.2.jar;C:\Users\WINDOWS 11\.m2\repository\com\google\jimfs\jimfs\1.2\jimfs-1.2.jar;C:\Users\WINDOWS 11\.m2\repository\org\mockito\mockito-core\3.3.3\mockito-core-3.3.3.jar;C:\Users\WINDOWS 11\.m2\repository\javax\xml\bind\jaxb-api\2.3.1\jaxb-api-2.3.1.jar;C:\Users\WINDOWS 11\.m2\repository\javax\activation\javax.activation-api\1.2.0\javax.activation-api-1.2.0.jar;C:\Users\WINDOWS 11\.m2\repository\com\sun\xml\bind\jaxb-core\2.3.0.1\jaxb-core-2.3.0.1.jar;C:\Users\WINDOWS 11\.m2\repository\com\sun\xml\bind\jaxb-impl\2.3.3\jaxb-impl-2.3.3.jar;C:\Users\WINDOWS 11\.m2\repository\jakarta\xml\bind\jakarta.xml.bind-api\2.3.3\jakarta.xml.bind-api-2.3.3.jar;C:\Users\WINDOWS 11\.m2\repository\com\sun\activation\jakarta.activation\1.2.2\jakarta.activation-1.2.2.jar;C:\Users\WINDOWS 11\.m2\repository\javax\activation\activation\1.1.1\activation-1.1.1.jar;C:\Users\WINDOWS 11\.m2\repository\net\serenity-bdd\serenity-cucumber\3.6.21\serenity-cucumber-3.6.21.jar;C:\Users\WINDOWS 11\.m2\repository\io\cucumber\cucumber-core\7.11.0\cucumber-core-7.11.0.jar;C:\Users\WINDOWS 11\.m2\repository\io\cucumber\cucumber-gherkin\7.11.0\cucumber-gherkin-7.11.0.jar;C:\Users\WINDOWS 11\.m2\repository\io\cucumber\cucumber-gherkin-messages\7.11.0\cucumber-gherkin-messages-7.11.0.jar;C:\Users\WINDOWS 11\.m2\repository\io\cucumber\gherkin\26.0.3\gherkin-26.0.3.jar;C:\Users\WINDOWS 11\.m2\repository\io\cucumber\messages\21.0.1\messages-21.0.1.jar;C:\Users\WINDOWS 11\.m2\repository\io\cucumber\tag-expressions\5.0.1\tag-expressions-5.0.1.jar;C:\Users\WINDOWS 11\.m2\repository\io\cucumber\cucumber-expressions\16.1.1\cucumber-expressions-16.1.1.jar;C:\Users\WINDOWS 11\.m2\repository\io\cucumber\datatable\7.11.0\datatable-7.11.0.jar;C:\Users\WINDOWS 11\.m2\repository\io\cucumber\cucumber-plugin\7.11.0\cucumber-plugin-7.11.0.jar;C:\Users\WINDOWS 11\.m2\repository\io\cucumber\docstring\7.11.0\docstring-7.11.0.jar;C:\Users\WINDOWS 11\.m2\repository\io\cucumber\html-formatter\20.2.1\html-formatter-20.2.1.jar;C:\Users\WINDOWS 11\.m2\repository\io\cucumber\junit-xml-formatter\0.1.0\junit-xml-formatter-0.1.0.jar;C:\Users\WINDOWS 11\.m2\repository\io\cucumber\ci-environment\9.1.0\ci-environment-9.1.0.jar;C:\Users\WINDOWS 11\.m2\repository\io\cucumber\cucumber-junit\7.11.0\cucumber-junit-7.11.0.jar;C:\Users\WINDOWS 11\.m2\repository\org\apache\commons\commons-csv\1.5\commons-csv-1.5.jar;C:\Users\WINDOWS 11\.m2\repository\net\serenity-bdd\serenity-screenplay\3.6.21\serenity-screenplay-3.6.21.jar;C:\Users\WINDOWS 11\.m2\repository\net\serenity-bdd\serenity-screenplay-webdriver\3.6.21\serenity-screenplay-webdriver-3.6.21.jar;C:\Users\WINDOWS 11\.m2\repository\net\serenity-bdd\serenity-ensure\3.6.21\serenity-ensure-3.6.21.jar;C:\Users\WINDOWS 11\.m2\repository\net\serenity-bdd\serenity-junit\3.6.21\serenity-junit-3.6.21.jar;C:\Users\WINDOWS 11\.m2\repository\org\jetbrains\kotlin\kotlin-stdlib\1.8.10\kotlin-stdlib-1.8.10.jar;C:\Users\WINDOWS 11\.m2\repository\org\jetbrains\kotlin\kotlin-stdlib-common\1.8.10\kotlin-stdlib-common-1.8.10.jar;C:\Users\WINDOWS 11\.m2\repository\org\jetbrains\annotations\13.0\annotations-13.0.jar;C:\Users\WINDOWS 11\.m2\repository\org\junit\platform\junit-platform-launcher\1.8.2\junit-platform-launcher-1.8.2.jar;C:\Users\WINDOWS 11\.m2\repository\org\junit\platform\junit-platform-engine\1.8.2\junit-platform-engine-1.8.2.jar;C:\Users\WINDOWS 11\.m2\repository\org\opentest4j\opentest4j\1.2.0\opentest4j-1.2.0.jar;C:\Users\WINDOWS 11\.m2\repository\org\junit\platform\junit-platform-commons\1.8.2\junit-platform-commons-1.8.2.jar;C:\Users\WINDOWS 11\.m2\repository\org\apiguardian\apiguardian-api\1.1.2\apiguardian-api-1.1.2.jar;C:\Users\WINDOWS 11\.m2\repository\org\junit\jupiter\junit-jupiter-engine\5.8.2\junit-jupiter-engine-5.8.2.jar;C:\Users\WINDOWS 11\.m2\repository\org\junit\jupiter\junit-jupiter-api\5.8.2\junit-jupiter-api-5.8.2.jar;C:\Users\WINDOWS 11\.m2\repository\org\junit\vintage\junit-vintage-engine\5.8.2\junit-vintage-engine-5.8.2.jar;C:\Users\WINDOWS 11\.m2\repository\junit\junit\4.13.2\junit-4.13.2.jar;C:\Users\WINDOWS 11\.m2\repository\org\hamcrest\hamcrest-core\1.3\hamcrest-core-1.3.jar;C:\Users\WINDOWS 11\.m2\repository\ch\qos\logback\logback-classic\1.2.10\logback-classic-1.2.10.jar;C:\Users\WINDOWS 11\.m2\repository\ch\qos\logback\logback-core\1.2.10\logback-core-1.2.10.jar;C:\Users\WINDOWS 11\.m2\repository\org\slf4j\slf4j-api\1.7.32\slf4j-api-1.7.32.jar;C:\Users\WINDOWS 11\.m2\repository\org\assertj\assertj-core\3.23.1\assertj-core-3.23.1.jar;C:\Users\WINDOWS 11\.m2\repository\net\bytebuddy\byte-buddy\1.12.10\byte-buddy-1.12.10.jar;C:\Users\WINDOWS 11\.m2\repository\io\cucumber\cucumber-java\7.11.0\cucumber-java-7.11.0.jar;"/>
    <property name="sun.cpu.endian" value="little"/>
    <property name="user.home" value="C:\Users\WINDOWS 11"/>
    <property name="user.language" value="en"/>
    <property name="java.specification.vendor" value="Oracle Corporation"/>
    <property name="jdk.module.path" value="C:\Users\WINDOWS 11\IdeaProjects\BDD-Prioritas1\target\BDD-Prioritas1-1.0-SNAPSHOT.jar"/>
    <property name="java.version.date" value="2022-09-20"/>
    <property name="java.home" value="C:\Program Files\Java\jdk-19"/>
    <property name="file.separator" value="\"/>
    <property name="basedir" value="C:\Users\WINDOWS 11\IdeaProjects\BDD-Prioritas1"/>
    <property name="java.vm.compressedOopsMode" value="32-bit"/>
    <property name="line.separator" value="&#10;"/>
    <property name="java.vm.specification.vendor" value="Oracle Corporation"/>
    <property name="java.specification.name" value="Java Platform API Specification"/>
    <property name="surefire.real.class.path" value="C:\Users\WINDOWS 11\.m2\repository\org\apache\maven\surefire\surefire-booter\3.0.0-M5\surefire-booter-3.0.0-M5.jar;C:\Users\WINDOWS 11\.m2\repository\org\apache\maven\surefire\surefire-api\3.0.0-M5\surefire-api-3.0.0-M5.jar;C:\Users\WINDOWS 11\.m2\repository\org\apache\maven\surefire\surefire-logger-api\3.0.0-M5\surefire-logger-api-3.0.0-M5.jar;C:\Users\WINDOWS 11\.m2\repository\org\apache\maven\surefire\surefire-shared-utils\3.0.0-M4\surefire-shared-utils-3.0.0-M4.jar;C:\Users\WINDOWS 11\.m2\repository\org\apache\maven\surefire\surefire-extensions-spi\3.0.0-M5\surefire-extensions-spi-3.0.0-M5.jar;C:\Users\WINDOWS 11\IdeaProjects\BDD-Prioritas1\target\test-classes;C:\Users\WINDOWS 11\.m2\repository\net\serenity-bdd\serenity-core\3.6.21\serenity-core-3.6.21.jar;C:\Users\WINDOWS 11\.m2\repository\net\serenity-bdd\serenity-model\3.6.21\serenity-model-3.6.21.jar;C:\Users\WINDOWS 11\.m2\repository\org\apache\commons\commons-text\1.10.0\commons-text-1.10.0.jar;C:\Users\WINDOWS 11\.m2\repository\commons-net\commons-net\3.9.0\commons-net-3.9.0.jar;C:\Users\WINDOWS 11\.m2\repository\com\google\guava\guava\31.1-jre\guava-31.1-jre.jar;C:\Users\WINDOWS 11\.m2\repository\com\google\guava\failureaccess\1.0.1\failureaccess-1.0.1.jar;C:\Users\WINDOWS 11\.m2\repository\com\google\guava\listenablefuture\9999.0-empty-to-avoid-conflict-with-guava\listenablefuture-9999.0-empty-to-avoid-conflict-with-guava.jar;C:\Users\WINDOWS 11\.m2\repository\com\google\code\findbugs\jsr305\3.0.2\jsr305-3.0.2.jar;C:\Users\WINDOWS 11\.m2\repository\org\checkerframework\checker-qual\3.12.0\checker-qual-3.12.0.jar;C:\Users\WINDOWS 11\.m2\repository\com\google\errorprone\error_prone_annotations\2.11.0\error_prone_annotations-2.11.0.jar;C:\Users\WINDOWS 11\.m2\repository\com\google\j2objc\j2objc-annotations\1.3\j2objc-annotations-1.3.jar;C:\Users\WINDOWS 11\.m2\repository\com\google\inject\guice\5.1.0\guice-5.1.0.jar;C:\Users\WINDOWS 11\.m2\repository\javax\inject\javax.inject\1\javax.inject-1.jar;C:\Users\WINDOWS 11\.m2\repository\aopalliance\aopalliance\1.0\aopalliance-1.0.jar;C:\Users\WINDOWS 11\.m2\repository\org\jsoup\jsoup\1.14.3\jsoup-1.14.3.jar;C:\Users\WINDOWS 11\.m2\repository\com\thoughtworks\xstream\xstream\1.4.20\xstream-1.4.20.jar;C:\Users\WINDOWS 11\.m2\repository\io\github\x-stream\mxparser\1.2.2\mxparser-1.2.2.jar;C:\Users\WINDOWS 11\.m2\repository\xmlpull\xmlpull\1.1.3.1\xmlpull-1.1.3.1.jar;C:\Users\WINDOWS 11\.m2\repository\com\typesafe\config\1.4.2\config-1.4.2.jar;C:\Users\WINDOWS 11\.m2\repository\org\imgscalr\imgscalr-lib\4.2\imgscalr-lib-4.2.jar;C:\Users\WINDOWS 11\.m2\repository\org\awaitility\awaitility\4.2.0\awaitility-4.2.0.jar;C:\Users\WINDOWS 11\.m2\repository\org\freemarker\freemarker\2.3.31\freemarker-2.3.31.jar;C:\Users\WINDOWS 11\.m2\repository\io\github\classgraph\classgraph\4.8.138\classgraph-4.8.138.jar;C:\Users\WINDOWS 11\.m2\repository\net\sourceforge\jexcelapi\jxl\2.6.12\jxl-2.6.12.jar;C:\Users\WINDOWS 11\.m2\repository\net\bytebuddy\byte-buddy-agent\1.14.2\byte-buddy-agent-1.14.2.jar;C:\Users\WINDOWS 11\.m2\repository\org\objenesis\objenesis\3.3\objenesis-3.3.jar;C:\Users\WINDOWS 11\.m2\repository\net\serenity-bdd\serenity-reports\3.6.21\serenity-reports-3.6.21.jar;C:\Users\WINDOWS 11\.m2\repository\net\serenity-bdd\serenity-stats\3.6.21\serenity-stats-3.6.21.jar;C:\Users\WINDOWS 11\.m2\repository\net\serenity-bdd\serenity-reports-configuration\3.6.21\serenity-reports-configuration-3.6.21.jar;C:\Users\WINDOWS 11\.m2\repository\com\vladsch\flexmark\flexmark-all\0.62.2\flexmark-all-0.62.2.jar;C:\Users\WINDOWS 11\.m2\repository\com\vladsch\flexmark\flexmark\0.62.2\flexmark-0.62.2.jar;C:\Users\WINDOWS 11\.m2\repository\com\vladsch\flexmark\flexmark-ext-abbreviation\0.62.2\flexmark-ext-abbreviation-0.62.2.jar;C:\Users\WINDOWS 11\.m2\repository\com\vladsch\flexmark\flexmark-util\0.62.2\flexmark-util-0.62.2.jar;C:\Users\WINDOWS 11\.m2\repository\com\vladsch\flexmark\flexmark-ext-admonition\0.62.2\flexmark-ext-admonition-0.62.2.jar;C:\Users\WINDOWS 11\.m2\repository\com\vladsch\flexmark\flexmark-ext-anchorlink\0.62.2\flexmark-ext-anchorlink-0.62.2.jar;C:\Users\WINDOWS 11\.m2\repository\com\vladsch\flexmark\flexmark-ext-aside\0.62.2\flexmark-ext-aside-0.62.2.jar;C:\Users\WINDOWS 11\.m2\repository\com\vladsch\flexmark\flexmark-ext-attributes\0.62.2\flexmark-ext-attributes-0.62.2.jar;C:\Users\WINDOWS 11\.m2\repository\com\vladsch\flexmark\flexmark-ext-autolink\0.62.2\flexmark-ext-autolink-0.62.2.jar;C:\Users\WINDOWS 11\.m2\repository\org\nibor\autolink\autolink\0.6.0\autolink-0.6.0.jar;C:\Users\WINDOWS 11\.m2\repository\com\vladsch\flexmark\flexmark-ext-definition\0.62.2\flexmark-ext-definition-0.62.2.jar;C:\Users\WINDOWS 11\.m2\repository\com\vladsch\flexmark\flexmark-ext-emoji\0.62.2\flexmark-ext-emoji-0.62.2.jar;C:\Users\WINDOWS 11\.m2\repository\com\vladsch\flexmark\flexmark-ext-enumerated-reference\0.62.2\flexmark-ext-enumerated-reference-0.62.2.jar;C:\Users\WINDOWS 11\.m2\repository\com\vladsch\flexmark\flexmark-ext-escaped-character\0.62.2\flexmark-ext-escaped-character-0.62.2.jar;C:\Users\WINDOWS 11\.m2\repository\com\vladsch\flexmark\flexmark-ext-footnotes\0.62.2\flexmark-ext-footnotes-0.62.2.jar;C:\Users\WINDOWS 11\.m2\repository\com\vladsch\flexmark\flexmark-ext-gfm-issues\0.62.2\flexmark-ext-gfm-issues-0.62.2.jar;C:\Users\WINDOWS 11\.m2\repository\com\vladsch\flexmark\flexmark-ext-gfm-strikethrough\0.62.2\flexmark-ext-gfm-strikethrough-0.62.2.jar;C:\Users\WINDOWS 11\.m2\repository\com\vladsch\flexmark\flexmark-ext-gfm-tasklist\0.62.2\flexmark-ext-gfm-tasklist-0.62.2.jar;C:\Users\WINDOWS 11\.m2\repository\com\vladsch\flexmark\flexmark-ext-gfm-users\0.62.2\flexmark-ext-gfm-users-0.62.2.jar;C:\Users\WINDOWS 11\.m2\repository\com\vladsch\flexmark\flexmark-ext-gitlab\0.62.2\flexmark-ext-gitlab-0.62.2.jar;C:\Users\WINDOWS 11\.m2\repository\com\vladsch\flexmark\flexmark-ext-jekyll-front-matter\0.62.2\flexmark-ext-jekyll-front-matter-0.62.2.jar;C:\Users\WINDOWS 11\.m2\repository\com\vladsch\flexmark\flexmark-ext-jekyll-tag\0.62.2\flexmark-ext-jekyll-tag-0.62.2.jar;C:\Users\WINDOWS 11\.m2\repository\com\vladsch\flexmark\flexmark-ext-media-tags\0.62.2\flexmark-ext-media-tags-0.62.2.jar;C:\Users\WINDOWS 11\.m2\repository\com\vladsch\flexmark\flexmark-ext-macros\0.62.2\flexmark-ext-macros-0.62.2.jar;C:\Users\WINDOWS 11\.m2\repository\com\vladsch\flexmark\flexmark-ext-ins\0.62.2\flexmark-ext-ins-0.62.2.jar;C:\Users\WINDOWS 11\.m2\repository\com\vladsch\flexmark\flexmark-ext-xwiki-macros\0.62.2\flexmark-ext-xwiki-macros-0.62.2.jar;C:\Users\WINDOWS 11\.m2\repository\com\vladsch\flexmark\flexmark-ext-superscript\0.62.2\flexmark-ext-superscript-0.62.2.jar;C:\Users\WINDOWS 11\.m2\repository\com\vladsch\flexmark\flexmark-ext-tables\0.62.2\flexmark-ext-tables-0.62.2.jar;C:\Users\WINDOWS 11\.m2\repository\com\vladsch\flexmark\flexmark-ext-toc\0.62.2\flexmark-ext-toc-0.62.2.jar;C:\Users\WINDOWS 11\.m2\repository\com\vladsch\flexmark\flexmark-ext-typographic\0.62.2\flexmark-ext-typographic-0.62.2.jar;C:\Users\WINDOWS 11\.m2\repository\com\vladsch\flexmark\flexmark-ext-wikilink\0.62.2\flexmark-ext-wikilink-0.62.2.jar;C:\Users\WINDOWS 11\.m2\repository\com\vladsch\flexmark\flexmark-ext-yaml-front-matter\0.62.2\flexmark-ext-yaml-front-matter-0.62.2.jar;C:\Users\WINDOWS 11\.m2\repository\com\vladsch\flexmark\flexmark-ext-youtube-embedded\0.62.2\flexmark-ext-youtube-embedded-0.62.2.jar;C:\Users\WINDOWS 11\.m2\repository\com\vladsch\flexmark\flexmark-html2md-converter\0.62.2\flexmark-html2md-converter-0.62.2.jar;C:\Users\WINDOWS 11\.m2\repository\com\vladsch\flexmark\flexmark-jira-converter\0.62.2\flexmark-jira-converter-0.62.2.jar;C:\Users\WINDOWS 11\.m2\repository\com\vladsch\flexmark\flexmark-pdf-converter\0.62.2\flexmark-pdf-converter-0.62.2.jar;C:\Users\WINDOWS 11\.m2\repository\com\openhtmltopdf\openhtmltopdf-core\1.0.0\openhtmltopdf-core-1.0.0.jar;C:\Users\WINDOWS 11\.m2\repository\com\openhtmltopdf\openhtmltopdf-pdfbox\1.0.0\openhtmltopdf-pdfbox-1.0.0.jar;C:\Users\WINDOWS 11\.m2\repository\org\apache\pdfbox\pdfbox\2.0.16\pdfbox-2.0.16.jar;C:\Users\WINDOWS 11\.m2\repository\org\apache\pdfbox\fontbox\2.0.16\fontbox-2.0.16.jar;C:\Users\WINDOWS 11\.m2\repository\org\apache\pdfbox\xmpbox\2.0.16\xmpbox-2.0.16.jar;C:\Users\WINDOWS 11\.m2\repository\de\rototor\pdfbox\graphics2d\0.24\graphics2d-0.24.jar;C:\Users\WINDOWS 11\.m2\repository\com\openhtmltopdf\openhtmltopdf-rtl-support\1.0.0\openhtmltopdf-rtl-support-1.0.0.jar;C:\Users\WINDOWS 11\.m2\repository\com\openhtmltopdf\openhtmltopdf-jsoup-dom-converter\1.0.0\openhtmltopdf-jsoup-dom-converter-1.0.0.jar;C:\Users\WINDOWS 11\.m2\repository\com\vladsch\flexmark\flexmark-profile-pegdown\0.62.2\flexmark-profile-pegdown-0.62.2.jar;C:\Users\WINDOWS 11\.m2\repository\com\vladsch\flexmark\flexmark-util-ast\0.62.2\flexmark-util-ast-0.62.2.jar;C:\Users\WINDOWS 11\.m2\repository\com\vladsch\flexmark\flexmark-util-builder\0.62.2\flexmark-util-builder-0.62.2.jar;C:\Users\WINDOWS 11\.m2\repository\com\vladsch\flexmark\flexmark-util-collection\0.62.2\flexmark-util-collection-0.62.2.jar;C:\Users\WINDOWS 11\.m2\repository\com\vladsch\flexmark\flexmark-util-data\0.62.2\flexmark-util-data-0.62.2.jar;C:\Users\WINDOWS 11\.m2\repository\com\vladsch\flexmark\flexmark-util-dependency\0.62.2\flexmark-util-dependency-0.62.2.jar;C:\Users\WINDOWS 11\.m2\repository\com\vladsch\flexmark\flexmark-util-format\0.62.2\flexmark-util-format-0.62.2.jar;C:\Users\WINDOWS 11\.m2\repository\com\vladsch\flexmark\flexmark-util-html\0.62.2\flexmark-util-html-0.62.2.jar;C:\Users\WINDOWS 11\.m2\repository\com\vladsch\flexmark\flexmark-util-misc\0.62.2\flexmark-util-misc-0.62.2.jar;C:\Users\WINDOWS 11\.m2\repository\com\vladsch\flexmark\flexmark-util-options\0.62.2\flexmark-util-options-0.62.2.jar;C:\Users\WINDOWS 11\.m2\repository\com\vladsch\flexmark\flexmark-util-sequence\0.62.2\flexmark-util-sequence-0.62.2.jar;C:\Users\WINDOWS 11\.m2\repository\com\vladsch\flexmark\flexmark-util-visitor\0.62.2\flexmark-util-visitor-0.62.2.jar;C:\Users\WINDOWS 11\.m2\repository\com\vladsch\flexmark\flexmark-youtrack-converter\0.62.2\flexmark-youtrack-converter-0.62.2.jar;C:\Users\WINDOWS 11\.m2\repository\com\ibm\icu\icu4j\72.1\icu4j-72.1.jar;C:\Users\WINDOWS 11\.m2\repository\es\nitaur\markdown\txtmark\0.16\txtmark-0.16.jar;C:\Users\WINDOWS 11\.m2\repository\net\serenity-bdd\serenity-report-resources\3.6.21\serenity-report-resources-3.6.21.jar;C:\Users\WINDOWS 11\.m2\repository\com\google\code\gson\gson\2.10.1\gson-2.10.1.jar;C:\Users\WINDOWS 11\.m2\repository\com\fasterxml\jackson\core\jackson-core\2.15.0-rc1\jackson-core-2.15.0-rc1.jar;C:\Users\WINDOWS 11\.m2\repository\com\fasterxml\jackson\core\jackson-databind\2.15.0-rc1\jackson-databind-2.15.0-rc1.jar;C:\Users\WINDOWS 11\.m2\repository\com\fasterxml\jackson\core\jackson-annotations\2.15.0-rc1\jackson-annotations-2.15.0-rc1.jar;C:\Users\WINDOWS 11\.m2\repository\commons-codec\commons-codec\1.15\commons-codec-1.15.jar;C:\Users\WINDOWS 11\.m2\repository\commons-io\commons-io\2.11.0\commons-io-2.11.0.jar;C:\Users\WINDOWS 11\.m2\repository\org\apache\httpcomponents\httpclient\4.5.13\httpclient-4.5.13.jar;C:\Users\WINDOWS 11\.m2\repository\org\apache\httpcomponents\httpcore\4.4.13\httpcore-4.4.13.jar;C:\Users\WINDOWS 11\.m2\repository\commons-logging\commons-logging\1.2\commons-logging-1.2.jar;C:\Users\WINDOWS 11\.m2\repository\org\seleniumhq\selenium\selenium-java\4.8.1\selenium-java-4.8.1.jar;C:\Users\WINDOWS 11\.m2\repository\org\seleniumhq\selenium\selenium-devtools-v108\4.8.1\selenium-devtools-v108-4.8.1.jar;C:\Users\WINDOWS 11\.m2\repository\org\seleniumhq\selenium\selenium-devtools-v109\4.8.1\selenium-devtools-v109-4.8.1.jar;C:\Users\WINDOWS 11\.m2\repository\org\seleniumhq\selenium\selenium-devtools-v110\4.8.1\selenium-devtools-v110-4.8.1.jar;C:\Users\WINDOWS 11\.m2\repository\org\seleniumhq\selenium\selenium-devtools-v85\4.8.1\selenium-devtools-v85-4.8.1.jar;C:\Users\WINDOWS 11\.m2\repository\org\seleniumhq\selenium\selenium-remote-driver\4.8.1\selenium-remote-driver-4.8.1.jar;C:\Users\WINDOWS 11\.m2\repository\com\beust\jcommander\1.82\jcommander-1.82.jar;C:\Users\WINDOWS 11\.m2\repository\io\netty\netty-buffer\4.1.87.Final\netty-buffer-4.1.87.Final.jar;C:\Users\WINDOWS 11\.m2\repository\io\netty\netty-codec-http\4.1.87.Final\netty-codec-http-4.1.87.Final.jar;C:\Users\WINDOWS 11\.m2\repository\io\netty\netty-codec\4.1.87.Final\netty-codec-4.1.87.Final.jar;C:\Users\WINDOWS 11\.m2\repository\io\netty\netty-handler\4.1.87.Final\netty-handler-4.1.87.Final.jar;C:\Users\WINDOWS 11\.m2\repository\io\netty\netty-common\4.1.87.Final\netty-common-4.1.87.Final.jar;C:\Users\WINDOWS 11\.m2\repository\io\netty\netty-transport-classes-epoll\4.1.87.Final\netty-transport-classes-epoll-4.1.87.Final.jar;C:\Users\WINDOWS 11\.m2\repository\io\netty\netty-transport-classes-kqueue\4.1.87.Final\netty-transport-classes-kqueue-4.1.87.Final.jar;C:\Users\WINDOWS 11\.m2\repository\io\netty\netty-transport-native-epoll\4.1.87.Final\netty-transport-native-epoll-4.1.87.Final.jar;C:\Users\WINDOWS 11\.m2\repository\io\netty\netty-transport-native-kqueue\4.1.87.Final\netty-transport-native-kqueue-4.1.87.Final.jar;C:\Users\WINDOWS 11\.m2\repository\io\netty\netty-transport-native-unix-common\4.1.87.Final\netty-transport-native-unix-common-4.1.87.Final.jar;C:\Users\WINDOWS 11\.m2\repository\io\netty\netty-transport\4.1.87.Final\netty-transport-4.1.87.Final.jar;C:\Users\WINDOWS 11\.m2\repository\io\netty\netty-resolver\4.1.87.Final\netty-resolver-4.1.87.Final.jar;C:\Users\WINDOWS 11\.m2\repository\io\opentelemetry\opentelemetry-api\1.22.0\opentelemetry-api-1.22.0.jar;C:\Users\WINDOWS 11\.m2\repository\io\opentelemetry\opentelemetry-context\1.22.0\opentelemetry-context-1.22.0.jar;C:\Users\WINDOWS 11\.m2\repository\io\opentelemetry\opentelemetry-exporter-logging\1.22.0\opentelemetry-exporter-logging-1.22.0.jar;C:\Users\WINDOWS 11\.m2\repository\io\opentelemetry\opentelemetry-sdk-metrics\1.22.0\opentelemetry-sdk-metrics-1.22.0.jar;C:\Users\WINDOWS 11\.m2\repository\io\opentelemetry\opentelemetry-sdk-logs\1.22.0-alpha\opentelemetry-sdk-logs-1.22.0-alpha.jar;C:\Users\WINDOWS 11\.m2\repository\io\opentelemetry\opentelemetry-api-logs\1.22.0-alpha\opentelemetry-api-logs-1.22.0-alpha.jar;C:\Users\WINDOWS 11\.m2\repository\io\opentelemetry\opentelemetry-sdk-common\1.22.0\opentelemetry-sdk-common-1.22.0.jar;C:\Users\WINDOWS 11\.m2\repository\io\opentelemetry\opentelemetry-sdk-extension-autoconfigure-spi\1.22.0\opentelemetry-sdk-extension-autoconfigure-spi-1.22.0.jar;C:\Users\WINDOWS 11\.m2\repository\io\opentelemetry\opentelemetry-sdk-extension-autoconfigure\1.22.0-alpha\opentelemetry-sdk-extension-autoconfigure-1.22.0-alpha.jar;C:\Users\WINDOWS 11\.m2\repository\io\opentelemetry\opentelemetry-sdk-trace\1.22.0\opentelemetry-sdk-trace-1.22.0.jar;C:\Users\WINDOWS 11\.m2\repository\io\opentelemetry\opentelemetry-sdk\1.22.0\opentelemetry-sdk-1.22.0.jar;C:\Users\WINDOWS 11\.m2\repository\io\opentelemetry\opentelemetry-semconv\1.22.0-alpha\opentelemetry-semconv-1.22.0-alpha.jar;C:\Users\WINDOWS 11\.m2\repository\io\ous\jtoml\2.0.0\jtoml-2.0.0.jar;C:\Users\WINDOWS 11\.m2\repository\org\apache\commons\commons-exec\1.3\commons-exec-1.3.jar;C:\Users\WINDOWS 11\.m2\repository\org\asynchttpclient\async-http-client\2.12.3\async-http-client-2.12.3.jar;C:\Users\WINDOWS 11\.m2\repository\org\asynchttpclient\async-http-client-netty-utils\2.12.3\async-http-client-netty-utils-2.12.3.jar;C:\Users\WINDOWS 11\.m2\repository\io\netty\netty-codec-socks\4.1.60.Final\netty-codec-socks-4.1.60.Final.jar;C:\Users\WINDOWS 11\.m2\repository\io\netty\netty-handler-proxy\4.1.60.Final\netty-handler-proxy-4.1.60.Final.jar;C:\Users\WINDOWS 11\.m2\repository\io\netty\netty-transport-native-epoll\4.1.60.Final\netty-transport-native-epoll-4.1.60.Final-linux-x86_64.jar;C:\Users\WINDOWS 11\.m2\repository\io\netty\netty-transport-native-kqueue\4.1.60.Final\netty-transport-native-kqueue-4.1.60.Final-osx-x86_64.jar;C:\Users\WINDOWS 11\.m2\repository\org\reactivestreams\reactive-streams\1.0.3\reactive-streams-1.0.3.jar;C:\Users\WINDOWS 11\.m2\repository\com\typesafe\netty\netty-reactive-streams\2.0.4\netty-reactive-streams-2.0.4.jar;C:\Users\WINDOWS 11\.m2\repository\org\seleniumhq\selenium\selenium-manager\4.8.1\selenium-manager-4.8.1.jar;C:\Users\WINDOWS 11\.m2\repository\org\seleniumhq\selenium\selenium-safari-driver\4.8.1\selenium-safari-driver-4.8.1.jar;C:\Users\WINDOWS 11\.m2\repository\org\seleniumhq\selenium\selenium-api\4.8.1\selenium-api-4.8.1.jar;C:\Users\WINDOWS 11\.m2\repository\org\seleniumhq\selenium\selenium-support\4.8.1\selenium-support-4.8.1.jar;C:\Users\WINDOWS 11\.m2\repository\com\google\auto\service\auto-service-annotations\1.0.1\auto-service-annotations-1.0.1.jar;C:\Users\WINDOWS 11\.m2\repository\com\google\auto\service\auto-service\1.0.1\auto-service-1.0.1.jar;C:\Users\WINDOWS 11\.m2\repository\com\google\auto\auto-common\1.2\auto-common-1.2.jar;C:\Users\WINDOWS 11\.m2\repository\org\seleniumhq\selenium\selenium-json\4.8.1\selenium-json-4.8.1.jar;C:\Users\WINDOWS 11\.m2\repository\org\seleniumhq\selenium\selenium-chrome-driver\4.8.1\selenium-chrome-driver-4.8.1.jar;C:\Users\WINDOWS 11\.m2\repository\org\seleniumhq\selenium\selenium-chromium-driver\4.8.1\selenium-chromium-driver-4.8.1.jar;C:\Users\WINDOWS 11\.m2\repository\org\seleniumhq\selenium\selenium-firefox-driver\4.8.1\selenium-firefox-driver-4.8.1.jar;C:\Users\WINDOWS 11\.m2\repository\org\seleniumhq\selenium\selenium-http\4.8.1\selenium-http-4.8.1.jar;C:\Users\WINDOWS 11\.m2\repository\dev\failsafe\failsafe\3.3.0\failsafe-3.3.0.jar;C:\Users\WINDOWS 11\.m2\repository\org\seleniumhq\selenium\selenium-edge-driver\4.8.1\selenium-edge-driver-4.8.1.jar;C:\Users\WINDOWS 11\.m2\repository\org\seleniumhq\selenium\selenium-ie-driver\4.8.1\selenium-ie-driver-4.8.1.jar;C:\Users\WINDOWS 11\.m2\repository\org\projectlombok\lombok\1.18.20\lombok-1.18.20.jar;C:\Users\WINDOWS 11\.m2\repository\io\appium\java-client\8.3.0\java-client-8.3.0.jar;C:\Users\WINDOWS 11\.m2\repository\commons-validator\commons-validator\1.7\commons-validator-1.7.jar;C:\Users\WINDOWS 11\.m2\repository\commons-digester\commons-digester\2.1\commons-digester-2.1.jar;C:\Users\WINDOWS 11\.m2\repository\org\apache\groovy\groovy\4.0.10\groovy-4.0.10.jar;C:\Users\WINDOWS 11\.m2\repository\net\sf\opencsv\opencsv\2.0\opencsv-2.0.jar;C:\Users\WINDOWS 11\.m2\repository\commons-beanutils\commons-beanutils\1.9.4\commons-beanutils-1.9.4.jar;C:\Users\WINDOWS 11\.m2\repository\org\apache\commons\commons-lang3\3.12.0\commons-lang3-3.12.0.jar;C:\Users\WINDOWS 11\.m2\repository\commons-collections\commons-collections\3.2.2\commons-collections-3.2.2.jar;C:\Users\WINDOWS 11\.m2\repository\org\fluentlenium\fluentlenium-core\0.10.2\fluentlenium-core-0.10.2.jar;C:\Users\WINDOWS 11\.m2\repository\io\github\bonigarcia\webdrivermanager\5.3.0\webdrivermanager-5.3.0.jar;C:\Users\WINDOWS 11\.m2\repository\com\github\docker-java\docker-java\3.2.13\docker-java-3.2.13.jar;C:\Users\WINDOWS 11\.m2\repository\com\github\docker-java\docker-java-core\3.2.13\docker-java-core-3.2.13.jar;C:\Users\WINDOWS 11\.m2\repository\com\github\docker-java\docker-java-api\3.2.13\docker-java-api-3.2.13.jar;C:\Users\WINDOWS 11\.m2\repository\org\apache\commons\commons-compress\1.21\commons-compress-1.21.jar;C:\Users\WINDOWS 11\.m2\repository\org\bouncycastle\bcpkix-jdk15on\1.64\bcpkix-jdk15on-1.64.jar;C:\Users\WINDOWS 11\.m2\repository\org\bouncycastle\bcprov-jdk15on\1.64\bcprov-jdk15on-1.64.jar;C:\Users\WINDOWS 11\.m2\repository\org\slf4j\jcl-over-slf4j\1.7.30\jcl-over-slf4j-1.7.30.jar;C:\Users\WINDOWS 11\.m2\repository\com\github\docker-java\docker-java-transport-httpclient5\3.2.13\docker-java-transport-httpclient5-3.2.13.jar;C:\Users\WINDOWS 11\.m2\repository\com\github\docker-java\docker-java-transport\3.2.13\docker-java-transport-3.2.13.jar;C:\Users\WINDOWS 11\.m2\repository\net\java\dev\jna\jna\5.8.0\jna-5.8.0.jar;C:\Users\WINDOWS 11\.m2\repository\org\brotli\dec\0.1.2\dec-0.1.2.jar;C:\Users\WINDOWS 11\.m2\repository\org\apache\httpcomponents\client5\httpclient5\5.1.3\httpclient5-5.1.3.jar;C:\Users\WINDOWS 11\.m2\repository\org\apache\httpcomponents\core5\httpcore5\5.1.3\httpcore5-5.1.3.jar;C:\Users\WINDOWS 11\.m2\repository\org\apache\httpcomponents\core5\httpcore5-h2\5.1.3\httpcore5-h2-5.1.3.jar;C:\Users\WINDOWS 11\.m2\repository\com\jhlabs\filters\2.0.235\filters-2.0.235.jar;C:\Users\WINDOWS 11\.m2\repository\com\paulhammant\ngwebdriver\1.1.6\ngwebdriver-1.1.6.jar;C:\Users\WINDOWS 11\.m2\repository\joda-time\joda-time\2.12.2\joda-time-2.12.2.jar;C:\Users\WINDOWS 11\.m2\repository\org\hamcrest\hamcrest\2.2\hamcrest-2.2.jar;C:\Users\WINDOWS 11\.m2\repository\com\google\jimfs\jimfs\1.2\jimfs-1.2.jar;C:\Users\WINDOWS 11\.m2\repository\org\mockito\mockito-core\3.3.3\mockito-core-3.3.3.jar;C:\Users\WINDOWS 11\.m2\repository\javax\xml\bind\jaxb-api\2.3.1\jaxb-api-2.3.1.jar;C:\Users\WINDOWS 11\.m2\repository\javax\activation\javax.activation-api\1.2.0\javax.activation-api-1.2.0.jar;C:\Users\WINDOWS 11\.m2\repository\com\sun\xml\bind\jaxb-core\2.3.0.1\jaxb-core-2.3.0.1.jar;C:\Users\WINDOWS 11\.m2\repository\com\sun\xml\bind\jaxb-impl\2.3.3\jaxb-impl-2.3.3.jar;C:\Users\WINDOWS 11\.m2\repository\jakarta\xml\bind\jakarta.xml.bind-api\2.3.3\jakarta.xml.bind-api-2.3.3.jar;C:\Users\WINDOWS 11\.m2\repository\com\sun\activation\jakarta.activation\1.2.2\jakarta.activation-1.2.2.jar;C:\Users\WINDOWS 11\.m2\repository\javax\activation\activation\1.1.1\activation-1.1.1.jar;C:\Users\WINDOWS 11\.m2\repository\net\serenity-bdd\serenity-cucumber\3.6.21\serenity-cucumber-3.6.21.jar;C:\Users\WINDOWS 11\.m2\repository\io\cucumber\cucumber-core\7.11.0\cucumber-core-7.11.0.jar;C:\Users\WINDOWS 11\.m2\repository\io\cucumber\cucumber-gherkin\7.11.0\cucumber-gherkin-7.11.0.jar;C:\Users\WINDOWS 11\.m2\repository\io\cucumber\cucumber-gherkin-messages\7.11.0\cucumber-gherkin-messages-7.11.0.jar;C:\Users\WINDOWS 11\.m2\repository\io\cucumber\gherkin\26.0.3\gherkin-26.0.3.jar;C:\Users\WINDOWS 11\.m2\repository\io\cucumber\messages\21.0.1\messages-21.0.1.jar;C:\Users\WINDOWS 11\.m2\repository\io\cucumber\tag-expressions\5.0.1\tag-expressions-5.0.1.jar;C:\Users\WINDOWS 11\.m2\repository\io\cucumber\cucumber-expressions\16.1.1\cucumber-expressions-16.1.1.jar;C:\Users\WINDOWS 11\.m2\repository\io\cucumber\datatable\7.11.0\datatable-7.11.0.jar;C:\Users\WINDOWS 11\.m2\repository\io\cucumber\cucumber-plugin\7.11.0\cucumber-plugin-7.11.0.jar;C:\Users\WINDOWS 11\.m2\repository\io\cucumber\docstring\7.11.0\docstring-7.11.0.jar;C:\Users\WINDOWS 11\.m2\repository\io\cucumber\html-formatter\20.2.1\html-formatter-20.2.1.jar;C:\Users\WINDOWS 11\.m2\repository\io\cucumber\junit-xml-formatter\0.1.0\junit-xml-formatter-0.1.0.jar;C:\Users\WINDOWS 11\.m2\repository\io\cucumber\ci-environment\9.1.0\ci-environment-9.1.0.jar;C:\Users\WINDOWS 11\.m2\repository\io\cucumber\cucumber-junit\7.11.0\cucumber-junit-7.11.0.jar;C:\Users\WINDOWS 11\.m2\repository\org\apache\commons\commons-csv\1.5\commons-csv-1.5.jar;C:\Users\WINDOWS 11\.m2\repository\net\serenity-bdd\serenity-screenplay\3.6.21\serenity-screenplay-3.6.21.jar;C:\Users\WINDOWS 11\.m2\repository\net\serenity-bdd\serenity-screenplay-webdriver\3.6.21\serenity-screenplay-webdriver-3.6.21.jar;C:\Users\WINDOWS 11\.m2\repository\net\serenity-bdd\serenity-ensure\3.6.21\serenity-ensure-3.6.21.jar;C:\Users\WINDOWS 11\.m2\repository\net\serenity-bdd\serenity-junit\3.6.21\serenity-junit-3.6.21.jar;C:\Users\WINDOWS 11\.m2\repository\org\jetbrains\kotlin\kotlin-stdlib\1.8.10\kotlin-stdlib-1.8.10.jar;C:\Users\WINDOWS 11\.m2\repository\org\jetbrains\kotlin\kotlin-stdlib-common\1.8.10\kotlin-stdlib-common-1.8.10.jar;C:\Users\WINDOWS 11\.m2\repository\org\jetbrains\annotations\13.0\annotations-13.0.jar;C:\Users\WINDOWS 11\.m2\repository\org\junit\platform\junit-platform-launcher\1.8.2\junit-platform-launcher-1.8.2.jar;C:\Users\WINDOWS 11\.m2\repository\org\junit\platform\junit-platform-engine\1.8.2\junit-platform-engine-1.8.2.jar;C:\Users\WINDOWS 11\.m2\repository\org\opentest4j\opentest4j\1.2.0\opentest4j-1.2.0.jar;C:\Users\WINDOWS 11\.m2\repository\org\junit\platform\junit-platform-commons\1.8.2\junit-platform-commons-1.8.2.jar;C:\Users\WINDOWS 11\.m2\repository\org\apiguardian\apiguardian-api\1.1.2\apiguardian-api-1.1.2.jar;C:\Users\WINDOWS 11\.m2\repository\org\junit\jupiter\junit-jupiter-engine\5.8.2\junit-jupiter-engine-5.8.2.jar;C:\Users\WINDOWS 11\.m2\repository\org\junit\jupiter\junit-jupiter-api\5.8.2\junit-jupiter-api-5.8.2.jar;C:\Users\WINDOWS 11\.m2\repository\org\junit\vintage\junit-vintage-engine\5.8.2\junit-vintage-engine-5.8.2.jar;C:\Users\WINDOWS 11\.m2\repository\junit\junit\4.13.2\junit-4.13.2.jar;C:\Users\WINDOWS 11\.m2\repository\org\hamcrest\hamcrest-core\1.3\hamcrest-core-1.3.jar;C:\Users\WINDOWS 11\.m2\repository\ch\qos\logback\logback-classic\1.2.10\logback-classic-1.2.10.jar;C:\Users\WINDOWS 11\.m2\repository\ch\qos\logback\logback-core\1.2.10\logback-core-1.2.10.jar;C:\Users\WINDOWS 11\.m2\repository\org\slf4j\slf4j-api\1.7.32\slf4j-api-1.7.32.jar;C:\Users\WINDOWS 11\.m2\repository\org\assertj\assertj-core\3.23.1\assertj-core-3.23.1.jar;C:\Users\WINDOWS 11\.m2\repository\net\bytebuddy\byte-buddy\1.12.10\byte-buddy-1.12.10.jar;C:\Users\WINDOWS 11\.m2\repository\io\cucumber\cucumber-java\7.11.0\cucumber-java-7.11.0.jar;C:\Users\WINDOWS 11\.m2\repository\org\apache\maven\surefire\surefire-junit-platform\3.0.0-M5\surefire-junit-platform-3.0.0-M5.jar;C:\Users\WINDOWS 11\.m2\repository\org\apache\maven\surefire\common-java5\3.0.0-M5\common-java5-3.0.0-M5.jar"/>
    <property name="user.script" value=""/>
    <property name="sun.management.compiler" value="HotSpot 64-Bit Tiered Compilers"/>
    <property name="java.runtime.version" value="19+36-2238"/>
    <property name="user.name" value="WINDOWS 11"/>
    <property name="stdout.encoding" value="Cp1252"/>
    <property name="path.separator" value=";"/>
    <property name="os.version" value="10.0"/>
    <property name="java.runtime.name" value="Java(TM) SE Runtime Environment"/>
    <property name="file.encoding" value="UTF-8"/>
    <property name="webdriver.base.url" value=""/>
    <property name="java.vm.name" value="Java HotSpot(TM) 64-Bit Server VM"/>
    <property name="localRepository" value="C:\Users\WINDOWS 11\.m2\repository"/>
    <property name="java.vendor.url.bug" value="https://bugreport.java.com/bugreport/"/>
    <property name="java.io.tmpdir" value="C:\Users\WINDOW~1\AppData\Local\Temp\"/>
    <property name="java.version" value="19"/>
    <property name="user.dir" value="C:\Users\WINDOWS 11\IdeaProjects\BDD-Prioritas1"/>
    <property name="os.arch" value="amd64"/>
    <property name="java.vm.specification.name" value="Java Virtual Machine Specification"/>
    <property name="sun.os.patch.level" value=""/>
    <property name="native.encoding" value="Cp1252"/>
    <property name="java.library.path" value="C:\Program Files\Java\jdk-19\bin;C:\WINDOWS\Sun\Java\bin;C:\WINDOWS\system32;C:\WINDOWS;C:\Program Files\Common Files\Oracle\Java\javapath;C:\Users\WINDOWS 11\AppData\Local\Programs\Python\Python310\Scripts\;C:\Users\WINDOWS 11\AppData\Local\Programs\Python\Python310\;C:\Program Files (x86)\Common Files\Oracle\Java\javapath;C:\Windows\system32;C:\Windows;C:\Windows\System32\Wbem;C:\Windows\System32\WindowsPowerShell\v1.0\;C:\Windows\System32\OpenSSH\;C:\Program Files (x86)\NVIDIA Corporation\PhysX\Common;C:\Program Files\NVIDIA Corporation\NVIDIA NvDLISR;C:\Program Files\Git\cmd;C:\xampp\php;C:\ProgramData\ComposerSetup\bin;C:\Program Files\nodejs\;C:\ProgramData\chocolatey\bin;C:\Program Files\Microsoft SQL Server\150\Tools\Binn\;C:\Program Files (x86)\Microsoft SQL Server\150\DTS\Binn\;C:\Program Files\Azure Data Studio\bin;C:\Program Files\Docker\Docker\resources\bin;C:\Users\WINDOWS 11;C:\WINDOWS\system32;C:\WINDOWS;C:\WINDOWS\System32\Wbem;C:\WINDOWS\System32\WindowsPowerShell\v1.0\;C:\WINDOWS\System32\OpenSSH\;C:\apache-maven-3.9.1-bin\apache-maven-3.9.1\bin;C:\Users\WINDOWS 11\AppData\Local\pnpm;C:\Users\WINDOWS 11\AppData\Local\Microsoft\WindowsApps;C:\Program Files\Java\jdk-19\bin;C:\Users\WINDOWS 11\AppData\Local\Programs\Microsoft VS Code\bin;C:\Users\WINDOWS 11\AppData\Roaming\Composer\vendor\bin;C:\Users\WINDOWS 11\AppData\Roaming\npm;C:\Program Files\Azure Data Studio\bin;D:\Applications\flutter\bin;;C:\Program Files\JetBrains\IntelliJ IDEA Community Edition 2022.3.2\bin;;."/>
    <property name="java.vm.info" value="mixed mode"/>
    <property name="stderr.encoding" value="Cp1252"/>
    <property name="java.vendor" value="Oracle Corporation"/>
    <property name="java.vm.version" value="19+36-2238"/>
    <property name="sun.io.unicode.encoding" value="UnicodeLittle"/>
    <property name="java.class.version" value="63.0"/>
  </properties>
  <testcase name="As user i have be able to success login" classname="login" time="0.945">
    <system-out><![CDATA[18:02:01.260 [main] DEBUG net.thucydides.core.guice.Injectors - Created injector for module net.thucydides.core.guice.ThucydidesModule
18:02:01.826 [main] DEBUG io.cucumber.core.plugin.SerenityReporter - Running feature from file:///C:/Users/WINDOWS%2011/IdeaProjects/BDD-Prioritas1/src/test/resources/features/Login.feature
18:02:02.018 [main] DEBUG net.thucydides.core.guice.Injectors - Created injector for module net.thucydides.core.guice.webdriver.WebDriverModule
18:02:02.037 [main] INFO  - 

-------------------------------------------------------------------------------------
     _______. _______ .______       _______ .__   __.  __  .___________.____    ____ 
    /       ||   ____||   _  \     |   ____||  \ |  | |  | |           |\   \  /   / 
   |   (----`|  |__   |  |_)  |    |  |__   |   \|  | |  | `---|  |----` \   \/   /  
    \   \    |   __|  |      /     |   __|  |  . `  | |  |     |  |       \_    _/   
.----)   |   |  |____ |  |\  \----.|  |____ |  |\   | |  |     |  |         |  |     
|_______/    |_______|| _| `._____||_______||__| \__| |__|     |__|         |__|    
                                                                                     
 News and tutorials at http://www.serenity-bdd.info                                  
 Documentation at https://wakaleo.gitbooks.io/the-serenity-book/content/             
 Join the Serenity Community on Gitter: https://gitter.im/serenity-bdd/serenity-core 
 Serenity BDD Support and Training at http://serenity-bdd.info/#/trainingandsupport  
-------------------------------------------------------------------------------------

18:02:02.040 [main] DEBUG net.thucydides.core.steps.StepEventBus - Test suite started for story net.thucydides.core.model.Story@23282f08
18:02:02.044 [main] INFO  - Test Suite Started: Login
18:02:02.065 [main] DEBUG io.cucumber.core.plugin.SerenityReporter - Running feature from file:///C:/Users/WINDOWS%2011/IdeaProjects/BDD-Prioritas1/src/test/resources/features/createPost.feature
18:02:02.070 [main] DEBUG net.thucydides.core.steps.StepEventBus - Test suite started for story net.thucydides.core.model.Story@a337f6a8
18:02:02.071 [main] INFO  - Test Suite Started: Create post
18:02:02.071 [main] DEBUG io.cucumber.core.plugin.SerenityReporter - Running feature from file:///C:/Users/WINDOWS%2011/IdeaProjects/BDD-Prioritas1/src/test/resources/features/delete.feature
18:02:02.076 [main] DEBUG net.thucydides.core.steps.StepEventBus - Test suite started for story net.thucydides.core.model.Story@4e4a6568
18:02:02.077 [main] INFO  - Test Suite Started: Delete
18:02:02.077 [main] DEBUG io.cucumber.core.plugin.SerenityReporter - Running feature from file:///C:/Users/WINDOWS%2011/IdeaProjects/BDD-Prioritas1/src/test/resources/features/editProfile.feature
18:02:02.082 [main] DEBUG net.thucydides.core.steps.StepEventBus - Test suite started for story net.thucydides.core.model.Story@c597ffc8
18:02:02.083 [main] INFO  - Test Suite Started: Edit profile
18:02:02.083 [main] DEBUG io.cucumber.core.plugin.SerenityReporter - Running feature from file:///C:/Users/WINDOWS%2011/IdeaProjects/BDD-Prioritas1/src/test/resources/features/readMyConnection.feature
18:02:02.088 [main] DEBUG net.thucydides.core.steps.StepEventBus - Test suite started for story net.thucydides.core.model.Story@fa031f48
18:02:02.089 [main] INFO  - Test Suite Started: Read my connection
18:02:02.089 [main] DEBUG io.cucumber.core.plugin.SerenityReporter - Running feature from file:///C:/Users/WINDOWS%2011/IdeaProjects/BDD-Prioritas1/src/test/resources/features/register.feature
18:02:02.096 [main] DEBUG net.thucydides.core.steps.StepEventBus - Test suite started for story net.thucydides.core.model.Story@63230c68
18:02:02.097 [main] INFO  - Test Suite Started: Register
18:02:02.098 [main] DEBUG io.cucumber.core.plugin.SerenityReporter - Running feature from file:///C:/Users/WINDOWS%2011/IdeaProjects/BDD-Prioritas1/src/test/resources/features/Login.feature
18:02:02.101 [main] DEBUG net.thucydides.core.steps.StepEventBus - Test suite started for story net.thucydides.core.model.Story@23282f08
18:02:02.102 [main] INFO  - Test Suite Started: Login

Scenario: As user i have be able to success login                 &amp#27;[90m# src/test/resources/features/Login.feature:8&amp#27;[0m
18:02:02.195 [main] DEBUG io.cucumber.core.plugin.SerenityReporter - Running feature from file:///C:/Users/WINDOWS%2011/IdeaProjects/BDD-Prioritas1/src/test/resources/features/Login.feature
18:02:02.366 [main] INFO  - 
  _____   ___   ___   _____     ___   _____     _     ___   _____   ___   ___  
 |_   _| | __| / __| |_   _|   / __| |_   _|   /_\   | _ \ |_   _| | __| |   \ 
   | |   | _|  \__ \   | |     \__ \   | |    / _ \  |   /   | |   | _|  | |) |
   |_|   |___| |___/   |_|     |___/   |_|   /_/ \_\ |_|_\   |_|   |___| |___/ 

As user i have be able to success login(login;as-user-i-have-be-able-to-success-login)
--------------------------------------------------------------------------------
18:02:02.445 [main] DEBUG net.thucydides.core.requirements.model.cucumber.CucumberParser - Loading feature C:\Users\WINDOWS 11\IdeaProjects\BDD-Prioritas1\src\test\resources\features\createPost.feature
18:02:02.466 [main] DEBUG net.thucydides.core.requirements.model.cucumber.CucumberParser - Loading feature C:\Users\WINDOWS 11\IdeaProjects\BDD-Prioritas1\src\test\resources\features\delete.feature
18:02:02.473 [main] DEBUG net.thucydides.core.requirements.model.cucumber.CucumberParser - Loading feature C:\Users\WINDOWS 11\IdeaProjects\BDD-Prioritas1\src\test\resources\features\editProfile.feature
18:02:02.478 [main] DEBUG net.thucydides.core.requirements.model.cucumber.CucumberParser - Loading feature C:\Users\WINDOWS 11\IdeaProjects\BDD-Prioritas1\src\test\resources\features\Login.feature
18:02:02.485 [main] DEBUG net.thucydides.core.requirements.model.cucumber.CucumberParser - Loading feature C:\Users\WINDOWS 11\IdeaProjects\BDD-Prioritas1\src\test\resources\features\readMyConnection.feature
18:02:02.491 [main] DEBUG net.thucydides.core.requirements.model.cucumber.CucumberParser - Loading feature C:\Users\WINDOWS 11\IdeaProjects\BDD-Prioritas1\src\test\resources\features\register.feature
18:02:03.007 [main] DEBUG net.thucydides.core.steps.StepInterceptor - STARTING STEP: LoginSteps.onTheLoginPage - I am on the login page
I am on the login page
18:02:03.010 [main] DEBUG net.thucydides.core.steps.StepInterceptor - STEP DONE: I am on the login page
  &amp#27;[32mGiven &amp#27;[0m&amp#27;[32mI am on the login page&amp#27;[0m                                    &amp#27;[90m# starter.stepdefinitions.LoginSteps.onTheLoginPage()&amp#27;[0m
18:02:03.023 [main] DEBUG net.thucydides.core.steps.StepInterceptor - STARTING STEP: LoginSteps.enterEmailAndPassword - I enter by valid email or telephone and password correctly
I enter by valid email or telephone and password correctly
18:02:03.024 [main] DEBUG net.thucydides.core.steps.StepInterceptor - STEP DONE: I enter by valid email or telephone and password correctly
  &amp#27;[32mWhen &amp#27;[0m&amp#27;[32mI enter by valid email or telephone and password correctly&amp#27;[0m &amp#27;[90m# starter.stepdefinitions.LoginSteps.enterEmailAndPassword()&amp#27;[0m
18:02:03.029 [main] DEBUG net.thucydides.core.steps.StepInterceptor - STARTING STEP: LoginSteps.clickLoginButton - I click login button
I click login button
18:02:03.030 [main] DEBUG net.thucydides.core.steps.StepInterceptor - STEP DONE: I click login button
  &amp#27;[32mAnd &amp#27;[0m&amp#27;[32mI click login button&amp#27;[0m                                        &amp#27;[90m# starter.stepdefinitions.LoginSteps.clickLoginButton()&amp#27;[0m
18:02:03.036 [main] DEBUG net.thucydides.core.steps.StepInterceptor - STARTING STEP: LoginSteps.onTheHomePage - I am on the home page
I am on the home page
18:02:03.036 [main] DEBUG net.thucydides.core.steps.StepInterceptor - STEP DONE: I am on the home page
  &amp#27;[32mThen &amp#27;[0m&amp#27;[32mI am on the home page&amp#27;[0m                                      &amp#27;[90m# starter.stepdefinitions.LoginSteps.onTheHomePage()&amp#27;[0m
18:02:03.044 [main] INFO  - 
  _____   ___   ___   _____     ___     _     ___   ___   ___   ___  
 |_   _| | __| / __| |_   _|   | _ \   /_\   / __| / __| | __| |   \ 
   | |   | _|  \__ \   | |     |  _/  / _ \  \__ \ \__ \ | _|  | |) |
   |_|   |___| |___/   |_|     |_|   /_/ \_\ |___/ |___/ |___| |___/ 

As user i have be able to success login
----------------------------------------------------------------------
]]></system-out>
  </testcase>
  <testcase name="As user i have be able to success create post" classname="createPost" time="0.069">
    <system-out><![CDATA[18:02:03.051 [main] DEBUG io.cucumber.core.plugin.SerenityReporter - Running feature from file:///C:/Users/WINDOWS%2011/IdeaProjects/BDD-Prioritas1/src/test/resources/features/createPost.feature
18:02:03.056 [main] DEBUG net.thucydides.core.steps.StepEventBus - Test suite started for story net.thucydides.core.model.Story@a337f6a8
18:02:03.057 [main] INFO  - Test Suite Started: Create post

Scenario: As user i have be able to success create post   &amp#27;[90m# src/test/resources/features/createPost.feature:8&amp#27;[0m
18:02:03.070 [main] DEBUG io.cucumber.core.plugin.SerenityReporter - Running feature from file:///C:/Users/WINDOWS%2011/IdeaProjects/BDD-Prioritas1/src/test/resources/features/createPost.feature
18:02:03.073 [main] INFO  - 
  _____   ___   ___   _____     ___   _____     _     ___   _____   ___   ___  
 |_   _| | __| / __| |_   _|   / __| |_   _|   /_\   | _ \ |_   _| | __| |   \ 
   | |   | _|  \__ \   | |     \__ \   | |    / _ \  |   /   | |   | _|  | |) |
   |_|   |___| |___/   |_|     |___/   |_|   /_/ \_\ |_|_\   |_|   |___| |___/ 

As user i have be able to success create post(createpost;as-user-i-have-be-able-to-success-create-post)
--------------------------------------------------------------------------------
18:02:03.106 [main] DEBUG net.thucydides.core.steps.StepInterceptor - STARTING STEP: CreatePostSteps.onTheMainPage - I am on the main page
I am on the main page
18:02:03.106 [main] DEBUG net.thucydides.core.steps.StepInterceptor - STEP DONE: I am on the main page
  &amp#27;[32mGiven &amp#27;[0m&amp#27;[32mI am on the main page&amp#27;[0m                             &amp#27;[90m# starter.stepdefinitions.CreatePostSteps.onTheMainPage()&amp#27;[0m
18:02:03.113 [main] DEBUG net.thucydides.core.steps.StepInterceptor - STARTING STEP: CreatePostSteps.clickAndEnterEmailAndPassword - I click and enter by post
I click and enter by post
18:02:03.114 [main] DEBUG net.thucydides.core.steps.StepInterceptor - STEP DONE: I click and enter by post
  &amp#27;[32mWhen &amp#27;[0m&amp#27;[32mI click and enter by post&amp#27;[0m                          &amp#27;[90m# starter.stepdefinitions.CreatePostSteps.clickAndEnterEmailAndPassword()&amp#27;[0m
18:02:03.119 [main] DEBUG net.thucydides.core.steps.StepInterceptor - STARTING STEP: CreatePostSteps.clickPostButton - I click post button
I click post button
18:02:03.119 [main] DEBUG net.thucydides.core.steps.StepInterceptor - STEP DONE: I click post button
  &amp#27;[32mAnd &amp#27;[0m&amp#27;[32mI click post button&amp#27;[0m                                 &amp#27;[90m# starter.stepdefinitions.CreatePostSteps.clickPostButton()&amp#27;[0m
18:02:03.124 [main] DEBUG net.thucydides.core.steps.StepInterceptor - STARTING STEP: CreatePostSteps.onTheHomPageWithNewPost - I am on the home page with new post success create
I am on the home page with new post success create
18:02:03.124 [main] DEBUG net.thucydides.core.steps.StepInterceptor - STEP DONE: I am on the home page with new post success create
  &amp#27;[32mThen &amp#27;[0m&amp#27;[32mI am on the home page with new post success create&amp#27;[0m &amp#27;[90m# starter.stepdefinitions.CreatePostSteps.onTheHomPageWithNewPost()&amp#27;[0m
18:02:03.128 [main] INFO  - 
  _____   ___   ___   _____     ___     _     ___   ___   ___   ___  
 |_   _| | __| / __| |_   _|   | _ \   /_\   / __| / __| | __| |   \ 
   | |   | _|  \__ \   | |     |  _/  / _ \  \__ \ \__ \ | _|  | |) |
   |_|   |___| |___/   |_|     |_|   /_/ \_\ |___/ |___/ |___| |___/ 

As user i have be able to success create post
----------------------------------------------------------------------
]]></system-out>
  </testcase>
  <testcase name="As user i have be able to success delete" classname="delete" time="0.077">
    <system-out><![CDATA[18:02:03.130 [main] DEBUG io.cucumber.core.plugin.SerenityReporter - Running feature from file:///C:/Users/WINDOWS%2011/IdeaProjects/BDD-Prioritas1/src/test/resources/features/delete.feature
18:02:03.136 [main] DEBUG net.thucydides.core.steps.StepEventBus - Test suite started for story net.thucydides.core.model.Story@4e4a6568
18:02:03.137 [main] INFO  - Test Suite Started: Delete

Scenario: As user i have be able to success delete                           &amp#27;[90m# src/test/resources/features/delete.feature:8&amp#27;[0m
18:02:03.147 [main] DEBUG io.cucumber.core.plugin.SerenityReporter - Running feature from file:///C:/Users/WINDOWS%2011/IdeaProjects/BDD-Prioritas1/src/test/resources/features/delete.feature
18:02:03.150 [main] INFO  - 
  _____   ___   ___   _____     ___   _____     _     ___   _____   ___   ___  
 |_   _| | __| / __| |_   _|   / __| |_   _|   /_\   | _ \ |_   _| | __| |   \ 
   | |   | _|  \__ \   | |     \__ \   | |    / _ \  |   /   | |   | _|  | |) |
   |_|   |___| |___/   |_|     |___/   |_|   /_/ \_\ |_|_\   |_|   |___| |___/ 

As user i have be able to success delete(delete;as-user-i-have-be-able-to-success-delete)
--------------------------------------------------------------------------------
18:02:03.182 [main] DEBUG net.thucydides.core.steps.StepInterceptor - STARTING STEP: DeleteSteps.onTheMyProfilePage - I am on the my profile page
I am on the my profile page
18:02:03.183 [main] DEBUG net.thucydides.core.steps.StepInterceptor - STEP DONE: I am on the my profile page
  &amp#27;[32mGiven &amp#27;[0m&amp#27;[32mI am on the my profile page&amp#27;[0m                                          &amp#27;[90m# starter.stepdefinitions.DeleteSteps.onTheMyProfilePage()&amp#27;[0m
18:02:03.188 [main] DEBUG net.thucydides.core.steps.StepInterceptor - STARTING STEP: DeleteSteps.clickMyAllActivities - I click my all activities
I click and enter by post
18:02:03.189 [main] DEBUG net.thucydides.core.steps.StepInterceptor - STEP DONE: I click my all activities
  &amp#27;[32mWhen &amp#27;[0m&amp#27;[32mI click my all activities&amp#27;[0m                                             &amp#27;[90m# starter.stepdefinitions.DeleteSteps.clickMyAllActivities()&amp#27;[0m
18:02:03.193 [main] DEBUG net.thucydides.core.steps.StepInterceptor - STARTING STEP: DeleteSteps.chooseThePost - I choose the post you want to delete
I choose the post you want to delete
18:02:03.194 [main] DEBUG net.thucydides.core.steps.StepInterceptor - STEP DONE: I choose the post you want to delete
  &amp#27;[32mAnd &amp#27;[0m&amp#27;[32mI choose the post you want to delete&amp#27;[0m                                   &amp#27;[90m# starter.stepdefinitions.DeleteSteps.chooseThePost()&amp#27;[0m
18:02:03.199 [main] DEBUG net.thucydides.core.steps.StepInterceptor - STARTING STEP: DeleteSteps.clickThreeDots - I click the three dots in the upper right corner of the activity area
I click the three dots in the upper right corner of the activity area
18:02:03.200 [main] DEBUG net.thucydides.core.steps.StepInterceptor - STEP DONE: I click the three dots in the upper right corner of the activity area
  &amp#27;[32mWhen &amp#27;[0m&amp#27;[32mI click the three dots in the upper right corner of the activity area&amp#27;[0m &amp#27;[90m# starter.stepdefinitions.DeleteSteps.clickThreeDots()&amp#27;[0m
18:02:03.206 [main] DEBUG net.thucydides.core.steps.StepInterceptor - STARTING STEP: DeleteSteps.clickDelete - click delete
click delete
18:02:03.206 [main] DEBUG net.thucydides.core.steps.StepInterceptor - STEP DONE: click delete
  &amp#27;[32mAnd &amp#27;[0m&amp#27;[32mclick delete&amp#27;[0m                                                           &amp#27;[90m# starter.stepdefinitions.DeleteSteps.clickDelete()&amp#27;[0m
18:02:03.210 [main] DEBUG net.thucydides.core.steps.StepInterceptor - STARTING STEP: DeleteSteps.onTheProfilePageWithSuccessDelete - I am on the profile page with notification post deleted successfully
I am on the profile page with notification post deleted successfully
18:02:03.211 [main] DEBUG net.thucydides.core.steps.StepInterceptor - STEP DONE: I am on the profile page with notification post deleted successfully
  &amp#27;[32mThen &amp#27;[0m&amp#27;[32mI am on the profile page with notification post deleted successfully&amp#27;[0m  &amp#27;[90m# starter.stepdefinitions.DeleteSteps.onTheProfilePageWithSuccessDelete()&amp#27;[0m
18:02:03.214 [main] INFO  - 
  _____   ___   ___   _____     ___     _     ___   ___   ___   ___  
 |_   _| | __| / __| |_   _|   | _ \   /_\   / __| / __| | __| |   \ 
   | |   | _|  \__ \   | |     |  _/  / _ \  \__ \ \__ \ | _|  | |) |
   |_|   |___| |___/   |_|     |_|   /_/ \_\ |___/ |___/ |___| |___/ 

As user i have be able to success delete
----------------------------------------------------------------------
]]></system-out>
  </testcase>
  <testcase name="As user i have be able to success edit profile" classname="editProfile" time="0.08">
    <system-out><![CDATA[18:02:03.216 [main] DEBUG io.cucumber.core.plugin.SerenityReporter - Running feature from file:///C:/Users/WINDOWS%2011/IdeaProjects/BDD-Prioritas1/src/test/resources/features/editProfile.feature
18:02:03.221 [main] DEBUG net.thucydides.core.steps.StepEventBus - Test suite started for story net.thucydides.core.model.Story@c597ffc8
18:02:03.222 [main] INFO  - Test Suite Started: Edit profile

Scenario: As user i have be able to success edit profile             &amp#27;[90m# src/test/resources/features/editProfile.feature:8&amp#27;[0m
18:02:03.230 [main] DEBUG io.cucumber.core.plugin.SerenityReporter - Running feature from file:///C:/Users/WINDOWS%2011/IdeaProjects/BDD-Prioritas1/src/test/resources/features/editProfile.feature
18:02:03.236 [main] INFO  - 
  _____   ___   ___   _____     ___   _____     _     ___   _____   ___   ___  
 |_   _| | __| / __| |_   _|   / __| |_   _|   /_\   | _ \ |_   _| | __| |   \ 
   | |   | _|  \__ \   | |     \__ \   | |    / _ \  |   /   | |   | _|  | |) |
   |_|   |___| |___/   |_|     |___/   |_|   /_/ \_\ |_|_\   |_|   |___| |___/ 

As user i have be able to success edit profile(editprofile;as-user-i-have-be-able-to-success-edit-profile)
--------------------------------------------------------------------------------
18:02:03.267 [main] DEBUG net.thucydides.core.steps.StepInterceptor - STARTING STEP: UpdateProfileSteps.onTheProfilePage - I am on the profile page
I am on the profile page
18:02:03.268 [main] DEBUG net.thucydides.core.steps.StepInterceptor - STEP DONE: I am on the profile page
  &amp#27;[32mGiven &amp#27;[0m&amp#27;[32mI am on the profile page&amp#27;[0m                                     &amp#27;[90m# starter.stepdefinitions.UpdateProfileSteps.onTheProfilePage()&amp#27;[0m
18:02:03.273 [main] DEBUG net.thucydides.core.steps.StepInterceptor - STARTING STEP: UpdateProfileSteps.clickEditButton - I click the edit button or pencil icon
I click the edit button or pencil icon
18:02:03.274 [main] DEBUG net.thucydides.core.steps.StepInterceptor - STEP DONE: I click the edit button or pencil icon
  &amp#27;[32mWhen &amp#27;[0m&amp#27;[32mI click the edit button or pencil icon&amp#27;[0m                        &amp#27;[90m# starter.stepdefinitions.UpdateProfileSteps.clickEditButton()&amp#27;[0m
18:02:03.279 [main] DEBUG net.thucydides.core.steps.StepInterceptor - STARTING STEP: UpdateProfileSteps.enterDataChanges - I enter data changes in the fields
I enter data changes in the fields
18:02:03.280 [main] DEBUG net.thucydides.core.steps.StepInterceptor - STEP DONE: I enter data changes in the fields
  &amp#27;[32mAnd &amp#27;[0m&amp#27;[32mI enter data changes in the fields&amp#27;[0m                             &amp#27;[90m# starter.stepdefinitions.UpdateProfileSteps.enterDataChanges()&amp#27;[0m
18:02:03.285 [main] DEBUG net.thucydides.core.steps.StepInterceptor - STARTING STEP: UpdateProfileSteps.clickSave - I click save
I click save
18:02:03.285 [main] DEBUG net.thucydides.core.steps.StepInterceptor - STEP DONE: I click save
  &amp#27;[32mWhen &amp#27;[0m&amp#27;[32mI click save&amp#27;[0m                                                  &amp#27;[90m# starter.stepdefinitions.UpdateProfileSteps.clickSave()&amp#27;[0m
18:02:03.297 [main] DEBUG net.thucydides.core.steps.StepInterceptor - STARTING STEP: UpdateProfileSteps.onTheProfileUpdatedPage - I am on the profile page with notification saved successfully
I am on the profile page with notification saved successfully
18:02:03.297 [main] DEBUG net.thucydides.core.steps.StepInterceptor - STEP DONE: I am on the profile page with notification saved successfully
  &amp#27;[32mThen &amp#27;[0m&amp#27;[32mI am on the profile page with notification saved successfully&amp#27;[0m &amp#27;[90m# starter.stepdefinitions.UpdateProfileSteps.onTheProfileUpdatedPage()&amp#27;[0m
18:02:03.301 [main] INFO  - 
  _____   ___   ___   _____     ___     _     ___   ___   ___   ___  
 |_   _| | __| / __| |_   _|   | _ \   /_\   / __| / __| | __| |   \ 
   | |   | _|  \__ \   | |     |  _/  / _ \  \__ \ \__ \ | _|  | |) |
   |_|   |___| |___/   |_|     |_|   /_/ \_\ |___/ |___/ |___| |___/ 

As user i have be able to success edit profile
----------------------------------------------------------------------
]]></system-out>
  </testcase>
  <testcase name="As user i have be able to success read my connection" classname="readMyConnection" time="0.059">
    <system-out><![CDATA[18:02:03.304 [main] DEBUG io.cucumber.core.plugin.SerenityReporter - Running feature from file:///C:/Users/WINDOWS%2011/IdeaProjects/BDD-Prioritas1/src/test/resources/features/readMyConnection.feature
18:02:03.310 [main] DEBUG net.thucydides.core.steps.StepEventBus - Test suite started for story net.thucydides.core.model.Story@fa031f48
18:02:03.311 [main] INFO  - Test Suite Started: Read my connection

Scenario: As user i have be able to success read my connection &amp#27;[90m# src/test/resources/features/readMyConnection.feature:8&amp#27;[0m
18:02:03.320 [main] DEBUG io.cucumber.core.plugin.SerenityReporter - Running feature from file:///C:/Users/WINDOWS%2011/IdeaProjects/BDD-Prioritas1/src/test/resources/features/readMyConnection.feature
18:02:03.322 [main] INFO  - 
  _____   ___   ___   _____     ___   _____     _     ___   _____   ___   ___  
 |_   _| | __| / __| |_   _|   / __| |_   _|   /_\   | _ \ |_   _| | __| |   \ 
   | |   | _|  \__ \   | |     \__ \   | |    / _ \  |   /   | |   | _|  | |) |
   |_|   |___| |___/   |_|     |___/   |_|   /_/ \_\ |_|_\   |_|   |___| |___/ 

As user i have be able to success read my connection(readmyconnection;as-user-i-have-be-able-to-success-read-my-connection)
--------------------------------------------------------------------------------
18:02:03.349 [main] DEBUG net.thucydides.core.steps.StepInterceptor - STARTING STEP: ReadMyConnectionSteps.onTheHome - I am on the home
I am on the home
18:02:03.349 [main] DEBUG net.thucydides.core.steps.StepInterceptor - STEP DONE: I am on the home
  &amp#27;[32mGiven &amp#27;[0m&amp#27;[32mI am on the home&amp#27;[0m                                       &amp#27;[90m# starter.stepdefinitions.ReadMyConnectionSteps.onTheHome()&amp#27;[0m
18:02:03.355 [main] DEBUG net.thucydides.core.steps.StepInterceptor - STARTING STEP: ReadMyConnectionSteps.clickMyNetworkFeature - I click my network feature
I click my network feature
18:02:03.356 [main] DEBUG net.thucydides.core.steps.StepInterceptor - STEP DONE: I click my network feature
  &amp#27;[32mWhen &amp#27;[0m&amp#27;[32mI click my network feature&amp#27;[0m                              &amp#27;[90m# starter.stepdefinitions.ReadMyConnectionSteps.clickMyNetworkFeature()&amp#27;[0m
18:02:03.362 [main] DEBUG net.thucydides.core.steps.StepInterceptor - STARTING STEP: ReadMyConnectionSteps.clickConnectionMenu - I click the connection menu
I click the connection menu
18:02:03.362 [main] DEBUG net.thucydides.core.steps.StepInterceptor - STEP DONE: I click the connection menu
  &amp#27;[32mAnd &amp#27;[0m&amp#27;[32mI click the connection menu&amp#27;[0m                              &amp#27;[90m# starter.stepdefinitions.ReadMyConnectionSteps.clickConnectionMenu()&amp#27;[0m
18:02:03.366 [main] DEBUG net.thucydides.core.steps.StepInterceptor - STARTING STEP: ReadMyConnectionSteps.onTheConnectionPage - I am on the connection page
I am on the connection page
18:02:03.367 [main] DEBUG net.thucydides.core.steps.StepInterceptor - STEP DONE: I am on the connection page
  &amp#27;[32mThen &amp#27;[0m&amp#27;[32mI am on the connection page&amp#27;[0m                             &amp#27;[90m# starter.stepdefinitions.ReadMyConnectionSteps.onTheConnectionPage()&amp#27;[0m
18:02:03.370 [main] INFO  - 
  _____   ___   ___   _____     ___     _     ___   ___   ___   ___  
 |_   _| | __| / __| |_   _|   | _ \   /_\   / __| / __| | __| |   \ 
   | |   | _|  \__ \   | |     |  _/  / _ \  \__ \ \__ \ | _|  | |) |
   |_|   |___| |___/   |_|     |_|   /_/ \_\ |___/ |___/ |___| |___/ 

As user i have be able to success read my connection
----------------------------------------------------------------------
]]></system-out>
  </testcase>
  <testcase name="As user i have be able to success register" classname="register" time="0.073">
    <system-out><![CDATA[18:02:03.372 [main] DEBUG io.cucumber.core.plugin.SerenityReporter - Running feature from file:///C:/Users/WINDOWS%2011/IdeaProjects/BDD-Prioritas1/src/test/resources/features/register.feature
18:02:03.375 [main] DEBUG net.thucydides.core.steps.StepEventBus - Test suite started for story net.thucydides.core.model.Story@63230c68
18:02:03.376 [main] INFO  - Test Suite Started: Register

Scenario: As user i have be able to success register                &amp#27;[90m# src/test/resources/features/register.feature:8&amp#27;[0m
18:02:03.384 [main] DEBUG io.cucumber.core.plugin.SerenityReporter - Running feature from file:///C:/Users/WINDOWS%2011/IdeaProjects/BDD-Prioritas1/src/test/resources/features/register.feature
18:02:03.387 [main] INFO  - 
  _____   ___   ___   _____     ___   _____     _     ___   _____   ___   ___  
 |_   _| | __| / __| |_   _|   / __| |_   _|   /_\   | _ \ |_   _| | __| |   \ 
   | |   | _|  \__ \   | |     \__ \   | |    / _ \  |   /   | |   | _|  | |) |
   |_|   |___| |___/   |_|     |___/   |_|   /_/ \_\ |_|_\   |_|   |___| |___/ 

As user i have be able to success register(register;as-user-i-have-be-able-to-success-register)
--------------------------------------------------------------------------------
18:02:03.414 [main] DEBUG net.thucydides.core.steps.StepInterceptor - STARTING STEP: RegisterSteps.onTheRegisterPage - I am on the register page
I am on the register page
18:02:03.414 [main] DEBUG net.thucydides.core.steps.StepInterceptor - STEP DONE: I am on the register page
  &amp#27;[32mGiven &amp#27;[0m&amp#27;[32mI am on the register page&amp#27;[0m                                   &amp#27;[90m# starter.stepdefinitions.RegisterSteps.onTheRegisterPage()&amp#27;[0m
18:02:03.421 [main] DEBUG net.thucydides.core.steps.StepInterceptor - STARTING STEP: RegisterSteps.enterNameEmailAndPassword - I enter by valid first name, last name, email and password
I enter by valid first name, last name, email and password
18:02:03.421 [main] DEBUG net.thucydides.core.steps.StepInterceptor - STEP DONE: I enter by valid first name, last name, email and password
  &amp#27;[32mWhen &amp#27;[0m&amp#27;[32mI enter by valid first name, last name, email and password&amp#27;[0m   &amp#27;[90m# starter.stepdefinitions.RegisterSteps.enterNameEmailAndPassword()&amp#27;[0m
18:02:03.425 [main] DEBUG net.thucydides.core.steps.StepInterceptor - STARTING STEP: RegisterSteps.clickJoinNowButton - I click join now button
I click join now button
18:02:03.426 [main] DEBUG net.thucydides.core.steps.StepInterceptor - STEP DONE: I click join now button
  &amp#27;[32mAnd &amp#27;[0m&amp#27;[32mI click join now button&amp#27;[0m                                       &amp#27;[90m# starter.stepdefinitions.RegisterSteps.clickJoinNowButton()&amp#27;[0m
18:02:03.430 [main] DEBUG net.thucydides.core.steps.StepInterceptor - STARTING STEP: RegisterSteps.onTheHomeProfessionalProfile - I am on the home professional profile
I am on the home professional profile
18:02:03.430 [main] DEBUG net.thucydides.core.steps.StepInterceptor - STEP DONE: I am on the home professional profile
  &amp#27;[32mThen &amp#27;[0m&amp#27;[32mI am on the home professional profile&amp#27;[0m                        &amp#27;[90m# starter.stepdefinitions.RegisterSteps.onTheHomeProfessionalProfile()&amp#27;[0m
18:02:03.434 [main] DEBUG net.thucydides.core.steps.StepInterceptor - STARTING STEP: RegisterSteps.enterCountryCurrentlyJobTittleAndCompany - I enter by valid country, currently, job tittle, and company
I enter by valid country, currently, job tittle, and company
18:02:03.434 [main] DEBUG net.thucydides.core.steps.StepInterceptor - STEP DONE: I enter by valid country, currently, job tittle, and company
  &amp#27;[32mWhen &amp#27;[0m&amp#27;[32mI enter by valid country, currently, job tittle, and company&amp#27;[0m &amp#27;[90m# starter.stepdefinitions.RegisterSteps.enterCountryCurrentlyJobTittleAndCompany()&amp#27;[0m
18:02:03.438 [main] DEBUG net.thucydides.core.steps.StepInterceptor - STARTING STEP: RegisterSteps.clickCreateMyProfileButton - I click create my profile
I click create my profile
18:02:03.438 [main] DEBUG net.thucydides.core.steps.StepInterceptor - STEP DONE: I click create my profile
  &amp#27;[32mAnd &amp#27;[0m&amp#27;[32mI click create my profile&amp#27;[0m                                     &amp#27;[90m# starter.stepdefinitions.RegisterSteps.clickCreateMyProfileButton()&amp#27;[0m
18:02:03.442 [main] DEBUG net.thucydides.core.steps.StepInterceptor - STARTING STEP: RegisterSteps.confirmEmailAddress - I am confirm email address
I am confirm email address
18:02:03.442 [main] DEBUG net.thucydides.core.steps.StepInterceptor - STEP DONE: I am confirm email address
  &amp#27;[32mWhen &amp#27;[0m&amp#27;[32mI am confirm email address&amp#27;[0m                                   &amp#27;[90m# starter.stepdefinitions.RegisterSteps.confirmEmailAddress()&amp#27;[0m
18:02:03.446 [main] DEBUG net.thucydides.core.steps.StepInterceptor - STARTING STEP: RegisterSteps.onTheLoginHomePage - I am on the login home page
I am on the login home page
18:02:03.446 [main] DEBUG net.thucydides.core.steps.StepInterceptor - STEP DONE: I am on the login home page
  &amp#27;[32mThen &amp#27;[0m&amp#27;[32mI am on the login home page&amp#27;[0m                                  &amp#27;[90m# starter.stepdefinitions.RegisterSteps.onTheLoginHomePage()&amp#27;[0m
18:02:03.448 [main] INFO  - 
  _____   ___   ___   _____     ___     _     ___   ___   ___   ___  
 |_   _| | __| / __| |_   _|   | _ \   /_\   / __| / __| | __| |   \ 
   | |   | _|  \__ \   | |     |  _/  / _ \  \__ \ \__ \ | _|  | |) |
   |_|   |___| |___/   |_|     |_|   /_/ \_\ |___/ |___/ |___| |___/ 

As user i have be able to success register
----------------------------------------------------------------------
]]></system-out>
  </testcase>
</testsuite>